[rosmaster.main][INFO] 2026-06-24 16:24:44,284: initialization complete, waiting for shutdown
[rosmaster.main][INFO] 2026-06-24 16:24:44,284: Starting ROS Master Node
[xmlrpc][INFO] 2026-06-24 16:24:44,284: XML-RPC server binding to 127.0.0.1:11311
[xmlrpc][INFO] 2026-06-24 16:24:44,285: Started XML-RPC server [http://localhost:11311/]
[xmlrpc][INFO] 2026-06-24 16:24:44,285: xml rpc node: starting XML-RPC server
[rosmaster.master][INFO] 2026-06-24 16:24:44,285: Master initialized: port[11311], uri[http://localhost:11311/]
[rosmaster.master][INFO] 2026-06-24 16:24:44,350: +PARAM [/run_id] by /roslaunch
[rosmaster.master][INFO] 2026-06-24 16:24:44,351: +PARAM [/roslaunch/uris/host_localhost__34275] by /roslaunch
[rosmaster.master][INFO] 2026-06-24 16:24:44,376: +PARAM [/rosversion] by /roslaunch
[rosmaster.master][INFO] 2026-06-24 16:24:44,376: +PARAM [/rosdistro] by /roslaunch
[rosmaster.master][INFO] 2026-06-24 16:24:44,422: +SERVICE [/rosout/get_loggers] /rosout http://localhost:40239/
[rosmaster.master][INFO] 2026-06-24 16:24:44,422: +SERVICE [/rosout/set_logger_level] /rosout http://localhost:40239/
[rosmaster.master][INFO] 2026-06-24 16:24:44,422: +PUB [/rosout_agg] /rosout http://localhost:40239/
[rosmaster.master][INFO] 2026-06-24 16:24:44,424: +SUB [/rosout] /rosout http://localhost:40239/
[rosmaster.master][INFO] 2026-06-24 16:24:50,879: +PARAM [/roslaunch/uris/host_localhost__39643] by /roslaunch
[rosmaster.master][INFO] 2026-06-24 16:24:50,884: +PARAM [/rosversion] by /roslaunch
[rosmaster.master][INFO] 2026-06-24 16:24:50,884: +PARAM [/rosdistro] by /roslaunch
[rosmaster.master][INFO] 2026-06-24 16:24:50,884: +PARAM [/mavros/plugin_blacklist] by /roslaunch
[rosmaster.master][INFO] 2026-06-24 16:24:50,884: +PARAM [/mavros/plugin_whitelist] by /roslaunch
[rosmaster.master][INFO] 2026-06-24 16:24:50,884: +PARAM [/mavros/startup_px4_usb_quirk] by /roslaunch
[rosmaster.master][INFO] 2026-06-24 16:24:50,884: +PARAM [/mavros/conn/heartbeat_rate] by /roslaunch
[rosmaster.master][INFO] 2026-06-24 16:24:50,884: +PARAM [/mavros/conn/heartbeat_mav_type] by /roslaunch
[rosmaster.master][INFO] 2026-06-24 16:24:50,884: +PARAM [/mavros/conn/timeout] by /roslaunch
[rosmaster.master][INFO] 2026-06-24 16:24:50,884: +PARAM [/mavros/conn/timesync_rate] by /roslaunch
[rosmaster.master][INFO] 2026-06-24 16:24:50,884: +PARAM [/mavros/conn/system_time_rate] by /roslaunch
[rosmaster.master][INFO] 2026-06-24 16:24:50,884: +PARAM [/mavros/sys/min_voltage] by /roslaunch
[rosmaster.master][INFO] 2026-06-24 16:24:50,884: +PARAM [/mavros/sys/disable_diag] by /roslaunch
[rosmaster.master][INFO] 2026-06-24 16:24:50,884: +PARAM [/mavros/time/time_ref_source] by /roslaunch
[rosmaster.master][INFO] 2026-06-24 16:24:50,884: +PARAM [/mavros/time/timesync_mode] by /roslaunch
[rosmaster.master][INFO] 2026-06-24 16:24:50,885: +PARAM [/mavros/time/timesync_avg_alpha] by /roslaunch
[rosmaster.master][INFO] 2026-06-24 16:24:50,885: +PARAM [/mavros/tdr_radio/low_rssi] by /roslaunch
[rosmaster.master][INFO] 2026-06-24 16:24:50,885: +PARAM [/mavros/cmd/use_comp_id_system_control] by /roslaunch
[rosmaster.master][INFO] 2026-06-24 16:24:50,885: +PARAM [/mavros/global_position/frame_id] by /roslaunch
[rosmaster.master][INFO] 2026-06-24 16:24:50,885: +PARAM [/mavros/global_position/child_frame_id] by /roslaunch
[rosmaster.master][INFO] 2026-06-24 16:24:50,885: +PARAM [/mavros/global_position/rot_covariance] by /roslaunch
[rosmaster.master][INFO] 2026-06-24 16:24:50,885: +PARAM [/mavros/global_position/gps_uere] by /roslaunch
[rosmaster.master][INFO] 2026-06-24 16:24:50,885: +PARAM [/mavros/global_position/use_relative_alt] by /roslaunch
[rosmaster.master][INFO] 2026-06-24 16:24:50,885: +PARAM [/mavros/global_position/tf/send] by /roslaunch
[rosmaster.master][INFO] 2026-06-24 16:24:50,885: +PARAM [/mavros/global_position/tf/frame_id] by /roslaunch
[rosmaster.master][INFO] 2026-06-24 16:24:50,885: +PARAM [/mavros/global_position/tf/global_frame_id] by /roslaunch
[rosmaster.master][INFO] 2026-06-24 16:24:50,885: +PARAM [/mavros/global_position/tf/child_frame_id] by /roslaunch
[rosmaster.master][INFO] 2026-06-24 16:24:50,885: +PARAM [/mavros/imu/frame_id] by /roslaunch
[rosmaster.master][INFO] 2026-06-24 16:24:50,885: +PARAM [/mavros/imu/linear_acceleration_stdev] by /roslaunch
[rosmaster.master][INFO] 2026-06-24 16:24:50,885: +PARAM [/mavros/imu/angular_velocity_stdev] by /roslaunch
[rosmaster.master][INFO] 2026-06-24 16:24:50,885: +PARAM [/mavros/imu/orientation_stdev] by /roslaunch
[rosmaster.master][INFO] 2026-06-24 16:24:50,885: +PARAM [/mavros/imu/magnetic_stdev] by /roslaunch
[rosmaster.master][INFO] 2026-06-24 16:24:50,885: +PARAM [/mavros/local_position/frame_id] by /roslaunch
[rosmaster.master][INFO] 2026-06-24 16:24:50,886: +PARAM [/mavros/local_position/tf/send] by /roslaunch
[rosmaster.master][INFO] 2026-06-24 16:24:50,886: +PARAM [/mavros/local_position/tf/frame_id] by /roslaunch
[rosmaster.master][INFO] 2026-06-24 16:24:50,886: +PARAM [/mavros/local_position/tf/child_frame_id] by /roslaunch
[rosmaster.master][INFO] 2026-06-24 16:24:50,886: +PARAM [/mavros/local_position/tf/send_fcu] by /roslaunch
[rosmaster.master][INFO] 2026-06-24 16:24:50,886: +PARAM [/mavros/safety_area/p1/x] by /roslaunch
[rosmaster.master][INFO] 2026-06-24 16:24:50,886: +PARAM [/mavros/safety_area/p1/y] by /roslaunch
[rosmaster.master][INFO] 2026-06-24 16:24:50,886: +PARAM [/mavros/safety_area/p1/z] by /roslaunch
[rosmaster.master][INFO] 2026-06-24 16:24:50,886: +PARAM [/mavros/safety_area/p2/x] by /roslaunch
[rosmaster.master][INFO] 2026-06-24 16:24:50,886: +PARAM [/mavros/safety_area/p2/y] by /roslaunch
[rosmaster.master][INFO] 2026-06-24 16:24:50,886: +PARAM [/mavros/safety_area/p2/z] by /roslaunch
[rosmaster.master][INFO] 2026-06-24 16:24:50,886: +PARAM [/mavros/setpoint_accel/send_force] by /roslaunch
[rosmaster.master][INFO] 2026-06-24 16:24:50,886: +PARAM [/mavros/setpoint_attitude/reverse_thrust] by /roslaunch
[rosmaster.master][INFO] 2026-06-24 16:24:50,886: +PARAM [/mavros/setpoint_attitude/use_quaternion] by /roslaunch
[rosmaster.master][INFO] 2026-06-24 16:24:50,886: +PARAM [/mavros/setpoint_attitude/tf/listen] by /roslaunch
[rosmaster.master][INFO] 2026-06-24 16:24:50,886: +PARAM [/mavros/setpoint_attitude/tf/frame_id] by /roslaunch
[rosmaster.master][INFO] 2026-06-24 16:24:50,886: +PARAM [/mavros/setpoint_attitude/tf/child_frame_id] by /roslaunch
[rosmaster.master][INFO] 2026-06-24 16:24:50,886: +PARAM [/mavros/setpoint_attitude/tf/rate_limit] by /roslaunch
[rosmaster.master][INFO] 2026-06-24 16:24:50,886: +PARAM [/mavros/setpoint_raw/thrust_scaling] by /roslaunch
[rosmaster.master][INFO] 2026-06-24 16:24:50,886: +PARAM [/mavros/setpoint_position/tf/listen] by /roslaunch
[rosmaster.master][INFO] 2026-06-24 16:24:50,886: +PARAM [/mavros/setpoint_position/tf/frame_id] by /roslaunch
[rosmaster.master][INFO] 2026-06-24 16:24:50,886: +PARAM [/mavros/setpoint_position/tf/child_frame_id] by /roslaunch
[rosmaster.master][INFO] 2026-06-24 16:24:50,886: +PARAM [/mavros/setpoint_position/tf/rate_limit] by /roslaunch
[rosmaster.master][INFO] 2026-06-24 16:24:50,886: +PARAM [/mavros/setpoint_position/mav_frame] by /roslaunch
[rosmaster.master][INFO] 2026-06-24 16:24:50,886: +PARAM [/mavros/guided_target/tf/listen] by /roslaunch
[rosmaster.master][INFO] 2026-06-24 16:24:50,886: +PARAM [/mavros/guided_target/tf/frame_id] by /roslaunch
[rosmaster.master][INFO] 2026-06-24 16:24:50,886: +PARAM [/mavros/guided_target/tf/child_frame_id] by /roslaunch
[rosmaster.master][INFO] 2026-06-24 16:24:50,886: +PARAM [/mavros/guided_target/tf/rate_limit] by /roslaunch
[rosmaster.master][INFO] 2026-06-24 16:24:50,886: +PARAM [/mavros/setpoint_velocity/mav_frame] by /roslaunch
[rosmaster.master][INFO] 2026-06-24 16:24:50,886: +PARAM [/mavros/mission/pull_after_gcs] by /roslaunch
[rosmaster.master][INFO] 2026-06-24 16:24:50,886: +PARAM [/mavros/mission/use_mission_item_int] by /roslaunch
[rosmaster.master][INFO] 2026-06-24 16:24:50,886: +PARAM [/mavros/distance_sensor/rangefinder_pub/id] by /roslaunch
[rosmaster.master][INFO] 2026-06-24 16:24:50,886: +PARAM [/mavros/distance_sensor/rangefinder_pub/frame_id] by /roslaunch
[rosmaster.master][INFO] 2026-06-24 16:24:50,886: +PARAM [/mavros/distance_sensor/rangefinder_pub/field_of_view] by /roslaunch
[rosmaster.master][INFO] 2026-06-24 16:24:50,886: +PARAM [/mavros/distance_sensor/rangefinder_pub/send_tf] by /roslaunch
[rosmaster.master][INFO] 2026-06-24 16:24:50,886: +PARAM [/mavros/distance_sensor/rangefinder_pub/sensor_position/x] by /roslaunch
[rosmaster.master][INFO] 2026-06-24 16:24:50,886: +PARAM [/mavros/distance_sensor/rangefinder_pub/sensor_position/y] by /roslaunch
[rosmaster.master][INFO] 2026-06-24 16:24:50,886: +PARAM [/mavros/distance_sensor/rangefinder_pub/sensor_position/z] by /roslaunch
[rosmaster.master][INFO] 2026-06-24 16:24:50,886: +PARAM [/mavros/distance_sensor/rangefinder_sub/subscriber] by /roslaunch
[rosmaster.master][INFO] 2026-06-24 16:24:50,886: +PARAM [/mavros/distance_sensor/rangefinder_sub/id] by /roslaunch
[rosmaster.master][INFO] 2026-06-24 16:24:50,886: +PARAM [/mavros/distance_sensor/rangefinder_sub/orientation] by /roslaunch
[rosmaster.master][INFO] 2026-06-24 16:24:50,886: +PARAM [/mavros/image/frame_id] by /roslaunch
[rosmaster.master][INFO] 2026-06-24 16:24:50,886: +PARAM [/mavros/fake_gps/use_mocap] by /roslaunch
[rosmaster.master][INFO] 2026-06-24 16:24:50,886: +PARAM [/mavros/fake_gps/mocap_transform] by /roslaunch
[rosmaster.master][INFO] 2026-06-24 16:24:50,886: +PARAM [/mavros/fake_gps/mocap_withcovariance] by /roslaunch
[rosmaster.master][INFO] 2026-06-24 16:24:50,886: +PARAM [/mavros/fake_gps/use_vision] by /roslaunch
[rosmaster.master][INFO] 2026-06-24 16:24:50,886: +PARAM [/mavros/fake_gps/use_hil_gps] by /roslaunch
[rosmaster.master][INFO] 2026-06-24 16:24:50,887: +PARAM [/mavros/fake_gps/gps_id] by /roslaunch
[rosmaster.master][INFO] 2026-06-24 16:24:50,887: +PARAM [/mavros/fake_gps/geo_origin/lat] by /roslaunch
[rosmaster.master][INFO] 2026-06-24 16:24:50,887: +PARAM [/mavros/fake_gps/geo_origin/lon] by /roslaunch
[rosmaster.master][INFO] 2026-06-24 16:24:50,887: +PARAM [/mavros/fake_gps/geo_origin/alt] by /roslaunch
[rosmaster.master][INFO] 2026-06-24 16:24:50,887: +PARAM [/mavros/fake_gps/eph] by /roslaunch
[rosmaster.master][INFO] 2026-06-24 16:24:50,887: +PARAM [/mavros/fake_gps/epv] by /roslaunch
[rosmaster.master][INFO] 2026-06-24 16:24:50,887: +PARAM [/mavros/fake_gps/horiz_accuracy] by /roslaunch
[rosmaster.master][INFO] 2026-06-24 16:24:50,887: +PARAM [/mavros/fake_gps/vert_accuracy] by /roslaunch
[rosmaster.master][INFO] 2026-06-24 16:24:50,887: +PARAM [/mavros/fake_gps/speed_accuracy] by /roslaunch
[rosmaster.master][INFO] 2026-06-24 16:24:50,887: +PARAM [/mavros/fake_gps/satellites_visible] by /roslaunch
[rosmaster.master][INFO] 2026-06-24 16:24:50,887: +PARAM [/mavros/fake_gps/fix_type] by /roslaunch
[rosmaster.master][INFO] 2026-06-24 16:24:50,887: +PARAM [/mavros/fake_gps/tf/listen] by /roslaunch
[rosmaster.master][INFO] 2026-06-24 16:24:50,887: +PARAM [/mavros/fake_gps/tf/send] by /roslaunch
[rosmaster.master][INFO] 2026-06-24 16:24:50,887: +PARAM [/mavros/fake_gps/tf/frame_id] by /roslaunch
[rosmaster.master][INFO] 2026-06-24 16:24:50,887: +PARAM [/mavros/fake_gps/tf/child_frame_id] by /roslaunch
[rosmaster.master][INFO] 2026-06-24 16:24:50,887: +PARAM [/mavros/fake_gps/tf/rate_limit] by /roslaunch
[rosmaster.master][INFO] 2026-06-24 16:24:50,887: +PARAM [/mavros/fake_gps/gps_rate] by /roslaunch
[rosmaster.master][INFO] 2026-06-24 16:24:50,887: +PARAM [/mavros/landing_target/listen_lt] by /roslaunch
[rosmaster.master][INFO] 2026-06-24 16:24:50,887: +PARAM [/mavros/landing_target/mav_frame] by /roslaunch
[rosmaster.master][INFO] 2026-06-24 16:24:50,887: +PARAM [/mavros/landing_target/land_target_type] by /roslaunch
[rosmaster.master][INFO] 2026-06-24 16:24:50,887: +PARAM [/mavros/landing_target/image/width] by /roslaunch
[rosmaster.master][INFO] 2026-06-24 16:24:50,887: +PARAM [/mavros/landing_target/image/height] by /roslaunch
[rosmaster.master][INFO] 2026-06-24 16:24:50,887: +PARAM [/mavros/landing_target/camera/fov_x] by /roslaunch
[rosmaster.master][INFO] 2026-06-24 16:24:50,887: +PARAM [/mavros/landing_target/camera/fov_y] by /roslaunch
[rosmaster.master][INFO] 2026-06-24 16:24:50,887: +PARAM [/mavros/landing_target/tf/send] by /roslaunch
[rosmaster.master][INFO] 2026-06-24 16:24:50,887: +PARAM [/mavros/landing_target/tf/listen] by /roslaunch
[rosmaster.master][INFO] 2026-06-24 16:24:50,887: +PARAM [/mavros/landing_target/tf/frame_id] by /roslaunch
[rosmaster.master][INFO] 2026-06-24 16:24:50,887: +PARAM [/mavros/landing_target/tf/child_frame_id] by /roslaunch
[rosmaster.master][INFO] 2026-06-24 16:24:50,887: +PARAM [/mavros/landing_target/tf/rate_limit] by /roslaunch
[rosmaster.master][INFO] 2026-06-24 16:24:50,887: +PARAM [/mavros/landing_target/target_size/x] by /roslaunch
[rosmaster.master][INFO] 2026-06-24 16:24:50,887: +PARAM [/mavros/landing_target/target_size/y] by /roslaunch
[rosmaster.master][INFO] 2026-06-24 16:24:50,887: +PARAM [/mavros/mocap/use_tf] by /roslaunch
[rosmaster.master][INFO] 2026-06-24 16:24:50,887: +PARAM [/mavros/mocap/use_pose] by /roslaunch
[rosmaster.master][INFO] 2026-06-24 16:24:50,887: +PARAM [/mavros/mount/debounce_s] by /roslaunch
[rosmaster.master][INFO] 2026-06-24 16:24:50,887: +PARAM [/mavros/mount/err_threshold_deg] by /roslaunch
[rosmaster.master][INFO] 2026-06-24 16:24:50,887: +PARAM [/mavros/mount/negate_measured_roll] by /roslaunch
[rosmaster.master][INFO] 2026-06-24 16:24:50,887: +PARAM [/mavros/mount/negate_measured_pitch] by /roslaunch
[rosmaster.master][INFO] 2026-06-24 16:24:50,887: +PARAM [/mavros/mount/negate_measured_yaw] by /roslaunch
[rosmaster.master][INFO] 2026-06-24 16:24:50,887: +PARAM [/mavros/odometry/frame_tf/desired_frame] by /roslaunch
[rosmaster.master][INFO] 2026-06-24 16:24:50,887: +PARAM [/mavros/odometry/estimator_type] by /roslaunch
[rosmaster.master][INFO] 2026-06-24 16:24:50,887: +PARAM [/mavros/px4flow/frame_id] by /roslaunch
[rosmaster.master][INFO] 2026-06-24 16:24:50,887: +PARAM [/mavros/px4flow/ranger_fov] by /roslaunch
[rosmaster.master][INFO] 2026-06-24 16:24:50,887: +PARAM [/mavros/px4flow/ranger_min_range] by /roslaunch
[rosmaster.master][INFO] 2026-06-24 16:24:50,887: +PARAM [/mavros/px4flow/ranger_max_range] by /roslaunch
[rosmaster.master][INFO] 2026-06-24 16:24:50,887: +PARAM [/mavros/vision_pose/tf/listen] by /roslaunch
[rosmaster.master][INFO] 2026-06-24 16:24:50,887: +PARAM [/mavros/vision_pose/tf/frame_id] by /roslaunch
[rosmaster.master][INFO] 2026-06-24 16:24:50,887: +PARAM [/mavros/vision_pose/tf/child_frame_id] by /roslaunch
[rosmaster.master][INFO] 2026-06-24 16:24:50,887: +PARAM [/mavros/vision_pose/tf/rate_limit] by /roslaunch
[rosmaster.master][INFO] 2026-06-24 16:24:50,888: +PARAM [/mavros/vision_speed/listen_twist] by /roslaunch
[rosmaster.master][INFO] 2026-06-24 16:24:50,888: +PARAM [/mavros/vision_speed/twist_cov] by /roslaunch
[rosmaster.master][INFO] 2026-06-24 16:24:50,888: +PARAM [/mavros/vibration/frame_id] by /roslaunch
[rosmaster.master][INFO] 2026-06-24 16:24:50,888: +PARAM [/mavros/wheel_odometry/count] by /roslaunch
[rosmaster.master][INFO] 2026-06-24 16:24:50,888: +PARAM [/mavros/wheel_odometry/use_rpm] by /roslaunch
[rosmaster.master][INFO] 2026-06-24 16:24:50,888: +PARAM [/mavros/wheel_odometry/wheel0/x] by /roslaunch
[rosmaster.master][INFO] 2026-06-24 16:24:50,888: +PARAM [/mavros/wheel_odometry/wheel0/y] by /roslaunch
[rosmaster.master][INFO] 2026-06-24 16:24:50,888: +PARAM [/mavros/wheel_odometry/wheel0/radius] by /roslaunch
[rosmaster.master][INFO] 2026-06-24 16:24:50,888: +PARAM [/mavros/wheel_odometry/wheel1/x] by /roslaunch
[rosmaster.master][INFO] 2026-06-24 16:24:50,888: +PARAM [/mavros/wheel_odometry/wheel1/y] by /roslaunch
[rosmaster.master][INFO] 2026-06-24 16:24:50,888: +PARAM [/mavros/wheel_odometry/wheel1/radius] by /roslaunch
[rosmaster.master][INFO] 2026-06-24 16:24:50,888: +PARAM [/mavros/wheel_odometry/send_raw] by /roslaunch
[rosmaster.master][INFO] 2026-06-24 16:24:50,888: +PARAM [/mavros/wheel_odometry/send_twist] by /roslaunch
[rosmaster.master][INFO] 2026-06-24 16:24:50,888: +PARAM [/mavros/wheel_odometry/frame_id] by /roslaunch
[rosmaster.master][INFO] 2026-06-24 16:24:50,888: +PARAM [/mavros/wheel_odometry/child_frame_id] by /roslaunch
[rosmaster.master][INFO] 2026-06-24 16:24:50,888: +PARAM [/mavros/wheel_odometry/vel_error] by /roslaunch
[rosmaster.master][INFO] 2026-06-24 16:24:50,888: +PARAM [/mavros/wheel_odometry/tf/send] by /roslaunch
[rosmaster.master][INFO] 2026-06-24 16:24:50,888: +PARAM [/mavros/wheel_odometry/tf/frame_id] by /roslaunch
[rosmaster.master][INFO] 2026-06-24 16:24:50,888: +PARAM [/mavros/wheel_odometry/tf/child_frame_id] by /roslaunch
[rosmaster.master][INFO] 2026-06-24 16:24:50,888: +PARAM [/mavros/fcu_url] by /roslaunch
[rosmaster.master][INFO] 2026-06-24 16:24:50,888: +PARAM [/mavros/gcs_url] by /roslaunch
[rosmaster.master][INFO] 2026-06-24 16:24:50,888: +PARAM [/mavros/target_system_id] by /roslaunch
[rosmaster.master][INFO] 2026-06-24 16:24:50,888: +PARAM [/mavros/target_component_id] by /roslaunch
[rosmaster.master][INFO] 2026-06-24 16:24:50,888: +PARAM [/mavros/fcu_protocol] by /roslaunch
[rosmaster.master][INFO] 2026-06-24 16:24:50,965: +PUB [/rosout] /mavros http://localhost:43293/
[rosmaster.master][INFO] 2026-06-24 16:24:50,965: +SERVICE [/mavros/get_loggers] /mavros http://localhost:43293/
[rosmaster.master][INFO] 2026-06-24 16:24:50,965: +SERVICE [/mavros/set_logger_level] /mavros http://localhost:43293/
[rosmaster.master][INFO] 2026-06-24 16:24:50,966: +PUB [/diagnostics] /mavros http://localhost:43293/
[rosmaster.master][INFO] 2026-06-24 16:24:50,966: +CACHEDPARAM [/mavros/diagnostic_period] by /mavros
[rosmaster.master][INFO] 2026-06-24 16:24:50,975: +SUB [/tf] /mavros http://localhost:43293/
[rosmaster.master][INFO] 2026-06-24 16:24:50,975: +SUB [/tf_static] /mavros http://localhost:43293/
[rosmaster.master][INFO] 2026-06-24 16:24:50,976: +PUB [/tf] /mavros http://localhost:43293/
[rosmaster.master][INFO] 2026-06-24 16:24:50,976: +PUB [/tf_static] /mavros http://localhost:43293/
[rosmaster.master][INFO] 2026-06-24 16:24:50,997: publisherUpdate[/rosout] -> http://localhost:40239/ ['http://localhost:43293/']
[rosmaster.master][INFO] 2026-06-24 16:24:50,998: publisherUpdate[/tf] -> http://localhost:43293/ ['http://localhost:43293/']
[rosmaster.master][INFO] 2026-06-24 16:24:51,000: publisherUpdate[/rosout] -> http://localhost:40239/ ['http://localhost:43293/']: sec=0.00, result=[1, '', 0]
[rosmaster.master][INFO] 2026-06-24 16:24:51,000: publisherUpdate[/tf] -> http://localhost:43293/ ['http://localhost:43293/']: sec=0.00, result=[1, '', 0]
[rosmaster.master][INFO] 2026-06-24 16:24:51,000: publisherUpdate[/tf_static] -> http://localhost:43293/ ['http://localhost:43293/']
[rosmaster.master][INFO] 2026-06-24 16:24:51,001: publisherUpdate[/tf_static] -> http://localhost:43293/ ['http://localhost:43293/']: sec=0.00, result=[1, '', 0]
[rosmaster.master][INFO] 2026-06-24 16:24:51,028: +CACHEDPARAM [/rosout_disable_topics_generation] by /mavros
[rosmaster.master][INFO] 2026-06-24 16:24:51,031: +PUB [/mavlink/from] /mavros http://localhost:43293/
[rosmaster.master][INFO] 2026-06-24 16:24:51,032: +SUB [/mavlink/to] /mavros http://localhost:43293/
[rosmaster.master][INFO] 2026-06-24 16:24:51,088: +PUB [/mavros/radio_status] /mavros http://localhost:43293/
[rosmaster.master][INFO] 2026-06-24 16:24:51,123: +PUB [/mavros/adsb/vehicle] /mavros http://localhost:43293/
[rosmaster.master][INFO] 2026-06-24 16:24:51,124: +SUB [/mavros/adsb/send] /mavros http://localhost:43293/
[rosmaster.master][INFO] 2026-06-24 16:24:51,125: +PUB [/mavros/cam_imu_sync/cam_imu_stamp] /mavros http://localhost:43293/
[rosmaster.master][INFO] 2026-06-24 16:24:51,125: +PUB [/mavros/camera/image_captured] /mavros http://localhost:43293/
[rosmaster.master][INFO] 2026-06-24 16:24:51,127: +SUB [/mavros/cellular_status/status] /mavros http://localhost:43293/
[rosmaster.master][INFO] 2026-06-24 16:24:51,128: +SERVICE [/mavros/cmd/command] /mavros http://localhost:43293/
[rosmaster.master][INFO] 2026-06-24 16:24:51,128: +SERVICE [/mavros/cmd/command_ack] /mavros http://localhost:43293/
[rosmaster.master][INFO] 2026-06-24 16:24:51,129: +SERVICE [/mavros/cmd/command_int] /mavros http://localhost:43293/
[rosmaster.master][INFO] 2026-06-24 16:24:51,129: +SERVICE [/mavros/cmd/arming] /mavros http://localhost:43293/
[rosmaster.master][INFO] 2026-06-24 16:24:51,130: +SERVICE [/mavros/cmd/set_home] /mavros http://localhost:43293/
[rosmaster.master][INFO] 2026-06-24 16:24:51,130: +SERVICE [/mavros/cmd/takeoff] /mavros http://localhost:43293/
[rosmaster.master][INFO] 2026-06-24 16:24:51,130: +SERVICE [/mavros/cmd/land] /mavros http://localhost:43293/
[rosmaster.master][INFO] 2026-06-24 16:24:51,131: +SERVICE [/mavros/cmd/trigger_control] /mavros http://localhost:43293/
[rosmaster.master][INFO] 2026-06-24 16:24:51,131: +SERVICE [/mavros/cmd/trigger_interval] /mavros http://localhost:43293/
[rosmaster.master][INFO] 2026-06-24 16:24:51,131: +SERVICE [/mavros/cmd/vtol_transition] /mavros http://localhost:43293/
[rosmaster.master][INFO] 2026-06-24 16:24:51,132: +SUB [/mavros/companion_process/status] /mavros http://localhost:43293/
[rosmaster.master][INFO] 2026-06-24 16:24:51,135: +PUB [/mavros/distance_sensor/rangefinder_pub] /mavros http://localhost:43293/
[rosmaster.master][INFO] 2026-06-24 16:24:51,137: +SUB [/mavros/distance_sensor/rangefinder_sub] /mavros http://localhost:43293/
[rosmaster.master][INFO] 2026-06-24 16:24:51,138: +PUB [/mavros/esc_info] /mavros http://localhost:43293/
[rosmaster.master][INFO] 2026-06-24 16:24:51,138: +PUB [/mavros/esc_status] /mavros http://localhost:43293/
[rosmaster.master][INFO] 2026-06-24 16:24:51,139: +PUB [/mavros/esc_telemetry] /mavros http://localhost:43293/
[rosmaster.master][INFO] 2026-06-24 16:24:51,147: +SUB [/mavros/fake_gps/mocap/pose] /mavros http://localhost:43293/
[rosmaster.master][INFO] 2026-06-24 16:24:51,149: +PUB [/mavros/geofence/waypoints] /mavros http://localhost:43293/
[rosmaster.master][INFO] 2026-06-24 16:24:51,149: +SERVICE [/mavros/geofence/pull] /mavros http://localhost:43293/
[rosmaster.master][INFO] 2026-06-24 16:24:51,150: +SERVICE [/mavros/geofence/push] /mavros http://localhost:43293/
[rosmaster.master][INFO] 2026-06-24 16:24:51,150: +SERVICE [/mavros/geofence/clear] /mavros http://localhost:43293/
[rosmaster.master][INFO] 2026-06-24 16:24:51,153: +PUB [/mavros/global_position/raw/fix] /mavros http://localhost:43293/
[rosmaster.master][INFO] 2026-06-24 16:24:51,153: +PUB [/mavros/global_position/raw/gps_vel] /mavros http://localhost:43293/
[rosmaster.master][INFO] 2026-06-24 16:24:51,154: +PUB [/mavros/global_position/raw/satellites] /mavros http://localhost:43293/
[rosmaster.master][INFO] 2026-06-24 16:24:51,154: +PUB [/mavros/global_position/global] /mavros http://localhost:43293/
[rosmaster.master][INFO] 2026-06-24 16:24:51,154: +PUB [/mavros/global_position/local] /mavros http://localhost:43293/
[rosmaster.master][INFO] 2026-06-24 16:24:51,155: +PUB [/mavros/global_position/rel_alt] /mavros http://localhost:43293/
[rosmaster.master][INFO] 2026-06-24 16:24:51,155: +PUB [/mavros/global_position/compass_hdg] /mavros http://localhost:43293/
[rosmaster.master][INFO] 2026-06-24 16:24:51,155: +PUB [/mavros/global_position/gp_origin] /mavros http://localhost:43293/
[rosmaster.master][INFO] 2026-06-24 16:24:51,156: +SUB [/mavros/global_position/set_gp_origin] /mavros http://localhost:43293/
[rosmaster.master][INFO] 2026-06-24 16:24:51,157: +SUB [/mavros/home_position/home] /mavros http://localhost:43293/
[rosmaster.master][INFO] 2026-06-24 16:24:51,157: +PUB [/mavros/global_position/gp_lp_offset] /mavros http://localhost:43293/
[rosmaster.master][INFO] 2026-06-24 16:24:51,159: +SUB [/mavros/gps_input/gps_input] /mavros http://localhost:43293/
[rosmaster.master][INFO] 2026-06-24 16:24:51,162: +SUB [/mavros/gps_rtk/send_rtcm] /mavros http://localhost:43293/
[rosmaster.master][INFO] 2026-06-24 16:24:51,162: +PUB [/mavros/gps_rtk/rtk_baseline] /mavros http://localhost:43293/
[rosmaster.master][INFO] 2026-06-24 16:24:51,163: +PUB [/mavros/gpsstatus/gps1/raw] /mavros http://localhost:43293/
[rosmaster.master][INFO] 2026-06-24 16:24:51,164: +PUB [/mavros/gpsstatus/gps2/raw] /mavros http://localhost:43293/
[rosmaster.master][INFO] 2026-06-24 16:24:51,164: +PUB [/mavros/gpsstatus/gps1/rtk] /mavros http://localhost:43293/
[rosmaster.master][INFO] 2026-06-24 16:24:51,165: +PUB [/mavros/gpsstatus/gps2/rtk] /mavros http://localhost:43293/
[rosmaster.master][INFO] 2026-06-24 16:24:51,166: +PUB [/move_base_simple/goal] /mavros http://localhost:43293/
[rosmaster.master][INFO] 2026-06-24 16:24:51,167: +SUB [/mavros/global_position/gp_origin] /mavros http://localhost:43293/
[rosmaster.master][INFO] 2026-06-24 16:24:51,168: +PUB [/mavros/home_position/home] /mavros http://localhost:43293/
[rosmaster.master][INFO] 2026-06-24 16:24:51,169: +SUB [/mavros/home_position/set] /mavros http://localhost:43293/
[rosmaster.master][INFO] 2026-06-24 16:24:51,170: +SERVICE [/mavros/home_position/req_update] /mavros http://localhost:43293/
[rosmaster.master][INFO] 2026-06-24 16:24:51,172: +PUB [/mavros/imu/data] /mavros http://localhost:43293/
[rosmaster.master][INFO] 2026-06-24 16:24:51,172: +PUB [/mavros/imu/mag] /mavros http://localhost:43293/
[rosmaster.master][INFO] 2026-06-24 16:24:51,172: +PUB [/mavros/imu/temperature_imu] /mavros http://localhost:43293/
[rosmaster.master][INFO] 2026-06-24 16:24:51,173: +PUB [/mavros/imu/temperature_baro] /mavros http://localhost:43293/
[rosmaster.master][INFO] 2026-06-24 16:24:51,173: +PUB [/mavros/imu/static_pressure] /mavros http://localhost:43293/
[rosmaster.master][INFO] 2026-06-24 16:24:51,173: +PUB [/mavros/imu/diff_pressure] /mavros http://localhost:43293/
[rosmaster.master][INFO] 2026-06-24 16:24:51,173: +PUB [/mavros/imu/data_raw] /mavros http://localhost:43293/
[rosmaster.master][INFO] 2026-06-24 16:24:51,178: +PUB [/mavros/landing_target/pose_in] /mavros http://localhost:43293/
[rosmaster.master][INFO] 2026-06-24 16:24:51,178: +PUB [/mavros/landing_target/lt_marker] /mavros http://localhost:43293/
[rosmaster.master][INFO] 2026-06-24 16:24:51,180: +SUB [/mavros/landing_target/pose] /mavros http://localhost:43293/
[rosmaster.master][INFO] 2026-06-24 16:24:51,181: +PUB [/mavros/local_position/pose] /mavros http://localhost:43293/
[rosmaster.master][INFO] 2026-06-24 16:24:51,182: +PUB [/mavros/local_position/pose_cov] /mavros http://localhost:43293/
[rosmaster.master][INFO] 2026-06-24 16:24:51,182: +PUB [/mavros/local_position/velocity_local] /mavros http://localhost:43293/
[rosmaster.master][INFO] 2026-06-24 16:24:51,182: +PUB [/mavros/local_position/velocity_body] /mavros http://localhost:43293/
[rosmaster.master][INFO] 2026-06-24 16:24:51,182: +PUB [/mavros/local_position/velocity_body_cov] /mavros http://localhost:43293/
[rosmaster.master][INFO] 2026-06-24 16:24:51,183: +PUB [/mavros/local_position/accel] /mavros http://localhost:43293/
[rosmaster.master][INFO] 2026-06-24 16:24:51,183: +PUB [/mavros/local_position/odom] /mavros http://localhost:43293/
[rosmaster.master][INFO] 2026-06-24 16:24:51,183: +PUB [/mavros/log_transfer/raw/log_entry] /mavros http://localhost:43293/
[rosmaster.master][INFO] 2026-06-24 16:24:51,184: +PUB [/mavros/log_transfer/raw/log_data] /mavros http://localhost:43293/
[rosmaster.master][INFO] 2026-06-24 16:24:51,184: +SERVICE [/mavros/log_transfer/raw/log_request_list] /mavros http://localhost:43293/
[rosmaster.master][INFO] 2026-06-24 16:24:51,184: +SERVICE [/mavros/log_transfer/raw/log_request_data] /mavros http://localhost:43293/
[rosmaster.master][INFO] 2026-06-24 16:24:51,185: +SERVICE [/mavros/log_transfer/raw/log_request_end] /mavros http://localhost:43293/
[rosmaster.master][INFO] 2026-06-24 16:24:51,185: +SERVICE [/mavros/log_transfer/raw/log_request_erase] /mavros http://localhost:43293/
[rosmaster.master][INFO] 2026-06-24 16:24:51,185: +PUB [/mavros/mag_calibration/status] /mavros http://localhost:43293/
[rosmaster.master][INFO] 2026-06-24 16:24:51,186: +PUB [/mavros/mag_calibration/report] /mavros http://localhost:43293/
[rosmaster.master][INFO] 2026-06-24 16:24:51,186: +PUB [/mavros/manual_control/control] /mavros http://localhost:43293/
[rosmaster.master][INFO] 2026-06-24 16:24:51,187: +SUB [/mavros/manual_control/send] /mavros http://localhost:43293/
[rosmaster.master][INFO] 2026-06-24 16:24:51,189: +SUB [/mavros/mocap/pose] /mavros http://localhost:43293/
[rosmaster.master][INFO] 2026-06-24 16:24:51,190: +SUB [/mavros/mount_control/command] /mavros http://localhost:43293/
[rosmaster.master][INFO] 2026-06-24 16:24:51,191: +PUB [/mavros/mount_control/orientation] /mavros http://localhost:43293/
[rosmaster.master][INFO] 2026-06-24 16:24:51,191: +PUB [/mavros/mount_control/status] /mavros http://localhost:43293/
[rosmaster.master][INFO] 2026-06-24 16:24:51,191: +SERVICE [/mavros/mount_control/configure] /mavros http://localhost:43293/
[rosmaster.master][INFO] 2026-06-24 16:24:51,194: +PUB [/mavros/nav_controller_output] /mavros http://localhost:43293/
[rosmaster.master][INFO] 2026-06-24 16:24:51,195: +SUB [/mavros/obstacle/send] /mavros http://localhost:43293/
[rosmaster.master][INFO] 2026-06-24 16:24:51,196: +PUB [/mavros/odometry/in] /mavros http://localhost:43293/
[rosmaster.master][INFO] 2026-06-24 16:24:51,197: +SUB [/mavros/odometry/out] /mavros http://localhost:43293/
[rosmaster.master][INFO] 2026-06-24 16:24:51,198: +SUB [/mavros/onboard_computer/status] /mavros http://localhost:43293/
[rosmaster.master][INFO] 2026-06-24 16:24:51,199: +SERVICE [/mavros/param/pull] /mavros http://localhost:43293/
[rosmaster.master][INFO] 2026-06-24 16:24:51,199: +SERVICE [/mavros/param/push] /mavros http://localhost:43293/
[rosmaster.master][INFO] 2026-06-24 16:24:51,200: +SERVICE [/mavros/param/set] /mavros http://localhost:43293/
[rosmaster.master][INFO] 2026-06-24 16:24:51,200: publisherUpdate[/mavros/home_position/home] -> http://localhost:43293/ ['http://localhost:43293/']
[rosmaster.master][INFO] 2026-06-24 16:24:51,200: +SERVICE [/mavros/param/get] /mavros http://localhost:43293/
[rosmaster.master][INFO] 2026-06-24 16:24:51,201: +PUB [/mavros/param/param_value] /mavros http://localhost:43293/
[rosmaster.master][INFO] 2026-06-24 16:24:51,201: publisherUpdate[/mavros/home_position/home] -> http://localhost:43293/ ['http://localhost:43293/']: sec=0.00, result=[1, '', 0]
[rosmaster.master][INFO] 2026-06-24 16:24:51,201: +CACHEDPARAM [/rosout/omit_topics] by /rosout
[rosmaster.master][INFO] 2026-06-24 16:24:51,203: +SUB [/mavros/play_tune] /mavros http://localhost:43293/
[rosmaster.master][INFO] 2026-06-24 16:24:51,204: +PUB [/mavros/rallypoint/waypoints] /mavros http://localhost:43293/
[rosmaster.master][INFO] 2026-06-24 16:24:51,204: +SERVICE [/mavros/rallypoint/pull] /mavros http://localhost:43293/
[rosmaster.master][INFO] 2026-06-24 16:24:51,204: +SERVICE [/mavros/rallypoint/push] /mavros http://localhost:43293/
[rosmaster.master][INFO] 2026-06-24 16:24:51,204: +SERVICE [/mavros/rallypoint/clear] /mavros http://localhost:43293/
[rosmaster.master][INFO] 2026-06-24 16:24:51,205: +PUB [/mavros/rangefinder/rangefinder] /mavros http://localhost:43293/
[rosmaster.master][INFO] 2026-06-24 16:24:51,206: +PUB [/mavros/rc/in] /mavros http://localhost:43293/
[rosmaster.master][INFO] 2026-06-24 16:24:51,206: +PUB [/mavros/rc/out] /mavros http://localhost:43293/
[rosmaster.master][INFO] 2026-06-24 16:24:51,207: +SUB [/mavros/rc/override] /mavros http://localhost:43293/
[rosmaster.master][INFO] 2026-06-24 16:24:51,209: +SUB [/mavros/setpoint_accel/accel] /mavros http://localhost:43293/
[rosmaster.master][INFO] 2026-06-24 16:24:51,212: +SUB [/mavros/setpoint_attitude/thrust] /mavros http://localhost:43293/
[rosmaster.master][INFO] 2026-06-24 16:24:51,214: +SUB [/mavros/setpoint_attitude/cmd_vel] /mavros http://localhost:43293/
[rosmaster.master][INFO] 2026-06-24 16:24:51,219: +SUB [/mavros/setpoint_position/local] /mavros http://localhost:43293/
[rosmaster.master][INFO] 2026-06-24 16:24:51,220: +SUB [/mavros/setpoint_position/global] /mavros http://localhost:43293/
[rosmaster.master][INFO] 2026-06-24 16:24:51,221: +SUB [/mavros/setpoint_position/global_to_local] /mavros http://localhost:43293/
[rosmaster.master][INFO] 2026-06-24 16:24:51,222: +SUB [/mavros/global_position/global] /mavros http://localhost:43293/
[rosmaster.master][INFO] 2026-06-24 16:24:51,223: +SUB [/mavros/local_position/pose] /mavros http://localhost:43293/
[rosmaster.master][INFO] 2026-06-24 16:24:51,224: +SERVICE [/mavros/setpoint_position/mav_frame] /mavros http://localhost:43293/
[rosmaster.master][INFO] 2026-06-24 16:24:51,226: +SUB [/mavros/setpoint_raw/local] /mavros http://localhost:43293/
[rosmaster.master][INFO] 2026-06-24 16:24:51,227: +SUB [/mavros/setpoint_raw/global] /mavros http://localhost:43293/
[rosmaster.master][INFO] 2026-06-24 16:24:51,228: +SUB [/mavros/setpoint_raw/attitude] /mavros http://localhost:43293/
[rosmaster.master][INFO] 2026-06-24 16:24:51,228: +PUB [/mavros/setpoint_raw/target_local] /mavros http://localhost:43293/
[rosmaster.master][INFO] 2026-06-24 16:24:51,228: +PUB [/mavros/setpoint_raw/target_global] /mavros http://localhost:43293/
[rosmaster.master][INFO] 2026-06-24 16:24:51,229: +PUB [/mavros/setpoint_raw/target_attitude] /mavros http://localhost:43293/
[rosmaster.master][INFO] 2026-06-24 16:24:51,231: +SUB [/mavros/setpoint_trajectory/local] /mavros http://localhost:43293/
[rosmaster.master][INFO] 2026-06-24 16:24:51,231: +PUB [/mavros/setpoint_trajectory/desired] /mavros http://localhost:43293/
[rosmaster.master][INFO] 2026-06-24 16:24:51,231: +SERVICE [/mavros/setpoint_trajectory/reset] /mavros http://localhost:43293/
[rosmaster.master][INFO] 2026-06-24 16:24:51,232: +SERVICE [/mavros/setpoint_trajectory/mav_frame] /mavros http://localhost:43293/
[rosmaster.master][INFO] 2026-06-24 16:24:51,233: +SUB [/mavros/setpoint_velocity/cmd_vel] /mavros http://localhost:43293/
[rosmaster.master][INFO] 2026-06-24 16:24:51,235: +SUB [/mavros/setpoint_velocity/cmd_vel_unstamped] /mavros http://localhost:43293/
[rosmaster.master][INFO] 2026-06-24 16:24:51,235: +SERVICE [/mavros/setpoint_velocity/mav_frame] /mavros http://localhost:43293/
[rosmaster.master][INFO] 2026-06-24 16:24:51,238: +PUB [/mavros/state] /mavros http://localhost:43293/
[rosmaster.master][INFO] 2026-06-24 16:24:51,238: +PUB [/mavros/extended_state] /mavros http://localhost:43293/
[rosmaster.master][INFO] 2026-06-24 16:24:51,238: +PUB [/mavros/battery] /mavros http://localhost:43293/
[rosmaster.master][INFO] 2026-06-24 16:24:51,238: +PUB [/mavros/estimator_status] /mavros http://localhost:43293/
[rosmaster.master][INFO] 2026-06-24 16:24:51,238: +PUB [/mavros/statustext/recv] /mavros http://localhost:43293/
[rosmaster.master][INFO] 2026-06-24 16:24:51,239: +PUB [/mavros/sys_status] /mavros http://localhost:43293/
[rosmaster.master][INFO] 2026-06-24 16:24:51,240: +SUB [/mavros/statustext/send] /mavros http://localhost:43293/
[rosmaster.master][INFO] 2026-06-24 16:24:51,240: +SERVICE [/mavros/set_stream_rate] /mavros http://localhost:43293/
[rosmaster.master][INFO] 2026-06-24 16:24:51,241: +SERVICE [/mavros/set_mode] /mavros http://localhost:43293/
[rosmaster.master][INFO] 2026-06-24 16:24:51,241: +SERVICE [/mavros/vehicle_info_get] /mavros http://localhost:43293/
[rosmaster.master][INFO] 2026-06-24 16:24:51,242: +SERVICE [/mavros/set_message_interval] /mavros http://localhost:43293/
[rosmaster.master][INFO] 2026-06-24 16:24:51,245: +PUB [/mavros/time_reference] /mavros http://localhost:43293/
[rosmaster.master][INFO] 2026-06-24 16:24:51,246: +PUB [/mavros/timesync_status] /mavros http://localhost:43293/
[rosmaster.master][INFO] 2026-06-24 16:24:51,246: +PUB [/mavros/terrain/report] /mavros http://localhost:43293/
[rosmaster.master][INFO] 2026-06-24 16:24:51,248: +SUB [/mavros/trajectory/generated] /mavros http://localhost:43293/
[rosmaster.master][INFO] 2026-06-24 16:24:51,249: +SUB [/mavros/trajectory/path] /mavros http://localhost:43293/
[rosmaster.master][INFO] 2026-06-24 16:24:51,249: +PUB [/mavros/trajectory/desired] /mavros http://localhost:43293/
[rosmaster.master][INFO] 2026-06-24 16:24:51,250: +SUB [/mavros/tunnel/in] /mavros http://localhost:43293/
[rosmaster.master][INFO] 2026-06-24 16:24:51,250: +PUB [/mavros/tunnel/out] /mavros http://localhost:43293/
[rosmaster.master][INFO] 2026-06-24 16:24:51,251: +PUB [/mavros/vfr_hud] /mavros http://localhost:43293/
[rosmaster.master][INFO] 2026-06-24 16:24:51,254: +SUB [/mavros/vision_pose/pose] /mavros http://localhost:43293/
[rosmaster.master][INFO] 2026-06-24 16:24:51,255: +SUB [/mavros/vision_pose/pose_cov] /mavros http://localhost:43293/
[rosmaster.master][INFO] 2026-06-24 16:24:51,256: +PUB [/mavros/mission/waypoints] /mavros http://localhost:43293/
[rosmaster.master][INFO] 2026-06-24 16:24:51,256: +SERVICE [/mavros/mission/pull] /mavros http://localhost:43293/
[rosmaster.master][INFO] 2026-06-24 16:24:51,256: +SERVICE [/mavros/mission/push] /mavros http://localhost:43293/
[rosmaster.master][INFO] 2026-06-24 16:24:51,257: +SERVICE [/mavros/mission/clear] /mavros http://localhost:43293/
[rosmaster.master][INFO] 2026-06-24 16:24:51,257: +PUB [/mavros/mission/reached] /mavros http://localhost:43293/
[rosmaster.master][INFO] 2026-06-24 16:24:51,257: +SERVICE [/mavros/mission/set_current] /mavros http://localhost:43293/
[rosmaster.master][INFO] 2026-06-24 16:24:51,258: +PUB [/mavros/wind_estimation] /mavros http://localhost:43293/
[rosmaster.master][INFO] 2026-06-24 16:24:52,259: +PUB [/mavlink/gcs_ip] /mavros http://localhost:43293/
[rosmaster.master][INFO] 2026-06-24 16:25:11,823: +PUB [/rosout] /vertical_descent_logger http://localhost:40963/
[rosmaster.master][INFO] 2026-06-24 16:25:11,824: +SERVICE [/vertical_descent_logger/get_loggers] /vertical_descent_logger http://localhost:40963/
[rosmaster.master][INFO] 2026-06-24 16:25:11,825: +SERVICE [/vertical_descent_logger/set_logger_level] /vertical_descent_logger http://localhost:40963/
[rosmaster.master][INFO] 2026-06-24 16:25:11,825: +PUB [/mavros/setpoint_raw/local] /vertical_descent_logger http://localhost:40963/
[rosmaster.master][INFO] 2026-06-24 16:25:11,826: +SUB [/mavros/local_position/velocity_body] /vertical_descent_logger http://localhost:40963/
[rosmaster.master][INFO] 2026-06-24 16:25:11,827: +SUB [/mavros/battery] /vertical_descent_logger http://localhost:40963/
[rosmaster.master][INFO] 2026-06-24 16:25:11,828: +SUB [/mavros/local_position/pose] /vertical_descent_logger http://localhost:40963/
[rosmaster.master][INFO] 2026-06-24 16:25:11,881: publisherUpdate[/rosout] -> http://localhost:40239/ ['http://localhost:43293/', 'http://localhost:40963/']
[rosmaster.master][INFO] 2026-06-24 16:25:11,882: publisherUpdate[/rosout] -> http://localhost:40239/ ['http://localhost:43293/', 'http://localhost:40963/']: sec=0.00, result=[1, '', 0]
[rosmaster.master][INFO] 2026-06-24 16:25:11,882: publisherUpdate[/mavros/setpoint_raw/local] -> http://localhost:43293/ ['http://localhost:40963/']
[rosmaster.master][INFO] 2026-06-24 16:25:11,883: publisherUpdate[/mavros/setpoint_raw/local] -> http://localhost:43293/ ['http://localhost:40963/']: sec=0.00, result=[1, '', 0]
[rosmaster.master][INFO] 2026-06-24 16:28:06,486: -SUB [/mavros/local_position/velocity_body] /vertical_descent_logger http://localhost:40963/
[rosmaster.master][INFO] 2026-06-24 16:28:06,486: -SUB [/mavros/battery] /vertical_descent_logger http://localhost:40963/
[rosmaster.master][INFO] 2026-06-24 16:28:06,486: -SUB [/mavros/local_position/pose] /vertical_descent_logger http://localhost:40963/
[rosmaster.master][INFO] 2026-06-24 16:28:06,486: -PUB [/rosout] /vertical_descent_logger http://localhost:40963/
[rosmaster.master][INFO] 2026-06-24 16:28:06,486: -PUB [/mavros/setpoint_raw/local] /vertical_descent_logger http://localhost:40963/
[rosmaster.master][INFO] 2026-06-24 16:28:06,486: -SERVICE [/vertical_descent_logger/get_loggers] /vertical_descent_logger rosrpc://localhost:44375
[rosmaster.master][INFO] 2026-06-24 16:28:06,486: -SERVICE [/vertical_descent_logger/set_logger_level] /vertical_descent_logger rosrpc://localhost:44375
[rosmaster.master][INFO] 2026-06-24 16:28:06,521: publisherUpdate[/rosout] -> http://localhost:40239/ ['http://localhost:43293/']
[rosmaster.master][INFO] 2026-06-24 16:28:06,522: publisherUpdate[/rosout] -> http://localhost:40239/ ['http://localhost:43293/']: sec=0.00, result=[1, '', 0]
[rosmaster.master][INFO] 2026-06-24 16:28:06,522: publisherUpdate[/mavros/setpoint_raw/local] -> http://localhost:43293/ []
[rosmaster.master][INFO] 2026-06-24 16:28:06,522: publisherUpdate[/mavros/setpoint_raw/local] -> http://localhost:43293/ []: sec=0.00, result=[1, '', 0]
[rosmaster.master][INFO] 2026-06-24 16:28:50,790: -PUB [/rosout_agg] /rosout http://localhost:40239/
[rosmaster.master][INFO] 2026-06-24 16:28:50,790: -SUB [/rosout] /rosout http://localhost:40239/
[rosmaster.master][INFO] 2026-06-24 16:28:50,791: -SERVICE [/rosout/get_loggers] /rosout rosrpc://localhost:57287
[rosmaster.master][INFO] 2026-06-24 16:28:50,791: -SERVICE [/rosout/set_logger_level] /rosout rosrpc://localhost:57287
[rosmaster.master][INFO] 2026-06-24 16:28:50,791: -CACHEDPARAM [/rosout/omit_topics] by /rosout
[rosmaster.main][INFO] 2026-06-24 16:28:50,837: keyboard interrupt, will exit
[rosmaster.main][INFO] 2026-06-24 16:28:50,837: stopping master...
[rospy.core][INFO] 2026-06-24 16:28:50,837: signal_shutdown [atexit]
