[rosmaster.main][INFO] 2026-06-01 19:32:06,860: initialization complete, waiting for shutdown
[rosmaster.main][INFO] 2026-06-01 19:32:06,860: Starting ROS Master Node
[xmlrpc][INFO] 2026-06-01 19:32:06,861: XML-RPC server binding to 127.0.0.1:11311
[xmlrpc][INFO] 2026-06-01 19:32:06,862: Started XML-RPC server [http://localhost:11311/]
[xmlrpc][INFO] 2026-06-01 19:32:06,862: xml rpc node: starting XML-RPC server
[rosmaster.master][INFO] 2026-06-01 19:32:06,862: Master initialized: port[11311], uri[http://localhost:11311/]
[rosmaster.master][INFO] 2026-06-01 19:32:06,931: +PARAM [/run_id] by /roslaunch
[rosmaster.master][INFO] 2026-06-01 19:32:06,932: +PARAM [/roslaunch/uris/host_localhost__40905] by /roslaunch
[rosmaster.master][INFO] 2026-06-01 19:32:06,959: +PARAM [/rosversion] by /roslaunch
[rosmaster.master][INFO] 2026-06-01 19:32:06,959: +PARAM [/rosdistro] by /roslaunch
[rosmaster.master][INFO] 2026-06-01 19:32:06,996: +SERVICE [/rosout/get_loggers] /rosout http://localhost:38015/
[rosmaster.master][INFO] 2026-06-01 19:32:06,997: +SERVICE [/rosout/set_logger_level] /rosout http://localhost:38015/
[rosmaster.master][INFO] 2026-06-01 19:32:06,998: +PUB [/rosout_agg] /rosout http://localhost:38015/
[rosmaster.master][INFO] 2026-06-01 19:32:06,999: +SUB [/rosout] /rosout http://localhost:38015/
[rosmaster.master][INFO] 2026-06-01 19:32:49,505: +PARAM [/roslaunch/uris/host_localhost__43015] by /roslaunch
[rosmaster.master][INFO] 2026-06-01 19:32:49,510: +PARAM [/rosversion] by /roslaunch
[rosmaster.master][INFO] 2026-06-01 19:32:49,510: +PARAM [/rosdistro] by /roslaunch
[rosmaster.master][INFO] 2026-06-01 19:32:49,510: +PARAM [/mavros/plugin_blacklist] by /roslaunch
[rosmaster.master][INFO] 2026-06-01 19:32:49,510: +PARAM [/mavros/plugin_whitelist] by /roslaunch
[rosmaster.master][INFO] 2026-06-01 19:32:49,510: +PARAM [/mavros/startup_px4_usb_quirk] by /roslaunch
[rosmaster.master][INFO] 2026-06-01 19:32:49,510: +PARAM [/mavros/conn/heartbeat_rate] by /roslaunch
[rosmaster.master][INFO] 2026-06-01 19:32:49,510: +PARAM [/mavros/conn/heartbeat_mav_type] by /roslaunch
[rosmaster.master][INFO] 2026-06-01 19:32:49,510: +PARAM [/mavros/conn/timeout] by /roslaunch
[rosmaster.master][INFO] 2026-06-01 19:32:49,510: +PARAM [/mavros/conn/timesync_rate] by /roslaunch
[rosmaster.master][INFO] 2026-06-01 19:32:49,510: +PARAM [/mavros/conn/system_time_rate] by /roslaunch
[rosmaster.master][INFO] 2026-06-01 19:32:49,510: +PARAM [/mavros/sys/min_voltage] by /roslaunch
[rosmaster.master][INFO] 2026-06-01 19:32:49,510: +PARAM [/mavros/sys/disable_diag] by /roslaunch
[rosmaster.master][INFO] 2026-06-01 19:32:49,510: +PARAM [/mavros/time/time_ref_source] by /roslaunch
[rosmaster.master][INFO] 2026-06-01 19:32:49,510: +PARAM [/mavros/time/timesync_mode] by /roslaunch
[rosmaster.master][INFO] 2026-06-01 19:32:49,511: +PARAM [/mavros/time/timesync_avg_alpha] by /roslaunch
[rosmaster.master][INFO] 2026-06-01 19:32:49,511: +PARAM [/mavros/tdr_radio/low_rssi] by /roslaunch
[rosmaster.master][INFO] 2026-06-01 19:32:49,511: +PARAM [/mavros/cmd/use_comp_id_system_control] by /roslaunch
[rosmaster.master][INFO] 2026-06-01 19:32:49,511: +PARAM [/mavros/global_position/frame_id] by /roslaunch
[rosmaster.master][INFO] 2026-06-01 19:32:49,511: +PARAM [/mavros/global_position/child_frame_id] by /roslaunch
[rosmaster.master][INFO] 2026-06-01 19:32:49,511: +PARAM [/mavros/global_position/rot_covariance] by /roslaunch
[rosmaster.master][INFO] 2026-06-01 19:32:49,511: +PARAM [/mavros/global_position/gps_uere] by /roslaunch
[rosmaster.master][INFO] 2026-06-01 19:32:49,511: +PARAM [/mavros/global_position/use_relative_alt] by /roslaunch
[rosmaster.master][INFO] 2026-06-01 19:32:49,511: +PARAM [/mavros/global_position/tf/send] by /roslaunch
[rosmaster.master][INFO] 2026-06-01 19:32:49,511: +PARAM [/mavros/global_position/tf/frame_id] by /roslaunch
[rosmaster.master][INFO] 2026-06-01 19:32:49,511: +PARAM [/mavros/global_position/tf/global_frame_id] by /roslaunch
[rosmaster.master][INFO] 2026-06-01 19:32:49,511: +PARAM [/mavros/global_position/tf/child_frame_id] by /roslaunch
[rosmaster.master][INFO] 2026-06-01 19:32:49,511: +PARAM [/mavros/imu/frame_id] by /roslaunch
[rosmaster.master][INFO] 2026-06-01 19:32:49,512: +PARAM [/mavros/imu/linear_acceleration_stdev] by /roslaunch
[rosmaster.master][INFO] 2026-06-01 19:32:49,512: +PARAM [/mavros/imu/angular_velocity_stdev] by /roslaunch
[rosmaster.master][INFO] 2026-06-01 19:32:49,512: +PARAM [/mavros/imu/orientation_stdev] by /roslaunch
[rosmaster.master][INFO] 2026-06-01 19:32:49,512: +PARAM [/mavros/imu/magnetic_stdev] by /roslaunch
[rosmaster.master][INFO] 2026-06-01 19:32:49,512: +PARAM [/mavros/local_position/frame_id] by /roslaunch
[rosmaster.master][INFO] 2026-06-01 19:32:49,512: +PARAM [/mavros/local_position/tf/send] by /roslaunch
[rosmaster.master][INFO] 2026-06-01 19:32:49,512: +PARAM [/mavros/local_position/tf/frame_id] by /roslaunch
[rosmaster.master][INFO] 2026-06-01 19:32:49,512: +PARAM [/mavros/local_position/tf/child_frame_id] by /roslaunch
[rosmaster.master][INFO] 2026-06-01 19:32:49,512: +PARAM [/mavros/local_position/tf/send_fcu] by /roslaunch
[rosmaster.master][INFO] 2026-06-01 19:32:49,512: +PARAM [/mavros/safety_area/p1/x] by /roslaunch
[rosmaster.master][INFO] 2026-06-01 19:32:49,512: +PARAM [/mavros/safety_area/p1/y] by /roslaunch
[rosmaster.master][INFO] 2026-06-01 19:32:49,512: +PARAM [/mavros/safety_area/p1/z] by /roslaunch
[rosmaster.master][INFO] 2026-06-01 19:32:49,512: +PARAM [/mavros/safety_area/p2/x] by /roslaunch
[rosmaster.master][INFO] 2026-06-01 19:32:49,512: +PARAM [/mavros/safety_area/p2/y] by /roslaunch
[rosmaster.master][INFO] 2026-06-01 19:32:49,512: +PARAM [/mavros/safety_area/p2/z] by /roslaunch
[rosmaster.master][INFO] 2026-06-01 19:32:49,512: +PARAM [/mavros/setpoint_accel/send_force] by /roslaunch
[rosmaster.master][INFO] 2026-06-01 19:32:49,512: +PARAM [/mavros/setpoint_attitude/reverse_thrust] by /roslaunch
[rosmaster.master][INFO] 2026-06-01 19:32:49,512: +PARAM [/mavros/setpoint_attitude/use_quaternion] by /roslaunch
[rosmaster.master][INFO] 2026-06-01 19:32:49,512: +PARAM [/mavros/setpoint_attitude/tf/listen] by /roslaunch
[rosmaster.master][INFO] 2026-06-01 19:32:49,512: +PARAM [/mavros/setpoint_attitude/tf/frame_id] by /roslaunch
[rosmaster.master][INFO] 2026-06-01 19:32:49,512: +PARAM [/mavros/setpoint_attitude/tf/child_frame_id] by /roslaunch
[rosmaster.master][INFO] 2026-06-01 19:32:49,512: +PARAM [/mavros/setpoint_attitude/tf/rate_limit] by /roslaunch
[rosmaster.master][INFO] 2026-06-01 19:32:49,512: +PARAM [/mavros/setpoint_raw/thrust_scaling] by /roslaunch
[rosmaster.master][INFO] 2026-06-01 19:32:49,512: +PARAM [/mavros/setpoint_position/tf/listen] by /roslaunch
[rosmaster.master][INFO] 2026-06-01 19:32:49,512: +PARAM [/mavros/setpoint_position/tf/frame_id] by /roslaunch
[rosmaster.master][INFO] 2026-06-01 19:32:49,512: +PARAM [/mavros/setpoint_position/tf/child_frame_id] by /roslaunch
[rosmaster.master][INFO] 2026-06-01 19:32:49,512: +PARAM [/mavros/setpoint_position/tf/rate_limit] by /roslaunch
[rosmaster.master][INFO] 2026-06-01 19:32:49,512: +PARAM [/mavros/setpoint_position/mav_frame] by /roslaunch
[rosmaster.master][INFO] 2026-06-01 19:32:49,512: +PARAM [/mavros/guided_target/tf/listen] by /roslaunch
[rosmaster.master][INFO] 2026-06-01 19:32:49,512: +PARAM [/mavros/guided_target/tf/frame_id] by /roslaunch
[rosmaster.master][INFO] 2026-06-01 19:32:49,512: +PARAM [/mavros/guided_target/tf/child_frame_id] by /roslaunch
[rosmaster.master][INFO] 2026-06-01 19:32:49,512: +PARAM [/mavros/guided_target/tf/rate_limit] by /roslaunch
[rosmaster.master][INFO] 2026-06-01 19:32:49,512: +PARAM [/mavros/setpoint_velocity/mav_frame] by /roslaunch
[rosmaster.master][INFO] 2026-06-01 19:32:49,512: +PARAM [/mavros/mission/pull_after_gcs] by /roslaunch
[rosmaster.master][INFO] 2026-06-01 19:32:49,512: +PARAM [/mavros/mission/use_mission_item_int] by /roslaunch
[rosmaster.master][INFO] 2026-06-01 19:32:49,512: +PARAM [/mavros/distance_sensor/rangefinder_pub/id] by /roslaunch
[rosmaster.master][INFO] 2026-06-01 19:32:49,512: +PARAM [/mavros/distance_sensor/rangefinder_pub/frame_id] by /roslaunch
[rosmaster.master][INFO] 2026-06-01 19:32:49,512: +PARAM [/mavros/distance_sensor/rangefinder_pub/field_of_view] by /roslaunch
[rosmaster.master][INFO] 2026-06-01 19:32:49,512: +PARAM [/mavros/distance_sensor/rangefinder_pub/send_tf] by /roslaunch
[rosmaster.master][INFO] 2026-06-01 19:32:49,512: +PARAM [/mavros/distance_sensor/rangefinder_pub/sensor_position/x] by /roslaunch
[rosmaster.master][INFO] 2026-06-01 19:32:49,513: +PARAM [/mavros/distance_sensor/rangefinder_pub/sensor_position/y] by /roslaunch
[rosmaster.master][INFO] 2026-06-01 19:32:49,513: +PARAM [/mavros/distance_sensor/rangefinder_pub/sensor_position/z] by /roslaunch
[rosmaster.master][INFO] 2026-06-01 19:32:49,513: +PARAM [/mavros/distance_sensor/rangefinder_sub/subscriber] by /roslaunch
[rosmaster.master][INFO] 2026-06-01 19:32:49,513: +PARAM [/mavros/distance_sensor/rangefinder_sub/id] by /roslaunch
[rosmaster.master][INFO] 2026-06-01 19:32:49,513: +PARAM [/mavros/distance_sensor/rangefinder_sub/orientation] by /roslaunch
[rosmaster.master][INFO] 2026-06-01 19:32:49,513: +PARAM [/mavros/image/frame_id] by /roslaunch
[rosmaster.master][INFO] 2026-06-01 19:32:49,513: +PARAM [/mavros/fake_gps/use_mocap] by /roslaunch
[rosmaster.master][INFO] 2026-06-01 19:32:49,513: +PARAM [/mavros/fake_gps/mocap_transform] by /roslaunch
[rosmaster.master][INFO] 2026-06-01 19:32:49,513: +PARAM [/mavros/fake_gps/mocap_withcovariance] by /roslaunch
[rosmaster.master][INFO] 2026-06-01 19:32:49,513: +PARAM [/mavros/fake_gps/use_vision] by /roslaunch
[rosmaster.master][INFO] 2026-06-01 19:32:49,513: +PARAM [/mavros/fake_gps/use_hil_gps] by /roslaunch
[rosmaster.master][INFO] 2026-06-01 19:32:49,513: +PARAM [/mavros/fake_gps/gps_id] by /roslaunch
[rosmaster.master][INFO] 2026-06-01 19:32:49,513: +PARAM [/mavros/fake_gps/geo_origin/lat] by /roslaunch
[rosmaster.master][INFO] 2026-06-01 19:32:49,513: +PARAM [/mavros/fake_gps/geo_origin/lon] by /roslaunch
[rosmaster.master][INFO] 2026-06-01 19:32:49,513: +PARAM [/mavros/fake_gps/geo_origin/alt] by /roslaunch
[rosmaster.master][INFO] 2026-06-01 19:32:49,513: +PARAM [/mavros/fake_gps/eph] by /roslaunch
[rosmaster.master][INFO] 2026-06-01 19:32:49,513: +PARAM [/mavros/fake_gps/epv] by /roslaunch
[rosmaster.master][INFO] 2026-06-01 19:32:49,513: +PARAM [/mavros/fake_gps/horiz_accuracy] by /roslaunch
[rosmaster.master][INFO] 2026-06-01 19:32:49,513: +PARAM [/mavros/fake_gps/vert_accuracy] by /roslaunch
[rosmaster.master][INFO] 2026-06-01 19:32:49,513: +PARAM [/mavros/fake_gps/speed_accuracy] by /roslaunch
[rosmaster.master][INFO] 2026-06-01 19:32:49,513: +PARAM [/mavros/fake_gps/satellites_visible] by /roslaunch
[rosmaster.master][INFO] 2026-06-01 19:32:49,513: +PARAM [/mavros/fake_gps/fix_type] by /roslaunch
[rosmaster.master][INFO] 2026-06-01 19:32:49,513: +PARAM [/mavros/fake_gps/tf/listen] by /roslaunch
[rosmaster.master][INFO] 2026-06-01 19:32:49,513: +PARAM [/mavros/fake_gps/tf/send] by /roslaunch
[rosmaster.master][INFO] 2026-06-01 19:32:49,513: +PARAM [/mavros/fake_gps/tf/frame_id] by /roslaunch
[rosmaster.master][INFO] 2026-06-01 19:32:49,513: +PARAM [/mavros/fake_gps/tf/child_frame_id] by /roslaunch
[rosmaster.master][INFO] 2026-06-01 19:32:49,513: +PARAM [/mavros/fake_gps/tf/rate_limit] by /roslaunch
[rosmaster.master][INFO] 2026-06-01 19:32:49,513: +PARAM [/mavros/fake_gps/gps_rate] by /roslaunch
[rosmaster.master][INFO] 2026-06-01 19:32:49,513: +PARAM [/mavros/landing_target/listen_lt] by /roslaunch
[rosmaster.master][INFO] 2026-06-01 19:32:49,513: +PARAM [/mavros/landing_target/mav_frame] by /roslaunch
[rosmaster.master][INFO] 2026-06-01 19:32:49,513: +PARAM [/mavros/landing_target/land_target_type] by /roslaunch
[rosmaster.master][INFO] 2026-06-01 19:32:49,513: +PARAM [/mavros/landing_target/image/width] by /roslaunch
[rosmaster.master][INFO] 2026-06-01 19:32:49,513: +PARAM [/mavros/landing_target/image/height] by /roslaunch
[rosmaster.master][INFO] 2026-06-01 19:32:49,513: +PARAM [/mavros/landing_target/camera/fov_x] by /roslaunch
[rosmaster.master][INFO] 2026-06-01 19:32:49,513: +PARAM [/mavros/landing_target/camera/fov_y] by /roslaunch
[rosmaster.master][INFO] 2026-06-01 19:32:49,513: +PARAM [/mavros/landing_target/tf/send] by /roslaunch
[rosmaster.master][INFO] 2026-06-01 19:32:49,513: +PARAM [/mavros/landing_target/tf/listen] by /roslaunch
[rosmaster.master][INFO] 2026-06-01 19:32:49,513: +PARAM [/mavros/landing_target/tf/frame_id] by /roslaunch
[rosmaster.master][INFO] 2026-06-01 19:32:49,513: +PARAM [/mavros/landing_target/tf/child_frame_id] by /roslaunch
[rosmaster.master][INFO] 2026-06-01 19:32:49,513: +PARAM [/mavros/landing_target/tf/rate_limit] by /roslaunch
[rosmaster.master][INFO] 2026-06-01 19:32:49,513: +PARAM [/mavros/landing_target/target_size/x] by /roslaunch
[rosmaster.master][INFO] 2026-06-01 19:32:49,513: +PARAM [/mavros/landing_target/target_size/y] by /roslaunch
[rosmaster.master][INFO] 2026-06-01 19:32:49,513: +PARAM [/mavros/mocap/use_tf] by /roslaunch
[rosmaster.master][INFO] 2026-06-01 19:32:49,513: +PARAM [/mavros/mocap/use_pose] by /roslaunch
[rosmaster.master][INFO] 2026-06-01 19:32:49,513: +PARAM [/mavros/mount/debounce_s] by /roslaunch
[rosmaster.master][INFO] 2026-06-01 19:32:49,513: +PARAM [/mavros/mount/err_threshold_deg] by /roslaunch
[rosmaster.master][INFO] 2026-06-01 19:32:49,513: +PARAM [/mavros/mount/negate_measured_roll] by /roslaunch
[rosmaster.master][INFO] 2026-06-01 19:32:49,513: +PARAM [/mavros/mount/negate_measured_pitch] by /roslaunch
[rosmaster.master][INFO] 2026-06-01 19:32:49,513: +PARAM [/mavros/mount/negate_measured_yaw] by /roslaunch
[rosmaster.master][INFO] 2026-06-01 19:32:49,514: +PARAM [/mavros/odometry/frame_tf/desired_frame] by /roslaunch
[rosmaster.master][INFO] 2026-06-01 19:32:49,514: +PARAM [/mavros/odometry/estimator_type] by /roslaunch
[rosmaster.master][INFO] 2026-06-01 19:32:49,514: +PARAM [/mavros/px4flow/frame_id] by /roslaunch
[rosmaster.master][INFO] 2026-06-01 19:32:49,514: +PARAM [/mavros/px4flow/ranger_fov] by /roslaunch
[rosmaster.master][INFO] 2026-06-01 19:32:49,514: +PARAM [/mavros/px4flow/ranger_min_range] by /roslaunch
[rosmaster.master][INFO] 2026-06-01 19:32:49,514: +PARAM [/mavros/px4flow/ranger_max_range] by /roslaunch
[rosmaster.master][INFO] 2026-06-01 19:32:49,514: +PARAM [/mavros/vision_pose/tf/listen] by /roslaunch
[rosmaster.master][INFO] 2026-06-01 19:32:49,514: +PARAM [/mavros/vision_pose/tf/frame_id] by /roslaunch
[rosmaster.master][INFO] 2026-06-01 19:32:49,514: +PARAM [/mavros/vision_pose/tf/child_frame_id] by /roslaunch
[rosmaster.master][INFO] 2026-06-01 19:32:49,514: +PARAM [/mavros/vision_pose/tf/rate_limit] by /roslaunch
[rosmaster.master][INFO] 2026-06-01 19:32:49,514: +PARAM [/mavros/vision_speed/listen_twist] by /roslaunch
[rosmaster.master][INFO] 2026-06-01 19:32:49,514: +PARAM [/mavros/vision_speed/twist_cov] by /roslaunch
[rosmaster.master][INFO] 2026-06-01 19:32:49,514: +PARAM [/mavros/vibration/frame_id] by /roslaunch
[rosmaster.master][INFO] 2026-06-01 19:32:49,514: +PARAM [/mavros/wheel_odometry/count] by /roslaunch
[rosmaster.master][INFO] 2026-06-01 19:32:49,514: +PARAM [/mavros/wheel_odometry/use_rpm] by /roslaunch
[rosmaster.master][INFO] 2026-06-01 19:32:49,514: +PARAM [/mavros/wheel_odometry/wheel0/x] by /roslaunch
[rosmaster.master][INFO] 2026-06-01 19:32:49,514: +PARAM [/mavros/wheel_odometry/wheel0/y] by /roslaunch
[rosmaster.master][INFO] 2026-06-01 19:32:49,514: +PARAM [/mavros/wheel_odometry/wheel0/radius] by /roslaunch
[rosmaster.master][INFO] 2026-06-01 19:32:49,514: +PARAM [/mavros/wheel_odometry/wheel1/x] by /roslaunch
[rosmaster.master][INFO] 2026-06-01 19:32:49,514: +PARAM [/mavros/wheel_odometry/wheel1/y] by /roslaunch
[rosmaster.master][INFO] 2026-06-01 19:32:49,514: +PARAM [/mavros/wheel_odometry/wheel1/radius] by /roslaunch
[rosmaster.master][INFO] 2026-06-01 19:32:49,514: +PARAM [/mavros/wheel_odometry/send_raw] by /roslaunch
[rosmaster.master][INFO] 2026-06-01 19:32:49,514: +PARAM [/mavros/wheel_odometry/send_twist] by /roslaunch
[rosmaster.master][INFO] 2026-06-01 19:32:49,514: +PARAM [/mavros/wheel_odometry/frame_id] by /roslaunch
[rosmaster.master][INFO] 2026-06-01 19:32:49,514: +PARAM [/mavros/wheel_odometry/child_frame_id] by /roslaunch
[rosmaster.master][INFO] 2026-06-01 19:32:49,514: +PARAM [/mavros/wheel_odometry/vel_error] by /roslaunch
[rosmaster.master][INFO] 2026-06-01 19:32:49,514: +PARAM [/mavros/wheel_odometry/tf/send] by /roslaunch
[rosmaster.master][INFO] 2026-06-01 19:32:49,514: +PARAM [/mavros/wheel_odometry/tf/frame_id] by /roslaunch
[rosmaster.master][INFO] 2026-06-01 19:32:49,514: +PARAM [/mavros/wheel_odometry/tf/child_frame_id] by /roslaunch
[rosmaster.master][INFO] 2026-06-01 19:32:49,514: +PARAM [/mavros/fcu_url] by /roslaunch
[rosmaster.master][INFO] 2026-06-01 19:32:49,514: +PARAM [/mavros/gcs_url] by /roslaunch
[rosmaster.master][INFO] 2026-06-01 19:32:49,514: +PARAM [/mavros/target_system_id] by /roslaunch
[rosmaster.master][INFO] 2026-06-01 19:32:49,514: +PARAM [/mavros/target_component_id] by /roslaunch
[rosmaster.master][INFO] 2026-06-01 19:32:49,514: +PARAM [/mavros/fcu_protocol] by /roslaunch
[rosmaster.master][INFO] 2026-06-01 19:32:49,591: +PUB [/rosout] /mavros http://localhost:46667/
[rosmaster.master][INFO] 2026-06-01 19:32:49,591: +SERVICE [/mavros/get_loggers] /mavros http://localhost:46667/
[rosmaster.master][INFO] 2026-06-01 19:32:49,591: +SERVICE [/mavros/set_logger_level] /mavros http://localhost:46667/
[rosmaster.master][INFO] 2026-06-01 19:32:49,592: +PUB [/diagnostics] /mavros http://localhost:46667/
[rosmaster.master][INFO] 2026-06-01 19:32:49,592: +CACHEDPARAM [/mavros/diagnostic_period] by /mavros
[rosmaster.master][INFO] 2026-06-01 19:32:49,603: +SUB [/tf] /mavros http://localhost:46667/
[rosmaster.master][INFO] 2026-06-01 19:32:49,604: +SUB [/tf_static] /mavros http://localhost:46667/
[rosmaster.master][INFO] 2026-06-01 19:32:49,604: +PUB [/tf] /mavros http://localhost:46667/
[rosmaster.master][INFO] 2026-06-01 19:32:49,605: +PUB [/tf_static] /mavros http://localhost:46667/
[rosmaster.master][INFO] 2026-06-01 19:32:49,622: publisherUpdate[/rosout] -> http://localhost:38015/ ['http://localhost:46667/']
[rosmaster.master][INFO] 2026-06-01 19:32:49,624: publisherUpdate[/rosout] -> http://localhost:38015/ ['http://localhost:46667/']: sec=0.00, result=[1, '', 0]
[rosmaster.master][INFO] 2026-06-01 19:32:49,624: publisherUpdate[/tf] -> http://localhost:46667/ ['http://localhost:46667/']
[rosmaster.master][INFO] 2026-06-01 19:32:49,625: publisherUpdate[/tf] -> http://localhost:46667/ ['http://localhost:46667/']: sec=0.00, result=[1, '', 0]
[rosmaster.master][INFO] 2026-06-01 19:32:49,625: publisherUpdate[/tf_static] -> http://localhost:46667/ ['http://localhost:46667/']
[rosmaster.master][INFO] 2026-06-01 19:32:49,625: publisherUpdate[/tf_static] -> http://localhost:46667/ ['http://localhost:46667/']: sec=0.00, result=[1, '', 0]
[rosmaster.master][INFO] 2026-06-01 19:32:49,653: +CACHEDPARAM [/rosout_disable_topics_generation] by /mavros
[rosmaster.master][INFO] 2026-06-01 19:32:49,656: +PUB [/mavlink/from] /mavros http://localhost:46667/
[rosmaster.master][INFO] 2026-06-01 19:32:49,657: +SUB [/mavlink/to] /mavros http://localhost:46667/
[rosmaster.master][INFO] 2026-06-01 19:32:49,701: +PUB [/mavros/radio_status] /mavros http://localhost:46667/
[rosmaster.master][INFO] 2026-06-01 19:32:49,737: +PUB [/mavros/adsb/vehicle] /mavros http://localhost:46667/
[rosmaster.master][INFO] 2026-06-01 19:32:49,740: +SUB [/mavros/adsb/send] /mavros http://localhost:46667/
[rosmaster.master][INFO] 2026-06-01 19:32:49,741: +PUB [/mavros/cam_imu_sync/cam_imu_stamp] /mavros http://localhost:46667/
[rosmaster.master][INFO] 2026-06-01 19:32:49,741: +PUB [/mavros/camera/image_captured] /mavros http://localhost:46667/
[rosmaster.master][INFO] 2026-06-01 19:32:49,743: +SUB [/mavros/cellular_status/status] /mavros http://localhost:46667/
[rosmaster.master][INFO] 2026-06-01 19:32:49,744: +SERVICE [/mavros/cmd/command] /mavros http://localhost:46667/
[rosmaster.master][INFO] 2026-06-01 19:32:49,745: +SERVICE [/mavros/cmd/command_ack] /mavros http://localhost:46667/
[rosmaster.master][INFO] 2026-06-01 19:32:49,745: +SERVICE [/mavros/cmd/command_int] /mavros http://localhost:46667/
[rosmaster.master][INFO] 2026-06-01 19:32:49,746: +SERVICE [/mavros/cmd/arming] /mavros http://localhost:46667/
[rosmaster.master][INFO] 2026-06-01 19:32:49,746: +SERVICE [/mavros/cmd/set_home] /mavros http://localhost:46667/
[rosmaster.master][INFO] 2026-06-01 19:32:49,746: +SERVICE [/mavros/cmd/takeoff] /mavros http://localhost:46667/
[rosmaster.master][INFO] 2026-06-01 19:32:49,747: +SERVICE [/mavros/cmd/land] /mavros http://localhost:46667/
[rosmaster.master][INFO] 2026-06-01 19:32:49,747: +SERVICE [/mavros/cmd/trigger_control] /mavros http://localhost:46667/
[rosmaster.master][INFO] 2026-06-01 19:32:49,748: +SERVICE [/mavros/cmd/trigger_interval] /mavros http://localhost:46667/
[rosmaster.master][INFO] 2026-06-01 19:32:49,748: +SERVICE [/mavros/cmd/vtol_transition] /mavros http://localhost:46667/
[rosmaster.master][INFO] 2026-06-01 19:32:49,749: +SUB [/mavros/companion_process/status] /mavros http://localhost:46667/
[rosmaster.master][INFO] 2026-06-01 19:32:49,751: +PUB [/mavros/distance_sensor/rangefinder_pub] /mavros http://localhost:46667/
[rosmaster.master][INFO] 2026-06-01 19:32:49,754: +SUB [/mavros/distance_sensor/rangefinder_sub] /mavros http://localhost:46667/
[rosmaster.master][INFO] 2026-06-01 19:32:49,754: +PUB [/mavros/esc_info] /mavros http://localhost:46667/
[rosmaster.master][INFO] 2026-06-01 19:32:49,755: +PUB [/mavros/esc_status] /mavros http://localhost:46667/
[rosmaster.master][INFO] 2026-06-01 19:32:49,755: +PUB [/mavros/esc_telemetry] /mavros http://localhost:46667/
[rosmaster.master][INFO] 2026-06-01 19:32:49,763: +SUB [/mavros/fake_gps/mocap/pose] /mavros http://localhost:46667/
[rosmaster.master][INFO] 2026-06-01 19:32:49,764: +PUB [/mavros/geofence/waypoints] /mavros http://localhost:46667/
[rosmaster.master][INFO] 2026-06-01 19:32:49,765: +SERVICE [/mavros/geofence/pull] /mavros http://localhost:46667/
[rosmaster.master][INFO] 2026-06-01 19:32:49,765: +SERVICE [/mavros/geofence/push] /mavros http://localhost:46667/
[rosmaster.master][INFO] 2026-06-01 19:32:49,766: +SERVICE [/mavros/geofence/clear] /mavros http://localhost:46667/
[rosmaster.master][INFO] 2026-06-01 19:32:49,769: +PUB [/mavros/global_position/raw/fix] /mavros http://localhost:46667/
[rosmaster.master][INFO] 2026-06-01 19:32:49,769: +PUB [/mavros/global_position/raw/gps_vel] /mavros http://localhost:46667/
[rosmaster.master][INFO] 2026-06-01 19:32:49,769: +PUB [/mavros/global_position/raw/satellites] /mavros http://localhost:46667/
[rosmaster.master][INFO] 2026-06-01 19:32:49,769: +PUB [/mavros/global_position/global] /mavros http://localhost:46667/
[rosmaster.master][INFO] 2026-06-01 19:32:49,770: +PUB [/mavros/global_position/local] /mavros http://localhost:46667/
[rosmaster.master][INFO] 2026-06-01 19:32:49,770: +PUB [/mavros/global_position/rel_alt] /mavros http://localhost:46667/
[rosmaster.master][INFO] 2026-06-01 19:32:49,770: +PUB [/mavros/global_position/compass_hdg] /mavros http://localhost:46667/
[rosmaster.master][INFO] 2026-06-01 19:32:49,770: +PUB [/mavros/global_position/gp_origin] /mavros http://localhost:46667/
[rosmaster.master][INFO] 2026-06-01 19:32:49,771: +SUB [/mavros/global_position/set_gp_origin] /mavros http://localhost:46667/
[rosmaster.master][INFO] 2026-06-01 19:32:49,772: +SUB [/mavros/home_position/home] /mavros http://localhost:46667/
[rosmaster.master][INFO] 2026-06-01 19:32:49,772: +PUB [/mavros/global_position/gp_lp_offset] /mavros http://localhost:46667/
[rosmaster.master][INFO] 2026-06-01 19:32:49,774: +SUB [/mavros/gps_input/gps_input] /mavros http://localhost:46667/
[rosmaster.master][INFO] 2026-06-01 19:32:49,775: +SUB [/mavros/gps_rtk/send_rtcm] /mavros http://localhost:46667/
[rosmaster.master][INFO] 2026-06-01 19:32:49,775: +PUB [/mavros/gps_rtk/rtk_baseline] /mavros http://localhost:46667/
[rosmaster.master][INFO] 2026-06-01 19:32:49,776: +PUB [/mavros/gpsstatus/gps1/raw] /mavros http://localhost:46667/
[rosmaster.master][INFO] 2026-06-01 19:32:49,776: +PUB [/mavros/gpsstatus/gps2/raw] /mavros http://localhost:46667/
[rosmaster.master][INFO] 2026-06-01 19:32:49,776: +PUB [/mavros/gpsstatus/gps1/rtk] /mavros http://localhost:46667/
[rosmaster.master][INFO] 2026-06-01 19:32:49,776: +PUB [/mavros/gpsstatus/gps2/rtk] /mavros http://localhost:46667/
[rosmaster.master][INFO] 2026-06-01 19:32:49,778: +PUB [/move_base_simple/goal] /mavros http://localhost:46667/
[rosmaster.master][INFO] 2026-06-01 19:32:49,779: +SUB [/mavros/global_position/gp_origin] /mavros http://localhost:46667/
[rosmaster.master][INFO] 2026-06-01 19:32:49,780: +PUB [/mavros/home_position/home] /mavros http://localhost:46667/
[rosmaster.master][INFO] 2026-06-01 19:32:49,781: +SUB [/mavros/home_position/set] /mavros http://localhost:46667/
[rosmaster.master][INFO] 2026-06-01 19:32:49,781: +SERVICE [/mavros/home_position/req_update] /mavros http://localhost:46667/
[rosmaster.master][INFO] 2026-06-01 19:32:49,783: +PUB [/mavros/imu/data] /mavros http://localhost:46667/
[rosmaster.master][INFO] 2026-06-01 19:32:49,784: +PUB [/mavros/imu/mag] /mavros http://localhost:46667/
[rosmaster.master][INFO] 2026-06-01 19:32:49,784: +PUB [/mavros/imu/temperature_imu] /mavros http://localhost:46667/
[rosmaster.master][INFO] 2026-06-01 19:32:49,784: +PUB [/mavros/imu/temperature_baro] /mavros http://localhost:46667/
[rosmaster.master][INFO] 2026-06-01 19:32:49,784: +PUB [/mavros/imu/static_pressure] /mavros http://localhost:46667/
[rosmaster.master][INFO] 2026-06-01 19:32:49,784: +PUB [/mavros/imu/diff_pressure] /mavros http://localhost:46667/
[rosmaster.master][INFO] 2026-06-01 19:32:49,785: +PUB [/mavros/imu/data_raw] /mavros http://localhost:46667/
[rosmaster.master][INFO] 2026-06-01 19:32:49,786: publisherUpdate[/mavros/home_position/home] -> http://localhost:46667/ ['http://localhost:46667/']
[rosmaster.master][INFO] 2026-06-01 19:32:49,787: publisherUpdate[/mavros/home_position/home] -> http://localhost:46667/ ['http://localhost:46667/']: sec=0.00, result=[1, '', 0]
[rosmaster.master][INFO] 2026-06-01 19:32:49,789: +PUB [/mavros/landing_target/pose_in] /mavros http://localhost:46667/
[rosmaster.master][INFO] 2026-06-01 19:32:49,790: +PUB [/mavros/landing_target/lt_marker] /mavros http://localhost:46667/
[rosmaster.master][INFO] 2026-06-01 19:32:49,791: +SUB [/mavros/landing_target/pose] /mavros http://localhost:46667/
[rosmaster.master][INFO] 2026-06-01 19:32:49,792: +PUB [/mavros/local_position/pose] /mavros http://localhost:46667/
[rosmaster.master][INFO] 2026-06-01 19:32:49,793: +PUB [/mavros/local_position/pose_cov] /mavros http://localhost:46667/
[rosmaster.master][INFO] 2026-06-01 19:32:49,793: +PUB [/mavros/local_position/velocity_local] /mavros http://localhost:46667/
[rosmaster.master][INFO] 2026-06-01 19:32:49,793: +PUB [/mavros/local_position/velocity_body] /mavros http://localhost:46667/
[rosmaster.master][INFO] 2026-06-01 19:32:49,794: +PUB [/mavros/local_position/velocity_body_cov] /mavros http://localhost:46667/
[rosmaster.master][INFO] 2026-06-01 19:32:49,794: +PUB [/mavros/local_position/accel] /mavros http://localhost:46667/
[rosmaster.master][INFO] 2026-06-01 19:32:49,794: +PUB [/mavros/local_position/odom] /mavros http://localhost:46667/
[rosmaster.master][INFO] 2026-06-01 19:32:49,795: +PUB [/mavros/log_transfer/raw/log_entry] /mavros http://localhost:46667/
[rosmaster.master][INFO] 2026-06-01 19:32:49,795: +PUB [/mavros/log_transfer/raw/log_data] /mavros http://localhost:46667/
[rosmaster.master][INFO] 2026-06-01 19:32:49,796: +SERVICE [/mavros/log_transfer/raw/log_request_list] /mavros http://localhost:46667/
[rosmaster.master][INFO] 2026-06-01 19:32:49,796: +SERVICE [/mavros/log_transfer/raw/log_request_data] /mavros http://localhost:46667/
[rosmaster.master][INFO] 2026-06-01 19:32:49,796: +SERVICE [/mavros/log_transfer/raw/log_request_end] /mavros http://localhost:46667/
[rosmaster.master][INFO] 2026-06-01 19:32:49,797: +SERVICE [/mavros/log_transfer/raw/log_request_erase] /mavros http://localhost:46667/
[rosmaster.master][INFO] 2026-06-01 19:32:49,797: +PUB [/mavros/mag_calibration/status] /mavros http://localhost:46667/
[rosmaster.master][INFO] 2026-06-01 19:32:49,797: +PUB [/mavros/mag_calibration/report] /mavros http://localhost:46667/
[rosmaster.master][INFO] 2026-06-01 19:32:49,798: +PUB [/mavros/manual_control/control] /mavros http://localhost:46667/
[rosmaster.master][INFO] 2026-06-01 19:32:49,799: +SUB [/mavros/manual_control/send] /mavros http://localhost:46667/
[rosmaster.master][INFO] 2026-06-01 19:32:49,801: +SUB [/mavros/mocap/pose] /mavros http://localhost:46667/
[rosmaster.master][INFO] 2026-06-01 19:32:49,803: +SUB [/mavros/mount_control/command] /mavros http://localhost:46667/
[rosmaster.master][INFO] 2026-06-01 19:32:49,803: +PUB [/mavros/mount_control/orientation] /mavros http://localhost:46667/
[rosmaster.master][INFO] 2026-06-01 19:32:49,803: +PUB [/mavros/mount_control/status] /mavros http://localhost:46667/
[rosmaster.master][INFO] 2026-06-01 19:32:49,803: +SERVICE [/mavros/mount_control/configure] /mavros http://localhost:46667/
[rosmaster.master][INFO] 2026-06-01 19:32:49,806: +PUB [/mavros/nav_controller_output] /mavros http://localhost:46667/
[rosmaster.master][INFO] 2026-06-01 19:32:49,807: +SUB [/mavros/obstacle/send] /mavros http://localhost:46667/
[rosmaster.master][INFO] 2026-06-01 19:32:49,808: +PUB [/mavros/odometry/in] /mavros http://localhost:46667/
[rosmaster.master][INFO] 2026-06-01 19:32:49,809: +SUB [/mavros/odometry/out] /mavros http://localhost:46667/
[rosmaster.master][INFO] 2026-06-01 19:32:49,810: +SUB [/mavros/onboard_computer/status] /mavros http://localhost:46667/
[rosmaster.master][INFO] 2026-06-01 19:32:49,811: +SERVICE [/mavros/param/pull] /mavros http://localhost:46667/
[rosmaster.master][INFO] 2026-06-01 19:32:49,811: +SERVICE [/mavros/param/push] /mavros http://localhost:46667/
[rosmaster.master][INFO] 2026-06-01 19:32:49,812: +SERVICE [/mavros/param/set] /mavros http://localhost:46667/
[rosmaster.master][INFO] 2026-06-01 19:32:49,812: +SERVICE [/mavros/param/get] /mavros http://localhost:46667/
[rosmaster.master][INFO] 2026-06-01 19:32:49,812: +PUB [/mavros/param/param_value] /mavros http://localhost:46667/
[rosmaster.master][INFO] 2026-06-01 19:32:49,813: +SUB [/mavros/play_tune] /mavros http://localhost:46667/
[rosmaster.master][INFO] 2026-06-01 19:32:49,814: +PUB [/mavros/rallypoint/waypoints] /mavros http://localhost:46667/
[rosmaster.master][INFO] 2026-06-01 19:32:49,814: +SERVICE [/mavros/rallypoint/pull] /mavros http://localhost:46667/
[rosmaster.master][INFO] 2026-06-01 19:32:49,815: +SERVICE [/mavros/rallypoint/push] /mavros http://localhost:46667/
[rosmaster.master][INFO] 2026-06-01 19:32:49,815: +SERVICE [/mavros/rallypoint/clear] /mavros http://localhost:46667/
[rosmaster.master][INFO] 2026-06-01 19:32:49,815: +PUB [/mavros/rangefinder/rangefinder] /mavros http://localhost:46667/
[rosmaster.master][INFO] 2026-06-01 19:32:49,816: +PUB [/mavros/rc/in] /mavros http://localhost:46667/
[rosmaster.master][INFO] 2026-06-01 19:32:49,816: +PUB [/mavros/rc/out] /mavros http://localhost:46667/
[rosmaster.master][INFO] 2026-06-01 19:32:49,817: +SUB [/mavros/rc/override] /mavros http://localhost:46667/
[rosmaster.master][INFO] 2026-06-01 19:32:49,819: +SUB [/mavros/setpoint_accel/accel] /mavros http://localhost:46667/
[rosmaster.master][INFO] 2026-06-01 19:32:49,822: +SUB [/mavros/setpoint_attitude/thrust] /mavros http://localhost:46667/
[rosmaster.master][INFO] 2026-06-01 19:32:49,823: +SUB [/mavros/setpoint_attitude/cmd_vel] /mavros http://localhost:46667/
[rosmaster.master][INFO] 2026-06-01 19:32:49,828: +CACHEDPARAM [/rosout/omit_topics] by /rosout
[rosmaster.master][INFO] 2026-06-01 19:32:49,830: +SUB [/mavros/setpoint_position/local] /mavros http://localhost:46667/
[rosmaster.master][INFO] 2026-06-01 19:32:49,831: +SUB [/mavros/setpoint_position/global] /mavros http://localhost:46667/
[rosmaster.master][INFO] 2026-06-01 19:32:49,832: +SUB [/mavros/setpoint_position/global_to_local] /mavros http://localhost:46667/
[rosmaster.master][INFO] 2026-06-01 19:32:49,833: +SUB [/mavros/global_position/global] /mavros http://localhost:46667/
[rosmaster.master][INFO] 2026-06-01 19:32:49,833: +SUB [/mavros/local_position/pose] /mavros http://localhost:46667/
[rosmaster.master][INFO] 2026-06-01 19:32:49,834: +SERVICE [/mavros/setpoint_position/mav_frame] /mavros http://localhost:46667/
[rosmaster.master][INFO] 2026-06-01 19:32:49,835: +SUB [/mavros/setpoint_raw/local] /mavros http://localhost:46667/
[rosmaster.master][INFO] 2026-06-01 19:32:49,836: +SUB [/mavros/setpoint_raw/global] /mavros http://localhost:46667/
[rosmaster.master][INFO] 2026-06-01 19:32:49,837: +SUB [/mavros/setpoint_raw/attitude] /mavros http://localhost:46667/
[rosmaster.master][INFO] 2026-06-01 19:32:49,838: +PUB [/mavros/setpoint_raw/target_local] /mavros http://localhost:46667/
[rosmaster.master][INFO] 2026-06-01 19:32:49,838: +PUB [/mavros/setpoint_raw/target_global] /mavros http://localhost:46667/
[rosmaster.master][INFO] 2026-06-01 19:32:49,838: +PUB [/mavros/setpoint_raw/target_attitude] /mavros http://localhost:46667/
[rosmaster.master][INFO] 2026-06-01 19:32:49,840: +SUB [/mavros/setpoint_trajectory/local] /mavros http://localhost:46667/
[rosmaster.master][INFO] 2026-06-01 19:32:49,840: +PUB [/mavros/setpoint_trajectory/desired] /mavros http://localhost:46667/
[rosmaster.master][INFO] 2026-06-01 19:32:49,840: +SERVICE [/mavros/setpoint_trajectory/reset] /mavros http://localhost:46667/
[rosmaster.master][INFO] 2026-06-01 19:32:49,840: +SERVICE [/mavros/setpoint_trajectory/mav_frame] /mavros http://localhost:46667/
[rosmaster.master][INFO] 2026-06-01 19:32:49,842: +SUB [/mavros/setpoint_velocity/cmd_vel] /mavros http://localhost:46667/
[rosmaster.master][INFO] 2026-06-01 19:32:49,843: +SUB [/mavros/setpoint_velocity/cmd_vel_unstamped] /mavros http://localhost:46667/
[rosmaster.master][INFO] 2026-06-01 19:32:49,843: +SERVICE [/mavros/setpoint_velocity/mav_frame] /mavros http://localhost:46667/
[rosmaster.master][INFO] 2026-06-01 19:32:49,846: +PUB [/mavros/state] /mavros http://localhost:46667/
[rosmaster.master][INFO] 2026-06-01 19:32:49,846: +PUB [/mavros/extended_state] /mavros http://localhost:46667/
[rosmaster.master][INFO] 2026-06-01 19:32:49,846: +PUB [/mavros/battery] /mavros http://localhost:46667/
[rosmaster.master][INFO] 2026-06-01 19:32:49,846: +PUB [/mavros/estimator_status] /mavros http://localhost:46667/
[rosmaster.master][INFO] 2026-06-01 19:32:49,847: +PUB [/mavros/statustext/recv] /mavros http://localhost:46667/
[rosmaster.master][INFO] 2026-06-01 19:32:49,847: +PUB [/mavros/sys_status] /mavros http://localhost:46667/
[rosmaster.master][INFO] 2026-06-01 19:32:49,848: +SUB [/mavros/statustext/send] /mavros http://localhost:46667/
[rosmaster.master][INFO] 2026-06-01 19:32:49,848: +SERVICE [/mavros/set_stream_rate] /mavros http://localhost:46667/
[rosmaster.master][INFO] 2026-06-01 19:32:49,848: +SERVICE [/mavros/set_mode] /mavros http://localhost:46667/
[rosmaster.master][INFO] 2026-06-01 19:32:49,849: +SERVICE [/mavros/vehicle_info_get] /mavros http://localhost:46667/
[rosmaster.master][INFO] 2026-06-01 19:32:49,849: +SERVICE [/mavros/set_message_interval] /mavros http://localhost:46667/
[rosmaster.master][INFO] 2026-06-01 19:32:49,852: +PUB [/mavros/time_reference] /mavros http://localhost:46667/
[rosmaster.master][INFO] 2026-06-01 19:32:49,853: +PUB [/mavros/timesync_status] /mavros http://localhost:46667/
[rosmaster.master][INFO] 2026-06-01 19:32:49,853: +PUB [/mavros/terrain/report] /mavros http://localhost:46667/
[rosmaster.master][INFO] 2026-06-01 19:32:49,854: +SUB [/mavros/trajectory/generated] /mavros http://localhost:46667/
[rosmaster.master][INFO] 2026-06-01 19:32:49,856: +SUB [/mavros/trajectory/path] /mavros http://localhost:46667/
[rosmaster.master][INFO] 2026-06-01 19:32:49,856: +PUB [/mavros/trajectory/desired] /mavros http://localhost:46667/
[rosmaster.master][INFO] 2026-06-01 19:32:49,857: +SUB [/mavros/tunnel/in] /mavros http://localhost:46667/
[rosmaster.master][INFO] 2026-06-01 19:32:49,857: +PUB [/mavros/tunnel/out] /mavros http://localhost:46667/
[rosmaster.master][INFO] 2026-06-01 19:32:49,858: +PUB [/mavros/vfr_hud] /mavros http://localhost:46667/
[rosmaster.master][INFO] 2026-06-01 19:32:49,860: +SUB [/mavros/vision_pose/pose] /mavros http://localhost:46667/
[rosmaster.master][INFO] 2026-06-01 19:32:49,861: +SUB [/mavros/vision_pose/pose_cov] /mavros http://localhost:46667/
[rosmaster.master][INFO] 2026-06-01 19:32:49,862: +PUB [/mavros/mission/waypoints] /mavros http://localhost:46667/
[rosmaster.master][INFO] 2026-06-01 19:32:49,862: +SERVICE [/mavros/mission/pull] /mavros http://localhost:46667/
[rosmaster.master][INFO] 2026-06-01 19:32:49,862: +SERVICE [/mavros/mission/push] /mavros http://localhost:46667/
[rosmaster.master][INFO] 2026-06-01 19:32:49,863: +SERVICE [/mavros/mission/clear] /mavros http://localhost:46667/
[rosmaster.master][INFO] 2026-06-01 19:32:49,863: +PUB [/mavros/mission/reached] /mavros http://localhost:46667/
[rosmaster.master][INFO] 2026-06-01 19:32:49,863: +SERVICE [/mavros/mission/set_current] /mavros http://localhost:46667/
[rosmaster.master][INFO] 2026-06-01 19:32:49,864: +PUB [/mavros/wind_estimation] /mavros http://localhost:46667/
[rosmaster.master][INFO] 2026-06-01 19:32:50,865: +PUB [/mavlink/gcs_ip] /mavros http://localhost:46667/
[rosmaster.master][INFO] 2026-06-01 19:35:15,385: +PUB [/rosout] /rostopic_3446_1780322715271 http://localhost:39513/
[rosmaster.master][INFO] 2026-06-01 19:35:15,389: +SERVICE [/rostopic_3446_1780322715271/get_loggers] /rostopic_3446_1780322715271 http://localhost:39513/
[rosmaster.master][INFO] 2026-06-01 19:35:15,390: +SERVICE [/rostopic_3446_1780322715271/set_logger_level] /rostopic_3446_1780322715271 http://localhost:39513/
[rosmaster.master][INFO] 2026-06-01 19:35:15,403: publisherUpdate[/rosout] -> http://localhost:38015/ ['http://localhost:46667/', 'http://localhost:39513/']
[rosmaster.master][INFO] 2026-06-01 19:35:15,404: publisherUpdate[/rosout] -> http://localhost:38015/ ['http://localhost:46667/', 'http://localhost:39513/']: sec=0.00, result=[1, '', 0]
[rosmaster.master][INFO] 2026-06-01 19:35:15,450: +SUB [/mavros/state] /rostopic_3446_1780322715271 http://localhost:39513/
[rosmaster.master][INFO] 2026-06-01 19:35:23,066: -SUB [/mavros/state] /rostopic_3446_1780322715271 http://localhost:39513/
[rosmaster.master][INFO] 2026-06-01 19:35:23,066: -PUB [/rosout] /rostopic_3446_1780322715271 http://localhost:39513/
[rosmaster.master][INFO] 2026-06-01 19:35:23,066: -SERVICE [/rostopic_3446_1780322715271/get_loggers] /rostopic_3446_1780322715271 rosrpc://localhost:46793
[rosmaster.master][INFO] 2026-06-01 19:35:23,066: -SERVICE [/rostopic_3446_1780322715271/set_logger_level] /rostopic_3446_1780322715271 rosrpc://localhost:46793
[rosmaster.master][INFO] 2026-06-01 19:35:23,090: publisherUpdate[/rosout] -> http://localhost:38015/ ['http://localhost:46667/']
[rosmaster.master][INFO] 2026-06-01 19:35:23,091: publisherUpdate[/rosout] -> http://localhost:38015/ ['http://localhost:46667/']: sec=0.00, result=[1, '', 0]
[rosmaster.master][INFO] 2026-06-01 19:36:06,579: -PUB [/rosout_agg] /rosout http://localhost:38015/
[rosmaster.master][INFO] 2026-06-01 19:36:06,580: -SUB [/rosout] /rosout http://localhost:38015/
[rosmaster.master][INFO] 2026-06-01 19:36:06,580: -SERVICE [/rosout/get_loggers] /rosout rosrpc://localhost:45957
[rosmaster.master][INFO] 2026-06-01 19:36:06,580: -SERVICE [/rosout/set_logger_level] /rosout rosrpc://localhost:45957
[rosmaster.master][INFO] 2026-06-01 19:36:06,581: -CACHEDPARAM [/rosout/omit_topics] by /rosout
[rosmaster.master][INFO] 2026-06-01 19:36:06,629: -PUB [/rosout] /mavros http://localhost:46667/
[rosmaster.master][INFO] 2026-06-01 19:36:06,629: -PUB [/diagnostics] /mavros http://localhost:46667/
[rosmaster.master][INFO] 2026-06-01 19:36:06,630: -PUB [/tf] /mavros http://localhost:46667/
[rosmaster.master][INFO] 2026-06-01 19:36:06,630: -PUB [/tf_static] /mavros http://localhost:46667/
[rosmaster.master][INFO] 2026-06-01 19:36:06,630: -PUB [/mavlink/from] /mavros http://localhost:46667/
[rosmaster.master][INFO] 2026-06-01 19:36:06,630: -PUB [/mavros/radio_status] /mavros http://localhost:46667/
[rosmaster.master][INFO] 2026-06-01 19:36:06,631: -PUB [/mavros/adsb/vehicle] /mavros http://localhost:46667/
[rosmaster.master][INFO] 2026-06-01 19:36:06,631: -PUB [/mavros/cam_imu_sync/cam_imu_stamp] /mavros http://localhost:46667/
[rosmaster.master][INFO] 2026-06-01 19:36:06,632: -PUB [/mavros/camera/image_captured] /mavros http://localhost:46667/
[rosmaster.master][INFO] 2026-06-01 19:36:06,632: -PUB [/mavros/distance_sensor/rangefinder_pub] /mavros http://localhost:46667/
[rosmaster.master][INFO] 2026-06-01 19:36:06,632: -PUB [/mavros/esc_info] /mavros http://localhost:46667/
[rosmaster.master][INFO] 2026-06-01 19:36:06,632: -PUB [/mavros/esc_status] /mavros http://localhost:46667/
[rosmaster.master][INFO] 2026-06-01 19:36:06,633: -PUB [/mavros/esc_telemetry] /mavros http://localhost:46667/
[rosmaster.master][INFO] 2026-06-01 19:36:06,633: -PUB [/mavros/geofence/waypoints] /mavros http://localhost:46667/
[rosmaster.master][INFO] 2026-06-01 19:36:06,633: -PUB [/mavros/global_position/raw/fix] /mavros http://localhost:46667/
[rosmaster.master][INFO] 2026-06-01 19:36:06,634: -PUB [/mavros/global_position/raw/gps_vel] /mavros http://localhost:46667/
[rosmaster.master][INFO] 2026-06-01 19:36:06,634: -PUB [/mavros/global_position/raw/satellites] /mavros http://localhost:46667/
[rosmaster.master][INFO] 2026-06-01 19:36:06,635: -PUB [/mavros/global_position/global] /mavros http://localhost:46667/
[rosmaster.master][INFO] 2026-06-01 19:36:06,635: -PUB [/mavros/global_position/local] /mavros http://localhost:46667/
[rosmaster.master][INFO] 2026-06-01 19:36:06,635: -PUB [/mavros/global_position/rel_alt] /mavros http://localhost:46667/
[rosmaster.master][INFO] 2026-06-01 19:36:06,636: -PUB [/mavros/global_position/compass_hdg] /mavros http://localhost:46667/
[rosmaster.master][INFO] 2026-06-01 19:36:06,636: -PUB [/mavros/global_position/gp_origin] /mavros http://localhost:46667/
[rosmaster.master][INFO] 2026-06-01 19:36:06,637: -PUB [/mavros/global_position/gp_lp_offset] /mavros http://localhost:46667/
[rosmaster.master][INFO] 2026-06-01 19:36:06,637: -PUB [/mavros/gps_rtk/rtk_baseline] /mavros http://localhost:46667/
[rosmaster.master][INFO] 2026-06-01 19:36:06,637: -PUB [/mavros/gpsstatus/gps1/raw] /mavros http://localhost:46667/
[rosmaster.master][INFO] 2026-06-01 19:36:06,638: -PUB [/mavros/gpsstatus/gps2/raw] /mavros http://localhost:46667/
[rosmaster.master][INFO] 2026-06-01 19:36:06,638: -PUB [/mavros/gpsstatus/gps1/rtk] /mavros http://localhost:46667/
[rosmaster.master][INFO] 2026-06-01 19:36:06,638: -PUB [/mavros/gpsstatus/gps2/rtk] /mavros http://localhost:46667/
[rosmaster.master][INFO] 2026-06-01 19:36:06,639: -PUB [/move_base_simple/goal] /mavros http://localhost:46667/
[rosmaster.master][INFO] 2026-06-01 19:36:06,639: -PUB [/mavros/home_position/home] /mavros http://localhost:46667/
[rosmaster.master][INFO] 2026-06-01 19:36:06,639: -PUB [/mavros/imu/data] /mavros http://localhost:46667/
[rosmaster.master][INFO] 2026-06-01 19:36:06,639: -PUB [/mavros/imu/mag] /mavros http://localhost:46667/
[rosmaster.master][INFO] 2026-06-01 19:36:06,640: -PUB [/mavros/imu/temperature_imu] /mavros http://localhost:46667/
[rosmaster.master][INFO] 2026-06-01 19:36:06,640: -PUB [/mavros/imu/temperature_baro] /mavros http://localhost:46667/
[rosmaster.master][INFO] 2026-06-01 19:36:06,641: -PUB [/mavros/imu/static_pressure] /mavros http://localhost:46667/
[rosmaster.master][INFO] 2026-06-01 19:36:06,641: -PUB [/mavros/imu/diff_pressure] /mavros http://localhost:46667/
[rosmaster.master][INFO] 2026-06-01 19:36:06,641: -PUB [/mavros/imu/data_raw] /mavros http://localhost:46667/
[rosmaster.master][INFO] 2026-06-01 19:36:06,642: -PUB [/mavros/landing_target/pose_in] /mavros http://localhost:46667/
[rosmaster.master][INFO] 2026-06-01 19:36:06,642: -PUB [/mavros/landing_target/lt_marker] /mavros http://localhost:46667/
[rosmaster.master][INFO] 2026-06-01 19:36:06,642: -PUB [/mavros/local_position/pose] /mavros http://localhost:46667/
[rosmaster.master][INFO] 2026-06-01 19:36:06,643: -PUB [/mavros/local_position/pose_cov] /mavros http://localhost:46667/
[rosmaster.master][INFO] 2026-06-01 19:36:06,643: -PUB [/mavros/local_position/velocity_local] /mavros http://localhost:46667/
[rosmaster.master][INFO] 2026-06-01 19:36:06,643: -PUB [/mavros/local_position/velocity_body] /mavros http://localhost:46667/
[rosmaster.master][INFO] 2026-06-01 19:36:06,644: -PUB [/mavros/local_position/velocity_body_cov] /mavros http://localhost:46667/
[rosmaster.master][INFO] 2026-06-01 19:36:06,644: -PUB [/mavros/local_position/accel] /mavros http://localhost:46667/
[rosmaster.master][INFO] 2026-06-01 19:36:06,644: -PUB [/mavros/local_position/odom] /mavros http://localhost:46667/
[rosmaster.master][INFO] 2026-06-01 19:36:06,644: -PUB [/mavros/log_transfer/raw/log_entry] /mavros http://localhost:46667/
[rosmaster.master][INFO] 2026-06-01 19:36:06,645: -PUB [/mavros/log_transfer/raw/log_data] /mavros http://localhost:46667/
[rosmaster.master][INFO] 2026-06-01 19:36:06,645: -PUB [/mavros/mag_calibration/status] /mavros http://localhost:46667/
[rosmaster.master][INFO] 2026-06-01 19:36:06,645: -PUB [/mavros/mag_calibration/report] /mavros http://localhost:46667/
[rosmaster.master][INFO] 2026-06-01 19:36:06,646: -PUB [/mavros/manual_control/control] /mavros http://localhost:46667/
[rosmaster.master][INFO] 2026-06-01 19:36:06,646: -PUB [/mavros/mount_control/orientation] /mavros http://localhost:46667/
[rosmaster.master][INFO] 2026-06-01 19:36:06,647: -PUB [/mavros/mount_control/status] /mavros http://localhost:46667/
[rosmaster.master][INFO] 2026-06-01 19:36:06,647: -PUB [/mavros/nav_controller_output] /mavros http://localhost:46667/
[rosmaster.master][INFO] 2026-06-01 19:36:06,647: -PUB [/mavros/odometry/in] /mavros http://localhost:46667/
[rosmaster.master][INFO] 2026-06-01 19:36:06,648: -PUB [/mavros/param/param_value] /mavros http://localhost:46667/
[rosmaster.master][INFO] 2026-06-01 19:36:06,648: -PUB [/mavros/rallypoint/waypoints] /mavros http://localhost:46667/
[rosmaster.master][INFO] 2026-06-01 19:36:06,648: -PUB [/mavros/rangefinder/rangefinder] /mavros http://localhost:46667/
[rosmaster.master][INFO] 2026-06-01 19:36:06,649: -PUB [/mavros/rc/in] /mavros http://localhost:46667/
[rosmaster.master][INFO] 2026-06-01 19:36:06,649: -PUB [/mavros/rc/out] /mavros http://localhost:46667/
[rosmaster.master][INFO] 2026-06-01 19:36:06,649: -PUB [/mavros/setpoint_raw/target_local] /mavros http://localhost:46667/
[rosmaster.master][INFO] 2026-06-01 19:36:06,650: -PUB [/mavros/setpoint_raw/target_global] /mavros http://localhost:46667/
[rosmaster.master][INFO] 2026-06-01 19:36:06,650: -PUB [/mavros/setpoint_raw/target_attitude] /mavros http://localhost:46667/
[rosmaster.master][INFO] 2026-06-01 19:36:06,650: -PUB [/mavros/setpoint_trajectory/desired] /mavros http://localhost:46667/
[rosmaster.master][INFO] 2026-06-01 19:36:06,651: -PUB [/mavros/state] /mavros http://localhost:46667/
[rosmaster.master][INFO] 2026-06-01 19:36:06,651: -PUB [/mavros/extended_state] /mavros http://localhost:46667/
[rosmaster.master][INFO] 2026-06-01 19:36:06,651: -PUB [/mavros/battery] /mavros http://localhost:46667/
[rosmaster.master][INFO] 2026-06-01 19:36:06,652: -PUB [/mavros/estimator_status] /mavros http://localhost:46667/
[rosmaster.master][INFO] 2026-06-01 19:36:06,652: -PUB [/mavros/statustext/recv] /mavros http://localhost:46667/
[rosmaster.master][INFO] 2026-06-01 19:36:06,653: -PUB [/mavros/sys_status] /mavros http://localhost:46667/
[rosmaster.master][INFO] 2026-06-01 19:36:06,653: -PUB [/mavros/time_reference] /mavros http://localhost:46667/
[rosmaster.master][INFO] 2026-06-01 19:36:06,653: -PUB [/mavros/timesync_status] /mavros http://localhost:46667/
[rosmaster.master][INFO] 2026-06-01 19:36:06,653: -PUB [/mavros/terrain/report] /mavros http://localhost:46667/
[rosmaster.master][INFO] 2026-06-01 19:36:06,654: -PUB [/mavros/trajectory/desired] /mavros http://localhost:46667/
[rosmaster.master][INFO] 2026-06-01 19:36:06,654: -PUB [/mavros/tunnel/out] /mavros http://localhost:46667/
[rosmaster.master][INFO] 2026-06-01 19:36:06,654: -PUB [/mavros/vfr_hud] /mavros http://localhost:46667/
[rosmaster.master][INFO] 2026-06-01 19:36:06,655: -PUB [/mavros/mission/waypoints] /mavros http://localhost:46667/
[rosmaster.master][INFO] 2026-06-01 19:36:06,655: -PUB [/mavros/mission/reached] /mavros http://localhost:46667/
[rosmaster.master][INFO] 2026-06-01 19:36:06,655: -PUB [/mavros/wind_estimation] /mavros http://localhost:46667/
[rosmaster.master][INFO] 2026-06-01 19:36:06,656: -PUB [/mavlink/gcs_ip] /mavros http://localhost:46667/
[rosmaster.master][INFO] 2026-06-01 19:36:06,656: -SUB [/tf] /mavros http://localhost:46667/
[rosmaster.master][INFO] 2026-06-01 19:36:06,657: -SUB [/tf_static] /mavros http://localhost:46667/
[rosmaster.master][INFO] 2026-06-01 19:36:06,657: -SUB [/mavlink/to] /mavros http://localhost:46667/
[rosmaster.master][INFO] 2026-06-01 19:36:06,657: -SUB [/mavros/adsb/send] /mavros http://localhost:46667/
[rosmaster.master][INFO] 2026-06-01 19:36:06,658: -SUB [/mavros/cellular_status/status] /mavros http://localhost:46667/
[rosmaster.master][INFO] 2026-06-01 19:36:06,658: -SUB [/mavros/companion_process/status] /mavros http://localhost:46667/
[rosmaster.master][INFO] 2026-06-01 19:36:06,658: -SUB [/mavros/distance_sensor/rangefinder_sub] /mavros http://localhost:46667/
[rosmaster.master][INFO] 2026-06-01 19:36:06,659: -SUB [/mavros/fake_gps/mocap/pose] /mavros http://localhost:46667/
[rosmaster.master][INFO] 2026-06-01 19:36:06,659: -SUB [/mavros/global_position/set_gp_origin] /mavros http://localhost:46667/
[rosmaster.master][INFO] 2026-06-01 19:36:06,659: -SUB [/mavros/home_position/home] /mavros http://localhost:46667/
[rosmaster.master][INFO] 2026-06-01 19:36:06,660: -SUB [/mavros/gps_input/gps_input] /mavros http://localhost:46667/
[rosmaster.master][INFO] 2026-06-01 19:36:06,660: -SUB [/mavros/gps_rtk/send_rtcm] /mavros http://localhost:46667/
[rosmaster.master][INFO] 2026-06-01 19:36:06,660: -SUB [/mavros/global_position/gp_origin] /mavros http://localhost:46667/
[rosmaster.master][INFO] 2026-06-01 19:36:06,661: -SUB [/mavros/home_position/set] /mavros http://localhost:46667/
[rosmaster.master][INFO] 2026-06-01 19:36:06,661: -SUB [/mavros/landing_target/pose] /mavros http://localhost:46667/
[rosmaster.master][INFO] 2026-06-01 19:36:06,661: -SUB [/mavros/manual_control/send] /mavros http://localhost:46667/
[rosmaster.master][INFO] 2026-06-01 19:36:06,661: -SUB [/mavros/mocap/pose] /mavros http://localhost:46667/
[rosmaster.master][INFO] 2026-06-01 19:36:06,662: -SUB [/mavros/mount_control/command] /mavros http://localhost:46667/
[rosmaster.master][INFO] 2026-06-01 19:36:06,662: -SUB [/mavros/obstacle/send] /mavros http://localhost:46667/
[rosmaster.master][INFO] 2026-06-01 19:36:06,662: -SUB [/mavros/odometry/out] /mavros http://localhost:46667/
[rosmaster.master][INFO] 2026-06-01 19:36:06,662: -SUB [/mavros/onboard_computer/status] /mavros http://localhost:46667/
[rosmaster.master][INFO] 2026-06-01 19:36:06,663: -SUB [/mavros/play_tune] /mavros http://localhost:46667/
[rosmaster.master][INFO] 2026-06-01 19:36:06,663: -SUB [/mavros/rc/override] /mavros http://localhost:46667/
[rosmaster.master][INFO] 2026-06-01 19:36:06,663: -SUB [/mavros/setpoint_accel/accel] /mavros http://localhost:46667/
[rosmaster.master][INFO] 2026-06-01 19:36:06,664: -SUB [/mavros/setpoint_attitude/thrust] /mavros http://localhost:46667/
[rosmaster.master][INFO] 2026-06-01 19:36:06,664: -SUB [/mavros/setpoint_attitude/cmd_vel] /mavros http://localhost:46667/
[rosmaster.master][INFO] 2026-06-01 19:36:06,664: -SUB [/mavros/setpoint_position/local] /mavros http://localhost:46667/
[rosmaster.master][INFO] 2026-06-01 19:36:06,664: -SUB [/mavros/setpoint_position/global] /mavros http://localhost:46667/
[rosmaster.master][INFO] 2026-06-01 19:36:06,665: -SUB [/mavros/setpoint_position/global_to_local] /mavros http://localhost:46667/
[rosmaster.master][INFO] 2026-06-01 19:36:06,665: -SUB [/mavros/global_position/global] /mavros http://localhost:46667/
[rosmaster.master][INFO] 2026-06-01 19:36:06,665: -SUB [/mavros/local_position/pose] /mavros http://localhost:46667/
[rosmaster.master][INFO] 2026-06-01 19:36:06,665: -SUB [/mavros/setpoint_raw/local] /mavros http://localhost:46667/
[rosmaster.master][INFO] 2026-06-01 19:36:06,666: -SUB [/mavros/setpoint_raw/global] /mavros http://localhost:46667/
[rosmaster.master][INFO] 2026-06-01 19:36:06,666: -SUB [/mavros/setpoint_raw/attitude] /mavros http://localhost:46667/
[rosmaster.master][INFO] 2026-06-01 19:36:06,666: -SUB [/mavros/setpoint_trajectory/local] /mavros http://localhost:46667/
[rosmaster.master][INFO] 2026-06-01 19:36:06,666: -SUB [/mavros/setpoint_velocity/cmd_vel] /mavros http://localhost:46667/
[rosmaster.master][INFO] 2026-06-01 19:36:06,667: -SUB [/mavros/setpoint_velocity/cmd_vel_unstamped] /mavros http://localhost:46667/
[rosmaster.master][INFO] 2026-06-01 19:36:06,667: -SUB [/mavros/statustext/send] /mavros http://localhost:46667/
[rosmaster.master][INFO] 2026-06-01 19:36:06,667: -SUB [/mavros/trajectory/generated] /mavros http://localhost:46667/
[rosmaster.master][INFO] 2026-06-01 19:36:06,668: -SUB [/mavros/trajectory/path] /mavros http://localhost:46667/
[rosmaster.master][INFO] 2026-06-01 19:36:06,668: -SUB [/mavros/tunnel/in] /mavros http://localhost:46667/
[rosmaster.master][INFO] 2026-06-01 19:36:06,668: -SUB [/mavros/vision_pose/pose] /mavros http://localhost:46667/
[rosmaster.master][INFO] 2026-06-01 19:36:06,668: -SUB [/mavros/vision_pose/pose_cov] /mavros http://localhost:46667/
[rosmaster.master][INFO] 2026-06-01 19:36:06,669: -SERVICE [/mavros/get_loggers] /mavros rosrpc://localhost:39003
[rosmaster.master][INFO] 2026-06-01 19:36:06,669: -SERVICE [/mavros/set_logger_level] /mavros rosrpc://localhost:39003
[rosmaster.master][INFO] 2026-06-01 19:36:06,669: -SERVICE [/mavros/cmd/command] /mavros rosrpc://localhost:39003
[rosmaster.master][INFO] 2026-06-01 19:36:06,670: -SERVICE [/mavros/cmd/command_ack] /mavros rosrpc://localhost:39003
[rosmaster.master][INFO] 2026-06-01 19:36:06,670: -SERVICE [/mavros/cmd/command_int] /mavros rosrpc://localhost:39003
[rosmaster.master][INFO] 2026-06-01 19:36:06,670: -SERVICE [/mavros/cmd/arming] /mavros rosrpc://localhost:39003
[rosmaster.master][INFO] 2026-06-01 19:36:06,670: -SERVICE [/mavros/cmd/set_home] /mavros rosrpc://localhost:39003
[rosmaster.master][INFO] 2026-06-01 19:36:06,671: -SERVICE [/mavros/cmd/takeoff] /mavros rosrpc://localhost:39003
[rosmaster.master][INFO] 2026-06-01 19:36:06,671: -SERVICE [/mavros/cmd/land] /mavros rosrpc://localhost:39003
[rosmaster.master][INFO] 2026-06-01 19:36:06,671: -SERVICE [/mavros/cmd/trigger_control] /mavros rosrpc://localhost:39003
[rosmaster.master][INFO] 2026-06-01 19:36:06,672: -SERVICE [/mavros/cmd/trigger_interval] /mavros rosrpc://localhost:39003
[rosmaster.master][INFO] 2026-06-01 19:36:06,672: -SERVICE [/mavros/cmd/vtol_transition] /mavros rosrpc://localhost:39003
[rosmaster.master][INFO] 2026-06-01 19:36:06,672: -SERVICE [/mavros/geofence/pull] /mavros rosrpc://localhost:39003
[rosmaster.master][INFO] 2026-06-01 19:36:06,672: -SERVICE [/mavros/geofence/push] /mavros rosrpc://localhost:39003
[rosmaster.master][INFO] 2026-06-01 19:36:06,673: -SERVICE [/mavros/geofence/clear] /mavros rosrpc://localhost:39003
[rosmaster.master][INFO] 2026-06-01 19:36:06,673: -SERVICE [/mavros/home_position/req_update] /mavros rosrpc://localhost:39003
[rosmaster.master][INFO] 2026-06-01 19:36:06,674: -SERVICE [/mavros/log_transfer/raw/log_request_list] /mavros rosrpc://localhost:39003
[rosmaster.master][INFO] 2026-06-01 19:36:06,674: -SERVICE [/mavros/log_transfer/raw/log_request_data] /mavros rosrpc://localhost:39003
[rosmaster.master][INFO] 2026-06-01 19:36:06,674: -SERVICE [/mavros/log_transfer/raw/log_request_end] /mavros rosrpc://localhost:39003
[rosmaster.master][INFO] 2026-06-01 19:36:06,675: -SERVICE [/mavros/log_transfer/raw/log_request_erase] /mavros rosrpc://localhost:39003
[rosmaster.master][INFO] 2026-06-01 19:36:06,675: -SERVICE [/mavros/mount_control/configure] /mavros rosrpc://localhost:39003
[rosmaster.master][INFO] 2026-06-01 19:36:06,675: -SERVICE [/mavros/param/pull] /mavros rosrpc://localhost:39003
[rosmaster.master][INFO] 2026-06-01 19:36:06,676: -SERVICE [/mavros/param/push] /mavros rosrpc://localhost:39003
[rosmaster.master][INFO] 2026-06-01 19:36:06,676: -SERVICE [/mavros/param/set] /mavros rosrpc://localhost:39003
[rosmaster.master][INFO] 2026-06-01 19:36:06,676: -SERVICE [/mavros/param/get] /mavros rosrpc://localhost:39003
[rosmaster.master][INFO] 2026-06-01 19:36:06,677: -SERVICE [/mavros/rallypoint/pull] /mavros rosrpc://localhost:39003
[rosmaster.master][INFO] 2026-06-01 19:36:06,677: -SERVICE [/mavros/rallypoint/push] /mavros rosrpc://localhost:39003
[rosmaster.master][INFO] 2026-06-01 19:36:06,677: -SERVICE [/mavros/rallypoint/clear] /mavros rosrpc://localhost:39003
[rosmaster.master][INFO] 2026-06-01 19:36:06,677: -SERVICE [/mavros/setpoint_position/mav_frame] /mavros rosrpc://localhost:39003
[rosmaster.master][INFO] 2026-06-01 19:36:06,678: -SERVICE [/mavros/setpoint_trajectory/reset] /mavros rosrpc://localhost:39003
[rosmaster.master][INFO] 2026-06-01 19:36:06,678: -SERVICE [/mavros/setpoint_trajectory/mav_frame] /mavros rosrpc://localhost:39003
[rosmaster.master][INFO] 2026-06-01 19:36:06,679: -SERVICE [/mavros/setpoint_velocity/mav_frame] /mavros rosrpc://localhost:39003
[rosmaster.master][INFO] 2026-06-01 19:36:06,679: -SERVICE [/mavros/set_stream_rate] /mavros rosrpc://localhost:39003
[rosmaster.master][INFO] 2026-06-01 19:36:06,679: -SERVICE [/mavros/set_mode] /mavros rosrpc://localhost:39003
[rosmaster.master][INFO] 2026-06-01 19:36:06,680: -SERVICE [/mavros/vehicle_info_get] /mavros rosrpc://localhost:39003
[rosmaster.master][INFO] 2026-06-01 19:36:06,680: -SERVICE [/mavros/set_message_interval] /mavros rosrpc://localhost:39003
[rosmaster.master][INFO] 2026-06-01 19:36:06,680: -SERVICE [/mavros/mission/pull] /mavros rosrpc://localhost:39003
[rosmaster.master][INFO] 2026-06-01 19:36:06,680: -SERVICE [/mavros/mission/push] /mavros rosrpc://localhost:39003
[rosmaster.master][INFO] 2026-06-01 19:36:06,681: -SERVICE [/mavros/mission/clear] /mavros rosrpc://localhost:39003
[rosmaster.master][INFO] 2026-06-01 19:36:06,681: -SERVICE [/mavros/mission/set_current] /mavros rosrpc://localhost:39003
[rosmaster.master][INFO] 2026-06-01 19:36:06,683: -CACHEDPARAM [/mavros/diagnostic_period] by /mavros
[rosmaster.main][INFO] 2026-06-01 19:36:06,684: keyboard interrupt, will exit
[rosmaster.master][INFO] 2026-06-01 19:36:06,684: publisherUpdate[/tf] -> http://localhost:46667/ []
[rosmaster.master][INFO] 2026-06-01 19:36:06,684: -CACHEDPARAM [/rosout_disable_topics_generation] by /mavros
[rosmaster.main][INFO] 2026-06-01 19:36:06,684: stopping master...
[rospy.core][INFO] 2026-06-01 19:36:06,685: signal_shutdown [atexit]
[rosmaster.master][INFO] 2026-06-01 19:36:06,685: publisherUpdate[/tf] -> http://localhost:46667/ []: sec=0.00, exception=<Fault -1: 'publisherUpdate: unknown method name'>
[rosmaster.threadpool][ERROR] 2026-06-01 19:36:06,687: Traceback (most recent call last):
  File "/opt/ros/noetic/lib/python3/dist-packages/rosmaster/threadpool.py", line 218, in run
    result = cmd(*args)
  File "/opt/ros/noetic/lib/python3/dist-packages/rosmaster/master_api.py", line 210, in publisher_update_task
    ret = xmlrpcapi(api).publisherUpdate('/master', topic, pub_uris)
  File "/usr/lib/python3.8/xmlrpc/client.py", line 1109, in __call__
    return self.__send(self.__name, args)
  File "/usr/lib/python3.8/xmlrpc/client.py", line 1450, in __request
    response = self.__transport.request(
  File "/usr/lib/python3.8/xmlrpc/client.py", line 1153, in request
    return self.single_request(host, handler, request_body, verbose)
  File "/usr/lib/python3.8/xmlrpc/client.py", line 1169, in single_request
    return self.parse_response(resp)
  File "/usr/lib/python3.8/xmlrpc/client.py", line 1341, in parse_response
    return u.close()
  File "/usr/lib/python3.8/xmlrpc/client.py", line 655, in close
    raise Fault(**self._stack[0])
xmlrpc.client.Fault: <Fault -1: 'publisherUpdate: unknown method name'>

