[rosmaster.main][INFO] 2026-06-24 15:13:53,824: initialization complete, waiting for shutdown
[rosmaster.main][INFO] 2026-06-24 15:13:53,824: Starting ROS Master Node
[xmlrpc][INFO] 2026-06-24 15:13:53,825: XML-RPC server binding to 127.0.0.1:11311
[xmlrpc][INFO] 2026-06-24 15:13:53,825: Started XML-RPC server [http://localhost:11311/]
[xmlrpc][INFO] 2026-06-24 15:13:53,826: xml rpc node: starting XML-RPC server
[rosmaster.master][INFO] 2026-06-24 15:13:53,826: Master initialized: port[11311], uri[http://localhost:11311/]
[rosmaster.master][INFO] 2026-06-24 15:13:53,911: +PARAM [/run_id] by /roslaunch
[rosmaster.master][INFO] 2026-06-24 15:13:53,912: +PARAM [/roslaunch/uris/host_localhost__37999] by /roslaunch
[rosmaster.master][INFO] 2026-06-24 15:13:53,950: +PARAM [/rosversion] by /roslaunch
[rosmaster.master][INFO] 2026-06-24 15:13:53,950: +PARAM [/rosdistro] by /roslaunch
[rosmaster.master][INFO] 2026-06-24 15:13:54,034: +SERVICE [/rosout/get_loggers] /rosout http://localhost:46411/
[rosmaster.master][INFO] 2026-06-24 15:13:54,034: +SERVICE [/rosout/set_logger_level] /rosout http://localhost:46411/
[rosmaster.master][INFO] 2026-06-24 15:13:54,036: +PUB [/rosout_agg] /rosout http://localhost:46411/
[rosmaster.master][INFO] 2026-06-24 15:13:54,041: +SUB [/rosout] /rosout http://localhost:46411/
[rosmaster.master][INFO] 2026-06-24 15:13:59,441: +PARAM [/roslaunch/uris/host_localhost__44519] by /roslaunch
[rosmaster.master][INFO] 2026-06-24 15:13:59,448: +PARAM [/rosversion] by /roslaunch
[rosmaster.master][INFO] 2026-06-24 15:13:59,448: +PARAM [/rosdistro] by /roslaunch
[rosmaster.master][INFO] 2026-06-24 15:13:59,448: +PARAM [/mavros/plugin_blacklist] by /roslaunch
[rosmaster.master][INFO] 2026-06-24 15:13:59,448: +PARAM [/mavros/plugin_whitelist] by /roslaunch
[rosmaster.master][INFO] 2026-06-24 15:13:59,448: +PARAM [/mavros/startup_px4_usb_quirk] by /roslaunch
[rosmaster.master][INFO] 2026-06-24 15:13:59,449: +PARAM [/mavros/conn/heartbeat_rate] by /roslaunch
[rosmaster.master][INFO] 2026-06-24 15:13:59,449: +PARAM [/mavros/conn/heartbeat_mav_type] by /roslaunch
[rosmaster.master][INFO] 2026-06-24 15:13:59,449: +PARAM [/mavros/conn/timeout] by /roslaunch
[rosmaster.master][INFO] 2026-06-24 15:13:59,449: +PARAM [/mavros/conn/timesync_rate] by /roslaunch
[rosmaster.master][INFO] 2026-06-24 15:13:59,449: +PARAM [/mavros/conn/system_time_rate] by /roslaunch
[rosmaster.master][INFO] 2026-06-24 15:13:59,449: +PARAM [/mavros/sys/min_voltage] by /roslaunch
[rosmaster.master][INFO] 2026-06-24 15:13:59,449: +PARAM [/mavros/sys/disable_diag] by /roslaunch
[rosmaster.master][INFO] 2026-06-24 15:13:59,449: +PARAM [/mavros/time/time_ref_source] by /roslaunch
[rosmaster.master][INFO] 2026-06-24 15:13:59,449: +PARAM [/mavros/time/timesync_mode] by /roslaunch
[rosmaster.master][INFO] 2026-06-24 15:13:59,450: +PARAM [/mavros/time/timesync_avg_alpha] by /roslaunch
[rosmaster.master][INFO] 2026-06-24 15:13:59,450: +PARAM [/mavros/tdr_radio/low_rssi] by /roslaunch
[rosmaster.master][INFO] 2026-06-24 15:13:59,450: +PARAM [/mavros/cmd/use_comp_id_system_control] by /roslaunch
[rosmaster.master][INFO] 2026-06-24 15:13:59,450: +PARAM [/mavros/global_position/frame_id] by /roslaunch
[rosmaster.master][INFO] 2026-06-24 15:13:59,450: +PARAM [/mavros/global_position/child_frame_id] by /roslaunch
[rosmaster.master][INFO] 2026-06-24 15:13:59,450: +PARAM [/mavros/global_position/rot_covariance] by /roslaunch
[rosmaster.master][INFO] 2026-06-24 15:13:59,450: +PARAM [/mavros/global_position/gps_uere] by /roslaunch
[rosmaster.master][INFO] 2026-06-24 15:13:59,450: +PARAM [/mavros/global_position/use_relative_alt] by /roslaunch
[rosmaster.master][INFO] 2026-06-24 15:13:59,450: +PARAM [/mavros/global_position/tf/send] by /roslaunch
[rosmaster.master][INFO] 2026-06-24 15:13:59,450: +PARAM [/mavros/global_position/tf/frame_id] by /roslaunch
[rosmaster.master][INFO] 2026-06-24 15:13:59,450: +PARAM [/mavros/global_position/tf/global_frame_id] by /roslaunch
[rosmaster.master][INFO] 2026-06-24 15:13:59,450: +PARAM [/mavros/global_position/tf/child_frame_id] by /roslaunch
[rosmaster.master][INFO] 2026-06-24 15:13:59,450: +PARAM [/mavros/imu/frame_id] by /roslaunch
[rosmaster.master][INFO] 2026-06-24 15:13:59,450: +PARAM [/mavros/imu/linear_acceleration_stdev] by /roslaunch
[rosmaster.master][INFO] 2026-06-24 15:13:59,450: +PARAM [/mavros/imu/angular_velocity_stdev] by /roslaunch
[rosmaster.master][INFO] 2026-06-24 15:13:59,450: +PARAM [/mavros/imu/orientation_stdev] by /roslaunch
[rosmaster.master][INFO] 2026-06-24 15:13:59,450: +PARAM [/mavros/imu/magnetic_stdev] by /roslaunch
[rosmaster.master][INFO] 2026-06-24 15:13:59,450: +PARAM [/mavros/local_position/frame_id] by /roslaunch
[rosmaster.master][INFO] 2026-06-24 15:13:59,450: +PARAM [/mavros/local_position/tf/send] by /roslaunch
[rosmaster.master][INFO] 2026-06-24 15:13:59,450: +PARAM [/mavros/local_position/tf/frame_id] by /roslaunch
[rosmaster.master][INFO] 2026-06-24 15:13:59,450: +PARAM [/mavros/local_position/tf/child_frame_id] by /roslaunch
[rosmaster.master][INFO] 2026-06-24 15:13:59,450: +PARAM [/mavros/local_position/tf/send_fcu] by /roslaunch
[rosmaster.master][INFO] 2026-06-24 15:13:59,450: +PARAM [/mavros/safety_area/p1/x] by /roslaunch
[rosmaster.master][INFO] 2026-06-24 15:13:59,450: +PARAM [/mavros/safety_area/p1/y] by /roslaunch
[rosmaster.master][INFO] 2026-06-24 15:13:59,450: +PARAM [/mavros/safety_area/p1/z] by /roslaunch
[rosmaster.master][INFO] 2026-06-24 15:13:59,451: +PARAM [/mavros/safety_area/p2/x] by /roslaunch
[rosmaster.master][INFO] 2026-06-24 15:13:59,451: +PARAM [/mavros/safety_area/p2/y] by /roslaunch
[rosmaster.master][INFO] 2026-06-24 15:13:59,451: +PARAM [/mavros/safety_area/p2/z] by /roslaunch
[rosmaster.master][INFO] 2026-06-24 15:13:59,451: +PARAM [/mavros/setpoint_accel/send_force] by /roslaunch
[rosmaster.master][INFO] 2026-06-24 15:13:59,451: +PARAM [/mavros/setpoint_attitude/reverse_thrust] by /roslaunch
[rosmaster.master][INFO] 2026-06-24 15:13:59,451: +PARAM [/mavros/setpoint_attitude/use_quaternion] by /roslaunch
[rosmaster.master][INFO] 2026-06-24 15:13:59,451: +PARAM [/mavros/setpoint_attitude/tf/listen] by /roslaunch
[rosmaster.master][INFO] 2026-06-24 15:13:59,451: +PARAM [/mavros/setpoint_attitude/tf/frame_id] by /roslaunch
[rosmaster.master][INFO] 2026-06-24 15:13:59,451: +PARAM [/mavros/setpoint_attitude/tf/child_frame_id] by /roslaunch
[rosmaster.master][INFO] 2026-06-24 15:13:59,451: +PARAM [/mavros/setpoint_attitude/tf/rate_limit] by /roslaunch
[rosmaster.master][INFO] 2026-06-24 15:13:59,451: +PARAM [/mavros/setpoint_raw/thrust_scaling] by /roslaunch
[rosmaster.master][INFO] 2026-06-24 15:13:59,451: +PARAM [/mavros/setpoint_position/tf/listen] by /roslaunch
[rosmaster.master][INFO] 2026-06-24 15:13:59,451: +PARAM [/mavros/setpoint_position/tf/frame_id] by /roslaunch
[rosmaster.master][INFO] 2026-06-24 15:13:59,451: +PARAM [/mavros/setpoint_position/tf/child_frame_id] by /roslaunch
[rosmaster.master][INFO] 2026-06-24 15:13:59,451: +PARAM [/mavros/setpoint_position/tf/rate_limit] by /roslaunch
[rosmaster.master][INFO] 2026-06-24 15:13:59,451: +PARAM [/mavros/setpoint_position/mav_frame] by /roslaunch
[rosmaster.master][INFO] 2026-06-24 15:13:59,451: +PARAM [/mavros/guided_target/tf/listen] by /roslaunch
[rosmaster.master][INFO] 2026-06-24 15:13:59,451: +PARAM [/mavros/guided_target/tf/frame_id] by /roslaunch
[rosmaster.master][INFO] 2026-06-24 15:13:59,451: +PARAM [/mavros/guided_target/tf/child_frame_id] by /roslaunch
[rosmaster.master][INFO] 2026-06-24 15:13:59,451: +PARAM [/mavros/guided_target/tf/rate_limit] by /roslaunch
[rosmaster.master][INFO] 2026-06-24 15:13:59,451: +PARAM [/mavros/setpoint_velocity/mav_frame] by /roslaunch
[rosmaster.master][INFO] 2026-06-24 15:13:59,451: +PARAM [/mavros/mission/pull_after_gcs] by /roslaunch
[rosmaster.master][INFO] 2026-06-24 15:13:59,451: +PARAM [/mavros/mission/use_mission_item_int] by /roslaunch
[rosmaster.master][INFO] 2026-06-24 15:13:59,451: +PARAM [/mavros/distance_sensor/rangefinder_pub/id] by /roslaunch
[rosmaster.master][INFO] 2026-06-24 15:13:59,451: +PARAM [/mavros/distance_sensor/rangefinder_pub/frame_id] by /roslaunch
[rosmaster.master][INFO] 2026-06-24 15:13:59,451: +PARAM [/mavros/distance_sensor/rangefinder_pub/field_of_view] by /roslaunch
[rosmaster.master][INFO] 2026-06-24 15:13:59,451: +PARAM [/mavros/distance_sensor/rangefinder_pub/send_tf] by /roslaunch
[rosmaster.master][INFO] 2026-06-24 15:13:59,451: +PARAM [/mavros/distance_sensor/rangefinder_pub/sensor_position/x] by /roslaunch
[rosmaster.master][INFO] 2026-06-24 15:13:59,451: +PARAM [/mavros/distance_sensor/rangefinder_pub/sensor_position/y] by /roslaunch
[rosmaster.master][INFO] 2026-06-24 15:13:59,451: +PARAM [/mavros/distance_sensor/rangefinder_pub/sensor_position/z] by /roslaunch
[rosmaster.master][INFO] 2026-06-24 15:13:59,452: +PARAM [/mavros/distance_sensor/rangefinder_sub/subscriber] by /roslaunch
[rosmaster.master][INFO] 2026-06-24 15:13:59,452: +PARAM [/mavros/distance_sensor/rangefinder_sub/id] by /roslaunch
[rosmaster.master][INFO] 2026-06-24 15:13:59,452: +PARAM [/mavros/distance_sensor/rangefinder_sub/orientation] by /roslaunch
[rosmaster.master][INFO] 2026-06-24 15:13:59,452: +PARAM [/mavros/image/frame_id] by /roslaunch
[rosmaster.master][INFO] 2026-06-24 15:13:59,452: +PARAM [/mavros/fake_gps/use_mocap] by /roslaunch
[rosmaster.master][INFO] 2026-06-24 15:13:59,452: +PARAM [/mavros/fake_gps/mocap_transform] by /roslaunch
[rosmaster.master][INFO] 2026-06-24 15:13:59,452: +PARAM [/mavros/fake_gps/mocap_withcovariance] by /roslaunch
[rosmaster.master][INFO] 2026-06-24 15:13:59,452: +PARAM [/mavros/fake_gps/use_vision] by /roslaunch
[rosmaster.master][INFO] 2026-06-24 15:13:59,452: +PARAM [/mavros/fake_gps/use_hil_gps] by /roslaunch
[rosmaster.master][INFO] 2026-06-24 15:13:59,452: +PARAM [/mavros/fake_gps/gps_id] by /roslaunch
[rosmaster.master][INFO] 2026-06-24 15:13:59,452: +PARAM [/mavros/fake_gps/geo_origin/lat] by /roslaunch
[rosmaster.master][INFO] 2026-06-24 15:13:59,452: +PARAM [/mavros/fake_gps/geo_origin/lon] by /roslaunch
[rosmaster.master][INFO] 2026-06-24 15:13:59,452: +PARAM [/mavros/fake_gps/geo_origin/alt] by /roslaunch
[rosmaster.master][INFO] 2026-06-24 15:13:59,452: +PARAM [/mavros/fake_gps/eph] by /roslaunch
[rosmaster.master][INFO] 2026-06-24 15:13:59,452: +PARAM [/mavros/fake_gps/epv] by /roslaunch
[rosmaster.master][INFO] 2026-06-24 15:13:59,452: +PARAM [/mavros/fake_gps/horiz_accuracy] by /roslaunch
[rosmaster.master][INFO] 2026-06-24 15:13:59,452: +PARAM [/mavros/fake_gps/vert_accuracy] by /roslaunch
[rosmaster.master][INFO] 2026-06-24 15:13:59,452: +PARAM [/mavros/fake_gps/speed_accuracy] by /roslaunch
[rosmaster.master][INFO] 2026-06-24 15:13:59,452: +PARAM [/mavros/fake_gps/satellites_visible] by /roslaunch
[rosmaster.master][INFO] 2026-06-24 15:13:59,452: +PARAM [/mavros/fake_gps/fix_type] by /roslaunch
[rosmaster.master][INFO] 2026-06-24 15:13:59,452: +PARAM [/mavros/fake_gps/tf/listen] by /roslaunch
[rosmaster.master][INFO] 2026-06-24 15:13:59,452: +PARAM [/mavros/fake_gps/tf/send] by /roslaunch
[rosmaster.master][INFO] 2026-06-24 15:13:59,452: +PARAM [/mavros/fake_gps/tf/frame_id] by /roslaunch
[rosmaster.master][INFO] 2026-06-24 15:13:59,452: +PARAM [/mavros/fake_gps/tf/child_frame_id] by /roslaunch
[rosmaster.master][INFO] 2026-06-24 15:13:59,452: +PARAM [/mavros/fake_gps/tf/rate_limit] by /roslaunch
[rosmaster.master][INFO] 2026-06-24 15:13:59,452: +PARAM [/mavros/fake_gps/gps_rate] by /roslaunch
[rosmaster.master][INFO] 2026-06-24 15:13:59,452: +PARAM [/mavros/landing_target/listen_lt] by /roslaunch
[rosmaster.master][INFO] 2026-06-24 15:13:59,452: +PARAM [/mavros/landing_target/mav_frame] by /roslaunch
[rosmaster.master][INFO] 2026-06-24 15:13:59,452: +PARAM [/mavros/landing_target/land_target_type] by /roslaunch
[rosmaster.master][INFO] 2026-06-24 15:13:59,452: +PARAM [/mavros/landing_target/image/width] by /roslaunch
[rosmaster.master][INFO] 2026-06-24 15:13:59,452: +PARAM [/mavros/landing_target/image/height] by /roslaunch
[rosmaster.master][INFO] 2026-06-24 15:13:59,452: +PARAM [/mavros/landing_target/camera/fov_x] by /roslaunch
[rosmaster.master][INFO] 2026-06-24 15:13:59,452: +PARAM [/mavros/landing_target/camera/fov_y] by /roslaunch
[rosmaster.master][INFO] 2026-06-24 15:13:59,452: +PARAM [/mavros/landing_target/tf/send] by /roslaunch
[rosmaster.master][INFO] 2026-06-24 15:13:59,452: +PARAM [/mavros/landing_target/tf/listen] by /roslaunch
[rosmaster.master][INFO] 2026-06-24 15:13:59,452: +PARAM [/mavros/landing_target/tf/frame_id] by /roslaunch
[rosmaster.master][INFO] 2026-06-24 15:13:59,452: +PARAM [/mavros/landing_target/tf/child_frame_id] by /roslaunch
[rosmaster.master][INFO] 2026-06-24 15:13:59,453: +PARAM [/mavros/landing_target/tf/rate_limit] by /roslaunch
[rosmaster.master][INFO] 2026-06-24 15:13:59,453: +PARAM [/mavros/landing_target/target_size/x] by /roslaunch
[rosmaster.master][INFO] 2026-06-24 15:13:59,453: +PARAM [/mavros/landing_target/target_size/y] by /roslaunch
[rosmaster.master][INFO] 2026-06-24 15:13:59,453: +PARAM [/mavros/mocap/use_tf] by /roslaunch
[rosmaster.master][INFO] 2026-06-24 15:13:59,453: +PARAM [/mavros/mocap/use_pose] by /roslaunch
[rosmaster.master][INFO] 2026-06-24 15:13:59,453: +PARAM [/mavros/mount/debounce_s] by /roslaunch
[rosmaster.master][INFO] 2026-06-24 15:13:59,453: +PARAM [/mavros/mount/err_threshold_deg] by /roslaunch
[rosmaster.master][INFO] 2026-06-24 15:13:59,453: +PARAM [/mavros/mount/negate_measured_roll] by /roslaunch
[rosmaster.master][INFO] 2026-06-24 15:13:59,453: +PARAM [/mavros/mount/negate_measured_pitch] by /roslaunch
[rosmaster.master][INFO] 2026-06-24 15:13:59,453: +PARAM [/mavros/mount/negate_measured_yaw] by /roslaunch
[rosmaster.master][INFO] 2026-06-24 15:13:59,453: +PARAM [/mavros/odometry/frame_tf/desired_frame] by /roslaunch
[rosmaster.master][INFO] 2026-06-24 15:13:59,453: +PARAM [/mavros/odometry/estimator_type] by /roslaunch
[rosmaster.master][INFO] 2026-06-24 15:13:59,453: +PARAM [/mavros/px4flow/frame_id] by /roslaunch
[rosmaster.master][INFO] 2026-06-24 15:13:59,453: +PARAM [/mavros/px4flow/ranger_fov] by /roslaunch
[rosmaster.master][INFO] 2026-06-24 15:13:59,453: +PARAM [/mavros/px4flow/ranger_min_range] by /roslaunch
[rosmaster.master][INFO] 2026-06-24 15:13:59,453: +PARAM [/mavros/px4flow/ranger_max_range] by /roslaunch
[rosmaster.master][INFO] 2026-06-24 15:13:59,453: +PARAM [/mavros/vision_pose/tf/listen] by /roslaunch
[rosmaster.master][INFO] 2026-06-24 15:13:59,453: +PARAM [/mavros/vision_pose/tf/frame_id] by /roslaunch
[rosmaster.master][INFO] 2026-06-24 15:13:59,453: +PARAM [/mavros/vision_pose/tf/child_frame_id] by /roslaunch
[rosmaster.master][INFO] 2026-06-24 15:13:59,453: +PARAM [/mavros/vision_pose/tf/rate_limit] by /roslaunch
[rosmaster.master][INFO] 2026-06-24 15:13:59,453: +PARAM [/mavros/vision_speed/listen_twist] by /roslaunch
[rosmaster.master][INFO] 2026-06-24 15:13:59,453: +PARAM [/mavros/vision_speed/twist_cov] by /roslaunch
[rosmaster.master][INFO] 2026-06-24 15:13:59,453: +PARAM [/mavros/vibration/frame_id] by /roslaunch
[rosmaster.master][INFO] 2026-06-24 15:13:59,453: +PARAM [/mavros/wheel_odometry/count] by /roslaunch
[rosmaster.master][INFO] 2026-06-24 15:13:59,453: +PARAM [/mavros/wheel_odometry/use_rpm] by /roslaunch
[rosmaster.master][INFO] 2026-06-24 15:13:59,453: +PARAM [/mavros/wheel_odometry/wheel0/x] by /roslaunch
[rosmaster.master][INFO] 2026-06-24 15:13:59,453: +PARAM [/mavros/wheel_odometry/wheel0/y] by /roslaunch
[rosmaster.master][INFO] 2026-06-24 15:13:59,453: +PARAM [/mavros/wheel_odometry/wheel0/radius] by /roslaunch
[rosmaster.master][INFO] 2026-06-24 15:13:59,453: +PARAM [/mavros/wheel_odometry/wheel1/x] by /roslaunch
[rosmaster.master][INFO] 2026-06-24 15:13:59,453: +PARAM [/mavros/wheel_odometry/wheel1/y] by /roslaunch
[rosmaster.master][INFO] 2026-06-24 15:13:59,453: +PARAM [/mavros/wheel_odometry/wheel1/radius] by /roslaunch
[rosmaster.master][INFO] 2026-06-24 15:13:59,453: +PARAM [/mavros/wheel_odometry/send_raw] by /roslaunch
[rosmaster.master][INFO] 2026-06-24 15:13:59,453: +PARAM [/mavros/wheel_odometry/send_twist] by /roslaunch
[rosmaster.master][INFO] 2026-06-24 15:13:59,453: +PARAM [/mavros/wheel_odometry/frame_id] by /roslaunch
[rosmaster.master][INFO] 2026-06-24 15:13:59,454: +PARAM [/mavros/wheel_odometry/child_frame_id] by /roslaunch
[rosmaster.master][INFO] 2026-06-24 15:13:59,454: +PARAM [/mavros/wheel_odometry/vel_error] by /roslaunch
[rosmaster.master][INFO] 2026-06-24 15:13:59,454: +PARAM [/mavros/wheel_odometry/tf/send] by /roslaunch
[rosmaster.master][INFO] 2026-06-24 15:13:59,454: +PARAM [/mavros/wheel_odometry/tf/frame_id] by /roslaunch
[rosmaster.master][INFO] 2026-06-24 15:13:59,454: +PARAM [/mavros/wheel_odometry/tf/child_frame_id] by /roslaunch
[rosmaster.master][INFO] 2026-06-24 15:13:59,454: +PARAM [/mavros/fcu_url] by /roslaunch
[rosmaster.master][INFO] 2026-06-24 15:13:59,454: +PARAM [/mavros/gcs_url] by /roslaunch
[rosmaster.master][INFO] 2026-06-24 15:13:59,454: +PARAM [/mavros/target_system_id] by /roslaunch
[rosmaster.master][INFO] 2026-06-24 15:13:59,454: +PARAM [/mavros/target_component_id] by /roslaunch
[rosmaster.master][INFO] 2026-06-24 15:13:59,454: +PARAM [/mavros/fcu_protocol] by /roslaunch
[rosmaster.master][INFO] 2026-06-24 15:13:59,559: +PUB [/rosout] /mavros http://localhost:42893/
[rosmaster.master][INFO] 2026-06-24 15:13:59,560: +SERVICE [/mavros/get_loggers] /mavros http://localhost:42893/
[rosmaster.master][INFO] 2026-06-24 15:13:59,560: +SERVICE [/mavros/set_logger_level] /mavros http://localhost:42893/
[rosmaster.master][INFO] 2026-06-24 15:13:59,561: +PUB [/diagnostics] /mavros http://localhost:42893/
[rosmaster.master][INFO] 2026-06-24 15:13:59,562: +CACHEDPARAM [/mavros/diagnostic_period] by /mavros
[rosmaster.master][INFO] 2026-06-24 15:13:59,576: +SUB [/tf] /mavros http://localhost:42893/
[rosmaster.master][INFO] 2026-06-24 15:13:59,578: +SUB [/tf_static] /mavros http://localhost:42893/
[rosmaster.master][INFO] 2026-06-24 15:13:59,578: +PUB [/tf] /mavros http://localhost:42893/
[rosmaster.master][INFO] 2026-06-24 15:13:59,579: +PUB [/tf_static] /mavros http://localhost:42893/
[rosmaster.master][INFO] 2026-06-24 15:13:59,640: publisherUpdate[/rosout] -> http://localhost:46411/ ['http://localhost:42893/']
[rosmaster.master][INFO] 2026-06-24 15:13:59,640: publisherUpdate[/tf] -> http://localhost:42893/ ['http://localhost:42893/']
[rosmaster.master][INFO] 2026-06-24 15:13:59,644: +CACHEDPARAM [/rosout_disable_topics_generation] by /mavros
[rosmaster.master][INFO] 2026-06-24 15:13:59,646: publisherUpdate[/tf] -> http://localhost:42893/ ['http://localhost:42893/']: sec=0.00, result=[1, '', 0]
[rosmaster.master][INFO] 2026-06-24 15:13:59,647: publisherUpdate[/tf_static] -> http://localhost:42893/ ['http://localhost:42893/']
[rosmaster.master][INFO] 2026-06-24 15:13:59,647: publisherUpdate[/tf_static] -> http://localhost:42893/ ['http://localhost:42893/']: sec=0.00, result=[1, '', 0]
[rosmaster.master][INFO] 2026-06-24 15:13:59,647: publisherUpdate[/rosout] -> http://localhost:46411/ ['http://localhost:42893/']: sec=0.01, result=[1, '', 0]
[rosmaster.master][INFO] 2026-06-24 15:13:59,649: +PUB [/mavlink/from] /mavros http://localhost:42893/
[rosmaster.master][INFO] 2026-06-24 15:13:59,651: +SUB [/mavlink/to] /mavros http://localhost:42893/
[rosmaster.master][INFO] 2026-06-24 15:13:59,717: +PUB [/mavros/radio_status] /mavros http://localhost:42893/
[rosmaster.master][INFO] 2026-06-24 15:13:59,783: +CACHEDPARAM [/rosout/omit_topics] by /rosout
[rosmaster.master][INFO] 2026-06-24 15:13:59,784: +PUB [/mavros/adsb/vehicle] /mavros http://localhost:42893/
[rosmaster.master][INFO] 2026-06-24 15:13:59,788: +SUB [/mavros/adsb/send] /mavros http://localhost:42893/
[rosmaster.master][INFO] 2026-06-24 15:13:59,790: +PUB [/mavros/cam_imu_sync/cam_imu_stamp] /mavros http://localhost:42893/
[rosmaster.master][INFO] 2026-06-24 15:13:59,791: +PUB [/mavros/camera/image_captured] /mavros http://localhost:42893/
[rosmaster.master][INFO] 2026-06-24 15:13:59,795: +SUB [/mavros/cellular_status/status] /mavros http://localhost:42893/
[rosmaster.master][INFO] 2026-06-24 15:13:59,799: +SERVICE [/mavros/cmd/command] /mavros http://localhost:42893/
[rosmaster.master][INFO] 2026-06-24 15:13:59,800: +SERVICE [/mavros/cmd/command_ack] /mavros http://localhost:42893/
[rosmaster.master][INFO] 2026-06-24 15:13:59,801: +SERVICE [/mavros/cmd/command_int] /mavros http://localhost:42893/
[rosmaster.master][INFO] 2026-06-24 15:13:59,801: +SERVICE [/mavros/cmd/arming] /mavros http://localhost:42893/
[rosmaster.master][INFO] 2026-06-24 15:13:59,802: +SERVICE [/mavros/cmd/set_home] /mavros http://localhost:42893/
[rosmaster.master][INFO] 2026-06-24 15:13:59,803: +SERVICE [/mavros/cmd/takeoff] /mavros http://localhost:42893/
[rosmaster.master][INFO] 2026-06-24 15:13:59,803: +SERVICE [/mavros/cmd/land] /mavros http://localhost:42893/
[rosmaster.master][INFO] 2026-06-24 15:13:59,804: +SERVICE [/mavros/cmd/trigger_control] /mavros http://localhost:42893/
[rosmaster.master][INFO] 2026-06-24 15:13:59,805: +SERVICE [/mavros/cmd/trigger_interval] /mavros http://localhost:42893/
[rosmaster.master][INFO] 2026-06-24 15:13:59,805: +SERVICE [/mavros/cmd/vtol_transition] /mavros http://localhost:42893/
[rosmaster.master][INFO] 2026-06-24 15:13:59,808: +SUB [/mavros/companion_process/status] /mavros http://localhost:42893/
[rosmaster.master][INFO] 2026-06-24 15:13:59,812: +PUB [/mavros/distance_sensor/rangefinder_pub] /mavros http://localhost:42893/
[rosmaster.master][INFO] 2026-06-24 15:13:59,816: +SUB [/mavros/distance_sensor/rangefinder_sub] /mavros http://localhost:42893/
[rosmaster.master][INFO] 2026-06-24 15:13:59,817: +PUB [/mavros/esc_info] /mavros http://localhost:42893/
[rosmaster.master][INFO] 2026-06-24 15:13:59,817: +PUB [/mavros/esc_status] /mavros http://localhost:42893/
[rosmaster.master][INFO] 2026-06-24 15:13:59,819: +PUB [/mavros/esc_telemetry] /mavros http://localhost:42893/
[rosmaster.master][INFO] 2026-06-24 15:13:59,834: +SUB [/mavros/fake_gps/mocap/pose] /mavros http://localhost:42893/
[rosmaster.master][INFO] 2026-06-24 15:13:59,836: +PUB [/mavros/geofence/waypoints] /mavros http://localhost:42893/
[rosmaster.master][INFO] 2026-06-24 15:13:59,836: +SERVICE [/mavros/geofence/pull] /mavros http://localhost:42893/
[rosmaster.master][INFO] 2026-06-24 15:13:59,837: +SERVICE [/mavros/geofence/push] /mavros http://localhost:42893/
[rosmaster.master][INFO] 2026-06-24 15:13:59,837: +SERVICE [/mavros/geofence/clear] /mavros http://localhost:42893/
[rosmaster.master][INFO] 2026-06-24 15:13:59,843: +PUB [/mavros/global_position/raw/fix] /mavros http://localhost:42893/
[rosmaster.master][INFO] 2026-06-24 15:13:59,844: +PUB [/mavros/global_position/raw/gps_vel] /mavros http://localhost:42893/
[rosmaster.master][INFO] 2026-06-24 15:13:59,845: +PUB [/mavros/global_position/raw/satellites] /mavros http://localhost:42893/
[rosmaster.master][INFO] 2026-06-24 15:13:59,845: +PUB [/mavros/global_position/global] /mavros http://localhost:42893/
[rosmaster.master][INFO] 2026-06-24 15:13:59,846: +PUB [/mavros/global_position/local] /mavros http://localhost:42893/
[rosmaster.master][INFO] 2026-06-24 15:13:59,846: +PUB [/mavros/global_position/rel_alt] /mavros http://localhost:42893/
[rosmaster.master][INFO] 2026-06-24 15:13:59,846: +PUB [/mavros/global_position/compass_hdg] /mavros http://localhost:42893/
[rosmaster.master][INFO] 2026-06-24 15:13:59,847: +PUB [/mavros/global_position/gp_origin] /mavros http://localhost:42893/
[rosmaster.master][INFO] 2026-06-24 15:13:59,849: +SUB [/mavros/global_position/set_gp_origin] /mavros http://localhost:42893/
[rosmaster.master][INFO] 2026-06-24 15:13:59,850: +SUB [/mavros/home_position/home] /mavros http://localhost:42893/
[rosmaster.master][INFO] 2026-06-24 15:13:59,851: +PUB [/mavros/global_position/gp_lp_offset] /mavros http://localhost:42893/
[rosmaster.master][INFO] 2026-06-24 15:13:59,854: +SUB [/mavros/gps_input/gps_input] /mavros http://localhost:42893/
[rosmaster.master][INFO] 2026-06-24 15:13:59,856: +SUB [/mavros/gps_rtk/send_rtcm] /mavros http://localhost:42893/
[rosmaster.master][INFO] 2026-06-24 15:13:59,857: +PUB [/mavros/gps_rtk/rtk_baseline] /mavros http://localhost:42893/
[rosmaster.master][INFO] 2026-06-24 15:13:59,858: +PUB [/mavros/gpsstatus/gps1/raw] /mavros http://localhost:42893/
[rosmaster.master][INFO] 2026-06-24 15:13:59,859: +PUB [/mavros/gpsstatus/gps2/raw] /mavros http://localhost:42893/
[rosmaster.master][INFO] 2026-06-24 15:13:59,860: +PUB [/mavros/gpsstatus/gps1/rtk] /mavros http://localhost:42893/
[rosmaster.master][INFO] 2026-06-24 15:13:59,860: +PUB [/mavros/gpsstatus/gps2/rtk] /mavros http://localhost:42893/
[rosmaster.master][INFO] 2026-06-24 15:13:59,864: +PUB [/move_base_simple/goal] /mavros http://localhost:42893/
[rosmaster.master][INFO] 2026-06-24 15:13:59,867: +SUB [/mavros/global_position/gp_origin] /mavros http://localhost:42893/
[rosmaster.master][INFO] 2026-06-24 15:13:59,868: +PUB [/mavros/home_position/home] /mavros http://localhost:42893/
[rosmaster.master][INFO] 2026-06-24 15:13:59,870: +SUB [/mavros/home_position/set] /mavros http://localhost:42893/
[rosmaster.master][INFO] 2026-06-24 15:13:59,870: +SERVICE [/mavros/home_position/req_update] /mavros http://localhost:42893/
[rosmaster.master][INFO] 2026-06-24 15:13:59,875: +PUB [/mavros/imu/data] /mavros http://localhost:42893/
[rosmaster.master][INFO] 2026-06-24 15:13:59,875: +PUB [/mavros/imu/mag] /mavros http://localhost:42893/
[rosmaster.master][INFO] 2026-06-24 15:13:59,876: +PUB [/mavros/imu/temperature_imu] /mavros http://localhost:42893/
[rosmaster.master][INFO] 2026-06-24 15:13:59,876: +PUB [/mavros/imu/temperature_baro] /mavros http://localhost:42893/
[rosmaster.master][INFO] 2026-06-24 15:13:59,877: +PUB [/mavros/imu/static_pressure] /mavros http://localhost:42893/
[rosmaster.master][INFO] 2026-06-24 15:13:59,877: +PUB [/mavros/imu/diff_pressure] /mavros http://localhost:42893/
[rosmaster.master][INFO] 2026-06-24 15:13:59,877: +PUB [/mavros/imu/data_raw] /mavros http://localhost:42893/
[rosmaster.master][INFO] 2026-06-24 15:13:59,887: +PUB [/mavros/landing_target/pose_in] /mavros http://localhost:42893/
[rosmaster.master][INFO] 2026-06-24 15:13:59,887: +PUB [/mavros/landing_target/lt_marker] /mavros http://localhost:42893/
[rosmaster.master][INFO] 2026-06-24 15:13:59,889: +SUB [/mavros/landing_target/pose] /mavros http://localhost:42893/
[rosmaster.master][INFO] 2026-06-24 15:13:59,893: +PUB [/mavros/local_position/pose] /mavros http://localhost:42893/
[rosmaster.master][INFO] 2026-06-24 15:13:59,894: +PUB [/mavros/local_position/pose_cov] /mavros http://localhost:42893/
[rosmaster.master][INFO] 2026-06-24 15:13:59,895: +PUB [/mavros/local_position/velocity_local] /mavros http://localhost:42893/
[rosmaster.master][INFO] 2026-06-24 15:13:59,895: +PUB [/mavros/local_position/velocity_body] /mavros http://localhost:42893/
[rosmaster.master][INFO] 2026-06-24 15:13:59,896: +PUB [/mavros/local_position/velocity_body_cov] /mavros http://localhost:42893/
[rosmaster.master][INFO] 2026-06-24 15:13:59,896: +PUB [/mavros/local_position/accel] /mavros http://localhost:42893/
[rosmaster.master][INFO] 2026-06-24 15:13:59,897: +PUB [/mavros/local_position/odom] /mavros http://localhost:42893/
[rosmaster.master][INFO] 2026-06-24 15:13:59,898: +PUB [/mavros/log_transfer/raw/log_entry] /mavros http://localhost:42893/
[rosmaster.master][INFO] 2026-06-24 15:13:59,899: +PUB [/mavros/log_transfer/raw/log_data] /mavros http://localhost:42893/
[rosmaster.master][INFO] 2026-06-24 15:13:59,900: +SERVICE [/mavros/log_transfer/raw/log_request_list] /mavros http://localhost:42893/
[rosmaster.master][INFO] 2026-06-24 15:13:59,901: +SERVICE [/mavros/log_transfer/raw/log_request_data] /mavros http://localhost:42893/
[rosmaster.master][INFO] 2026-06-24 15:13:59,901: +SERVICE [/mavros/log_transfer/raw/log_request_end] /mavros http://localhost:42893/
[rosmaster.master][INFO] 2026-06-24 15:13:59,902: +SERVICE [/mavros/log_transfer/raw/log_request_erase] /mavros http://localhost:42893/
[rosmaster.master][INFO] 2026-06-24 15:13:59,903: +PUB [/mavros/mag_calibration/status] /mavros http://localhost:42893/
[rosmaster.master][INFO] 2026-06-24 15:13:59,903: +PUB [/mavros/mag_calibration/report] /mavros http://localhost:42893/
[rosmaster.master][INFO] 2026-06-24 15:13:59,904: +PUB [/mavros/manual_control/control] /mavros http://localhost:42893/
[rosmaster.master][INFO] 2026-06-24 15:13:59,906: +SUB [/mavros/manual_control/send] /mavros http://localhost:42893/
[rosmaster.master][INFO] 2026-06-24 15:13:59,910: +SUB [/mavros/mocap/pose] /mavros http://localhost:42893/
[rosmaster.master][INFO] 2026-06-24 15:13:59,912: +SUB [/mavros/mount_control/command] /mavros http://localhost:42893/
[rosmaster.master][INFO] 2026-06-24 15:13:59,913: +PUB [/mavros/mount_control/orientation] /mavros http://localhost:42893/
[rosmaster.master][INFO] 2026-06-24 15:13:59,914: +PUB [/mavros/mount_control/status] /mavros http://localhost:42893/
[rosmaster.master][INFO] 2026-06-24 15:13:59,914: +SERVICE [/mavros/mount_control/configure] /mavros http://localhost:42893/
[rosmaster.master][INFO] 2026-06-24 15:13:59,918: +PUB [/mavros/nav_controller_output] /mavros http://localhost:42893/
[rosmaster.master][INFO] 2026-06-24 15:13:59,921: +SUB [/mavros/obstacle/send] /mavros http://localhost:42893/
[rosmaster.master][INFO] 2026-06-24 15:13:59,922: +PUB [/mavros/odometry/in] /mavros http://localhost:42893/
[rosmaster.master][INFO] 2026-06-24 15:13:59,924: +SUB [/mavros/odometry/out] /mavros http://localhost:42893/
[rosmaster.master][INFO] 2026-06-24 15:13:59,926: +SUB [/mavros/onboard_computer/status] /mavros http://localhost:42893/
[rosmaster.master][INFO] 2026-06-24 15:13:59,927: +SERVICE [/mavros/param/pull] /mavros http://localhost:42893/
[rosmaster.master][INFO] 2026-06-24 15:13:59,928: +SERVICE [/mavros/param/push] /mavros http://localhost:42893/
[rosmaster.master][INFO] 2026-06-24 15:13:59,928: +SERVICE [/mavros/param/set] /mavros http://localhost:42893/
[rosmaster.master][INFO] 2026-06-24 15:13:59,929: +SERVICE [/mavros/param/get] /mavros http://localhost:42893/
[rosmaster.master][INFO] 2026-06-24 15:13:59,929: +PUB [/mavros/param/param_value] /mavros http://localhost:42893/
[rosmaster.master][INFO] 2026-06-24 15:13:59,931: +SUB [/mavros/play_tune] /mavros http://localhost:42893/
[rosmaster.master][INFO] 2026-06-24 15:13:59,933: +PUB [/mavros/rallypoint/waypoints] /mavros http://localhost:42893/
[rosmaster.master][INFO] 2026-06-24 15:13:59,933: +SERVICE [/mavros/rallypoint/pull] /mavros http://localhost:42893/
[rosmaster.master][INFO] 2026-06-24 15:13:59,933: +SERVICE [/mavros/rallypoint/push] /mavros http://localhost:42893/
[rosmaster.master][INFO] 2026-06-24 15:13:59,934: +SERVICE [/mavros/rallypoint/clear] /mavros http://localhost:42893/
[rosmaster.master][INFO] 2026-06-24 15:13:59,934: +PUB [/mavros/rangefinder/rangefinder] /mavros http://localhost:42893/
[rosmaster.master][INFO] 2026-06-24 15:13:59,935: +PUB [/mavros/rc/in] /mavros http://localhost:42893/
[rosmaster.master][INFO] 2026-06-24 15:13:59,936: +PUB [/mavros/rc/out] /mavros http://localhost:42893/
[rosmaster.master][INFO] 2026-06-24 15:13:59,938: +SUB [/mavros/rc/override] /mavros http://localhost:42893/
[rosmaster.master][INFO] 2026-06-24 15:13:59,941: +SUB [/mavros/setpoint_accel/accel] /mavros http://localhost:42893/
[rosmaster.master][INFO] 2026-06-24 15:13:59,941: publisherUpdate[/mavros/home_position/home] -> http://localhost:42893/ ['http://localhost:42893/']
[rosmaster.master][INFO] 2026-06-24 15:13:59,943: publisherUpdate[/mavros/home_position/home] -> http://localhost:42893/ ['http://localhost:42893/']: sec=0.00, result=[1, '', 0]
[rosmaster.master][INFO] 2026-06-24 15:13:59,947: +SUB [/mavros/setpoint_attitude/thrust] /mavros http://localhost:42893/
[rosmaster.master][INFO] 2026-06-24 15:13:59,950: +SUB [/mavros/setpoint_attitude/cmd_vel] /mavros http://localhost:42893/
[rosmaster.master][INFO] 2026-06-24 15:13:59,959: +SUB [/mavros/setpoint_position/local] /mavros http://localhost:42893/
[rosmaster.master][INFO] 2026-06-24 15:13:59,961: +SUB [/mavros/setpoint_position/global] /mavros http://localhost:42893/
[rosmaster.master][INFO] 2026-06-24 15:13:59,963: +SUB [/mavros/setpoint_position/global_to_local] /mavros http://localhost:42893/
[rosmaster.master][INFO] 2026-06-24 15:13:59,965: +SUB [/mavros/global_position/global] /mavros http://localhost:42893/
[rosmaster.master][INFO] 2026-06-24 15:13:59,966: +SUB [/mavros/local_position/pose] /mavros http://localhost:42893/
[rosmaster.master][INFO] 2026-06-24 15:13:59,967: +SERVICE [/mavros/setpoint_position/mav_frame] /mavros http://localhost:42893/
[rosmaster.master][INFO] 2026-06-24 15:13:59,970: +SUB [/mavros/setpoint_raw/local] /mavros http://localhost:42893/
[rosmaster.master][INFO] 2026-06-24 15:13:59,972: +SUB [/mavros/setpoint_raw/global] /mavros http://localhost:42893/
[rosmaster.master][INFO] 2026-06-24 15:13:59,974: +SUB [/mavros/setpoint_raw/attitude] /mavros http://localhost:42893/
[rosmaster.master][INFO] 2026-06-24 15:13:59,974: +PUB [/mavros/setpoint_raw/target_local] /mavros http://localhost:42893/
[rosmaster.master][INFO] 2026-06-24 15:13:59,975: +PUB [/mavros/setpoint_raw/target_global] /mavros http://localhost:42893/
[rosmaster.master][INFO] 2026-06-24 15:13:59,975: +PUB [/mavros/setpoint_raw/target_attitude] /mavros http://localhost:42893/
[rosmaster.master][INFO] 2026-06-24 15:13:59,978: +SUB [/mavros/setpoint_trajectory/local] /mavros http://localhost:42893/
[rosmaster.master][INFO] 2026-06-24 15:13:59,979: +PUB [/mavros/setpoint_trajectory/desired] /mavros http://localhost:42893/
[rosmaster.master][INFO] 2026-06-24 15:13:59,979: +SERVICE [/mavros/setpoint_trajectory/reset] /mavros http://localhost:42893/
[rosmaster.master][INFO] 2026-06-24 15:13:59,980: +SERVICE [/mavros/setpoint_trajectory/mav_frame] /mavros http://localhost:42893/
[rosmaster.master][INFO] 2026-06-24 15:13:59,983: +SUB [/mavros/setpoint_velocity/cmd_vel] /mavros http://localhost:42893/
[rosmaster.master][INFO] 2026-06-24 15:13:59,985: +SUB [/mavros/setpoint_velocity/cmd_vel_unstamped] /mavros http://localhost:42893/
[rosmaster.master][INFO] 2026-06-24 15:13:59,985: +SERVICE [/mavros/setpoint_velocity/mav_frame] /mavros http://localhost:42893/
[rosmaster.master][INFO] 2026-06-24 15:13:59,991: +PUB [/mavros/state] /mavros http://localhost:42893/
[rosmaster.master][INFO] 2026-06-24 15:13:59,991: +PUB [/mavros/extended_state] /mavros http://localhost:42893/
[rosmaster.master][INFO] 2026-06-24 15:13:59,992: +PUB [/mavros/battery] /mavros http://localhost:42893/
[rosmaster.master][INFO] 2026-06-24 15:13:59,992: +PUB [/mavros/estimator_status] /mavros http://localhost:42893/
[rosmaster.master][INFO] 2026-06-24 15:13:59,992: +PUB [/mavros/statustext/recv] /mavros http://localhost:42893/
[rosmaster.master][INFO] 2026-06-24 15:13:59,993: +PUB [/mavros/sys_status] /mavros http://localhost:42893/
[rosmaster.master][INFO] 2026-06-24 15:13:59,995: +SUB [/mavros/statustext/send] /mavros http://localhost:42893/
[rosmaster.master][INFO] 2026-06-24 15:13:59,995: +SERVICE [/mavros/set_stream_rate] /mavros http://localhost:42893/
[rosmaster.master][INFO] 2026-06-24 15:13:59,996: +SERVICE [/mavros/set_mode] /mavros http://localhost:42893/
[rosmaster.master][INFO] 2026-06-24 15:13:59,996: +SERVICE [/mavros/vehicle_info_get] /mavros http://localhost:42893/
[rosmaster.master][INFO] 2026-06-24 15:13:59,997: +SERVICE [/mavros/set_message_interval] /mavros http://localhost:42893/
[rosmaster.master][INFO] 2026-06-24 15:14:00,003: +PUB [/mavros/time_reference] /mavros http://localhost:42893/
[rosmaster.master][INFO] 2026-06-24 15:14:00,004: +PUB [/mavros/timesync_status] /mavros http://localhost:42893/
[rosmaster.master][INFO] 2026-06-24 15:14:00,005: +PUB [/mavros/terrain/report] /mavros http://localhost:42893/
[rosmaster.master][INFO] 2026-06-24 15:14:00,007: +SUB [/mavros/trajectory/generated] /mavros http://localhost:42893/
[rosmaster.master][INFO] 2026-06-24 15:14:00,010: +SUB [/mavros/trajectory/path] /mavros http://localhost:42893/
[rosmaster.master][INFO] 2026-06-24 15:14:00,010: +PUB [/mavros/trajectory/desired] /mavros http://localhost:42893/
[rosmaster.master][INFO] 2026-06-24 15:14:00,013: +SUB [/mavros/tunnel/in] /mavros http://localhost:42893/
[rosmaster.master][INFO] 2026-06-24 15:14:00,013: +PUB [/mavros/tunnel/out] /mavros http://localhost:42893/
[rosmaster.master][INFO] 2026-06-24 15:14:00,014: +PUB [/mavros/vfr_hud] /mavros http://localhost:42893/
[rosmaster.master][INFO] 2026-06-24 15:14:00,020: +SUB [/mavros/vision_pose/pose] /mavros http://localhost:42893/
[rosmaster.master][INFO] 2026-06-24 15:14:00,023: +SUB [/mavros/vision_pose/pose_cov] /mavros http://localhost:42893/
[rosmaster.master][INFO] 2026-06-24 15:14:00,026: +PUB [/mavros/mission/waypoints] /mavros http://localhost:42893/
[rosmaster.master][INFO] 2026-06-24 15:14:00,027: +SERVICE [/mavros/mission/pull] /mavros http://localhost:42893/
[rosmaster.master][INFO] 2026-06-24 15:14:00,027: +SERVICE [/mavros/mission/push] /mavros http://localhost:42893/
[rosmaster.master][INFO] 2026-06-24 15:14:00,028: +SERVICE [/mavros/mission/clear] /mavros http://localhost:42893/
[rosmaster.master][INFO] 2026-06-24 15:14:00,028: +PUB [/mavros/mission/reached] /mavros http://localhost:42893/
[rosmaster.master][INFO] 2026-06-24 15:14:00,029: +SERVICE [/mavros/mission/set_current] /mavros http://localhost:42893/
[rosmaster.master][INFO] 2026-06-24 15:14:00,030: +PUB [/mavros/wind_estimation] /mavros http://localhost:42893/
[rosmaster.master][INFO] 2026-06-24 15:14:01,182: +PUB [/mavlink/gcs_ip] /mavros http://localhost:42893/
[rosmaster.master][INFO] 2026-06-24 15:14:51,995: +PUB [/rosout] /vertical_descent_logger http://localhost:46787/
[rosmaster.master][INFO] 2026-06-24 15:14:51,999: +SERVICE [/vertical_descent_logger/get_loggers] /vertical_descent_logger http://localhost:46787/
[rosmaster.master][INFO] 2026-06-24 15:14:52,000: +SERVICE [/vertical_descent_logger/set_logger_level] /vertical_descent_logger http://localhost:46787/
[rosmaster.master][INFO] 2026-06-24 15:14:52,001: +PUB [/mavros/setpoint_raw/local] /vertical_descent_logger http://localhost:46787/
[rosmaster.master][INFO] 2026-06-24 15:14:52,004: +SUB [/mavros/local_position/velocity_body] /vertical_descent_logger http://localhost:46787/
[rosmaster.master][INFO] 2026-06-24 15:14:52,005: +SUB [/mavros/battery] /vertical_descent_logger http://localhost:46787/
[rosmaster.master][INFO] 2026-06-24 15:14:52,009: +SUB [/mavros/local_position/pose] /vertical_descent_logger http://localhost:46787/
[rosmaster.master][INFO] 2026-06-24 15:14:52,021: publisherUpdate[/rosout] -> http://localhost:46411/ ['http://localhost:42893/', 'http://localhost:46787/']
[rosmaster.master][INFO] 2026-06-24 15:14:52,023: publisherUpdate[/rosout] -> http://localhost:46411/ ['http://localhost:42893/', 'http://localhost:46787/']: sec=0.00, result=[1, '', 0]
[rosmaster.master][INFO] 2026-06-24 15:14:52,023: publisherUpdate[/mavros/setpoint_raw/local] -> http://localhost:42893/ ['http://localhost:46787/']
[rosmaster.master][INFO] 2026-06-24 15:14:52,024: publisherUpdate[/mavros/setpoint_raw/local] -> http://localhost:42893/ ['http://localhost:46787/']: sec=0.00, result=[1, '', 0]
[rosmaster.master][INFO] 2026-06-24 15:17:32,096: -SUB [/mavros/local_position/velocity_body] /vertical_descent_logger http://localhost:46787/
[rosmaster.master][INFO] 2026-06-24 15:17:32,096: -SUB [/mavros/battery] /vertical_descent_logger http://localhost:46787/
[rosmaster.master][INFO] 2026-06-24 15:17:32,096: -SUB [/mavros/local_position/pose] /vertical_descent_logger http://localhost:46787/
[rosmaster.master][INFO] 2026-06-24 15:17:32,096: -PUB [/rosout] /vertical_descent_logger http://localhost:46787/
[rosmaster.master][INFO] 2026-06-24 15:17:32,096: -PUB [/mavros/setpoint_raw/local] /vertical_descent_logger http://localhost:46787/
[rosmaster.master][INFO] 2026-06-24 15:17:32,096: -SERVICE [/vertical_descent_logger/get_loggers] /vertical_descent_logger rosrpc://localhost:39215
[rosmaster.master][INFO] 2026-06-24 15:17:32,096: -SERVICE [/vertical_descent_logger/set_logger_level] /vertical_descent_logger rosrpc://localhost:39215
[rosmaster.master][INFO] 2026-06-24 15:17:32,100: publisherUpdate[/rosout] -> http://localhost:46411/ ['http://localhost:42893/']
[rosmaster.master][INFO] 2026-06-24 15:17:32,101: publisherUpdate[/rosout] -> http://localhost:46411/ ['http://localhost:42893/']: sec=0.00, result=[1, '', 0]
[rosmaster.master][INFO] 2026-06-24 15:17:32,101: publisherUpdate[/mavros/setpoint_raw/local] -> http://localhost:42893/ []
[rosmaster.master][INFO] 2026-06-24 15:17:32,103: publisherUpdate[/mavros/setpoint_raw/local] -> http://localhost:42893/ []: sec=0.00, result=[1, '', 0]
[rosmaster.master][INFO] 2026-06-24 15:18:09,600: -PUB [/rosout_agg] /rosout http://localhost:46411/
[rosmaster.master][INFO] 2026-06-24 15:18:09,601: -SUB [/rosout] /rosout http://localhost:46411/
[rosmaster.master][INFO] 2026-06-24 15:18:09,602: -SERVICE [/rosout/get_loggers] /rosout rosrpc://localhost:35823
[rosmaster.master][INFO] 2026-06-24 15:18:09,602: -SERVICE [/rosout/set_logger_level] /rosout rosrpc://localhost:35823
[rosmaster.master][INFO] 2026-06-24 15:18:09,602: -CACHEDPARAM [/rosout/omit_topics] by /rosout
[rosmaster.main][INFO] 2026-06-24 15:18:09,628: keyboard interrupt, will exit
[rosmaster.main][INFO] 2026-06-24 15:18:09,628: stopping master...
[rospy.core][INFO] 2026-06-24 15:18:09,628: signal_shutdown [atexit]
