[rosmaster.main][INFO] 2026-06-24 04:11:01,106: initialization complete, waiting for shutdown
[rosmaster.main][INFO] 2026-06-24 04:11:01,106: Starting ROS Master Node
[xmlrpc][INFO] 2026-06-24 04:11:01,107: XML-RPC server binding to 127.0.0.1:11311
[xmlrpc][INFO] 2026-06-24 04:11:01,108: Started XML-RPC server [http://localhost:11311/]
[xmlrpc][INFO] 2026-06-24 04:11:01,108: xml rpc node: starting XML-RPC server
[rosmaster.master][INFO] 2026-06-24 04:11:01,108: Master initialized: port[11311], uri[http://localhost:11311/]
[rosmaster.master][INFO] 2026-06-24 04:11:01,176: +PARAM [/run_id] by /roslaunch
[rosmaster.master][INFO] 2026-06-24 04:11:01,177: +PARAM [/roslaunch/uris/host_localhost__43893] by /roslaunch
[rosmaster.master][INFO] 2026-06-24 04:11:01,206: +PARAM [/rosversion] by /roslaunch
[rosmaster.master][INFO] 2026-06-24 04:11:01,206: +PARAM [/rosdistro] by /roslaunch
[rosmaster.master][INFO] 2026-06-24 04:11:01,256: +SERVICE [/rosout/get_loggers] /rosout http://localhost:36767/
[rosmaster.master][INFO] 2026-06-24 04:11:01,257: +SERVICE [/rosout/set_logger_level] /rosout http://localhost:36767/
[rosmaster.master][INFO] 2026-06-24 04:11:01,257: +PUB [/rosout_agg] /rosout http://localhost:36767/
[rosmaster.master][INFO] 2026-06-24 04:11:01,259: +SUB [/rosout] /rosout http://localhost:36767/
[rosmaster.master][INFO] 2026-06-24 04:11:05,584: +PARAM [/roslaunch/uris/host_localhost__33715] by /roslaunch
[rosmaster.master][INFO] 2026-06-24 04:11:05,588: +PARAM [/rosversion] by /roslaunch
[rosmaster.master][INFO] 2026-06-24 04:11:05,588: +PARAM [/rosdistro] by /roslaunch
[rosmaster.master][INFO] 2026-06-24 04:11:05,588: +PARAM [/mavros/plugin_blacklist] by /roslaunch
[rosmaster.master][INFO] 2026-06-24 04:11:05,588: +PARAM [/mavros/plugin_whitelist] by /roslaunch
[rosmaster.master][INFO] 2026-06-24 04:11:05,588: +PARAM [/mavros/startup_px4_usb_quirk] by /roslaunch
[rosmaster.master][INFO] 2026-06-24 04:11:05,589: +PARAM [/mavros/conn/heartbeat_rate] by /roslaunch
[rosmaster.master][INFO] 2026-06-24 04:11:05,589: +PARAM [/mavros/conn/heartbeat_mav_type] by /roslaunch
[rosmaster.master][INFO] 2026-06-24 04:11:05,589: +PARAM [/mavros/conn/timeout] by /roslaunch
[rosmaster.master][INFO] 2026-06-24 04:11:05,589: +PARAM [/mavros/conn/timesync_rate] by /roslaunch
[rosmaster.master][INFO] 2026-06-24 04:11:05,589: +PARAM [/mavros/conn/system_time_rate] by /roslaunch
[rosmaster.master][INFO] 2026-06-24 04:11:05,589: +PARAM [/mavros/sys/min_voltage] by /roslaunch
[rosmaster.master][INFO] 2026-06-24 04:11:05,589: +PARAM [/mavros/sys/disable_diag] by /roslaunch
[rosmaster.master][INFO] 2026-06-24 04:11:05,589: +PARAM [/mavros/time/time_ref_source] by /roslaunch
[rosmaster.master][INFO] 2026-06-24 04:11:05,589: +PARAM [/mavros/time/timesync_mode] by /roslaunch
[rosmaster.master][INFO] 2026-06-24 04:11:05,589: +PARAM [/mavros/time/timesync_avg_alpha] by /roslaunch
[rosmaster.master][INFO] 2026-06-24 04:11:05,590: +PARAM [/mavros/tdr_radio/low_rssi] by /roslaunch
[rosmaster.master][INFO] 2026-06-24 04:11:05,590: +PARAM [/mavros/cmd/use_comp_id_system_control] by /roslaunch
[rosmaster.master][INFO] 2026-06-24 04:11:05,590: +PARAM [/mavros/global_position/frame_id] by /roslaunch
[rosmaster.master][INFO] 2026-06-24 04:11:05,590: +PARAM [/mavros/global_position/child_frame_id] by /roslaunch
[rosmaster.master][INFO] 2026-06-24 04:11:05,590: +PARAM [/mavros/global_position/rot_covariance] by /roslaunch
[rosmaster.master][INFO] 2026-06-24 04:11:05,590: +PARAM [/mavros/global_position/gps_uere] by /roslaunch
[rosmaster.master][INFO] 2026-06-24 04:11:05,590: +PARAM [/mavros/global_position/use_relative_alt] by /roslaunch
[rosmaster.master][INFO] 2026-06-24 04:11:05,590: +PARAM [/mavros/global_position/tf/send] by /roslaunch
[rosmaster.master][INFO] 2026-06-24 04:11:05,590: +PARAM [/mavros/global_position/tf/frame_id] by /roslaunch
[rosmaster.master][INFO] 2026-06-24 04:11:05,590: +PARAM [/mavros/global_position/tf/global_frame_id] by /roslaunch
[rosmaster.master][INFO] 2026-06-24 04:11:05,590: +PARAM [/mavros/global_position/tf/child_frame_id] by /roslaunch
[rosmaster.master][INFO] 2026-06-24 04:11:05,590: +PARAM [/mavros/imu/frame_id] by /roslaunch
[rosmaster.master][INFO] 2026-06-24 04:11:05,590: +PARAM [/mavros/imu/linear_acceleration_stdev] by /roslaunch
[rosmaster.master][INFO] 2026-06-24 04:11:05,590: +PARAM [/mavros/imu/angular_velocity_stdev] by /roslaunch
[rosmaster.master][INFO] 2026-06-24 04:11:05,590: +PARAM [/mavros/imu/orientation_stdev] by /roslaunch
[rosmaster.master][INFO] 2026-06-24 04:11:05,590: +PARAM [/mavros/imu/magnetic_stdev] by /roslaunch
[rosmaster.master][INFO] 2026-06-24 04:11:05,590: +PARAM [/mavros/local_position/frame_id] by /roslaunch
[rosmaster.master][INFO] 2026-06-24 04:11:05,590: +PARAM [/mavros/local_position/tf/send] by /roslaunch
[rosmaster.master][INFO] 2026-06-24 04:11:05,590: +PARAM [/mavros/local_position/tf/frame_id] by /roslaunch
[rosmaster.master][INFO] 2026-06-24 04:11:05,590: +PARAM [/mavros/local_position/tf/child_frame_id] by /roslaunch
[rosmaster.master][INFO] 2026-06-24 04:11:05,590: +PARAM [/mavros/local_position/tf/send_fcu] by /roslaunch
[rosmaster.master][INFO] 2026-06-24 04:11:05,590: +PARAM [/mavros/safety_area/p1/x] by /roslaunch
[rosmaster.master][INFO] 2026-06-24 04:11:05,590: +PARAM [/mavros/safety_area/p1/y] by /roslaunch
[rosmaster.master][INFO] 2026-06-24 04:11:05,590: +PARAM [/mavros/safety_area/p1/z] by /roslaunch
[rosmaster.master][INFO] 2026-06-24 04:11:05,590: +PARAM [/mavros/safety_area/p2/x] by /roslaunch
[rosmaster.master][INFO] 2026-06-24 04:11:05,590: +PARAM [/mavros/safety_area/p2/y] by /roslaunch
[rosmaster.master][INFO] 2026-06-24 04:11:05,590: +PARAM [/mavros/safety_area/p2/z] by /roslaunch
[rosmaster.master][INFO] 2026-06-24 04:11:05,590: +PARAM [/mavros/setpoint_accel/send_force] by /roslaunch
[rosmaster.master][INFO] 2026-06-24 04:11:05,590: +PARAM [/mavros/setpoint_attitude/reverse_thrust] by /roslaunch
[rosmaster.master][INFO] 2026-06-24 04:11:05,590: +PARAM [/mavros/setpoint_attitude/use_quaternion] by /roslaunch
[rosmaster.master][INFO] 2026-06-24 04:11:05,590: +PARAM [/mavros/setpoint_attitude/tf/listen] by /roslaunch
[rosmaster.master][INFO] 2026-06-24 04:11:05,590: +PARAM [/mavros/setpoint_attitude/tf/frame_id] by /roslaunch
[rosmaster.master][INFO] 2026-06-24 04:11:05,590: +PARAM [/mavros/setpoint_attitude/tf/child_frame_id] by /roslaunch
[rosmaster.master][INFO] 2026-06-24 04:11:05,590: +PARAM [/mavros/setpoint_attitude/tf/rate_limit] by /roslaunch
[rosmaster.master][INFO] 2026-06-24 04:11:05,590: +PARAM [/mavros/setpoint_raw/thrust_scaling] by /roslaunch
[rosmaster.master][INFO] 2026-06-24 04:11:05,590: +PARAM [/mavros/setpoint_position/tf/listen] by /roslaunch
[rosmaster.master][INFO] 2026-06-24 04:11:05,590: +PARAM [/mavros/setpoint_position/tf/frame_id] by /roslaunch
[rosmaster.master][INFO] 2026-06-24 04:11:05,590: +PARAM [/mavros/setpoint_position/tf/child_frame_id] by /roslaunch
[rosmaster.master][INFO] 2026-06-24 04:11:05,590: +PARAM [/mavros/setpoint_position/tf/rate_limit] by /roslaunch
[rosmaster.master][INFO] 2026-06-24 04:11:05,590: +PARAM [/mavros/setpoint_position/mav_frame] by /roslaunch
[rosmaster.master][INFO] 2026-06-24 04:11:05,590: +PARAM [/mavros/guided_target/tf/listen] by /roslaunch
[rosmaster.master][INFO] 2026-06-24 04:11:05,591: +PARAM [/mavros/guided_target/tf/frame_id] by /roslaunch
[rosmaster.master][INFO] 2026-06-24 04:11:05,591: +PARAM [/mavros/guided_target/tf/child_frame_id] by /roslaunch
[rosmaster.master][INFO] 2026-06-24 04:11:05,591: +PARAM [/mavros/guided_target/tf/rate_limit] by /roslaunch
[rosmaster.master][INFO] 2026-06-24 04:11:05,591: +PARAM [/mavros/setpoint_velocity/mav_frame] by /roslaunch
[rosmaster.master][INFO] 2026-06-24 04:11:05,591: +PARAM [/mavros/mission/pull_after_gcs] by /roslaunch
[rosmaster.master][INFO] 2026-06-24 04:11:05,591: +PARAM [/mavros/mission/use_mission_item_int] by /roslaunch
[rosmaster.master][INFO] 2026-06-24 04:11:05,591: +PARAM [/mavros/distance_sensor/rangefinder_pub/id] by /roslaunch
[rosmaster.master][INFO] 2026-06-24 04:11:05,591: +PARAM [/mavros/distance_sensor/rangefinder_pub/frame_id] by /roslaunch
[rosmaster.master][INFO] 2026-06-24 04:11:05,591: +PARAM [/mavros/distance_sensor/rangefinder_pub/field_of_view] by /roslaunch
[rosmaster.master][INFO] 2026-06-24 04:11:05,591: +PARAM [/mavros/distance_sensor/rangefinder_pub/send_tf] by /roslaunch
[rosmaster.master][INFO] 2026-06-24 04:11:05,591: +PARAM [/mavros/distance_sensor/rangefinder_pub/sensor_position/x] by /roslaunch
[rosmaster.master][INFO] 2026-06-24 04:11:05,591: +PARAM [/mavros/distance_sensor/rangefinder_pub/sensor_position/y] by /roslaunch
[rosmaster.master][INFO] 2026-06-24 04:11:05,591: +PARAM [/mavros/distance_sensor/rangefinder_pub/sensor_position/z] by /roslaunch
[rosmaster.master][INFO] 2026-06-24 04:11:05,591: +PARAM [/mavros/distance_sensor/rangefinder_sub/subscriber] by /roslaunch
[rosmaster.master][INFO] 2026-06-24 04:11:05,591: +PARAM [/mavros/distance_sensor/rangefinder_sub/id] by /roslaunch
[rosmaster.master][INFO] 2026-06-24 04:11:05,591: +PARAM [/mavros/distance_sensor/rangefinder_sub/orientation] by /roslaunch
[rosmaster.master][INFO] 2026-06-24 04:11:05,591: +PARAM [/mavros/image/frame_id] by /roslaunch
[rosmaster.master][INFO] 2026-06-24 04:11:05,591: +PARAM [/mavros/fake_gps/use_mocap] by /roslaunch
[rosmaster.master][INFO] 2026-06-24 04:11:05,591: +PARAM [/mavros/fake_gps/mocap_transform] by /roslaunch
[rosmaster.master][INFO] 2026-06-24 04:11:05,591: +PARAM [/mavros/fake_gps/mocap_withcovariance] by /roslaunch
[rosmaster.master][INFO] 2026-06-24 04:11:05,591: +PARAM [/mavros/fake_gps/use_vision] by /roslaunch
[rosmaster.master][INFO] 2026-06-24 04:11:05,591: +PARAM [/mavros/fake_gps/use_hil_gps] by /roslaunch
[rosmaster.master][INFO] 2026-06-24 04:11:05,591: +PARAM [/mavros/fake_gps/gps_id] by /roslaunch
[rosmaster.master][INFO] 2026-06-24 04:11:05,591: +PARAM [/mavros/fake_gps/geo_origin/lat] by /roslaunch
[rosmaster.master][INFO] 2026-06-24 04:11:05,591: +PARAM [/mavros/fake_gps/geo_origin/lon] by /roslaunch
[rosmaster.master][INFO] 2026-06-24 04:11:05,591: +PARAM [/mavros/fake_gps/geo_origin/alt] by /roslaunch
[rosmaster.master][INFO] 2026-06-24 04:11:05,591: +PARAM [/mavros/fake_gps/eph] by /roslaunch
[rosmaster.master][INFO] 2026-06-24 04:11:05,591: +PARAM [/mavros/fake_gps/epv] by /roslaunch
[rosmaster.master][INFO] 2026-06-24 04:11:05,591: +PARAM [/mavros/fake_gps/horiz_accuracy] by /roslaunch
[rosmaster.master][INFO] 2026-06-24 04:11:05,591: +PARAM [/mavros/fake_gps/vert_accuracy] by /roslaunch
[rosmaster.master][INFO] 2026-06-24 04:11:05,591: +PARAM [/mavros/fake_gps/speed_accuracy] by /roslaunch
[rosmaster.master][INFO] 2026-06-24 04:11:05,591: +PARAM [/mavros/fake_gps/satellites_visible] by /roslaunch
[rosmaster.master][INFO] 2026-06-24 04:11:05,591: +PARAM [/mavros/fake_gps/fix_type] by /roslaunch
[rosmaster.master][INFO] 2026-06-24 04:11:05,591: +PARAM [/mavros/fake_gps/tf/listen] by /roslaunch
[rosmaster.master][INFO] 2026-06-24 04:11:05,591: +PARAM [/mavros/fake_gps/tf/send] by /roslaunch
[rosmaster.master][INFO] 2026-06-24 04:11:05,591: +PARAM [/mavros/fake_gps/tf/frame_id] by /roslaunch
[rosmaster.master][INFO] 2026-06-24 04:11:05,591: +PARAM [/mavros/fake_gps/tf/child_frame_id] by /roslaunch
[rosmaster.master][INFO] 2026-06-24 04:11:05,591: +PARAM [/mavros/fake_gps/tf/rate_limit] by /roslaunch
[rosmaster.master][INFO] 2026-06-24 04:11:05,591: +PARAM [/mavros/fake_gps/gps_rate] by /roslaunch
[rosmaster.master][INFO] 2026-06-24 04:11:05,591: +PARAM [/mavros/landing_target/listen_lt] by /roslaunch
[rosmaster.master][INFO] 2026-06-24 04:11:05,591: +PARAM [/mavros/landing_target/mav_frame] by /roslaunch
[rosmaster.master][INFO] 2026-06-24 04:11:05,592: +PARAM [/mavros/landing_target/land_target_type] by /roslaunch
[rosmaster.master][INFO] 2026-06-24 04:11:05,592: +PARAM [/mavros/landing_target/image/width] by /roslaunch
[rosmaster.master][INFO] 2026-06-24 04:11:05,592: +PARAM [/mavros/landing_target/image/height] by /roslaunch
[rosmaster.master][INFO] 2026-06-24 04:11:05,592: +PARAM [/mavros/landing_target/camera/fov_x] by /roslaunch
[rosmaster.master][INFO] 2026-06-24 04:11:05,592: +PARAM [/mavros/landing_target/camera/fov_y] by /roslaunch
[rosmaster.master][INFO] 2026-06-24 04:11:05,592: +PARAM [/mavros/landing_target/tf/send] by /roslaunch
[rosmaster.master][INFO] 2026-06-24 04:11:05,592: +PARAM [/mavros/landing_target/tf/listen] by /roslaunch
[rosmaster.master][INFO] 2026-06-24 04:11:05,592: +PARAM [/mavros/landing_target/tf/frame_id] by /roslaunch
[rosmaster.master][INFO] 2026-06-24 04:11:05,592: +PARAM [/mavros/landing_target/tf/child_frame_id] by /roslaunch
[rosmaster.master][INFO] 2026-06-24 04:11:05,592: +PARAM [/mavros/landing_target/tf/rate_limit] by /roslaunch
[rosmaster.master][INFO] 2026-06-24 04:11:05,592: +PARAM [/mavros/landing_target/target_size/x] by /roslaunch
[rosmaster.master][INFO] 2026-06-24 04:11:05,592: +PARAM [/mavros/landing_target/target_size/y] by /roslaunch
[rosmaster.master][INFO] 2026-06-24 04:11:05,592: +PARAM [/mavros/mocap/use_tf] by /roslaunch
[rosmaster.master][INFO] 2026-06-24 04:11:05,592: +PARAM [/mavros/mocap/use_pose] by /roslaunch
[rosmaster.master][INFO] 2026-06-24 04:11:05,592: +PARAM [/mavros/mount/debounce_s] by /roslaunch
[rosmaster.master][INFO] 2026-06-24 04:11:05,592: +PARAM [/mavros/mount/err_threshold_deg] by /roslaunch
[rosmaster.master][INFO] 2026-06-24 04:11:05,592: +PARAM [/mavros/mount/negate_measured_roll] by /roslaunch
[rosmaster.master][INFO] 2026-06-24 04:11:05,592: +PARAM [/mavros/mount/negate_measured_pitch] by /roslaunch
[rosmaster.master][INFO] 2026-06-24 04:11:05,592: +PARAM [/mavros/mount/negate_measured_yaw] by /roslaunch
[rosmaster.master][INFO] 2026-06-24 04:11:05,592: +PARAM [/mavros/odometry/frame_tf/desired_frame] by /roslaunch
[rosmaster.master][INFO] 2026-06-24 04:11:05,592: +PARAM [/mavros/odometry/estimator_type] by /roslaunch
[rosmaster.master][INFO] 2026-06-24 04:11:05,592: +PARAM [/mavros/px4flow/frame_id] by /roslaunch
[rosmaster.master][INFO] 2026-06-24 04:11:05,592: +PARAM [/mavros/px4flow/ranger_fov] by /roslaunch
[rosmaster.master][INFO] 2026-06-24 04:11:05,592: +PARAM [/mavros/px4flow/ranger_min_range] by /roslaunch
[rosmaster.master][INFO] 2026-06-24 04:11:05,592: +PARAM [/mavros/px4flow/ranger_max_range] by /roslaunch
[rosmaster.master][INFO] 2026-06-24 04:11:05,592: +PARAM [/mavros/vision_pose/tf/listen] by /roslaunch
[rosmaster.master][INFO] 2026-06-24 04:11:05,592: +PARAM [/mavros/vision_pose/tf/frame_id] by /roslaunch
[rosmaster.master][INFO] 2026-06-24 04:11:05,592: +PARAM [/mavros/vision_pose/tf/child_frame_id] by /roslaunch
[rosmaster.master][INFO] 2026-06-24 04:11:05,592: +PARAM [/mavros/vision_pose/tf/rate_limit] by /roslaunch
[rosmaster.master][INFO] 2026-06-24 04:11:05,592: +PARAM [/mavros/vision_speed/listen_twist] by /roslaunch
[rosmaster.master][INFO] 2026-06-24 04:11:05,592: +PARAM [/mavros/vision_speed/twist_cov] by /roslaunch
[rosmaster.master][INFO] 2026-06-24 04:11:05,592: +PARAM [/mavros/vibration/frame_id] by /roslaunch
[rosmaster.master][INFO] 2026-06-24 04:11:05,592: +PARAM [/mavros/wheel_odometry/count] by /roslaunch
[rosmaster.master][INFO] 2026-06-24 04:11:05,592: +PARAM [/mavros/wheel_odometry/use_rpm] by /roslaunch
[rosmaster.master][INFO] 2026-06-24 04:11:05,592: +PARAM [/mavros/wheel_odometry/wheel0/x] by /roslaunch
[rosmaster.master][INFO] 2026-06-24 04:11:05,592: +PARAM [/mavros/wheel_odometry/wheel0/y] by /roslaunch
[rosmaster.master][INFO] 2026-06-24 04:11:05,592: +PARAM [/mavros/wheel_odometry/wheel0/radius] by /roslaunch
[rosmaster.master][INFO] 2026-06-24 04:11:05,592: +PARAM [/mavros/wheel_odometry/wheel1/x] by /roslaunch
[rosmaster.master][INFO] 2026-06-24 04:11:05,592: +PARAM [/mavros/wheel_odometry/wheel1/y] by /roslaunch
[rosmaster.master][INFO] 2026-06-24 04:11:05,592: +PARAM [/mavros/wheel_odometry/wheel1/radius] by /roslaunch
[rosmaster.master][INFO] 2026-06-24 04:11:05,592: +PARAM [/mavros/wheel_odometry/send_raw] by /roslaunch
[rosmaster.master][INFO] 2026-06-24 04:11:05,592: +PARAM [/mavros/wheel_odometry/send_twist] by /roslaunch
[rosmaster.master][INFO] 2026-06-24 04:11:05,592: +PARAM [/mavros/wheel_odometry/frame_id] by /roslaunch
[rosmaster.master][INFO] 2026-06-24 04:11:05,593: +PARAM [/mavros/wheel_odometry/child_frame_id] by /roslaunch
[rosmaster.master][INFO] 2026-06-24 04:11:05,593: +PARAM [/mavros/wheel_odometry/vel_error] by /roslaunch
[rosmaster.master][INFO] 2026-06-24 04:11:05,593: +PARAM [/mavros/wheel_odometry/tf/send] by /roslaunch
[rosmaster.master][INFO] 2026-06-24 04:11:05,593: +PARAM [/mavros/wheel_odometry/tf/frame_id] by /roslaunch
[rosmaster.master][INFO] 2026-06-24 04:11:05,593: +PARAM [/mavros/wheel_odometry/tf/child_frame_id] by /roslaunch
[rosmaster.master][INFO] 2026-06-24 04:11:05,593: +PARAM [/mavros/fcu_url] by /roslaunch
[rosmaster.master][INFO] 2026-06-24 04:11:05,593: +PARAM [/mavros/gcs_url] by /roslaunch
[rosmaster.master][INFO] 2026-06-24 04:11:05,593: +PARAM [/mavros/target_system_id] by /roslaunch
[rosmaster.master][INFO] 2026-06-24 04:11:05,593: +PARAM [/mavros/target_component_id] by /roslaunch
[rosmaster.master][INFO] 2026-06-24 04:11:05,593: +PARAM [/mavros/fcu_protocol] by /roslaunch
[rosmaster.master][INFO] 2026-06-24 04:11:05,671: +PUB [/rosout] /mavros http://localhost:37415/
[rosmaster.master][INFO] 2026-06-24 04:11:05,672: +SERVICE [/mavros/get_loggers] /mavros http://localhost:37415/
[rosmaster.master][INFO] 2026-06-24 04:11:05,672: +SERVICE [/mavros/set_logger_level] /mavros http://localhost:37415/
[rosmaster.master][INFO] 2026-06-24 04:11:05,673: +PUB [/diagnostics] /mavros http://localhost:37415/
[rosmaster.master][INFO] 2026-06-24 04:11:05,673: +CACHEDPARAM [/mavros/diagnostic_period] by /mavros
[rosmaster.master][INFO] 2026-06-24 04:11:05,682: +SUB [/tf] /mavros http://localhost:37415/
[rosmaster.master][INFO] 2026-06-24 04:11:05,683: +SUB [/tf_static] /mavros http://localhost:37415/
[rosmaster.master][INFO] 2026-06-24 04:11:05,683: +PUB [/tf] /mavros http://localhost:37415/
[rosmaster.master][INFO] 2026-06-24 04:11:05,684: +PUB [/tf_static] /mavros http://localhost:37415/
[rosmaster.master][INFO] 2026-06-24 04:11:05,727: publisherUpdate[/rosout] -> http://localhost:36767/ ['http://localhost:37415/']
[rosmaster.master][INFO] 2026-06-24 04:11:05,728: publisherUpdate[/tf] -> http://localhost:37415/ ['http://localhost:37415/']
[rosmaster.master][INFO] 2026-06-24 04:11:05,730: publisherUpdate[/tf] -> http://localhost:37415/ ['http://localhost:37415/']: sec=0.00, result=[1, '', 0]
[rosmaster.master][INFO] 2026-06-24 04:11:05,730: publisherUpdate[/rosout] -> http://localhost:36767/ ['http://localhost:37415/']: sec=0.00, result=[1, '', 0]
[rosmaster.master][INFO] 2026-06-24 04:11:05,730: publisherUpdate[/tf_static] -> http://localhost:37415/ ['http://localhost:37415/']
[rosmaster.master][INFO] 2026-06-24 04:11:05,731: publisherUpdate[/tf_static] -> http://localhost:37415/ ['http://localhost:37415/']: sec=0.00, result=[1, '', 0]
[rosmaster.master][INFO] 2026-06-24 04:11:05,779: +CACHEDPARAM [/rosout_disable_topics_generation] by /mavros
[rosmaster.master][INFO] 2026-06-24 04:11:05,783: +PUB [/mavlink/from] /mavros http://localhost:37415/
[rosmaster.master][INFO] 2026-06-24 04:11:05,785: +SUB [/mavlink/to] /mavros http://localhost:37415/
[rosmaster.master][INFO] 2026-06-24 04:11:05,858: +PUB [/mavros/radio_status] /mavros http://localhost:37415/
[rosmaster.master][INFO] 2026-06-24 04:11:05,905: +PUB [/mavros/adsb/vehicle] /mavros http://localhost:37415/
[rosmaster.master][INFO] 2026-06-24 04:11:05,908: +SUB [/mavros/adsb/send] /mavros http://localhost:37415/
[rosmaster.master][INFO] 2026-06-24 04:11:05,909: +PUB [/mavros/cam_imu_sync/cam_imu_stamp] /mavros http://localhost:37415/
[rosmaster.master][INFO] 2026-06-24 04:11:05,910: +PUB [/mavros/camera/image_captured] /mavros http://localhost:37415/
[rosmaster.master][INFO] 2026-06-24 04:11:05,913: +SUB [/mavros/cellular_status/status] /mavros http://localhost:37415/
[rosmaster.master][INFO] 2026-06-24 04:11:05,915: +SERVICE [/mavros/cmd/command] /mavros http://localhost:37415/
[rosmaster.master][INFO] 2026-06-24 04:11:05,915: +SERVICE [/mavros/cmd/command_ack] /mavros http://localhost:37415/
[rosmaster.master][INFO] 2026-06-24 04:11:05,916: +SERVICE [/mavros/cmd/command_int] /mavros http://localhost:37415/
[rosmaster.master][INFO] 2026-06-24 04:11:05,916: +SERVICE [/mavros/cmd/arming] /mavros http://localhost:37415/
[rosmaster.master][INFO] 2026-06-24 04:11:05,916: +SERVICE [/mavros/cmd/set_home] /mavros http://localhost:37415/
[rosmaster.master][INFO] 2026-06-24 04:11:05,917: +SERVICE [/mavros/cmd/takeoff] /mavros http://localhost:37415/
[rosmaster.master][INFO] 2026-06-24 04:11:05,917: +SERVICE [/mavros/cmd/land] /mavros http://localhost:37415/
[rosmaster.master][INFO] 2026-06-24 04:11:05,917: +SERVICE [/mavros/cmd/trigger_control] /mavros http://localhost:37415/
[rosmaster.master][INFO] 2026-06-24 04:11:05,917: +SERVICE [/mavros/cmd/trigger_interval] /mavros http://localhost:37415/
[rosmaster.master][INFO] 2026-06-24 04:11:05,918: +SERVICE [/mavros/cmd/vtol_transition] /mavros http://localhost:37415/
[rosmaster.master][INFO] 2026-06-24 04:11:05,919: +SUB [/mavros/companion_process/status] /mavros http://localhost:37415/
[rosmaster.master][INFO] 2026-06-24 04:11:05,921: +PUB [/mavros/distance_sensor/rangefinder_pub] /mavros http://localhost:37415/
[rosmaster.master][INFO] 2026-06-24 04:11:05,924: +SUB [/mavros/distance_sensor/rangefinder_sub] /mavros http://localhost:37415/
[rosmaster.master][INFO] 2026-06-24 04:11:05,924: +PUB [/mavros/esc_info] /mavros http://localhost:37415/
[rosmaster.master][INFO] 2026-06-24 04:11:05,925: +PUB [/mavros/esc_status] /mavros http://localhost:37415/
[rosmaster.master][INFO] 2026-06-24 04:11:05,925: +PUB [/mavros/esc_telemetry] /mavros http://localhost:37415/
[rosmaster.master][INFO] 2026-06-24 04:11:05,935: +SUB [/mavros/fake_gps/mocap/pose] /mavros http://localhost:37415/
[rosmaster.master][INFO] 2026-06-24 04:11:05,935: +CACHEDPARAM [/rosout/omit_topics] by /rosout
[rosmaster.master][INFO] 2026-06-24 04:11:05,936: +PUB [/mavros/geofence/waypoints] /mavros http://localhost:37415/
[rosmaster.master][INFO] 2026-06-24 04:11:05,937: +SERVICE [/mavros/geofence/pull] /mavros http://localhost:37415/
[rosmaster.master][INFO] 2026-06-24 04:11:05,937: +SERVICE [/mavros/geofence/push] /mavros http://localhost:37415/
[rosmaster.master][INFO] 2026-06-24 04:11:05,937: +SERVICE [/mavros/geofence/clear] /mavros http://localhost:37415/
[rosmaster.master][INFO] 2026-06-24 04:11:05,940: +PUB [/mavros/global_position/raw/fix] /mavros http://localhost:37415/
[rosmaster.master][INFO] 2026-06-24 04:11:05,941: +PUB [/mavros/global_position/raw/gps_vel] /mavros http://localhost:37415/
[rosmaster.master][INFO] 2026-06-24 04:11:05,941: +PUB [/mavros/global_position/raw/satellites] /mavros http://localhost:37415/
[rosmaster.master][INFO] 2026-06-24 04:11:05,941: +PUB [/mavros/global_position/global] /mavros http://localhost:37415/
[rosmaster.master][INFO] 2026-06-24 04:11:05,941: +PUB [/mavros/global_position/local] /mavros http://localhost:37415/
[rosmaster.master][INFO] 2026-06-24 04:11:05,942: +PUB [/mavros/global_position/rel_alt] /mavros http://localhost:37415/
[rosmaster.master][INFO] 2026-06-24 04:11:05,942: +PUB [/mavros/global_position/compass_hdg] /mavros http://localhost:37415/
[rosmaster.master][INFO] 2026-06-24 04:11:05,942: +PUB [/mavros/global_position/gp_origin] /mavros http://localhost:37415/
[rosmaster.master][INFO] 2026-06-24 04:11:05,943: +SUB [/mavros/global_position/set_gp_origin] /mavros http://localhost:37415/
[rosmaster.master][INFO] 2026-06-24 04:11:05,944: +SUB [/mavros/home_position/home] /mavros http://localhost:37415/
[rosmaster.master][INFO] 2026-06-24 04:11:05,945: +PUB [/mavros/global_position/gp_lp_offset] /mavros http://localhost:37415/
[rosmaster.master][INFO] 2026-06-24 04:11:05,946: +SUB [/mavros/gps_input/gps_input] /mavros http://localhost:37415/
[rosmaster.master][INFO] 2026-06-24 04:11:05,947: +SUB [/mavros/gps_rtk/send_rtcm] /mavros http://localhost:37415/
[rosmaster.master][INFO] 2026-06-24 04:11:05,948: +PUB [/mavros/gps_rtk/rtk_baseline] /mavros http://localhost:37415/
[rosmaster.master][INFO] 2026-06-24 04:11:05,948: +PUB [/mavros/gpsstatus/gps1/raw] /mavros http://localhost:37415/
[rosmaster.master][INFO] 2026-06-24 04:11:05,949: +PUB [/mavros/gpsstatus/gps2/raw] /mavros http://localhost:37415/
[rosmaster.master][INFO] 2026-06-24 04:11:05,949: +PUB [/mavros/gpsstatus/gps1/rtk] /mavros http://localhost:37415/
[rosmaster.master][INFO] 2026-06-24 04:11:05,949: +PUB [/mavros/gpsstatus/gps2/rtk] /mavros http://localhost:37415/
[rosmaster.master][INFO] 2026-06-24 04:11:05,951: +PUB [/move_base_simple/goal] /mavros http://localhost:37415/
[rosmaster.master][INFO] 2026-06-24 04:11:05,952: +SUB [/mavros/global_position/gp_origin] /mavros http://localhost:37415/
[rosmaster.master][INFO] 2026-06-24 04:11:05,953: +PUB [/mavros/home_position/home] /mavros http://localhost:37415/
[rosmaster.master][INFO] 2026-06-24 04:11:05,954: +SUB [/mavros/home_position/set] /mavros http://localhost:37415/
[rosmaster.master][INFO] 2026-06-24 04:11:05,954: +SERVICE [/mavros/home_position/req_update] /mavros http://localhost:37415/
[rosmaster.master][INFO] 2026-06-24 04:11:05,957: +PUB [/mavros/imu/data] /mavros http://localhost:37415/
[rosmaster.master][INFO] 2026-06-24 04:11:05,957: +PUB [/mavros/imu/mag] /mavros http://localhost:37415/
[rosmaster.master][INFO] 2026-06-24 04:11:05,957: +PUB [/mavros/imu/temperature_imu] /mavros http://localhost:37415/
[rosmaster.master][INFO] 2026-06-24 04:11:05,957: +PUB [/mavros/imu/temperature_baro] /mavros http://localhost:37415/
[rosmaster.master][INFO] 2026-06-24 04:11:05,958: +PUB [/mavros/imu/static_pressure] /mavros http://localhost:37415/
[rosmaster.master][INFO] 2026-06-24 04:11:05,958: +PUB [/mavros/imu/diff_pressure] /mavros http://localhost:37415/
[rosmaster.master][INFO] 2026-06-24 04:11:05,958: +PUB [/mavros/imu/data_raw] /mavros http://localhost:37415/
[rosmaster.master][INFO] 2026-06-24 04:11:05,963: +PUB [/mavros/landing_target/pose_in] /mavros http://localhost:37415/
[rosmaster.master][INFO] 2026-06-24 04:11:05,963: +PUB [/mavros/landing_target/lt_marker] /mavros http://localhost:37415/
[rosmaster.master][INFO] 2026-06-24 04:11:05,964: +SUB [/mavros/landing_target/pose] /mavros http://localhost:37415/
[rosmaster.master][INFO] 2026-06-24 04:11:05,966: +PUB [/mavros/local_position/pose] /mavros http://localhost:37415/
[rosmaster.master][INFO] 2026-06-24 04:11:05,967: +PUB [/mavros/local_position/pose_cov] /mavros http://localhost:37415/
[rosmaster.master][INFO] 2026-06-24 04:11:05,967: +PUB [/mavros/local_position/velocity_local] /mavros http://localhost:37415/
[rosmaster.master][INFO] 2026-06-24 04:11:05,967: +PUB [/mavros/local_position/velocity_body] /mavros http://localhost:37415/
[rosmaster.master][INFO] 2026-06-24 04:11:05,967: +PUB [/mavros/local_position/velocity_body_cov] /mavros http://localhost:37415/
[rosmaster.master][INFO] 2026-06-24 04:11:05,967: +PUB [/mavros/local_position/accel] /mavros http://localhost:37415/
[rosmaster.master][INFO] 2026-06-24 04:11:05,968: +PUB [/mavros/local_position/odom] /mavros http://localhost:37415/
[rosmaster.master][INFO] 2026-06-24 04:11:05,968: +PUB [/mavros/log_transfer/raw/log_entry] /mavros http://localhost:37415/
[rosmaster.master][INFO] 2026-06-24 04:11:05,968: +PUB [/mavros/log_transfer/raw/log_data] /mavros http://localhost:37415/
[rosmaster.master][INFO] 2026-06-24 04:11:05,969: +SERVICE [/mavros/log_transfer/raw/log_request_list] /mavros http://localhost:37415/
[rosmaster.master][INFO] 2026-06-24 04:11:05,969: +SERVICE [/mavros/log_transfer/raw/log_request_data] /mavros http://localhost:37415/
[rosmaster.master][INFO] 2026-06-24 04:11:05,969: +SERVICE [/mavros/log_transfer/raw/log_request_end] /mavros http://localhost:37415/
[rosmaster.master][INFO] 2026-06-24 04:11:05,969: +SERVICE [/mavros/log_transfer/raw/log_request_erase] /mavros http://localhost:37415/
[rosmaster.master][INFO] 2026-06-24 04:11:05,970: +PUB [/mavros/mag_calibration/status] /mavros http://localhost:37415/
[rosmaster.master][INFO] 2026-06-24 04:11:05,970: +PUB [/mavros/mag_calibration/report] /mavros http://localhost:37415/
[rosmaster.master][INFO] 2026-06-24 04:11:05,971: +PUB [/mavros/manual_control/control] /mavros http://localhost:37415/
[rosmaster.master][INFO] 2026-06-24 04:11:05,972: +SUB [/mavros/manual_control/send] /mavros http://localhost:37415/
[rosmaster.master][INFO] 2026-06-24 04:11:05,974: +SUB [/mavros/mocap/pose] /mavros http://localhost:37415/
[rosmaster.master][INFO] 2026-06-24 04:11:05,975: +SUB [/mavros/mount_control/command] /mavros http://localhost:37415/
[rosmaster.master][INFO] 2026-06-24 04:11:05,975: +PUB [/mavros/mount_control/orientation] /mavros http://localhost:37415/
[rosmaster.master][INFO] 2026-06-24 04:11:05,975: +PUB [/mavros/mount_control/status] /mavros http://localhost:37415/
[rosmaster.master][INFO] 2026-06-24 04:11:05,976: +SERVICE [/mavros/mount_control/configure] /mavros http://localhost:37415/
[rosmaster.master][INFO] 2026-06-24 04:11:05,979: +PUB [/mavros/nav_controller_output] /mavros http://localhost:37415/
[rosmaster.master][INFO] 2026-06-24 04:11:05,980: +SUB [/mavros/obstacle/send] /mavros http://localhost:37415/
[rosmaster.master][INFO] 2026-06-24 04:11:05,981: +PUB [/mavros/odometry/in] /mavros http://localhost:37415/
[rosmaster.master][INFO] 2026-06-24 04:11:05,982: +SUB [/mavros/odometry/out] /mavros http://localhost:37415/
[rosmaster.master][INFO] 2026-06-24 04:11:05,983: +SUB [/mavros/onboard_computer/status] /mavros http://localhost:37415/
[rosmaster.master][INFO] 2026-06-24 04:11:05,984: +SERVICE [/mavros/param/pull] /mavros http://localhost:37415/
[rosmaster.master][INFO] 2026-06-24 04:11:05,984: +SERVICE [/mavros/param/push] /mavros http://localhost:37415/
[rosmaster.master][INFO] 2026-06-24 04:11:05,985: +SERVICE [/mavros/param/set] /mavros http://localhost:37415/
[rosmaster.master][INFO] 2026-06-24 04:11:05,985: +SERVICE [/mavros/param/get] /mavros http://localhost:37415/
[rosmaster.master][INFO] 2026-06-24 04:11:05,986: +PUB [/mavros/param/param_value] /mavros http://localhost:37415/
[rosmaster.master][INFO] 2026-06-24 04:11:05,987: +SUB [/mavros/play_tune] /mavros http://localhost:37415/
[rosmaster.master][INFO] 2026-06-24 04:11:05,988: +PUB [/mavros/rallypoint/waypoints] /mavros http://localhost:37415/
[rosmaster.master][INFO] 2026-06-24 04:11:05,988: +SERVICE [/mavros/rallypoint/pull] /mavros http://localhost:37415/
[rosmaster.master][INFO] 2026-06-24 04:11:05,989: +SERVICE [/mavros/rallypoint/push] /mavros http://localhost:37415/
[rosmaster.master][INFO] 2026-06-24 04:11:05,989: +SERVICE [/mavros/rallypoint/clear] /mavros http://localhost:37415/
[rosmaster.master][INFO] 2026-06-24 04:11:05,990: +PUB [/mavros/rangefinder/rangefinder] /mavros http://localhost:37415/
[rosmaster.master][INFO] 2026-06-24 04:11:05,990: +PUB [/mavros/rc/in] /mavros http://localhost:37415/
[rosmaster.master][INFO] 2026-06-24 04:11:05,990: +PUB [/mavros/rc/out] /mavros http://localhost:37415/
[rosmaster.master][INFO] 2026-06-24 04:11:05,992: +SUB [/mavros/rc/override] /mavros http://localhost:37415/
[rosmaster.master][INFO] 2026-06-24 04:11:05,993: +SUB [/mavros/setpoint_accel/accel] /mavros http://localhost:37415/
[rosmaster.master][INFO] 2026-06-24 04:11:05,996: +SUB [/mavros/setpoint_attitude/thrust] /mavros http://localhost:37415/
[rosmaster.master][INFO] 2026-06-24 04:11:05,997: +SUB [/mavros/setpoint_attitude/cmd_vel] /mavros http://localhost:37415/
[rosmaster.master][INFO] 2026-06-24 04:11:06,002: +SUB [/mavros/setpoint_position/local] /mavros http://localhost:37415/
[rosmaster.master][INFO] 2026-06-24 04:11:06,003: +SUB [/mavros/setpoint_position/global] /mavros http://localhost:37415/
[rosmaster.master][INFO] 2026-06-24 04:11:06,004: +SUB [/mavros/setpoint_position/global_to_local] /mavros http://localhost:37415/
[rosmaster.master][INFO] 2026-06-24 04:11:06,005: +SUB [/mavros/global_position/global] /mavros http://localhost:37415/
[rosmaster.master][INFO] 2026-06-24 04:11:06,006: +SUB [/mavros/local_position/pose] /mavros http://localhost:37415/
[rosmaster.master][INFO] 2026-06-24 04:11:06,006: +SERVICE [/mavros/setpoint_position/mav_frame] /mavros http://localhost:37415/
[rosmaster.master][INFO] 2026-06-24 04:11:06,008: +SUB [/mavros/setpoint_raw/local] /mavros http://localhost:37415/
[rosmaster.master][INFO] 2026-06-24 04:11:06,009: +SUB [/mavros/setpoint_raw/global] /mavros http://localhost:37415/
[rosmaster.master][INFO] 2026-06-24 04:11:06,010: +SUB [/mavros/setpoint_raw/attitude] /mavros http://localhost:37415/
[rosmaster.master][INFO] 2026-06-24 04:11:06,011: +PUB [/mavros/setpoint_raw/target_local] /mavros http://localhost:37415/
[rosmaster.master][INFO] 2026-06-24 04:11:06,011: +PUB [/mavros/setpoint_raw/target_global] /mavros http://localhost:37415/
[rosmaster.master][INFO] 2026-06-24 04:11:06,011: +PUB [/mavros/setpoint_raw/target_attitude] /mavros http://localhost:37415/
[rosmaster.master][INFO] 2026-06-24 04:11:06,013: +SUB [/mavros/setpoint_trajectory/local] /mavros http://localhost:37415/
[rosmaster.master][INFO] 2026-06-24 04:11:06,014: +PUB [/mavros/setpoint_trajectory/desired] /mavros http://localhost:37415/
[rosmaster.master][INFO] 2026-06-24 04:11:06,014: +SERVICE [/mavros/setpoint_trajectory/reset] /mavros http://localhost:37415/
[rosmaster.master][INFO] 2026-06-24 04:11:06,014: +SERVICE [/mavros/setpoint_trajectory/mav_frame] /mavros http://localhost:37415/
[rosmaster.master][INFO] 2026-06-24 04:11:06,016: +SUB [/mavros/setpoint_velocity/cmd_vel] /mavros http://localhost:37415/
[rosmaster.master][INFO] 2026-06-24 04:11:06,017: +SUB [/mavros/setpoint_velocity/cmd_vel_unstamped] /mavros http://localhost:37415/
[rosmaster.master][INFO] 2026-06-24 04:11:06,017: +SERVICE [/mavros/setpoint_velocity/mav_frame] /mavros http://localhost:37415/
[rosmaster.master][INFO] 2026-06-24 04:11:06,019: +PUB [/mavros/state] /mavros http://localhost:37415/
[rosmaster.master][INFO] 2026-06-24 04:11:06,020: +PUB [/mavros/extended_state] /mavros http://localhost:37415/
[rosmaster.master][INFO] 2026-06-24 04:11:06,020: +PUB [/mavros/battery] /mavros http://localhost:37415/
[rosmaster.master][INFO] 2026-06-24 04:11:06,020: +PUB [/mavros/estimator_status] /mavros http://localhost:37415/
[rosmaster.master][INFO] 2026-06-24 04:11:06,020: +PUB [/mavros/statustext/recv] /mavros http://localhost:37415/
[rosmaster.master][INFO] 2026-06-24 04:11:06,021: +PUB [/mavros/sys_status] /mavros http://localhost:37415/
[rosmaster.master][INFO] 2026-06-24 04:11:06,022: +SUB [/mavros/statustext/send] /mavros http://localhost:37415/
[rosmaster.master][INFO] 2026-06-24 04:11:06,022: +SERVICE [/mavros/set_stream_rate] /mavros http://localhost:37415/
[rosmaster.master][INFO] 2026-06-24 04:11:06,023: +SERVICE [/mavros/set_mode] /mavros http://localhost:37415/
[rosmaster.master][INFO] 2026-06-24 04:11:06,023: +SERVICE [/mavros/vehicle_info_get] /mavros http://localhost:37415/
[rosmaster.master][INFO] 2026-06-24 04:11:06,023: +SERVICE [/mavros/set_message_interval] /mavros http://localhost:37415/
[rosmaster.master][INFO] 2026-06-24 04:11:06,027: +PUB [/mavros/time_reference] /mavros http://localhost:37415/
[rosmaster.master][INFO] 2026-06-24 04:11:06,027: +PUB [/mavros/timesync_status] /mavros http://localhost:37415/
[rosmaster.master][INFO] 2026-06-24 04:11:06,028: +PUB [/mavros/terrain/report] /mavros http://localhost:37415/
[rosmaster.master][INFO] 2026-06-24 04:11:06,028: publisherUpdate[/mavros/home_position/home] -> http://localhost:37415/ ['http://localhost:37415/']
[rosmaster.master][INFO] 2026-06-24 04:11:06,029: +SUB [/mavros/trajectory/generated] /mavros http://localhost:37415/
[rosmaster.master][INFO] 2026-06-24 04:11:06,030: publisherUpdate[/mavros/home_position/home] -> http://localhost:37415/ ['http://localhost:37415/']: sec=0.00, result=[1, '', 0]
[rosmaster.master][INFO] 2026-06-24 04:11:06,031: +SUB [/mavros/trajectory/path] /mavros http://localhost:37415/
[rosmaster.master][INFO] 2026-06-24 04:11:06,031: +PUB [/mavros/trajectory/desired] /mavros http://localhost:37415/
[rosmaster.master][INFO] 2026-06-24 04:11:06,032: +SUB [/mavros/tunnel/in] /mavros http://localhost:37415/
[rosmaster.master][INFO] 2026-06-24 04:11:06,032: +PUB [/mavros/tunnel/out] /mavros http://localhost:37415/
[rosmaster.master][INFO] 2026-06-24 04:11:06,033: +PUB [/mavros/vfr_hud] /mavros http://localhost:37415/
[rosmaster.master][INFO] 2026-06-24 04:11:06,035: +SUB [/mavros/vision_pose/pose] /mavros http://localhost:37415/
[rosmaster.master][INFO] 2026-06-24 04:11:06,036: +SUB [/mavros/vision_pose/pose_cov] /mavros http://localhost:37415/
[rosmaster.master][INFO] 2026-06-24 04:11:06,038: +PUB [/mavros/mission/waypoints] /mavros http://localhost:37415/
[rosmaster.master][INFO] 2026-06-24 04:11:06,038: +SERVICE [/mavros/mission/pull] /mavros http://localhost:37415/
[rosmaster.master][INFO] 2026-06-24 04:11:06,038: +SERVICE [/mavros/mission/push] /mavros http://localhost:37415/
[rosmaster.master][INFO] 2026-06-24 04:11:06,038: +SERVICE [/mavros/mission/clear] /mavros http://localhost:37415/
[rosmaster.master][INFO] 2026-06-24 04:11:06,039: +PUB [/mavros/mission/reached] /mavros http://localhost:37415/
[rosmaster.master][INFO] 2026-06-24 04:11:06,039: +SERVICE [/mavros/mission/set_current] /mavros http://localhost:37415/
[rosmaster.master][INFO] 2026-06-24 04:11:06,039: +PUB [/mavros/wind_estimation] /mavros http://localhost:37415/
[rosmaster.master][INFO] 2026-06-24 04:11:07,042: +PUB [/mavlink/gcs_ip] /mavros http://localhost:37415/
[rosmaster.master][INFO] 2026-06-24 04:11:43,085: +PUB [/rosout] /vertical_descent_logger http://localhost:39009/
[rosmaster.master][INFO] 2026-06-24 04:11:43,088: +SERVICE [/vertical_descent_logger/get_loggers] /vertical_descent_logger http://localhost:39009/
[rosmaster.master][INFO] 2026-06-24 04:11:43,089: +SERVICE [/vertical_descent_logger/set_logger_level] /vertical_descent_logger http://localhost:39009/
[rosmaster.master][INFO] 2026-06-24 04:11:43,090: +PUB [/mavros/setpoint_raw/local] /vertical_descent_logger http://localhost:39009/
[rosmaster.master][INFO] 2026-06-24 04:11:43,091: +SUB [/mavros/local_position/velocity_body] /vertical_descent_logger http://localhost:39009/
[rosmaster.master][INFO] 2026-06-24 04:11:43,092: +SUB [/mavros/battery] /vertical_descent_logger http://localhost:39009/
[rosmaster.master][INFO] 2026-06-24 04:11:43,093: +SUB [/mavros/local_position/pose] /vertical_descent_logger http://localhost:39009/
[rosmaster.master][INFO] 2026-06-24 04:11:43,137: publisherUpdate[/rosout] -> http://localhost:36767/ ['http://localhost:37415/', 'http://localhost:39009/']
[rosmaster.master][INFO] 2026-06-24 04:11:43,137: publisherUpdate[/rosout] -> http://localhost:36767/ ['http://localhost:37415/', 'http://localhost:39009/']: sec=0.00, result=[1, '', 0]
[rosmaster.master][INFO] 2026-06-24 04:11:43,137: publisherUpdate[/mavros/setpoint_raw/local] -> http://localhost:37415/ ['http://localhost:39009/']
[rosmaster.master][INFO] 2026-06-24 04:11:43,138: publisherUpdate[/mavros/setpoint_raw/local] -> http://localhost:37415/ ['http://localhost:39009/']: sec=0.00, result=[1, '', 0]
[rosmaster.master][INFO] 2026-06-24 04:12:43,957: -SUB [/mavros/local_position/velocity_body] /vertical_descent_logger http://localhost:39009/
[rosmaster.master][INFO] 2026-06-24 04:12:43,957: -SUB [/mavros/battery] /vertical_descent_logger http://localhost:39009/
[rosmaster.master][INFO] 2026-06-24 04:12:43,957: -SUB [/mavros/local_position/pose] /vertical_descent_logger http://localhost:39009/
[rosmaster.master][INFO] 2026-06-24 04:12:43,957: -PUB [/rosout] /vertical_descent_logger http://localhost:39009/
[rosmaster.master][INFO] 2026-06-24 04:12:43,957: -PUB [/mavros/setpoint_raw/local] /vertical_descent_logger http://localhost:39009/
[rosmaster.master][INFO] 2026-06-24 04:12:43,957: -SERVICE [/vertical_descent_logger/get_loggers] /vertical_descent_logger rosrpc://localhost:38259
[rosmaster.master][INFO] 2026-06-24 04:12:43,957: -SERVICE [/vertical_descent_logger/set_logger_level] /vertical_descent_logger rosrpc://localhost:38259
[rosmaster.master][INFO] 2026-06-24 04:12:44,013: publisherUpdate[/rosout] -> http://localhost:36767/ ['http://localhost:37415/']
[rosmaster.master][INFO] 2026-06-24 04:12:44,015: publisherUpdate[/rosout] -> http://localhost:36767/ ['http://localhost:37415/']: sec=0.00, result=[1, '', 0]
[rosmaster.master][INFO] 2026-06-24 04:12:44,015: publisherUpdate[/mavros/setpoint_raw/local] -> http://localhost:37415/ []
[rosmaster.master][INFO] 2026-06-24 04:12:44,016: publisherUpdate[/mavros/setpoint_raw/local] -> http://localhost:37415/ []: sec=0.00, result=[1, '', 0]
[rosmaster.master][INFO] 2026-06-24 04:13:04,679: -PUB [/rosout_agg] /rosout http://localhost:36767/
[rosmaster.master][INFO] 2026-06-24 04:13:04,679: -SUB [/rosout] /rosout http://localhost:36767/
[rosmaster.master][INFO] 2026-06-24 04:13:04,680: -SERVICE [/rosout/get_loggers] /rosout rosrpc://localhost:42563
[rosmaster.master][INFO] 2026-06-24 04:13:04,680: -SERVICE [/rosout/set_logger_level] /rosout rosrpc://localhost:42563
[rosmaster.master][INFO] 2026-06-24 04:13:04,680: -CACHEDPARAM [/rosout/omit_topics] by /rosout
[rosmaster.main][INFO] 2026-06-24 04:13:04,719: keyboard interrupt, will exit
[rosmaster.main][INFO] 2026-06-24 04:13:04,719: stopping master...
[rospy.core][INFO] 2026-06-24 04:13:04,720: signal_shutdown [atexit]
