[rosmaster.main][INFO] 2026-07-02 21:47:25,725: initialization complete, waiting for shutdown
[rosmaster.main][INFO] 2026-07-02 21:47:25,725: Starting ROS Master Node
[xmlrpc][INFO] 2026-07-02 21:47:25,727: XML-RPC server binding to 127.0.0.1:11311
[xmlrpc][INFO] 2026-07-02 21:47:25,727: Started XML-RPC server [http://localhost:11311/]
[xmlrpc][INFO] 2026-07-02 21:47:25,727: xml rpc node: starting XML-RPC server
[rosmaster.master][INFO] 2026-07-02 21:47:25,727: Master initialized: port[11311], uri[http://localhost:11311/]
[rosmaster.master][INFO] 2026-07-02 21:47:25,807: +PARAM [/run_id] by /roslaunch
[rosmaster.master][INFO] 2026-07-02 21:47:25,808: +PARAM [/roslaunch/uris/host_localhost__38825] by /roslaunch
[rosmaster.master][INFO] 2026-07-02 21:47:25,834: +PARAM [/rosversion] by /roslaunch
[rosmaster.master][INFO] 2026-07-02 21:47:25,834: +PARAM [/rosdistro] by /roslaunch
[rosmaster.master][INFO] 2026-07-02 21:47:25,866: +SERVICE [/rosout/get_loggers] /rosout http://localhost:41643/
[rosmaster.master][INFO] 2026-07-02 21:47:25,867: +SERVICE [/rosout/set_logger_level] /rosout http://localhost:41643/
[rosmaster.master][INFO] 2026-07-02 21:47:25,867: +PUB [/rosout_agg] /rosout http://localhost:41643/
[rosmaster.master][INFO] 2026-07-02 21:47:25,869: +SUB [/rosout] /rosout http://localhost:41643/
[rosmaster.master][INFO] 2026-07-02 21:47:48,048: +PARAM [/roslaunch/uris/host_localhost__36799] by /roslaunch
[rosmaster.master][INFO] 2026-07-02 21:47:48,052: +PARAM [/rosversion] by /roslaunch
[rosmaster.master][INFO] 2026-07-02 21:47:48,052: +PARAM [/rosdistro] by /roslaunch
[rosmaster.master][INFO] 2026-07-02 21:47:48,052: +PARAM [/mavros/plugin_blacklist] by /roslaunch
[rosmaster.master][INFO] 2026-07-02 21:47:48,052: +PARAM [/mavros/plugin_whitelist] by /roslaunch
[rosmaster.master][INFO] 2026-07-02 21:47:48,052: +PARAM [/mavros/startup_px4_usb_quirk] by /roslaunch
[rosmaster.master][INFO] 2026-07-02 21:47:48,052: +PARAM [/mavros/conn/heartbeat_rate] by /roslaunch
[rosmaster.master][INFO] 2026-07-02 21:47:48,052: +PARAM [/mavros/conn/heartbeat_mav_type] by /roslaunch
[rosmaster.master][INFO] 2026-07-02 21:47:48,052: +PARAM [/mavros/conn/timeout] by /roslaunch
[rosmaster.master][INFO] 2026-07-02 21:47:48,052: +PARAM [/mavros/conn/timesync_rate] by /roslaunch
[rosmaster.master][INFO] 2026-07-02 21:47:48,052: +PARAM [/mavros/conn/system_time_rate] by /roslaunch
[rosmaster.master][INFO] 2026-07-02 21:47:48,052: +PARAM [/mavros/sys/min_voltage] by /roslaunch
[rosmaster.master][INFO] 2026-07-02 21:47:48,052: +PARAM [/mavros/sys/disable_diag] by /roslaunch
[rosmaster.master][INFO] 2026-07-02 21:47:48,052: +PARAM [/mavros/time/time_ref_source] by /roslaunch
[rosmaster.master][INFO] 2026-07-02 21:47:48,052: +PARAM [/mavros/time/timesync_mode] by /roslaunch
[rosmaster.master][INFO] 2026-07-02 21:47:48,053: +PARAM [/mavros/time/timesync_avg_alpha] by /roslaunch
[rosmaster.master][INFO] 2026-07-02 21:47:48,053: +PARAM [/mavros/tdr_radio/low_rssi] by /roslaunch
[rosmaster.master][INFO] 2026-07-02 21:47:48,053: +PARAM [/mavros/cmd/use_comp_id_system_control] by /roslaunch
[rosmaster.master][INFO] 2026-07-02 21:47:48,053: +PARAM [/mavros/global_position/frame_id] by /roslaunch
[rosmaster.master][INFO] 2026-07-02 21:47:48,053: +PARAM [/mavros/global_position/child_frame_id] by /roslaunch
[rosmaster.master][INFO] 2026-07-02 21:47:48,053: +PARAM [/mavros/global_position/rot_covariance] by /roslaunch
[rosmaster.master][INFO] 2026-07-02 21:47:48,053: +PARAM [/mavros/global_position/gps_uere] by /roslaunch
[rosmaster.master][INFO] 2026-07-02 21:47:48,053: +PARAM [/mavros/global_position/use_relative_alt] by /roslaunch
[rosmaster.master][INFO] 2026-07-02 21:47:48,053: +PARAM [/mavros/global_position/tf/send] by /roslaunch
[rosmaster.master][INFO] 2026-07-02 21:47:48,053: +PARAM [/mavros/global_position/tf/frame_id] by /roslaunch
[rosmaster.master][INFO] 2026-07-02 21:47:48,053: +PARAM [/mavros/global_position/tf/global_frame_id] by /roslaunch
[rosmaster.master][INFO] 2026-07-02 21:47:48,053: +PARAM [/mavros/global_position/tf/child_frame_id] by /roslaunch
[rosmaster.master][INFO] 2026-07-02 21:47:48,053: +PARAM [/mavros/imu/frame_id] by /roslaunch
[rosmaster.master][INFO] 2026-07-02 21:47:48,053: +PARAM [/mavros/imu/linear_acceleration_stdev] by /roslaunch
[rosmaster.master][INFO] 2026-07-02 21:47:48,053: +PARAM [/mavros/imu/angular_velocity_stdev] by /roslaunch
[rosmaster.master][INFO] 2026-07-02 21:47:48,053: +PARAM [/mavros/imu/orientation_stdev] by /roslaunch
[rosmaster.master][INFO] 2026-07-02 21:47:48,053: +PARAM [/mavros/imu/magnetic_stdev] by /roslaunch
[rosmaster.master][INFO] 2026-07-02 21:47:48,053: +PARAM [/mavros/local_position/frame_id] by /roslaunch
[rosmaster.master][INFO] 2026-07-02 21:47:48,054: +PARAM [/mavros/local_position/tf/send] by /roslaunch
[rosmaster.master][INFO] 2026-07-02 21:47:48,054: +PARAM [/mavros/local_position/tf/frame_id] by /roslaunch
[rosmaster.master][INFO] 2026-07-02 21:47:48,054: +PARAM [/mavros/local_position/tf/child_frame_id] by /roslaunch
[rosmaster.master][INFO] 2026-07-02 21:47:48,054: +PARAM [/mavros/local_position/tf/send_fcu] by /roslaunch
[rosmaster.master][INFO] 2026-07-02 21:47:48,054: +PARAM [/mavros/safety_area/p1/x] by /roslaunch
[rosmaster.master][INFO] 2026-07-02 21:47:48,054: +PARAM [/mavros/safety_area/p1/y] by /roslaunch
[rosmaster.master][INFO] 2026-07-02 21:47:48,054: +PARAM [/mavros/safety_area/p1/z] by /roslaunch
[rosmaster.master][INFO] 2026-07-02 21:47:48,054: +PARAM [/mavros/safety_area/p2/x] by /roslaunch
[rosmaster.master][INFO] 2026-07-02 21:47:48,054: +PARAM [/mavros/safety_area/p2/y] by /roslaunch
[rosmaster.master][INFO] 2026-07-02 21:47:48,054: +PARAM [/mavros/safety_area/p2/z] by /roslaunch
[rosmaster.master][INFO] 2026-07-02 21:47:48,054: +PARAM [/mavros/setpoint_accel/send_force] by /roslaunch
[rosmaster.master][INFO] 2026-07-02 21:47:48,054: +PARAM [/mavros/setpoint_attitude/reverse_thrust] by /roslaunch
[rosmaster.master][INFO] 2026-07-02 21:47:48,054: +PARAM [/mavros/setpoint_attitude/use_quaternion] by /roslaunch
[rosmaster.master][INFO] 2026-07-02 21:47:48,054: +PARAM [/mavros/setpoint_attitude/tf/listen] by /roslaunch
[rosmaster.master][INFO] 2026-07-02 21:47:48,054: +PARAM [/mavros/setpoint_attitude/tf/frame_id] by /roslaunch
[rosmaster.master][INFO] 2026-07-02 21:47:48,054: +PARAM [/mavros/setpoint_attitude/tf/child_frame_id] by /roslaunch
[rosmaster.master][INFO] 2026-07-02 21:47:48,054: +PARAM [/mavros/setpoint_attitude/tf/rate_limit] by /roslaunch
[rosmaster.master][INFO] 2026-07-02 21:47:48,054: +PARAM [/mavros/setpoint_raw/thrust_scaling] by /roslaunch
[rosmaster.master][INFO] 2026-07-02 21:47:48,054: +PARAM [/mavros/setpoint_position/tf/listen] by /roslaunch
[rosmaster.master][INFO] 2026-07-02 21:47:48,054: +PARAM [/mavros/setpoint_position/tf/frame_id] by /roslaunch
[rosmaster.master][INFO] 2026-07-02 21:47:48,054: +PARAM [/mavros/setpoint_position/tf/child_frame_id] by /roslaunch
[rosmaster.master][INFO] 2026-07-02 21:47:48,054: +PARAM [/mavros/setpoint_position/tf/rate_limit] by /roslaunch
[rosmaster.master][INFO] 2026-07-02 21:47:48,054: +PARAM [/mavros/setpoint_position/mav_frame] by /roslaunch
[rosmaster.master][INFO] 2026-07-02 21:47:48,054: +PARAM [/mavros/guided_target/tf/listen] by /roslaunch
[rosmaster.master][INFO] 2026-07-02 21:47:48,054: +PARAM [/mavros/guided_target/tf/frame_id] by /roslaunch
[rosmaster.master][INFO] 2026-07-02 21:47:48,054: +PARAM [/mavros/guided_target/tf/child_frame_id] by /roslaunch
[rosmaster.master][INFO] 2026-07-02 21:47:48,054: +PARAM [/mavros/guided_target/tf/rate_limit] by /roslaunch
[rosmaster.master][INFO] 2026-07-02 21:47:48,054: +PARAM [/mavros/setpoint_velocity/mav_frame] by /roslaunch
[rosmaster.master][INFO] 2026-07-02 21:47:48,054: +PARAM [/mavros/mission/pull_after_gcs] by /roslaunch
[rosmaster.master][INFO] 2026-07-02 21:47:48,054: +PARAM [/mavros/mission/use_mission_item_int] by /roslaunch
[rosmaster.master][INFO] 2026-07-02 21:47:48,054: +PARAM [/mavros/distance_sensor/rangefinder_pub/id] by /roslaunch
[rosmaster.master][INFO] 2026-07-02 21:47:48,054: +PARAM [/mavros/distance_sensor/rangefinder_pub/frame_id] by /roslaunch
[rosmaster.master][INFO] 2026-07-02 21:47:48,054: +PARAM [/mavros/distance_sensor/rangefinder_pub/field_of_view] by /roslaunch
[rosmaster.master][INFO] 2026-07-02 21:47:48,054: +PARAM [/mavros/distance_sensor/rangefinder_pub/send_tf] by /roslaunch
[rosmaster.master][INFO] 2026-07-02 21:47:48,054: +PARAM [/mavros/distance_sensor/rangefinder_pub/sensor_position/x] by /roslaunch
[rosmaster.master][INFO] 2026-07-02 21:47:48,054: +PARAM [/mavros/distance_sensor/rangefinder_pub/sensor_position/y] by /roslaunch
[rosmaster.master][INFO] 2026-07-02 21:47:48,054: +PARAM [/mavros/distance_sensor/rangefinder_pub/sensor_position/z] by /roslaunch
[rosmaster.master][INFO] 2026-07-02 21:47:48,054: +PARAM [/mavros/distance_sensor/rangefinder_sub/subscriber] by /roslaunch
[rosmaster.master][INFO] 2026-07-02 21:47:48,054: +PARAM [/mavros/distance_sensor/rangefinder_sub/id] by /roslaunch
[rosmaster.master][INFO] 2026-07-02 21:47:48,054: +PARAM [/mavros/distance_sensor/rangefinder_sub/orientation] by /roslaunch
[rosmaster.master][INFO] 2026-07-02 21:47:48,054: +PARAM [/mavros/image/frame_id] by /roslaunch
[rosmaster.master][INFO] 2026-07-02 21:47:48,054: +PARAM [/mavros/fake_gps/use_mocap] by /roslaunch
[rosmaster.master][INFO] 2026-07-02 21:47:48,054: +PARAM [/mavros/fake_gps/mocap_transform] by /roslaunch
[rosmaster.master][INFO] 2026-07-02 21:47:48,054: +PARAM [/mavros/fake_gps/mocap_withcovariance] by /roslaunch
[rosmaster.master][INFO] 2026-07-02 21:47:48,054: +PARAM [/mavros/fake_gps/use_vision] by /roslaunch
[rosmaster.master][INFO] 2026-07-02 21:47:48,054: +PARAM [/mavros/fake_gps/use_hil_gps] by /roslaunch
[rosmaster.master][INFO] 2026-07-02 21:47:48,055: +PARAM [/mavros/fake_gps/gps_id] by /roslaunch
[rosmaster.master][INFO] 2026-07-02 21:47:48,055: +PARAM [/mavros/fake_gps/geo_origin/lat] by /roslaunch
[rosmaster.master][INFO] 2026-07-02 21:47:48,055: +PARAM [/mavros/fake_gps/geo_origin/lon] by /roslaunch
[rosmaster.master][INFO] 2026-07-02 21:47:48,055: +PARAM [/mavros/fake_gps/geo_origin/alt] by /roslaunch
[rosmaster.master][INFO] 2026-07-02 21:47:48,055: +PARAM [/mavros/fake_gps/eph] by /roslaunch
[rosmaster.master][INFO] 2026-07-02 21:47:48,055: +PARAM [/mavros/fake_gps/epv] by /roslaunch
[rosmaster.master][INFO] 2026-07-02 21:47:48,055: +PARAM [/mavros/fake_gps/horiz_accuracy] by /roslaunch
[rosmaster.master][INFO] 2026-07-02 21:47:48,055: +PARAM [/mavros/fake_gps/vert_accuracy] by /roslaunch
[rosmaster.master][INFO] 2026-07-02 21:47:48,055: +PARAM [/mavros/fake_gps/speed_accuracy] by /roslaunch
[rosmaster.master][INFO] 2026-07-02 21:47:48,055: +PARAM [/mavros/fake_gps/satellites_visible] by /roslaunch
[rosmaster.master][INFO] 2026-07-02 21:47:48,055: +PARAM [/mavros/fake_gps/fix_type] by /roslaunch
[rosmaster.master][INFO] 2026-07-02 21:47:48,055: +PARAM [/mavros/fake_gps/tf/listen] by /roslaunch
[rosmaster.master][INFO] 2026-07-02 21:47:48,055: +PARAM [/mavros/fake_gps/tf/send] by /roslaunch
[rosmaster.master][INFO] 2026-07-02 21:47:48,055: +PARAM [/mavros/fake_gps/tf/frame_id] by /roslaunch
[rosmaster.master][INFO] 2026-07-02 21:47:48,055: +PARAM [/mavros/fake_gps/tf/child_frame_id] by /roslaunch
[rosmaster.master][INFO] 2026-07-02 21:47:48,055: +PARAM [/mavros/fake_gps/tf/rate_limit] by /roslaunch
[rosmaster.master][INFO] 2026-07-02 21:47:48,055: +PARAM [/mavros/fake_gps/gps_rate] by /roslaunch
[rosmaster.master][INFO] 2026-07-02 21:47:48,055: +PARAM [/mavros/landing_target/listen_lt] by /roslaunch
[rosmaster.master][INFO] 2026-07-02 21:47:48,055: +PARAM [/mavros/landing_target/mav_frame] by /roslaunch
[rosmaster.master][INFO] 2026-07-02 21:47:48,055: +PARAM [/mavros/landing_target/land_target_type] by /roslaunch
[rosmaster.master][INFO] 2026-07-02 21:47:48,055: +PARAM [/mavros/landing_target/image/width] by /roslaunch
[rosmaster.master][INFO] 2026-07-02 21:47:48,055: +PARAM [/mavros/landing_target/image/height] by /roslaunch
[rosmaster.master][INFO] 2026-07-02 21:47:48,055: +PARAM [/mavros/landing_target/camera/fov_x] by /roslaunch
[rosmaster.master][INFO] 2026-07-02 21:47:48,055: +PARAM [/mavros/landing_target/camera/fov_y] by /roslaunch
[rosmaster.master][INFO] 2026-07-02 21:47:48,055: +PARAM [/mavros/landing_target/tf/send] by /roslaunch
[rosmaster.master][INFO] 2026-07-02 21:47:48,055: +PARAM [/mavros/landing_target/tf/listen] by /roslaunch
[rosmaster.master][INFO] 2026-07-02 21:47:48,055: +PARAM [/mavros/landing_target/tf/frame_id] by /roslaunch
[rosmaster.master][INFO] 2026-07-02 21:47:48,055: +PARAM [/mavros/landing_target/tf/child_frame_id] by /roslaunch
[rosmaster.master][INFO] 2026-07-02 21:47:48,055: +PARAM [/mavros/landing_target/tf/rate_limit] by /roslaunch
[rosmaster.master][INFO] 2026-07-02 21:47:48,055: +PARAM [/mavros/landing_target/target_size/x] by /roslaunch
[rosmaster.master][INFO] 2026-07-02 21:47:48,055: +PARAM [/mavros/landing_target/target_size/y] by /roslaunch
[rosmaster.master][INFO] 2026-07-02 21:47:48,055: +PARAM [/mavros/mocap/use_tf] by /roslaunch
[rosmaster.master][INFO] 2026-07-02 21:47:48,055: +PARAM [/mavros/mocap/use_pose] by /roslaunch
[rosmaster.master][INFO] 2026-07-02 21:47:48,055: +PARAM [/mavros/mount/debounce_s] by /roslaunch
[rosmaster.master][INFO] 2026-07-02 21:47:48,055: +PARAM [/mavros/mount/err_threshold_deg] by /roslaunch
[rosmaster.master][INFO] 2026-07-02 21:47:48,055: +PARAM [/mavros/mount/negate_measured_roll] by /roslaunch
[rosmaster.master][INFO] 2026-07-02 21:47:48,055: +PARAM [/mavros/mount/negate_measured_pitch] by /roslaunch
[rosmaster.master][INFO] 2026-07-02 21:47:48,055: +PARAM [/mavros/mount/negate_measured_yaw] by /roslaunch
[rosmaster.master][INFO] 2026-07-02 21:47:48,055: +PARAM [/mavros/odometry/frame_tf/desired_frame] by /roslaunch
[rosmaster.master][INFO] 2026-07-02 21:47:48,055: +PARAM [/mavros/odometry/estimator_type] by /roslaunch
[rosmaster.master][INFO] 2026-07-02 21:47:48,055: +PARAM [/mavros/px4flow/frame_id] by /roslaunch
[rosmaster.master][INFO] 2026-07-02 21:47:48,055: +PARAM [/mavros/px4flow/ranger_fov] by /roslaunch
[rosmaster.master][INFO] 2026-07-02 21:47:48,055: +PARAM [/mavros/px4flow/ranger_min_range] by /roslaunch
[rosmaster.master][INFO] 2026-07-02 21:47:48,055: +PARAM [/mavros/px4flow/ranger_max_range] by /roslaunch
[rosmaster.master][INFO] 2026-07-02 21:47:48,055: +PARAM [/mavros/vision_pose/tf/listen] by /roslaunch
[rosmaster.master][INFO] 2026-07-02 21:47:48,055: +PARAM [/mavros/vision_pose/tf/frame_id] by /roslaunch
[rosmaster.master][INFO] 2026-07-02 21:47:48,055: +PARAM [/mavros/vision_pose/tf/child_frame_id] by /roslaunch
[rosmaster.master][INFO] 2026-07-02 21:47:48,056: +PARAM [/mavros/vision_pose/tf/rate_limit] by /roslaunch
[rosmaster.master][INFO] 2026-07-02 21:47:48,056: +PARAM [/mavros/vision_speed/listen_twist] by /roslaunch
[rosmaster.master][INFO] 2026-07-02 21:47:48,056: +PARAM [/mavros/vision_speed/twist_cov] by /roslaunch
[rosmaster.master][INFO] 2026-07-02 21:47:48,056: +PARAM [/mavros/vibration/frame_id] by /roslaunch
[rosmaster.master][INFO] 2026-07-02 21:47:48,056: +PARAM [/mavros/wheel_odometry/count] by /roslaunch
[rosmaster.master][INFO] 2026-07-02 21:47:48,056: +PARAM [/mavros/wheel_odometry/use_rpm] by /roslaunch
[rosmaster.master][INFO] 2026-07-02 21:47:48,056: +PARAM [/mavros/wheel_odometry/wheel0/x] by /roslaunch
[rosmaster.master][INFO] 2026-07-02 21:47:48,056: +PARAM [/mavros/wheel_odometry/wheel0/y] by /roslaunch
[rosmaster.master][INFO] 2026-07-02 21:47:48,056: +PARAM [/mavros/wheel_odometry/wheel0/radius] by /roslaunch
[rosmaster.master][INFO] 2026-07-02 21:47:48,056: +PARAM [/mavros/wheel_odometry/wheel1/x] by /roslaunch
[rosmaster.master][INFO] 2026-07-02 21:47:48,056: +PARAM [/mavros/wheel_odometry/wheel1/y] by /roslaunch
[rosmaster.master][INFO] 2026-07-02 21:47:48,056: +PARAM [/mavros/wheel_odometry/wheel1/radius] by /roslaunch
[rosmaster.master][INFO] 2026-07-02 21:47:48,056: +PARAM [/mavros/wheel_odometry/send_raw] by /roslaunch
[rosmaster.master][INFO] 2026-07-02 21:47:48,056: +PARAM [/mavros/wheel_odometry/send_twist] by /roslaunch
[rosmaster.master][INFO] 2026-07-02 21:47:48,056: +PARAM [/mavros/wheel_odometry/frame_id] by /roslaunch
[rosmaster.master][INFO] 2026-07-02 21:47:48,056: +PARAM [/mavros/wheel_odometry/child_frame_id] by /roslaunch
[rosmaster.master][INFO] 2026-07-02 21:47:48,056: +PARAM [/mavros/wheel_odometry/vel_error] by /roslaunch
[rosmaster.master][INFO] 2026-07-02 21:47:48,056: +PARAM [/mavros/wheel_odometry/tf/send] by /roslaunch
[rosmaster.master][INFO] 2026-07-02 21:47:48,056: +PARAM [/mavros/wheel_odometry/tf/frame_id] by /roslaunch
[rosmaster.master][INFO] 2026-07-02 21:47:48,056: +PARAM [/mavros/wheel_odometry/tf/child_frame_id] by /roslaunch
[rosmaster.master][INFO] 2026-07-02 21:47:48,056: +PARAM [/mavros/fcu_url] by /roslaunch
[rosmaster.master][INFO] 2026-07-02 21:47:48,056: +PARAM [/mavros/gcs_url] by /roslaunch
[rosmaster.master][INFO] 2026-07-02 21:47:48,056: +PARAM [/mavros/target_system_id] by /roslaunch
[rosmaster.master][INFO] 2026-07-02 21:47:48,056: +PARAM [/mavros/target_component_id] by /roslaunch
[rosmaster.master][INFO] 2026-07-02 21:47:48,056: +PARAM [/mavros/fcu_protocol] by /roslaunch
[rosmaster.master][INFO] 2026-07-02 21:47:48,130: +PUB [/rosout] /mavros http://localhost:34409/
[rosmaster.master][INFO] 2026-07-02 21:47:48,130: +SERVICE [/mavros/get_loggers] /mavros http://localhost:34409/
[rosmaster.master][INFO] 2026-07-02 21:47:48,131: +SERVICE [/mavros/set_logger_level] /mavros http://localhost:34409/
[rosmaster.master][INFO] 2026-07-02 21:47:48,131: +PUB [/diagnostics] /mavros http://localhost:34409/
[rosmaster.master][INFO] 2026-07-02 21:47:48,131: +CACHEDPARAM [/mavros/diagnostic_period] by /mavros
[rosmaster.master][INFO] 2026-07-02 21:47:48,140: +SUB [/tf] /mavros http://localhost:34409/
[rosmaster.master][INFO] 2026-07-02 21:47:48,141: +SUB [/tf_static] /mavros http://localhost:34409/
[rosmaster.master][INFO] 2026-07-02 21:47:48,141: +PUB [/tf] /mavros http://localhost:34409/
[rosmaster.master][INFO] 2026-07-02 21:47:48,141: +PUB [/tf_static] /mavros http://localhost:34409/
[rosmaster.master][INFO] 2026-07-02 21:47:48,169: publisherUpdate[/rosout] -> http://localhost:41643/ ['http://localhost:34409/']
[rosmaster.master][INFO] 2026-07-02 21:47:48,169: publisherUpdate[/tf] -> http://localhost:34409/ ['http://localhost:34409/']
[rosmaster.master][INFO] 2026-07-02 21:47:48,171: publisherUpdate[/rosout] -> http://localhost:41643/ ['http://localhost:34409/']: sec=0.00, result=[1, '', 0]
[rosmaster.master][INFO] 2026-07-02 21:47:48,171: publisherUpdate[/tf] -> http://localhost:34409/ ['http://localhost:34409/']: sec=0.00, result=[1, '', 0]
[rosmaster.master][INFO] 2026-07-02 21:47:48,171: publisherUpdate[/tf_static] -> http://localhost:34409/ ['http://localhost:34409/']
[rosmaster.master][INFO] 2026-07-02 21:47:48,172: publisherUpdate[/tf_static] -> http://localhost:34409/ ['http://localhost:34409/']: sec=0.00, result=[1, '', 0]
[rosmaster.master][INFO] 2026-07-02 21:47:48,193: +CACHEDPARAM [/rosout_disable_topics_generation] by /mavros
[rosmaster.master][INFO] 2026-07-02 21:47:48,196: +PUB [/mavlink/from] /mavros http://localhost:34409/
[rosmaster.master][INFO] 2026-07-02 21:47:48,197: +SUB [/mavlink/to] /mavros http://localhost:34409/
[rosmaster.master][INFO] 2026-07-02 21:47:48,245: +PUB [/mavros/radio_status] /mavros http://localhost:34409/
[rosmaster.master][INFO] 2026-07-02 21:47:48,279: +PUB [/mavros/adsb/vehicle] /mavros http://localhost:34409/
[rosmaster.master][INFO] 2026-07-02 21:47:48,281: +SUB [/mavros/adsb/send] /mavros http://localhost:34409/
[rosmaster.master][INFO] 2026-07-02 21:47:48,281: +PUB [/mavros/cam_imu_sync/cam_imu_stamp] /mavros http://localhost:34409/
[rosmaster.master][INFO] 2026-07-02 21:47:48,282: +PUB [/mavros/camera/image_captured] /mavros http://localhost:34409/
[rosmaster.master][INFO] 2026-07-02 21:47:48,283: +SUB [/mavros/cellular_status/status] /mavros http://localhost:34409/
[rosmaster.master][INFO] 2026-07-02 21:47:48,284: +SERVICE [/mavros/cmd/command] /mavros http://localhost:34409/
[rosmaster.master][INFO] 2026-07-02 21:47:48,285: +SERVICE [/mavros/cmd/command_ack] /mavros http://localhost:34409/
[rosmaster.master][INFO] 2026-07-02 21:47:48,285: +SERVICE [/mavros/cmd/command_int] /mavros http://localhost:34409/
[rosmaster.master][INFO] 2026-07-02 21:47:48,285: +SERVICE [/mavros/cmd/arming] /mavros http://localhost:34409/
[rosmaster.master][INFO] 2026-07-02 21:47:48,285: +SERVICE [/mavros/cmd/set_home] /mavros http://localhost:34409/
[rosmaster.master][INFO] 2026-07-02 21:47:48,286: +SERVICE [/mavros/cmd/takeoff] /mavros http://localhost:34409/
[rosmaster.master][INFO] 2026-07-02 21:47:48,286: +SERVICE [/mavros/cmd/land] /mavros http://localhost:34409/
[rosmaster.master][INFO] 2026-07-02 21:47:48,286: +SERVICE [/mavros/cmd/trigger_control] /mavros http://localhost:34409/
[rosmaster.master][INFO] 2026-07-02 21:47:48,287: +SERVICE [/mavros/cmd/trigger_interval] /mavros http://localhost:34409/
[rosmaster.master][INFO] 2026-07-02 21:47:48,287: +SERVICE [/mavros/cmd/vtol_transition] /mavros http://localhost:34409/
[rosmaster.master][INFO] 2026-07-02 21:47:48,289: +SUB [/mavros/companion_process/status] /mavros http://localhost:34409/
[rosmaster.master][INFO] 2026-07-02 21:47:48,291: +PUB [/mavros/distance_sensor/rangefinder_pub] /mavros http://localhost:34409/
[rosmaster.master][INFO] 2026-07-02 21:47:48,293: +SUB [/mavros/distance_sensor/rangefinder_sub] /mavros http://localhost:34409/
[rosmaster.master][INFO] 2026-07-02 21:47:48,294: +PUB [/mavros/esc_info] /mavros http://localhost:34409/
[rosmaster.master][INFO] 2026-07-02 21:47:48,294: +PUB [/mavros/esc_status] /mavros http://localhost:34409/
[rosmaster.master][INFO] 2026-07-02 21:47:48,295: +PUB [/mavros/esc_telemetry] /mavros http://localhost:34409/
[rosmaster.master][INFO] 2026-07-02 21:47:48,303: +SUB [/mavros/fake_gps/mocap/pose] /mavros http://localhost:34409/
[rosmaster.master][INFO] 2026-07-02 21:47:48,305: +PUB [/mavros/geofence/waypoints] /mavros http://localhost:34409/
[rosmaster.master][INFO] 2026-07-02 21:47:48,305: +SERVICE [/mavros/geofence/pull] /mavros http://localhost:34409/
[rosmaster.master][INFO] 2026-07-02 21:47:48,306: +SERVICE [/mavros/geofence/push] /mavros http://localhost:34409/
[rosmaster.master][INFO] 2026-07-02 21:47:48,306: +SERVICE [/mavros/geofence/clear] /mavros http://localhost:34409/
[rosmaster.master][INFO] 2026-07-02 21:47:48,309: +PUB [/mavros/global_position/raw/fix] /mavros http://localhost:34409/
[rosmaster.master][INFO] 2026-07-02 21:47:48,310: +PUB [/mavros/global_position/raw/gps_vel] /mavros http://localhost:34409/
[rosmaster.master][INFO] 2026-07-02 21:47:48,310: +PUB [/mavros/global_position/raw/satellites] /mavros http://localhost:34409/
[rosmaster.master][INFO] 2026-07-02 21:47:48,310: +PUB [/mavros/global_position/global] /mavros http://localhost:34409/
[rosmaster.master][INFO] 2026-07-02 21:47:48,311: +PUB [/mavros/global_position/local] /mavros http://localhost:34409/
[rosmaster.master][INFO] 2026-07-02 21:47:48,311: +PUB [/mavros/global_position/rel_alt] /mavros http://localhost:34409/
[rosmaster.master][INFO] 2026-07-02 21:47:48,311: +PUB [/mavros/global_position/compass_hdg] /mavros http://localhost:34409/
[rosmaster.master][INFO] 2026-07-02 21:47:48,311: +PUB [/mavros/global_position/gp_origin] /mavros http://localhost:34409/
[rosmaster.master][INFO] 2026-07-02 21:47:48,312: +SUB [/mavros/global_position/set_gp_origin] /mavros http://localhost:34409/
[rosmaster.master][INFO] 2026-07-02 21:47:48,313: +SUB [/mavros/home_position/home] /mavros http://localhost:34409/
[rosmaster.master][INFO] 2026-07-02 21:47:48,314: +PUB [/mavros/global_position/gp_lp_offset] /mavros http://localhost:34409/
[rosmaster.master][INFO] 2026-07-02 21:47:48,315: +SUB [/mavros/gps_input/gps_input] /mavros http://localhost:34409/
[rosmaster.master][INFO] 2026-07-02 21:47:48,316: +SUB [/mavros/gps_rtk/send_rtcm] /mavros http://localhost:34409/
[rosmaster.master][INFO] 2026-07-02 21:47:48,317: +PUB [/mavros/gps_rtk/rtk_baseline] /mavros http://localhost:34409/
[rosmaster.master][INFO] 2026-07-02 21:47:48,318: +PUB [/mavros/gpsstatus/gps1/raw] /mavros http://localhost:34409/
[rosmaster.master][INFO] 2026-07-02 21:47:48,318: +PUB [/mavros/gpsstatus/gps2/raw] /mavros http://localhost:34409/
[rosmaster.master][INFO] 2026-07-02 21:47:48,318: +PUB [/mavros/gpsstatus/gps1/rtk] /mavros http://localhost:34409/
[rosmaster.master][INFO] 2026-07-02 21:47:48,318: +PUB [/mavros/gpsstatus/gps2/rtk] /mavros http://localhost:34409/
[rosmaster.master][INFO] 2026-07-02 21:47:48,320: +PUB [/move_base_simple/goal] /mavros http://localhost:34409/
[rosmaster.master][INFO] 2026-07-02 21:47:48,321: +SUB [/mavros/global_position/gp_origin] /mavros http://localhost:34409/
[rosmaster.master][INFO] 2026-07-02 21:47:48,322: +PUB [/mavros/home_position/home] /mavros http://localhost:34409/
[rosmaster.master][INFO] 2026-07-02 21:47:48,323: +SUB [/mavros/home_position/set] /mavros http://localhost:34409/
[rosmaster.master][INFO] 2026-07-02 21:47:48,323: +SERVICE [/mavros/home_position/req_update] /mavros http://localhost:34409/
[rosmaster.master][INFO] 2026-07-02 21:47:48,326: +PUB [/mavros/imu/data] /mavros http://localhost:34409/
[rosmaster.master][INFO] 2026-07-02 21:47:48,326: +PUB [/mavros/imu/mag] /mavros http://localhost:34409/
[rosmaster.master][INFO] 2026-07-02 21:47:48,326: +PUB [/mavros/imu/temperature_imu] /mavros http://localhost:34409/
[rosmaster.master][INFO] 2026-07-02 21:47:48,327: +PUB [/mavros/imu/temperature_baro] /mavros http://localhost:34409/
[rosmaster.master][INFO] 2026-07-02 21:47:48,327: +PUB [/mavros/imu/static_pressure] /mavros http://localhost:34409/
[rosmaster.master][INFO] 2026-07-02 21:47:48,327: +PUB [/mavros/imu/diff_pressure] /mavros http://localhost:34409/
[rosmaster.master][INFO] 2026-07-02 21:47:48,328: +PUB [/mavros/imu/data_raw] /mavros http://localhost:34409/
[rosmaster.master][INFO] 2026-07-02 21:47:48,332: +PUB [/mavros/landing_target/pose_in] /mavros http://localhost:34409/
[rosmaster.master][INFO] 2026-07-02 21:47:48,333: +PUB [/mavros/landing_target/lt_marker] /mavros http://localhost:34409/
[rosmaster.master][INFO] 2026-07-02 21:47:48,334: +SUB [/mavros/landing_target/pose] /mavros http://localhost:34409/
[rosmaster.master][INFO] 2026-07-02 21:47:48,336: +PUB [/mavros/local_position/pose] /mavros http://localhost:34409/
[rosmaster.master][INFO] 2026-07-02 21:47:48,336: +PUB [/mavros/local_position/pose_cov] /mavros http://localhost:34409/
[rosmaster.master][INFO] 2026-07-02 21:47:48,336: +PUB [/mavros/local_position/velocity_local] /mavros http://localhost:34409/
[rosmaster.master][INFO] 2026-07-02 21:47:48,337: +PUB [/mavros/local_position/velocity_body] /mavros http://localhost:34409/
[rosmaster.master][INFO] 2026-07-02 21:47:48,337: +PUB [/mavros/local_position/velocity_body_cov] /mavros http://localhost:34409/
[rosmaster.master][INFO] 2026-07-02 21:47:48,337: +PUB [/mavros/local_position/accel] /mavros http://localhost:34409/
[rosmaster.master][INFO] 2026-07-02 21:47:48,337: +PUB [/mavros/local_position/odom] /mavros http://localhost:34409/
[rosmaster.master][INFO] 2026-07-02 21:47:48,338: +PUB [/mavros/log_transfer/raw/log_entry] /mavros http://localhost:34409/
[rosmaster.master][INFO] 2026-07-02 21:47:48,338: +PUB [/mavros/log_transfer/raw/log_data] /mavros http://localhost:34409/
[rosmaster.master][INFO] 2026-07-02 21:47:48,339: +SERVICE [/mavros/log_transfer/raw/log_request_list] /mavros http://localhost:34409/
[rosmaster.master][INFO] 2026-07-02 21:47:48,339: +SERVICE [/mavros/log_transfer/raw/log_request_data] /mavros http://localhost:34409/
[rosmaster.master][INFO] 2026-07-02 21:47:48,339: +SERVICE [/mavros/log_transfer/raw/log_request_end] /mavros http://localhost:34409/
[rosmaster.master][INFO] 2026-07-02 21:47:48,340: +SERVICE [/mavros/log_transfer/raw/log_request_erase] /mavros http://localhost:34409/
[rosmaster.master][INFO] 2026-07-02 21:47:48,340: +PUB [/mavros/mag_calibration/status] /mavros http://localhost:34409/
[rosmaster.master][INFO] 2026-07-02 21:47:48,341: +PUB [/mavros/mag_calibration/report] /mavros http://localhost:34409/
[rosmaster.master][INFO] 2026-07-02 21:47:48,341: +PUB [/mavros/manual_control/control] /mavros http://localhost:34409/
[rosmaster.master][INFO] 2026-07-02 21:47:48,342: +SUB [/mavros/manual_control/send] /mavros http://localhost:34409/
[rosmaster.master][INFO] 2026-07-02 21:47:48,344: +SUB [/mavros/mocap/pose] /mavros http://localhost:34409/
[rosmaster.master][INFO] 2026-07-02 21:47:48,345: +SUB [/mavros/mount_control/command] /mavros http://localhost:34409/
[rosmaster.master][INFO] 2026-07-02 21:47:48,346: +PUB [/mavros/mount_control/orientation] /mavros http://localhost:34409/
[rosmaster.master][INFO] 2026-07-02 21:47:48,346: +PUB [/mavros/mount_control/status] /mavros http://localhost:34409/
[rosmaster.master][INFO] 2026-07-02 21:47:48,347: +SERVICE [/mavros/mount_control/configure] /mavros http://localhost:34409/
[rosmaster.master][INFO] 2026-07-02 21:47:48,349: +PUB [/mavros/nav_controller_output] /mavros http://localhost:34409/
[rosmaster.master][INFO] 2026-07-02 21:47:48,351: +SUB [/mavros/obstacle/send] /mavros http://localhost:34409/
[rosmaster.master][INFO] 2026-07-02 21:47:48,351: +PUB [/mavros/odometry/in] /mavros http://localhost:34409/
[rosmaster.master][INFO] 2026-07-02 21:47:48,352: +SUB [/mavros/odometry/out] /mavros http://localhost:34409/
[rosmaster.master][INFO] 2026-07-02 21:47:48,354: +SUB [/mavros/onboard_computer/status] /mavros http://localhost:34409/
[rosmaster.master][INFO] 2026-07-02 21:47:48,354: +SERVICE [/mavros/param/pull] /mavros http://localhost:34409/
[rosmaster.master][INFO] 2026-07-02 21:47:48,355: +SERVICE [/mavros/param/push] /mavros http://localhost:34409/
[rosmaster.master][INFO] 2026-07-02 21:47:48,355: +SERVICE [/mavros/param/set] /mavros http://localhost:34409/
[rosmaster.master][INFO] 2026-07-02 21:47:48,355: +SERVICE [/mavros/param/get] /mavros http://localhost:34409/
[rosmaster.master][INFO] 2026-07-02 21:47:48,356: +PUB [/mavros/param/param_value] /mavros http://localhost:34409/
[rosmaster.master][INFO] 2026-07-02 21:47:48,357: +SUB [/mavros/play_tune] /mavros http://localhost:34409/
[rosmaster.master][INFO] 2026-07-02 21:47:48,358: +PUB [/mavros/rallypoint/waypoints] /mavros http://localhost:34409/
[rosmaster.master][INFO] 2026-07-02 21:47:48,358: +SERVICE [/mavros/rallypoint/pull] /mavros http://localhost:34409/
[rosmaster.master][INFO] 2026-07-02 21:47:48,358: +SERVICE [/mavros/rallypoint/push] /mavros http://localhost:34409/
[rosmaster.master][INFO] 2026-07-02 21:47:48,359: +SERVICE [/mavros/rallypoint/clear] /mavros http://localhost:34409/
[rosmaster.master][INFO] 2026-07-02 21:47:48,359: +PUB [/mavros/rangefinder/rangefinder] /mavros http://localhost:34409/
[rosmaster.master][INFO] 2026-07-02 21:47:48,360: +PUB [/mavros/rc/in] /mavros http://localhost:34409/
[rosmaster.master][INFO] 2026-07-02 21:47:48,360: +PUB [/mavros/rc/out] /mavros http://localhost:34409/
[rosmaster.master][INFO] 2026-07-02 21:47:48,362: +SUB [/mavros/rc/override] /mavros http://localhost:34409/
[rosmaster.master][INFO] 2026-07-02 21:47:48,363: +SUB [/mavros/setpoint_accel/accel] /mavros http://localhost:34409/
[rosmaster.master][INFO] 2026-07-02 21:47:48,367: +SUB [/mavros/setpoint_attitude/thrust] /mavros http://localhost:34409/
[rosmaster.master][INFO] 2026-07-02 21:47:48,368: +SUB [/mavros/setpoint_attitude/cmd_vel] /mavros http://localhost:34409/
[rosmaster.master][INFO] 2026-07-02 21:47:48,369: publisherUpdate[/mavros/home_position/home] -> http://localhost:34409/ ['http://localhost:34409/']
[rosmaster.master][INFO] 2026-07-02 21:47:48,370: publisherUpdate[/mavros/home_position/home] -> http://localhost:34409/ ['http://localhost:34409/']: sec=0.00, result=[1, '', 0]
[rosmaster.master][INFO] 2026-07-02 21:47:48,374: +SUB [/mavros/setpoint_position/local] /mavros http://localhost:34409/
[rosmaster.master][INFO] 2026-07-02 21:47:48,375: +SUB [/mavros/setpoint_position/global] /mavros http://localhost:34409/
[rosmaster.master][INFO] 2026-07-02 21:47:48,376: +SUB [/mavros/setpoint_position/global_to_local] /mavros http://localhost:34409/
[rosmaster.master][INFO] 2026-07-02 21:47:48,377: +SUB [/mavros/global_position/global] /mavros http://localhost:34409/
[rosmaster.master][INFO] 2026-07-02 21:47:48,378: +SUB [/mavros/local_position/pose] /mavros http://localhost:34409/
[rosmaster.master][INFO] 2026-07-02 21:47:48,379: +SERVICE [/mavros/setpoint_position/mav_frame] /mavros http://localhost:34409/
[rosmaster.master][INFO] 2026-07-02 21:47:48,380: +CACHEDPARAM [/rosout/omit_topics] by /rosout
[rosmaster.master][INFO] 2026-07-02 21:47:48,381: +SUB [/mavros/setpoint_raw/local] /mavros http://localhost:34409/
[rosmaster.master][INFO] 2026-07-02 21:47:48,382: +SUB [/mavros/setpoint_raw/global] /mavros http://localhost:34409/
[rosmaster.master][INFO] 2026-07-02 21:47:48,383: +SUB [/mavros/setpoint_raw/attitude] /mavros http://localhost:34409/
[rosmaster.master][INFO] 2026-07-02 21:47:48,384: +PUB [/mavros/setpoint_raw/target_local] /mavros http://localhost:34409/
[rosmaster.master][INFO] 2026-07-02 21:47:48,384: +PUB [/mavros/setpoint_raw/target_global] /mavros http://localhost:34409/
[rosmaster.master][INFO] 2026-07-02 21:47:48,384: +PUB [/mavros/setpoint_raw/target_attitude] /mavros http://localhost:34409/
[rosmaster.master][INFO] 2026-07-02 21:47:48,386: +SUB [/mavros/setpoint_trajectory/local] /mavros http://localhost:34409/
[rosmaster.master][INFO] 2026-07-02 21:47:48,386: +PUB [/mavros/setpoint_trajectory/desired] /mavros http://localhost:34409/
[rosmaster.master][INFO] 2026-07-02 21:47:48,387: +SERVICE [/mavros/setpoint_trajectory/reset] /mavros http://localhost:34409/
[rosmaster.master][INFO] 2026-07-02 21:47:48,387: +SERVICE [/mavros/setpoint_trajectory/mav_frame] /mavros http://localhost:34409/
[rosmaster.master][INFO] 2026-07-02 21:47:48,389: +SUB [/mavros/setpoint_velocity/cmd_vel] /mavros http://localhost:34409/
[rosmaster.master][INFO] 2026-07-02 21:47:48,390: +SUB [/mavros/setpoint_velocity/cmd_vel_unstamped] /mavros http://localhost:34409/
[rosmaster.master][INFO] 2026-07-02 21:47:48,390: +SERVICE [/mavros/setpoint_velocity/mav_frame] /mavros http://localhost:34409/
[rosmaster.master][INFO] 2026-07-02 21:47:48,393: +PUB [/mavros/state] /mavros http://localhost:34409/
[rosmaster.master][INFO] 2026-07-02 21:47:48,393: +PUB [/mavros/extended_state] /mavros http://localhost:34409/
[rosmaster.master][INFO] 2026-07-02 21:47:48,393: +PUB [/mavros/battery] /mavros http://localhost:34409/
[rosmaster.master][INFO] 2026-07-02 21:47:48,394: +PUB [/mavros/estimator_status] /mavros http://localhost:34409/
[rosmaster.master][INFO] 2026-07-02 21:47:48,394: +PUB [/mavros/statustext/recv] /mavros http://localhost:34409/
[rosmaster.master][INFO] 2026-07-02 21:47:48,394: +PUB [/mavros/sys_status] /mavros http://localhost:34409/
[rosmaster.master][INFO] 2026-07-02 21:47:48,395: +SUB [/mavros/statustext/send] /mavros http://localhost:34409/
[rosmaster.master][INFO] 2026-07-02 21:47:48,396: +SERVICE [/mavros/set_stream_rate] /mavros http://localhost:34409/
[rosmaster.master][INFO] 2026-07-02 21:47:48,396: +SERVICE [/mavros/set_mode] /mavros http://localhost:34409/
[rosmaster.master][INFO] 2026-07-02 21:47:48,396: +SERVICE [/mavros/vehicle_info_get] /mavros http://localhost:34409/
[rosmaster.master][INFO] 2026-07-02 21:47:48,397: +SERVICE [/mavros/set_message_interval] /mavros http://localhost:34409/
[rosmaster.master][INFO] 2026-07-02 21:47:48,400: +PUB [/mavros/time_reference] /mavros http://localhost:34409/
[rosmaster.master][INFO] 2026-07-02 21:47:48,401: +PUB [/mavros/timesync_status] /mavros http://localhost:34409/
[rosmaster.master][INFO] 2026-07-02 21:47:48,401: +PUB [/mavros/terrain/report] /mavros http://localhost:34409/
[rosmaster.master][INFO] 2026-07-02 21:47:48,403: +SUB [/mavros/trajectory/generated] /mavros http://localhost:34409/
[rosmaster.master][INFO] 2026-07-02 21:47:48,404: +SUB [/mavros/trajectory/path] /mavros http://localhost:34409/
[rosmaster.master][INFO] 2026-07-02 21:47:48,404: +PUB [/mavros/trajectory/desired] /mavros http://localhost:34409/
[rosmaster.master][INFO] 2026-07-02 21:47:48,406: +SUB [/mavros/tunnel/in] /mavros http://localhost:34409/
[rosmaster.master][INFO] 2026-07-02 21:47:48,406: +PUB [/mavros/tunnel/out] /mavros http://localhost:34409/
[rosmaster.master][INFO] 2026-07-02 21:47:48,406: +PUB [/mavros/vfr_hud] /mavros http://localhost:34409/
[rosmaster.master][INFO] 2026-07-02 21:47:48,409: +SUB [/mavros/vision_pose/pose] /mavros http://localhost:34409/
[rosmaster.master][INFO] 2026-07-02 21:47:48,410: +SUB [/mavros/vision_pose/pose_cov] /mavros http://localhost:34409/
[rosmaster.master][INFO] 2026-07-02 21:47:48,411: +PUB [/mavros/mission/waypoints] /mavros http://localhost:34409/
[rosmaster.master][INFO] 2026-07-02 21:47:48,411: +SERVICE [/mavros/mission/pull] /mavros http://localhost:34409/
[rosmaster.master][INFO] 2026-07-02 21:47:48,411: +SERVICE [/mavros/mission/push] /mavros http://localhost:34409/
[rosmaster.master][INFO] 2026-07-02 21:47:48,412: +SERVICE [/mavros/mission/clear] /mavros http://localhost:34409/
[rosmaster.master][INFO] 2026-07-02 21:47:48,412: +PUB [/mavros/mission/reached] /mavros http://localhost:34409/
[rosmaster.master][INFO] 2026-07-02 21:47:48,412: +SERVICE [/mavros/mission/set_current] /mavros http://localhost:34409/
[rosmaster.master][INFO] 2026-07-02 21:47:48,413: +PUB [/mavros/wind_estimation] /mavros http://localhost:34409/
[rosmaster.master][INFO] 2026-07-02 21:47:49,414: +PUB [/mavlink/gcs_ip] /mavros http://localhost:34409/
[rosmaster.master][INFO] 2026-07-02 21:48:37,028: +PUB [/rosout] /horizontal_flight_logger2 http://localhost:45859/
[rosmaster.master][INFO] 2026-07-02 21:48:37,032: +SERVICE [/horizontal_flight_logger2/get_loggers] /horizontal_flight_logger2 http://localhost:45859/
[rosmaster.master][INFO] 2026-07-02 21:48:37,033: +SERVICE [/horizontal_flight_logger2/set_logger_level] /horizontal_flight_logger2 http://localhost:45859/
[rosmaster.master][INFO] 2026-07-02 21:48:37,034: +PUB [/mavros/setpoint_raw/local] /horizontal_flight_logger2 http://localhost:45859/
[rosmaster.master][INFO] 2026-07-02 21:48:37,035: +SUB [/mavros/local_position/velocity_local] /horizontal_flight_logger2 http://localhost:45859/
[rosmaster.master][INFO] 2026-07-02 21:48:37,036: +SUB [/mavros/battery] /horizontal_flight_logger2 http://localhost:45859/
[rosmaster.master][INFO] 2026-07-02 21:48:37,058: publisherUpdate[/rosout] -> http://localhost:41643/ ['http://localhost:34409/', 'http://localhost:45859/']
[rosmaster.master][INFO] 2026-07-02 21:48:37,060: publisherUpdate[/rosout] -> http://localhost:41643/ ['http://localhost:34409/', 'http://localhost:45859/']: sec=0.00, result=[1, '', 0]
[rosmaster.master][INFO] 2026-07-02 21:48:37,060: publisherUpdate[/mavros/setpoint_raw/local] -> http://localhost:34409/ ['http://localhost:45859/']
[rosmaster.master][INFO] 2026-07-02 21:48:37,060: publisherUpdate[/mavros/setpoint_raw/local] -> http://localhost:34409/ ['http://localhost:45859/']: sec=0.00, result=[1, '', 0]
[rosmaster.master][INFO] 2026-07-02 21:51:57,015: -SUB [/mavros/local_position/velocity_local] /horizontal_flight_logger2 http://localhost:45859/
[rosmaster.master][INFO] 2026-07-02 21:51:57,015: -SUB [/mavros/battery] /horizontal_flight_logger2 http://localhost:45859/
[rosmaster.master][INFO] 2026-07-02 21:51:57,015: -PUB [/rosout] /horizontal_flight_logger2 http://localhost:45859/
[rosmaster.master][INFO] 2026-07-02 21:51:57,015: -PUB [/mavros/setpoint_raw/local] /horizontal_flight_logger2 http://localhost:45859/
[rosmaster.master][INFO] 2026-07-02 21:51:57,015: -SERVICE [/horizontal_flight_logger2/get_loggers] /horizontal_flight_logger2 rosrpc://localhost:41507
[rosmaster.master][INFO] 2026-07-02 21:51:57,016: -SERVICE [/horizontal_flight_logger2/set_logger_level] /horizontal_flight_logger2 rosrpc://localhost:41507
[rosmaster.master][INFO] 2026-07-02 21:51:57,076: publisherUpdate[/rosout] -> http://localhost:41643/ ['http://localhost:34409/']
[rosmaster.master][INFO] 2026-07-02 21:51:57,076: publisherUpdate[/mavros/setpoint_raw/local] -> http://localhost:34409/ []
[rosmaster.master][INFO] 2026-07-02 21:51:57,078: publisherUpdate[/mavros/setpoint_raw/local] -> http://localhost:34409/ []: sec=0.00, result=[1, '', 0]
[rosmaster.master][INFO] 2026-07-02 21:51:57,079: publisherUpdate[/rosout] -> http://localhost:41643/ ['http://localhost:34409/']: sec=0.00, result=[1, '', 0]
[rosmaster.master][INFO] 2026-07-02 21:52:12,103: -PUB [/rosout_agg] /rosout http://localhost:41643/
[rosmaster.master][INFO] 2026-07-02 21:52:12,103: -SUB [/rosout] /rosout http://localhost:41643/
[rosmaster.master][INFO] 2026-07-02 21:52:12,104: -SERVICE [/rosout/get_loggers] /rosout rosrpc://localhost:53113
[rosmaster.master][INFO] 2026-07-02 21:52:12,104: -SERVICE [/rosout/set_logger_level] /rosout rosrpc://localhost:53113
[rosmaster.master][INFO] 2026-07-02 21:52:12,104: -CACHEDPARAM [/rosout/omit_topics] by /rosout
[rosmaster.main][INFO] 2026-07-02 21:52:12,182: keyboard interrupt, will exit
[rosmaster.main][INFO] 2026-07-02 21:52:12,182: stopping master...
[rospy.core][INFO] 2026-07-02 21:52:12,183: signal_shutdown [atexit]
