[rosmaster.main][INFO] 2026-07-08 22:18:38,982: initialization complete, waiting for shutdown
[rosmaster.main][INFO] 2026-07-08 22:18:38,982: Starting ROS Master Node
[xmlrpc][INFO] 2026-07-08 22:18:38,983: XML-RPC server binding to 127.0.0.1:11311
[xmlrpc][INFO] 2026-07-08 22:18:38,983: Started XML-RPC server [http://localhost:11311/]
[rosmaster.master][INFO] 2026-07-08 22:18:38,983: Master initialized: port[11311], uri[http://localhost:11311/]
[xmlrpc][INFO] 2026-07-08 22:18:38,983: xml rpc node: starting XML-RPC server
[rosmaster.master][INFO] 2026-07-08 22:18:39,015: +PARAM [/run_id] by /roslaunch
[rosmaster.master][INFO] 2026-07-08 22:18:39,016: +PARAM [/roslaunch/uris/host_localhost__39725] by /roslaunch
[rosmaster.master][INFO] 2026-07-08 22:18:39,051: +PARAM [/rosversion] by /roslaunch
[rosmaster.master][INFO] 2026-07-08 22:18:39,051: +PARAM [/rosdistro] by /roslaunch
[rosmaster.master][INFO] 2026-07-08 22:18:39,105: +SERVICE [/rosout/get_loggers] /rosout http://localhost:33021/
[rosmaster.master][INFO] 2026-07-08 22:18:39,106: +SERVICE [/rosout/set_logger_level] /rosout http://localhost:33021/
[rosmaster.master][INFO] 2026-07-08 22:18:39,107: +PUB [/rosout_agg] /rosout http://localhost:33021/
[rosmaster.master][INFO] 2026-07-08 22:18:39,109: +SUB [/rosout] /rosout http://localhost:33021/
[rosmaster.master][INFO] 2026-07-08 22:18:56,497: +PARAM [/roslaunch/uris/host_localhost__46107] by /roslaunch
[rosmaster.master][INFO] 2026-07-08 22:18:56,504: +PARAM [/rosversion] by /roslaunch
[rosmaster.master][INFO] 2026-07-08 22:18:56,504: +PARAM [/rosdistro] by /roslaunch
[rosmaster.master][INFO] 2026-07-08 22:18:56,504: +PARAM [/mavros/plugin_blacklist] by /roslaunch
[rosmaster.master][INFO] 2026-07-08 22:18:56,504: +PARAM [/mavros/plugin_whitelist] by /roslaunch
[rosmaster.master][INFO] 2026-07-08 22:18:56,504: +PARAM [/mavros/startup_px4_usb_quirk] by /roslaunch
[rosmaster.master][INFO] 2026-07-08 22:18:56,504: +PARAM [/mavros/conn/heartbeat_rate] by /roslaunch
[rosmaster.master][INFO] 2026-07-08 22:18:56,504: +PARAM [/mavros/conn/heartbeat_mav_type] by /roslaunch
[rosmaster.master][INFO] 2026-07-08 22:18:56,504: +PARAM [/mavros/conn/timeout] by /roslaunch
[rosmaster.master][INFO] 2026-07-08 22:18:56,504: +PARAM [/mavros/conn/timesync_rate] by /roslaunch
[rosmaster.master][INFO] 2026-07-08 22:18:56,504: +PARAM [/mavros/conn/system_time_rate] by /roslaunch
[rosmaster.master][INFO] 2026-07-08 22:18:56,504: +PARAM [/mavros/sys/min_voltage] by /roslaunch
[rosmaster.master][INFO] 2026-07-08 22:18:56,504: +PARAM [/mavros/sys/disable_diag] by /roslaunch
[rosmaster.master][INFO] 2026-07-08 22:18:56,504: +PARAM [/mavros/time/time_ref_source] by /roslaunch
[rosmaster.master][INFO] 2026-07-08 22:18:56,504: +PARAM [/mavros/time/timesync_mode] by /roslaunch
[rosmaster.master][INFO] 2026-07-08 22:18:56,505: +PARAM [/mavros/time/timesync_avg_alpha] by /roslaunch
[rosmaster.master][INFO] 2026-07-08 22:18:56,505: +PARAM [/mavros/tdr_radio/low_rssi] by /roslaunch
[rosmaster.master][INFO] 2026-07-08 22:18:56,505: +PARAM [/mavros/cmd/use_comp_id_system_control] by /roslaunch
[rosmaster.master][INFO] 2026-07-08 22:18:56,505: +PARAM [/mavros/global_position/frame_id] by /roslaunch
[rosmaster.master][INFO] 2026-07-08 22:18:56,505: +PARAM [/mavros/global_position/child_frame_id] by /roslaunch
[rosmaster.master][INFO] 2026-07-08 22:18:56,505: +PARAM [/mavros/global_position/rot_covariance] by /roslaunch
[rosmaster.master][INFO] 2026-07-08 22:18:56,505: +PARAM [/mavros/global_position/gps_uere] by /roslaunch
[rosmaster.master][INFO] 2026-07-08 22:18:56,505: +PARAM [/mavros/global_position/use_relative_alt] by /roslaunch
[rosmaster.master][INFO] 2026-07-08 22:18:56,505: +PARAM [/mavros/global_position/tf/send] by /roslaunch
[rosmaster.master][INFO] 2026-07-08 22:18:56,505: +PARAM [/mavros/global_position/tf/frame_id] by /roslaunch
[rosmaster.master][INFO] 2026-07-08 22:18:56,506: +PARAM [/mavros/global_position/tf/global_frame_id] by /roslaunch
[rosmaster.master][INFO] 2026-07-08 22:18:56,506: +PARAM [/mavros/global_position/tf/child_frame_id] by /roslaunch
[rosmaster.master][INFO] 2026-07-08 22:18:56,506: +PARAM [/mavros/imu/frame_id] by /roslaunch
[rosmaster.master][INFO] 2026-07-08 22:18:56,506: +PARAM [/mavros/imu/linear_acceleration_stdev] by /roslaunch
[rosmaster.master][INFO] 2026-07-08 22:18:56,506: +PARAM [/mavros/imu/angular_velocity_stdev] by /roslaunch
[rosmaster.master][INFO] 2026-07-08 22:18:56,506: +PARAM [/mavros/imu/orientation_stdev] by /roslaunch
[rosmaster.master][INFO] 2026-07-08 22:18:56,506: +PARAM [/mavros/imu/magnetic_stdev] by /roslaunch
[rosmaster.master][INFO] 2026-07-08 22:18:56,506: +PARAM [/mavros/local_position/frame_id] by /roslaunch
[rosmaster.master][INFO] 2026-07-08 22:18:56,506: +PARAM [/mavros/local_position/tf/send] by /roslaunch
[rosmaster.master][INFO] 2026-07-08 22:18:56,506: +PARAM [/mavros/local_position/tf/frame_id] by /roslaunch
[rosmaster.master][INFO] 2026-07-08 22:18:56,506: +PARAM [/mavros/local_position/tf/child_frame_id] by /roslaunch
[rosmaster.master][INFO] 2026-07-08 22:18:56,506: +PARAM [/mavros/local_position/tf/send_fcu] by /roslaunch
[rosmaster.master][INFO] 2026-07-08 22:18:56,506: +PARAM [/mavros/safety_area/p1/x] by /roslaunch
[rosmaster.master][INFO] 2026-07-08 22:18:56,506: +PARAM [/mavros/safety_area/p1/y] by /roslaunch
[rosmaster.master][INFO] 2026-07-08 22:18:56,506: +PARAM [/mavros/safety_area/p1/z] by /roslaunch
[rosmaster.master][INFO] 2026-07-08 22:18:56,506: +PARAM [/mavros/safety_area/p2/x] by /roslaunch
[rosmaster.master][INFO] 2026-07-08 22:18:56,506: +PARAM [/mavros/safety_area/p2/y] by /roslaunch
[rosmaster.master][INFO] 2026-07-08 22:18:56,506: +PARAM [/mavros/safety_area/p2/z] by /roslaunch
[rosmaster.master][INFO] 2026-07-08 22:18:56,506: +PARAM [/mavros/setpoint_accel/send_force] by /roslaunch
[rosmaster.master][INFO] 2026-07-08 22:18:56,506: +PARAM [/mavros/setpoint_attitude/reverse_thrust] by /roslaunch
[rosmaster.master][INFO] 2026-07-08 22:18:56,506: +PARAM [/mavros/setpoint_attitude/use_quaternion] by /roslaunch
[rosmaster.master][INFO] 2026-07-08 22:18:56,506: +PARAM [/mavros/setpoint_attitude/tf/listen] by /roslaunch
[rosmaster.master][INFO] 2026-07-08 22:18:56,506: +PARAM [/mavros/setpoint_attitude/tf/frame_id] by /roslaunch
[rosmaster.master][INFO] 2026-07-08 22:18:56,506: +PARAM [/mavros/setpoint_attitude/tf/child_frame_id] by /roslaunch
[rosmaster.master][INFO] 2026-07-08 22:18:56,506: +PARAM [/mavros/setpoint_attitude/tf/rate_limit] by /roslaunch
[rosmaster.master][INFO] 2026-07-08 22:18:56,506: +PARAM [/mavros/setpoint_raw/thrust_scaling] by /roslaunch
[rosmaster.master][INFO] 2026-07-08 22:18:56,506: +PARAM [/mavros/setpoint_position/tf/listen] by /roslaunch
[rosmaster.master][INFO] 2026-07-08 22:18:56,506: +PARAM [/mavros/setpoint_position/tf/frame_id] by /roslaunch
[rosmaster.master][INFO] 2026-07-08 22:18:56,506: +PARAM [/mavros/setpoint_position/tf/child_frame_id] by /roslaunch
[rosmaster.master][INFO] 2026-07-08 22:18:56,506: +PARAM [/mavros/setpoint_position/tf/rate_limit] by /roslaunch
[rosmaster.master][INFO] 2026-07-08 22:18:56,506: +PARAM [/mavros/setpoint_position/mav_frame] by /roslaunch
[rosmaster.master][INFO] 2026-07-08 22:18:56,506: +PARAM [/mavros/guided_target/tf/listen] by /roslaunch
[rosmaster.master][INFO] 2026-07-08 22:18:56,506: +PARAM [/mavros/guided_target/tf/frame_id] by /roslaunch
[rosmaster.master][INFO] 2026-07-08 22:18:56,506: +PARAM [/mavros/guided_target/tf/child_frame_id] by /roslaunch
[rosmaster.master][INFO] 2026-07-08 22:18:56,507: +PARAM [/mavros/guided_target/tf/rate_limit] by /roslaunch
[rosmaster.master][INFO] 2026-07-08 22:18:56,507: +PARAM [/mavros/setpoint_velocity/mav_frame] by /roslaunch
[rosmaster.master][INFO] 2026-07-08 22:18:56,507: +PARAM [/mavros/mission/pull_after_gcs] by /roslaunch
[rosmaster.master][INFO] 2026-07-08 22:18:56,507: +PARAM [/mavros/mission/use_mission_item_int] by /roslaunch
[rosmaster.master][INFO] 2026-07-08 22:18:56,507: +PARAM [/mavros/distance_sensor/rangefinder_pub/id] by /roslaunch
[rosmaster.master][INFO] 2026-07-08 22:18:56,507: +PARAM [/mavros/distance_sensor/rangefinder_pub/frame_id] by /roslaunch
[rosmaster.master][INFO] 2026-07-08 22:18:56,507: +PARAM [/mavros/distance_sensor/rangefinder_pub/field_of_view] by /roslaunch
[rosmaster.master][INFO] 2026-07-08 22:18:56,507: +PARAM [/mavros/distance_sensor/rangefinder_pub/send_tf] by /roslaunch
[rosmaster.master][INFO] 2026-07-08 22:18:56,507: +PARAM [/mavros/distance_sensor/rangefinder_pub/sensor_position/x] by /roslaunch
[rosmaster.master][INFO] 2026-07-08 22:18:56,507: +PARAM [/mavros/distance_sensor/rangefinder_pub/sensor_position/y] by /roslaunch
[rosmaster.master][INFO] 2026-07-08 22:18:56,507: +PARAM [/mavros/distance_sensor/rangefinder_pub/sensor_position/z] by /roslaunch
[rosmaster.master][INFO] 2026-07-08 22:18:56,507: +PARAM [/mavros/distance_sensor/rangefinder_sub/subscriber] by /roslaunch
[rosmaster.master][INFO] 2026-07-08 22:18:56,507: +PARAM [/mavros/distance_sensor/rangefinder_sub/id] by /roslaunch
[rosmaster.master][INFO] 2026-07-08 22:18:56,507: +PARAM [/mavros/distance_sensor/rangefinder_sub/orientation] by /roslaunch
[rosmaster.master][INFO] 2026-07-08 22:18:56,507: +PARAM [/mavros/image/frame_id] by /roslaunch
[rosmaster.master][INFO] 2026-07-08 22:18:56,507: +PARAM [/mavros/fake_gps/use_mocap] by /roslaunch
[rosmaster.master][INFO] 2026-07-08 22:18:56,507: +PARAM [/mavros/fake_gps/mocap_transform] by /roslaunch
[rosmaster.master][INFO] 2026-07-08 22:18:56,507: +PARAM [/mavros/fake_gps/mocap_withcovariance] by /roslaunch
[rosmaster.master][INFO] 2026-07-08 22:18:56,507: +PARAM [/mavros/fake_gps/use_vision] by /roslaunch
[rosmaster.master][INFO] 2026-07-08 22:18:56,507: +PARAM [/mavros/fake_gps/use_hil_gps] by /roslaunch
[rosmaster.master][INFO] 2026-07-08 22:18:56,507: +PARAM [/mavros/fake_gps/gps_id] by /roslaunch
[rosmaster.master][INFO] 2026-07-08 22:18:56,507: +PARAM [/mavros/fake_gps/geo_origin/lat] by /roslaunch
[rosmaster.master][INFO] 2026-07-08 22:18:56,507: +PARAM [/mavros/fake_gps/geo_origin/lon] by /roslaunch
[rosmaster.master][INFO] 2026-07-08 22:18:56,507: +PARAM [/mavros/fake_gps/geo_origin/alt] by /roslaunch
[rosmaster.master][INFO] 2026-07-08 22:18:56,507: +PARAM [/mavros/fake_gps/eph] by /roslaunch
[rosmaster.master][INFO] 2026-07-08 22:18:56,507: +PARAM [/mavros/fake_gps/epv] by /roslaunch
[rosmaster.master][INFO] 2026-07-08 22:18:56,507: +PARAM [/mavros/fake_gps/horiz_accuracy] by /roslaunch
[rosmaster.master][INFO] 2026-07-08 22:18:56,507: +PARAM [/mavros/fake_gps/vert_accuracy] by /roslaunch
[rosmaster.master][INFO] 2026-07-08 22:18:56,507: +PARAM [/mavros/fake_gps/speed_accuracy] by /roslaunch
[rosmaster.master][INFO] 2026-07-08 22:18:56,507: +PARAM [/mavros/fake_gps/satellites_visible] by /roslaunch
[rosmaster.master][INFO] 2026-07-08 22:18:56,507: +PARAM [/mavros/fake_gps/fix_type] by /roslaunch
[rosmaster.master][INFO] 2026-07-08 22:18:56,507: +PARAM [/mavros/fake_gps/tf/listen] by /roslaunch
[rosmaster.master][INFO] 2026-07-08 22:18:56,508: +PARAM [/mavros/fake_gps/tf/send] by /roslaunch
[rosmaster.master][INFO] 2026-07-08 22:18:56,508: +PARAM [/mavros/fake_gps/tf/frame_id] by /roslaunch
[rosmaster.master][INFO] 2026-07-08 22:18:56,508: +PARAM [/mavros/fake_gps/tf/child_frame_id] by /roslaunch
[rosmaster.master][INFO] 2026-07-08 22:18:56,508: +PARAM [/mavros/fake_gps/tf/rate_limit] by /roslaunch
[rosmaster.master][INFO] 2026-07-08 22:18:56,508: +PARAM [/mavros/fake_gps/gps_rate] by /roslaunch
[rosmaster.master][INFO] 2026-07-08 22:18:56,508: +PARAM [/mavros/landing_target/listen_lt] by /roslaunch
[rosmaster.master][INFO] 2026-07-08 22:18:56,508: +PARAM [/mavros/landing_target/mav_frame] by /roslaunch
[rosmaster.master][INFO] 2026-07-08 22:18:56,508: +PARAM [/mavros/landing_target/land_target_type] by /roslaunch
[rosmaster.master][INFO] 2026-07-08 22:18:56,508: +PARAM [/mavros/landing_target/image/width] by /roslaunch
[rosmaster.master][INFO] 2026-07-08 22:18:56,508: +PARAM [/mavros/landing_target/image/height] by /roslaunch
[rosmaster.master][INFO] 2026-07-08 22:18:56,508: +PARAM [/mavros/landing_target/camera/fov_x] by /roslaunch
[rosmaster.master][INFO] 2026-07-08 22:18:56,508: +PARAM [/mavros/landing_target/camera/fov_y] by /roslaunch
[rosmaster.master][INFO] 2026-07-08 22:18:56,508: +PARAM [/mavros/landing_target/tf/send] by /roslaunch
[rosmaster.master][INFO] 2026-07-08 22:18:56,508: +PARAM [/mavros/landing_target/tf/listen] by /roslaunch
[rosmaster.master][INFO] 2026-07-08 22:18:56,508: +PARAM [/mavros/landing_target/tf/frame_id] by /roslaunch
[rosmaster.master][INFO] 2026-07-08 22:18:56,508: +PARAM [/mavros/landing_target/tf/child_frame_id] by /roslaunch
[rosmaster.master][INFO] 2026-07-08 22:18:56,508: +PARAM [/mavros/landing_target/tf/rate_limit] by /roslaunch
[rosmaster.master][INFO] 2026-07-08 22:18:56,508: +PARAM [/mavros/landing_target/target_size/x] by /roslaunch
[rosmaster.master][INFO] 2026-07-08 22:18:56,508: +PARAM [/mavros/landing_target/target_size/y] by /roslaunch
[rosmaster.master][INFO] 2026-07-08 22:18:56,508: +PARAM [/mavros/mocap/use_tf] by /roslaunch
[rosmaster.master][INFO] 2026-07-08 22:18:56,508: +PARAM [/mavros/mocap/use_pose] by /roslaunch
[rosmaster.master][INFO] 2026-07-08 22:18:56,508: +PARAM [/mavros/mount/debounce_s] by /roslaunch
[rosmaster.master][INFO] 2026-07-08 22:18:56,508: +PARAM [/mavros/mount/err_threshold_deg] by /roslaunch
[rosmaster.master][INFO] 2026-07-08 22:18:56,508: +PARAM [/mavros/mount/negate_measured_roll] by /roslaunch
[rosmaster.master][INFO] 2026-07-08 22:18:56,508: +PARAM [/mavros/mount/negate_measured_pitch] by /roslaunch
[rosmaster.master][INFO] 2026-07-08 22:18:56,508: +PARAM [/mavros/mount/negate_measured_yaw] by /roslaunch
[rosmaster.master][INFO] 2026-07-08 22:18:56,508: +PARAM [/mavros/odometry/frame_tf/desired_frame] by /roslaunch
[rosmaster.master][INFO] 2026-07-08 22:18:56,508: +PARAM [/mavros/odometry/estimator_type] by /roslaunch
[rosmaster.master][INFO] 2026-07-08 22:18:56,508: +PARAM [/mavros/px4flow/frame_id] by /roslaunch
[rosmaster.master][INFO] 2026-07-08 22:18:56,508: +PARAM [/mavros/px4flow/ranger_fov] by /roslaunch
[rosmaster.master][INFO] 2026-07-08 22:18:56,508: +PARAM [/mavros/px4flow/ranger_min_range] by /roslaunch
[rosmaster.master][INFO] 2026-07-08 22:18:56,508: +PARAM [/mavros/px4flow/ranger_max_range] by /roslaunch
[rosmaster.master][INFO] 2026-07-08 22:18:56,508: +PARAM [/mavros/vision_pose/tf/listen] by /roslaunch
[rosmaster.master][INFO] 2026-07-08 22:18:56,508: +PARAM [/mavros/vision_pose/tf/frame_id] by /roslaunch
[rosmaster.master][INFO] 2026-07-08 22:18:56,508: +PARAM [/mavros/vision_pose/tf/child_frame_id] by /roslaunch
[rosmaster.master][INFO] 2026-07-08 22:18:56,509: +PARAM [/mavros/vision_pose/tf/rate_limit] by /roslaunch
[rosmaster.master][INFO] 2026-07-08 22:18:56,509: +PARAM [/mavros/vision_speed/listen_twist] by /roslaunch
[rosmaster.master][INFO] 2026-07-08 22:18:56,509: +PARAM [/mavros/vision_speed/twist_cov] by /roslaunch
[rosmaster.master][INFO] 2026-07-08 22:18:56,509: +PARAM [/mavros/vibration/frame_id] by /roslaunch
[rosmaster.master][INFO] 2026-07-08 22:18:56,509: +PARAM [/mavros/wheel_odometry/count] by /roslaunch
[rosmaster.master][INFO] 2026-07-08 22:18:56,509: +PARAM [/mavros/wheel_odometry/use_rpm] by /roslaunch
[rosmaster.master][INFO] 2026-07-08 22:18:56,509: +PARAM [/mavros/wheel_odometry/wheel0/x] by /roslaunch
[rosmaster.master][INFO] 2026-07-08 22:18:56,509: +PARAM [/mavros/wheel_odometry/wheel0/y] by /roslaunch
[rosmaster.master][INFO] 2026-07-08 22:18:56,509: +PARAM [/mavros/wheel_odometry/wheel0/radius] by /roslaunch
[rosmaster.master][INFO] 2026-07-08 22:18:56,509: +PARAM [/mavros/wheel_odometry/wheel1/x] by /roslaunch
[rosmaster.master][INFO] 2026-07-08 22:18:56,509: +PARAM [/mavros/wheel_odometry/wheel1/y] by /roslaunch
[rosmaster.master][INFO] 2026-07-08 22:18:56,509: +PARAM [/mavros/wheel_odometry/wheel1/radius] by /roslaunch
[rosmaster.master][INFO] 2026-07-08 22:18:56,509: +PARAM [/mavros/wheel_odometry/send_raw] by /roslaunch
[rosmaster.master][INFO] 2026-07-08 22:18:56,509: +PARAM [/mavros/wheel_odometry/send_twist] by /roslaunch
[rosmaster.master][INFO] 2026-07-08 22:18:56,509: +PARAM [/mavros/wheel_odometry/frame_id] by /roslaunch
[rosmaster.master][INFO] 2026-07-08 22:18:56,509: +PARAM [/mavros/wheel_odometry/child_frame_id] by /roslaunch
[rosmaster.master][INFO] 2026-07-08 22:18:56,509: +PARAM [/mavros/wheel_odometry/vel_error] by /roslaunch
[rosmaster.master][INFO] 2026-07-08 22:18:56,509: +PARAM [/mavros/wheel_odometry/tf/send] by /roslaunch
[rosmaster.master][INFO] 2026-07-08 22:18:56,509: +PARAM [/mavros/wheel_odometry/tf/frame_id] by /roslaunch
[rosmaster.master][INFO] 2026-07-08 22:18:56,509: +PARAM [/mavros/wheel_odometry/tf/child_frame_id] by /roslaunch
[rosmaster.master][INFO] 2026-07-08 22:18:56,509: +PARAM [/mavros/fcu_url] by /roslaunch
[rosmaster.master][INFO] 2026-07-08 22:18:56,509: +PARAM [/mavros/gcs_url] by /roslaunch
[rosmaster.master][INFO] 2026-07-08 22:18:56,509: +PARAM [/mavros/target_system_id] by /roslaunch
[rosmaster.master][INFO] 2026-07-08 22:18:56,509: +PARAM [/mavros/target_component_id] by /roslaunch
[rosmaster.master][INFO] 2026-07-08 22:18:56,509: +PARAM [/mavros/fcu_protocol] by /roslaunch
[rosmaster.master][INFO] 2026-07-08 22:18:56,627: +PUB [/rosout] /mavros http://localhost:35541/
[rosmaster.master][INFO] 2026-07-08 22:18:56,628: +SERVICE [/mavros/get_loggers] /mavros http://localhost:35541/
[rosmaster.master][INFO] 2026-07-08 22:18:56,628: +SERVICE [/mavros/set_logger_level] /mavros http://localhost:35541/
[rosmaster.master][INFO] 2026-07-08 22:18:56,630: +PUB [/diagnostics] /mavros http://localhost:35541/
[rosmaster.master][INFO] 2026-07-08 22:18:56,630: +CACHEDPARAM [/mavros/diagnostic_period] by /mavros
[rosmaster.master][INFO] 2026-07-08 22:18:56,644: +SUB [/tf] /mavros http://localhost:35541/
[rosmaster.master][INFO] 2026-07-08 22:18:56,646: +SUB [/tf_static] /mavros http://localhost:35541/
[rosmaster.master][INFO] 2026-07-08 22:18:56,647: +PUB [/tf] /mavros http://localhost:35541/
[rosmaster.master][INFO] 2026-07-08 22:18:56,647: +PUB [/tf_static] /mavros http://localhost:35541/
[rosmaster.master][INFO] 2026-07-08 22:18:56,674: publisherUpdate[/rosout] -> http://localhost:33021/ ['http://localhost:35541/']
[rosmaster.master][INFO] 2026-07-08 22:18:56,675: publisherUpdate[/tf] -> http://localhost:35541/ ['http://localhost:35541/']
[rosmaster.master][INFO] 2026-07-08 22:18:56,677: publisherUpdate[/tf] -> http://localhost:35541/ ['http://localhost:35541/']: sec=0.00, result=[1, '', 0]
[rosmaster.master][INFO] 2026-07-08 22:18:56,677: publisherUpdate[/tf_static] -> http://localhost:35541/ ['http://localhost:35541/']
[rosmaster.master][INFO] 2026-07-08 22:18:56,678: publisherUpdate[/tf_static] -> http://localhost:35541/ ['http://localhost:35541/']: sec=0.00, result=[1, '', 0]
[rosmaster.master][INFO] 2026-07-08 22:18:56,678: publisherUpdate[/rosout] -> http://localhost:33021/ ['http://localhost:35541/']: sec=0.00, result=[1, '', 0]
[rosmaster.master][INFO] 2026-07-08 22:18:56,707: +CACHEDPARAM [/rosout_disable_topics_generation] by /mavros
[rosmaster.master][INFO] 2026-07-08 22:18:56,711: +PUB [/mavlink/from] /mavros http://localhost:35541/
[rosmaster.master][INFO] 2026-07-08 22:18:56,713: +SUB [/mavlink/to] /mavros http://localhost:35541/
[rosmaster.master][INFO] 2026-07-08 22:18:56,778: +PUB [/mavros/radio_status] /mavros http://localhost:35541/
[rosmaster.master][INFO] 2026-07-08 22:18:56,820: +PUB [/mavros/adsb/vehicle] /mavros http://localhost:35541/
[rosmaster.master][INFO] 2026-07-08 22:18:56,824: +SUB [/mavros/adsb/send] /mavros http://localhost:35541/
[rosmaster.master][INFO] 2026-07-08 22:18:56,826: +PUB [/mavros/cam_imu_sync/cam_imu_stamp] /mavros http://localhost:35541/
[rosmaster.master][INFO] 2026-07-08 22:18:56,827: +PUB [/mavros/camera/image_captured] /mavros http://localhost:35541/
[rosmaster.master][INFO] 2026-07-08 22:18:56,830: +SUB [/mavros/cellular_status/status] /mavros http://localhost:35541/
[rosmaster.master][INFO] 2026-07-08 22:18:56,832: +SERVICE [/mavros/cmd/command] /mavros http://localhost:35541/
[rosmaster.master][INFO] 2026-07-08 22:18:56,833: +SERVICE [/mavros/cmd/command_ack] /mavros http://localhost:35541/
[rosmaster.master][INFO] 2026-07-08 22:18:56,833: +SERVICE [/mavros/cmd/command_int] /mavros http://localhost:35541/
[rosmaster.master][INFO] 2026-07-08 22:18:56,834: +SERVICE [/mavros/cmd/arming] /mavros http://localhost:35541/
[rosmaster.master][INFO] 2026-07-08 22:18:56,835: +SERVICE [/mavros/cmd/set_home] /mavros http://localhost:35541/
[rosmaster.master][INFO] 2026-07-08 22:18:56,835: +SERVICE [/mavros/cmd/takeoff] /mavros http://localhost:35541/
[rosmaster.master][INFO] 2026-07-08 22:18:56,836: +SERVICE [/mavros/cmd/land] /mavros http://localhost:35541/
[rosmaster.master][INFO] 2026-07-08 22:18:56,836: +SERVICE [/mavros/cmd/trigger_control] /mavros http://localhost:35541/
[rosmaster.master][INFO] 2026-07-08 22:18:56,836: +SERVICE [/mavros/cmd/trigger_interval] /mavros http://localhost:35541/
[rosmaster.master][INFO] 2026-07-08 22:18:56,837: +SERVICE [/mavros/cmd/vtol_transition] /mavros http://localhost:35541/
[rosmaster.master][INFO] 2026-07-08 22:18:56,839: +SUB [/mavros/companion_process/status] /mavros http://localhost:35541/
[rosmaster.master][INFO] 2026-07-08 22:18:56,843: +PUB [/mavros/distance_sensor/rangefinder_pub] /mavros http://localhost:35541/
[rosmaster.master][INFO] 2026-07-08 22:18:56,847: +SUB [/mavros/distance_sensor/rangefinder_sub] /mavros http://localhost:35541/
[rosmaster.master][INFO] 2026-07-08 22:18:56,848: +PUB [/mavros/esc_info] /mavros http://localhost:35541/
[rosmaster.master][INFO] 2026-07-08 22:18:56,848: +PUB [/mavros/esc_status] /mavros http://localhost:35541/
[rosmaster.master][INFO] 2026-07-08 22:18:56,850: +PUB [/mavros/esc_telemetry] /mavros http://localhost:35541/
[rosmaster.master][INFO] 2026-07-08 22:18:56,865: +SUB [/mavros/fake_gps/mocap/pose] /mavros http://localhost:35541/
[rosmaster.master][INFO] 2026-07-08 22:18:56,866: +PUB [/mavros/geofence/waypoints] /mavros http://localhost:35541/
[rosmaster.master][INFO] 2026-07-08 22:18:56,867: +SERVICE [/mavros/geofence/pull] /mavros http://localhost:35541/
[rosmaster.master][INFO] 2026-07-08 22:18:56,868: +SERVICE [/mavros/geofence/push] /mavros http://localhost:35541/
[rosmaster.master][INFO] 2026-07-08 22:18:56,868: +SERVICE [/mavros/geofence/clear] /mavros http://localhost:35541/
[rosmaster.master][INFO] 2026-07-08 22:18:56,874: +PUB [/mavros/global_position/raw/fix] /mavros http://localhost:35541/
[rosmaster.master][INFO] 2026-07-08 22:18:56,874: +PUB [/mavros/global_position/raw/gps_vel] /mavros http://localhost:35541/
[rosmaster.master][INFO] 2026-07-08 22:18:56,874: +PUB [/mavros/global_position/raw/satellites] /mavros http://localhost:35541/
[rosmaster.master][INFO] 2026-07-08 22:18:56,875: +PUB [/mavros/global_position/global] /mavros http://localhost:35541/
[rosmaster.master][INFO] 2026-07-08 22:18:56,875: +PUB [/mavros/global_position/local] /mavros http://localhost:35541/
[rosmaster.master][INFO] 2026-07-08 22:18:56,876: +PUB [/mavros/global_position/rel_alt] /mavros http://localhost:35541/
[rosmaster.master][INFO] 2026-07-08 22:18:56,876: +PUB [/mavros/global_position/compass_hdg] /mavros http://localhost:35541/
[rosmaster.master][INFO] 2026-07-08 22:18:56,876: +PUB [/mavros/global_position/gp_origin] /mavros http://localhost:35541/
[rosmaster.master][INFO] 2026-07-08 22:18:56,878: +SUB [/mavros/global_position/set_gp_origin] /mavros http://localhost:35541/
[rosmaster.master][INFO] 2026-07-08 22:18:56,880: +SUB [/mavros/home_position/home] /mavros http://localhost:35541/
[rosmaster.master][INFO] 2026-07-08 22:18:56,881: +PUB [/mavros/global_position/gp_lp_offset] /mavros http://localhost:35541/
[rosmaster.master][INFO] 2026-07-08 22:18:56,881: +CACHEDPARAM [/rosout/omit_topics] by /rosout
[rosmaster.master][INFO] 2026-07-08 22:18:56,883: +SUB [/mavros/gps_input/gps_input] /mavros http://localhost:35541/
[rosmaster.master][INFO] 2026-07-08 22:18:56,886: +SUB [/mavros/gps_rtk/send_rtcm] /mavros http://localhost:35541/
[rosmaster.master][INFO] 2026-07-08 22:18:56,886: +PUB [/mavros/gps_rtk/rtk_baseline] /mavros http://localhost:35541/
[rosmaster.master][INFO] 2026-07-08 22:18:56,888: +PUB [/mavros/gpsstatus/gps1/raw] /mavros http://localhost:35541/
[rosmaster.master][INFO] 2026-07-08 22:18:56,888: +PUB [/mavros/gpsstatus/gps2/raw] /mavros http://localhost:35541/
[rosmaster.master][INFO] 2026-07-08 22:18:56,888: +PUB [/mavros/gpsstatus/gps1/rtk] /mavros http://localhost:35541/
[rosmaster.master][INFO] 2026-07-08 22:18:56,889: +PUB [/mavros/gpsstatus/gps2/rtk] /mavros http://localhost:35541/
[rosmaster.master][INFO] 2026-07-08 22:18:56,892: +PUB [/move_base_simple/goal] /mavros http://localhost:35541/
[rosmaster.master][INFO] 2026-07-08 22:18:56,894: +SUB [/mavros/global_position/gp_origin] /mavros http://localhost:35541/
[rosmaster.master][INFO] 2026-07-08 22:18:56,895: +PUB [/mavros/home_position/home] /mavros http://localhost:35541/
[rosmaster.master][INFO] 2026-07-08 22:18:56,897: +SUB [/mavros/home_position/set] /mavros http://localhost:35541/
[rosmaster.master][INFO] 2026-07-08 22:18:56,897: +SERVICE [/mavros/home_position/req_update] /mavros http://localhost:35541/
[rosmaster.master][INFO] 2026-07-08 22:18:56,901: +PUB [/mavros/imu/data] /mavros http://localhost:35541/
[rosmaster.master][INFO] 2026-07-08 22:18:56,901: +PUB [/mavros/imu/mag] /mavros http://localhost:35541/
[rosmaster.master][INFO] 2026-07-08 22:18:56,902: +PUB [/mavros/imu/temperature_imu] /mavros http://localhost:35541/
[rosmaster.master][INFO] 2026-07-08 22:18:56,902: +PUB [/mavros/imu/temperature_baro] /mavros http://localhost:35541/
[rosmaster.master][INFO] 2026-07-08 22:18:56,903: +PUB [/mavros/imu/static_pressure] /mavros http://localhost:35541/
[rosmaster.master][INFO] 2026-07-08 22:18:56,903: +PUB [/mavros/imu/diff_pressure] /mavros http://localhost:35541/
[rosmaster.master][INFO] 2026-07-08 22:18:56,903: +PUB [/mavros/imu/data_raw] /mavros http://localhost:35541/
[rosmaster.master][INFO] 2026-07-08 22:18:56,912: +PUB [/mavros/landing_target/pose_in] /mavros http://localhost:35541/
[rosmaster.master][INFO] 2026-07-08 22:18:56,912: +PUB [/mavros/landing_target/lt_marker] /mavros http://localhost:35541/
[rosmaster.master][INFO] 2026-07-08 22:18:56,914: +SUB [/mavros/landing_target/pose] /mavros http://localhost:35541/
[rosmaster.master][INFO] 2026-07-08 22:18:56,917: +PUB [/mavros/local_position/pose] /mavros http://localhost:35541/
[rosmaster.master][INFO] 2026-07-08 22:18:56,918: +PUB [/mavros/local_position/pose_cov] /mavros http://localhost:35541/
[rosmaster.master][INFO] 2026-07-08 22:18:56,918: +PUB [/mavros/local_position/velocity_local] /mavros http://localhost:35541/
[rosmaster.master][INFO] 2026-07-08 22:18:56,918: +PUB [/mavros/local_position/velocity_body] /mavros http://localhost:35541/
[rosmaster.master][INFO] 2026-07-08 22:18:56,919: +PUB [/mavros/local_position/velocity_body_cov] /mavros http://localhost:35541/
[rosmaster.master][INFO] 2026-07-08 22:18:56,919: +PUB [/mavros/local_position/accel] /mavros http://localhost:35541/
[rosmaster.master][INFO] 2026-07-08 22:18:56,920: +PUB [/mavros/local_position/odom] /mavros http://localhost:35541/
[rosmaster.master][INFO] 2026-07-08 22:18:56,920: +PUB [/mavros/log_transfer/raw/log_entry] /mavros http://localhost:35541/
[rosmaster.master][INFO] 2026-07-08 22:18:56,921: +PUB [/mavros/log_transfer/raw/log_data] /mavros http://localhost:35541/
[rosmaster.master][INFO] 2026-07-08 22:18:56,921: +SERVICE [/mavros/log_transfer/raw/log_request_list] /mavros http://localhost:35541/
[rosmaster.master][INFO] 2026-07-08 22:18:56,922: +SERVICE [/mavros/log_transfer/raw/log_request_data] /mavros http://localhost:35541/
[rosmaster.master][INFO] 2026-07-08 22:18:56,922: +SERVICE [/mavros/log_transfer/raw/log_request_end] /mavros http://localhost:35541/
[rosmaster.master][INFO] 2026-07-08 22:18:56,923: +SERVICE [/mavros/log_transfer/raw/log_request_erase] /mavros http://localhost:35541/
[rosmaster.master][INFO] 2026-07-08 22:18:56,923: +PUB [/mavros/mag_calibration/status] /mavros http://localhost:35541/
[rosmaster.master][INFO] 2026-07-08 22:18:56,924: +PUB [/mavros/mag_calibration/report] /mavros http://localhost:35541/
[rosmaster.master][INFO] 2026-07-08 22:18:56,925: +PUB [/mavros/manual_control/control] /mavros http://localhost:35541/
[rosmaster.master][INFO] 2026-07-08 22:18:56,926: +SUB [/mavros/manual_control/send] /mavros http://localhost:35541/
[rosmaster.master][INFO] 2026-07-08 22:18:56,929: +SUB [/mavros/mocap/pose] /mavros http://localhost:35541/
[rosmaster.master][INFO] 2026-07-08 22:18:56,932: +SUB [/mavros/mount_control/command] /mavros http://localhost:35541/
[rosmaster.master][INFO] 2026-07-08 22:18:56,932: +PUB [/mavros/mount_control/orientation] /mavros http://localhost:35541/
[rosmaster.master][INFO] 2026-07-08 22:18:56,932: +PUB [/mavros/mount_control/status] /mavros http://localhost:35541/
[rosmaster.master][INFO] 2026-07-08 22:18:56,933: +SERVICE [/mavros/mount_control/configure] /mavros http://localhost:35541/
[rosmaster.master][INFO] 2026-07-08 22:18:56,937: +PUB [/mavros/nav_controller_output] /mavros http://localhost:35541/
[rosmaster.master][INFO] 2026-07-08 22:18:56,940: +SUB [/mavros/obstacle/send] /mavros http://localhost:35541/
[rosmaster.master][INFO] 2026-07-08 22:18:56,941: +PUB [/mavros/odometry/in] /mavros http://localhost:35541/
[rosmaster.master][INFO] 2026-07-08 22:18:56,943: +SUB [/mavros/odometry/out] /mavros http://localhost:35541/
[rosmaster.master][INFO] 2026-07-08 22:18:56,945: +SUB [/mavros/onboard_computer/status] /mavros http://localhost:35541/
[rosmaster.master][INFO] 2026-07-08 22:18:56,947: +SERVICE [/mavros/param/pull] /mavros http://localhost:35541/
[rosmaster.master][INFO] 2026-07-08 22:18:56,947: +SERVICE [/mavros/param/push] /mavros http://localhost:35541/
[rosmaster.master][INFO] 2026-07-08 22:18:56,947: +SERVICE [/mavros/param/set] /mavros http://localhost:35541/
[rosmaster.master][INFO] 2026-07-08 22:18:56,948: +SERVICE [/mavros/param/get] /mavros http://localhost:35541/
[rosmaster.master][INFO] 2026-07-08 22:18:56,948: +PUB [/mavros/param/param_value] /mavros http://localhost:35541/
[rosmaster.master][INFO] 2026-07-08 22:18:56,951: +SUB [/mavros/play_tune] /mavros http://localhost:35541/
[rosmaster.master][INFO] 2026-07-08 22:18:56,952: +PUB [/mavros/rallypoint/waypoints] /mavros http://localhost:35541/
[rosmaster.master][INFO] 2026-07-08 22:18:56,953: +SERVICE [/mavros/rallypoint/pull] /mavros http://localhost:35541/
[rosmaster.master][INFO] 2026-07-08 22:18:56,953: +SERVICE [/mavros/rallypoint/push] /mavros http://localhost:35541/
[rosmaster.master][INFO] 2026-07-08 22:18:56,954: +SERVICE [/mavros/rallypoint/clear] /mavros http://localhost:35541/
[rosmaster.master][INFO] 2026-07-08 22:18:56,954: +PUB [/mavros/rangefinder/rangefinder] /mavros http://localhost:35541/
[rosmaster.master][INFO] 2026-07-08 22:18:56,955: +PUB [/mavros/rc/in] /mavros http://localhost:35541/
[rosmaster.master][INFO] 2026-07-08 22:18:56,955: +PUB [/mavros/rc/out] /mavros http://localhost:35541/
[rosmaster.master][INFO] 2026-07-08 22:18:56,957: +SUB [/mavros/rc/override] /mavros http://localhost:35541/
[rosmaster.master][INFO] 2026-07-08 22:18:56,960: +SUB [/mavros/setpoint_accel/accel] /mavros http://localhost:35541/
[rosmaster.master][INFO] 2026-07-08 22:18:56,966: +SUB [/mavros/setpoint_attitude/thrust] /mavros http://localhost:35541/
[rosmaster.master][INFO] 2026-07-08 22:18:56,968: +SUB [/mavros/setpoint_attitude/cmd_vel] /mavros http://localhost:35541/
[rosmaster.master][INFO] 2026-07-08 22:18:56,976: publisherUpdate[/mavros/home_position/home] -> http://localhost:35541/ ['http://localhost:35541/']
[rosmaster.master][INFO] 2026-07-08 22:18:56,977: +SUB [/mavros/setpoint_position/local] /mavros http://localhost:35541/
[rosmaster.master][INFO] 2026-07-08 22:18:56,977: publisherUpdate[/mavros/home_position/home] -> http://localhost:35541/ ['http://localhost:35541/']: sec=0.00, result=[1, '', 0]
[rosmaster.master][INFO] 2026-07-08 22:18:56,979: +SUB [/mavros/setpoint_position/global] /mavros http://localhost:35541/
[rosmaster.master][INFO] 2026-07-08 22:18:56,981: +SUB [/mavros/setpoint_position/global_to_local] /mavros http://localhost:35541/
[rosmaster.master][INFO] 2026-07-08 22:18:56,982: +SUB [/mavros/global_position/global] /mavros http://localhost:35541/
[rosmaster.master][INFO] 2026-07-08 22:18:56,984: +SUB [/mavros/local_position/pose] /mavros http://localhost:35541/
[rosmaster.master][INFO] 2026-07-08 22:18:56,984: +SERVICE [/mavros/setpoint_position/mav_frame] /mavros http://localhost:35541/
[rosmaster.master][INFO] 2026-07-08 22:18:56,987: +SUB [/mavros/setpoint_raw/local] /mavros http://localhost:35541/
[rosmaster.master][INFO] 2026-07-08 22:18:56,989: +SUB [/mavros/setpoint_raw/global] /mavros http://localhost:35541/
[rosmaster.master][INFO] 2026-07-08 22:18:56,991: +SUB [/mavros/setpoint_raw/attitude] /mavros http://localhost:35541/
[rosmaster.master][INFO] 2026-07-08 22:18:56,991: +PUB [/mavros/setpoint_raw/target_local] /mavros http://localhost:35541/
[rosmaster.master][INFO] 2026-07-08 22:18:56,992: +PUB [/mavros/setpoint_raw/target_global] /mavros http://localhost:35541/
[rosmaster.master][INFO] 2026-07-08 22:18:56,993: +PUB [/mavros/setpoint_raw/target_attitude] /mavros http://localhost:35541/
[rosmaster.master][INFO] 2026-07-08 22:18:56,995: +SUB [/mavros/setpoint_trajectory/local] /mavros http://localhost:35541/
[rosmaster.master][INFO] 2026-07-08 22:18:56,996: +PUB [/mavros/setpoint_trajectory/desired] /mavros http://localhost:35541/
[rosmaster.master][INFO] 2026-07-08 22:18:56,996: +SERVICE [/mavros/setpoint_trajectory/reset] /mavros http://localhost:35541/
[rosmaster.master][INFO] 2026-07-08 22:18:56,997: +SERVICE [/mavros/setpoint_trajectory/mav_frame] /mavros http://localhost:35541/
[rosmaster.master][INFO] 2026-07-08 22:18:57,000: +SUB [/mavros/setpoint_velocity/cmd_vel] /mavros http://localhost:35541/
[rosmaster.master][INFO] 2026-07-08 22:18:57,002: +SUB [/mavros/setpoint_velocity/cmd_vel_unstamped] /mavros http://localhost:35541/
[rosmaster.master][INFO] 2026-07-08 22:18:57,002: +SERVICE [/mavros/setpoint_velocity/mav_frame] /mavros http://localhost:35541/
[rosmaster.master][INFO] 2026-07-08 22:18:57,006: +PUB [/mavros/state] /mavros http://localhost:35541/
[rosmaster.master][INFO] 2026-07-08 22:18:57,007: +PUB [/mavros/extended_state] /mavros http://localhost:35541/
[rosmaster.master][INFO] 2026-07-08 22:18:57,008: +PUB [/mavros/battery] /mavros http://localhost:35541/
[rosmaster.master][INFO] 2026-07-08 22:18:57,008: +PUB [/mavros/estimator_status] /mavros http://localhost:35541/
[rosmaster.master][INFO] 2026-07-08 22:18:57,008: +PUB [/mavros/statustext/recv] /mavros http://localhost:35541/
[rosmaster.master][INFO] 2026-07-08 22:18:57,009: +PUB [/mavros/sys_status] /mavros http://localhost:35541/
[rosmaster.master][INFO] 2026-07-08 22:18:57,011: +SUB [/mavros/statustext/send] /mavros http://localhost:35541/
[rosmaster.master][INFO] 2026-07-08 22:18:57,011: +SERVICE [/mavros/set_stream_rate] /mavros http://localhost:35541/
[rosmaster.master][INFO] 2026-07-08 22:18:57,012: +SERVICE [/mavros/set_mode] /mavros http://localhost:35541/
[rosmaster.master][INFO] 2026-07-08 22:18:57,012: +SERVICE [/mavros/vehicle_info_get] /mavros http://localhost:35541/
[rosmaster.master][INFO] 2026-07-08 22:18:57,013: +SERVICE [/mavros/set_message_interval] /mavros http://localhost:35541/
[rosmaster.master][INFO] 2026-07-08 22:18:57,018: +PUB [/mavros/time_reference] /mavros http://localhost:35541/
[rosmaster.master][INFO] 2026-07-08 22:18:57,019: +PUB [/mavros/timesync_status] /mavros http://localhost:35541/
[rosmaster.master][INFO] 2026-07-08 22:18:57,020: +PUB [/mavros/terrain/report] /mavros http://localhost:35541/
[rosmaster.master][INFO] 2026-07-08 22:18:57,022: +SUB [/mavros/trajectory/generated] /mavros http://localhost:35541/
[rosmaster.master][INFO] 2026-07-08 22:18:57,024: +SUB [/mavros/trajectory/path] /mavros http://localhost:35541/
[rosmaster.master][INFO] 2026-07-08 22:18:57,025: +PUB [/mavros/trajectory/desired] /mavros http://localhost:35541/
[rosmaster.master][INFO] 2026-07-08 22:18:57,027: +SUB [/mavros/tunnel/in] /mavros http://localhost:35541/
[rosmaster.master][INFO] 2026-07-08 22:18:57,027: +PUB [/mavros/tunnel/out] /mavros http://localhost:35541/
[rosmaster.master][INFO] 2026-07-08 22:18:57,028: +PUB [/mavros/vfr_hud] /mavros http://localhost:35541/
[rosmaster.master][INFO] 2026-07-08 22:18:57,033: +SUB [/mavros/vision_pose/pose] /mavros http://localhost:35541/
[rosmaster.master][INFO] 2026-07-08 22:18:57,035: +SUB [/mavros/vision_pose/pose_cov] /mavros http://localhost:35541/
[rosmaster.master][INFO] 2026-07-08 22:18:57,037: +PUB [/mavros/mission/waypoints] /mavros http://localhost:35541/
[rosmaster.master][INFO] 2026-07-08 22:18:57,038: +SERVICE [/mavros/mission/pull] /mavros http://localhost:35541/
[rosmaster.master][INFO] 2026-07-08 22:18:57,038: +SERVICE [/mavros/mission/push] /mavros http://localhost:35541/
[rosmaster.master][INFO] 2026-07-08 22:18:57,039: +SERVICE [/mavros/mission/clear] /mavros http://localhost:35541/
[rosmaster.master][INFO] 2026-07-08 22:18:57,039: +PUB [/mavros/mission/reached] /mavros http://localhost:35541/
[rosmaster.master][INFO] 2026-07-08 22:18:57,040: +SERVICE [/mavros/mission/set_current] /mavros http://localhost:35541/
[rosmaster.master][INFO] 2026-07-08 22:18:57,041: +PUB [/mavros/wind_estimation] /mavros http://localhost:35541/
[rosmaster.master][INFO] 2026-07-08 22:18:58,043: +PUB [/mavlink/gcs_ip] /mavros http://localhost:35541/
[rosmaster.master][INFO] 2026-07-08 22:19:18,834: +PUB [/rosout] /horizontal_flight_logger2 http://localhost:38443/
[rosmaster.master][INFO] 2026-07-08 22:19:18,834: publisherUpdate[/rosout] -> http://localhost:33021/ ['http://localhost:35541/', 'http://localhost:38443/']
[rosmaster.master][INFO] 2026-07-08 22:19:18,836: publisherUpdate[/rosout] -> http://localhost:33021/ ['http://localhost:35541/', 'http://localhost:38443/']: sec=0.00, result=[1, '', 0]
[rosmaster.master][INFO] 2026-07-08 22:19:18,837: +SERVICE [/horizontal_flight_logger2/get_loggers] /horizontal_flight_logger2 http://localhost:38443/
[rosmaster.master][INFO] 2026-07-08 22:19:18,838: +SERVICE [/horizontal_flight_logger2/set_logger_level] /horizontal_flight_logger2 http://localhost:38443/
[rosmaster.master][INFO] 2026-07-08 22:19:18,839: +PUB [/mavros/setpoint_raw/local] /horizontal_flight_logger2 http://localhost:38443/
[rosmaster.master][INFO] 2026-07-08 22:19:18,841: +SUB [/mavros/local_position/velocity_local] /horizontal_flight_logger2 http://localhost:38443/
[rosmaster.master][INFO] 2026-07-08 22:19:18,842: +SUB [/mavros/battery] /horizontal_flight_logger2 http://localhost:38443/
[rosmaster.master][INFO] 2026-07-08 22:19:18,923: publisherUpdate[/mavros/setpoint_raw/local] -> http://localhost:35541/ ['http://localhost:38443/']
[rosmaster.master][INFO] 2026-07-08 22:19:18,924: publisherUpdate[/mavros/setpoint_raw/local] -> http://localhost:35541/ ['http://localhost:38443/']: sec=0.00, result=[1, '', 0]
[rosmaster.master][INFO] 2026-07-08 22:22:37,562: -SUB [/mavros/local_position/velocity_local] /horizontal_flight_logger2 http://localhost:38443/
[rosmaster.master][INFO] 2026-07-08 22:22:37,562: -SUB [/mavros/battery] /horizontal_flight_logger2 http://localhost:38443/
[rosmaster.master][INFO] 2026-07-08 22:22:37,563: -PUB [/rosout] /horizontal_flight_logger2 http://localhost:38443/
[rosmaster.master][INFO] 2026-07-08 22:22:37,563: -PUB [/mavros/setpoint_raw/local] /horizontal_flight_logger2 http://localhost:38443/
[rosmaster.master][INFO] 2026-07-08 22:22:37,563: -SERVICE [/horizontal_flight_logger2/get_loggers] /horizontal_flight_logger2 rosrpc://localhost:39687
[rosmaster.master][INFO] 2026-07-08 22:22:37,563: -SERVICE [/horizontal_flight_logger2/set_logger_level] /horizontal_flight_logger2 rosrpc://localhost:39687
[rosmaster.master][INFO] 2026-07-08 22:22:37,634: publisherUpdate[/rosout] -> http://localhost:33021/ ['http://localhost:35541/']
[rosmaster.master][INFO] 2026-07-08 22:22:37,635: publisherUpdate[/rosout] -> http://localhost:33021/ ['http://localhost:35541/']: sec=0.00, result=[1, '', 0]
[rosmaster.master][INFO] 2026-07-08 22:22:37,635: publisherUpdate[/mavros/setpoint_raw/local] -> http://localhost:35541/ []
[rosmaster.master][INFO] 2026-07-08 22:22:37,635: publisherUpdate[/mavros/setpoint_raw/local] -> http://localhost:35541/ []: sec=0.00, result=[1, '', 0]
[rosmaster.master][INFO] 2026-07-08 22:23:06,349: -PUB [/rosout_agg] /rosout http://localhost:33021/
[rosmaster.master][INFO] 2026-07-08 22:23:06,350: -SUB [/rosout] /rosout http://localhost:33021/
[rosmaster.master][INFO] 2026-07-08 22:23:06,351: -SERVICE [/rosout/get_loggers] /rosout rosrpc://localhost:58851
[rosmaster.master][INFO] 2026-07-08 22:23:06,351: -SERVICE [/rosout/set_logger_level] /rosout rosrpc://localhost:58851
[rosmaster.master][INFO] 2026-07-08 22:23:06,352: -CACHEDPARAM [/rosout/omit_topics] by /rosout
[rosmaster.main][INFO] 2026-07-08 22:23:06,401: keyboard interrupt, will exit
[rosmaster.main][INFO] 2026-07-08 22:23:06,401: stopping master...
[rospy.core][INFO] 2026-07-08 22:23:06,402: signal_shutdown [atexit]
