[rosmaster.main][INFO] 2026-06-20 23:12:48,179: initialization complete, waiting for shutdown
[rosmaster.main][INFO] 2026-06-20 23:12:48,179: Starting ROS Master Node
[xmlrpc][INFO] 2026-06-20 23:12:48,180: XML-RPC server binding to 127.0.0.1:11311
[xmlrpc][INFO] 2026-06-20 23:12:48,181: Started XML-RPC server [http://localhost:11311/]
[xmlrpc][INFO] 2026-06-20 23:12:48,181: xml rpc node: starting XML-RPC server
[rosmaster.master][INFO] 2026-06-20 23:12:48,181: Master initialized: port[11311], uri[http://localhost:11311/]
[rosmaster.master][INFO] 2026-06-20 23:12:48,188: +PARAM [/run_id] by /roslaunch
[rosmaster.master][INFO] 2026-06-20 23:12:48,189: +PARAM [/roslaunch/uris/host_localhost__44667] by /roslaunch
[rosmaster.master][INFO] 2026-06-20 23:12:48,220: +PARAM [/rosversion] by /roslaunch
[rosmaster.master][INFO] 2026-06-20 23:12:48,220: +PARAM [/rosdistro] by /roslaunch
[rosmaster.master][INFO] 2026-06-20 23:12:48,223: +SERVICE [/rosout/get_loggers] /rosout http://localhost:46457/
[rosmaster.master][INFO] 2026-06-20 23:12:48,223: +SERVICE [/rosout/set_logger_level] /rosout http://localhost:46457/
[rosmaster.master][INFO] 2026-06-20 23:12:48,225: +PUB [/rosout_agg] /rosout http://localhost:46457/
[rosmaster.master][INFO] 2026-06-20 23:12:48,226: +SUB [/rosout] /rosout http://localhost:46457/
[rosmaster.master][INFO] 2026-06-20 23:12:55,212: +PARAM [/roslaunch/uris/host_localhost__39009] by /roslaunch
[rosmaster.master][INFO] 2026-06-20 23:12:55,219: +PARAM [/rosversion] by /roslaunch
[rosmaster.master][INFO] 2026-06-20 23:12:55,219: +PARAM [/rosdistro] by /roslaunch
[rosmaster.master][INFO] 2026-06-20 23:12:55,219: +PARAM [/mavros/plugin_blacklist] by /roslaunch
[rosmaster.master][INFO] 2026-06-20 23:12:55,219: +PARAM [/mavros/plugin_whitelist] by /roslaunch
[rosmaster.master][INFO] 2026-06-20 23:12:55,219: +PARAM [/mavros/startup_px4_usb_quirk] by /roslaunch
[rosmaster.master][INFO] 2026-06-20 23:12:55,219: +PARAM [/mavros/conn/heartbeat_rate] by /roslaunch
[rosmaster.master][INFO] 2026-06-20 23:12:55,219: +PARAM [/mavros/conn/heartbeat_mav_type] by /roslaunch
[rosmaster.master][INFO] 2026-06-20 23:12:55,219: +PARAM [/mavros/conn/timeout] by /roslaunch
[rosmaster.master][INFO] 2026-06-20 23:12:55,220: +PARAM [/mavros/conn/timesync_rate] by /roslaunch
[rosmaster.master][INFO] 2026-06-20 23:12:55,220: +PARAM [/mavros/conn/system_time_rate] by /roslaunch
[rosmaster.master][INFO] 2026-06-20 23:12:55,220: +PARAM [/mavros/sys/min_voltage] by /roslaunch
[rosmaster.master][INFO] 2026-06-20 23:12:55,220: +PARAM [/mavros/sys/disable_diag] by /roslaunch
[rosmaster.master][INFO] 2026-06-20 23:12:55,220: +PARAM [/mavros/time/time_ref_source] by /roslaunch
[rosmaster.master][INFO] 2026-06-20 23:12:55,220: +PARAM [/mavros/time/timesync_mode] by /roslaunch
[rosmaster.master][INFO] 2026-06-20 23:12:55,221: +PARAM [/mavros/time/timesync_avg_alpha] by /roslaunch
[rosmaster.master][INFO] 2026-06-20 23:12:55,221: +PARAM [/mavros/tdr_radio/low_rssi] by /roslaunch
[rosmaster.master][INFO] 2026-06-20 23:12:55,221: +PARAM [/mavros/cmd/use_comp_id_system_control] by /roslaunch
[rosmaster.master][INFO] 2026-06-20 23:12:55,221: +PARAM [/mavros/global_position/frame_id] by /roslaunch
[rosmaster.master][INFO] 2026-06-20 23:12:55,221: +PARAM [/mavros/global_position/child_frame_id] by /roslaunch
[rosmaster.master][INFO] 2026-06-20 23:12:55,221: +PARAM [/mavros/global_position/rot_covariance] by /roslaunch
[rosmaster.master][INFO] 2026-06-20 23:12:55,221: +PARAM [/mavros/global_position/gps_uere] by /roslaunch
[rosmaster.master][INFO] 2026-06-20 23:12:55,221: +PARAM [/mavros/global_position/use_relative_alt] by /roslaunch
[rosmaster.master][INFO] 2026-06-20 23:12:55,221: +PARAM [/mavros/global_position/tf/send] by /roslaunch
[rosmaster.master][INFO] 2026-06-20 23:12:55,221: +PARAM [/mavros/global_position/tf/frame_id] by /roslaunch
[rosmaster.master][INFO] 2026-06-20 23:12:55,221: +PARAM [/mavros/global_position/tf/global_frame_id] by /roslaunch
[rosmaster.master][INFO] 2026-06-20 23:12:55,221: +PARAM [/mavros/global_position/tf/child_frame_id] by /roslaunch
[rosmaster.master][INFO] 2026-06-20 23:12:55,221: +PARAM [/mavros/imu/frame_id] by /roslaunch
[rosmaster.master][INFO] 2026-06-20 23:12:55,221: +PARAM [/mavros/imu/linear_acceleration_stdev] by /roslaunch
[rosmaster.master][INFO] 2026-06-20 23:12:55,221: +PARAM [/mavros/imu/angular_velocity_stdev] by /roslaunch
[rosmaster.master][INFO] 2026-06-20 23:12:55,221: +PARAM [/mavros/imu/orientation_stdev] by /roslaunch
[rosmaster.master][INFO] 2026-06-20 23:12:55,221: +PARAM [/mavros/imu/magnetic_stdev] by /roslaunch
[rosmaster.master][INFO] 2026-06-20 23:12:55,221: +PARAM [/mavros/local_position/frame_id] by /roslaunch
[rosmaster.master][INFO] 2026-06-20 23:12:55,221: +PARAM [/mavros/local_position/tf/send] by /roslaunch
[rosmaster.master][INFO] 2026-06-20 23:12:55,221: +PARAM [/mavros/local_position/tf/frame_id] by /roslaunch
[rosmaster.master][INFO] 2026-06-20 23:12:55,221: +PARAM [/mavros/local_position/tf/child_frame_id] by /roslaunch
[rosmaster.master][INFO] 2026-06-20 23:12:55,221: +PARAM [/mavros/local_position/tf/send_fcu] by /roslaunch
[rosmaster.master][INFO] 2026-06-20 23:12:55,221: +PARAM [/mavros/safety_area/p1/x] by /roslaunch
[rosmaster.master][INFO] 2026-06-20 23:12:55,221: +PARAM [/mavros/safety_area/p1/y] by /roslaunch
[rosmaster.master][INFO] 2026-06-20 23:12:55,221: +PARAM [/mavros/safety_area/p1/z] by /roslaunch
[rosmaster.master][INFO] 2026-06-20 23:12:55,221: +PARAM [/mavros/safety_area/p2/x] by /roslaunch
[rosmaster.master][INFO] 2026-06-20 23:12:55,221: +PARAM [/mavros/safety_area/p2/y] by /roslaunch
[rosmaster.master][INFO] 2026-06-20 23:12:55,221: +PARAM [/mavros/safety_area/p2/z] by /roslaunch
[rosmaster.master][INFO] 2026-06-20 23:12:55,222: +PARAM [/mavros/setpoint_accel/send_force] by /roslaunch
[rosmaster.master][INFO] 2026-06-20 23:12:55,222: +PARAM [/mavros/setpoint_attitude/reverse_thrust] by /roslaunch
[rosmaster.master][INFO] 2026-06-20 23:12:55,222: +PARAM [/mavros/setpoint_attitude/use_quaternion] by /roslaunch
[rosmaster.master][INFO] 2026-06-20 23:12:55,222: +PARAM [/mavros/setpoint_attitude/tf/listen] by /roslaunch
[rosmaster.master][INFO] 2026-06-20 23:12:55,222: +PARAM [/mavros/setpoint_attitude/tf/frame_id] by /roslaunch
[rosmaster.master][INFO] 2026-06-20 23:12:55,222: +PARAM [/mavros/setpoint_attitude/tf/child_frame_id] by /roslaunch
[rosmaster.master][INFO] 2026-06-20 23:12:55,222: +PARAM [/mavros/setpoint_attitude/tf/rate_limit] by /roslaunch
[rosmaster.master][INFO] 2026-06-20 23:12:55,222: +PARAM [/mavros/setpoint_raw/thrust_scaling] by /roslaunch
[rosmaster.master][INFO] 2026-06-20 23:12:55,222: +PARAM [/mavros/setpoint_position/tf/listen] by /roslaunch
[rosmaster.master][INFO] 2026-06-20 23:12:55,222: +PARAM [/mavros/setpoint_position/tf/frame_id] by /roslaunch
[rosmaster.master][INFO] 2026-06-20 23:12:55,222: +PARAM [/mavros/setpoint_position/tf/child_frame_id] by /roslaunch
[rosmaster.master][INFO] 2026-06-20 23:12:55,222: +PARAM [/mavros/setpoint_position/tf/rate_limit] by /roslaunch
[rosmaster.master][INFO] 2026-06-20 23:12:55,222: +PARAM [/mavros/setpoint_position/mav_frame] by /roslaunch
[rosmaster.master][INFO] 2026-06-20 23:12:55,222: +PARAM [/mavros/guided_target/tf/listen] by /roslaunch
[rosmaster.master][INFO] 2026-06-20 23:12:55,222: +PARAM [/mavros/guided_target/tf/frame_id] by /roslaunch
[rosmaster.master][INFO] 2026-06-20 23:12:55,222: +PARAM [/mavros/guided_target/tf/child_frame_id] by /roslaunch
[rosmaster.master][INFO] 2026-06-20 23:12:55,222: +PARAM [/mavros/guided_target/tf/rate_limit] by /roslaunch
[rosmaster.master][INFO] 2026-06-20 23:12:55,222: +PARAM [/mavros/setpoint_velocity/mav_frame] by /roslaunch
[rosmaster.master][INFO] 2026-06-20 23:12:55,222: +PARAM [/mavros/mission/pull_after_gcs] by /roslaunch
[rosmaster.master][INFO] 2026-06-20 23:12:55,222: +PARAM [/mavros/mission/use_mission_item_int] by /roslaunch
[rosmaster.master][INFO] 2026-06-20 23:12:55,222: +PARAM [/mavros/distance_sensor/rangefinder_pub/id] by /roslaunch
[rosmaster.master][INFO] 2026-06-20 23:12:55,222: +PARAM [/mavros/distance_sensor/rangefinder_pub/frame_id] by /roslaunch
[rosmaster.master][INFO] 2026-06-20 23:12:55,222: +PARAM [/mavros/distance_sensor/rangefinder_pub/field_of_view] by /roslaunch
[rosmaster.master][INFO] 2026-06-20 23:12:55,222: +PARAM [/mavros/distance_sensor/rangefinder_pub/send_tf] by /roslaunch
[rosmaster.master][INFO] 2026-06-20 23:12:55,222: +PARAM [/mavros/distance_sensor/rangefinder_pub/sensor_position/x] by /roslaunch
[rosmaster.master][INFO] 2026-06-20 23:12:55,222: +PARAM [/mavros/distance_sensor/rangefinder_pub/sensor_position/y] by /roslaunch
[rosmaster.master][INFO] 2026-06-20 23:12:55,222: +PARAM [/mavros/distance_sensor/rangefinder_pub/sensor_position/z] by /roslaunch
[rosmaster.master][INFO] 2026-06-20 23:12:55,222: +PARAM [/mavros/distance_sensor/rangefinder_sub/subscriber] by /roslaunch
[rosmaster.master][INFO] 2026-06-20 23:12:55,222: +PARAM [/mavros/distance_sensor/rangefinder_sub/id] by /roslaunch
[rosmaster.master][INFO] 2026-06-20 23:12:55,222: +PARAM [/mavros/distance_sensor/rangefinder_sub/orientation] by /roslaunch
[rosmaster.master][INFO] 2026-06-20 23:12:55,222: +PARAM [/mavros/image/frame_id] by /roslaunch
[rosmaster.master][INFO] 2026-06-20 23:12:55,222: +PARAM [/mavros/fake_gps/use_mocap] by /roslaunch
[rosmaster.master][INFO] 2026-06-20 23:12:55,222: +PARAM [/mavros/fake_gps/mocap_transform] by /roslaunch
[rosmaster.master][INFO] 2026-06-20 23:12:55,222: +PARAM [/mavros/fake_gps/mocap_withcovariance] by /roslaunch
[rosmaster.master][INFO] 2026-06-20 23:12:55,222: +PARAM [/mavros/fake_gps/use_vision] by /roslaunch
[rosmaster.master][INFO] 2026-06-20 23:12:55,223: +PARAM [/mavros/fake_gps/use_hil_gps] by /roslaunch
[rosmaster.master][INFO] 2026-06-20 23:12:55,223: +PARAM [/mavros/fake_gps/gps_id] by /roslaunch
[rosmaster.master][INFO] 2026-06-20 23:12:55,223: +PARAM [/mavros/fake_gps/geo_origin/lat] by /roslaunch
[rosmaster.master][INFO] 2026-06-20 23:12:55,223: +PARAM [/mavros/fake_gps/geo_origin/lon] by /roslaunch
[rosmaster.master][INFO] 2026-06-20 23:12:55,223: +PARAM [/mavros/fake_gps/geo_origin/alt] by /roslaunch
[rosmaster.master][INFO] 2026-06-20 23:12:55,223: +PARAM [/mavros/fake_gps/eph] by /roslaunch
[rosmaster.master][INFO] 2026-06-20 23:12:55,223: +PARAM [/mavros/fake_gps/epv] by /roslaunch
[rosmaster.master][INFO] 2026-06-20 23:12:55,223: +PARAM [/mavros/fake_gps/horiz_accuracy] by /roslaunch
[rosmaster.master][INFO] 2026-06-20 23:12:55,223: +PARAM [/mavros/fake_gps/vert_accuracy] by /roslaunch
[rosmaster.master][INFO] 2026-06-20 23:12:55,223: +PARAM [/mavros/fake_gps/speed_accuracy] by /roslaunch
[rosmaster.master][INFO] 2026-06-20 23:12:55,223: +PARAM [/mavros/fake_gps/satellites_visible] by /roslaunch
[rosmaster.master][INFO] 2026-06-20 23:12:55,223: +PARAM [/mavros/fake_gps/fix_type] by /roslaunch
[rosmaster.master][INFO] 2026-06-20 23:12:55,223: +PARAM [/mavros/fake_gps/tf/listen] by /roslaunch
[rosmaster.master][INFO] 2026-06-20 23:12:55,223: +PARAM [/mavros/fake_gps/tf/send] by /roslaunch
[rosmaster.master][INFO] 2026-06-20 23:12:55,223: +PARAM [/mavros/fake_gps/tf/frame_id] by /roslaunch
[rosmaster.master][INFO] 2026-06-20 23:12:55,223: +PARAM [/mavros/fake_gps/tf/child_frame_id] by /roslaunch
[rosmaster.master][INFO] 2026-06-20 23:12:55,223: +PARAM [/mavros/fake_gps/tf/rate_limit] by /roslaunch
[rosmaster.master][INFO] 2026-06-20 23:12:55,223: +PARAM [/mavros/fake_gps/gps_rate] by /roslaunch
[rosmaster.master][INFO] 2026-06-20 23:12:55,223: +PARAM [/mavros/landing_target/listen_lt] by /roslaunch
[rosmaster.master][INFO] 2026-06-20 23:12:55,223: +PARAM [/mavros/landing_target/mav_frame] by /roslaunch
[rosmaster.master][INFO] 2026-06-20 23:12:55,223: +PARAM [/mavros/landing_target/land_target_type] by /roslaunch
[rosmaster.master][INFO] 2026-06-20 23:12:55,223: +PARAM [/mavros/landing_target/image/width] by /roslaunch
[rosmaster.master][INFO] 2026-06-20 23:12:55,223: +PARAM [/mavros/landing_target/image/height] by /roslaunch
[rosmaster.master][INFO] 2026-06-20 23:12:55,223: +PARAM [/mavros/landing_target/camera/fov_x] by /roslaunch
[rosmaster.master][INFO] 2026-06-20 23:12:55,223: +PARAM [/mavros/landing_target/camera/fov_y] by /roslaunch
[rosmaster.master][INFO] 2026-06-20 23:12:55,223: +PARAM [/mavros/landing_target/tf/send] by /roslaunch
[rosmaster.master][INFO] 2026-06-20 23:12:55,223: +PARAM [/mavros/landing_target/tf/listen] by /roslaunch
[rosmaster.master][INFO] 2026-06-20 23:12:55,223: +PARAM [/mavros/landing_target/tf/frame_id] by /roslaunch
[rosmaster.master][INFO] 2026-06-20 23:12:55,223: +PARAM [/mavros/landing_target/tf/child_frame_id] by /roslaunch
[rosmaster.master][INFO] 2026-06-20 23:12:55,223: +PARAM [/mavros/landing_target/tf/rate_limit] by /roslaunch
[rosmaster.master][INFO] 2026-06-20 23:12:55,223: +PARAM [/mavros/landing_target/target_size/x] by /roslaunch
[rosmaster.master][INFO] 2026-06-20 23:12:55,223: +PARAM [/mavros/landing_target/target_size/y] by /roslaunch
[rosmaster.master][INFO] 2026-06-20 23:12:55,224: +PARAM [/mavros/mocap/use_tf] by /roslaunch
[rosmaster.master][INFO] 2026-06-20 23:12:55,224: +PARAM [/mavros/mocap/use_pose] by /roslaunch
[rosmaster.master][INFO] 2026-06-20 23:12:55,224: +PARAM [/mavros/mount/debounce_s] by /roslaunch
[rosmaster.master][INFO] 2026-06-20 23:12:55,224: +PARAM [/mavros/mount/err_threshold_deg] by /roslaunch
[rosmaster.master][INFO] 2026-06-20 23:12:55,224: +PARAM [/mavros/mount/negate_measured_roll] by /roslaunch
[rosmaster.master][INFO] 2026-06-20 23:12:55,224: +PARAM [/mavros/mount/negate_measured_pitch] by /roslaunch
[rosmaster.master][INFO] 2026-06-20 23:12:55,224: +PARAM [/mavros/mount/negate_measured_yaw] by /roslaunch
[rosmaster.master][INFO] 2026-06-20 23:12:55,224: +PARAM [/mavros/odometry/frame_tf/desired_frame] by /roslaunch
[rosmaster.master][INFO] 2026-06-20 23:12:55,224: +PARAM [/mavros/odometry/estimator_type] by /roslaunch
[rosmaster.master][INFO] 2026-06-20 23:12:55,224: +PARAM [/mavros/px4flow/frame_id] by /roslaunch
[rosmaster.master][INFO] 2026-06-20 23:12:55,224: +PARAM [/mavros/px4flow/ranger_fov] by /roslaunch
[rosmaster.master][INFO] 2026-06-20 23:12:55,224: +PARAM [/mavros/px4flow/ranger_min_range] by /roslaunch
[rosmaster.master][INFO] 2026-06-20 23:12:55,224: +PARAM [/mavros/px4flow/ranger_max_range] by /roslaunch
[rosmaster.master][INFO] 2026-06-20 23:12:55,224: +PARAM [/mavros/vision_pose/tf/listen] by /roslaunch
[rosmaster.master][INFO] 2026-06-20 23:12:55,224: +PARAM [/mavros/vision_pose/tf/frame_id] by /roslaunch
[rosmaster.master][INFO] 2026-06-20 23:12:55,224: +PARAM [/mavros/vision_pose/tf/child_frame_id] by /roslaunch
[rosmaster.master][INFO] 2026-06-20 23:12:55,224: +PARAM [/mavros/vision_pose/tf/rate_limit] by /roslaunch
[rosmaster.master][INFO] 2026-06-20 23:12:55,224: +PARAM [/mavros/vision_speed/listen_twist] by /roslaunch
[rosmaster.master][INFO] 2026-06-20 23:12:55,224: +PARAM [/mavros/vision_speed/twist_cov] by /roslaunch
[rosmaster.master][INFO] 2026-06-20 23:12:55,224: +PARAM [/mavros/vibration/frame_id] by /roslaunch
[rosmaster.master][INFO] 2026-06-20 23:12:55,224: +PARAM [/mavros/wheel_odometry/count] by /roslaunch
[rosmaster.master][INFO] 2026-06-20 23:12:55,224: +PARAM [/mavros/wheel_odometry/use_rpm] by /roslaunch
[rosmaster.master][INFO] 2026-06-20 23:12:55,224: +PARAM [/mavros/wheel_odometry/wheel0/x] by /roslaunch
[rosmaster.master][INFO] 2026-06-20 23:12:55,224: +PARAM [/mavros/wheel_odometry/wheel0/y] by /roslaunch
[rosmaster.master][INFO] 2026-06-20 23:12:55,224: +PARAM [/mavros/wheel_odometry/wheel0/radius] by /roslaunch
[rosmaster.master][INFO] 2026-06-20 23:12:55,224: +PARAM [/mavros/wheel_odometry/wheel1/x] by /roslaunch
[rosmaster.master][INFO] 2026-06-20 23:12:55,224: +PARAM [/mavros/wheel_odometry/wheel1/y] by /roslaunch
[rosmaster.master][INFO] 2026-06-20 23:12:55,225: +PARAM [/mavros/wheel_odometry/wheel1/radius] by /roslaunch
[rosmaster.master][INFO] 2026-06-20 23:12:55,225: +PARAM [/mavros/wheel_odometry/send_raw] by /roslaunch
[rosmaster.master][INFO] 2026-06-20 23:12:55,225: +PARAM [/mavros/wheel_odometry/send_twist] by /roslaunch
[rosmaster.master][INFO] 2026-06-20 23:12:55,225: +PARAM [/mavros/wheel_odometry/frame_id] by /roslaunch
[rosmaster.master][INFO] 2026-06-20 23:12:55,225: +PARAM [/mavros/wheel_odometry/child_frame_id] by /roslaunch
[rosmaster.master][INFO] 2026-06-20 23:12:55,225: +PARAM [/mavros/wheel_odometry/vel_error] by /roslaunch
[rosmaster.master][INFO] 2026-06-20 23:12:55,225: +PARAM [/mavros/wheel_odometry/tf/send] by /roslaunch
[rosmaster.master][INFO] 2026-06-20 23:12:55,225: +PARAM [/mavros/wheel_odometry/tf/frame_id] by /roslaunch
[rosmaster.master][INFO] 2026-06-20 23:12:55,225: +PARAM [/mavros/wheel_odometry/tf/child_frame_id] by /roslaunch
[rosmaster.master][INFO] 2026-06-20 23:12:55,225: +PARAM [/mavros/fcu_url] by /roslaunch
[rosmaster.master][INFO] 2026-06-20 23:12:55,225: +PARAM [/mavros/gcs_url] by /roslaunch
[rosmaster.master][INFO] 2026-06-20 23:12:55,225: +PARAM [/mavros/target_system_id] by /roslaunch
[rosmaster.master][INFO] 2026-06-20 23:12:55,225: +PARAM [/mavros/target_component_id] by /roslaunch
[rosmaster.master][INFO] 2026-06-20 23:12:55,225: +PARAM [/mavros/fcu_protocol] by /roslaunch
[rosmaster.master][INFO] 2026-06-20 23:12:55,279: +PUB [/rosout] /mavros http://localhost:43267/
[rosmaster.master][INFO] 2026-06-20 23:12:55,280: +SERVICE [/mavros/get_loggers] /mavros http://localhost:43267/
[rosmaster.master][INFO] 2026-06-20 23:12:55,280: +SERVICE [/mavros/set_logger_level] /mavros http://localhost:43267/
[rosmaster.master][INFO] 2026-06-20 23:12:55,281: +PUB [/diagnostics] /mavros http://localhost:43267/
[rosmaster.master][INFO] 2026-06-20 23:12:55,282: +CACHEDPARAM [/mavros/diagnostic_period] by /mavros
[rosmaster.master][INFO] 2026-06-20 23:12:55,292: +SUB [/tf] /mavros http://localhost:43267/
[rosmaster.master][INFO] 2026-06-20 23:12:55,294: +SUB [/tf_static] /mavros http://localhost:43267/
[rosmaster.master][INFO] 2026-06-20 23:12:55,294: +PUB [/tf] /mavros http://localhost:43267/
[rosmaster.master][INFO] 2026-06-20 23:12:55,295: +PUB [/tf_static] /mavros http://localhost:43267/
[rosmaster.master][INFO] 2026-06-20 23:12:55,298: publisherUpdate[/rosout] -> http://localhost:46457/ ['http://localhost:43267/']
[rosmaster.master][INFO] 2026-06-20 23:12:55,298: publisherUpdate[/tf] -> http://localhost:43267/ ['http://localhost:43267/']
[rosmaster.master][INFO] 2026-06-20 23:12:55,300: publisherUpdate[/tf] -> http://localhost:43267/ ['http://localhost:43267/']: sec=0.00, result=[1, '', 0]
[rosmaster.master][INFO] 2026-06-20 23:12:55,300: publisherUpdate[/rosout] -> http://localhost:46457/ ['http://localhost:43267/']: sec=0.00, result=[1, '', 0]
[rosmaster.master][INFO] 2026-06-20 23:12:55,300: publisherUpdate[/tf_static] -> http://localhost:43267/ ['http://localhost:43267/']
[rosmaster.master][INFO] 2026-06-20 23:12:55,301: publisherUpdate[/tf_static] -> http://localhost:43267/ ['http://localhost:43267/']: sec=0.00, result=[1, '', 0]
[rosmaster.master][INFO] 2026-06-20 23:12:55,323: +CACHEDPARAM [/rosout_disable_topics_generation] by /mavros
[rosmaster.master][INFO] 2026-06-20 23:12:55,326: +PUB [/mavlink/from] /mavros http://localhost:43267/
[rosmaster.master][INFO] 2026-06-20 23:12:55,328: +SUB [/mavlink/to] /mavros http://localhost:43267/
[rosmaster.master][INFO] 2026-06-20 23:12:55,342: +PUB [/mavros/radio_status] /mavros http://localhost:43267/
[rosmaster.master][INFO] 2026-06-20 23:12:55,351: +PUB [/mavros/adsb/vehicle] /mavros http://localhost:43267/
[rosmaster.master][INFO] 2026-06-20 23:12:55,353: +SUB [/mavros/adsb/send] /mavros http://localhost:43267/
[rosmaster.master][INFO] 2026-06-20 23:12:55,354: +PUB [/mavros/cam_imu_sync/cam_imu_stamp] /mavros http://localhost:43267/
[rosmaster.master][INFO] 2026-06-20 23:12:55,355: +PUB [/mavros/camera/image_captured] /mavros http://localhost:43267/
[rosmaster.master][INFO] 2026-06-20 23:12:55,357: +SUB [/mavros/cellular_status/status] /mavros http://localhost:43267/
[rosmaster.master][INFO] 2026-06-20 23:12:55,359: +SERVICE [/mavros/cmd/command] /mavros http://localhost:43267/
[rosmaster.master][INFO] 2026-06-20 23:12:55,360: +SERVICE [/mavros/cmd/command_ack] /mavros http://localhost:43267/
[rosmaster.master][INFO] 2026-06-20 23:12:55,360: +SERVICE [/mavros/cmd/command_int] /mavros http://localhost:43267/
[rosmaster.master][INFO] 2026-06-20 23:12:55,361: +SERVICE [/mavros/cmd/arming] /mavros http://localhost:43267/
[rosmaster.master][INFO] 2026-06-20 23:12:55,361: +SERVICE [/mavros/cmd/set_home] /mavros http://localhost:43267/
[rosmaster.master][INFO] 2026-06-20 23:12:55,362: +SERVICE [/mavros/cmd/takeoff] /mavros http://localhost:43267/
[rosmaster.master][INFO] 2026-06-20 23:12:55,362: +SERVICE [/mavros/cmd/land] /mavros http://localhost:43267/
[rosmaster.master][INFO] 2026-06-20 23:12:55,363: +SERVICE [/mavros/cmd/trigger_control] /mavros http://localhost:43267/
[rosmaster.master][INFO] 2026-06-20 23:12:55,363: +SERVICE [/mavros/cmd/trigger_interval] /mavros http://localhost:43267/
[rosmaster.master][INFO] 2026-06-20 23:12:55,364: +SERVICE [/mavros/cmd/vtol_transition] /mavros http://localhost:43267/
[rosmaster.master][INFO] 2026-06-20 23:12:55,366: +SUB [/mavros/companion_process/status] /mavros http://localhost:43267/
[rosmaster.master][INFO] 2026-06-20 23:12:55,370: +PUB [/mavros/distance_sensor/rangefinder_pub] /mavros http://localhost:43267/
[rosmaster.master][INFO] 2026-06-20 23:12:55,373: +SUB [/mavros/distance_sensor/rangefinder_sub] /mavros http://localhost:43267/
[rosmaster.master][INFO] 2026-06-20 23:12:55,374: +PUB [/mavros/esc_info] /mavros http://localhost:43267/
[rosmaster.master][INFO] 2026-06-20 23:12:55,375: +PUB [/mavros/esc_status] /mavros http://localhost:43267/
[rosmaster.master][INFO] 2026-06-20 23:12:55,376: +PUB [/mavros/esc_telemetry] /mavros http://localhost:43267/
[rosmaster.master][INFO] 2026-06-20 23:12:55,390: +SUB [/mavros/fake_gps/mocap/pose] /mavros http://localhost:43267/
[rosmaster.master][INFO] 2026-06-20 23:12:55,392: +PUB [/mavros/geofence/waypoints] /mavros http://localhost:43267/
[rosmaster.master][INFO] 2026-06-20 23:12:55,393: +SERVICE [/mavros/geofence/pull] /mavros http://localhost:43267/
[rosmaster.master][INFO] 2026-06-20 23:12:55,393: +SERVICE [/mavros/geofence/push] /mavros http://localhost:43267/
[rosmaster.master][INFO] 2026-06-20 23:12:55,394: +SERVICE [/mavros/geofence/clear] /mavros http://localhost:43267/
[rosmaster.master][INFO] 2026-06-20 23:12:55,400: +PUB [/mavros/global_position/raw/fix] /mavros http://localhost:43267/
[rosmaster.master][INFO] 2026-06-20 23:12:55,401: +PUB [/mavros/global_position/raw/gps_vel] /mavros http://localhost:43267/
[rosmaster.master][INFO] 2026-06-20 23:12:55,401: +PUB [/mavros/global_position/raw/satellites] /mavros http://localhost:43267/
[rosmaster.master][INFO] 2026-06-20 23:12:55,402: +PUB [/mavros/global_position/global] /mavros http://localhost:43267/
[rosmaster.master][INFO] 2026-06-20 23:12:55,402: +PUB [/mavros/global_position/local] /mavros http://localhost:43267/
[rosmaster.master][INFO] 2026-06-20 23:12:55,402: +PUB [/mavros/global_position/rel_alt] /mavros http://localhost:43267/
[rosmaster.master][INFO] 2026-06-20 23:12:55,403: +PUB [/mavros/global_position/compass_hdg] /mavros http://localhost:43267/
[rosmaster.master][INFO] 2026-06-20 23:12:55,403: +PUB [/mavros/global_position/gp_origin] /mavros http://localhost:43267/
[rosmaster.master][INFO] 2026-06-20 23:12:55,405: +SUB [/mavros/global_position/set_gp_origin] /mavros http://localhost:43267/
[rosmaster.master][INFO] 2026-06-20 23:12:55,407: +SUB [/mavros/home_position/home] /mavros http://localhost:43267/
[rosmaster.master][INFO] 2026-06-20 23:12:55,407: +PUB [/mavros/global_position/gp_lp_offset] /mavros http://localhost:43267/
[rosmaster.master][INFO] 2026-06-20 23:12:55,410: +SUB [/mavros/gps_input/gps_input] /mavros http://localhost:43267/
[rosmaster.master][INFO] 2026-06-20 23:12:55,412: +SUB [/mavros/gps_rtk/send_rtcm] /mavros http://localhost:43267/
[rosmaster.master][INFO] 2026-06-20 23:12:55,413: +PUB [/mavros/gps_rtk/rtk_baseline] /mavros http://localhost:43267/
[rosmaster.master][INFO] 2026-06-20 23:12:55,414: +PUB [/mavros/gpsstatus/gps1/raw] /mavros http://localhost:43267/
[rosmaster.master][INFO] 2026-06-20 23:12:55,414: +PUB [/mavros/gpsstatus/gps2/raw] /mavros http://localhost:43267/
[rosmaster.master][INFO] 2026-06-20 23:12:55,414: +PUB [/mavros/gpsstatus/gps1/rtk] /mavros http://localhost:43267/
[rosmaster.master][INFO] 2026-06-20 23:12:55,415: +PUB [/mavros/gpsstatus/gps2/rtk] /mavros http://localhost:43267/
[rosmaster.master][INFO] 2026-06-20 23:12:55,418: +PUB [/move_base_simple/goal] /mavros http://localhost:43267/
[rosmaster.master][INFO] 2026-06-20 23:12:55,420: +SUB [/mavros/global_position/gp_origin] /mavros http://localhost:43267/
[rosmaster.master][INFO] 2026-06-20 23:12:55,421: +PUB [/mavros/home_position/home] /mavros http://localhost:43267/
[rosmaster.master][INFO] 2026-06-20 23:12:55,423: +SUB [/mavros/home_position/set] /mavros http://localhost:43267/
[rosmaster.master][INFO] 2026-06-20 23:12:55,424: +SERVICE [/mavros/home_position/req_update] /mavros http://localhost:43267/
[rosmaster.master][INFO] 2026-06-20 23:12:55,428: +PUB [/mavros/imu/data] /mavros http://localhost:43267/
[rosmaster.master][INFO] 2026-06-20 23:12:55,428: +PUB [/mavros/imu/mag] /mavros http://localhost:43267/
[rosmaster.master][INFO] 2026-06-20 23:12:55,429: +PUB [/mavros/imu/temperature_imu] /mavros http://localhost:43267/
[rosmaster.master][INFO] 2026-06-20 23:12:55,429: +PUB [/mavros/imu/temperature_baro] /mavros http://localhost:43267/
[rosmaster.master][INFO] 2026-06-20 23:12:55,429: +PUB [/mavros/imu/static_pressure] /mavros http://localhost:43267/
[rosmaster.master][INFO] 2026-06-20 23:12:55,430: +PUB [/mavros/imu/diff_pressure] /mavros http://localhost:43267/
[rosmaster.master][INFO] 2026-06-20 23:12:55,430: +PUB [/mavros/imu/data_raw] /mavros http://localhost:43267/
[rosmaster.master][INFO] 2026-06-20 23:12:55,439: +PUB [/mavros/landing_target/pose_in] /mavros http://localhost:43267/
[rosmaster.master][INFO] 2026-06-20 23:12:55,440: +PUB [/mavros/landing_target/lt_marker] /mavros http://localhost:43267/
[rosmaster.master][INFO] 2026-06-20 23:12:55,441: +SUB [/mavros/landing_target/pose] /mavros http://localhost:43267/
[rosmaster.master][INFO] 2026-06-20 23:12:55,444: +PUB [/mavros/local_position/pose] /mavros http://localhost:43267/
[rosmaster.master][INFO] 2026-06-20 23:12:55,445: +PUB [/mavros/local_position/pose_cov] /mavros http://localhost:43267/
[rosmaster.master][INFO] 2026-06-20 23:12:55,445: +PUB [/mavros/local_position/velocity_local] /mavros http://localhost:43267/
[rosmaster.master][INFO] 2026-06-20 23:12:55,446: +PUB [/mavros/local_position/velocity_body] /mavros http://localhost:43267/
[rosmaster.master][INFO] 2026-06-20 23:12:55,446: +PUB [/mavros/local_position/velocity_body_cov] /mavros http://localhost:43267/
[rosmaster.master][INFO] 2026-06-20 23:12:55,447: +PUB [/mavros/local_position/accel] /mavros http://localhost:43267/
[rosmaster.master][INFO] 2026-06-20 23:12:55,447: +PUB [/mavros/local_position/odom] /mavros http://localhost:43267/
[rosmaster.master][INFO] 2026-06-20 23:12:55,449: +PUB [/mavros/log_transfer/raw/log_entry] /mavros http://localhost:43267/
[rosmaster.master][INFO] 2026-06-20 23:12:55,450: +PUB [/mavros/log_transfer/raw/log_data] /mavros http://localhost:43267/
[rosmaster.master][INFO] 2026-06-20 23:12:55,450: +SERVICE [/mavros/log_transfer/raw/log_request_list] /mavros http://localhost:43267/
[rosmaster.master][INFO] 2026-06-20 23:12:55,451: +SERVICE [/mavros/log_transfer/raw/log_request_data] /mavros http://localhost:43267/
[rosmaster.master][INFO] 2026-06-20 23:12:55,451: +SERVICE [/mavros/log_transfer/raw/log_request_end] /mavros http://localhost:43267/
[rosmaster.master][INFO] 2026-06-20 23:12:55,452: +SERVICE [/mavros/log_transfer/raw/log_request_erase] /mavros http://localhost:43267/
[rosmaster.master][INFO] 2026-06-20 23:12:55,452: +PUB [/mavros/mag_calibration/status] /mavros http://localhost:43267/
[rosmaster.master][INFO] 2026-06-20 23:12:55,453: +PUB [/mavros/mag_calibration/report] /mavros http://localhost:43267/
[rosmaster.master][INFO] 2026-06-20 23:12:55,454: +PUB [/mavros/manual_control/control] /mavros http://localhost:43267/
[rosmaster.master][INFO] 2026-06-20 23:12:55,456: +SUB [/mavros/manual_control/send] /mavros http://localhost:43267/
[rosmaster.master][INFO] 2026-06-20 23:12:55,459: +SUB [/mavros/mocap/pose] /mavros http://localhost:43267/
[rosmaster.master][INFO] 2026-06-20 23:12:55,462: +SUB [/mavros/mount_control/command] /mavros http://localhost:43267/
[rosmaster.master][INFO] 2026-06-20 23:12:55,463: +PUB [/mavros/mount_control/orientation] /mavros http://localhost:43267/
[rosmaster.master][INFO] 2026-06-20 23:12:55,463: +PUB [/mavros/mount_control/status] /mavros http://localhost:43267/
[rosmaster.master][INFO] 2026-06-20 23:12:55,463: +SERVICE [/mavros/mount_control/configure] /mavros http://localhost:43267/
[rosmaster.master][INFO] 2026-06-20 23:12:55,468: +PUB [/mavros/nav_controller_output] /mavros http://localhost:43267/
[rosmaster.master][INFO] 2026-06-20 23:12:55,470: +SUB [/mavros/obstacle/send] /mavros http://localhost:43267/
[rosmaster.master][INFO] 2026-06-20 23:12:55,472: +PUB [/mavros/odometry/in] /mavros http://localhost:43267/
[rosmaster.master][INFO] 2026-06-20 23:12:55,474: +SUB [/mavros/odometry/out] /mavros http://localhost:43267/
[rosmaster.master][INFO] 2026-06-20 23:12:55,476: +SUB [/mavros/onboard_computer/status] /mavros http://localhost:43267/
[rosmaster.master][INFO] 2026-06-20 23:12:55,478: +SERVICE [/mavros/param/pull] /mavros http://localhost:43267/
[rosmaster.master][INFO] 2026-06-20 23:12:55,478: +SERVICE [/mavros/param/push] /mavros http://localhost:43267/
[rosmaster.master][INFO] 2026-06-20 23:12:55,479: +SERVICE [/mavros/param/set] /mavros http://localhost:43267/
[rosmaster.master][INFO] 2026-06-20 23:12:55,479: +SERVICE [/mavros/param/get] /mavros http://localhost:43267/
[rosmaster.master][INFO] 2026-06-20 23:12:55,480: +PUB [/mavros/param/param_value] /mavros http://localhost:43267/
[rosmaster.master][INFO] 2026-06-20 23:12:55,482: +SUB [/mavros/play_tune] /mavros http://localhost:43267/
[rosmaster.master][INFO] 2026-06-20 23:12:55,484: +PUB [/mavros/rallypoint/waypoints] /mavros http://localhost:43267/
[rosmaster.master][INFO] 2026-06-20 23:12:55,484: +SERVICE [/mavros/rallypoint/pull] /mavros http://localhost:43267/
[rosmaster.master][INFO] 2026-06-20 23:12:55,484: +SERVICE [/mavros/rallypoint/push] /mavros http://localhost:43267/
[rosmaster.master][INFO] 2026-06-20 23:12:55,485: +SERVICE [/mavros/rallypoint/clear] /mavros http://localhost:43267/
[rosmaster.master][INFO] 2026-06-20 23:12:55,486: +PUB [/mavros/rangefinder/rangefinder] /mavros http://localhost:43267/
[rosmaster.master][INFO] 2026-06-20 23:12:55,487: +PUB [/mavros/rc/in] /mavros http://localhost:43267/
[rosmaster.master][INFO] 2026-06-20 23:12:55,487: +PUB [/mavros/rc/out] /mavros http://localhost:43267/
[rosmaster.master][INFO] 2026-06-20 23:12:55,489: +SUB [/mavros/rc/override] /mavros http://localhost:43267/
[rosmaster.master][INFO] 2026-06-20 23:12:55,492: +SUB [/mavros/setpoint_accel/accel] /mavros http://localhost:43267/
[rosmaster.master][INFO] 2026-06-20 23:12:55,498: +SUB [/mavros/setpoint_attitude/thrust] /mavros http://localhost:43267/
[rosmaster.master][INFO] 2026-06-20 23:12:55,500: +SUB [/mavros/setpoint_attitude/cmd_vel] /mavros http://localhost:43267/
[rosmaster.master][INFO] 2026-06-20 23:12:55,501: publisherUpdate[/mavros/home_position/home] -> http://localhost:43267/ ['http://localhost:43267/']
[rosmaster.master][INFO] 2026-06-20 23:12:55,502: publisherUpdate[/mavros/home_position/home] -> http://localhost:43267/ ['http://localhost:43267/']: sec=0.00, result=[1, '', 0]
[rosmaster.master][INFO] 2026-06-20 23:12:55,503: +CACHEDPARAM [/rosout/omit_topics] by /rosout
[rosmaster.master][INFO] 2026-06-20 23:12:55,509: +SUB [/mavros/setpoint_position/local] /mavros http://localhost:43267/
[rosmaster.master][INFO] 2026-06-20 23:12:55,511: +SUB [/mavros/setpoint_position/global] /mavros http://localhost:43267/
[rosmaster.master][INFO] 2026-06-20 23:12:55,512: +SUB [/mavros/setpoint_position/global_to_local] /mavros http://localhost:43267/
[rosmaster.master][INFO] 2026-06-20 23:12:55,514: +SUB [/mavros/global_position/global] /mavros http://localhost:43267/
[rosmaster.master][INFO] 2026-06-20 23:12:55,516: +SUB [/mavros/local_position/pose] /mavros http://localhost:43267/
[rosmaster.master][INFO] 2026-06-20 23:12:55,517: +SERVICE [/mavros/setpoint_position/mav_frame] /mavros http://localhost:43267/
[rosmaster.master][INFO] 2026-06-20 23:12:55,519: +SUB [/mavros/setpoint_raw/local] /mavros http://localhost:43267/
[rosmaster.master][INFO] 2026-06-20 23:12:55,522: +SUB [/mavros/setpoint_raw/global] /mavros http://localhost:43267/
[rosmaster.master][INFO] 2026-06-20 23:12:55,524: +SUB [/mavros/setpoint_raw/attitude] /mavros http://localhost:43267/
[rosmaster.master][INFO] 2026-06-20 23:12:55,524: +PUB [/mavros/setpoint_raw/target_local] /mavros http://localhost:43267/
[rosmaster.master][INFO] 2026-06-20 23:12:55,525: +PUB [/mavros/setpoint_raw/target_global] /mavros http://localhost:43267/
[rosmaster.master][INFO] 2026-06-20 23:12:55,525: +PUB [/mavros/setpoint_raw/target_attitude] /mavros http://localhost:43267/
[rosmaster.master][INFO] 2026-06-20 23:12:55,528: +SUB [/mavros/setpoint_trajectory/local] /mavros http://localhost:43267/
[rosmaster.master][INFO] 2026-06-20 23:12:55,529: +PUB [/mavros/setpoint_trajectory/desired] /mavros http://localhost:43267/
[rosmaster.master][INFO] 2026-06-20 23:12:55,529: +SERVICE [/mavros/setpoint_trajectory/reset] /mavros http://localhost:43267/
[rosmaster.master][INFO] 2026-06-20 23:12:55,529: +SERVICE [/mavros/setpoint_trajectory/mav_frame] /mavros http://localhost:43267/
[rosmaster.master][INFO] 2026-06-20 23:12:55,532: +SUB [/mavros/setpoint_velocity/cmd_vel] /mavros http://localhost:43267/
[rosmaster.master][INFO] 2026-06-20 23:12:55,534: +SUB [/mavros/setpoint_velocity/cmd_vel_unstamped] /mavros http://localhost:43267/
[rosmaster.master][INFO] 2026-06-20 23:12:55,535: +SERVICE [/mavros/setpoint_velocity/mav_frame] /mavros http://localhost:43267/
[rosmaster.master][INFO] 2026-06-20 23:12:55,540: +PUB [/mavros/state] /mavros http://localhost:43267/
[rosmaster.master][INFO] 2026-06-20 23:12:55,540: +PUB [/mavros/extended_state] /mavros http://localhost:43267/
[rosmaster.master][INFO] 2026-06-20 23:12:55,540: +PUB [/mavros/battery] /mavros http://localhost:43267/
[rosmaster.master][INFO] 2026-06-20 23:12:55,541: +PUB [/mavros/estimator_status] /mavros http://localhost:43267/
[rosmaster.master][INFO] 2026-06-20 23:12:55,541: +PUB [/mavros/statustext/recv] /mavros http://localhost:43267/
[rosmaster.master][INFO] 2026-06-20 23:12:55,542: +PUB [/mavros/sys_status] /mavros http://localhost:43267/
[rosmaster.master][INFO] 2026-06-20 23:12:55,543: +SUB [/mavros/statustext/send] /mavros http://localhost:43267/
[rosmaster.master][INFO] 2026-06-20 23:12:55,544: +SERVICE [/mavros/set_stream_rate] /mavros http://localhost:43267/
[rosmaster.master][INFO] 2026-06-20 23:12:55,544: +SERVICE [/mavros/set_mode] /mavros http://localhost:43267/
[rosmaster.master][INFO] 2026-06-20 23:12:55,545: +SERVICE [/mavros/vehicle_info_get] /mavros http://localhost:43267/
[rosmaster.master][INFO] 2026-06-20 23:12:55,545: +SERVICE [/mavros/set_message_interval] /mavros http://localhost:43267/
[rosmaster.master][INFO] 2026-06-20 23:12:55,552: +PUB [/mavros/time_reference] /mavros http://localhost:43267/
[rosmaster.master][INFO] 2026-06-20 23:12:55,552: +PUB [/mavros/timesync_status] /mavros http://localhost:43267/
[rosmaster.master][INFO] 2026-06-20 23:12:55,553: +PUB [/mavros/terrain/report] /mavros http://localhost:43267/
[rosmaster.master][INFO] 2026-06-20 23:12:55,555: +SUB [/mavros/trajectory/generated] /mavros http://localhost:43267/
[rosmaster.master][INFO] 2026-06-20 23:12:55,557: +SUB [/mavros/trajectory/path] /mavros http://localhost:43267/
[rosmaster.master][INFO] 2026-06-20 23:12:55,558: +PUB [/mavros/trajectory/desired] /mavros http://localhost:43267/
[rosmaster.master][INFO] 2026-06-20 23:12:55,560: +SUB [/mavros/tunnel/in] /mavros http://localhost:43267/
[rosmaster.master][INFO] 2026-06-20 23:12:55,560: +PUB [/mavros/tunnel/out] /mavros http://localhost:43267/
[rosmaster.master][INFO] 2026-06-20 23:12:55,561: +PUB [/mavros/vfr_hud] /mavros http://localhost:43267/
[rosmaster.master][INFO] 2026-06-20 23:12:55,566: +SUB [/mavros/vision_pose/pose] /mavros http://localhost:43267/
[rosmaster.master][INFO] 2026-06-20 23:12:55,568: +SUB [/mavros/vision_pose/pose_cov] /mavros http://localhost:43267/
[rosmaster.master][INFO] 2026-06-20 23:12:55,570: +PUB [/mavros/mission/waypoints] /mavros http://localhost:43267/
[rosmaster.master][INFO] 2026-06-20 23:12:55,570: +SERVICE [/mavros/mission/pull] /mavros http://localhost:43267/
[rosmaster.master][INFO] 2026-06-20 23:12:55,571: +SERVICE [/mavros/mission/push] /mavros http://localhost:43267/
[rosmaster.master][INFO] 2026-06-20 23:12:55,571: +SERVICE [/mavros/mission/clear] /mavros http://localhost:43267/
[rosmaster.master][INFO] 2026-06-20 23:12:55,571: +PUB [/mavros/mission/reached] /mavros http://localhost:43267/
[rosmaster.master][INFO] 2026-06-20 23:12:55,572: +SERVICE [/mavros/mission/set_current] /mavros http://localhost:43267/
[rosmaster.master][INFO] 2026-06-20 23:12:55,573: +PUB [/mavros/wind_estimation] /mavros http://localhost:43267/
[rosmaster.master][INFO] 2026-06-20 23:12:56,576: +PUB [/mavlink/gcs_ip] /mavros http://localhost:43267/
[rosmaster.master][INFO] 2026-06-20 23:13:08,927: +PUB [/rosout] /vertical_ascent_logger1 http://localhost:36141/
[rosmaster.master][INFO] 2026-06-20 23:13:08,930: +SERVICE [/vertical_ascent_logger1/get_loggers] /vertical_ascent_logger1 http://localhost:36141/
[rosmaster.master][INFO] 2026-06-20 23:13:08,931: +SERVICE [/vertical_ascent_logger1/set_logger_level] /vertical_ascent_logger1 http://localhost:36141/
[rosmaster.master][INFO] 2026-06-20 23:13:08,932: +PUB [/mavros/setpoint_raw/local] /vertical_ascent_logger1 http://localhost:36141/
[rosmaster.master][INFO] 2026-06-20 23:13:08,933: publisherUpdate[/rosout] -> http://localhost:46457/ ['http://localhost:43267/', 'http://localhost:36141/']
[rosmaster.master][INFO] 2026-06-20 23:13:08,934: publisherUpdate[/mavros/setpoint_raw/local] -> http://localhost:43267/ ['http://localhost:36141/']
[rosmaster.master][INFO] 2026-06-20 23:13:08,935: +SUB [/mavros/local_position/velocity_body] /vertical_ascent_logger1 http://localhost:36141/
[rosmaster.master][INFO] 2026-06-20 23:13:08,936: publisherUpdate[/mavros/setpoint_raw/local] -> http://localhost:43267/ ['http://localhost:36141/']: sec=0.00, result=[1, '', 0]
[rosmaster.master][INFO] 2026-06-20 23:13:08,937: publisherUpdate[/rosout] -> http://localhost:46457/ ['http://localhost:43267/', 'http://localhost:36141/']: sec=0.00, result=[1, '', 0]
[rosmaster.master][INFO] 2026-06-20 23:13:08,938: +SUB [/mavros/battery] /vertical_ascent_logger1 http://localhost:36141/
[rosmaster.master][INFO] 2026-06-20 23:13:08,939: +SUB [/mavros/local_position/pose] /vertical_ascent_logger1 http://localhost:36141/
[rosmaster.master][INFO] 2026-06-20 23:14:43,390: -SUB [/mavros/local_position/velocity_body] /vertical_ascent_logger1 http://localhost:36141/
[rosmaster.master][INFO] 2026-06-20 23:14:43,391: -SUB [/mavros/battery] /vertical_ascent_logger1 http://localhost:36141/
[rosmaster.master][INFO] 2026-06-20 23:14:43,391: -SUB [/mavros/local_position/pose] /vertical_ascent_logger1 http://localhost:36141/
[rosmaster.master][INFO] 2026-06-20 23:14:43,391: -PUB [/rosout] /vertical_ascent_logger1 http://localhost:36141/
[rosmaster.master][INFO] 2026-06-20 23:14:43,391: -PUB [/mavros/setpoint_raw/local] /vertical_ascent_logger1 http://localhost:36141/
[rosmaster.master][INFO] 2026-06-20 23:14:43,391: -SERVICE [/vertical_ascent_logger1/get_loggers] /vertical_ascent_logger1 rosrpc://localhost:39913
[rosmaster.master][INFO] 2026-06-20 23:14:43,391: -SERVICE [/vertical_ascent_logger1/set_logger_level] /vertical_ascent_logger1 rosrpc://localhost:39913
[rosmaster.master][INFO] 2026-06-20 23:14:43,428: publisherUpdate[/rosout] -> http://localhost:46457/ ['http://localhost:43267/']
[rosmaster.master][INFO] 2026-06-20 23:14:43,429: publisherUpdate[/rosout] -> http://localhost:46457/ ['http://localhost:43267/']: sec=0.00, result=[1, '', 0]
[rosmaster.master][INFO] 2026-06-20 23:14:43,429: publisherUpdate[/mavros/setpoint_raw/local] -> http://localhost:43267/ []
[rosmaster.master][INFO] 2026-06-20 23:14:43,430: publisherUpdate[/mavros/setpoint_raw/local] -> http://localhost:43267/ []: sec=0.00, result=[1, '', 0]
[rosmaster.master][INFO] 2026-06-20 23:19:02,173: -PUB [/rosout_agg] /rosout http://localhost:46457/
[rosmaster.master][INFO] 2026-06-20 23:19:02,174: -SUB [/rosout] /rosout http://localhost:46457/
[rosmaster.master][INFO] 2026-06-20 23:19:02,174: -SERVICE [/rosout/get_loggers] /rosout rosrpc://localhost:33337
[rosmaster.master][INFO] 2026-06-20 23:19:02,175: -SERVICE [/rosout/set_logger_level] /rosout rosrpc://localhost:33337
[rosmaster.master][INFO] 2026-06-20 23:19:02,175: -CACHEDPARAM [/rosout/omit_topics] by /rosout
[rosmaster.main][INFO] 2026-06-20 23:19:02,246: keyboard interrupt, will exit
[rosmaster.main][INFO] 2026-06-20 23:19:02,246: stopping master...
[rospy.core][INFO] 2026-06-20 23:19:02,247: signal_shutdown [atexit]
