[rosmaster.main][INFO] 2026-07-02 17:48:59,944: initialization complete, waiting for shutdown
[rosmaster.main][INFO] 2026-07-02 17:48:59,944: Starting ROS Master Node
[xmlrpc][INFO] 2026-07-02 17:48:59,946: XML-RPC server binding to 127.0.0.1:11311
[xmlrpc][INFO] 2026-07-02 17:48:59,946: Started XML-RPC server [http://localhost:11311/]
[xmlrpc][INFO] 2026-07-02 17:48:59,946: xml rpc node: starting XML-RPC server
[rosmaster.master][INFO] 2026-07-02 17:48:59,946: Master initialized: port[11311], uri[http://localhost:11311/]
[rosmaster.master][INFO] 2026-07-02 17:48:59,967: +PARAM [/run_id] by /roslaunch
[rosmaster.master][INFO] 2026-07-02 17:48:59,968: +PARAM [/roslaunch/uris/host_localhost__33707] by /roslaunch
[rosmaster.master][INFO] 2026-07-02 17:49:00,013: +PARAM [/rosversion] by /roslaunch
[rosmaster.master][INFO] 2026-07-02 17:49:00,013: +PARAM [/rosdistro] by /roslaunch
[rosmaster.master][INFO] 2026-07-02 17:49:00,084: +SERVICE [/rosout/get_loggers] /rosout http://localhost:42311/
[rosmaster.master][INFO] 2026-07-02 17:49:00,085: +SERVICE [/rosout/set_logger_level] /rosout http://localhost:42311/
[rosmaster.master][INFO] 2026-07-02 17:49:00,086: +PUB [/rosout_agg] /rosout http://localhost:42311/
[rosmaster.master][INFO] 2026-07-02 17:49:00,090: +SUB [/rosout] /rosout http://localhost:42311/
[rosmaster.master][INFO] 2026-07-02 17:49:05,029: +PARAM [/roslaunch/uris/host_localhost__38487] by /roslaunch
[rosmaster.master][INFO] 2026-07-02 17:49:05,035: +PARAM [/rosversion] by /roslaunch
[rosmaster.master][INFO] 2026-07-02 17:49:05,035: +PARAM [/rosdistro] by /roslaunch
[rosmaster.master][INFO] 2026-07-02 17:49:05,035: +PARAM [/mavros/plugin_blacklist] by /roslaunch
[rosmaster.master][INFO] 2026-07-02 17:49:05,035: +PARAM [/mavros/plugin_whitelist] by /roslaunch
[rosmaster.master][INFO] 2026-07-02 17:49:05,035: +PARAM [/mavros/startup_px4_usb_quirk] by /roslaunch
[rosmaster.master][INFO] 2026-07-02 17:49:05,035: +PARAM [/mavros/conn/heartbeat_rate] by /roslaunch
[rosmaster.master][INFO] 2026-07-02 17:49:05,035: +PARAM [/mavros/conn/heartbeat_mav_type] by /roslaunch
[rosmaster.master][INFO] 2026-07-02 17:49:05,035: +PARAM [/mavros/conn/timeout] by /roslaunch
[rosmaster.master][INFO] 2026-07-02 17:49:05,036: +PARAM [/mavros/conn/timesync_rate] by /roslaunch
[rosmaster.master][INFO] 2026-07-02 17:49:05,036: +PARAM [/mavros/conn/system_time_rate] by /roslaunch
[rosmaster.master][INFO] 2026-07-02 17:49:05,036: +PARAM [/mavros/sys/min_voltage] by /roslaunch
[rosmaster.master][INFO] 2026-07-02 17:49:05,036: +PARAM [/mavros/sys/disable_diag] by /roslaunch
[rosmaster.master][INFO] 2026-07-02 17:49:05,036: +PARAM [/mavros/time/time_ref_source] by /roslaunch
[rosmaster.master][INFO] 2026-07-02 17:49:05,036: +PARAM [/mavros/time/timesync_mode] by /roslaunch
[rosmaster.master][INFO] 2026-07-02 17:49:05,037: +PARAM [/mavros/time/timesync_avg_alpha] by /roslaunch
[rosmaster.master][INFO] 2026-07-02 17:49:05,037: +PARAM [/mavros/tdr_radio/low_rssi] by /roslaunch
[rosmaster.master][INFO] 2026-07-02 17:49:05,037: +PARAM [/mavros/cmd/use_comp_id_system_control] by /roslaunch
[rosmaster.master][INFO] 2026-07-02 17:49:05,037: +PARAM [/mavros/global_position/frame_id] by /roslaunch
[rosmaster.master][INFO] 2026-07-02 17:49:05,037: +PARAM [/mavros/global_position/child_frame_id] by /roslaunch
[rosmaster.master][INFO] 2026-07-02 17:49:05,037: +PARAM [/mavros/global_position/rot_covariance] by /roslaunch
[rosmaster.master][INFO] 2026-07-02 17:49:05,037: +PARAM [/mavros/global_position/gps_uere] by /roslaunch
[rosmaster.master][INFO] 2026-07-02 17:49:05,037: +PARAM [/mavros/global_position/use_relative_alt] by /roslaunch
[rosmaster.master][INFO] 2026-07-02 17:49:05,037: +PARAM [/mavros/global_position/tf/send] by /roslaunch
[rosmaster.master][INFO] 2026-07-02 17:49:05,037: +PARAM [/mavros/global_position/tf/frame_id] by /roslaunch
[rosmaster.master][INFO] 2026-07-02 17:49:05,037: +PARAM [/mavros/global_position/tf/global_frame_id] by /roslaunch
[rosmaster.master][INFO] 2026-07-02 17:49:05,037: +PARAM [/mavros/global_position/tf/child_frame_id] by /roslaunch
[rosmaster.master][INFO] 2026-07-02 17:49:05,037: +PARAM [/mavros/imu/frame_id] by /roslaunch
[rosmaster.master][INFO] 2026-07-02 17:49:05,037: +PARAM [/mavros/imu/linear_acceleration_stdev] by /roslaunch
[rosmaster.master][INFO] 2026-07-02 17:49:05,037: +PARAM [/mavros/imu/angular_velocity_stdev] by /roslaunch
[rosmaster.master][INFO] 2026-07-02 17:49:05,037: +PARAM [/mavros/imu/orientation_stdev] by /roslaunch
[rosmaster.master][INFO] 2026-07-02 17:49:05,037: +PARAM [/mavros/imu/magnetic_stdev] by /roslaunch
[rosmaster.master][INFO] 2026-07-02 17:49:05,037: +PARAM [/mavros/local_position/frame_id] by /roslaunch
[rosmaster.master][INFO] 2026-07-02 17:49:05,037: +PARAM [/mavros/local_position/tf/send] by /roslaunch
[rosmaster.master][INFO] 2026-07-02 17:49:05,037: +PARAM [/mavros/local_position/tf/frame_id] by /roslaunch
[rosmaster.master][INFO] 2026-07-02 17:49:05,037: +PARAM [/mavros/local_position/tf/child_frame_id] by /roslaunch
[rosmaster.master][INFO] 2026-07-02 17:49:05,037: +PARAM [/mavros/local_position/tf/send_fcu] by /roslaunch
[rosmaster.master][INFO] 2026-07-02 17:49:05,037: +PARAM [/mavros/safety_area/p1/x] by /roslaunch
[rosmaster.master][INFO] 2026-07-02 17:49:05,037: +PARAM [/mavros/safety_area/p1/y] by /roslaunch
[rosmaster.master][INFO] 2026-07-02 17:49:05,037: +PARAM [/mavros/safety_area/p1/z] by /roslaunch
[rosmaster.master][INFO] 2026-07-02 17:49:05,037: +PARAM [/mavros/safety_area/p2/x] by /roslaunch
[rosmaster.master][INFO] 2026-07-02 17:49:05,037: +PARAM [/mavros/safety_area/p2/y] by /roslaunch
[rosmaster.master][INFO] 2026-07-02 17:49:05,037: +PARAM [/mavros/safety_area/p2/z] by /roslaunch
[rosmaster.master][INFO] 2026-07-02 17:49:05,038: +PARAM [/mavros/setpoint_accel/send_force] by /roslaunch
[rosmaster.master][INFO] 2026-07-02 17:49:05,038: +PARAM [/mavros/setpoint_attitude/reverse_thrust] by /roslaunch
[rosmaster.master][INFO] 2026-07-02 17:49:05,038: +PARAM [/mavros/setpoint_attitude/use_quaternion] by /roslaunch
[rosmaster.master][INFO] 2026-07-02 17:49:05,038: +PARAM [/mavros/setpoint_attitude/tf/listen] by /roslaunch
[rosmaster.master][INFO] 2026-07-02 17:49:05,038: +PARAM [/mavros/setpoint_attitude/tf/frame_id] by /roslaunch
[rosmaster.master][INFO] 2026-07-02 17:49:05,038: +PARAM [/mavros/setpoint_attitude/tf/child_frame_id] by /roslaunch
[rosmaster.master][INFO] 2026-07-02 17:49:05,038: +PARAM [/mavros/setpoint_attitude/tf/rate_limit] by /roslaunch
[rosmaster.master][INFO] 2026-07-02 17:49:05,038: +PARAM [/mavros/setpoint_raw/thrust_scaling] by /roslaunch
[rosmaster.master][INFO] 2026-07-02 17:49:05,038: +PARAM [/mavros/setpoint_position/tf/listen] by /roslaunch
[rosmaster.master][INFO] 2026-07-02 17:49:05,038: +PARAM [/mavros/setpoint_position/tf/frame_id] by /roslaunch
[rosmaster.master][INFO] 2026-07-02 17:49:05,038: +PARAM [/mavros/setpoint_position/tf/child_frame_id] by /roslaunch
[rosmaster.master][INFO] 2026-07-02 17:49:05,038: +PARAM [/mavros/setpoint_position/tf/rate_limit] by /roslaunch
[rosmaster.master][INFO] 2026-07-02 17:49:05,038: +PARAM [/mavros/setpoint_position/mav_frame] by /roslaunch
[rosmaster.master][INFO] 2026-07-02 17:49:05,038: +PARAM [/mavros/guided_target/tf/listen] by /roslaunch
[rosmaster.master][INFO] 2026-07-02 17:49:05,038: +PARAM [/mavros/guided_target/tf/frame_id] by /roslaunch
[rosmaster.master][INFO] 2026-07-02 17:49:05,038: +PARAM [/mavros/guided_target/tf/child_frame_id] by /roslaunch
[rosmaster.master][INFO] 2026-07-02 17:49:05,038: +PARAM [/mavros/guided_target/tf/rate_limit] by /roslaunch
[rosmaster.master][INFO] 2026-07-02 17:49:05,038: +PARAM [/mavros/setpoint_velocity/mav_frame] by /roslaunch
[rosmaster.master][INFO] 2026-07-02 17:49:05,038: +PARAM [/mavros/mission/pull_after_gcs] by /roslaunch
[rosmaster.master][INFO] 2026-07-02 17:49:05,038: +PARAM [/mavros/mission/use_mission_item_int] by /roslaunch
[rosmaster.master][INFO] 2026-07-02 17:49:05,038: +PARAM [/mavros/distance_sensor/rangefinder_pub/id] by /roslaunch
[rosmaster.master][INFO] 2026-07-02 17:49:05,038: +PARAM [/mavros/distance_sensor/rangefinder_pub/frame_id] by /roslaunch
[rosmaster.master][INFO] 2026-07-02 17:49:05,038: +PARAM [/mavros/distance_sensor/rangefinder_pub/field_of_view] by /roslaunch
[rosmaster.master][INFO] 2026-07-02 17:49:05,038: +PARAM [/mavros/distance_sensor/rangefinder_pub/send_tf] by /roslaunch
[rosmaster.master][INFO] 2026-07-02 17:49:05,038: +PARAM [/mavros/distance_sensor/rangefinder_pub/sensor_position/x] by /roslaunch
[rosmaster.master][INFO] 2026-07-02 17:49:05,038: +PARAM [/mavros/distance_sensor/rangefinder_pub/sensor_position/y] by /roslaunch
[rosmaster.master][INFO] 2026-07-02 17:49:05,038: +PARAM [/mavros/distance_sensor/rangefinder_pub/sensor_position/z] by /roslaunch
[rosmaster.master][INFO] 2026-07-02 17:49:05,038: +PARAM [/mavros/distance_sensor/rangefinder_sub/subscriber] by /roslaunch
[rosmaster.master][INFO] 2026-07-02 17:49:05,038: +PARAM [/mavros/distance_sensor/rangefinder_sub/id] by /roslaunch
[rosmaster.master][INFO] 2026-07-02 17:49:05,038: +PARAM [/mavros/distance_sensor/rangefinder_sub/orientation] by /roslaunch
[rosmaster.master][INFO] 2026-07-02 17:49:05,038: +PARAM [/mavros/image/frame_id] by /roslaunch
[rosmaster.master][INFO] 2026-07-02 17:49:05,038: +PARAM [/mavros/fake_gps/use_mocap] by /roslaunch
[rosmaster.master][INFO] 2026-07-02 17:49:05,038: +PARAM [/mavros/fake_gps/mocap_transform] by /roslaunch
[rosmaster.master][INFO] 2026-07-02 17:49:05,038: +PARAM [/mavros/fake_gps/mocap_withcovariance] by /roslaunch
[rosmaster.master][INFO] 2026-07-02 17:49:05,038: +PARAM [/mavros/fake_gps/use_vision] by /roslaunch
[rosmaster.master][INFO] 2026-07-02 17:49:05,038: +PARAM [/mavros/fake_gps/use_hil_gps] by /roslaunch
[rosmaster.master][INFO] 2026-07-02 17:49:05,038: +PARAM [/mavros/fake_gps/gps_id] by /roslaunch
[rosmaster.master][INFO] 2026-07-02 17:49:05,039: +PARAM [/mavros/fake_gps/geo_origin/lat] by /roslaunch
[rosmaster.master][INFO] 2026-07-02 17:49:05,039: +PARAM [/mavros/fake_gps/geo_origin/lon] by /roslaunch
[rosmaster.master][INFO] 2026-07-02 17:49:05,039: +PARAM [/mavros/fake_gps/geo_origin/alt] by /roslaunch
[rosmaster.master][INFO] 2026-07-02 17:49:05,039: +PARAM [/mavros/fake_gps/eph] by /roslaunch
[rosmaster.master][INFO] 2026-07-02 17:49:05,039: +PARAM [/mavros/fake_gps/epv] by /roslaunch
[rosmaster.master][INFO] 2026-07-02 17:49:05,039: +PARAM [/mavros/fake_gps/horiz_accuracy] by /roslaunch
[rosmaster.master][INFO] 2026-07-02 17:49:05,039: +PARAM [/mavros/fake_gps/vert_accuracy] by /roslaunch
[rosmaster.master][INFO] 2026-07-02 17:49:05,039: +PARAM [/mavros/fake_gps/speed_accuracy] by /roslaunch
[rosmaster.master][INFO] 2026-07-02 17:49:05,039: +PARAM [/mavros/fake_gps/satellites_visible] by /roslaunch
[rosmaster.master][INFO] 2026-07-02 17:49:05,039: +PARAM [/mavros/fake_gps/fix_type] by /roslaunch
[rosmaster.master][INFO] 2026-07-02 17:49:05,039: +PARAM [/mavros/fake_gps/tf/listen] by /roslaunch
[rosmaster.master][INFO] 2026-07-02 17:49:05,039: +PARAM [/mavros/fake_gps/tf/send] by /roslaunch
[rosmaster.master][INFO] 2026-07-02 17:49:05,039: +PARAM [/mavros/fake_gps/tf/frame_id] by /roslaunch
[rosmaster.master][INFO] 2026-07-02 17:49:05,039: +PARAM [/mavros/fake_gps/tf/child_frame_id] by /roslaunch
[rosmaster.master][INFO] 2026-07-02 17:49:05,039: +PARAM [/mavros/fake_gps/tf/rate_limit] by /roslaunch
[rosmaster.master][INFO] 2026-07-02 17:49:05,039: +PARAM [/mavros/fake_gps/gps_rate] by /roslaunch
[rosmaster.master][INFO] 2026-07-02 17:49:05,039: +PARAM [/mavros/landing_target/listen_lt] by /roslaunch
[rosmaster.master][INFO] 2026-07-02 17:49:05,039: +PARAM [/mavros/landing_target/mav_frame] by /roslaunch
[rosmaster.master][INFO] 2026-07-02 17:49:05,039: +PARAM [/mavros/landing_target/land_target_type] by /roslaunch
[rosmaster.master][INFO] 2026-07-02 17:49:05,039: +PARAM [/mavros/landing_target/image/width] by /roslaunch
[rosmaster.master][INFO] 2026-07-02 17:49:05,039: +PARAM [/mavros/landing_target/image/height] by /roslaunch
[rosmaster.master][INFO] 2026-07-02 17:49:05,039: +PARAM [/mavros/landing_target/camera/fov_x] by /roslaunch
[rosmaster.master][INFO] 2026-07-02 17:49:05,039: +PARAM [/mavros/landing_target/camera/fov_y] by /roslaunch
[rosmaster.master][INFO] 2026-07-02 17:49:05,039: +PARAM [/mavros/landing_target/tf/send] by /roslaunch
[rosmaster.master][INFO] 2026-07-02 17:49:05,039: +PARAM [/mavros/landing_target/tf/listen] by /roslaunch
[rosmaster.master][INFO] 2026-07-02 17:49:05,039: +PARAM [/mavros/landing_target/tf/frame_id] by /roslaunch
[rosmaster.master][INFO] 2026-07-02 17:49:05,039: +PARAM [/mavros/landing_target/tf/child_frame_id] by /roslaunch
[rosmaster.master][INFO] 2026-07-02 17:49:05,039: +PARAM [/mavros/landing_target/tf/rate_limit] by /roslaunch
[rosmaster.master][INFO] 2026-07-02 17:49:05,039: +PARAM [/mavros/landing_target/target_size/x] by /roslaunch
[rosmaster.master][INFO] 2026-07-02 17:49:05,039: +PARAM [/mavros/landing_target/target_size/y] by /roslaunch
[rosmaster.master][INFO] 2026-07-02 17:49:05,039: +PARAM [/mavros/mocap/use_tf] by /roslaunch
[rosmaster.master][INFO] 2026-07-02 17:49:05,039: +PARAM [/mavros/mocap/use_pose] by /roslaunch
[rosmaster.master][INFO] 2026-07-02 17:49:05,039: +PARAM [/mavros/mount/debounce_s] by /roslaunch
[rosmaster.master][INFO] 2026-07-02 17:49:05,039: +PARAM [/mavros/mount/err_threshold_deg] by /roslaunch
[rosmaster.master][INFO] 2026-07-02 17:49:05,039: +PARAM [/mavros/mount/negate_measured_roll] by /roslaunch
[rosmaster.master][INFO] 2026-07-02 17:49:05,039: +PARAM [/mavros/mount/negate_measured_pitch] by /roslaunch
[rosmaster.master][INFO] 2026-07-02 17:49:05,040: +PARAM [/mavros/mount/negate_measured_yaw] by /roslaunch
[rosmaster.master][INFO] 2026-07-02 17:49:05,040: +PARAM [/mavros/odometry/frame_tf/desired_frame] by /roslaunch
[rosmaster.master][INFO] 2026-07-02 17:49:05,040: +PARAM [/mavros/odometry/estimator_type] by /roslaunch
[rosmaster.master][INFO] 2026-07-02 17:49:05,040: +PARAM [/mavros/px4flow/frame_id] by /roslaunch
[rosmaster.master][INFO] 2026-07-02 17:49:05,040: +PARAM [/mavros/px4flow/ranger_fov] by /roslaunch
[rosmaster.master][INFO] 2026-07-02 17:49:05,040: +PARAM [/mavros/px4flow/ranger_min_range] by /roslaunch
[rosmaster.master][INFO] 2026-07-02 17:49:05,040: +PARAM [/mavros/px4flow/ranger_max_range] by /roslaunch
[rosmaster.master][INFO] 2026-07-02 17:49:05,040: +PARAM [/mavros/vision_pose/tf/listen] by /roslaunch
[rosmaster.master][INFO] 2026-07-02 17:49:05,040: +PARAM [/mavros/vision_pose/tf/frame_id] by /roslaunch
[rosmaster.master][INFO] 2026-07-02 17:49:05,040: +PARAM [/mavros/vision_pose/tf/child_frame_id] by /roslaunch
[rosmaster.master][INFO] 2026-07-02 17:49:05,040: +PARAM [/mavros/vision_pose/tf/rate_limit] by /roslaunch
[rosmaster.master][INFO] 2026-07-02 17:49:05,040: +PARAM [/mavros/vision_speed/listen_twist] by /roslaunch
[rosmaster.master][INFO] 2026-07-02 17:49:05,040: +PARAM [/mavros/vision_speed/twist_cov] by /roslaunch
[rosmaster.master][INFO] 2026-07-02 17:49:05,040: +PARAM [/mavros/vibration/frame_id] by /roslaunch
[rosmaster.master][INFO] 2026-07-02 17:49:05,040: +PARAM [/mavros/wheel_odometry/count] by /roslaunch
[rosmaster.master][INFO] 2026-07-02 17:49:05,040: +PARAM [/mavros/wheel_odometry/use_rpm] by /roslaunch
[rosmaster.master][INFO] 2026-07-02 17:49:05,040: +PARAM [/mavros/wheel_odometry/wheel0/x] by /roslaunch
[rosmaster.master][INFO] 2026-07-02 17:49:05,040: +PARAM [/mavros/wheel_odometry/wheel0/y] by /roslaunch
[rosmaster.master][INFO] 2026-07-02 17:49:05,040: +PARAM [/mavros/wheel_odometry/wheel0/radius] by /roslaunch
[rosmaster.master][INFO] 2026-07-02 17:49:05,040: +PARAM [/mavros/wheel_odometry/wheel1/x] by /roslaunch
[rosmaster.master][INFO] 2026-07-02 17:49:05,040: +PARAM [/mavros/wheel_odometry/wheel1/y] by /roslaunch
[rosmaster.master][INFO] 2026-07-02 17:49:05,040: +PARAM [/mavros/wheel_odometry/wheel1/radius] by /roslaunch
[rosmaster.master][INFO] 2026-07-02 17:49:05,040: +PARAM [/mavros/wheel_odometry/send_raw] by /roslaunch
[rosmaster.master][INFO] 2026-07-02 17:49:05,040: +PARAM [/mavros/wheel_odometry/send_twist] by /roslaunch
[rosmaster.master][INFO] 2026-07-02 17:49:05,040: +PARAM [/mavros/wheel_odometry/frame_id] by /roslaunch
[rosmaster.master][INFO] 2026-07-02 17:49:05,040: +PARAM [/mavros/wheel_odometry/child_frame_id] by /roslaunch
[rosmaster.master][INFO] 2026-07-02 17:49:05,040: +PARAM [/mavros/wheel_odometry/vel_error] by /roslaunch
[rosmaster.master][INFO] 2026-07-02 17:49:05,040: +PARAM [/mavros/wheel_odometry/tf/send] by /roslaunch
[rosmaster.master][INFO] 2026-07-02 17:49:05,040: +PARAM [/mavros/wheel_odometry/tf/frame_id] by /roslaunch
[rosmaster.master][INFO] 2026-07-02 17:49:05,040: +PARAM [/mavros/wheel_odometry/tf/child_frame_id] by /roslaunch
[rosmaster.master][INFO] 2026-07-02 17:49:05,040: +PARAM [/mavros/fcu_url] by /roslaunch
[rosmaster.master][INFO] 2026-07-02 17:49:05,040: +PARAM [/mavros/gcs_url] by /roslaunch
[rosmaster.master][INFO] 2026-07-02 17:49:05,040: +PARAM [/mavros/target_system_id] by /roslaunch
[rosmaster.master][INFO] 2026-07-02 17:49:05,040: +PARAM [/mavros/target_component_id] by /roslaunch
[rosmaster.master][INFO] 2026-07-02 17:49:05,040: +PARAM [/mavros/fcu_protocol] by /roslaunch
[rosmaster.master][INFO] 2026-07-02 17:49:05,157: +PUB [/rosout] /mavros http://localhost:37149/
[rosmaster.master][INFO] 2026-07-02 17:49:05,157: +SERVICE [/mavros/get_loggers] /mavros http://localhost:37149/
[rosmaster.master][INFO] 2026-07-02 17:49:05,157: publisherUpdate[/rosout] -> http://localhost:42311/ ['http://localhost:37149/']
[rosmaster.master][INFO] 2026-07-02 17:49:05,158: +SERVICE [/mavros/set_logger_level] /mavros http://localhost:37149/
[rosmaster.master][INFO] 2026-07-02 17:49:05,160: +PUB [/diagnostics] /mavros http://localhost:37149/
[rosmaster.master][INFO] 2026-07-02 17:49:05,161: +CACHEDPARAM [/mavros/diagnostic_period] by /mavros
[rosmaster.master][INFO] 2026-07-02 17:49:05,162: publisherUpdate[/rosout] -> http://localhost:42311/ ['http://localhost:37149/']: sec=0.00, result=[1, '', 0]
[rosmaster.master][INFO] 2026-07-02 17:49:05,174: +SUB [/tf] /mavros http://localhost:37149/
[rosmaster.master][INFO] 2026-07-02 17:49:05,176: +SUB [/tf_static] /mavros http://localhost:37149/
[rosmaster.master][INFO] 2026-07-02 17:49:05,176: +PUB [/tf] /mavros http://localhost:37149/
[rosmaster.master][INFO] 2026-07-02 17:49:05,177: +PUB [/tf_static] /mavros http://localhost:37149/
[rosmaster.master][INFO] 2026-07-02 17:49:05,237: +CACHEDPARAM [/rosout_disable_topics_generation] by /mavros
[rosmaster.master][INFO] 2026-07-02 17:49:05,241: +PUB [/mavlink/from] /mavros http://localhost:37149/
[rosmaster.master][INFO] 2026-07-02 17:49:05,243: +SUB [/mavlink/to] /mavros http://localhost:37149/
[rosmaster.master][INFO] 2026-07-02 17:49:05,258: publisherUpdate[/tf] -> http://localhost:37149/ ['http://localhost:37149/']
[rosmaster.master][INFO] 2026-07-02 17:49:05,259: publisherUpdate[/tf] -> http://localhost:37149/ ['http://localhost:37149/']: sec=0.00, result=[1, '', 0]
[rosmaster.master][INFO] 2026-07-02 17:49:05,259: publisherUpdate[/tf_static] -> http://localhost:37149/ ['http://localhost:37149/']
[rosmaster.master][INFO] 2026-07-02 17:49:05,259: publisherUpdate[/tf_static] -> http://localhost:37149/ ['http://localhost:37149/']: sec=0.00, result=[1, '', 0]
[rosmaster.master][INFO] 2026-07-02 17:49:05,338: +PUB [/mavros/radio_status] /mavros http://localhost:37149/
[rosmaster.master][INFO] 2026-07-02 17:49:05,411: +PUB [/mavros/adsb/vehicle] /mavros http://localhost:37149/
[rosmaster.master][INFO] 2026-07-02 17:49:05,412: +CACHEDPARAM [/rosout/omit_topics] by /rosout
[rosmaster.master][INFO] 2026-07-02 17:49:05,416: +SUB [/mavros/adsb/send] /mavros http://localhost:37149/
[rosmaster.master][INFO] 2026-07-02 17:49:05,418: +PUB [/mavros/cam_imu_sync/cam_imu_stamp] /mavros http://localhost:37149/
[rosmaster.master][INFO] 2026-07-02 17:49:05,419: +PUB [/mavros/camera/image_captured] /mavros http://localhost:37149/
[rosmaster.master][INFO] 2026-07-02 17:49:05,423: +SUB [/mavros/cellular_status/status] /mavros http://localhost:37149/
[rosmaster.master][INFO] 2026-07-02 17:49:05,427: +SERVICE [/mavros/cmd/command] /mavros http://localhost:37149/
[rosmaster.master][INFO] 2026-07-02 17:49:05,428: +SERVICE [/mavros/cmd/command_ack] /mavros http://localhost:37149/
[rosmaster.master][INFO] 2026-07-02 17:49:05,430: +SERVICE [/mavros/cmd/command_int] /mavros http://localhost:37149/
[rosmaster.master][INFO] 2026-07-02 17:49:05,430: +SERVICE [/mavros/cmd/arming] /mavros http://localhost:37149/
[rosmaster.master][INFO] 2026-07-02 17:49:05,431: +SERVICE [/mavros/cmd/set_home] /mavros http://localhost:37149/
[rosmaster.master][INFO] 2026-07-02 17:49:05,432: +SERVICE [/mavros/cmd/takeoff] /mavros http://localhost:37149/
[rosmaster.master][INFO] 2026-07-02 17:49:05,433: +SERVICE [/mavros/cmd/land] /mavros http://localhost:37149/
[rosmaster.master][INFO] 2026-07-02 17:49:05,433: +SERVICE [/mavros/cmd/trigger_control] /mavros http://localhost:37149/
[rosmaster.master][INFO] 2026-07-02 17:49:05,434: +SERVICE [/mavros/cmd/trigger_interval] /mavros http://localhost:37149/
[rosmaster.master][INFO] 2026-07-02 17:49:05,434: +SERVICE [/mavros/cmd/vtol_transition] /mavros http://localhost:37149/
[rosmaster.master][INFO] 2026-07-02 17:49:05,436: +SUB [/mavros/companion_process/status] /mavros http://localhost:37149/
[rosmaster.master][INFO] 2026-07-02 17:49:05,441: +PUB [/mavros/distance_sensor/rangefinder_pub] /mavros http://localhost:37149/
[rosmaster.master][INFO] 2026-07-02 17:49:05,446: +SUB [/mavros/distance_sensor/rangefinder_sub] /mavros http://localhost:37149/
[rosmaster.master][INFO] 2026-07-02 17:49:05,447: +PUB [/mavros/esc_info] /mavros http://localhost:37149/
[rosmaster.master][INFO] 2026-07-02 17:49:05,447: +PUB [/mavros/esc_status] /mavros http://localhost:37149/
[rosmaster.master][INFO] 2026-07-02 17:49:05,448: +PUB [/mavros/esc_telemetry] /mavros http://localhost:37149/
[rosmaster.master][INFO] 2026-07-02 17:49:05,464: +SUB [/mavros/fake_gps/mocap/pose] /mavros http://localhost:37149/
[rosmaster.master][INFO] 2026-07-02 17:49:05,465: +PUB [/mavros/geofence/waypoints] /mavros http://localhost:37149/
[rosmaster.master][INFO] 2026-07-02 17:49:05,466: +SERVICE [/mavros/geofence/pull] /mavros http://localhost:37149/
[rosmaster.master][INFO] 2026-07-02 17:49:05,466: +SERVICE [/mavros/geofence/push] /mavros http://localhost:37149/
[rosmaster.master][INFO] 2026-07-02 17:49:05,467: +SERVICE [/mavros/geofence/clear] /mavros http://localhost:37149/
[rosmaster.master][INFO] 2026-07-02 17:49:05,473: +PUB [/mavros/global_position/raw/fix] /mavros http://localhost:37149/
[rosmaster.master][INFO] 2026-07-02 17:49:05,473: +PUB [/mavros/global_position/raw/gps_vel] /mavros http://localhost:37149/
[rosmaster.master][INFO] 2026-07-02 17:49:05,474: +PUB [/mavros/global_position/raw/satellites] /mavros http://localhost:37149/
[rosmaster.master][INFO] 2026-07-02 17:49:05,474: +PUB [/mavros/global_position/global] /mavros http://localhost:37149/
[rosmaster.master][INFO] 2026-07-02 17:49:05,474: +PUB [/mavros/global_position/local] /mavros http://localhost:37149/
[rosmaster.master][INFO] 2026-07-02 17:49:05,475: +PUB [/mavros/global_position/rel_alt] /mavros http://localhost:37149/
[rosmaster.master][INFO] 2026-07-02 17:49:05,475: +PUB [/mavros/global_position/compass_hdg] /mavros http://localhost:37149/
[rosmaster.master][INFO] 2026-07-02 17:49:05,476: +PUB [/mavros/global_position/gp_origin] /mavros http://localhost:37149/
[rosmaster.master][INFO] 2026-07-02 17:49:05,478: +SUB [/mavros/global_position/set_gp_origin] /mavros http://localhost:37149/
[rosmaster.master][INFO] 2026-07-02 17:49:05,479: +SUB [/mavros/home_position/home] /mavros http://localhost:37149/
[rosmaster.master][INFO] 2026-07-02 17:49:05,480: +PUB [/mavros/global_position/gp_lp_offset] /mavros http://localhost:37149/
[rosmaster.master][INFO] 2026-07-02 17:49:05,482: +SUB [/mavros/gps_input/gps_input] /mavros http://localhost:37149/
[rosmaster.master][INFO] 2026-07-02 17:49:05,485: +SUB [/mavros/gps_rtk/send_rtcm] /mavros http://localhost:37149/
[rosmaster.master][INFO] 2026-07-02 17:49:05,485: +PUB [/mavros/gps_rtk/rtk_baseline] /mavros http://localhost:37149/
[rosmaster.master][INFO] 2026-07-02 17:49:05,486: +PUB [/mavros/gpsstatus/gps1/raw] /mavros http://localhost:37149/
[rosmaster.master][INFO] 2026-07-02 17:49:05,486: +PUB [/mavros/gpsstatus/gps2/raw] /mavros http://localhost:37149/
[rosmaster.master][INFO] 2026-07-02 17:49:05,487: +PUB [/mavros/gpsstatus/gps1/rtk] /mavros http://localhost:37149/
[rosmaster.master][INFO] 2026-07-02 17:49:05,487: +PUB [/mavros/gpsstatus/gps2/rtk] /mavros http://localhost:37149/
[rosmaster.master][INFO] 2026-07-02 17:49:05,490: +PUB [/move_base_simple/goal] /mavros http://localhost:37149/
[rosmaster.master][INFO] 2026-07-02 17:49:05,492: +SUB [/mavros/global_position/gp_origin] /mavros http://localhost:37149/
[rosmaster.master][INFO] 2026-07-02 17:49:05,492: +PUB [/mavros/home_position/home] /mavros http://localhost:37149/
[rosmaster.master][INFO] 2026-07-02 17:49:05,494: +SUB [/mavros/home_position/set] /mavros http://localhost:37149/
[rosmaster.master][INFO] 2026-07-02 17:49:05,495: +SERVICE [/mavros/home_position/req_update] /mavros http://localhost:37149/
[rosmaster.master][INFO] 2026-07-02 17:49:05,500: +PUB [/mavros/imu/data] /mavros http://localhost:37149/
[rosmaster.master][INFO] 2026-07-02 17:49:05,500: +PUB [/mavros/imu/mag] /mavros http://localhost:37149/
[rosmaster.master][INFO] 2026-07-02 17:49:05,500: +PUB [/mavros/imu/temperature_imu] /mavros http://localhost:37149/
[rosmaster.master][INFO] 2026-07-02 17:49:05,501: +PUB [/mavros/imu/temperature_baro] /mavros http://localhost:37149/
[rosmaster.master][INFO] 2026-07-02 17:49:05,501: +PUB [/mavros/imu/static_pressure] /mavros http://localhost:37149/
[rosmaster.master][INFO] 2026-07-02 17:49:05,502: +PUB [/mavros/imu/diff_pressure] /mavros http://localhost:37149/
[rosmaster.master][INFO] 2026-07-02 17:49:05,502: +PUB [/mavros/imu/data_raw] /mavros http://localhost:37149/
[rosmaster.master][INFO] 2026-07-02 17:49:05,512: +PUB [/mavros/landing_target/pose_in] /mavros http://localhost:37149/
[rosmaster.master][INFO] 2026-07-02 17:49:05,513: +PUB [/mavros/landing_target/lt_marker] /mavros http://localhost:37149/
[rosmaster.master][INFO] 2026-07-02 17:49:05,515: +SUB [/mavros/landing_target/pose] /mavros http://localhost:37149/
[rosmaster.master][INFO] 2026-07-02 17:49:05,517: +PUB [/mavros/local_position/pose] /mavros http://localhost:37149/
[rosmaster.master][INFO] 2026-07-02 17:49:05,518: +PUB [/mavros/local_position/pose_cov] /mavros http://localhost:37149/
[rosmaster.master][INFO] 2026-07-02 17:49:05,518: +PUB [/mavros/local_position/velocity_local] /mavros http://localhost:37149/
[rosmaster.master][INFO] 2026-07-02 17:49:05,519: +PUB [/mavros/local_position/velocity_body] /mavros http://localhost:37149/
[rosmaster.master][INFO] 2026-07-02 17:49:05,519: +PUB [/mavros/local_position/velocity_body_cov] /mavros http://localhost:37149/
[rosmaster.master][INFO] 2026-07-02 17:49:05,519: +PUB [/mavros/local_position/accel] /mavros http://localhost:37149/
[rosmaster.master][INFO] 2026-07-02 17:49:05,520: +PUB [/mavros/local_position/odom] /mavros http://localhost:37149/
[rosmaster.master][INFO] 2026-07-02 17:49:05,521: +PUB [/mavros/log_transfer/raw/log_entry] /mavros http://localhost:37149/
[rosmaster.master][INFO] 2026-07-02 17:49:05,522: +PUB [/mavros/log_transfer/raw/log_data] /mavros http://localhost:37149/
[rosmaster.master][INFO] 2026-07-02 17:49:05,522: +SERVICE [/mavros/log_transfer/raw/log_request_list] /mavros http://localhost:37149/
[rosmaster.master][INFO] 2026-07-02 17:49:05,523: +SERVICE [/mavros/log_transfer/raw/log_request_data] /mavros http://localhost:37149/
[rosmaster.master][INFO] 2026-07-02 17:49:05,523: +SERVICE [/mavros/log_transfer/raw/log_request_end] /mavros http://localhost:37149/
[rosmaster.master][INFO] 2026-07-02 17:49:05,523: +SERVICE [/mavros/log_transfer/raw/log_request_erase] /mavros http://localhost:37149/
[rosmaster.master][INFO] 2026-07-02 17:49:05,524: +PUB [/mavros/mag_calibration/status] /mavros http://localhost:37149/
[rosmaster.master][INFO] 2026-07-02 17:49:05,525: +PUB [/mavros/mag_calibration/report] /mavros http://localhost:37149/
[rosmaster.master][INFO] 2026-07-02 17:49:05,525: +PUB [/mavros/manual_control/control] /mavros http://localhost:37149/
[rosmaster.master][INFO] 2026-07-02 17:49:05,527: +SUB [/mavros/manual_control/send] /mavros http://localhost:37149/
[rosmaster.master][INFO] 2026-07-02 17:49:05,531: +SUB [/mavros/mocap/pose] /mavros http://localhost:37149/
[rosmaster.master][INFO] 2026-07-02 17:49:05,534: +SUB [/mavros/mount_control/command] /mavros http://localhost:37149/
[rosmaster.master][INFO] 2026-07-02 17:49:05,534: +PUB [/mavros/mount_control/orientation] /mavros http://localhost:37149/
[rosmaster.master][INFO] 2026-07-02 17:49:05,535: +PUB [/mavros/mount_control/status] /mavros http://localhost:37149/
[rosmaster.master][INFO] 2026-07-02 17:49:05,535: +SERVICE [/mavros/mount_control/configure] /mavros http://localhost:37149/
[rosmaster.master][INFO] 2026-07-02 17:49:05,541: +PUB [/mavros/nav_controller_output] /mavros http://localhost:37149/
[rosmaster.master][INFO] 2026-07-02 17:49:05,543: +SUB [/mavros/obstacle/send] /mavros http://localhost:37149/
[rosmaster.master][INFO] 2026-07-02 17:49:05,544: +PUB [/mavros/odometry/in] /mavros http://localhost:37149/
[rosmaster.master][INFO] 2026-07-02 17:49:05,546: +SUB [/mavros/odometry/out] /mavros http://localhost:37149/
[rosmaster.master][INFO] 2026-07-02 17:49:05,549: +SUB [/mavros/onboard_computer/status] /mavros http://localhost:37149/
[rosmaster.master][INFO] 2026-07-02 17:49:05,550: +SERVICE [/mavros/param/pull] /mavros http://localhost:37149/
[rosmaster.master][INFO] 2026-07-02 17:49:05,550: +SERVICE [/mavros/param/push] /mavros http://localhost:37149/
[rosmaster.master][INFO] 2026-07-02 17:49:05,551: +SERVICE [/mavros/param/set] /mavros http://localhost:37149/
[rosmaster.master][INFO] 2026-07-02 17:49:05,551: +SERVICE [/mavros/param/get] /mavros http://localhost:37149/
[rosmaster.master][INFO] 2026-07-02 17:49:05,551: +PUB [/mavros/param/param_value] /mavros http://localhost:37149/
[rosmaster.master][INFO] 2026-07-02 17:49:05,554: +SUB [/mavros/play_tune] /mavros http://localhost:37149/
[rosmaster.master][INFO] 2026-07-02 17:49:05,555: +PUB [/mavros/rallypoint/waypoints] /mavros http://localhost:37149/
[rosmaster.master][INFO] 2026-07-02 17:49:05,556: +SERVICE [/mavros/rallypoint/pull] /mavros http://localhost:37149/
[rosmaster.master][INFO] 2026-07-02 17:49:05,556: +SERVICE [/mavros/rallypoint/push] /mavros http://localhost:37149/
[rosmaster.master][INFO] 2026-07-02 17:49:05,556: +SERVICE [/mavros/rallypoint/clear] /mavros http://localhost:37149/
[rosmaster.master][INFO] 2026-07-02 17:49:05,557: +PUB [/mavros/rangefinder/rangefinder] /mavros http://localhost:37149/
[rosmaster.master][INFO] 2026-07-02 17:49:05,558: +PUB [/mavros/rc/in] /mavros http://localhost:37149/
[rosmaster.master][INFO] 2026-07-02 17:49:05,558: +PUB [/mavros/rc/out] /mavros http://localhost:37149/
[rosmaster.master][INFO] 2026-07-02 17:49:05,560: publisherUpdate[/mavros/home_position/home] -> http://localhost:37149/ ['http://localhost:37149/']
[rosmaster.master][INFO] 2026-07-02 17:49:05,561: +SUB [/mavros/rc/override] /mavros http://localhost:37149/
[rosmaster.master][INFO] 2026-07-02 17:49:05,561: publisherUpdate[/mavros/home_position/home] -> http://localhost:37149/ ['http://localhost:37149/']: sec=0.00, result=[1, '', 0]
[rosmaster.master][INFO] 2026-07-02 17:49:05,564: +SUB [/mavros/setpoint_accel/accel] /mavros http://localhost:37149/
[rosmaster.master][INFO] 2026-07-02 17:49:05,570: +SUB [/mavros/setpoint_attitude/thrust] /mavros http://localhost:37149/
[rosmaster.master][INFO] 2026-07-02 17:49:05,572: +SUB [/mavros/setpoint_attitude/cmd_vel] /mavros http://localhost:37149/
[rosmaster.master][INFO] 2026-07-02 17:49:05,580: +SUB [/mavros/setpoint_position/local] /mavros http://localhost:37149/
[rosmaster.master][INFO] 2026-07-02 17:49:05,582: +SUB [/mavros/setpoint_position/global] /mavros http://localhost:37149/
[rosmaster.master][INFO] 2026-07-02 17:49:05,584: +SUB [/mavros/setpoint_position/global_to_local] /mavros http://localhost:37149/
[rosmaster.master][INFO] 2026-07-02 17:49:05,586: +SUB [/mavros/global_position/global] /mavros http://localhost:37149/
[rosmaster.master][INFO] 2026-07-02 17:49:05,587: +SUB [/mavros/local_position/pose] /mavros http://localhost:37149/
[rosmaster.master][INFO] 2026-07-02 17:49:05,588: +SERVICE [/mavros/setpoint_position/mav_frame] /mavros http://localhost:37149/
[rosmaster.master][INFO] 2026-07-02 17:49:05,591: +SUB [/mavros/setpoint_raw/local] /mavros http://localhost:37149/
[rosmaster.master][INFO] 2026-07-02 17:49:05,593: +SUB [/mavros/setpoint_raw/global] /mavros http://localhost:37149/
[rosmaster.master][INFO] 2026-07-02 17:49:05,594: +SUB [/mavros/setpoint_raw/attitude] /mavros http://localhost:37149/
[rosmaster.master][INFO] 2026-07-02 17:49:05,595: +PUB [/mavros/setpoint_raw/target_local] /mavros http://localhost:37149/
[rosmaster.master][INFO] 2026-07-02 17:49:05,595: +PUB [/mavros/setpoint_raw/target_global] /mavros http://localhost:37149/
[rosmaster.master][INFO] 2026-07-02 17:49:05,596: +PUB [/mavros/setpoint_raw/target_attitude] /mavros http://localhost:37149/
[rosmaster.master][INFO] 2026-07-02 17:49:05,599: +SUB [/mavros/setpoint_trajectory/local] /mavros http://localhost:37149/
[rosmaster.master][INFO] 2026-07-02 17:49:05,599: +PUB [/mavros/setpoint_trajectory/desired] /mavros http://localhost:37149/
[rosmaster.master][INFO] 2026-07-02 17:49:05,600: +SERVICE [/mavros/setpoint_trajectory/reset] /mavros http://localhost:37149/
[rosmaster.master][INFO] 2026-07-02 17:49:05,600: +SERVICE [/mavros/setpoint_trajectory/mav_frame] /mavros http://localhost:37149/
[rosmaster.master][INFO] 2026-07-02 17:49:05,603: +SUB [/mavros/setpoint_velocity/cmd_vel] /mavros http://localhost:37149/
[rosmaster.master][INFO] 2026-07-02 17:49:05,605: +SUB [/mavros/setpoint_velocity/cmd_vel_unstamped] /mavros http://localhost:37149/
[rosmaster.master][INFO] 2026-07-02 17:49:05,605: +SERVICE [/mavros/setpoint_velocity/mav_frame] /mavros http://localhost:37149/
[rosmaster.master][INFO] 2026-07-02 17:49:05,609: +PUB [/mavros/state] /mavros http://localhost:37149/
[rosmaster.master][INFO] 2026-07-02 17:49:05,609: +PUB [/mavros/extended_state] /mavros http://localhost:37149/
[rosmaster.master][INFO] 2026-07-02 17:49:05,610: +PUB [/mavros/battery] /mavros http://localhost:37149/
[rosmaster.master][INFO] 2026-07-02 17:49:05,610: +PUB [/mavros/estimator_status] /mavros http://localhost:37149/
[rosmaster.master][INFO] 2026-07-02 17:49:05,611: +PUB [/mavros/statustext/recv] /mavros http://localhost:37149/
[rosmaster.master][INFO] 2026-07-02 17:49:05,611: +PUB [/mavros/sys_status] /mavros http://localhost:37149/
[rosmaster.master][INFO] 2026-07-02 17:49:05,613: +SUB [/mavros/statustext/send] /mavros http://localhost:37149/
[rosmaster.master][INFO] 2026-07-02 17:49:05,613: +SERVICE [/mavros/set_stream_rate] /mavros http://localhost:37149/
[rosmaster.master][INFO] 2026-07-02 17:49:05,614: +SERVICE [/mavros/set_mode] /mavros http://localhost:37149/
[rosmaster.master][INFO] 2026-07-02 17:49:05,614: +SERVICE [/mavros/vehicle_info_get] /mavros http://localhost:37149/
[rosmaster.master][INFO] 2026-07-02 17:49:05,615: +SERVICE [/mavros/set_message_interval] /mavros http://localhost:37149/
[rosmaster.master][INFO] 2026-07-02 17:49:05,621: +PUB [/mavros/time_reference] /mavros http://localhost:37149/
[rosmaster.master][INFO] 2026-07-02 17:49:05,621: +PUB [/mavros/timesync_status] /mavros http://localhost:37149/
[rosmaster.master][INFO] 2026-07-02 17:49:05,622: +PUB [/mavros/terrain/report] /mavros http://localhost:37149/
[rosmaster.master][INFO] 2026-07-02 17:49:05,624: +SUB [/mavros/trajectory/generated] /mavros http://localhost:37149/
[rosmaster.master][INFO] 2026-07-02 17:49:05,626: +SUB [/mavros/trajectory/path] /mavros http://localhost:37149/
[rosmaster.master][INFO] 2026-07-02 17:49:05,627: +PUB [/mavros/trajectory/desired] /mavros http://localhost:37149/
[rosmaster.master][INFO] 2026-07-02 17:49:05,629: +SUB [/mavros/tunnel/in] /mavros http://localhost:37149/
[rosmaster.master][INFO] 2026-07-02 17:49:05,629: +PUB [/mavros/tunnel/out] /mavros http://localhost:37149/
[rosmaster.master][INFO] 2026-07-02 17:49:05,630: +PUB [/mavros/vfr_hud] /mavros http://localhost:37149/
[rosmaster.master][INFO] 2026-07-02 17:49:05,634: +SUB [/mavros/vision_pose/pose] /mavros http://localhost:37149/
[rosmaster.master][INFO] 2026-07-02 17:49:05,636: +SUB [/mavros/vision_pose/pose_cov] /mavros http://localhost:37149/
[rosmaster.master][INFO] 2026-07-02 17:49:05,638: +PUB [/mavros/mission/waypoints] /mavros http://localhost:37149/
[rosmaster.master][INFO] 2026-07-02 17:49:05,639: +SERVICE [/mavros/mission/pull] /mavros http://localhost:37149/
[rosmaster.master][INFO] 2026-07-02 17:49:05,639: +SERVICE [/mavros/mission/push] /mavros http://localhost:37149/
[rosmaster.master][INFO] 2026-07-02 17:49:05,639: +SERVICE [/mavros/mission/clear] /mavros http://localhost:37149/
[rosmaster.master][INFO] 2026-07-02 17:49:05,640: +PUB [/mavros/mission/reached] /mavros http://localhost:37149/
[rosmaster.master][INFO] 2026-07-02 17:49:05,640: +SERVICE [/mavros/mission/set_current] /mavros http://localhost:37149/
[rosmaster.master][INFO] 2026-07-02 17:49:05,641: +PUB [/mavros/wind_estimation] /mavros http://localhost:37149/
[rosmaster.master][INFO] 2026-07-02 17:49:06,643: +PUB [/mavlink/gcs_ip] /mavros http://localhost:37149/
[rosmaster.master][INFO] 2026-07-02 17:49:34,691: +PUB [/rosout] /horizontal_flight_logger2 http://localhost:41963/
[rosmaster.master][INFO] 2026-07-02 17:49:34,695: +SERVICE [/horizontal_flight_logger2/get_loggers] /horizontal_flight_logger2 http://localhost:41963/
[rosmaster.master][INFO] 2026-07-02 17:49:34,696: +SERVICE [/horizontal_flight_logger2/set_logger_level] /horizontal_flight_logger2 http://localhost:41963/
[rosmaster.master][INFO] 2026-07-02 17:49:34,697: +PUB [/mavros/setpoint_raw/local] /horizontal_flight_logger2 http://localhost:41963/
[rosmaster.master][INFO] 2026-07-02 17:49:34,699: +SUB [/mavros/local_position/velocity_local] /horizontal_flight_logger2 http://localhost:41963/
[rosmaster.master][INFO] 2026-07-02 17:49:34,701: +SUB [/mavros/battery] /horizontal_flight_logger2 http://localhost:41963/
[rosmaster.master][INFO] 2026-07-02 17:49:34,720: publisherUpdate[/rosout] -> http://localhost:42311/ ['http://localhost:37149/', 'http://localhost:41963/']
[rosmaster.master][INFO] 2026-07-02 17:49:34,720: publisherUpdate[/mavros/setpoint_raw/local] -> http://localhost:37149/ ['http://localhost:41963/']
[rosmaster.master][INFO] 2026-07-02 17:49:34,722: publisherUpdate[/rosout] -> http://localhost:42311/ ['http://localhost:37149/', 'http://localhost:41963/']: sec=0.00, result=[1, '', 0]
[rosmaster.master][INFO] 2026-07-02 17:49:34,722: publisherUpdate[/mavros/setpoint_raw/local] -> http://localhost:37149/ ['http://localhost:41963/']: sec=0.00, result=[1, '', 0]
[rosmaster.master][INFO] 2026-07-02 17:52:49,393: -SUB [/mavros/local_position/velocity_local] /horizontal_flight_logger2 http://localhost:41963/
[rosmaster.master][INFO] 2026-07-02 17:52:49,393: -SUB [/mavros/battery] /horizontal_flight_logger2 http://localhost:41963/
[rosmaster.master][INFO] 2026-07-02 17:52:49,393: -PUB [/rosout] /horizontal_flight_logger2 http://localhost:41963/
[rosmaster.master][INFO] 2026-07-02 17:52:49,393: -PUB [/mavros/setpoint_raw/local] /horizontal_flight_logger2 http://localhost:41963/
[rosmaster.master][INFO] 2026-07-02 17:52:49,393: -SERVICE [/horizontal_flight_logger2/get_loggers] /horizontal_flight_logger2 rosrpc://localhost:34507
[rosmaster.master][INFO] 2026-07-02 17:52:49,393: -SERVICE [/horizontal_flight_logger2/set_logger_level] /horizontal_flight_logger2 rosrpc://localhost:34507
[rosmaster.master][INFO] 2026-07-02 17:52:49,411: publisherUpdate[/rosout] -> http://localhost:42311/ ['http://localhost:37149/']
[rosmaster.master][INFO] 2026-07-02 17:52:49,412: publisherUpdate[/mavros/setpoint_raw/local] -> http://localhost:37149/ []
[rosmaster.master][INFO] 2026-07-02 17:52:49,413: publisherUpdate[/rosout] -> http://localhost:42311/ ['http://localhost:37149/']: sec=0.00, result=[1, '', 0]
[rosmaster.master][INFO] 2026-07-02 17:52:49,413: publisherUpdate[/mavros/setpoint_raw/local] -> http://localhost:37149/ []: sec=0.00, result=[1, '', 0]
[rosmaster.master][INFO] 2026-07-02 17:53:19,480: -PUB [/rosout_agg] /rosout http://localhost:42311/
[rosmaster.master][INFO] 2026-07-02 17:53:19,481: -SUB [/rosout] /rosout http://localhost:42311/
[rosmaster.master][INFO] 2026-07-02 17:53:19,484: -SERVICE [/rosout/get_loggers] /rosout rosrpc://localhost:37209
[rosmaster.master][INFO] 2026-07-02 17:53:19,484: -SERVICE [/rosout/set_logger_level] /rosout rosrpc://localhost:37209
[rosmaster.master][INFO] 2026-07-02 17:53:19,485: -CACHEDPARAM [/rosout/omit_topics] by /rosout
[rosmaster.main][INFO] 2026-07-02 17:53:19,592: keyboard interrupt, will exit
[rosmaster.main][INFO] 2026-07-02 17:53:19,592: stopping master...
[rospy.core][INFO] 2026-07-02 17:53:19,592: signal_shutdown [atexit]
