[rosmaster.main][INFO] 2026-06-20 23:38:35,227: initialization complete, waiting for shutdown
[rosmaster.main][INFO] 2026-06-20 23:38:35,227: Starting ROS Master Node
[xmlrpc][INFO] 2026-06-20 23:38:35,228: XML-RPC server binding to 127.0.0.1:11311
[xmlrpc][INFO] 2026-06-20 23:38:35,228: Started XML-RPC server [http://localhost:11311/]
[xmlrpc][INFO] 2026-06-20 23:38:35,228: xml rpc node: starting XML-RPC server
[rosmaster.master][INFO] 2026-06-20 23:38:35,228: Master initialized: port[11311], uri[http://localhost:11311/]
[rosmaster.master][INFO] 2026-06-20 23:38:35,244: +PARAM [/run_id] by /roslaunch
[rosmaster.master][INFO] 2026-06-20 23:38:35,246: +PARAM [/roslaunch/uris/host_localhost__45817] by /roslaunch
[rosmaster.master][INFO] 2026-06-20 23:38:35,286: +PARAM [/rosversion] by /roslaunch
[rosmaster.master][INFO] 2026-06-20 23:38:35,286: +PARAM [/rosdistro] by /roslaunch
[rosmaster.master][INFO] 2026-06-20 23:38:35,367: +SERVICE [/rosout/get_loggers] /rosout http://localhost:40341/
[rosmaster.master][INFO] 2026-06-20 23:38:35,367: +SERVICE [/rosout/set_logger_level] /rosout http://localhost:40341/
[rosmaster.master][INFO] 2026-06-20 23:38:35,368: +PUB [/rosout_agg] /rosout http://localhost:40341/
[rosmaster.master][INFO] 2026-06-20 23:38:35,370: +SUB [/rosout] /rosout http://localhost:40341/
[rosmaster.master][INFO] 2026-06-20 23:38:41,285: +PARAM [/roslaunch/uris/host_localhost__45197] by /roslaunch
[rosmaster.master][INFO] 2026-06-20 23:38:41,291: +PARAM [/rosversion] by /roslaunch
[rosmaster.master][INFO] 2026-06-20 23:38:41,291: +PARAM [/rosdistro] by /roslaunch
[rosmaster.master][INFO] 2026-06-20 23:38:41,291: +PARAM [/mavros/plugin_blacklist] by /roslaunch
[rosmaster.master][INFO] 2026-06-20 23:38:41,291: +PARAM [/mavros/plugin_whitelist] by /roslaunch
[rosmaster.master][INFO] 2026-06-20 23:38:41,291: +PARAM [/mavros/startup_px4_usb_quirk] by /roslaunch
[rosmaster.master][INFO] 2026-06-20 23:38:41,291: +PARAM [/mavros/conn/heartbeat_rate] by /roslaunch
[rosmaster.master][INFO] 2026-06-20 23:38:41,291: +PARAM [/mavros/conn/heartbeat_mav_type] by /roslaunch
[rosmaster.master][INFO] 2026-06-20 23:38:41,291: +PARAM [/mavros/conn/timeout] by /roslaunch
[rosmaster.master][INFO] 2026-06-20 23:38:41,291: +PARAM [/mavros/conn/timesync_rate] by /roslaunch
[rosmaster.master][INFO] 2026-06-20 23:38:41,291: +PARAM [/mavros/conn/system_time_rate] by /roslaunch
[rosmaster.master][INFO] 2026-06-20 23:38:41,291: +PARAM [/mavros/sys/min_voltage] by /roslaunch
[rosmaster.master][INFO] 2026-06-20 23:38:41,291: +PARAM [/mavros/sys/disable_diag] by /roslaunch
[rosmaster.master][INFO] 2026-06-20 23:38:41,291: +PARAM [/mavros/time/time_ref_source] by /roslaunch
[rosmaster.master][INFO] 2026-06-20 23:38:41,292: +PARAM [/mavros/time/timesync_mode] by /roslaunch
[rosmaster.master][INFO] 2026-06-20 23:38:41,292: +PARAM [/mavros/time/timesync_avg_alpha] by /roslaunch
[rosmaster.master][INFO] 2026-06-20 23:38:41,293: +PARAM [/mavros/tdr_radio/low_rssi] by /roslaunch
[rosmaster.master][INFO] 2026-06-20 23:38:41,293: +PARAM [/mavros/cmd/use_comp_id_system_control] by /roslaunch
[rosmaster.master][INFO] 2026-06-20 23:38:41,293: +PARAM [/mavros/global_position/frame_id] by /roslaunch
[rosmaster.master][INFO] 2026-06-20 23:38:41,293: +PARAM [/mavros/global_position/child_frame_id] by /roslaunch
[rosmaster.master][INFO] 2026-06-20 23:38:41,293: +PARAM [/mavros/global_position/rot_covariance] by /roslaunch
[rosmaster.master][INFO] 2026-06-20 23:38:41,293: +PARAM [/mavros/global_position/gps_uere] by /roslaunch
[rosmaster.master][INFO] 2026-06-20 23:38:41,293: +PARAM [/mavros/global_position/use_relative_alt] by /roslaunch
[rosmaster.master][INFO] 2026-06-20 23:38:41,293: +PARAM [/mavros/global_position/tf/send] by /roslaunch
[rosmaster.master][INFO] 2026-06-20 23:38:41,293: +PARAM [/mavros/global_position/tf/frame_id] by /roslaunch
[rosmaster.master][INFO] 2026-06-20 23:38:41,293: +PARAM [/mavros/global_position/tf/global_frame_id] by /roslaunch
[rosmaster.master][INFO] 2026-06-20 23:38:41,293: +PARAM [/mavros/global_position/tf/child_frame_id] by /roslaunch
[rosmaster.master][INFO] 2026-06-20 23:38:41,293: +PARAM [/mavros/imu/frame_id] by /roslaunch
[rosmaster.master][INFO] 2026-06-20 23:38:41,293: +PARAM [/mavros/imu/linear_acceleration_stdev] by /roslaunch
[rosmaster.master][INFO] 2026-06-20 23:38:41,293: +PARAM [/mavros/imu/angular_velocity_stdev] by /roslaunch
[rosmaster.master][INFO] 2026-06-20 23:38:41,293: +PARAM [/mavros/imu/orientation_stdev] by /roslaunch
[rosmaster.master][INFO] 2026-06-20 23:38:41,293: +PARAM [/mavros/imu/magnetic_stdev] by /roslaunch
[rosmaster.master][INFO] 2026-06-20 23:38:41,293: +PARAM [/mavros/local_position/frame_id] by /roslaunch
[rosmaster.master][INFO] 2026-06-20 23:38:41,293: +PARAM [/mavros/local_position/tf/send] by /roslaunch
[rosmaster.master][INFO] 2026-06-20 23:38:41,293: +PARAM [/mavros/local_position/tf/frame_id] by /roslaunch
[rosmaster.master][INFO] 2026-06-20 23:38:41,293: +PARAM [/mavros/local_position/tf/child_frame_id] by /roslaunch
[rosmaster.master][INFO] 2026-06-20 23:38:41,293: +PARAM [/mavros/local_position/tf/send_fcu] by /roslaunch
[rosmaster.master][INFO] 2026-06-20 23:38:41,293: +PARAM [/mavros/safety_area/p1/x] by /roslaunch
[rosmaster.master][INFO] 2026-06-20 23:38:41,294: +PARAM [/mavros/safety_area/p1/y] by /roslaunch
[rosmaster.master][INFO] 2026-06-20 23:38:41,294: +PARAM [/mavros/safety_area/p1/z] by /roslaunch
[rosmaster.master][INFO] 2026-06-20 23:38:41,294: +PARAM [/mavros/safety_area/p2/x] by /roslaunch
[rosmaster.master][INFO] 2026-06-20 23:38:41,294: +PARAM [/mavros/safety_area/p2/y] by /roslaunch
[rosmaster.master][INFO] 2026-06-20 23:38:41,294: +PARAM [/mavros/safety_area/p2/z] by /roslaunch
[rosmaster.master][INFO] 2026-06-20 23:38:41,294: +PARAM [/mavros/setpoint_accel/send_force] by /roslaunch
[rosmaster.master][INFO] 2026-06-20 23:38:41,294: +PARAM [/mavros/setpoint_attitude/reverse_thrust] by /roslaunch
[rosmaster.master][INFO] 2026-06-20 23:38:41,294: +PARAM [/mavros/setpoint_attitude/use_quaternion] by /roslaunch
[rosmaster.master][INFO] 2026-06-20 23:38:41,294: +PARAM [/mavros/setpoint_attitude/tf/listen] by /roslaunch
[rosmaster.master][INFO] 2026-06-20 23:38:41,294: +PARAM [/mavros/setpoint_attitude/tf/frame_id] by /roslaunch
[rosmaster.master][INFO] 2026-06-20 23:38:41,294: +PARAM [/mavros/setpoint_attitude/tf/child_frame_id] by /roslaunch
[rosmaster.master][INFO] 2026-06-20 23:38:41,294: +PARAM [/mavros/setpoint_attitude/tf/rate_limit] by /roslaunch
[rosmaster.master][INFO] 2026-06-20 23:38:41,294: +PARAM [/mavros/setpoint_raw/thrust_scaling] by /roslaunch
[rosmaster.master][INFO] 2026-06-20 23:38:41,294: +PARAM [/mavros/setpoint_position/tf/listen] by /roslaunch
[rosmaster.master][INFO] 2026-06-20 23:38:41,294: +PARAM [/mavros/setpoint_position/tf/frame_id] by /roslaunch
[rosmaster.master][INFO] 2026-06-20 23:38:41,294: +PARAM [/mavros/setpoint_position/tf/child_frame_id] by /roslaunch
[rosmaster.master][INFO] 2026-06-20 23:38:41,294: +PARAM [/mavros/setpoint_position/tf/rate_limit] by /roslaunch
[rosmaster.master][INFO] 2026-06-20 23:38:41,294: +PARAM [/mavros/setpoint_position/mav_frame] by /roslaunch
[rosmaster.master][INFO] 2026-06-20 23:38:41,294: +PARAM [/mavros/guided_target/tf/listen] by /roslaunch
[rosmaster.master][INFO] 2026-06-20 23:38:41,294: +PARAM [/mavros/guided_target/tf/frame_id] by /roslaunch
[rosmaster.master][INFO] 2026-06-20 23:38:41,294: +PARAM [/mavros/guided_target/tf/child_frame_id] by /roslaunch
[rosmaster.master][INFO] 2026-06-20 23:38:41,294: +PARAM [/mavros/guided_target/tf/rate_limit] by /roslaunch
[rosmaster.master][INFO] 2026-06-20 23:38:41,294: +PARAM [/mavros/setpoint_velocity/mav_frame] by /roslaunch
[rosmaster.master][INFO] 2026-06-20 23:38:41,294: +PARAM [/mavros/mission/pull_after_gcs] by /roslaunch
[rosmaster.master][INFO] 2026-06-20 23:38:41,294: +PARAM [/mavros/mission/use_mission_item_int] by /roslaunch
[rosmaster.master][INFO] 2026-06-20 23:38:41,294: +PARAM [/mavros/distance_sensor/rangefinder_pub/id] by /roslaunch
[rosmaster.master][INFO] 2026-06-20 23:38:41,294: +PARAM [/mavros/distance_sensor/rangefinder_pub/frame_id] by /roslaunch
[rosmaster.master][INFO] 2026-06-20 23:38:41,294: +PARAM [/mavros/distance_sensor/rangefinder_pub/field_of_view] by /roslaunch
[rosmaster.master][INFO] 2026-06-20 23:38:41,294: +PARAM [/mavros/distance_sensor/rangefinder_pub/send_tf] by /roslaunch
[rosmaster.master][INFO] 2026-06-20 23:38:41,294: +PARAM [/mavros/distance_sensor/rangefinder_pub/sensor_position/x] by /roslaunch
[rosmaster.master][INFO] 2026-06-20 23:38:41,294: +PARAM [/mavros/distance_sensor/rangefinder_pub/sensor_position/y] by /roslaunch
[rosmaster.master][INFO] 2026-06-20 23:38:41,294: +PARAM [/mavros/distance_sensor/rangefinder_pub/sensor_position/z] by /roslaunch
[rosmaster.master][INFO] 2026-06-20 23:38:41,295: +PARAM [/mavros/distance_sensor/rangefinder_sub/subscriber] by /roslaunch
[rosmaster.master][INFO] 2026-06-20 23:38:41,295: +PARAM [/mavros/distance_sensor/rangefinder_sub/id] by /roslaunch
[rosmaster.master][INFO] 2026-06-20 23:38:41,295: +PARAM [/mavros/distance_sensor/rangefinder_sub/orientation] by /roslaunch
[rosmaster.master][INFO] 2026-06-20 23:38:41,295: +PARAM [/mavros/image/frame_id] by /roslaunch
[rosmaster.master][INFO] 2026-06-20 23:38:41,295: +PARAM [/mavros/fake_gps/use_mocap] by /roslaunch
[rosmaster.master][INFO] 2026-06-20 23:38:41,295: +PARAM [/mavros/fake_gps/mocap_transform] by /roslaunch
[rosmaster.master][INFO] 2026-06-20 23:38:41,295: +PARAM [/mavros/fake_gps/mocap_withcovariance] by /roslaunch
[rosmaster.master][INFO] 2026-06-20 23:38:41,295: +PARAM [/mavros/fake_gps/use_vision] by /roslaunch
[rosmaster.master][INFO] 2026-06-20 23:38:41,295: +PARAM [/mavros/fake_gps/use_hil_gps] by /roslaunch
[rosmaster.master][INFO] 2026-06-20 23:38:41,295: +PARAM [/mavros/fake_gps/gps_id] by /roslaunch
[rosmaster.master][INFO] 2026-06-20 23:38:41,295: +PARAM [/mavros/fake_gps/geo_origin/lat] by /roslaunch
[rosmaster.master][INFO] 2026-06-20 23:38:41,295: +PARAM [/mavros/fake_gps/geo_origin/lon] by /roslaunch
[rosmaster.master][INFO] 2026-06-20 23:38:41,295: +PARAM [/mavros/fake_gps/geo_origin/alt] by /roslaunch
[rosmaster.master][INFO] 2026-06-20 23:38:41,295: +PARAM [/mavros/fake_gps/eph] by /roslaunch
[rosmaster.master][INFO] 2026-06-20 23:38:41,295: +PARAM [/mavros/fake_gps/epv] by /roslaunch
[rosmaster.master][INFO] 2026-06-20 23:38:41,295: +PARAM [/mavros/fake_gps/horiz_accuracy] by /roslaunch
[rosmaster.master][INFO] 2026-06-20 23:38:41,295: +PARAM [/mavros/fake_gps/vert_accuracy] by /roslaunch
[rosmaster.master][INFO] 2026-06-20 23:38:41,295: +PARAM [/mavros/fake_gps/speed_accuracy] by /roslaunch
[rosmaster.master][INFO] 2026-06-20 23:38:41,295: +PARAM [/mavros/fake_gps/satellites_visible] by /roslaunch
[rosmaster.master][INFO] 2026-06-20 23:38:41,295: +PARAM [/mavros/fake_gps/fix_type] by /roslaunch
[rosmaster.master][INFO] 2026-06-20 23:38:41,295: +PARAM [/mavros/fake_gps/tf/listen] by /roslaunch
[rosmaster.master][INFO] 2026-06-20 23:38:41,295: +PARAM [/mavros/fake_gps/tf/send] by /roslaunch
[rosmaster.master][INFO] 2026-06-20 23:38:41,295: +PARAM [/mavros/fake_gps/tf/frame_id] by /roslaunch
[rosmaster.master][INFO] 2026-06-20 23:38:41,295: +PARAM [/mavros/fake_gps/tf/child_frame_id] by /roslaunch
[rosmaster.master][INFO] 2026-06-20 23:38:41,295: +PARAM [/mavros/fake_gps/tf/rate_limit] by /roslaunch
[rosmaster.master][INFO] 2026-06-20 23:38:41,295: +PARAM [/mavros/fake_gps/gps_rate] by /roslaunch
[rosmaster.master][INFO] 2026-06-20 23:38:41,295: +PARAM [/mavros/landing_target/listen_lt] by /roslaunch
[rosmaster.master][INFO] 2026-06-20 23:38:41,295: +PARAM [/mavros/landing_target/mav_frame] by /roslaunch
[rosmaster.master][INFO] 2026-06-20 23:38:41,295: +PARAM [/mavros/landing_target/land_target_type] by /roslaunch
[rosmaster.master][INFO] 2026-06-20 23:38:41,295: +PARAM [/mavros/landing_target/image/width] by /roslaunch
[rosmaster.master][INFO] 2026-06-20 23:38:41,296: +PARAM [/mavros/landing_target/image/height] by /roslaunch
[rosmaster.master][INFO] 2026-06-20 23:38:41,296: +PARAM [/mavros/landing_target/camera/fov_x] by /roslaunch
[rosmaster.master][INFO] 2026-06-20 23:38:41,296: +PARAM [/mavros/landing_target/camera/fov_y] by /roslaunch
[rosmaster.master][INFO] 2026-06-20 23:38:41,296: +PARAM [/mavros/landing_target/tf/send] by /roslaunch
[rosmaster.master][INFO] 2026-06-20 23:38:41,296: +PARAM [/mavros/landing_target/tf/listen] by /roslaunch
[rosmaster.master][INFO] 2026-06-20 23:38:41,296: +PARAM [/mavros/landing_target/tf/frame_id] by /roslaunch
[rosmaster.master][INFO] 2026-06-20 23:38:41,296: +PARAM [/mavros/landing_target/tf/child_frame_id] by /roslaunch
[rosmaster.master][INFO] 2026-06-20 23:38:41,296: +PARAM [/mavros/landing_target/tf/rate_limit] by /roslaunch
[rosmaster.master][INFO] 2026-06-20 23:38:41,296: +PARAM [/mavros/landing_target/target_size/x] by /roslaunch
[rosmaster.master][INFO] 2026-06-20 23:38:41,296: +PARAM [/mavros/landing_target/target_size/y] by /roslaunch
[rosmaster.master][INFO] 2026-06-20 23:38:41,296: +PARAM [/mavros/mocap/use_tf] by /roslaunch
[rosmaster.master][INFO] 2026-06-20 23:38:41,296: +PARAM [/mavros/mocap/use_pose] by /roslaunch
[rosmaster.master][INFO] 2026-06-20 23:38:41,296: +PARAM [/mavros/mount/debounce_s] by /roslaunch
[rosmaster.master][INFO] 2026-06-20 23:38:41,296: +PARAM [/mavros/mount/err_threshold_deg] by /roslaunch
[rosmaster.master][INFO] 2026-06-20 23:38:41,296: +PARAM [/mavros/mount/negate_measured_roll] by /roslaunch
[rosmaster.master][INFO] 2026-06-20 23:38:41,296: +PARAM [/mavros/mount/negate_measured_pitch] by /roslaunch
[rosmaster.master][INFO] 2026-06-20 23:38:41,296: +PARAM [/mavros/mount/negate_measured_yaw] by /roslaunch
[rosmaster.master][INFO] 2026-06-20 23:38:41,296: +PARAM [/mavros/odometry/frame_tf/desired_frame] by /roslaunch
[rosmaster.master][INFO] 2026-06-20 23:38:41,296: +PARAM [/mavros/odometry/estimator_type] by /roslaunch
[rosmaster.master][INFO] 2026-06-20 23:38:41,296: +PARAM [/mavros/px4flow/frame_id] by /roslaunch
[rosmaster.master][INFO] 2026-06-20 23:38:41,296: +PARAM [/mavros/px4flow/ranger_fov] by /roslaunch
[rosmaster.master][INFO] 2026-06-20 23:38:41,296: +PARAM [/mavros/px4flow/ranger_min_range] by /roslaunch
[rosmaster.master][INFO] 2026-06-20 23:38:41,296: +PARAM [/mavros/px4flow/ranger_max_range] by /roslaunch
[rosmaster.master][INFO] 2026-06-20 23:38:41,296: +PARAM [/mavros/vision_pose/tf/listen] by /roslaunch
[rosmaster.master][INFO] 2026-06-20 23:38:41,296: +PARAM [/mavros/vision_pose/tf/frame_id] by /roslaunch
[rosmaster.master][INFO] 2026-06-20 23:38:41,296: +PARAM [/mavros/vision_pose/tf/child_frame_id] by /roslaunch
[rosmaster.master][INFO] 2026-06-20 23:38:41,296: +PARAM [/mavros/vision_pose/tf/rate_limit] by /roslaunch
[rosmaster.master][INFO] 2026-06-20 23:38:41,296: +PARAM [/mavros/vision_speed/listen_twist] by /roslaunch
[rosmaster.master][INFO] 2026-06-20 23:38:41,296: +PARAM [/mavros/vision_speed/twist_cov] by /roslaunch
[rosmaster.master][INFO] 2026-06-20 23:38:41,296: +PARAM [/mavros/vibration/frame_id] by /roslaunch
[rosmaster.master][INFO] 2026-06-20 23:38:41,296: +PARAM [/mavros/wheel_odometry/count] by /roslaunch
[rosmaster.master][INFO] 2026-06-20 23:38:41,296: +PARAM [/mavros/wheel_odometry/use_rpm] by /roslaunch
[rosmaster.master][INFO] 2026-06-20 23:38:41,297: +PARAM [/mavros/wheel_odometry/wheel0/x] by /roslaunch
[rosmaster.master][INFO] 2026-06-20 23:38:41,297: +PARAM [/mavros/wheel_odometry/wheel0/y] by /roslaunch
[rosmaster.master][INFO] 2026-06-20 23:38:41,297: +PARAM [/mavros/wheel_odometry/wheel0/radius] by /roslaunch
[rosmaster.master][INFO] 2026-06-20 23:38:41,297: +PARAM [/mavros/wheel_odometry/wheel1/x] by /roslaunch
[rosmaster.master][INFO] 2026-06-20 23:38:41,298: +PARAM [/mavros/wheel_odometry/wheel1/y] by /roslaunch
[rosmaster.master][INFO] 2026-06-20 23:38:41,298: +PARAM [/mavros/wheel_odometry/wheel1/radius] by /roslaunch
[rosmaster.master][INFO] 2026-06-20 23:38:41,298: +PARAM [/mavros/wheel_odometry/send_raw] by /roslaunch
[rosmaster.master][INFO] 2026-06-20 23:38:41,298: +PARAM [/mavros/wheel_odometry/send_twist] by /roslaunch
[rosmaster.master][INFO] 2026-06-20 23:38:41,298: +PARAM [/mavros/wheel_odometry/frame_id] by /roslaunch
[rosmaster.master][INFO] 2026-06-20 23:38:41,298: +PARAM [/mavros/wheel_odometry/child_frame_id] by /roslaunch
[rosmaster.master][INFO] 2026-06-20 23:38:41,298: +PARAM [/mavros/wheel_odometry/vel_error] by /roslaunch
[rosmaster.master][INFO] 2026-06-20 23:38:41,298: +PARAM [/mavros/wheel_odometry/tf/send] by /roslaunch
[rosmaster.master][INFO] 2026-06-20 23:38:41,298: +PARAM [/mavros/wheel_odometry/tf/frame_id] by /roslaunch
[rosmaster.master][INFO] 2026-06-20 23:38:41,298: +PARAM [/mavros/wheel_odometry/tf/child_frame_id] by /roslaunch
[rosmaster.master][INFO] 2026-06-20 23:38:41,298: +PARAM [/mavros/fcu_url] by /roslaunch
[rosmaster.master][INFO] 2026-06-20 23:38:41,298: +PARAM [/mavros/gcs_url] by /roslaunch
[rosmaster.master][INFO] 2026-06-20 23:38:41,298: +PARAM [/mavros/target_system_id] by /roslaunch
[rosmaster.master][INFO] 2026-06-20 23:38:41,298: +PARAM [/mavros/target_component_id] by /roslaunch
[rosmaster.master][INFO] 2026-06-20 23:38:41,299: +PARAM [/mavros/fcu_protocol] by /roslaunch
[rosmaster.master][INFO] 2026-06-20 23:38:41,416: +PUB [/rosout] /mavros http://localhost:35891/
[rosmaster.master][INFO] 2026-06-20 23:38:41,417: +SERVICE [/mavros/get_loggers] /mavros http://localhost:35891/
[rosmaster.master][INFO] 2026-06-20 23:38:41,417: +SERVICE [/mavros/set_logger_level] /mavros http://localhost:35891/
[rosmaster.master][INFO] 2026-06-20 23:38:41,418: +PUB [/diagnostics] /mavros http://localhost:35891/
[rosmaster.master][INFO] 2026-06-20 23:38:41,419: +CACHEDPARAM [/mavros/diagnostic_period] by /mavros
[rosmaster.master][INFO] 2026-06-20 23:38:41,422: publisherUpdate[/rosout] -> http://localhost:40341/ ['http://localhost:35891/']
[rosmaster.master][INFO] 2026-06-20 23:38:41,424: publisherUpdate[/rosout] -> http://localhost:40341/ ['http://localhost:35891/']: sec=0.00, result=[1, '', 0]
[rosmaster.master][INFO] 2026-06-20 23:38:41,432: +SUB [/tf] /mavros http://localhost:35891/
[rosmaster.master][INFO] 2026-06-20 23:38:41,434: +SUB [/tf_static] /mavros http://localhost:35891/
[rosmaster.master][INFO] 2026-06-20 23:38:41,435: +PUB [/tf] /mavros http://localhost:35891/
[rosmaster.master][INFO] 2026-06-20 23:38:41,436: +PUB [/tf_static] /mavros http://localhost:35891/
[rosmaster.master][INFO] 2026-06-20 23:38:41,499: +CACHEDPARAM [/rosout_disable_topics_generation] by /mavros
[rosmaster.master][INFO] 2026-06-20 23:38:41,503: +PUB [/mavlink/from] /mavros http://localhost:35891/
[rosmaster.master][INFO] 2026-06-20 23:38:41,505: +SUB [/mavlink/to] /mavros http://localhost:35891/
[rosmaster.master][INFO] 2026-06-20 23:38:41,522: publisherUpdate[/tf] -> http://localhost:35891/ ['http://localhost:35891/']
[rosmaster.master][INFO] 2026-06-20 23:38:41,523: publisherUpdate[/tf] -> http://localhost:35891/ ['http://localhost:35891/']: sec=0.00, result=[1, '', 0]
[rosmaster.master][INFO] 2026-06-20 23:38:41,523: publisherUpdate[/tf_static] -> http://localhost:35891/ ['http://localhost:35891/']
[rosmaster.master][INFO] 2026-06-20 23:38:41,524: publisherUpdate[/tf_static] -> http://localhost:35891/ ['http://localhost:35891/']: sec=0.00, result=[1, '', 0]
[rosmaster.master][INFO] 2026-06-20 23:38:41,609: +PUB [/mavros/radio_status] /mavros http://localhost:35891/
[rosmaster.master][INFO] 2026-06-20 23:38:41,664: +PUB [/mavros/adsb/vehicle] /mavros http://localhost:35891/
[rosmaster.master][INFO] 2026-06-20 23:38:41,665: +CACHEDPARAM [/rosout/omit_topics] by /rosout
[rosmaster.master][INFO] 2026-06-20 23:38:41,667: +SUB [/mavros/adsb/send] /mavros http://localhost:35891/
[rosmaster.master][INFO] 2026-06-20 23:38:41,668: +PUB [/mavros/cam_imu_sync/cam_imu_stamp] /mavros http://localhost:35891/
[rosmaster.master][INFO] 2026-06-20 23:38:41,669: +PUB [/mavros/camera/image_captured] /mavros http://localhost:35891/
[rosmaster.master][INFO] 2026-06-20 23:38:41,672: +SUB [/mavros/cellular_status/status] /mavros http://localhost:35891/
[rosmaster.master][INFO] 2026-06-20 23:38:41,674: +SERVICE [/mavros/cmd/command] /mavros http://localhost:35891/
[rosmaster.master][INFO] 2026-06-20 23:38:41,674: +SERVICE [/mavros/cmd/command_ack] /mavros http://localhost:35891/
[rosmaster.master][INFO] 2026-06-20 23:38:41,675: +SERVICE [/mavros/cmd/command_int] /mavros http://localhost:35891/
[rosmaster.master][INFO] 2026-06-20 23:38:41,676: +SERVICE [/mavros/cmd/arming] /mavros http://localhost:35891/
[rosmaster.master][INFO] 2026-06-20 23:38:41,677: +SERVICE [/mavros/cmd/set_home] /mavros http://localhost:35891/
[rosmaster.master][INFO] 2026-06-20 23:38:41,677: +SERVICE [/mavros/cmd/takeoff] /mavros http://localhost:35891/
[rosmaster.master][INFO] 2026-06-20 23:38:41,678: +SERVICE [/mavros/cmd/land] /mavros http://localhost:35891/
[rosmaster.master][INFO] 2026-06-20 23:38:41,678: +SERVICE [/mavros/cmd/trigger_control] /mavros http://localhost:35891/
[rosmaster.master][INFO] 2026-06-20 23:38:41,679: +SERVICE [/mavros/cmd/trigger_interval] /mavros http://localhost:35891/
[rosmaster.master][INFO] 2026-06-20 23:38:41,680: +SERVICE [/mavros/cmd/vtol_transition] /mavros http://localhost:35891/
[rosmaster.master][INFO] 2026-06-20 23:38:41,682: +SUB [/mavros/companion_process/status] /mavros http://localhost:35891/
[rosmaster.master][INFO] 2026-06-20 23:38:41,686: +PUB [/mavros/distance_sensor/rangefinder_pub] /mavros http://localhost:35891/
[rosmaster.master][INFO] 2026-06-20 23:38:41,691: +SUB [/mavros/distance_sensor/rangefinder_sub] /mavros http://localhost:35891/
[rosmaster.master][INFO] 2026-06-20 23:38:41,693: +PUB [/mavros/esc_info] /mavros http://localhost:35891/
[rosmaster.master][INFO] 2026-06-20 23:38:41,693: +PUB [/mavros/esc_status] /mavros http://localhost:35891/
[rosmaster.master][INFO] 2026-06-20 23:38:41,694: +PUB [/mavros/esc_telemetry] /mavros http://localhost:35891/
[rosmaster.master][INFO] 2026-06-20 23:38:41,712: +SUB [/mavros/fake_gps/mocap/pose] /mavros http://localhost:35891/
[rosmaster.master][INFO] 2026-06-20 23:38:41,715: +PUB [/mavros/geofence/waypoints] /mavros http://localhost:35891/
[rosmaster.master][INFO] 2026-06-20 23:38:41,715: +SERVICE [/mavros/geofence/pull] /mavros http://localhost:35891/
[rosmaster.master][INFO] 2026-06-20 23:38:41,716: +SERVICE [/mavros/geofence/push] /mavros http://localhost:35891/
[rosmaster.master][INFO] 2026-06-20 23:38:41,716: +SERVICE [/mavros/geofence/clear] /mavros http://localhost:35891/
[rosmaster.master][INFO] 2026-06-20 23:38:41,724: +PUB [/mavros/global_position/raw/fix] /mavros http://localhost:35891/
[rosmaster.master][INFO] 2026-06-20 23:38:41,725: +PUB [/mavros/global_position/raw/gps_vel] /mavros http://localhost:35891/
[rosmaster.master][INFO] 2026-06-20 23:38:41,726: +PUB [/mavros/global_position/raw/satellites] /mavros http://localhost:35891/
[rosmaster.master][INFO] 2026-06-20 23:38:41,726: +PUB [/mavros/global_position/global] /mavros http://localhost:35891/
[rosmaster.master][INFO] 2026-06-20 23:38:41,726: +PUB [/mavros/global_position/local] /mavros http://localhost:35891/
[rosmaster.master][INFO] 2026-06-20 23:38:41,727: +PUB [/mavros/global_position/rel_alt] /mavros http://localhost:35891/
[rosmaster.master][INFO] 2026-06-20 23:38:41,727: +PUB [/mavros/global_position/compass_hdg] /mavros http://localhost:35891/
[rosmaster.master][INFO] 2026-06-20 23:38:41,728: +PUB [/mavros/global_position/gp_origin] /mavros http://localhost:35891/
[rosmaster.master][INFO] 2026-06-20 23:38:41,730: +SUB [/mavros/global_position/set_gp_origin] /mavros http://localhost:35891/
[rosmaster.master][INFO] 2026-06-20 23:38:41,732: +SUB [/mavros/home_position/home] /mavros http://localhost:35891/
[rosmaster.master][INFO] 2026-06-20 23:38:41,733: +PUB [/mavros/global_position/gp_lp_offset] /mavros http://localhost:35891/
[rosmaster.master][INFO] 2026-06-20 23:38:41,736: +SUB [/mavros/gps_input/gps_input] /mavros http://localhost:35891/
[rosmaster.master][INFO] 2026-06-20 23:38:41,739: +SUB [/mavros/gps_rtk/send_rtcm] /mavros http://localhost:35891/
[rosmaster.master][INFO] 2026-06-20 23:38:41,740: +PUB [/mavros/gps_rtk/rtk_baseline] /mavros http://localhost:35891/
[rosmaster.master][INFO] 2026-06-20 23:38:41,741: +PUB [/mavros/gpsstatus/gps1/raw] /mavros http://localhost:35891/
[rosmaster.master][INFO] 2026-06-20 23:38:41,741: +PUB [/mavros/gpsstatus/gps2/raw] /mavros http://localhost:35891/
[rosmaster.master][INFO] 2026-06-20 23:38:41,742: +PUB [/mavros/gpsstatus/gps1/rtk] /mavros http://localhost:35891/
[rosmaster.master][INFO] 2026-06-20 23:38:41,742: +PUB [/mavros/gpsstatus/gps2/rtk] /mavros http://localhost:35891/
[rosmaster.master][INFO] 2026-06-20 23:38:41,745: +PUB [/move_base_simple/goal] /mavros http://localhost:35891/
[rosmaster.master][INFO] 2026-06-20 23:38:41,747: +SUB [/mavros/global_position/gp_origin] /mavros http://localhost:35891/
[rosmaster.master][INFO] 2026-06-20 23:38:41,749: +PUB [/mavros/home_position/home] /mavros http://localhost:35891/
[rosmaster.master][INFO] 2026-06-20 23:38:41,750: +SUB [/mavros/home_position/set] /mavros http://localhost:35891/
[rosmaster.master][INFO] 2026-06-20 23:38:41,751: +SERVICE [/mavros/home_position/req_update] /mavros http://localhost:35891/
[rosmaster.master][INFO] 2026-06-20 23:38:41,756: +PUB [/mavros/imu/data] /mavros http://localhost:35891/
[rosmaster.master][INFO] 2026-06-20 23:38:41,757: +PUB [/mavros/imu/mag] /mavros http://localhost:35891/
[rosmaster.master][INFO] 2026-06-20 23:38:41,757: +PUB [/mavros/imu/temperature_imu] /mavros http://localhost:35891/
[rosmaster.master][INFO] 2026-06-20 23:38:41,758: +PUB [/mavros/imu/temperature_baro] /mavros http://localhost:35891/
[rosmaster.master][INFO] 2026-06-20 23:38:41,758: +PUB [/mavros/imu/static_pressure] /mavros http://localhost:35891/
[rosmaster.master][INFO] 2026-06-20 23:38:41,759: +PUB [/mavros/imu/diff_pressure] /mavros http://localhost:35891/
[rosmaster.master][INFO] 2026-06-20 23:38:41,759: +PUB [/mavros/imu/data_raw] /mavros http://localhost:35891/
[rosmaster.master][INFO] 2026-06-20 23:38:41,770: +PUB [/mavros/landing_target/pose_in] /mavros http://localhost:35891/
[rosmaster.master][INFO] 2026-06-20 23:38:41,770: +PUB [/mavros/landing_target/lt_marker] /mavros http://localhost:35891/
[rosmaster.master][INFO] 2026-06-20 23:38:41,772: +SUB [/mavros/landing_target/pose] /mavros http://localhost:35891/
[rosmaster.master][INFO] 2026-06-20 23:38:41,775: +PUB [/mavros/local_position/pose] /mavros http://localhost:35891/
[rosmaster.master][INFO] 2026-06-20 23:38:41,776: +PUB [/mavros/local_position/pose_cov] /mavros http://localhost:35891/
[rosmaster.master][INFO] 2026-06-20 23:38:41,776: +PUB [/mavros/local_position/velocity_local] /mavros http://localhost:35891/
[rosmaster.master][INFO] 2026-06-20 23:38:41,777: +PUB [/mavros/local_position/velocity_body] /mavros http://localhost:35891/
[rosmaster.master][INFO] 2026-06-20 23:38:41,777: +PUB [/mavros/local_position/velocity_body_cov] /mavros http://localhost:35891/
[rosmaster.master][INFO] 2026-06-20 23:38:41,777: +PUB [/mavros/local_position/accel] /mavros http://localhost:35891/
[rosmaster.master][INFO] 2026-06-20 23:38:41,778: +PUB [/mavros/local_position/odom] /mavros http://localhost:35891/
[rosmaster.master][INFO] 2026-06-20 23:38:41,779: +PUB [/mavros/log_transfer/raw/log_entry] /mavros http://localhost:35891/
[rosmaster.master][INFO] 2026-06-20 23:38:41,779: +PUB [/mavros/log_transfer/raw/log_data] /mavros http://localhost:35891/
[rosmaster.master][INFO] 2026-06-20 23:38:41,780: +SERVICE [/mavros/log_transfer/raw/log_request_list] /mavros http://localhost:35891/
[rosmaster.master][INFO] 2026-06-20 23:38:41,781: +SERVICE [/mavros/log_transfer/raw/log_request_data] /mavros http://localhost:35891/
[rosmaster.master][INFO] 2026-06-20 23:38:41,781: +SERVICE [/mavros/log_transfer/raw/log_request_end] /mavros http://localhost:35891/
[rosmaster.master][INFO] 2026-06-20 23:38:41,782: +SERVICE [/mavros/log_transfer/raw/log_request_erase] /mavros http://localhost:35891/
[rosmaster.master][INFO] 2026-06-20 23:38:41,783: +PUB [/mavros/mag_calibration/status] /mavros http://localhost:35891/
[rosmaster.master][INFO] 2026-06-20 23:38:41,783: +PUB [/mavros/mag_calibration/report] /mavros http://localhost:35891/
[rosmaster.master][INFO] 2026-06-20 23:38:41,784: +PUB [/mavros/manual_control/control] /mavros http://localhost:35891/
[rosmaster.master][INFO] 2026-06-20 23:38:41,786: +SUB [/mavros/manual_control/send] /mavros http://localhost:35891/
[rosmaster.master][INFO] 2026-06-20 23:38:41,789: +SUB [/mavros/mocap/pose] /mavros http://localhost:35891/
[rosmaster.master][INFO] 2026-06-20 23:38:41,792: +SUB [/mavros/mount_control/command] /mavros http://localhost:35891/
[rosmaster.master][INFO] 2026-06-20 23:38:41,793: +PUB [/mavros/mount_control/orientation] /mavros http://localhost:35891/
[rosmaster.master][INFO] 2026-06-20 23:38:41,793: +PUB [/mavros/mount_control/status] /mavros http://localhost:35891/
[rosmaster.master][INFO] 2026-06-20 23:38:41,794: +SERVICE [/mavros/mount_control/configure] /mavros http://localhost:35891/
[rosmaster.master][INFO] 2026-06-20 23:38:41,799: +PUB [/mavros/nav_controller_output] /mavros http://localhost:35891/
[rosmaster.master][INFO] 2026-06-20 23:38:41,801: +SUB [/mavros/obstacle/send] /mavros http://localhost:35891/
[rosmaster.master][INFO] 2026-06-20 23:38:41,803: +PUB [/mavros/odometry/in] /mavros http://localhost:35891/
[rosmaster.master][INFO] 2026-06-20 23:38:41,805: +SUB [/mavros/odometry/out] /mavros http://localhost:35891/
[rosmaster.master][INFO] 2026-06-20 23:38:41,808: +SUB [/mavros/onboard_computer/status] /mavros http://localhost:35891/
[rosmaster.master][INFO] 2026-06-20 23:38:41,809: +SERVICE [/mavros/param/pull] /mavros http://localhost:35891/
[rosmaster.master][INFO] 2026-06-20 23:38:41,810: +SERVICE [/mavros/param/push] /mavros http://localhost:35891/
[rosmaster.master][INFO] 2026-06-20 23:38:41,810: +SERVICE [/mavros/param/set] /mavros http://localhost:35891/
[rosmaster.master][INFO] 2026-06-20 23:38:41,811: +SERVICE [/mavros/param/get] /mavros http://localhost:35891/
[rosmaster.master][INFO] 2026-06-20 23:38:41,811: +PUB [/mavros/param/param_value] /mavros http://localhost:35891/
[rosmaster.master][INFO] 2026-06-20 23:38:41,814: +SUB [/mavros/play_tune] /mavros http://localhost:35891/
[rosmaster.master][INFO] 2026-06-20 23:38:41,815: +PUB [/mavros/rallypoint/waypoints] /mavros http://localhost:35891/
[rosmaster.master][INFO] 2026-06-20 23:38:41,816: +SERVICE [/mavros/rallypoint/pull] /mavros http://localhost:35891/
[rosmaster.master][INFO] 2026-06-20 23:38:41,816: +SERVICE [/mavros/rallypoint/push] /mavros http://localhost:35891/
[rosmaster.master][INFO] 2026-06-20 23:38:41,816: +SERVICE [/mavros/rallypoint/clear] /mavros http://localhost:35891/
[rosmaster.master][INFO] 2026-06-20 23:38:41,817: +PUB [/mavros/rangefinder/rangefinder] /mavros http://localhost:35891/
[rosmaster.master][INFO] 2026-06-20 23:38:41,818: +PUB [/mavros/rc/in] /mavros http://localhost:35891/
[rosmaster.master][INFO] 2026-06-20 23:38:41,819: +PUB [/mavros/rc/out] /mavros http://localhost:35891/
[rosmaster.master][INFO] 2026-06-20 23:38:41,821: +SUB [/mavros/rc/override] /mavros http://localhost:35891/
[rosmaster.master][INFO] 2026-06-20 23:38:41,823: publisherUpdate[/mavros/home_position/home] -> http://localhost:35891/ ['http://localhost:35891/']
[rosmaster.master][INFO] 2026-06-20 23:38:41,824: +SUB [/mavros/setpoint_accel/accel] /mavros http://localhost:35891/
[rosmaster.master][INFO] 2026-06-20 23:38:41,825: publisherUpdate[/mavros/home_position/home] -> http://localhost:35891/ ['http://localhost:35891/']: sec=0.00, result=[1, '', 0]
[rosmaster.master][INFO] 2026-06-20 23:38:41,830: +SUB [/mavros/setpoint_attitude/thrust] /mavros http://localhost:35891/
[rosmaster.master][INFO] 2026-06-20 23:38:41,832: +SUB [/mavros/setpoint_attitude/cmd_vel] /mavros http://localhost:35891/
[rosmaster.master][INFO] 2026-06-20 23:38:41,840: +SUB [/mavros/setpoint_position/local] /mavros http://localhost:35891/
[rosmaster.master][INFO] 2026-06-20 23:38:41,842: +SUB [/mavros/setpoint_position/global] /mavros http://localhost:35891/
[rosmaster.master][INFO] 2026-06-20 23:38:41,844: +SUB [/mavros/setpoint_position/global_to_local] /mavros http://localhost:35891/
[rosmaster.master][INFO] 2026-06-20 23:38:41,846: +SUB [/mavros/global_position/global] /mavros http://localhost:35891/
[rosmaster.master][INFO] 2026-06-20 23:38:41,848: +SUB [/mavros/local_position/pose] /mavros http://localhost:35891/
[rosmaster.master][INFO] 2026-06-20 23:38:41,848: +SERVICE [/mavros/setpoint_position/mav_frame] /mavros http://localhost:35891/
[rosmaster.master][INFO] 2026-06-20 23:38:41,851: +SUB [/mavros/setpoint_raw/local] /mavros http://localhost:35891/
[rosmaster.master][INFO] 2026-06-20 23:38:41,853: +SUB [/mavros/setpoint_raw/global] /mavros http://localhost:35891/
[rosmaster.master][INFO] 2026-06-20 23:38:41,854: +SUB [/mavros/setpoint_raw/attitude] /mavros http://localhost:35891/
[rosmaster.master][INFO] 2026-06-20 23:38:41,855: +PUB [/mavros/setpoint_raw/target_local] /mavros http://localhost:35891/
[rosmaster.master][INFO] 2026-06-20 23:38:41,855: +PUB [/mavros/setpoint_raw/target_global] /mavros http://localhost:35891/
[rosmaster.master][INFO] 2026-06-20 23:38:41,856: +PUB [/mavros/setpoint_raw/target_attitude] /mavros http://localhost:35891/
[rosmaster.master][INFO] 2026-06-20 23:38:41,859: +SUB [/mavros/setpoint_trajectory/local] /mavros http://localhost:35891/
[rosmaster.master][INFO] 2026-06-20 23:38:41,859: +PUB [/mavros/setpoint_trajectory/desired] /mavros http://localhost:35891/
[rosmaster.master][INFO] 2026-06-20 23:38:41,859: +SERVICE [/mavros/setpoint_trajectory/reset] /mavros http://localhost:35891/
[rosmaster.master][INFO] 2026-06-20 23:38:41,860: +SERVICE [/mavros/setpoint_trajectory/mav_frame] /mavros http://localhost:35891/
[rosmaster.master][INFO] 2026-06-20 23:38:41,863: +SUB [/mavros/setpoint_velocity/cmd_vel] /mavros http://localhost:35891/
[rosmaster.master][INFO] 2026-06-20 23:38:41,865: +SUB [/mavros/setpoint_velocity/cmd_vel_unstamped] /mavros http://localhost:35891/
[rosmaster.master][INFO] 2026-06-20 23:38:41,866: +SERVICE [/mavros/setpoint_velocity/mav_frame] /mavros http://localhost:35891/
[rosmaster.master][INFO] 2026-06-20 23:38:41,872: +PUB [/mavros/state] /mavros http://localhost:35891/
[rosmaster.master][INFO] 2026-06-20 23:38:41,872: +PUB [/mavros/extended_state] /mavros http://localhost:35891/
[rosmaster.master][INFO] 2026-06-20 23:38:41,873: +PUB [/mavros/battery] /mavros http://localhost:35891/
[rosmaster.master][INFO] 2026-06-20 23:38:41,873: +PUB [/mavros/estimator_status] /mavros http://localhost:35891/
[rosmaster.master][INFO] 2026-06-20 23:38:41,874: +PUB [/mavros/statustext/recv] /mavros http://localhost:35891/
[rosmaster.master][INFO] 2026-06-20 23:38:41,874: +PUB [/mavros/sys_status] /mavros http://localhost:35891/
[rosmaster.master][INFO] 2026-06-20 23:38:41,876: +SUB [/mavros/statustext/send] /mavros http://localhost:35891/
[rosmaster.master][INFO] 2026-06-20 23:38:41,877: +SERVICE [/mavros/set_stream_rate] /mavros http://localhost:35891/
[rosmaster.master][INFO] 2026-06-20 23:38:41,877: +SERVICE [/mavros/set_mode] /mavros http://localhost:35891/
[rosmaster.master][INFO] 2026-06-20 23:38:41,878: +SERVICE [/mavros/vehicle_info_get] /mavros http://localhost:35891/
[rosmaster.master][INFO] 2026-06-20 23:38:41,879: +SERVICE [/mavros/set_message_interval] /mavros http://localhost:35891/
[rosmaster.master][INFO] 2026-06-20 23:38:41,885: +PUB [/mavros/time_reference] /mavros http://localhost:35891/
[rosmaster.master][INFO] 2026-06-20 23:38:41,886: +PUB [/mavros/timesync_status] /mavros http://localhost:35891/
[rosmaster.master][INFO] 2026-06-20 23:38:41,887: +PUB [/mavros/terrain/report] /mavros http://localhost:35891/
[rosmaster.master][INFO] 2026-06-20 23:38:41,890: +SUB [/mavros/trajectory/generated] /mavros http://localhost:35891/
[rosmaster.master][INFO] 2026-06-20 23:38:41,892: +SUB [/mavros/trajectory/path] /mavros http://localhost:35891/
[rosmaster.master][INFO] 2026-06-20 23:38:41,893: +PUB [/mavros/trajectory/desired] /mavros http://localhost:35891/
[rosmaster.master][INFO] 2026-06-20 23:38:41,895: +SUB [/mavros/tunnel/in] /mavros http://localhost:35891/
[rosmaster.master][INFO] 2026-06-20 23:38:41,896: +PUB [/mavros/tunnel/out] /mavros http://localhost:35891/
[rosmaster.master][INFO] 2026-06-20 23:38:41,897: +PUB [/mavros/vfr_hud] /mavros http://localhost:35891/
[rosmaster.master][INFO] 2026-06-20 23:38:41,901: +SUB [/mavros/vision_pose/pose] /mavros http://localhost:35891/
[rosmaster.master][INFO] 2026-06-20 23:38:41,903: +SUB [/mavros/vision_pose/pose_cov] /mavros http://localhost:35891/
[rosmaster.master][INFO] 2026-06-20 23:38:41,906: +PUB [/mavros/mission/waypoints] /mavros http://localhost:35891/
[rosmaster.master][INFO] 2026-06-20 23:38:41,906: +SERVICE [/mavros/mission/pull] /mavros http://localhost:35891/
[rosmaster.master][INFO] 2026-06-20 23:38:41,907: +SERVICE [/mavros/mission/push] /mavros http://localhost:35891/
[rosmaster.master][INFO] 2026-06-20 23:38:41,907: +SERVICE [/mavros/mission/clear] /mavros http://localhost:35891/
[rosmaster.master][INFO] 2026-06-20 23:38:41,908: +PUB [/mavros/mission/reached] /mavros http://localhost:35891/
[rosmaster.master][INFO] 2026-06-20 23:38:41,908: +SERVICE [/mavros/mission/set_current] /mavros http://localhost:35891/
[rosmaster.master][INFO] 2026-06-20 23:38:41,909: +PUB [/mavros/wind_estimation] /mavros http://localhost:35891/
[rosmaster.master][INFO] 2026-06-20 23:38:42,912: +PUB [/mavlink/gcs_ip] /mavros http://localhost:35891/
[rosmaster.master][INFO] 2026-06-20 23:39:15,172: +PUB [/rosout] /vertical_ascent_logger1 http://localhost:45267/
[rosmaster.master][INFO] 2026-06-20 23:39:15,174: +SERVICE [/vertical_ascent_logger1/get_loggers] /vertical_ascent_logger1 http://localhost:45267/
[rosmaster.master][INFO] 2026-06-20 23:39:15,174: +SERVICE [/vertical_ascent_logger1/set_logger_level] /vertical_ascent_logger1 http://localhost:45267/
[rosmaster.master][INFO] 2026-06-20 23:39:15,175: +PUB [/mavros/setpoint_raw/local] /vertical_ascent_logger1 http://localhost:45267/
[rosmaster.master][INFO] 2026-06-20 23:39:15,176: +SUB [/mavros/local_position/velocity_body] /vertical_ascent_logger1 http://localhost:45267/
[rosmaster.master][INFO] 2026-06-20 23:39:15,177: +SUB [/mavros/battery] /vertical_ascent_logger1 http://localhost:45267/
[rosmaster.master][INFO] 2026-06-20 23:39:15,179: +SUB [/mavros/local_position/pose] /vertical_ascent_logger1 http://localhost:45267/
[rosmaster.master][INFO] 2026-06-20 23:39:15,180: publisherUpdate[/rosout] -> http://localhost:40341/ ['http://localhost:35891/', 'http://localhost:45267/']
[rosmaster.master][INFO] 2026-06-20 23:39:15,181: publisherUpdate[/rosout] -> http://localhost:40341/ ['http://localhost:35891/', 'http://localhost:45267/']: sec=0.00, result=[1, '', 0]
[rosmaster.master][INFO] 2026-06-20 23:39:15,181: publisherUpdate[/mavros/setpoint_raw/local] -> http://localhost:35891/ ['http://localhost:45267/']
[rosmaster.master][INFO] 2026-06-20 23:39:15,183: publisherUpdate[/mavros/setpoint_raw/local] -> http://localhost:35891/ ['http://localhost:45267/']: sec=0.00, result=[1, '', 0]
[rosmaster.master][INFO] 2026-06-20 23:40:53,662: -SUB [/mavros/local_position/velocity_body] /vertical_ascent_logger1 http://localhost:45267/
[rosmaster.master][INFO] 2026-06-20 23:40:53,662: -SUB [/mavros/battery] /vertical_ascent_logger1 http://localhost:45267/
[rosmaster.master][INFO] 2026-06-20 23:40:53,662: -SUB [/mavros/local_position/pose] /vertical_ascent_logger1 http://localhost:45267/
[rosmaster.master][INFO] 2026-06-20 23:40:53,662: -PUB [/rosout] /vertical_ascent_logger1 http://localhost:45267/
[rosmaster.master][INFO] 2026-06-20 23:40:53,662: -PUB [/mavros/setpoint_raw/local] /vertical_ascent_logger1 http://localhost:45267/
[rosmaster.master][INFO] 2026-06-20 23:40:53,662: -SERVICE [/vertical_ascent_logger1/get_loggers] /vertical_ascent_logger1 rosrpc://localhost:39531
[rosmaster.master][INFO] 2026-06-20 23:40:53,663: -SERVICE [/vertical_ascent_logger1/set_logger_level] /vertical_ascent_logger1 rosrpc://localhost:39531
[rosmaster.master][INFO] 2026-06-20 23:40:53,697: publisherUpdate[/rosout] -> http://localhost:40341/ ['http://localhost:35891/']
[rosmaster.master][INFO] 2026-06-20 23:40:53,698: publisherUpdate[/rosout] -> http://localhost:40341/ ['http://localhost:35891/']: sec=0.00, result=[1, '', 0]
[rosmaster.master][INFO] 2026-06-20 23:40:53,698: publisherUpdate[/mavros/setpoint_raw/local] -> http://localhost:35891/ []
[rosmaster.master][INFO] 2026-06-20 23:40:53,700: publisherUpdate[/mavros/setpoint_raw/local] -> http://localhost:35891/ []: sec=0.00, result=[1, '', 0]
[rosmaster.master][INFO] 2026-06-20 23:41:06,446: -PUB [/rosout_agg] /rosout http://localhost:40341/
[rosmaster.master][INFO] 2026-06-20 23:41:06,447: -SUB [/rosout] /rosout http://localhost:40341/
[rosmaster.master][INFO] 2026-06-20 23:41:06,447: -SERVICE [/rosout/get_loggers] /rosout rosrpc://localhost:50385
[rosmaster.master][INFO] 2026-06-20 23:41:06,447: -SERVICE [/rosout/set_logger_level] /rosout rosrpc://localhost:50385
[rosmaster.master][INFO] 2026-06-20 23:41:06,448: -CACHEDPARAM [/rosout/omit_topics] by /rosout
[rosmaster.main][INFO] 2026-06-20 23:41:06,480: keyboard interrupt, will exit
[rosmaster.main][INFO] 2026-06-20 23:41:06,481: stopping master...
[rospy.core][INFO] 2026-06-20 23:41:06,481: signal_shutdown [atexit]
