[rosmaster.main][INFO] 2026-07-09 03:57:23,845: initialization complete, waiting for shutdown
[rosmaster.main][INFO] 2026-07-09 03:57:23,845: Starting ROS Master Node
[xmlrpc][INFO] 2026-07-09 03:57:23,847: XML-RPC server binding to 127.0.0.1:11311
[xmlrpc][INFO] 2026-07-09 03:57:23,847: Started XML-RPC server [http://localhost:11311/]
[xmlrpc][INFO] 2026-07-09 03:57:23,847: xml rpc node: starting XML-RPC server
[rosmaster.master][INFO] 2026-07-09 03:57:23,847: Master initialized: port[11311], uri[http://localhost:11311/]
[rosmaster.master][INFO] 2026-07-09 03:57:23,941: +PARAM [/run_id] by /roslaunch
[rosmaster.master][INFO] 2026-07-09 03:57:23,942: +PARAM [/roslaunch/uris/host_localhost__40219] by /roslaunch
[rosmaster.master][INFO] 2026-07-09 03:57:23,977: +PARAM [/rosversion] by /roslaunch
[rosmaster.master][INFO] 2026-07-09 03:57:23,978: +PARAM [/rosdistro] by /roslaunch
[rosmaster.master][INFO] 2026-07-09 03:57:24,033: +SERVICE [/rosout/get_loggers] /rosout http://localhost:36727/
[rosmaster.master][INFO] 2026-07-09 03:57:24,033: +SERVICE [/rosout/set_logger_level] /rosout http://localhost:36727/
[rosmaster.master][INFO] 2026-07-09 03:57:24,035: +PUB [/rosout_agg] /rosout http://localhost:36727/
[rosmaster.master][INFO] 2026-07-09 03:57:24,038: +SUB [/rosout] /rosout http://localhost:36727/
[rosmaster.master][INFO] 2026-07-09 03:57:28,227: +PARAM [/roslaunch/uris/host_localhost__36603] by /roslaunch
[rosmaster.master][INFO] 2026-07-09 03:57:28,237: +PARAM [/rosversion] by /roslaunch
[rosmaster.master][INFO] 2026-07-09 03:57:28,237: +PARAM [/rosdistro] by /roslaunch
[rosmaster.master][INFO] 2026-07-09 03:57:28,237: +PARAM [/mavros/plugin_blacklist] by /roslaunch
[rosmaster.master][INFO] 2026-07-09 03:57:28,238: +PARAM [/mavros/plugin_whitelist] by /roslaunch
[rosmaster.master][INFO] 2026-07-09 03:57:28,238: +PARAM [/mavros/startup_px4_usb_quirk] by /roslaunch
[rosmaster.master][INFO] 2026-07-09 03:57:28,238: +PARAM [/mavros/conn/heartbeat_rate] by /roslaunch
[rosmaster.master][INFO] 2026-07-09 03:57:28,238: +PARAM [/mavros/conn/heartbeat_mav_type] by /roslaunch
[rosmaster.master][INFO] 2026-07-09 03:57:28,238: +PARAM [/mavros/conn/timeout] by /roslaunch
[rosmaster.master][INFO] 2026-07-09 03:57:28,238: +PARAM [/mavros/conn/timesync_rate] by /roslaunch
[rosmaster.master][INFO] 2026-07-09 03:57:28,238: +PARAM [/mavros/conn/system_time_rate] by /roslaunch
[rosmaster.master][INFO] 2026-07-09 03:57:28,238: +PARAM [/mavros/sys/min_voltage] by /roslaunch
[rosmaster.master][INFO] 2026-07-09 03:57:28,238: +PARAM [/mavros/sys/disable_diag] by /roslaunch
[rosmaster.master][INFO] 2026-07-09 03:57:28,238: +PARAM [/mavros/time/time_ref_source] by /roslaunch
[rosmaster.master][INFO] 2026-07-09 03:57:28,238: +PARAM [/mavros/time/timesync_mode] by /roslaunch
[rosmaster.master][INFO] 2026-07-09 03:57:28,239: +PARAM [/mavros/time/timesync_avg_alpha] by /roslaunch
[rosmaster.master][INFO] 2026-07-09 03:57:28,240: +PARAM [/mavros/tdr_radio/low_rssi] by /roslaunch
[rosmaster.master][INFO] 2026-07-09 03:57:28,240: +PARAM [/mavros/cmd/use_comp_id_system_control] by /roslaunch
[rosmaster.master][INFO] 2026-07-09 03:57:28,240: +PARAM [/mavros/global_position/frame_id] by /roslaunch
[rosmaster.master][INFO] 2026-07-09 03:57:28,240: +PARAM [/mavros/global_position/child_frame_id] by /roslaunch
[rosmaster.master][INFO] 2026-07-09 03:57:28,240: +PARAM [/mavros/global_position/rot_covariance] by /roslaunch
[rosmaster.master][INFO] 2026-07-09 03:57:28,240: +PARAM [/mavros/global_position/gps_uere] by /roslaunch
[rosmaster.master][INFO] 2026-07-09 03:57:28,240: +PARAM [/mavros/global_position/use_relative_alt] by /roslaunch
[rosmaster.master][INFO] 2026-07-09 03:57:28,240: +PARAM [/mavros/global_position/tf/send] by /roslaunch
[rosmaster.master][INFO] 2026-07-09 03:57:28,240: +PARAM [/mavros/global_position/tf/frame_id] by /roslaunch
[rosmaster.master][INFO] 2026-07-09 03:57:28,240: +PARAM [/mavros/global_position/tf/global_frame_id] by /roslaunch
[rosmaster.master][INFO] 2026-07-09 03:57:28,240: +PARAM [/mavros/global_position/tf/child_frame_id] by /roslaunch
[rosmaster.master][INFO] 2026-07-09 03:57:28,240: +PARAM [/mavros/imu/frame_id] by /roslaunch
[rosmaster.master][INFO] 2026-07-09 03:57:28,240: +PARAM [/mavros/imu/linear_acceleration_stdev] by /roslaunch
[rosmaster.master][INFO] 2026-07-09 03:57:28,240: +PARAM [/mavros/imu/angular_velocity_stdev] by /roslaunch
[rosmaster.master][INFO] 2026-07-09 03:57:28,240: +PARAM [/mavros/imu/orientation_stdev] by /roslaunch
[rosmaster.master][INFO] 2026-07-09 03:57:28,240: +PARAM [/mavros/imu/magnetic_stdev] by /roslaunch
[rosmaster.master][INFO] 2026-07-09 03:57:28,240: +PARAM [/mavros/local_position/frame_id] by /roslaunch
[rosmaster.master][INFO] 2026-07-09 03:57:28,240: +PARAM [/mavros/local_position/tf/send] by /roslaunch
[rosmaster.master][INFO] 2026-07-09 03:57:28,240: +PARAM [/mavros/local_position/tf/frame_id] by /roslaunch
[rosmaster.master][INFO] 2026-07-09 03:57:28,240: +PARAM [/mavros/local_position/tf/child_frame_id] by /roslaunch
[rosmaster.master][INFO] 2026-07-09 03:57:28,240: +PARAM [/mavros/local_position/tf/send_fcu] by /roslaunch
[rosmaster.master][INFO] 2026-07-09 03:57:28,240: +PARAM [/mavros/safety_area/p1/x] by /roslaunch
[rosmaster.master][INFO] 2026-07-09 03:57:28,240: +PARAM [/mavros/safety_area/p1/y] by /roslaunch
[rosmaster.master][INFO] 2026-07-09 03:57:28,240: +PARAM [/mavros/safety_area/p1/z] by /roslaunch
[rosmaster.master][INFO] 2026-07-09 03:57:28,240: +PARAM [/mavros/safety_area/p2/x] by /roslaunch
[rosmaster.master][INFO] 2026-07-09 03:57:28,240: +PARAM [/mavros/safety_area/p2/y] by /roslaunch
[rosmaster.master][INFO] 2026-07-09 03:57:28,241: +PARAM [/mavros/safety_area/p2/z] by /roslaunch
[rosmaster.master][INFO] 2026-07-09 03:57:28,241: +PARAM [/mavros/setpoint_accel/send_force] by /roslaunch
[rosmaster.master][INFO] 2026-07-09 03:57:28,241: +PARAM [/mavros/setpoint_attitude/reverse_thrust] by /roslaunch
[rosmaster.master][INFO] 2026-07-09 03:57:28,241: +PARAM [/mavros/setpoint_attitude/use_quaternion] by /roslaunch
[rosmaster.master][INFO] 2026-07-09 03:57:28,241: +PARAM [/mavros/setpoint_attitude/tf/listen] by /roslaunch
[rosmaster.master][INFO] 2026-07-09 03:57:28,241: +PARAM [/mavros/setpoint_attitude/tf/frame_id] by /roslaunch
[rosmaster.master][INFO] 2026-07-09 03:57:28,241: +PARAM [/mavros/setpoint_attitude/tf/child_frame_id] by /roslaunch
[rosmaster.master][INFO] 2026-07-09 03:57:28,241: +PARAM [/mavros/setpoint_attitude/tf/rate_limit] by /roslaunch
[rosmaster.master][INFO] 2026-07-09 03:57:28,241: +PARAM [/mavros/setpoint_raw/thrust_scaling] by /roslaunch
[rosmaster.master][INFO] 2026-07-09 03:57:28,241: +PARAM [/mavros/setpoint_position/tf/listen] by /roslaunch
[rosmaster.master][INFO] 2026-07-09 03:57:28,241: +PARAM [/mavros/setpoint_position/tf/frame_id] by /roslaunch
[rosmaster.master][INFO] 2026-07-09 03:57:28,241: +PARAM [/mavros/setpoint_position/tf/child_frame_id] by /roslaunch
[rosmaster.master][INFO] 2026-07-09 03:57:28,241: +PARAM [/mavros/setpoint_position/tf/rate_limit] by /roslaunch
[rosmaster.master][INFO] 2026-07-09 03:57:28,241: +PARAM [/mavros/setpoint_position/mav_frame] by /roslaunch
[rosmaster.master][INFO] 2026-07-09 03:57:28,241: +PARAM [/mavros/guided_target/tf/listen] by /roslaunch
[rosmaster.master][INFO] 2026-07-09 03:57:28,241: +PARAM [/mavros/guided_target/tf/frame_id] by /roslaunch
[rosmaster.master][INFO] 2026-07-09 03:57:28,241: +PARAM [/mavros/guided_target/tf/child_frame_id] by /roslaunch
[rosmaster.master][INFO] 2026-07-09 03:57:28,241: +PARAM [/mavros/guided_target/tf/rate_limit] by /roslaunch
[rosmaster.master][INFO] 2026-07-09 03:57:28,241: +PARAM [/mavros/setpoint_velocity/mav_frame] by /roslaunch
[rosmaster.master][INFO] 2026-07-09 03:57:28,241: +PARAM [/mavros/mission/pull_after_gcs] by /roslaunch
[rosmaster.master][INFO] 2026-07-09 03:57:28,241: +PARAM [/mavros/mission/use_mission_item_int] by /roslaunch
[rosmaster.master][INFO] 2026-07-09 03:57:28,241: +PARAM [/mavros/distance_sensor/rangefinder_pub/id] by /roslaunch
[rosmaster.master][INFO] 2026-07-09 03:57:28,241: +PARAM [/mavros/distance_sensor/rangefinder_pub/frame_id] by /roslaunch
[rosmaster.master][INFO] 2026-07-09 03:57:28,241: +PARAM [/mavros/distance_sensor/rangefinder_pub/field_of_view] by /roslaunch
[rosmaster.master][INFO] 2026-07-09 03:57:28,241: +PARAM [/mavros/distance_sensor/rangefinder_pub/send_tf] by /roslaunch
[rosmaster.master][INFO] 2026-07-09 03:57:28,241: +PARAM [/mavros/distance_sensor/rangefinder_pub/sensor_position/x] by /roslaunch
[rosmaster.master][INFO] 2026-07-09 03:57:28,241: +PARAM [/mavros/distance_sensor/rangefinder_pub/sensor_position/y] by /roslaunch
[rosmaster.master][INFO] 2026-07-09 03:57:28,241: +PARAM [/mavros/distance_sensor/rangefinder_pub/sensor_position/z] by /roslaunch
[rosmaster.master][INFO] 2026-07-09 03:57:28,241: +PARAM [/mavros/distance_sensor/rangefinder_sub/subscriber] by /roslaunch
[rosmaster.master][INFO] 2026-07-09 03:57:28,241: +PARAM [/mavros/distance_sensor/rangefinder_sub/id] by /roslaunch
[rosmaster.master][INFO] 2026-07-09 03:57:28,241: +PARAM [/mavros/distance_sensor/rangefinder_sub/orientation] by /roslaunch
[rosmaster.master][INFO] 2026-07-09 03:57:28,241: +PARAM [/mavros/image/frame_id] by /roslaunch
[rosmaster.master][INFO] 2026-07-09 03:57:28,241: +PARAM [/mavros/fake_gps/use_mocap] by /roslaunch
[rosmaster.master][INFO] 2026-07-09 03:57:28,241: +PARAM [/mavros/fake_gps/mocap_transform] by /roslaunch
[rosmaster.master][INFO] 2026-07-09 03:57:28,242: +PARAM [/mavros/fake_gps/mocap_withcovariance] by /roslaunch
[rosmaster.master][INFO] 2026-07-09 03:57:28,242: +PARAM [/mavros/fake_gps/use_vision] by /roslaunch
[rosmaster.master][INFO] 2026-07-09 03:57:28,242: +PARAM [/mavros/fake_gps/use_hil_gps] by /roslaunch
[rosmaster.master][INFO] 2026-07-09 03:57:28,242: +PARAM [/mavros/fake_gps/gps_id] by /roslaunch
[rosmaster.master][INFO] 2026-07-09 03:57:28,242: +PARAM [/mavros/fake_gps/geo_origin/lat] by /roslaunch
[rosmaster.master][INFO] 2026-07-09 03:57:28,242: +PARAM [/mavros/fake_gps/geo_origin/lon] by /roslaunch
[rosmaster.master][INFO] 2026-07-09 03:57:28,242: +PARAM [/mavros/fake_gps/geo_origin/alt] by /roslaunch
[rosmaster.master][INFO] 2026-07-09 03:57:28,242: +PARAM [/mavros/fake_gps/eph] by /roslaunch
[rosmaster.master][INFO] 2026-07-09 03:57:28,242: +PARAM [/mavros/fake_gps/epv] by /roslaunch
[rosmaster.master][INFO] 2026-07-09 03:57:28,242: +PARAM [/mavros/fake_gps/horiz_accuracy] by /roslaunch
[rosmaster.master][INFO] 2026-07-09 03:57:28,242: +PARAM [/mavros/fake_gps/vert_accuracy] by /roslaunch
[rosmaster.master][INFO] 2026-07-09 03:57:28,242: +PARAM [/mavros/fake_gps/speed_accuracy] by /roslaunch
[rosmaster.master][INFO] 2026-07-09 03:57:28,242: +PARAM [/mavros/fake_gps/satellites_visible] by /roslaunch
[rosmaster.master][INFO] 2026-07-09 03:57:28,242: +PARAM [/mavros/fake_gps/fix_type] by /roslaunch
[rosmaster.master][INFO] 2026-07-09 03:57:28,242: +PARAM [/mavros/fake_gps/tf/listen] by /roslaunch
[rosmaster.master][INFO] 2026-07-09 03:57:28,242: +PARAM [/mavros/fake_gps/tf/send] by /roslaunch
[rosmaster.master][INFO] 2026-07-09 03:57:28,242: +PARAM [/mavros/fake_gps/tf/frame_id] by /roslaunch
[rosmaster.master][INFO] 2026-07-09 03:57:28,242: +PARAM [/mavros/fake_gps/tf/child_frame_id] by /roslaunch
[rosmaster.master][INFO] 2026-07-09 03:57:28,242: +PARAM [/mavros/fake_gps/tf/rate_limit] by /roslaunch
[rosmaster.master][INFO] 2026-07-09 03:57:28,242: +PARAM [/mavros/fake_gps/gps_rate] by /roslaunch
[rosmaster.master][INFO] 2026-07-09 03:57:28,242: +PARAM [/mavros/landing_target/listen_lt] by /roslaunch
[rosmaster.master][INFO] 2026-07-09 03:57:28,242: +PARAM [/mavros/landing_target/mav_frame] by /roslaunch
[rosmaster.master][INFO] 2026-07-09 03:57:28,242: +PARAM [/mavros/landing_target/land_target_type] by /roslaunch
[rosmaster.master][INFO] 2026-07-09 03:57:28,242: +PARAM [/mavros/landing_target/image/width] by /roslaunch
[rosmaster.master][INFO] 2026-07-09 03:57:28,242: +PARAM [/mavros/landing_target/image/height] by /roslaunch
[rosmaster.master][INFO] 2026-07-09 03:57:28,242: +PARAM [/mavros/landing_target/camera/fov_x] by /roslaunch
[rosmaster.master][INFO] 2026-07-09 03:57:28,242: +PARAM [/mavros/landing_target/camera/fov_y] by /roslaunch
[rosmaster.master][INFO] 2026-07-09 03:57:28,242: +PARAM [/mavros/landing_target/tf/send] by /roslaunch
[rosmaster.master][INFO] 2026-07-09 03:57:28,242: +PARAM [/mavros/landing_target/tf/listen] by /roslaunch
[rosmaster.master][INFO] 2026-07-09 03:57:28,242: +PARAM [/mavros/landing_target/tf/frame_id] by /roslaunch
[rosmaster.master][INFO] 2026-07-09 03:57:28,242: +PARAM [/mavros/landing_target/tf/child_frame_id] by /roslaunch
[rosmaster.master][INFO] 2026-07-09 03:57:28,242: +PARAM [/mavros/landing_target/tf/rate_limit] by /roslaunch
[rosmaster.master][INFO] 2026-07-09 03:57:28,242: +PARAM [/mavros/landing_target/target_size/x] by /roslaunch
[rosmaster.master][INFO] 2026-07-09 03:57:28,242: +PARAM [/mavros/landing_target/target_size/y] by /roslaunch
[rosmaster.master][INFO] 2026-07-09 03:57:28,243: +PARAM [/mavros/mocap/use_tf] by /roslaunch
[rosmaster.master][INFO] 2026-07-09 03:57:28,243: +PARAM [/mavros/mocap/use_pose] by /roslaunch
[rosmaster.master][INFO] 2026-07-09 03:57:28,243: +PARAM [/mavros/mount/debounce_s] by /roslaunch
[rosmaster.master][INFO] 2026-07-09 03:57:28,243: +PARAM [/mavros/mount/err_threshold_deg] by /roslaunch
[rosmaster.master][INFO] 2026-07-09 03:57:28,243: +PARAM [/mavros/mount/negate_measured_roll] by /roslaunch
[rosmaster.master][INFO] 2026-07-09 03:57:28,243: +PARAM [/mavros/mount/negate_measured_pitch] by /roslaunch
[rosmaster.master][INFO] 2026-07-09 03:57:28,243: +PARAM [/mavros/mount/negate_measured_yaw] by /roslaunch
[rosmaster.master][INFO] 2026-07-09 03:57:28,243: +PARAM [/mavros/odometry/frame_tf/desired_frame] by /roslaunch
[rosmaster.master][INFO] 2026-07-09 03:57:28,243: +PARAM [/mavros/odometry/estimator_type] by /roslaunch
[rosmaster.master][INFO] 2026-07-09 03:57:28,243: +PARAM [/mavros/px4flow/frame_id] by /roslaunch
[rosmaster.master][INFO] 2026-07-09 03:57:28,243: +PARAM [/mavros/px4flow/ranger_fov] by /roslaunch
[rosmaster.master][INFO] 2026-07-09 03:57:28,243: +PARAM [/mavros/px4flow/ranger_min_range] by /roslaunch
[rosmaster.master][INFO] 2026-07-09 03:57:28,243: +PARAM [/mavros/px4flow/ranger_max_range] by /roslaunch
[rosmaster.master][INFO] 2026-07-09 03:57:28,243: +PARAM [/mavros/vision_pose/tf/listen] by /roslaunch
[rosmaster.master][INFO] 2026-07-09 03:57:28,243: +PARAM [/mavros/vision_pose/tf/frame_id] by /roslaunch
[rosmaster.master][INFO] 2026-07-09 03:57:28,243: +PARAM [/mavros/vision_pose/tf/child_frame_id] by /roslaunch
[rosmaster.master][INFO] 2026-07-09 03:57:28,243: +PARAM [/mavros/vision_pose/tf/rate_limit] by /roslaunch
[rosmaster.master][INFO] 2026-07-09 03:57:28,243: +PARAM [/mavros/vision_speed/listen_twist] by /roslaunch
[rosmaster.master][INFO] 2026-07-09 03:57:28,243: +PARAM [/mavros/vision_speed/twist_cov] by /roslaunch
[rosmaster.master][INFO] 2026-07-09 03:57:28,243: +PARAM [/mavros/vibration/frame_id] by /roslaunch
[rosmaster.master][INFO] 2026-07-09 03:57:28,243: +PARAM [/mavros/wheel_odometry/count] by /roslaunch
[rosmaster.master][INFO] 2026-07-09 03:57:28,243: +PARAM [/mavros/wheel_odometry/use_rpm] by /roslaunch
[rosmaster.master][INFO] 2026-07-09 03:57:28,243: +PARAM [/mavros/wheel_odometry/wheel0/x] by /roslaunch
[rosmaster.master][INFO] 2026-07-09 03:57:28,243: +PARAM [/mavros/wheel_odometry/wheel0/y] by /roslaunch
[rosmaster.master][INFO] 2026-07-09 03:57:28,243: +PARAM [/mavros/wheel_odometry/wheel0/radius] by /roslaunch
[rosmaster.master][INFO] 2026-07-09 03:57:28,243: +PARAM [/mavros/wheel_odometry/wheel1/x] by /roslaunch
[rosmaster.master][INFO] 2026-07-09 03:57:28,243: +PARAM [/mavros/wheel_odometry/wheel1/y] by /roslaunch
[rosmaster.master][INFO] 2026-07-09 03:57:28,243: +PARAM [/mavros/wheel_odometry/wheel1/radius] by /roslaunch
[rosmaster.master][INFO] 2026-07-09 03:57:28,243: +PARAM [/mavros/wheel_odometry/send_raw] by /roslaunch
[rosmaster.master][INFO] 2026-07-09 03:57:28,243: +PARAM [/mavros/wheel_odometry/send_twist] by /roslaunch
[rosmaster.master][INFO] 2026-07-09 03:57:28,243: +PARAM [/mavros/wheel_odometry/frame_id] by /roslaunch
[rosmaster.master][INFO] 2026-07-09 03:57:28,243: +PARAM [/mavros/wheel_odometry/child_frame_id] by /roslaunch
[rosmaster.master][INFO] 2026-07-09 03:57:28,243: +PARAM [/mavros/wheel_odometry/vel_error] by /roslaunch
[rosmaster.master][INFO] 2026-07-09 03:57:28,243: +PARAM [/mavros/wheel_odometry/tf/send] by /roslaunch
[rosmaster.master][INFO] 2026-07-09 03:57:28,243: +PARAM [/mavros/wheel_odometry/tf/frame_id] by /roslaunch
[rosmaster.master][INFO] 2026-07-09 03:57:28,244: +PARAM [/mavros/wheel_odometry/tf/child_frame_id] by /roslaunch
[rosmaster.master][INFO] 2026-07-09 03:57:28,244: +PARAM [/mavros/fcu_url] by /roslaunch
[rosmaster.master][INFO] 2026-07-09 03:57:28,244: +PARAM [/mavros/gcs_url] by /roslaunch
[rosmaster.master][INFO] 2026-07-09 03:57:28,244: +PARAM [/mavros/target_system_id] by /roslaunch
[rosmaster.master][INFO] 2026-07-09 03:57:28,244: +PARAM [/mavros/target_component_id] by /roslaunch
[rosmaster.master][INFO] 2026-07-09 03:57:28,244: +PARAM [/mavros/fcu_protocol] by /roslaunch
[rosmaster.master][INFO] 2026-07-09 03:57:28,371: +PUB [/rosout] /mavros http://localhost:36747/
[rosmaster.master][INFO] 2026-07-09 03:57:28,371: +SERVICE [/mavros/get_loggers] /mavros http://localhost:36747/
[rosmaster.master][INFO] 2026-07-09 03:57:28,372: +SERVICE [/mavros/set_logger_level] /mavros http://localhost:36747/
[rosmaster.master][INFO] 2026-07-09 03:57:28,373: +PUB [/diagnostics] /mavros http://localhost:36747/
[rosmaster.master][INFO] 2026-07-09 03:57:28,373: +CACHEDPARAM [/mavros/diagnostic_period] by /mavros
[rosmaster.master][INFO] 2026-07-09 03:57:28,388: +SUB [/tf] /mavros http://localhost:36747/
[rosmaster.master][INFO] 2026-07-09 03:57:28,390: +SUB [/tf_static] /mavros http://localhost:36747/
[rosmaster.master][INFO] 2026-07-09 03:57:28,391: +PUB [/tf] /mavros http://localhost:36747/
[rosmaster.master][INFO] 2026-07-09 03:57:28,391: +PUB [/tf_static] /mavros http://localhost:36747/
[rosmaster.master][INFO] 2026-07-09 03:57:28,461: publisherUpdate[/rosout] -> http://localhost:36727/ ['http://localhost:36747/']
[rosmaster.master][INFO] 2026-07-09 03:57:28,461: publisherUpdate[/tf] -> http://localhost:36747/ ['http://localhost:36747/']
[rosmaster.master][INFO] 2026-07-09 03:57:28,465: +CACHEDPARAM [/rosout_disable_topics_generation] by /mavros
[rosmaster.master][INFO] 2026-07-09 03:57:28,466: publisherUpdate[/tf] -> http://localhost:36747/ ['http://localhost:36747/']: sec=0.00, result=[1, '', 0]
[rosmaster.master][INFO] 2026-07-09 03:57:28,467: publisherUpdate[/tf_static] -> http://localhost:36747/ ['http://localhost:36747/']
[rosmaster.master][INFO] 2026-07-09 03:57:28,467: publisherUpdate[/rosout] -> http://localhost:36727/ ['http://localhost:36747/']: sec=0.00, result=[1, '', 0]
[rosmaster.master][INFO] 2026-07-09 03:57:28,467: publisherUpdate[/tf_static] -> http://localhost:36747/ ['http://localhost:36747/']: sec=0.00, result=[1, '', 0]
[rosmaster.master][INFO] 2026-07-09 03:57:28,470: +PUB [/mavlink/from] /mavros http://localhost:36747/
[rosmaster.master][INFO] 2026-07-09 03:57:28,472: +SUB [/mavlink/to] /mavros http://localhost:36747/
[rosmaster.master][INFO] 2026-07-09 03:57:28,572: +PUB [/mavros/radio_status] /mavros http://localhost:36747/
[rosmaster.master][INFO] 2026-07-09 03:57:28,630: +PUB [/mavros/adsb/vehicle] /mavros http://localhost:36747/
[rosmaster.master][INFO] 2026-07-09 03:57:28,633: +SUB [/mavros/adsb/send] /mavros http://localhost:36747/
[rosmaster.master][INFO] 2026-07-09 03:57:28,635: +PUB [/mavros/cam_imu_sync/cam_imu_stamp] /mavros http://localhost:36747/
[rosmaster.master][INFO] 2026-07-09 03:57:28,636: +PUB [/mavros/camera/image_captured] /mavros http://localhost:36747/
[rosmaster.master][INFO] 2026-07-09 03:57:28,639: +SUB [/mavros/cellular_status/status] /mavros http://localhost:36747/
[rosmaster.master][INFO] 2026-07-09 03:57:28,642: +SERVICE [/mavros/cmd/command] /mavros http://localhost:36747/
[rosmaster.master][INFO] 2026-07-09 03:57:28,642: +SERVICE [/mavros/cmd/command_ack] /mavros http://localhost:36747/
[rosmaster.master][INFO] 2026-07-09 03:57:28,643: +SERVICE [/mavros/cmd/command_int] /mavros http://localhost:36747/
[rosmaster.master][INFO] 2026-07-09 03:57:28,643: +SERVICE [/mavros/cmd/arming] /mavros http://localhost:36747/
[rosmaster.master][INFO] 2026-07-09 03:57:28,644: +SERVICE [/mavros/cmd/set_home] /mavros http://localhost:36747/
[rosmaster.master][INFO] 2026-07-09 03:57:28,645: +SERVICE [/mavros/cmd/takeoff] /mavros http://localhost:36747/
[rosmaster.master][INFO] 2026-07-09 03:57:28,646: +SERVICE [/mavros/cmd/land] /mavros http://localhost:36747/
[rosmaster.master][INFO] 2026-07-09 03:57:28,647: +SERVICE [/mavros/cmd/trigger_control] /mavros http://localhost:36747/
[rosmaster.master][INFO] 2026-07-09 03:57:28,648: +SERVICE [/mavros/cmd/trigger_interval] /mavros http://localhost:36747/
[rosmaster.master][INFO] 2026-07-09 03:57:28,648: +SERVICE [/mavros/cmd/vtol_transition] /mavros http://localhost:36747/
[rosmaster.master][INFO] 2026-07-09 03:57:28,651: +SUB [/mavros/companion_process/status] /mavros http://localhost:36747/
[rosmaster.master][INFO] 2026-07-09 03:57:28,655: +PUB [/mavros/distance_sensor/rangefinder_pub] /mavros http://localhost:36747/
[rosmaster.master][INFO] 2026-07-09 03:57:28,658: +SUB [/mavros/distance_sensor/rangefinder_sub] /mavros http://localhost:36747/
[rosmaster.master][INFO] 2026-07-09 03:57:28,660: +PUB [/mavros/esc_info] /mavros http://localhost:36747/
[rosmaster.master][INFO] 2026-07-09 03:57:28,661: +PUB [/mavros/esc_status] /mavros http://localhost:36747/
[rosmaster.master][INFO] 2026-07-09 03:57:28,662: +PUB [/mavros/esc_telemetry] /mavros http://localhost:36747/
[rosmaster.master][INFO] 2026-07-09 03:57:28,678: +SUB [/mavros/fake_gps/mocap/pose] /mavros http://localhost:36747/
[rosmaster.master][INFO] 2026-07-09 03:57:28,679: +CACHEDPARAM [/rosout/omit_topics] by /rosout
[rosmaster.master][INFO] 2026-07-09 03:57:28,681: +PUB [/mavros/geofence/waypoints] /mavros http://localhost:36747/
[rosmaster.master][INFO] 2026-07-09 03:57:28,682: +SERVICE [/mavros/geofence/pull] /mavros http://localhost:36747/
[rosmaster.master][INFO] 2026-07-09 03:57:28,682: +SERVICE [/mavros/geofence/push] /mavros http://localhost:36747/
[rosmaster.master][INFO] 2026-07-09 03:57:28,683: +SERVICE [/mavros/geofence/clear] /mavros http://localhost:36747/
[rosmaster.master][INFO] 2026-07-09 03:57:28,689: +PUB [/mavros/global_position/raw/fix] /mavros http://localhost:36747/
[rosmaster.master][INFO] 2026-07-09 03:57:28,689: +PUB [/mavros/global_position/raw/gps_vel] /mavros http://localhost:36747/
[rosmaster.master][INFO] 2026-07-09 03:57:28,690: +PUB [/mavros/global_position/raw/satellites] /mavros http://localhost:36747/
[rosmaster.master][INFO] 2026-07-09 03:57:28,690: +PUB [/mavros/global_position/global] /mavros http://localhost:36747/
[rosmaster.master][INFO] 2026-07-09 03:57:28,690: +PUB [/mavros/global_position/local] /mavros http://localhost:36747/
[rosmaster.master][INFO] 2026-07-09 03:57:28,691: +PUB [/mavros/global_position/rel_alt] /mavros http://localhost:36747/
[rosmaster.master][INFO] 2026-07-09 03:57:28,691: +PUB [/mavros/global_position/compass_hdg] /mavros http://localhost:36747/
[rosmaster.master][INFO] 2026-07-09 03:57:28,691: +PUB [/mavros/global_position/gp_origin] /mavros http://localhost:36747/
[rosmaster.master][INFO] 2026-07-09 03:57:28,693: +SUB [/mavros/global_position/set_gp_origin] /mavros http://localhost:36747/
[rosmaster.master][INFO] 2026-07-09 03:57:28,695: +SUB [/mavros/home_position/home] /mavros http://localhost:36747/
[rosmaster.master][INFO] 2026-07-09 03:57:28,695: +PUB [/mavros/global_position/gp_lp_offset] /mavros http://localhost:36747/
[rosmaster.master][INFO] 2026-07-09 03:57:28,698: +SUB [/mavros/gps_input/gps_input] /mavros http://localhost:36747/
[rosmaster.master][INFO] 2026-07-09 03:57:28,700: +SUB [/mavros/gps_rtk/send_rtcm] /mavros http://localhost:36747/
[rosmaster.master][INFO] 2026-07-09 03:57:28,700: +PUB [/mavros/gps_rtk/rtk_baseline] /mavros http://localhost:36747/
[rosmaster.master][INFO] 2026-07-09 03:57:28,701: +PUB [/mavros/gpsstatus/gps1/raw] /mavros http://localhost:36747/
[rosmaster.master][INFO] 2026-07-09 03:57:28,702: +PUB [/mavros/gpsstatus/gps2/raw] /mavros http://localhost:36747/
[rosmaster.master][INFO] 2026-07-09 03:57:28,702: +PUB [/mavros/gpsstatus/gps1/rtk] /mavros http://localhost:36747/
[rosmaster.master][INFO] 2026-07-09 03:57:28,703: +PUB [/mavros/gpsstatus/gps2/rtk] /mavros http://localhost:36747/
[rosmaster.master][INFO] 2026-07-09 03:57:28,705: +PUB [/move_base_simple/goal] /mavros http://localhost:36747/
[rosmaster.master][INFO] 2026-07-09 03:57:28,707: +SUB [/mavros/global_position/gp_origin] /mavros http://localhost:36747/
[rosmaster.master][INFO] 2026-07-09 03:57:28,708: +PUB [/mavros/home_position/home] /mavros http://localhost:36747/
[rosmaster.master][INFO] 2026-07-09 03:57:28,710: +SUB [/mavros/home_position/set] /mavros http://localhost:36747/
[rosmaster.master][INFO] 2026-07-09 03:57:28,711: +SERVICE [/mavros/home_position/req_update] /mavros http://localhost:36747/
[rosmaster.master][INFO] 2026-07-09 03:57:28,716: +PUB [/mavros/imu/data] /mavros http://localhost:36747/
[rosmaster.master][INFO] 2026-07-09 03:57:28,716: +PUB [/mavros/imu/mag] /mavros http://localhost:36747/
[rosmaster.master][INFO] 2026-07-09 03:57:28,717: +PUB [/mavros/imu/temperature_imu] /mavros http://localhost:36747/
[rosmaster.master][INFO] 2026-07-09 03:57:28,717: +PUB [/mavros/imu/temperature_baro] /mavros http://localhost:36747/
[rosmaster.master][INFO] 2026-07-09 03:57:28,718: +PUB [/mavros/imu/static_pressure] /mavros http://localhost:36747/
[rosmaster.master][INFO] 2026-07-09 03:57:28,718: +PUB [/mavros/imu/diff_pressure] /mavros http://localhost:36747/
[rosmaster.master][INFO] 2026-07-09 03:57:28,719: +PUB [/mavros/imu/data_raw] /mavros http://localhost:36747/
[rosmaster.master][INFO] 2026-07-09 03:57:28,728: +PUB [/mavros/landing_target/pose_in] /mavros http://localhost:36747/
[rosmaster.master][INFO] 2026-07-09 03:57:28,728: +PUB [/mavros/landing_target/lt_marker] /mavros http://localhost:36747/
[rosmaster.master][INFO] 2026-07-09 03:57:28,730: +SUB [/mavros/landing_target/pose] /mavros http://localhost:36747/
[rosmaster.master][INFO] 2026-07-09 03:57:28,733: +PUB [/mavros/local_position/pose] /mavros http://localhost:36747/
[rosmaster.master][INFO] 2026-07-09 03:57:28,734: +PUB [/mavros/local_position/pose_cov] /mavros http://localhost:36747/
[rosmaster.master][INFO] 2026-07-09 03:57:28,734: +PUB [/mavros/local_position/velocity_local] /mavros http://localhost:36747/
[rosmaster.master][INFO] 2026-07-09 03:57:28,734: +PUB [/mavros/local_position/velocity_body] /mavros http://localhost:36747/
[rosmaster.master][INFO] 2026-07-09 03:57:28,735: +PUB [/mavros/local_position/velocity_body_cov] /mavros http://localhost:36747/
[rosmaster.master][INFO] 2026-07-09 03:57:28,735: +PUB [/mavros/local_position/accel] /mavros http://localhost:36747/
[rosmaster.master][INFO] 2026-07-09 03:57:28,735: +PUB [/mavros/local_position/odom] /mavros http://localhost:36747/
[rosmaster.master][INFO] 2026-07-09 03:57:28,736: +PUB [/mavros/log_transfer/raw/log_entry] /mavros http://localhost:36747/
[rosmaster.master][INFO] 2026-07-09 03:57:28,737: +PUB [/mavros/log_transfer/raw/log_data] /mavros http://localhost:36747/
[rosmaster.master][INFO] 2026-07-09 03:57:28,737: +SERVICE [/mavros/log_transfer/raw/log_request_list] /mavros http://localhost:36747/
[rosmaster.master][INFO] 2026-07-09 03:57:28,738: +SERVICE [/mavros/log_transfer/raw/log_request_data] /mavros http://localhost:36747/
[rosmaster.master][INFO] 2026-07-09 03:57:28,739: +SERVICE [/mavros/log_transfer/raw/log_request_end] /mavros http://localhost:36747/
[rosmaster.master][INFO] 2026-07-09 03:57:28,739: +SERVICE [/mavros/log_transfer/raw/log_request_erase] /mavros http://localhost:36747/
[rosmaster.master][INFO] 2026-07-09 03:57:28,740: +PUB [/mavros/mag_calibration/status] /mavros http://localhost:36747/
[rosmaster.master][INFO] 2026-07-09 03:57:28,740: +PUB [/mavros/mag_calibration/report] /mavros http://localhost:36747/
[rosmaster.master][INFO] 2026-07-09 03:57:28,741: +PUB [/mavros/manual_control/control] /mavros http://localhost:36747/
[rosmaster.master][INFO] 2026-07-09 03:57:28,743: +SUB [/mavros/manual_control/send] /mavros http://localhost:36747/
[rosmaster.master][INFO] 2026-07-09 03:57:28,746: +SUB [/mavros/mocap/pose] /mavros http://localhost:36747/
[rosmaster.master][INFO] 2026-07-09 03:57:28,748: +SUB [/mavros/mount_control/command] /mavros http://localhost:36747/
[rosmaster.master][INFO] 2026-07-09 03:57:28,749: +PUB [/mavros/mount_control/orientation] /mavros http://localhost:36747/
[rosmaster.master][INFO] 2026-07-09 03:57:28,749: +PUB [/mavros/mount_control/status] /mavros http://localhost:36747/
[rosmaster.master][INFO] 2026-07-09 03:57:28,750: +SERVICE [/mavros/mount_control/configure] /mavros http://localhost:36747/
[rosmaster.master][INFO] 2026-07-09 03:57:28,754: +PUB [/mavros/nav_controller_output] /mavros http://localhost:36747/
[rosmaster.master][INFO] 2026-07-09 03:57:28,756: +SUB [/mavros/obstacle/send] /mavros http://localhost:36747/
[rosmaster.master][INFO] 2026-07-09 03:57:28,758: +PUB [/mavros/odometry/in] /mavros http://localhost:36747/
[rosmaster.master][INFO] 2026-07-09 03:57:28,760: +SUB [/mavros/odometry/out] /mavros http://localhost:36747/
[rosmaster.master][INFO] 2026-07-09 03:57:28,762: +SUB [/mavros/onboard_computer/status] /mavros http://localhost:36747/
[rosmaster.master][INFO] 2026-07-09 03:57:28,762: publisherUpdate[/mavros/home_position/home] -> http://localhost:36747/ ['http://localhost:36747/']
[rosmaster.master][INFO] 2026-07-09 03:57:28,763: +SERVICE [/mavros/param/pull] /mavros http://localhost:36747/
[rosmaster.master][INFO] 2026-07-09 03:57:28,764: +SERVICE [/mavros/param/push] /mavros http://localhost:36747/
[rosmaster.master][INFO] 2026-07-09 03:57:28,764: publisherUpdate[/mavros/home_position/home] -> http://localhost:36747/ ['http://localhost:36747/']: sec=0.00, result=[1, '', 0]
[rosmaster.master][INFO] 2026-07-09 03:57:28,764: +SERVICE [/mavros/param/set] /mavros http://localhost:36747/
[rosmaster.master][INFO] 2026-07-09 03:57:28,765: +SERVICE [/mavros/param/get] /mavros http://localhost:36747/
[rosmaster.master][INFO] 2026-07-09 03:57:28,765: +PUB [/mavros/param/param_value] /mavros http://localhost:36747/
[rosmaster.master][INFO] 2026-07-09 03:57:28,767: +SUB [/mavros/play_tune] /mavros http://localhost:36747/
[rosmaster.master][INFO] 2026-07-09 03:57:28,769: +PUB [/mavros/rallypoint/waypoints] /mavros http://localhost:36747/
[rosmaster.master][INFO] 2026-07-09 03:57:28,769: +SERVICE [/mavros/rallypoint/pull] /mavros http://localhost:36747/
[rosmaster.master][INFO] 2026-07-09 03:57:28,770: +SERVICE [/mavros/rallypoint/push] /mavros http://localhost:36747/
[rosmaster.master][INFO] 2026-07-09 03:57:28,770: +SERVICE [/mavros/rallypoint/clear] /mavros http://localhost:36747/
[rosmaster.master][INFO] 2026-07-09 03:57:28,771: +PUB [/mavros/rangefinder/rangefinder] /mavros http://localhost:36747/
[rosmaster.master][INFO] 2026-07-09 03:57:28,772: +PUB [/mavros/rc/in] /mavros http://localhost:36747/
[rosmaster.master][INFO] 2026-07-09 03:57:28,772: +PUB [/mavros/rc/out] /mavros http://localhost:36747/
[rosmaster.master][INFO] 2026-07-09 03:57:28,774: +SUB [/mavros/rc/override] /mavros http://localhost:36747/
[rosmaster.master][INFO] 2026-07-09 03:57:28,777: +SUB [/mavros/setpoint_accel/accel] /mavros http://localhost:36747/
[rosmaster.master][INFO] 2026-07-09 03:57:28,782: +SUB [/mavros/setpoint_attitude/thrust] /mavros http://localhost:36747/
[rosmaster.master][INFO] 2026-07-09 03:57:28,784: +SUB [/mavros/setpoint_attitude/cmd_vel] /mavros http://localhost:36747/
[rosmaster.master][INFO] 2026-07-09 03:57:28,793: +SUB [/mavros/setpoint_position/local] /mavros http://localhost:36747/
[rosmaster.master][INFO] 2026-07-09 03:57:28,795: +SUB [/mavros/setpoint_position/global] /mavros http://localhost:36747/
[rosmaster.master][INFO] 2026-07-09 03:57:28,796: +SUB [/mavros/setpoint_position/global_to_local] /mavros http://localhost:36747/
[rosmaster.master][INFO] 2026-07-09 03:57:28,798: +SUB [/mavros/global_position/global] /mavros http://localhost:36747/
[rosmaster.master][INFO] 2026-07-09 03:57:28,800: +SUB [/mavros/local_position/pose] /mavros http://localhost:36747/
[rosmaster.master][INFO] 2026-07-09 03:57:28,800: +SERVICE [/mavros/setpoint_position/mav_frame] /mavros http://localhost:36747/
[rosmaster.master][INFO] 2026-07-09 03:57:28,803: +SUB [/mavros/setpoint_raw/local] /mavros http://localhost:36747/
[rosmaster.master][INFO] 2026-07-09 03:57:28,805: +SUB [/mavros/setpoint_raw/global] /mavros http://localhost:36747/
[rosmaster.master][INFO] 2026-07-09 03:57:28,807: +SUB [/mavros/setpoint_raw/attitude] /mavros http://localhost:36747/
[rosmaster.master][INFO] 2026-07-09 03:57:28,807: +PUB [/mavros/setpoint_raw/target_local] /mavros http://localhost:36747/
[rosmaster.master][INFO] 2026-07-09 03:57:28,808: +PUB [/mavros/setpoint_raw/target_global] /mavros http://localhost:36747/
[rosmaster.master][INFO] 2026-07-09 03:57:28,808: +PUB [/mavros/setpoint_raw/target_attitude] /mavros http://localhost:36747/
[rosmaster.master][INFO] 2026-07-09 03:57:28,810: +SUB [/mavros/setpoint_trajectory/local] /mavros http://localhost:36747/
[rosmaster.master][INFO] 2026-07-09 03:57:28,811: +PUB [/mavros/setpoint_trajectory/desired] /mavros http://localhost:36747/
[rosmaster.master][INFO] 2026-07-09 03:57:28,811: +SERVICE [/mavros/setpoint_trajectory/reset] /mavros http://localhost:36747/
[rosmaster.master][INFO] 2026-07-09 03:57:28,812: +SERVICE [/mavros/setpoint_trajectory/mav_frame] /mavros http://localhost:36747/
[rosmaster.master][INFO] 2026-07-09 03:57:28,815: +SUB [/mavros/setpoint_velocity/cmd_vel] /mavros http://localhost:36747/
[rosmaster.master][INFO] 2026-07-09 03:57:28,817: +SUB [/mavros/setpoint_velocity/cmd_vel_unstamped] /mavros http://localhost:36747/
[rosmaster.master][INFO] 2026-07-09 03:57:28,817: +SERVICE [/mavros/setpoint_velocity/mav_frame] /mavros http://localhost:36747/
[rosmaster.master][INFO] 2026-07-09 03:57:28,822: +PUB [/mavros/state] /mavros http://localhost:36747/
[rosmaster.master][INFO] 2026-07-09 03:57:28,822: +PUB [/mavros/extended_state] /mavros http://localhost:36747/
[rosmaster.master][INFO] 2026-07-09 03:57:28,823: +PUB [/mavros/battery] /mavros http://localhost:36747/
[rosmaster.master][INFO] 2026-07-09 03:57:28,823: +PUB [/mavros/estimator_status] /mavros http://localhost:36747/
[rosmaster.master][INFO] 2026-07-09 03:57:28,824: +PUB [/mavros/statustext/recv] /mavros http://localhost:36747/
[rosmaster.master][INFO] 2026-07-09 03:57:28,824: +PUB [/mavros/sys_status] /mavros http://localhost:36747/
[rosmaster.master][INFO] 2026-07-09 03:57:28,826: +SUB [/mavros/statustext/send] /mavros http://localhost:36747/
[rosmaster.master][INFO] 2026-07-09 03:57:28,826: +SERVICE [/mavros/set_stream_rate] /mavros http://localhost:36747/
[rosmaster.master][INFO] 2026-07-09 03:57:28,827: +SERVICE [/mavros/set_mode] /mavros http://localhost:36747/
[rosmaster.master][INFO] 2026-07-09 03:57:28,827: +SERVICE [/mavros/vehicle_info_get] /mavros http://localhost:36747/
[rosmaster.master][INFO] 2026-07-09 03:57:28,828: +SERVICE [/mavros/set_message_interval] /mavros http://localhost:36747/
[rosmaster.master][INFO] 2026-07-09 03:57:28,834: +PUB [/mavros/time_reference] /mavros http://localhost:36747/
[rosmaster.master][INFO] 2026-07-09 03:57:28,834: +PUB [/mavros/timesync_status] /mavros http://localhost:36747/
[rosmaster.master][INFO] 2026-07-09 03:57:28,835: +PUB [/mavros/terrain/report] /mavros http://localhost:36747/
[rosmaster.master][INFO] 2026-07-09 03:57:28,838: +SUB [/mavros/trajectory/generated] /mavros http://localhost:36747/
[rosmaster.master][INFO] 2026-07-09 03:57:28,840: +SUB [/mavros/trajectory/path] /mavros http://localhost:36747/
[rosmaster.master][INFO] 2026-07-09 03:57:28,840: +PUB [/mavros/trajectory/desired] /mavros http://localhost:36747/
[rosmaster.master][INFO] 2026-07-09 03:57:28,842: +SUB [/mavros/tunnel/in] /mavros http://localhost:36747/
[rosmaster.master][INFO] 2026-07-09 03:57:28,843: +PUB [/mavros/tunnel/out] /mavros http://localhost:36747/
[rosmaster.master][INFO] 2026-07-09 03:57:28,844: +PUB [/mavros/vfr_hud] /mavros http://localhost:36747/
[rosmaster.master][INFO] 2026-07-09 03:57:28,849: +SUB [/mavros/vision_pose/pose] /mavros http://localhost:36747/
[rosmaster.master][INFO] 2026-07-09 03:57:28,851: +SUB [/mavros/vision_pose/pose_cov] /mavros http://localhost:36747/
[rosmaster.master][INFO] 2026-07-09 03:57:28,854: +PUB [/mavros/mission/waypoints] /mavros http://localhost:36747/
[rosmaster.master][INFO] 2026-07-09 03:57:28,854: +SERVICE [/mavros/mission/pull] /mavros http://localhost:36747/
[rosmaster.master][INFO] 2026-07-09 03:57:28,855: +SERVICE [/mavros/mission/push] /mavros http://localhost:36747/
[rosmaster.master][INFO] 2026-07-09 03:57:28,855: +SERVICE [/mavros/mission/clear] /mavros http://localhost:36747/
[rosmaster.master][INFO] 2026-07-09 03:57:28,856: +PUB [/mavros/mission/reached] /mavros http://localhost:36747/
[rosmaster.master][INFO] 2026-07-09 03:57:28,857: +SERVICE [/mavros/mission/set_current] /mavros http://localhost:36747/
[rosmaster.master][INFO] 2026-07-09 03:57:28,858: +PUB [/mavros/wind_estimation] /mavros http://localhost:36747/
[rosmaster.master][INFO] 2026-07-09 03:57:29,861: +PUB [/mavlink/gcs_ip] /mavros http://localhost:36747/
[rosmaster.master][INFO] 2026-07-09 03:57:48,737: +PUB [/rosout] /horizontal_flight_logger http://localhost:44977/
[rosmaster.master][INFO] 2026-07-09 03:57:48,742: +SERVICE [/horizontal_flight_logger/get_loggers] /horizontal_flight_logger http://localhost:44977/
[rosmaster.master][INFO] 2026-07-09 03:57:48,744: +SERVICE [/horizontal_flight_logger/set_logger_level] /horizontal_flight_logger http://localhost:44977/
[rosmaster.master][INFO] 2026-07-09 03:57:48,745: +PUB [/mavros/setpoint_raw/local] /horizontal_flight_logger http://localhost:44977/
[rosmaster.master][INFO] 2026-07-09 03:57:48,747: +SUB [/mavros/local_position/velocity_local] /horizontal_flight_logger http://localhost:44977/
[rosmaster.master][INFO] 2026-07-09 03:57:48,749: +SUB [/mavros/battery] /horizontal_flight_logger http://localhost:44977/
[rosmaster.master][INFO] 2026-07-09 03:57:48,826: publisherUpdate[/rosout] -> http://localhost:36727/ ['http://localhost:36747/', 'http://localhost:44977/']
[rosmaster.master][INFO] 2026-07-09 03:57:48,828: publisherUpdate[/rosout] -> http://localhost:36727/ ['http://localhost:36747/', 'http://localhost:44977/']: sec=0.00, result=[1, '', 0]
[rosmaster.master][INFO] 2026-07-09 03:57:48,828: publisherUpdate[/mavros/setpoint_raw/local] -> http://localhost:36747/ ['http://localhost:44977/']
[rosmaster.master][INFO] 2026-07-09 03:57:48,830: publisherUpdate[/mavros/setpoint_raw/local] -> http://localhost:36747/ ['http://localhost:44977/']: sec=0.00, result=[1, '', 0]
[rosmaster.master][INFO] 2026-07-09 03:58:42,542: -SUB [/mavros/local_position/velocity_local] /horizontal_flight_logger http://localhost:44977/
[rosmaster.master][INFO] 2026-07-09 03:58:42,543: -SUB [/mavros/battery] /horizontal_flight_logger http://localhost:44977/
[rosmaster.master][INFO] 2026-07-09 03:58:42,543: -PUB [/rosout] /horizontal_flight_logger http://localhost:44977/
[rosmaster.master][INFO] 2026-07-09 03:58:42,544: -PUB [/mavros/setpoint_raw/local] /horizontal_flight_logger http://localhost:44977/
[rosmaster.master][INFO] 2026-07-09 03:58:42,544: -SERVICE [/horizontal_flight_logger/get_loggers] /horizontal_flight_logger rosrpc://localhost:43941
[rosmaster.master][INFO] 2026-07-09 03:58:42,544: -SERVICE [/horizontal_flight_logger/set_logger_level] /horizontal_flight_logger rosrpc://localhost:43941
[rosmaster.master][INFO] 2026-07-09 03:58:42,602: publisherUpdate[/rosout] -> http://localhost:36727/ ['http://localhost:36747/']
[rosmaster.master][INFO] 2026-07-09 03:58:42,605: publisherUpdate[/rosout] -> http://localhost:36727/ ['http://localhost:36747/']: sec=0.00, result=[1, '', 0]
[rosmaster.master][INFO] 2026-07-09 03:58:42,605: publisherUpdate[/mavros/setpoint_raw/local] -> http://localhost:36747/ []
[rosmaster.master][INFO] 2026-07-09 03:58:42,606: publisherUpdate[/mavros/setpoint_raw/local] -> http://localhost:36747/ []: sec=0.00, result=[1, '', 0]
[rosmaster.master][INFO] 2026-07-09 03:58:47,219: -PUB [/rosout] /mavros http://localhost:36747/
[rosmaster.master][INFO] 2026-07-09 03:58:47,220: -PUB [/diagnostics] /mavros http://localhost:36747/
[rosmaster.master][INFO] 2026-07-09 03:58:47,220: -PUB [/tf] /mavros http://localhost:36747/
[rosmaster.master][INFO] 2026-07-09 03:58:47,221: -PUB [/tf_static] /mavros http://localhost:36747/
[rosmaster.master][INFO] 2026-07-09 03:58:47,222: -PUB [/mavlink/from] /mavros http://localhost:36747/
[rosmaster.master][INFO] 2026-07-09 03:58:47,222: -PUB [/mavros/radio_status] /mavros http://localhost:36747/
[rosmaster.master][INFO] 2026-07-09 03:58:47,223: -PUB [/mavros/adsb/vehicle] /mavros http://localhost:36747/
[rosmaster.master][INFO] 2026-07-09 03:58:47,223: -PUB [/mavros/cam_imu_sync/cam_imu_stamp] /mavros http://localhost:36747/
[rosmaster.master][INFO] 2026-07-09 03:58:47,224: publisherUpdate[/rosout] -> http://localhost:36727/ []
[rosmaster.master][INFO] 2026-07-09 03:58:47,224: publisherUpdate[/tf] -> http://localhost:36747/ []
[rosmaster.master][INFO] 2026-07-09 03:58:47,224: -PUB [/mavros/camera/image_captured] /mavros http://localhost:36747/
[rosmaster.master][INFO] 2026-07-09 03:58:47,225: publisherUpdate[/rosout] -> http://localhost:36727/ []: sec=0.00, result=[1, '', 0]
[rosmaster.master][INFO] 2026-07-09 03:58:47,226: -PUB [/mavros/distance_sensor/rangefinder_pub] /mavros http://localhost:36747/
[rosmaster.master][INFO] 2026-07-09 03:58:47,226: -PUB [/mavros/esc_info] /mavros http://localhost:36747/
[rosmaster.master][INFO] 2026-07-09 03:58:47,226: -PUB [/mavros/esc_status] /mavros http://localhost:36747/
[rosmaster.master][INFO] 2026-07-09 03:58:47,227: -PUB [/mavros/esc_telemetry] /mavros http://localhost:36747/
[rosmaster.master][INFO] 2026-07-09 03:58:47,227: -PUB [/mavros/geofence/waypoints] /mavros http://localhost:36747/
[rosmaster.master][INFO] 2026-07-09 03:58:47,227: -PUB [/mavros/global_position/raw/fix] /mavros http://localhost:36747/
[rosmaster.master][INFO] 2026-07-09 03:58:47,228: -PUB [/mavros/global_position/raw/gps_vel] /mavros http://localhost:36747/
[rosmaster.master][INFO] 2026-07-09 03:58:47,228: -PUB [/mavros/global_position/raw/satellites] /mavros http://localhost:36747/
[rosmaster.master][INFO] 2026-07-09 03:58:47,228: -PUB [/mavros/global_position/global] /mavros http://localhost:36747/
[rosmaster.master][INFO] 2026-07-09 03:58:47,229: publisherUpdate[/tf] -> http://localhost:36747/ []: sec=0.00, exception=<Fault -1: 'publisherUpdate: unknown method name'>
[rosmaster.master][INFO] 2026-07-09 03:58:47,230: -PUB [/mavros/global_position/local] /mavros http://localhost:36747/
[rosmaster.master][INFO] 2026-07-09 03:58:47,230: -PUB [/mavros/global_position/rel_alt] /mavros http://localhost:36747/
[rosmaster.master][INFO] 2026-07-09 03:58:47,231: -PUB [/mavros/global_position/compass_hdg] /mavros http://localhost:36747/
[rosmaster.master][INFO] 2026-07-09 03:58:47,231: -PUB [/mavros/global_position/gp_origin] /mavros http://localhost:36747/
[rosmaster.master][INFO] 2026-07-09 03:58:47,232: -PUB [/mavros/global_position/gp_lp_offset] /mavros http://localhost:36747/
[rosmaster.master][INFO] 2026-07-09 03:58:47,233: -PUB [/mavros/gps_rtk/rtk_baseline] /mavros http://localhost:36747/
[rosmaster.master][INFO] 2026-07-09 03:58:47,234: -PUB [/mavros/gpsstatus/gps1/raw] /mavros http://localhost:36747/
[rosmaster.threadpool][ERROR] 2026-07-09 03:58:47,234: Traceback (most recent call last):
  File "/opt/ros/noetic/lib/python3/dist-packages/rosmaster/threadpool.py", line 218, in run
    result = cmd(*args)
  File "/opt/ros/noetic/lib/python3/dist-packages/rosmaster/master_api.py", line 210, in publisher_update_task
    ret = xmlrpcapi(api).publisherUpdate('/master', topic, pub_uris)
  File "/usr/lib/python3.8/xmlrpc/client.py", line 1109, in __call__
    return self.__send(self.__name, args)
  File "/usr/lib/python3.8/xmlrpc/client.py", line 1450, in __request
    response = self.__transport.request(
  File "/usr/lib/python3.8/xmlrpc/client.py", line 1153, in request
    return self.single_request(host, handler, request_body, verbose)
  File "/usr/lib/python3.8/xmlrpc/client.py", line 1169, in single_request
    return self.parse_response(resp)
  File "/usr/lib/python3.8/xmlrpc/client.py", line 1341, in parse_response
    return u.close()
  File "/usr/lib/python3.8/xmlrpc/client.py", line 655, in close
    raise Fault(**self._stack[0])
xmlrpc.client.Fault: <Fault -1: 'publisherUpdate: unknown method name'>

[rosmaster.master][INFO] 2026-07-09 03:58:47,234: publisherUpdate[/tf_static] -> http://localhost:36747/ []
[rosmaster.master][INFO] 2026-07-09 03:58:47,235: -PUB [/mavros/gpsstatus/gps2/raw] /mavros http://localhost:36747/
[rosmaster.master][INFO] 2026-07-09 03:58:47,235: publisherUpdate[/tf_static] -> http://localhost:36747/ []: sec=0.00, exception=<Fault -1: 'publisherUpdate: unknown method name'>
[rosmaster.threadpool][ERROR] 2026-07-09 03:58:47,236: Traceback (most recent call last):
  File "/opt/ros/noetic/lib/python3/dist-packages/rosmaster/threadpool.py", line 218, in run
    result = cmd(*args)
  File "/opt/ros/noetic/lib/python3/dist-packages/rosmaster/master_api.py", line 210, in publisher_update_task
    ret = xmlrpcapi(api).publisherUpdate('/master', topic, pub_uris)
  File "/usr/lib/python3.8/xmlrpc/client.py", line 1109, in __call__
    return self.__send(self.__name, args)
  File "/usr/lib/python3.8/xmlrpc/client.py", line 1450, in __request
    response = self.__transport.request(
  File "/usr/lib/python3.8/xmlrpc/client.py", line 1153, in request
    return self.single_request(host, handler, request_body, verbose)
  File "/usr/lib/python3.8/xmlrpc/client.py", line 1169, in single_request
    return self.parse_response(resp)
  File "/usr/lib/python3.8/xmlrpc/client.py", line 1341, in parse_response
    return u.close()
  File "/usr/lib/python3.8/xmlrpc/client.py", line 655, in close
    raise Fault(**self._stack[0])
xmlrpc.client.Fault: <Fault -1: 'publisherUpdate: unknown method name'>

[rosmaster.master][INFO] 2026-07-09 03:58:47,236: publisherUpdate[/mavros/global_position/global] -> http://localhost:36747/ []
[rosmaster.master][INFO] 2026-07-09 03:58:47,236: -PUB [/mavros/gpsstatus/gps1/rtk] /mavros http://localhost:36747/
[rosmaster.master][INFO] 2026-07-09 03:58:47,237: publisherUpdate[/mavros/global_position/global] -> http://localhost:36747/ []: sec=0.00, exception=<Fault -1: 'publisherUpdate: unknown method name'>
[rosmaster.threadpool][ERROR] 2026-07-09 03:58:47,237: Traceback (most recent call last):
  File "/opt/ros/noetic/lib/python3/dist-packages/rosmaster/threadpool.py", line 218, in run
    result = cmd(*args)
  File "/opt/ros/noetic/lib/python3/dist-packages/rosmaster/master_api.py", line 210, in publisher_update_task
    ret = xmlrpcapi(api).publisherUpdate('/master', topic, pub_uris)
  File "/usr/lib/python3.8/xmlrpc/client.py", line 1109, in __call__
    return self.__send(self.__name, args)
  File "/usr/lib/python3.8/xmlrpc/client.py", line 1450, in __request
    response = self.__transport.request(
  File "/usr/lib/python3.8/xmlrpc/client.py", line 1153, in request
    return self.single_request(host, handler, request_body, verbose)
  File "/usr/lib/python3.8/xmlrpc/client.py", line 1169, in single_request
    return self.parse_response(resp)
  File "/usr/lib/python3.8/xmlrpc/client.py", line 1341, in parse_response
    return u.close()
  File "/usr/lib/python3.8/xmlrpc/client.py", line 655, in close
    raise Fault(**self._stack[0])
xmlrpc.client.Fault: <Fault -1: 'publisherUpdate: unknown method name'>

[rosmaster.master][INFO] 2026-07-09 03:58:47,237: publisherUpdate[/mavros/global_position/gp_origin] -> http://localhost:36747/ []
[rosmaster.master][INFO] 2026-07-09 03:58:47,238: -PUB [/mavros/gpsstatus/gps2/rtk] /mavros http://localhost:36747/
[rosmaster.master][INFO] 2026-07-09 03:58:47,239: publisherUpdate[/mavros/global_position/gp_origin] -> http://localhost:36747/ []: sec=0.00, exception=<Fault -1: 'publisherUpdate: unknown method name'>
[rosmaster.master][INFO] 2026-07-09 03:58:47,239: -PUB [/move_base_simple/goal] /mavros http://localhost:36747/
[rosmaster.threadpool][ERROR] 2026-07-09 03:58:47,239: Traceback (most recent call last):
  File "/opt/ros/noetic/lib/python3/dist-packages/rosmaster/threadpool.py", line 218, in run
    result = cmd(*args)
  File "/opt/ros/noetic/lib/python3/dist-packages/rosmaster/master_api.py", line 210, in publisher_update_task
    ret = xmlrpcapi(api).publisherUpdate('/master', topic, pub_uris)
  File "/usr/lib/python3.8/xmlrpc/client.py", line 1109, in __call__
    return self.__send(self.__name, args)
  File "/usr/lib/python3.8/xmlrpc/client.py", line 1450, in __request
    response = self.__transport.request(
  File "/usr/lib/python3.8/xmlrpc/client.py", line 1153, in request
    return self.single_request(host, handler, request_body, verbose)
  File "/usr/lib/python3.8/xmlrpc/client.py", line 1169, in single_request
    return self.parse_response(resp)
  File "/usr/lib/python3.8/xmlrpc/client.py", line 1341, in parse_response
    return u.close()
  File "/usr/lib/python3.8/xmlrpc/client.py", line 655, in close
    raise Fault(**self._stack[0])
xmlrpc.client.Fault: <Fault -1: 'publisherUpdate: unknown method name'>

[rosmaster.master][INFO] 2026-07-09 03:58:47,240: publisherUpdate[/mavros/home_position/home] -> http://localhost:36747/ []
[rosmaster.master][INFO] 2026-07-09 03:58:47,240: -PUB [/mavros/home_position/home] /mavros http://localhost:36747/
[rosmaster.master][INFO] 2026-07-09 03:58:47,240: publisherUpdate[/mavros/home_position/home] -> http://localhost:36747/ []: sec=0.00, exception=<Fault -1: 'publisherUpdate: unknown method name'>
[rosmaster.threadpool][ERROR] 2026-07-09 03:58:47,241: Traceback (most recent call last):
  File "/opt/ros/noetic/lib/python3/dist-packages/rosmaster/threadpool.py", line 218, in run
    result = cmd(*args)
  File "/opt/ros/noetic/lib/python3/dist-packages/rosmaster/master_api.py", line 210, in publisher_update_task
    ret = xmlrpcapi(api).publisherUpdate('/master', topic, pub_uris)
  File "/usr/lib/python3.8/xmlrpc/client.py", line 1109, in __call__
    return self.__send(self.__name, args)
  File "/usr/lib/python3.8/xmlrpc/client.py", line 1450, in __request
    response = self.__transport.request(
  File "/usr/lib/python3.8/xmlrpc/client.py", line 1153, in request
    return self.single_request(host, handler, request_body, verbose)
  File "/usr/lib/python3.8/xmlrpc/client.py", line 1169, in single_request
    return self.parse_response(resp)
  File "/usr/lib/python3.8/xmlrpc/client.py", line 1341, in parse_response
    return u.close()
  File "/usr/lib/python3.8/xmlrpc/client.py", line 655, in close
    raise Fault(**self._stack[0])
xmlrpc.client.Fault: <Fault -1: 'publisherUpdate: unknown method name'>

[rosmaster.master][INFO] 2026-07-09 03:58:47,241: -PUB [/mavros/imu/data] /mavros http://localhost:36747/
[rosmaster.master][INFO] 2026-07-09 03:58:47,242: -PUB [/mavros/imu/mag] /mavros http://localhost:36747/
[rosmaster.master][INFO] 2026-07-09 03:58:47,242: -PUB [/mavros/imu/temperature_imu] /mavros http://localhost:36747/
[rosmaster.master][INFO] 2026-07-09 03:58:47,243: -PUB [/mavros/imu/temperature_baro] /mavros http://localhost:36747/
[rosmaster.master][INFO] 2026-07-09 03:58:47,243: -PUB [/mavros/imu/static_pressure] /mavros http://localhost:36747/
[rosmaster.master][INFO] 2026-07-09 03:58:47,243: -PUB [/mavros/imu/diff_pressure] /mavros http://localhost:36747/
[rosmaster.master][INFO] 2026-07-09 03:58:47,243: -PUB [/mavros/imu/data_raw] /mavros http://localhost:36747/
[rosmaster.master][INFO] 2026-07-09 03:58:47,244: -PUB [/mavros/landing_target/pose_in] /mavros http://localhost:36747/
[rosmaster.master][INFO] 2026-07-09 03:58:47,244: -PUB [/mavros/landing_target/lt_marker] /mavros http://localhost:36747/
[rosmaster.master][INFO] 2026-07-09 03:58:47,244: -PUB [/mavros/local_position/pose] /mavros http://localhost:36747/
[rosmaster.master][INFO] 2026-07-09 03:58:47,245: -PUB [/mavros/local_position/pose_cov] /mavros http://localhost:36747/
[rosmaster.master][INFO] 2026-07-09 03:58:47,245: -PUB [/mavros/local_position/velocity_local] /mavros http://localhost:36747/
[rosmaster.master][INFO] 2026-07-09 03:58:47,246: -PUB [/mavros/local_position/velocity_body] /mavros http://localhost:36747/
[rosmaster.master][INFO] 2026-07-09 03:58:47,246: -PUB [/mavros/local_position/velocity_body_cov] /mavros http://localhost:36747/
[rosmaster.master][INFO] 2026-07-09 03:58:47,246: -PUB [/mavros/local_position/accel] /mavros http://localhost:36747/
[rosmaster.master][INFO] 2026-07-09 03:58:47,247: -PUB [/mavros/local_position/odom] /mavros http://localhost:36747/
[rosmaster.master][INFO] 2026-07-09 03:58:47,247: -PUB [/mavros/log_transfer/raw/log_entry] /mavros http://localhost:36747/
[rosmaster.master][INFO] 2026-07-09 03:58:47,248: -PUB [/mavros/log_transfer/raw/log_data] /mavros http://localhost:36747/
[rosmaster.master][INFO] 2026-07-09 03:58:47,248: -PUB [/mavros/mag_calibration/status] /mavros http://localhost:36747/
[rosmaster.master][INFO] 2026-07-09 03:58:47,248: -PUB [/mavros/mag_calibration/report] /mavros http://localhost:36747/
[rosmaster.master][INFO] 2026-07-09 03:58:47,249: -PUB [/mavros/manual_control/control] /mavros http://localhost:36747/
[rosmaster.master][INFO] 2026-07-09 03:58:47,249: -PUB [/mavros/mount_control/orientation] /mavros http://localhost:36747/
[rosmaster.master][INFO] 2026-07-09 03:58:47,249: -PUB [/mavros/mount_control/status] /mavros http://localhost:36747/
[rosmaster.master][INFO] 2026-07-09 03:58:47,250: -PUB [/mavros/nav_controller_output] /mavros http://localhost:36747/
[rosmaster.master][INFO] 2026-07-09 03:58:47,250: -PUB [/mavros/odometry/in] /mavros http://localhost:36747/
[rosmaster.master][INFO] 2026-07-09 03:58:47,251: -PUB [/mavros/param/param_value] /mavros http://localhost:36747/
[rosmaster.master][INFO] 2026-07-09 03:58:47,251: -PUB [/mavros/rallypoint/waypoints] /mavros http://localhost:36747/
[rosmaster.master][INFO] 2026-07-09 03:58:47,251: -PUB [/mavros/rangefinder/rangefinder] /mavros http://localhost:36747/
[rosmaster.master][INFO] 2026-07-09 03:58:47,252: -PUB [/mavros/rc/in] /mavros http://localhost:36747/
[rosmaster.master][INFO] 2026-07-09 03:58:47,252: -PUB [/mavros/rc/out] /mavros http://localhost:36747/
[rosmaster.master][INFO] 2026-07-09 03:58:47,253: -PUB [/mavros/setpoint_raw/target_local] /mavros http://localhost:36747/
[rosmaster.master][INFO] 2026-07-09 03:58:47,253: -PUB [/mavros/setpoint_raw/target_global] /mavros http://localhost:36747/
[rosmaster.master][INFO] 2026-07-09 03:58:47,254: -PUB [/mavros/setpoint_raw/target_attitude] /mavros http://localhost:36747/
[rosmaster.master][INFO] 2026-07-09 03:58:47,255: -PUB [/mavros/setpoint_trajectory/desired] /mavros http://localhost:36747/
[rosmaster.master][INFO] 2026-07-09 03:58:47,255: -PUB [/mavros/state] /mavros http://localhost:36747/
[rosmaster.master][INFO] 2026-07-09 03:58:47,256: -PUB [/mavros/extended_state] /mavros http://localhost:36747/
[rosmaster.master][INFO] 2026-07-09 03:58:47,256: -PUB [/mavros/battery] /mavros http://localhost:36747/
[rosmaster.master][INFO] 2026-07-09 03:58:47,257: -PUB [/mavros/estimator_status] /mavros http://localhost:36747/
[rosmaster.master][INFO] 2026-07-09 03:58:47,257: -PUB [/mavros/statustext/recv] /mavros http://localhost:36747/
[rosmaster.master][INFO] 2026-07-09 03:58:47,257: -PUB [/mavros/sys_status] /mavros http://localhost:36747/
[rosmaster.master][INFO] 2026-07-09 03:58:47,258: -PUB [/mavros/time_reference] /mavros http://localhost:36747/
[rosmaster.master][INFO] 2026-07-09 03:58:47,258: -PUB [/mavros/timesync_status] /mavros http://localhost:36747/
[rosmaster.master][INFO] 2026-07-09 03:58:47,259: -PUB [/mavros/terrain/report] /mavros http://localhost:36747/
[rosmaster.master][INFO] 2026-07-09 03:58:47,259: -PUB [/mavros/trajectory/desired] /mavros http://localhost:36747/
[rosmaster.master][INFO] 2026-07-09 03:58:47,259: -PUB [/mavros/tunnel/out] /mavros http://localhost:36747/
[rosmaster.master][INFO] 2026-07-09 03:58:47,260: -PUB [/mavros/vfr_hud] /mavros http://localhost:36747/
[rosmaster.master][INFO] 2026-07-09 03:58:47,260: -PUB [/mavros/mission/waypoints] /mavros http://localhost:36747/
[rosmaster.master][INFO] 2026-07-09 03:58:47,260: -PUB [/mavros/mission/reached] /mavros http://localhost:36747/
[rosmaster.master][INFO] 2026-07-09 03:58:47,261: -PUB [/mavros/wind_estimation] /mavros http://localhost:36747/
[rosmaster.master][INFO] 2026-07-09 03:58:47,261: -PUB [/mavlink/gcs_ip] /mavros http://localhost:36747/
[rosmaster.master][INFO] 2026-07-09 03:58:47,261: -SUB [/tf] /mavros http://localhost:36747/
[rosmaster.master][INFO] 2026-07-09 03:58:47,262: -SUB [/tf_static] /mavros http://localhost:36747/
[rosmaster.master][INFO] 2026-07-09 03:58:47,262: -SUB [/mavlink/to] /mavros http://localhost:36747/
[rosmaster.master][INFO] 2026-07-09 03:58:47,262: -SUB [/mavros/adsb/send] /mavros http://localhost:36747/
[rosmaster.master][INFO] 2026-07-09 03:58:47,263: -SUB [/mavros/cellular_status/status] /mavros http://localhost:36747/
[rosmaster.master][INFO] 2026-07-09 03:58:47,263: -SUB [/mavros/companion_process/status] /mavros http://localhost:36747/
[rosmaster.master][INFO] 2026-07-09 03:58:47,263: -SUB [/mavros/distance_sensor/rangefinder_sub] /mavros http://localhost:36747/
[rosmaster.master][INFO] 2026-07-09 03:58:47,264: -SUB [/mavros/fake_gps/mocap/pose] /mavros http://localhost:36747/
[rosmaster.master][INFO] 2026-07-09 03:58:47,264: -SUB [/mavros/global_position/set_gp_origin] /mavros http://localhost:36747/
[rosmaster.master][INFO] 2026-07-09 03:58:47,265: -SUB [/mavros/home_position/home] /mavros http://localhost:36747/
[rosmaster.master][INFO] 2026-07-09 03:58:47,265: -SUB [/mavros/gps_input/gps_input] /mavros http://localhost:36747/
[rosmaster.master][INFO] 2026-07-09 03:58:47,265: -SUB [/mavros/gps_rtk/send_rtcm] /mavros http://localhost:36747/
[rosmaster.master][INFO] 2026-07-09 03:58:47,266: -SUB [/mavros/global_position/gp_origin] /mavros http://localhost:36747/
[rosmaster.master][INFO] 2026-07-09 03:58:47,266: -SUB [/mavros/home_position/set] /mavros http://localhost:36747/
[rosmaster.master][INFO] 2026-07-09 03:58:47,266: -SUB [/mavros/landing_target/pose] /mavros http://localhost:36747/
[rosmaster.master][INFO] 2026-07-09 03:58:47,267: -SUB [/mavros/manual_control/send] /mavros http://localhost:36747/
[rosmaster.master][INFO] 2026-07-09 03:58:47,267: -SUB [/mavros/mocap/pose] /mavros http://localhost:36747/
[rosmaster.master][INFO] 2026-07-09 03:58:47,268: -SUB [/mavros/mount_control/command] /mavros http://localhost:36747/
[rosmaster.master][INFO] 2026-07-09 03:58:47,268: -SUB [/mavros/obstacle/send] /mavros http://localhost:36747/
[rosmaster.master][INFO] 2026-07-09 03:58:47,268: -SUB [/mavros/odometry/out] /mavros http://localhost:36747/
[rosmaster.master][INFO] 2026-07-09 03:58:47,269: -SUB [/mavros/onboard_computer/status] /mavros http://localhost:36747/
[rosmaster.master][INFO] 2026-07-09 03:58:47,269: -SUB [/mavros/play_tune] /mavros http://localhost:36747/
[rosmaster.master][INFO] 2026-07-09 03:58:47,270: -SUB [/mavros/rc/override] /mavros http://localhost:36747/
[rosmaster.master][INFO] 2026-07-09 03:58:47,270: -SUB [/mavros/setpoint_accel/accel] /mavros http://localhost:36747/
[rosmaster.master][INFO] 2026-07-09 03:58:47,270: -SUB [/mavros/setpoint_attitude/thrust] /mavros http://localhost:36747/
[rosmaster.master][INFO] 2026-07-09 03:58:47,271: -SUB [/mavros/setpoint_attitude/cmd_vel] /mavros http://localhost:36747/
[rosmaster.master][INFO] 2026-07-09 03:58:47,271: -SUB [/mavros/setpoint_position/local] /mavros http://localhost:36747/
[rosmaster.master][INFO] 2026-07-09 03:58:47,271: -SUB [/mavros/setpoint_position/global] /mavros http://localhost:36747/
[rosmaster.master][INFO] 2026-07-09 03:58:47,272: -SUB [/mavros/setpoint_position/global_to_local] /mavros http://localhost:36747/
[rosmaster.master][INFO] 2026-07-09 03:58:47,272: -SUB [/mavros/global_position/global] /mavros http://localhost:36747/
[rosmaster.master][INFO] 2026-07-09 03:58:47,273: -SUB [/mavros/local_position/pose] /mavros http://localhost:36747/
[rosmaster.master][INFO] 2026-07-09 03:58:47,274: -SUB [/mavros/setpoint_raw/local] /mavros http://localhost:36747/
[rosmaster.master][INFO] 2026-07-09 03:58:47,274: -SUB [/mavros/setpoint_raw/global] /mavros http://localhost:36747/
[rosmaster.master][INFO] 2026-07-09 03:58:47,275: -SUB [/mavros/setpoint_raw/attitude] /mavros http://localhost:36747/
[rosmaster.master][INFO] 2026-07-09 03:58:47,275: -SUB [/mavros/setpoint_trajectory/local] /mavros http://localhost:36747/
[rosmaster.master][INFO] 2026-07-09 03:58:47,275: -SUB [/mavros/setpoint_velocity/cmd_vel] /mavros http://localhost:36747/
[rosmaster.master][INFO] 2026-07-09 03:58:47,276: -SUB [/mavros/setpoint_velocity/cmd_vel_unstamped] /mavros http://localhost:36747/
[rosmaster.master][INFO] 2026-07-09 03:58:47,276: -SUB [/mavros/statustext/send] /mavros http://localhost:36747/
[rosmaster.master][INFO] 2026-07-09 03:58:47,276: -SUB [/mavros/trajectory/generated] /mavros http://localhost:36747/
[rosmaster.master][INFO] 2026-07-09 03:58:47,277: -SUB [/mavros/trajectory/path] /mavros http://localhost:36747/
[rosmaster.master][INFO] 2026-07-09 03:58:47,277: -SUB [/mavros/tunnel/in] /mavros http://localhost:36747/
[rosmaster.master][INFO] 2026-07-09 03:58:47,277: -SUB [/mavros/vision_pose/pose] /mavros http://localhost:36747/
[rosmaster.master][INFO] 2026-07-09 03:58:47,278: -SUB [/mavros/vision_pose/pose_cov] /mavros http://localhost:36747/
[rosmaster.master][INFO] 2026-07-09 03:58:47,278: -SERVICE [/mavros/get_loggers] /mavros rosrpc://localhost:50675
[rosmaster.master][INFO] 2026-07-09 03:58:47,278: -SERVICE [/mavros/set_logger_level] /mavros rosrpc://localhost:50675
[rosmaster.master][INFO] 2026-07-09 03:58:47,279: -SERVICE [/mavros/cmd/command] /mavros rosrpc://localhost:50675
[rosmaster.master][INFO] 2026-07-09 03:58:47,279: -SERVICE [/mavros/cmd/command_ack] /mavros rosrpc://localhost:50675
[rosmaster.master][INFO] 2026-07-09 03:58:47,279: -SERVICE [/mavros/cmd/command_int] /mavros rosrpc://localhost:50675
[rosmaster.master][INFO] 2026-07-09 03:58:47,280: -SERVICE [/mavros/cmd/arming] /mavros rosrpc://localhost:50675
[rosmaster.master][INFO] 2026-07-09 03:58:47,280: -SERVICE [/mavros/cmd/set_home] /mavros rosrpc://localhost:50675
[rosmaster.master][INFO] 2026-07-09 03:58:47,281: -SERVICE [/mavros/cmd/takeoff] /mavros rosrpc://localhost:50675
[rosmaster.master][INFO] 2026-07-09 03:58:47,282: -SERVICE [/mavros/cmd/land] /mavros rosrpc://localhost:50675
[rosmaster.master][INFO] 2026-07-09 03:58:47,282: -SERVICE [/mavros/cmd/trigger_control] /mavros rosrpc://localhost:50675
[rosmaster.master][INFO] 2026-07-09 03:58:47,283: -SERVICE [/mavros/cmd/trigger_interval] /mavros rosrpc://localhost:50675
[rosmaster.master][INFO] 2026-07-09 03:58:47,283: -SERVICE [/mavros/cmd/vtol_transition] /mavros rosrpc://localhost:50675
[rosmaster.master][INFO] 2026-07-09 03:58:47,284: -SERVICE [/mavros/geofence/pull] /mavros rosrpc://localhost:50675
[rosmaster.master][INFO] 2026-07-09 03:58:47,284: -SERVICE [/mavros/geofence/push] /mavros rosrpc://localhost:50675
[rosmaster.master][INFO] 2026-07-09 03:58:47,284: -SERVICE [/mavros/geofence/clear] /mavros rosrpc://localhost:50675
[rosmaster.master][INFO] 2026-07-09 03:58:47,285: -SERVICE [/mavros/home_position/req_update] /mavros rosrpc://localhost:50675
[rosmaster.master][INFO] 2026-07-09 03:58:47,285: -SERVICE [/mavros/log_transfer/raw/log_request_list] /mavros rosrpc://localhost:50675
[rosmaster.master][INFO] 2026-07-09 03:58:47,286: -SERVICE [/mavros/log_transfer/raw/log_request_data] /mavros rosrpc://localhost:50675
[rosmaster.master][INFO] 2026-07-09 03:58:47,286: -SERVICE [/mavros/log_transfer/raw/log_request_end] /mavros rosrpc://localhost:50675
[rosmaster.master][INFO] 2026-07-09 03:58:47,287: -SERVICE [/mavros/log_transfer/raw/log_request_erase] /mavros rosrpc://localhost:50675
[rosmaster.master][INFO] 2026-07-09 03:58:47,287: -SERVICE [/mavros/mount_control/configure] /mavros rosrpc://localhost:50675
[rosmaster.master][INFO] 2026-07-09 03:58:47,288: -SERVICE [/mavros/param/pull] /mavros rosrpc://localhost:50675
[rosmaster.master][INFO] 2026-07-09 03:58:47,288: -SERVICE [/mavros/param/push] /mavros rosrpc://localhost:50675
[rosmaster.master][INFO] 2026-07-09 03:58:47,288: -SERVICE [/mavros/param/set] /mavros rosrpc://localhost:50675
[rosmaster.master][INFO] 2026-07-09 03:58:47,289: -SERVICE [/mavros/param/get] /mavros rosrpc://localhost:50675
[rosmaster.master][INFO] 2026-07-09 03:58:47,289: -SERVICE [/mavros/rallypoint/pull] /mavros rosrpc://localhost:50675
[rosmaster.master][INFO] 2026-07-09 03:58:47,289: -SERVICE [/mavros/rallypoint/push] /mavros rosrpc://localhost:50675
[rosmaster.master][INFO] 2026-07-09 03:58:47,290: -SERVICE [/mavros/rallypoint/clear] /mavros rosrpc://localhost:50675
[rosmaster.master][INFO] 2026-07-09 03:58:47,290: -SERVICE [/mavros/setpoint_position/mav_frame] /mavros rosrpc://localhost:50675
[rosmaster.master][INFO] 2026-07-09 03:58:47,291: -SERVICE [/mavros/setpoint_trajectory/reset] /mavros rosrpc://localhost:50675
[rosmaster.master][INFO] 2026-07-09 03:58:47,291: -SERVICE [/mavros/setpoint_trajectory/mav_frame] /mavros rosrpc://localhost:50675
[rosmaster.master][INFO] 2026-07-09 03:58:47,291: -SERVICE [/mavros/setpoint_velocity/mav_frame] /mavros rosrpc://localhost:50675
[rosmaster.master][INFO] 2026-07-09 03:58:47,292: -SERVICE [/mavros/set_stream_rate] /mavros rosrpc://localhost:50675
[rosmaster.master][INFO] 2026-07-09 03:58:47,292: -SERVICE [/mavros/set_mode] /mavros rosrpc://localhost:50675
[rosmaster.master][INFO] 2026-07-09 03:58:47,292: -SERVICE [/mavros/vehicle_info_get] /mavros rosrpc://localhost:50675
[rosmaster.master][INFO] 2026-07-09 03:58:47,293: -SERVICE [/mavros/set_message_interval] /mavros rosrpc://localhost:50675
[rosmaster.master][INFO] 2026-07-09 03:58:47,293: -SERVICE [/mavros/mission/pull] /mavros rosrpc://localhost:50675
[rosmaster.master][INFO] 2026-07-09 03:58:47,293: -SERVICE [/mavros/mission/push] /mavros rosrpc://localhost:50675
[rosmaster.master][INFO] 2026-07-09 03:58:47,294: -SERVICE [/mavros/mission/clear] /mavros rosrpc://localhost:50675
[rosmaster.master][INFO] 2026-07-09 03:58:47,294: -SERVICE [/mavros/mission/set_current] /mavros rosrpc://localhost:50675
[rosmaster.master][INFO] 2026-07-09 03:58:47,296: -CACHEDPARAM [/mavros/diagnostic_period] by /mavros
[rosmaster.master][INFO] 2026-07-09 03:58:47,296: -CACHEDPARAM [/rosout_disable_topics_generation] by /mavros
[rosmaster.master][INFO] 2026-07-09 03:58:47,319: publisherUpdate[/mavros/local_position/pose] -> http://localhost:36747/ []
[rosmaster.master][INFO] 2026-07-09 03:58:47,319: publisherUpdate[/mavros/local_position/pose] -> http://localhost:36747/ []: sec=0.00, exception=<Fault -1: 'publisherUpdate: unknown method name'>
[rosmaster.threadpool][ERROR] 2026-07-09 03:58:47,320: Traceback (most recent call last):
  File "/opt/ros/noetic/lib/python3/dist-packages/rosmaster/threadpool.py", line 218, in run
    result = cmd(*args)
  File "/opt/ros/noetic/lib/python3/dist-packages/rosmaster/master_api.py", line 210, in publisher_update_task
    ret = xmlrpcapi(api).publisherUpdate('/master', topic, pub_uris)
  File "/usr/lib/python3.8/xmlrpc/client.py", line 1109, in __call__
    return self.__send(self.__name, args)
  File "/usr/lib/python3.8/xmlrpc/client.py", line 1450, in __request
    response = self.__transport.request(
  File "/usr/lib/python3.8/xmlrpc/client.py", line 1153, in request
    return self.single_request(host, handler, request_body, verbose)
  File "/usr/lib/python3.8/xmlrpc/client.py", line 1169, in single_request
    return self.parse_response(resp)
  File "/usr/lib/python3.8/xmlrpc/client.py", line 1341, in parse_response
    return u.close()
  File "/usr/lib/python3.8/xmlrpc/client.py", line 655, in close
    raise Fault(**self._stack[0])
xmlrpc.client.Fault: <Fault -1: 'publisherUpdate: unknown method name'>

[rosmaster.master][INFO] 2026-07-09 03:58:50,032: -PUB [/rosout_agg] /rosout http://localhost:36727/
[rosmaster.master][INFO] 2026-07-09 03:58:50,033: -SUB [/rosout] /rosout http://localhost:36727/
[rosmaster.master][INFO] 2026-07-09 03:58:50,033: -SERVICE [/rosout/get_loggers] /rosout rosrpc://localhost:49699
[rosmaster.master][INFO] 2026-07-09 03:58:50,033: -SERVICE [/rosout/set_logger_level] /rosout rosrpc://localhost:49699
[rosmaster.master][INFO] 2026-07-09 03:58:50,034: -CACHEDPARAM [/rosout/omit_topics] by /rosout
[rosmaster.main][INFO] 2026-07-09 03:58:50,100: keyboard interrupt, will exit
[rosmaster.main][INFO] 2026-07-09 03:58:50,100: stopping master...
[rospy.core][INFO] 2026-07-09 03:58:50,100: signal_shutdown [atexit]
