[rosmaster.main][INFO] 2026-06-24 15:52:25,000: initialization complete, waiting for shutdown
[rosmaster.main][INFO] 2026-06-24 15:52:25,000: Starting ROS Master Node
[xmlrpc][INFO] 2026-06-24 15:52:25,001: XML-RPC server binding to 127.0.0.1:11311
[xmlrpc][INFO] 2026-06-24 15:52:25,001: Started XML-RPC server [http://localhost:11311/]
[xmlrpc][INFO] 2026-06-24 15:52:25,001: xml rpc node: starting XML-RPC server
[rosmaster.master][INFO] 2026-06-24 15:52:25,001: Master initialized: port[11311], uri[http://localhost:11311/]
[rosmaster.master][INFO] 2026-06-24 15:52:25,068: +PARAM [/run_id] by /roslaunch
[rosmaster.master][INFO] 2026-06-24 15:52:25,069: +PARAM [/roslaunch/uris/host_localhost__45121] by /roslaunch
[rosmaster.master][INFO] 2026-06-24 15:52:25,093: +PARAM [/rosversion] by /roslaunch
[rosmaster.master][INFO] 2026-06-24 15:52:25,093: +PARAM [/rosdistro] by /roslaunch
[rosmaster.master][INFO] 2026-06-24 15:52:25,097: +SERVICE [/rosout/get_loggers] /rosout http://localhost:44195/
[rosmaster.master][INFO] 2026-06-24 15:52:25,098: +SERVICE [/rosout/set_logger_level] /rosout http://localhost:44195/
[rosmaster.master][INFO] 2026-06-24 15:52:25,099: +PUB [/rosout_agg] /rosout http://localhost:44195/
[rosmaster.master][INFO] 2026-06-24 15:52:25,100: +SUB [/rosout] /rosout http://localhost:44195/
[rosmaster.master][INFO] 2026-06-24 15:52:29,509: +PARAM [/roslaunch/uris/host_localhost__34979] by /roslaunch
[rosmaster.master][INFO] 2026-06-24 15:52:29,513: +PARAM [/rosversion] by /roslaunch
[rosmaster.master][INFO] 2026-06-24 15:52:29,513: +PARAM [/rosdistro] by /roslaunch
[rosmaster.master][INFO] 2026-06-24 15:52:29,513: +PARAM [/mavros/plugin_blacklist] by /roslaunch
[rosmaster.master][INFO] 2026-06-24 15:52:29,513: +PARAM [/mavros/plugin_whitelist] by /roslaunch
[rosmaster.master][INFO] 2026-06-24 15:52:29,513: +PARAM [/mavros/startup_px4_usb_quirk] by /roslaunch
[rosmaster.master][INFO] 2026-06-24 15:52:29,513: +PARAM [/mavros/conn/heartbeat_rate] by /roslaunch
[rosmaster.master][INFO] 2026-06-24 15:52:29,513: +PARAM [/mavros/conn/heartbeat_mav_type] by /roslaunch
[rosmaster.master][INFO] 2026-06-24 15:52:29,513: +PARAM [/mavros/conn/timeout] by /roslaunch
[rosmaster.master][INFO] 2026-06-24 15:52:29,513: +PARAM [/mavros/conn/timesync_rate] by /roslaunch
[rosmaster.master][INFO] 2026-06-24 15:52:29,513: +PARAM [/mavros/conn/system_time_rate] by /roslaunch
[rosmaster.master][INFO] 2026-06-24 15:52:29,513: +PARAM [/mavros/sys/min_voltage] by /roslaunch
[rosmaster.master][INFO] 2026-06-24 15:52:29,513: +PARAM [/mavros/sys/disable_diag] by /roslaunch
[rosmaster.master][INFO] 2026-06-24 15:52:29,513: +PARAM [/mavros/time/time_ref_source] by /roslaunch
[rosmaster.master][INFO] 2026-06-24 15:52:29,513: +PARAM [/mavros/time/timesync_mode] by /roslaunch
[rosmaster.master][INFO] 2026-06-24 15:52:29,514: +PARAM [/mavros/time/timesync_avg_alpha] by /roslaunch
[rosmaster.master][INFO] 2026-06-24 15:52:29,514: +PARAM [/mavros/tdr_radio/low_rssi] by /roslaunch
[rosmaster.master][INFO] 2026-06-24 15:52:29,514: +PARAM [/mavros/cmd/use_comp_id_system_control] by /roslaunch
[rosmaster.master][INFO] 2026-06-24 15:52:29,514: +PARAM [/mavros/global_position/frame_id] by /roslaunch
[rosmaster.master][INFO] 2026-06-24 15:52:29,514: +PARAM [/mavros/global_position/child_frame_id] by /roslaunch
[rosmaster.master][INFO] 2026-06-24 15:52:29,514: +PARAM [/mavros/global_position/rot_covariance] by /roslaunch
[rosmaster.master][INFO] 2026-06-24 15:52:29,514: +PARAM [/mavros/global_position/gps_uere] by /roslaunch
[rosmaster.master][INFO] 2026-06-24 15:52:29,514: +PARAM [/mavros/global_position/use_relative_alt] by /roslaunch
[rosmaster.master][INFO] 2026-06-24 15:52:29,514: +PARAM [/mavros/global_position/tf/send] by /roslaunch
[rosmaster.master][INFO] 2026-06-24 15:52:29,514: +PARAM [/mavros/global_position/tf/frame_id] by /roslaunch
[rosmaster.master][INFO] 2026-06-24 15:52:29,514: +PARAM [/mavros/global_position/tf/global_frame_id] by /roslaunch
[rosmaster.master][INFO] 2026-06-24 15:52:29,514: +PARAM [/mavros/global_position/tf/child_frame_id] by /roslaunch
[rosmaster.master][INFO] 2026-06-24 15:52:29,514: +PARAM [/mavros/imu/frame_id] by /roslaunch
[rosmaster.master][INFO] 2026-06-24 15:52:29,514: +PARAM [/mavros/imu/linear_acceleration_stdev] by /roslaunch
[rosmaster.master][INFO] 2026-06-24 15:52:29,514: +PARAM [/mavros/imu/angular_velocity_stdev] by /roslaunch
[rosmaster.master][INFO] 2026-06-24 15:52:29,514: +PARAM [/mavros/imu/orientation_stdev] by /roslaunch
[rosmaster.master][INFO] 2026-06-24 15:52:29,514: +PARAM [/mavros/imu/magnetic_stdev] by /roslaunch
[rosmaster.master][INFO] 2026-06-24 15:52:29,514: +PARAM [/mavros/local_position/frame_id] by /roslaunch
[rosmaster.master][INFO] 2026-06-24 15:52:29,514: +PARAM [/mavros/local_position/tf/send] by /roslaunch
[rosmaster.master][INFO] 2026-06-24 15:52:29,514: +PARAM [/mavros/local_position/tf/frame_id] by /roslaunch
[rosmaster.master][INFO] 2026-06-24 15:52:29,514: +PARAM [/mavros/local_position/tf/child_frame_id] by /roslaunch
[rosmaster.master][INFO] 2026-06-24 15:52:29,514: +PARAM [/mavros/local_position/tf/send_fcu] by /roslaunch
[rosmaster.master][INFO] 2026-06-24 15:52:29,514: +PARAM [/mavros/safety_area/p1/x] by /roslaunch
[rosmaster.master][INFO] 2026-06-24 15:52:29,514: +PARAM [/mavros/safety_area/p1/y] by /roslaunch
[rosmaster.master][INFO] 2026-06-24 15:52:29,514: +PARAM [/mavros/safety_area/p1/z] by /roslaunch
[rosmaster.master][INFO] 2026-06-24 15:52:29,515: +PARAM [/mavros/safety_area/p2/x] by /roslaunch
[rosmaster.master][INFO] 2026-06-24 15:52:29,515: +PARAM [/mavros/safety_area/p2/y] by /roslaunch
[rosmaster.master][INFO] 2026-06-24 15:52:29,515: +PARAM [/mavros/safety_area/p2/z] by /roslaunch
[rosmaster.master][INFO] 2026-06-24 15:52:29,515: +PARAM [/mavros/setpoint_accel/send_force] by /roslaunch
[rosmaster.master][INFO] 2026-06-24 15:52:29,515: +PARAM [/mavros/setpoint_attitude/reverse_thrust] by /roslaunch
[rosmaster.master][INFO] 2026-06-24 15:52:29,515: +PARAM [/mavros/setpoint_attitude/use_quaternion] by /roslaunch
[rosmaster.master][INFO] 2026-06-24 15:52:29,515: +PARAM [/mavros/setpoint_attitude/tf/listen] by /roslaunch
[rosmaster.master][INFO] 2026-06-24 15:52:29,515: +PARAM [/mavros/setpoint_attitude/tf/frame_id] by /roslaunch
[rosmaster.master][INFO] 2026-06-24 15:52:29,515: +PARAM [/mavros/setpoint_attitude/tf/child_frame_id] by /roslaunch
[rosmaster.master][INFO] 2026-06-24 15:52:29,515: +PARAM [/mavros/setpoint_attitude/tf/rate_limit] by /roslaunch
[rosmaster.master][INFO] 2026-06-24 15:52:29,515: +PARAM [/mavros/setpoint_raw/thrust_scaling] by /roslaunch
[rosmaster.master][INFO] 2026-06-24 15:52:29,515: +PARAM [/mavros/setpoint_position/tf/listen] by /roslaunch
[rosmaster.master][INFO] 2026-06-24 15:52:29,515: +PARAM [/mavros/setpoint_position/tf/frame_id] by /roslaunch
[rosmaster.master][INFO] 2026-06-24 15:52:29,515: +PARAM [/mavros/setpoint_position/tf/child_frame_id] by /roslaunch
[rosmaster.master][INFO] 2026-06-24 15:52:29,515: +PARAM [/mavros/setpoint_position/tf/rate_limit] by /roslaunch
[rosmaster.master][INFO] 2026-06-24 15:52:29,515: +PARAM [/mavros/setpoint_position/mav_frame] by /roslaunch
[rosmaster.master][INFO] 2026-06-24 15:52:29,515: +PARAM [/mavros/guided_target/tf/listen] by /roslaunch
[rosmaster.master][INFO] 2026-06-24 15:52:29,515: +PARAM [/mavros/guided_target/tf/frame_id] by /roslaunch
[rosmaster.master][INFO] 2026-06-24 15:52:29,515: +PARAM [/mavros/guided_target/tf/child_frame_id] by /roslaunch
[rosmaster.master][INFO] 2026-06-24 15:52:29,515: +PARAM [/mavros/guided_target/tf/rate_limit] by /roslaunch
[rosmaster.master][INFO] 2026-06-24 15:52:29,515: +PARAM [/mavros/setpoint_velocity/mav_frame] by /roslaunch
[rosmaster.master][INFO] 2026-06-24 15:52:29,515: +PARAM [/mavros/mission/pull_after_gcs] by /roslaunch
[rosmaster.master][INFO] 2026-06-24 15:52:29,515: +PARAM [/mavros/mission/use_mission_item_int] by /roslaunch
[rosmaster.master][INFO] 2026-06-24 15:52:29,515: +PARAM [/mavros/distance_sensor/rangefinder_pub/id] by /roslaunch
[rosmaster.master][INFO] 2026-06-24 15:52:29,515: +PARAM [/mavros/distance_sensor/rangefinder_pub/frame_id] by /roslaunch
[rosmaster.master][INFO] 2026-06-24 15:52:29,515: +PARAM [/mavros/distance_sensor/rangefinder_pub/field_of_view] by /roslaunch
[rosmaster.master][INFO] 2026-06-24 15:52:29,515: +PARAM [/mavros/distance_sensor/rangefinder_pub/send_tf] by /roslaunch
[rosmaster.master][INFO] 2026-06-24 15:52:29,515: +PARAM [/mavros/distance_sensor/rangefinder_pub/sensor_position/x] by /roslaunch
[rosmaster.master][INFO] 2026-06-24 15:52:29,515: +PARAM [/mavros/distance_sensor/rangefinder_pub/sensor_position/y] by /roslaunch
[rosmaster.master][INFO] 2026-06-24 15:52:29,515: +PARAM [/mavros/distance_sensor/rangefinder_pub/sensor_position/z] by /roslaunch
[rosmaster.master][INFO] 2026-06-24 15:52:29,515: +PARAM [/mavros/distance_sensor/rangefinder_sub/subscriber] by /roslaunch
[rosmaster.master][INFO] 2026-06-24 15:52:29,515: +PARAM [/mavros/distance_sensor/rangefinder_sub/id] by /roslaunch
[rosmaster.master][INFO] 2026-06-24 15:52:29,515: +PARAM [/mavros/distance_sensor/rangefinder_sub/orientation] by /roslaunch
[rosmaster.master][INFO] 2026-06-24 15:52:29,515: +PARAM [/mavros/image/frame_id] by /roslaunch
[rosmaster.master][INFO] 2026-06-24 15:52:29,515: +PARAM [/mavros/fake_gps/use_mocap] by /roslaunch
[rosmaster.master][INFO] 2026-06-24 15:52:29,515: +PARAM [/mavros/fake_gps/mocap_transform] by /roslaunch
[rosmaster.master][INFO] 2026-06-24 15:52:29,515: +PARAM [/mavros/fake_gps/mocap_withcovariance] by /roslaunch
[rosmaster.master][INFO] 2026-06-24 15:52:29,515: +PARAM [/mavros/fake_gps/use_vision] by /roslaunch
[rosmaster.master][INFO] 2026-06-24 15:52:29,515: +PARAM [/mavros/fake_gps/use_hil_gps] by /roslaunch
[rosmaster.master][INFO] 2026-06-24 15:52:29,515: +PARAM [/mavros/fake_gps/gps_id] by /roslaunch
[rosmaster.master][INFO] 2026-06-24 15:52:29,515: +PARAM [/mavros/fake_gps/geo_origin/lat] by /roslaunch
[rosmaster.master][INFO] 2026-06-24 15:52:29,515: +PARAM [/mavros/fake_gps/geo_origin/lon] by /roslaunch
[rosmaster.master][INFO] 2026-06-24 15:52:29,515: +PARAM [/mavros/fake_gps/geo_origin/alt] by /roslaunch
[rosmaster.master][INFO] 2026-06-24 15:52:29,515: +PARAM [/mavros/fake_gps/eph] by /roslaunch
[rosmaster.master][INFO] 2026-06-24 15:52:29,515: +PARAM [/mavros/fake_gps/epv] by /roslaunch
[rosmaster.master][INFO] 2026-06-24 15:52:29,515: +PARAM [/mavros/fake_gps/horiz_accuracy] by /roslaunch
[rosmaster.master][INFO] 2026-06-24 15:52:29,515: +PARAM [/mavros/fake_gps/vert_accuracy] by /roslaunch
[rosmaster.master][INFO] 2026-06-24 15:52:29,515: +PARAM [/mavros/fake_gps/speed_accuracy] by /roslaunch
[rosmaster.master][INFO] 2026-06-24 15:52:29,516: +PARAM [/mavros/fake_gps/satellites_visible] by /roslaunch
[rosmaster.master][INFO] 2026-06-24 15:52:29,516: +PARAM [/mavros/fake_gps/fix_type] by /roslaunch
[rosmaster.master][INFO] 2026-06-24 15:52:29,516: +PARAM [/mavros/fake_gps/tf/listen] by /roslaunch
[rosmaster.master][INFO] 2026-06-24 15:52:29,516: +PARAM [/mavros/fake_gps/tf/send] by /roslaunch
[rosmaster.master][INFO] 2026-06-24 15:52:29,516: +PARAM [/mavros/fake_gps/tf/frame_id] by /roslaunch
[rosmaster.master][INFO] 2026-06-24 15:52:29,516: +PARAM [/mavros/fake_gps/tf/child_frame_id] by /roslaunch
[rosmaster.master][INFO] 2026-06-24 15:52:29,516: +PARAM [/mavros/fake_gps/tf/rate_limit] by /roslaunch
[rosmaster.master][INFO] 2026-06-24 15:52:29,516: +PARAM [/mavros/fake_gps/gps_rate] by /roslaunch
[rosmaster.master][INFO] 2026-06-24 15:52:29,516: +PARAM [/mavros/landing_target/listen_lt] by /roslaunch
[rosmaster.master][INFO] 2026-06-24 15:52:29,516: +PARAM [/mavros/landing_target/mav_frame] by /roslaunch
[rosmaster.master][INFO] 2026-06-24 15:52:29,516: +PARAM [/mavros/landing_target/land_target_type] by /roslaunch
[rosmaster.master][INFO] 2026-06-24 15:52:29,516: +PARAM [/mavros/landing_target/image/width] by /roslaunch
[rosmaster.master][INFO] 2026-06-24 15:52:29,516: +PARAM [/mavros/landing_target/image/height] by /roslaunch
[rosmaster.master][INFO] 2026-06-24 15:52:29,516: +PARAM [/mavros/landing_target/camera/fov_x] by /roslaunch
[rosmaster.master][INFO] 2026-06-24 15:52:29,516: +PARAM [/mavros/landing_target/camera/fov_y] by /roslaunch
[rosmaster.master][INFO] 2026-06-24 15:52:29,516: +PARAM [/mavros/landing_target/tf/send] by /roslaunch
[rosmaster.master][INFO] 2026-06-24 15:52:29,516: +PARAM [/mavros/landing_target/tf/listen] by /roslaunch
[rosmaster.master][INFO] 2026-06-24 15:52:29,516: +PARAM [/mavros/landing_target/tf/frame_id] by /roslaunch
[rosmaster.master][INFO] 2026-06-24 15:52:29,516: +PARAM [/mavros/landing_target/tf/child_frame_id] by /roslaunch
[rosmaster.master][INFO] 2026-06-24 15:52:29,516: +PARAM [/mavros/landing_target/tf/rate_limit] by /roslaunch
[rosmaster.master][INFO] 2026-06-24 15:52:29,516: +PARAM [/mavros/landing_target/target_size/x] by /roslaunch
[rosmaster.master][INFO] 2026-06-24 15:52:29,516: +PARAM [/mavros/landing_target/target_size/y] by /roslaunch
[rosmaster.master][INFO] 2026-06-24 15:52:29,516: +PARAM [/mavros/mocap/use_tf] by /roslaunch
[rosmaster.master][INFO] 2026-06-24 15:52:29,516: +PARAM [/mavros/mocap/use_pose] by /roslaunch
[rosmaster.master][INFO] 2026-06-24 15:52:29,516: +PARAM [/mavros/mount/debounce_s] by /roslaunch
[rosmaster.master][INFO] 2026-06-24 15:52:29,516: +PARAM [/mavros/mount/err_threshold_deg] by /roslaunch
[rosmaster.master][INFO] 2026-06-24 15:52:29,516: +PARAM [/mavros/mount/negate_measured_roll] by /roslaunch
[rosmaster.master][INFO] 2026-06-24 15:52:29,516: +PARAM [/mavros/mount/negate_measured_pitch] by /roslaunch
[rosmaster.master][INFO] 2026-06-24 15:52:29,516: +PARAM [/mavros/mount/negate_measured_yaw] by /roslaunch
[rosmaster.master][INFO] 2026-06-24 15:52:29,516: +PARAM [/mavros/odometry/frame_tf/desired_frame] by /roslaunch
[rosmaster.master][INFO] 2026-06-24 15:52:29,516: +PARAM [/mavros/odometry/estimator_type] by /roslaunch
[rosmaster.master][INFO] 2026-06-24 15:52:29,516: +PARAM [/mavros/px4flow/frame_id] by /roslaunch
[rosmaster.master][INFO] 2026-06-24 15:52:29,516: +PARAM [/mavros/px4flow/ranger_fov] by /roslaunch
[rosmaster.master][INFO] 2026-06-24 15:52:29,516: +PARAM [/mavros/px4flow/ranger_min_range] by /roslaunch
[rosmaster.master][INFO] 2026-06-24 15:52:29,516: +PARAM [/mavros/px4flow/ranger_max_range] by /roslaunch
[rosmaster.master][INFO] 2026-06-24 15:52:29,516: +PARAM [/mavros/vision_pose/tf/listen] by /roslaunch
[rosmaster.master][INFO] 2026-06-24 15:52:29,516: +PARAM [/mavros/vision_pose/tf/frame_id] by /roslaunch
[rosmaster.master][INFO] 2026-06-24 15:52:29,516: +PARAM [/mavros/vision_pose/tf/child_frame_id] by /roslaunch
[rosmaster.master][INFO] 2026-06-24 15:52:29,516: +PARAM [/mavros/vision_pose/tf/rate_limit] by /roslaunch
[rosmaster.master][INFO] 2026-06-24 15:52:29,516: +PARAM [/mavros/vision_speed/listen_twist] by /roslaunch
[rosmaster.master][INFO] 2026-06-24 15:52:29,516: +PARAM [/mavros/vision_speed/twist_cov] by /roslaunch
[rosmaster.master][INFO] 2026-06-24 15:52:29,516: +PARAM [/mavros/vibration/frame_id] by /roslaunch
[rosmaster.master][INFO] 2026-06-24 15:52:29,516: +PARAM [/mavros/wheel_odometry/count] by /roslaunch
[rosmaster.master][INFO] 2026-06-24 15:52:29,516: +PARAM [/mavros/wheel_odometry/use_rpm] by /roslaunch
[rosmaster.master][INFO] 2026-06-24 15:52:29,516: +PARAM [/mavros/wheel_odometry/wheel0/x] by /roslaunch
[rosmaster.master][INFO] 2026-06-24 15:52:29,516: +PARAM [/mavros/wheel_odometry/wheel0/y] by /roslaunch
[rosmaster.master][INFO] 2026-06-24 15:52:29,516: +PARAM [/mavros/wheel_odometry/wheel0/radius] by /roslaunch
[rosmaster.master][INFO] 2026-06-24 15:52:29,517: +PARAM [/mavros/wheel_odometry/wheel1/x] by /roslaunch
[rosmaster.master][INFO] 2026-06-24 15:52:29,517: +PARAM [/mavros/wheel_odometry/wheel1/y] by /roslaunch
[rosmaster.master][INFO] 2026-06-24 15:52:29,517: +PARAM [/mavros/wheel_odometry/wheel1/radius] by /roslaunch
[rosmaster.master][INFO] 2026-06-24 15:52:29,517: +PARAM [/mavros/wheel_odometry/send_raw] by /roslaunch
[rosmaster.master][INFO] 2026-06-24 15:52:29,517: +PARAM [/mavros/wheel_odometry/send_twist] by /roslaunch
[rosmaster.master][INFO] 2026-06-24 15:52:29,517: +PARAM [/mavros/wheel_odometry/frame_id] by /roslaunch
[rosmaster.master][INFO] 2026-06-24 15:52:29,517: +PARAM [/mavros/wheel_odometry/child_frame_id] by /roslaunch
[rosmaster.master][INFO] 2026-06-24 15:52:29,517: +PARAM [/mavros/wheel_odometry/vel_error] by /roslaunch
[rosmaster.master][INFO] 2026-06-24 15:52:29,517: +PARAM [/mavros/wheel_odometry/tf/send] by /roslaunch
[rosmaster.master][INFO] 2026-06-24 15:52:29,517: +PARAM [/mavros/wheel_odometry/tf/frame_id] by /roslaunch
[rosmaster.master][INFO] 2026-06-24 15:52:29,517: +PARAM [/mavros/wheel_odometry/tf/child_frame_id] by /roslaunch
[rosmaster.master][INFO] 2026-06-24 15:52:29,517: +PARAM [/mavros/fcu_url] by /roslaunch
[rosmaster.master][INFO] 2026-06-24 15:52:29,517: +PARAM [/mavros/gcs_url] by /roslaunch
[rosmaster.master][INFO] 2026-06-24 15:52:29,517: +PARAM [/mavros/target_system_id] by /roslaunch
[rosmaster.master][INFO] 2026-06-24 15:52:29,517: +PARAM [/mavros/target_component_id] by /roslaunch
[rosmaster.master][INFO] 2026-06-24 15:52:29,517: +PARAM [/mavros/fcu_protocol] by /roslaunch
[rosmaster.master][INFO] 2026-06-24 15:52:29,552: +PUB [/rosout] /mavros http://localhost:36129/
[rosmaster.master][INFO] 2026-06-24 15:52:29,552: +SERVICE [/mavros/get_loggers] /mavros http://localhost:36129/
[rosmaster.master][INFO] 2026-06-24 15:52:29,553: +SERVICE [/mavros/set_logger_level] /mavros http://localhost:36129/
[rosmaster.master][INFO] 2026-06-24 15:52:29,553: +PUB [/diagnostics] /mavros http://localhost:36129/
[rosmaster.master][INFO] 2026-06-24 15:52:29,554: +CACHEDPARAM [/mavros/diagnostic_period] by /mavros
[rosmaster.master][INFO] 2026-06-24 15:52:29,562: +SUB [/tf] /mavros http://localhost:36129/
[rosmaster.master][INFO] 2026-06-24 15:52:29,563: +SUB [/tf_static] /mavros http://localhost:36129/
[rosmaster.master][INFO] 2026-06-24 15:52:29,564: +PUB [/tf] /mavros http://localhost:36129/
[rosmaster.master][INFO] 2026-06-24 15:52:29,564: +PUB [/tf_static] /mavros http://localhost:36129/
[rosmaster.master][INFO] 2026-06-24 15:52:29,587: +CACHEDPARAM [/rosout_disable_topics_generation] by /mavros
[rosmaster.master][INFO] 2026-06-24 15:52:29,589: +PUB [/mavlink/from] /mavros http://localhost:36129/
[rosmaster.master][INFO] 2026-06-24 15:52:29,590: +SUB [/mavlink/to] /mavros http://localhost:36129/
[rosmaster.master][INFO] 2026-06-24 15:52:29,599: +PUB [/mavros/radio_status] /mavros http://localhost:36129/
[rosmaster.master][INFO] 2026-06-24 15:52:29,604: +PUB [/mavros/adsb/vehicle] /mavros http://localhost:36129/
[rosmaster.master][INFO] 2026-06-24 15:52:29,605: +SUB [/mavros/adsb/send] /mavros http://localhost:36129/
[rosmaster.master][INFO] 2026-06-24 15:52:29,605: +PUB [/mavros/cam_imu_sync/cam_imu_stamp] /mavros http://localhost:36129/
[rosmaster.master][INFO] 2026-06-24 15:52:29,606: +PUB [/mavros/camera/image_captured] /mavros http://localhost:36129/
[rosmaster.master][INFO] 2026-06-24 15:52:29,607: +SUB [/mavros/cellular_status/status] /mavros http://localhost:36129/
[rosmaster.master][INFO] 2026-06-24 15:52:29,608: +SERVICE [/mavros/cmd/command] /mavros http://localhost:36129/
[rosmaster.master][INFO] 2026-06-24 15:52:29,609: +SERVICE [/mavros/cmd/command_ack] /mavros http://localhost:36129/
[rosmaster.master][INFO] 2026-06-24 15:52:29,609: +SERVICE [/mavros/cmd/command_int] /mavros http://localhost:36129/
[rosmaster.master][INFO] 2026-06-24 15:52:29,609: +SERVICE [/mavros/cmd/arming] /mavros http://localhost:36129/
[rosmaster.master][INFO] 2026-06-24 15:52:29,610: +SERVICE [/mavros/cmd/set_home] /mavros http://localhost:36129/
[rosmaster.master][INFO] 2026-06-24 15:52:29,610: +SERVICE [/mavros/cmd/takeoff] /mavros http://localhost:36129/
[rosmaster.master][INFO] 2026-06-24 15:52:29,610: +SERVICE [/mavros/cmd/land] /mavros http://localhost:36129/
[rosmaster.master][INFO] 2026-06-24 15:52:29,610: +SERVICE [/mavros/cmd/trigger_control] /mavros http://localhost:36129/
[rosmaster.master][INFO] 2026-06-24 15:52:29,611: +SERVICE [/mavros/cmd/trigger_interval] /mavros http://localhost:36129/
[rosmaster.master][INFO] 2026-06-24 15:52:29,611: +SERVICE [/mavros/cmd/vtol_transition] /mavros http://localhost:36129/
[rosmaster.master][INFO] 2026-06-24 15:52:29,612: +SUB [/mavros/companion_process/status] /mavros http://localhost:36129/
[rosmaster.master][INFO] 2026-06-24 15:52:29,613: publisherUpdate[/rosout] -> http://localhost:44195/ ['http://localhost:36129/']
[rosmaster.master][INFO] 2026-06-24 15:52:29,613: publisherUpdate[/tf] -> http://localhost:36129/ ['http://localhost:36129/']
[rosmaster.master][INFO] 2026-06-24 15:52:29,616: +PUB [/mavros/distance_sensor/rangefinder_pub] /mavros http://localhost:36129/
[rosmaster.master][INFO] 2026-06-24 15:52:29,617: publisherUpdate[/tf] -> http://localhost:36129/ ['http://localhost:36129/']: sec=0.00, result=[1, '', 0]
[rosmaster.master][INFO] 2026-06-24 15:52:29,617: publisherUpdate[/rosout] -> http://localhost:44195/ ['http://localhost:36129/']: sec=0.00, result=[1, '', 0]
[rosmaster.master][INFO] 2026-06-24 15:52:29,617: publisherUpdate[/tf_static] -> http://localhost:36129/ ['http://localhost:36129/']
[rosmaster.master][INFO] 2026-06-24 15:52:29,618: publisherUpdate[/tf_static] -> http://localhost:36129/ ['http://localhost:36129/']: sec=0.00, result=[1, '', 0]
[rosmaster.master][INFO] 2026-06-24 15:52:29,619: +SUB [/mavros/distance_sensor/rangefinder_sub] /mavros http://localhost:36129/
[rosmaster.master][INFO] 2026-06-24 15:52:29,621: +PUB [/mavros/esc_info] /mavros http://localhost:36129/
[rosmaster.master][INFO] 2026-06-24 15:52:29,621: +PUB [/mavros/esc_status] /mavros http://localhost:36129/
[rosmaster.master][INFO] 2026-06-24 15:52:29,622: +PUB [/mavros/esc_telemetry] /mavros http://localhost:36129/
[rosmaster.master][INFO] 2026-06-24 15:52:29,630: +SUB [/mavros/fake_gps/mocap/pose] /mavros http://localhost:36129/
[rosmaster.master][INFO] 2026-06-24 15:52:29,631: +PUB [/mavros/geofence/waypoints] /mavros http://localhost:36129/
[rosmaster.master][INFO] 2026-06-24 15:52:29,631: +SERVICE [/mavros/geofence/pull] /mavros http://localhost:36129/
[rosmaster.master][INFO] 2026-06-24 15:52:29,632: +SERVICE [/mavros/geofence/push] /mavros http://localhost:36129/
[rosmaster.master][INFO] 2026-06-24 15:52:29,632: +SERVICE [/mavros/geofence/clear] /mavros http://localhost:36129/
[rosmaster.master][INFO] 2026-06-24 15:52:29,636: +PUB [/mavros/global_position/raw/fix] /mavros http://localhost:36129/
[rosmaster.master][INFO] 2026-06-24 15:52:29,636: +PUB [/mavros/global_position/raw/gps_vel] /mavros http://localhost:36129/
[rosmaster.master][INFO] 2026-06-24 15:52:29,636: +PUB [/mavros/global_position/raw/satellites] /mavros http://localhost:36129/
[rosmaster.master][INFO] 2026-06-24 15:52:29,637: +PUB [/mavros/global_position/global] /mavros http://localhost:36129/
[rosmaster.master][INFO] 2026-06-24 15:52:29,637: +PUB [/mavros/global_position/local] /mavros http://localhost:36129/
[rosmaster.master][INFO] 2026-06-24 15:52:29,637: +PUB [/mavros/global_position/rel_alt] /mavros http://localhost:36129/
[rosmaster.master][INFO] 2026-06-24 15:52:29,637: +PUB [/mavros/global_position/compass_hdg] /mavros http://localhost:36129/
[rosmaster.master][INFO] 2026-06-24 15:52:29,638: +PUB [/mavros/global_position/gp_origin] /mavros http://localhost:36129/
[rosmaster.master][INFO] 2026-06-24 15:52:29,639: +SUB [/mavros/global_position/set_gp_origin] /mavros http://localhost:36129/
[rosmaster.master][INFO] 2026-06-24 15:52:29,640: +SUB [/mavros/home_position/home] /mavros http://localhost:36129/
[rosmaster.master][INFO] 2026-06-24 15:52:29,640: +PUB [/mavros/global_position/gp_lp_offset] /mavros http://localhost:36129/
[rosmaster.master][INFO] 2026-06-24 15:52:29,642: +SUB [/mavros/gps_input/gps_input] /mavros http://localhost:36129/
[rosmaster.master][INFO] 2026-06-24 15:52:29,644: +SUB [/mavros/gps_rtk/send_rtcm] /mavros http://localhost:36129/
[rosmaster.master][INFO] 2026-06-24 15:52:29,644: +PUB [/mavros/gps_rtk/rtk_baseline] /mavros http://localhost:36129/
[rosmaster.master][INFO] 2026-06-24 15:52:29,645: +PUB [/mavros/gpsstatus/gps1/raw] /mavros http://localhost:36129/
[rosmaster.master][INFO] 2026-06-24 15:52:29,645: +PUB [/mavros/gpsstatus/gps2/raw] /mavros http://localhost:36129/
[rosmaster.master][INFO] 2026-06-24 15:52:29,646: +PUB [/mavros/gpsstatus/gps1/rtk] /mavros http://localhost:36129/
[rosmaster.master][INFO] 2026-06-24 15:52:29,646: +PUB [/mavros/gpsstatus/gps2/rtk] /mavros http://localhost:36129/
[rosmaster.master][INFO] 2026-06-24 15:52:29,648: +PUB [/move_base_simple/goal] /mavros http://localhost:36129/
[rosmaster.master][INFO] 2026-06-24 15:52:29,649: +SUB [/mavros/global_position/gp_origin] /mavros http://localhost:36129/
[rosmaster.master][INFO] 2026-06-24 15:52:29,650: +PUB [/mavros/home_position/home] /mavros http://localhost:36129/
[rosmaster.master][INFO] 2026-06-24 15:52:29,651: +SUB [/mavros/home_position/set] /mavros http://localhost:36129/
[rosmaster.master][INFO] 2026-06-24 15:52:29,652: +SERVICE [/mavros/home_position/req_update] /mavros http://localhost:36129/
[rosmaster.master][INFO] 2026-06-24 15:52:29,655: +PUB [/mavros/imu/data] /mavros http://localhost:36129/
[rosmaster.master][INFO] 2026-06-24 15:52:29,655: +PUB [/mavros/imu/mag] /mavros http://localhost:36129/
[rosmaster.master][INFO] 2026-06-24 15:52:29,656: +PUB [/mavros/imu/temperature_imu] /mavros http://localhost:36129/
[rosmaster.master][INFO] 2026-06-24 15:52:29,656: +PUB [/mavros/imu/temperature_baro] /mavros http://localhost:36129/
[rosmaster.master][INFO] 2026-06-24 15:52:29,656: +PUB [/mavros/imu/static_pressure] /mavros http://localhost:36129/
[rosmaster.master][INFO] 2026-06-24 15:52:29,656: +PUB [/mavros/imu/diff_pressure] /mavros http://localhost:36129/
[rosmaster.master][INFO] 2026-06-24 15:52:29,657: +PUB [/mavros/imu/data_raw] /mavros http://localhost:36129/
[rosmaster.master][INFO] 2026-06-24 15:52:29,662: +PUB [/mavros/landing_target/pose_in] /mavros http://localhost:36129/
[rosmaster.master][INFO] 2026-06-24 15:52:29,662: +PUB [/mavros/landing_target/lt_marker] /mavros http://localhost:36129/
[rosmaster.master][INFO] 2026-06-24 15:52:29,664: +SUB [/mavros/landing_target/pose] /mavros http://localhost:36129/
[rosmaster.master][INFO] 2026-06-24 15:52:29,666: +PUB [/mavros/local_position/pose] /mavros http://localhost:36129/
[rosmaster.master][INFO] 2026-06-24 15:52:29,666: +PUB [/mavros/local_position/pose_cov] /mavros http://localhost:36129/
[rosmaster.master][INFO] 2026-06-24 15:52:29,666: +PUB [/mavros/local_position/velocity_local] /mavros http://localhost:36129/
[rosmaster.master][INFO] 2026-06-24 15:52:29,666: +PUB [/mavros/local_position/velocity_body] /mavros http://localhost:36129/
[rosmaster.master][INFO] 2026-06-24 15:52:29,667: +PUB [/mavros/local_position/velocity_body_cov] /mavros http://localhost:36129/
[rosmaster.master][INFO] 2026-06-24 15:52:29,667: +PUB [/mavros/local_position/accel] /mavros http://localhost:36129/
[rosmaster.master][INFO] 2026-06-24 15:52:29,667: +PUB [/mavros/local_position/odom] /mavros http://localhost:36129/
[rosmaster.master][INFO] 2026-06-24 15:52:29,668: +PUB [/mavros/log_transfer/raw/log_entry] /mavros http://localhost:36129/
[rosmaster.master][INFO] 2026-06-24 15:52:29,668: +PUB [/mavros/log_transfer/raw/log_data] /mavros http://localhost:36129/
[rosmaster.master][INFO] 2026-06-24 15:52:29,668: +SERVICE [/mavros/log_transfer/raw/log_request_list] /mavros http://localhost:36129/
[rosmaster.master][INFO] 2026-06-24 15:52:29,669: +SERVICE [/mavros/log_transfer/raw/log_request_data] /mavros http://localhost:36129/
[rosmaster.master][INFO] 2026-06-24 15:52:29,669: +SERVICE [/mavros/log_transfer/raw/log_request_end] /mavros http://localhost:36129/
[rosmaster.master][INFO] 2026-06-24 15:52:29,669: +SERVICE [/mavros/log_transfer/raw/log_request_erase] /mavros http://localhost:36129/
[rosmaster.master][INFO] 2026-06-24 15:52:29,670: +PUB [/mavros/mag_calibration/status] /mavros http://localhost:36129/
[rosmaster.master][INFO] 2026-06-24 15:52:29,670: +PUB [/mavros/mag_calibration/report] /mavros http://localhost:36129/
[rosmaster.master][INFO] 2026-06-24 15:52:29,671: +PUB [/mavros/manual_control/control] /mavros http://localhost:36129/
[rosmaster.master][INFO] 2026-06-24 15:52:29,672: +SUB [/mavros/manual_control/send] /mavros http://localhost:36129/
[rosmaster.master][INFO] 2026-06-24 15:52:29,674: +SUB [/mavros/mocap/pose] /mavros http://localhost:36129/
[rosmaster.master][INFO] 2026-06-24 15:52:29,676: +SUB [/mavros/mount_control/command] /mavros http://localhost:36129/
[rosmaster.master][INFO] 2026-06-24 15:52:29,676: +PUB [/mavros/mount_control/orientation] /mavros http://localhost:36129/
[rosmaster.master][INFO] 2026-06-24 15:52:29,677: +PUB [/mavros/mount_control/status] /mavros http://localhost:36129/
[rosmaster.master][INFO] 2026-06-24 15:52:29,677: +SERVICE [/mavros/mount_control/configure] /mavros http://localhost:36129/
[rosmaster.master][INFO] 2026-06-24 15:52:29,680: +PUB [/mavros/nav_controller_output] /mavros http://localhost:36129/
[rosmaster.master][INFO] 2026-06-24 15:52:29,682: +SUB [/mavros/obstacle/send] /mavros http://localhost:36129/
[rosmaster.master][INFO] 2026-06-24 15:52:29,684: +PUB [/mavros/odometry/in] /mavros http://localhost:36129/
[rosmaster.master][INFO] 2026-06-24 15:52:29,685: +SUB [/mavros/odometry/out] /mavros http://localhost:36129/
[rosmaster.master][INFO] 2026-06-24 15:52:29,686: +SUB [/mavros/onboard_computer/status] /mavros http://localhost:36129/
[rosmaster.master][INFO] 2026-06-24 15:52:29,687: +SERVICE [/mavros/param/pull] /mavros http://localhost:36129/
[rosmaster.master][INFO] 2026-06-24 15:52:29,687: +SERVICE [/mavros/param/push] /mavros http://localhost:36129/
[rosmaster.master][INFO] 2026-06-24 15:52:29,688: +SERVICE [/mavros/param/set] /mavros http://localhost:36129/
[rosmaster.master][INFO] 2026-06-24 15:52:29,688: +SERVICE [/mavros/param/get] /mavros http://localhost:36129/
[rosmaster.master][INFO] 2026-06-24 15:52:29,688: +PUB [/mavros/param/param_value] /mavros http://localhost:36129/
[rosmaster.master][INFO] 2026-06-24 15:52:29,689: +SUB [/mavros/play_tune] /mavros http://localhost:36129/
[rosmaster.master][INFO] 2026-06-24 15:52:29,690: +PUB [/mavros/rallypoint/waypoints] /mavros http://localhost:36129/
[rosmaster.master][INFO] 2026-06-24 15:52:29,691: +SERVICE [/mavros/rallypoint/pull] /mavros http://localhost:36129/
[rosmaster.master][INFO] 2026-06-24 15:52:29,691: +SERVICE [/mavros/rallypoint/push] /mavros http://localhost:36129/
[rosmaster.master][INFO] 2026-06-24 15:52:29,691: +SERVICE [/mavros/rallypoint/clear] /mavros http://localhost:36129/
[rosmaster.master][INFO] 2026-06-24 15:52:29,692: +PUB [/mavros/rangefinder/rangefinder] /mavros http://localhost:36129/
[rosmaster.master][INFO] 2026-06-24 15:52:29,692: +PUB [/mavros/rc/in] /mavros http://localhost:36129/
[rosmaster.master][INFO] 2026-06-24 15:52:29,693: +PUB [/mavros/rc/out] /mavros http://localhost:36129/
[rosmaster.master][INFO] 2026-06-24 15:52:29,694: +SUB [/mavros/rc/override] /mavros http://localhost:36129/
[rosmaster.master][INFO] 2026-06-24 15:52:29,695: +SUB [/mavros/setpoint_accel/accel] /mavros http://localhost:36129/
[rosmaster.master][INFO] 2026-06-24 15:52:29,699: +SUB [/mavros/setpoint_attitude/thrust] /mavros http://localhost:36129/
[rosmaster.master][INFO] 2026-06-24 15:52:29,700: +SUB [/mavros/setpoint_attitude/cmd_vel] /mavros http://localhost:36129/
[rosmaster.master][INFO] 2026-06-24 15:52:29,704: +SUB [/mavros/setpoint_position/local] /mavros http://localhost:36129/
[rosmaster.master][INFO] 2026-06-24 15:52:29,705: +SUB [/mavros/setpoint_position/global] /mavros http://localhost:36129/
[rosmaster.master][INFO] 2026-06-24 15:52:29,706: +SUB [/mavros/setpoint_position/global_to_local] /mavros http://localhost:36129/
[rosmaster.master][INFO] 2026-06-24 15:52:29,707: +SUB [/mavros/global_position/global] /mavros http://localhost:36129/
[rosmaster.master][INFO] 2026-06-24 15:52:29,708: +SUB [/mavros/local_position/pose] /mavros http://localhost:36129/
[rosmaster.master][INFO] 2026-06-24 15:52:29,708: +SERVICE [/mavros/setpoint_position/mav_frame] /mavros http://localhost:36129/
[rosmaster.master][INFO] 2026-06-24 15:52:29,710: +SUB [/mavros/setpoint_raw/local] /mavros http://localhost:36129/
[rosmaster.master][INFO] 2026-06-24 15:52:29,711: +SUB [/mavros/setpoint_raw/global] /mavros http://localhost:36129/
[rosmaster.master][INFO] 2026-06-24 15:52:29,712: +SUB [/mavros/setpoint_raw/attitude] /mavros http://localhost:36129/
[rosmaster.master][INFO] 2026-06-24 15:52:29,712: +PUB [/mavros/setpoint_raw/target_local] /mavros http://localhost:36129/
[rosmaster.master][INFO] 2026-06-24 15:52:29,712: +PUB [/mavros/setpoint_raw/target_global] /mavros http://localhost:36129/
[rosmaster.master][INFO] 2026-06-24 15:52:29,712: +PUB [/mavros/setpoint_raw/target_attitude] /mavros http://localhost:36129/
[rosmaster.master][INFO] 2026-06-24 15:52:29,714: publisherUpdate[/mavros/home_position/home] -> http://localhost:36129/ ['http://localhost:36129/']
[rosmaster.master][INFO] 2026-06-24 15:52:29,715: +SUB [/mavros/setpoint_trajectory/local] /mavros http://localhost:36129/
[rosmaster.master][INFO] 2026-06-24 15:52:29,715: publisherUpdate[/mavros/home_position/home] -> http://localhost:36129/ ['http://localhost:36129/']: sec=0.00, result=[1, '', 0]
[rosmaster.master][INFO] 2026-06-24 15:52:29,715: +PUB [/mavros/setpoint_trajectory/desired] /mavros http://localhost:36129/
[rosmaster.master][INFO] 2026-06-24 15:52:29,715: +SERVICE [/mavros/setpoint_trajectory/reset] /mavros http://localhost:36129/
[rosmaster.master][INFO] 2026-06-24 15:52:29,716: +SERVICE [/mavros/setpoint_trajectory/mav_frame] /mavros http://localhost:36129/
[rosmaster.master][INFO] 2026-06-24 15:52:29,717: +SUB [/mavros/setpoint_velocity/cmd_vel] /mavros http://localhost:36129/
[rosmaster.master][INFO] 2026-06-24 15:52:29,718: +SUB [/mavros/setpoint_velocity/cmd_vel_unstamped] /mavros http://localhost:36129/
[rosmaster.master][INFO] 2026-06-24 15:52:29,718: +SERVICE [/mavros/setpoint_velocity/mav_frame] /mavros http://localhost:36129/
[rosmaster.master][INFO] 2026-06-24 15:52:29,721: +PUB [/mavros/state] /mavros http://localhost:36129/
[rosmaster.master][INFO] 2026-06-24 15:52:29,721: +PUB [/mavros/extended_state] /mavros http://localhost:36129/
[rosmaster.master][INFO] 2026-06-24 15:52:29,721: +PUB [/mavros/battery] /mavros http://localhost:36129/
[rosmaster.master][INFO] 2026-06-24 15:52:29,721: +PUB [/mavros/estimator_status] /mavros http://localhost:36129/
[rosmaster.master][INFO] 2026-06-24 15:52:29,722: +PUB [/mavros/statustext/recv] /mavros http://localhost:36129/
[rosmaster.master][INFO] 2026-06-24 15:52:29,722: +PUB [/mavros/sys_status] /mavros http://localhost:36129/
[rosmaster.master][INFO] 2026-06-24 15:52:29,723: +SUB [/mavros/statustext/send] /mavros http://localhost:36129/
[rosmaster.master][INFO] 2026-06-24 15:52:29,724: +SERVICE [/mavros/set_stream_rate] /mavros http://localhost:36129/
[rosmaster.master][INFO] 2026-06-24 15:52:29,724: +SERVICE [/mavros/set_mode] /mavros http://localhost:36129/
[rosmaster.master][INFO] 2026-06-24 15:52:29,724: +SERVICE [/mavros/vehicle_info_get] /mavros http://localhost:36129/
[rosmaster.master][INFO] 2026-06-24 15:52:29,725: +SERVICE [/mavros/set_message_interval] /mavros http://localhost:36129/
[rosmaster.master][INFO] 2026-06-24 15:52:29,728: +PUB [/mavros/time_reference] /mavros http://localhost:36129/
[rosmaster.master][INFO] 2026-06-24 15:52:29,728: +PUB [/mavros/timesync_status] /mavros http://localhost:36129/
[rosmaster.master][INFO] 2026-06-24 15:52:29,729: +PUB [/mavros/terrain/report] /mavros http://localhost:36129/
[rosmaster.master][INFO] 2026-06-24 15:52:29,730: +SUB [/mavros/trajectory/generated] /mavros http://localhost:36129/
[rosmaster.master][INFO] 2026-06-24 15:52:29,731: +SUB [/mavros/trajectory/path] /mavros http://localhost:36129/
[rosmaster.master][INFO] 2026-06-24 15:52:29,731: +PUB [/mavros/trajectory/desired] /mavros http://localhost:36129/
[rosmaster.master][INFO] 2026-06-24 15:52:29,732: +SUB [/mavros/tunnel/in] /mavros http://localhost:36129/
[rosmaster.master][INFO] 2026-06-24 15:52:29,732: +PUB [/mavros/tunnel/out] /mavros http://localhost:36129/
[rosmaster.master][INFO] 2026-06-24 15:52:29,733: +PUB [/mavros/vfr_hud] /mavros http://localhost:36129/
[rosmaster.master][INFO] 2026-06-24 15:52:29,735: +SUB [/mavros/vision_pose/pose] /mavros http://localhost:36129/
[rosmaster.master][INFO] 2026-06-24 15:52:29,736: +SUB [/mavros/vision_pose/pose_cov] /mavros http://localhost:36129/
[rosmaster.master][INFO] 2026-06-24 15:52:29,738: +PUB [/mavros/mission/waypoints] /mavros http://localhost:36129/
[rosmaster.master][INFO] 2026-06-24 15:52:29,738: +SERVICE [/mavros/mission/pull] /mavros http://localhost:36129/
[rosmaster.master][INFO] 2026-06-24 15:52:29,739: +SERVICE [/mavros/mission/push] /mavros http://localhost:36129/
[rosmaster.master][INFO] 2026-06-24 15:52:29,739: +SERVICE [/mavros/mission/clear] /mavros http://localhost:36129/
[rosmaster.master][INFO] 2026-06-24 15:52:29,739: +PUB [/mavros/mission/reached] /mavros http://localhost:36129/
[rosmaster.master][INFO] 2026-06-24 15:52:29,739: +SERVICE [/mavros/mission/set_current] /mavros http://localhost:36129/
[rosmaster.master][INFO] 2026-06-24 15:52:29,740: +PUB [/mavros/wind_estimation] /mavros http://localhost:36129/
[rosmaster.master][INFO] 2026-06-24 15:52:29,896: +CACHEDPARAM [/rosout/omit_topics] by /rosout
[rosmaster.master][INFO] 2026-06-24 15:52:30,741: +PUB [/mavlink/gcs_ip] /mavros http://localhost:36129/
[rosmaster.master][INFO] 2026-06-24 15:52:51,600: +PUB [/rosout] /vertical_descent_logger http://localhost:36869/
[rosmaster.master][INFO] 2026-06-24 15:52:51,602: +SERVICE [/vertical_descent_logger/get_loggers] /vertical_descent_logger http://localhost:36869/
[rosmaster.master][INFO] 2026-06-24 15:52:51,603: +SERVICE [/vertical_descent_logger/set_logger_level] /vertical_descent_logger http://localhost:36869/
[rosmaster.master][INFO] 2026-06-24 15:52:51,603: +PUB [/mavros/setpoint_raw/local] /vertical_descent_logger http://localhost:36869/
[rosmaster.master][INFO] 2026-06-24 15:52:51,604: +SUB [/mavros/local_position/velocity_body] /vertical_descent_logger http://localhost:36869/
[rosmaster.master][INFO] 2026-06-24 15:52:51,605: +SUB [/mavros/battery] /vertical_descent_logger http://localhost:36869/
[rosmaster.master][INFO] 2026-06-24 15:52:51,606: +SUB [/mavros/local_position/pose] /vertical_descent_logger http://localhost:36869/
[rosmaster.master][INFO] 2026-06-24 15:52:51,671: publisherUpdate[/rosout] -> http://localhost:44195/ ['http://localhost:36129/', 'http://localhost:36869/']
[rosmaster.master][INFO] 2026-06-24 15:52:51,671: publisherUpdate[/mavros/setpoint_raw/local] -> http://localhost:36129/ ['http://localhost:36869/']
[rosmaster.master][INFO] 2026-06-24 15:52:51,673: publisherUpdate[/rosout] -> http://localhost:44195/ ['http://localhost:36129/', 'http://localhost:36869/']: sec=0.00, result=[1, '', 0]
[rosmaster.master][INFO] 2026-06-24 15:52:51,674: publisherUpdate[/mavros/setpoint_raw/local] -> http://localhost:36129/ ['http://localhost:36869/']: sec=0.00, result=[1, '', 0]
[rosmaster.master][INFO] 2026-06-24 15:56:30,206: -SUB [/mavros/local_position/velocity_body] /vertical_descent_logger http://localhost:36869/
[rosmaster.master][INFO] 2026-06-24 15:56:30,206: -SUB [/mavros/battery] /vertical_descent_logger http://localhost:36869/
[rosmaster.master][INFO] 2026-06-24 15:56:30,206: -SUB [/mavros/local_position/pose] /vertical_descent_logger http://localhost:36869/
[rosmaster.master][INFO] 2026-06-24 15:56:30,206: -PUB [/rosout] /vertical_descent_logger http://localhost:36869/
[rosmaster.master][INFO] 2026-06-24 15:56:30,206: -PUB [/mavros/setpoint_raw/local] /vertical_descent_logger http://localhost:36869/
[rosmaster.master][INFO] 2026-06-24 15:56:30,206: -SERVICE [/vertical_descent_logger/get_loggers] /vertical_descent_logger rosrpc://localhost:34915
[rosmaster.master][INFO] 2026-06-24 15:56:30,207: -SERVICE [/vertical_descent_logger/set_logger_level] /vertical_descent_logger rosrpc://localhost:34915
[rosmaster.master][INFO] 2026-06-24 15:56:30,218: publisherUpdate[/rosout] -> http://localhost:44195/ ['http://localhost:36129/']
[rosmaster.master][INFO] 2026-06-24 15:56:30,219: publisherUpdate[/rosout] -> http://localhost:44195/ ['http://localhost:36129/']: sec=0.00, result=[1, '', 0]
[rosmaster.master][INFO] 2026-06-24 15:56:30,219: publisherUpdate[/mavros/setpoint_raw/local] -> http://localhost:36129/ []
[rosmaster.master][INFO] 2026-06-24 15:56:30,219: publisherUpdate[/mavros/setpoint_raw/local] -> http://localhost:36129/ []: sec=0.00, result=[1, '', 0]
[rosmaster.master][INFO] 2026-06-24 15:56:55,864: -PUB [/rosout_agg] /rosout http://localhost:44195/
[rosmaster.master][INFO] 2026-06-24 15:56:55,864: -SUB [/rosout] /rosout http://localhost:44195/
[rosmaster.master][INFO] 2026-06-24 15:56:55,865: -SERVICE [/rosout/get_loggers] /rosout rosrpc://localhost:43341
[rosmaster.master][INFO] 2026-06-24 15:56:55,865: -SERVICE [/rosout/set_logger_level] /rosout rosrpc://localhost:43341
[rosmaster.master][INFO] 2026-06-24 15:56:55,866: -CACHEDPARAM [/rosout/omit_topics] by /rosout
[rosmaster.main][INFO] 2026-06-24 15:56:55,896: keyboard interrupt, will exit
[rosmaster.main][INFO] 2026-06-24 15:56:55,896: stopping master...
[rospy.core][INFO] 2026-06-24 15:56:55,897: signal_shutdown [atexit]
