[rosmaster.main][INFO] 2026-07-08 22:59:16,964: initialization complete, waiting for shutdown
[rosmaster.main][INFO] 2026-07-08 22:59:16,964: Starting ROS Master Node
[xmlrpc][INFO] 2026-07-08 22:59:16,964: XML-RPC server binding to 127.0.0.1:11311
[xmlrpc][INFO] 2026-07-08 22:59:16,965: Started XML-RPC server [http://localhost:11311/]
[xmlrpc][INFO] 2026-07-08 22:59:16,965: xml rpc node: starting XML-RPC server
[rosmaster.master][INFO] 2026-07-08 22:59:16,965: Master initialized: port[11311], uri[http://localhost:11311/]
[rosmaster.master][INFO] 2026-07-08 22:59:17,045: +PARAM [/run_id] by /roslaunch
[rosmaster.master][INFO] 2026-07-08 22:59:17,046: +PARAM [/roslaunch/uris/host_localhost__44577] by /roslaunch
[rosmaster.master][INFO] 2026-07-08 22:59:17,066: +PARAM [/rosversion] by /roslaunch
[rosmaster.master][INFO] 2026-07-08 22:59:17,066: +PARAM [/rosdistro] by /roslaunch
[rosmaster.master][INFO] 2026-07-08 22:59:17,069: +SERVICE [/rosout/get_loggers] /rosout http://localhost:46835/
[rosmaster.master][INFO] 2026-07-08 22:59:17,069: +SERVICE [/rosout/set_logger_level] /rosout http://localhost:46835/
[rosmaster.master][INFO] 2026-07-08 22:59:17,070: +PUB [/rosout_agg] /rosout http://localhost:46835/
[rosmaster.master][INFO] 2026-07-08 22:59:17,071: +SUB [/rosout] /rosout http://localhost:46835/
[rosmaster.master][INFO] 2026-07-08 22:59:20,281: +PARAM [/roslaunch/uris/host_localhost__44901] by /roslaunch
[rosmaster.master][INFO] 2026-07-08 22:59:20,286: +PARAM [/rosversion] by /roslaunch
[rosmaster.master][INFO] 2026-07-08 22:59:20,286: +PARAM [/rosdistro] by /roslaunch
[rosmaster.master][INFO] 2026-07-08 22:59:20,286: +PARAM [/mavros/plugin_blacklist] by /roslaunch
[rosmaster.master][INFO] 2026-07-08 22:59:20,286: +PARAM [/mavros/plugin_whitelist] by /roslaunch
[rosmaster.master][INFO] 2026-07-08 22:59:20,286: +PARAM [/mavros/startup_px4_usb_quirk] by /roslaunch
[rosmaster.master][INFO] 2026-07-08 22:59:20,286: +PARAM [/mavros/conn/heartbeat_rate] by /roslaunch
[rosmaster.master][INFO] 2026-07-08 22:59:20,286: +PARAM [/mavros/conn/heartbeat_mav_type] by /roslaunch
[rosmaster.master][INFO] 2026-07-08 22:59:20,286: +PARAM [/mavros/conn/timeout] by /roslaunch
[rosmaster.master][INFO] 2026-07-08 22:59:20,286: +PARAM [/mavros/conn/timesync_rate] by /roslaunch
[rosmaster.master][INFO] 2026-07-08 22:59:20,286: +PARAM [/mavros/conn/system_time_rate] by /roslaunch
[rosmaster.master][INFO] 2026-07-08 22:59:20,286: +PARAM [/mavros/sys/min_voltage] by /roslaunch
[rosmaster.master][INFO] 2026-07-08 22:59:20,286: +PARAM [/mavros/sys/disable_diag] by /roslaunch
[rosmaster.master][INFO] 2026-07-08 22:59:20,286: +PARAM [/mavros/time/time_ref_source] by /roslaunch
[rosmaster.master][INFO] 2026-07-08 22:59:20,286: +PARAM [/mavros/time/timesync_mode] by /roslaunch
[rosmaster.master][INFO] 2026-07-08 22:59:20,286: +PARAM [/mavros/time/timesync_avg_alpha] by /roslaunch
[rosmaster.master][INFO] 2026-07-08 22:59:20,287: +PARAM [/mavros/tdr_radio/low_rssi] by /roslaunch
[rosmaster.master][INFO] 2026-07-08 22:59:20,287: +PARAM [/mavros/cmd/use_comp_id_system_control] by /roslaunch
[rosmaster.master][INFO] 2026-07-08 22:59:20,287: +PARAM [/mavros/global_position/frame_id] by /roslaunch
[rosmaster.master][INFO] 2026-07-08 22:59:20,287: +PARAM [/mavros/global_position/child_frame_id] by /roslaunch
[rosmaster.master][INFO] 2026-07-08 22:59:20,287: +PARAM [/mavros/global_position/rot_covariance] by /roslaunch
[rosmaster.master][INFO] 2026-07-08 22:59:20,287: +PARAM [/mavros/global_position/gps_uere] by /roslaunch
[rosmaster.master][INFO] 2026-07-08 22:59:20,287: +PARAM [/mavros/global_position/use_relative_alt] by /roslaunch
[rosmaster.master][INFO] 2026-07-08 22:59:20,287: +PARAM [/mavros/global_position/tf/send] by /roslaunch
[rosmaster.master][INFO] 2026-07-08 22:59:20,287: +PARAM [/mavros/global_position/tf/frame_id] by /roslaunch
[rosmaster.master][INFO] 2026-07-08 22:59:20,288: +PARAM [/mavros/global_position/tf/global_frame_id] by /roslaunch
[rosmaster.master][INFO] 2026-07-08 22:59:20,288: +PARAM [/mavros/global_position/tf/child_frame_id] by /roslaunch
[rosmaster.master][INFO] 2026-07-08 22:59:20,288: +PARAM [/mavros/imu/frame_id] by /roslaunch
[rosmaster.master][INFO] 2026-07-08 22:59:20,288: +PARAM [/mavros/imu/linear_acceleration_stdev] by /roslaunch
[rosmaster.master][INFO] 2026-07-08 22:59:20,288: +PARAM [/mavros/imu/angular_velocity_stdev] by /roslaunch
[rosmaster.master][INFO] 2026-07-08 22:59:20,288: +PARAM [/mavros/imu/orientation_stdev] by /roslaunch
[rosmaster.master][INFO] 2026-07-08 22:59:20,288: +PARAM [/mavros/imu/magnetic_stdev] by /roslaunch
[rosmaster.master][INFO] 2026-07-08 22:59:20,288: +PARAM [/mavros/local_position/frame_id] by /roslaunch
[rosmaster.master][INFO] 2026-07-08 22:59:20,288: +PARAM [/mavros/local_position/tf/send] by /roslaunch
[rosmaster.master][INFO] 2026-07-08 22:59:20,288: +PARAM [/mavros/local_position/tf/frame_id] by /roslaunch
[rosmaster.master][INFO] 2026-07-08 22:59:20,288: +PARAM [/mavros/local_position/tf/child_frame_id] by /roslaunch
[rosmaster.master][INFO] 2026-07-08 22:59:20,288: +PARAM [/mavros/local_position/tf/send_fcu] by /roslaunch
[rosmaster.master][INFO] 2026-07-08 22:59:20,288: +PARAM [/mavros/safety_area/p1/x] by /roslaunch
[rosmaster.master][INFO] 2026-07-08 22:59:20,288: +PARAM [/mavros/safety_area/p1/y] by /roslaunch
[rosmaster.master][INFO] 2026-07-08 22:59:20,288: +PARAM [/mavros/safety_area/p1/z] by /roslaunch
[rosmaster.master][INFO] 2026-07-08 22:59:20,288: +PARAM [/mavros/safety_area/p2/x] by /roslaunch
[rosmaster.master][INFO] 2026-07-08 22:59:20,288: +PARAM [/mavros/safety_area/p2/y] by /roslaunch
[rosmaster.master][INFO] 2026-07-08 22:59:20,288: +PARAM [/mavros/safety_area/p2/z] by /roslaunch
[rosmaster.master][INFO] 2026-07-08 22:59:20,288: +PARAM [/mavros/setpoint_accel/send_force] by /roslaunch
[rosmaster.master][INFO] 2026-07-08 22:59:20,288: +PARAM [/mavros/setpoint_attitude/reverse_thrust] by /roslaunch
[rosmaster.master][INFO] 2026-07-08 22:59:20,288: +PARAM [/mavros/setpoint_attitude/use_quaternion] by /roslaunch
[rosmaster.master][INFO] 2026-07-08 22:59:20,288: +PARAM [/mavros/setpoint_attitude/tf/listen] by /roslaunch
[rosmaster.master][INFO] 2026-07-08 22:59:20,288: +PARAM [/mavros/setpoint_attitude/tf/frame_id] by /roslaunch
[rosmaster.master][INFO] 2026-07-08 22:59:20,288: +PARAM [/mavros/setpoint_attitude/tf/child_frame_id] by /roslaunch
[rosmaster.master][INFO] 2026-07-08 22:59:20,288: +PARAM [/mavros/setpoint_attitude/tf/rate_limit] by /roslaunch
[rosmaster.master][INFO] 2026-07-08 22:59:20,288: +PARAM [/mavros/setpoint_raw/thrust_scaling] by /roslaunch
[rosmaster.master][INFO] 2026-07-08 22:59:20,288: +PARAM [/mavros/setpoint_position/tf/listen] by /roslaunch
[rosmaster.master][INFO] 2026-07-08 22:59:20,288: +PARAM [/mavros/setpoint_position/tf/frame_id] by /roslaunch
[rosmaster.master][INFO] 2026-07-08 22:59:20,288: +PARAM [/mavros/setpoint_position/tf/child_frame_id] by /roslaunch
[rosmaster.master][INFO] 2026-07-08 22:59:20,288: +PARAM [/mavros/setpoint_position/tf/rate_limit] by /roslaunch
[rosmaster.master][INFO] 2026-07-08 22:59:20,288: +PARAM [/mavros/setpoint_position/mav_frame] by /roslaunch
[rosmaster.master][INFO] 2026-07-08 22:59:20,288: +PARAM [/mavros/guided_target/tf/listen] by /roslaunch
[rosmaster.master][INFO] 2026-07-08 22:59:20,288: +PARAM [/mavros/guided_target/tf/frame_id] by /roslaunch
[rosmaster.master][INFO] 2026-07-08 22:59:20,288: +PARAM [/mavros/guided_target/tf/child_frame_id] by /roslaunch
[rosmaster.master][INFO] 2026-07-08 22:59:20,288: +PARAM [/mavros/guided_target/tf/rate_limit] by /roslaunch
[rosmaster.master][INFO] 2026-07-08 22:59:20,288: +PARAM [/mavros/setpoint_velocity/mav_frame] by /roslaunch
[rosmaster.master][INFO] 2026-07-08 22:59:20,288: +PARAM [/mavros/mission/pull_after_gcs] by /roslaunch
[rosmaster.master][INFO] 2026-07-08 22:59:20,288: +PARAM [/mavros/mission/use_mission_item_int] by /roslaunch
[rosmaster.master][INFO] 2026-07-08 22:59:20,288: +PARAM [/mavros/distance_sensor/rangefinder_pub/id] by /roslaunch
[rosmaster.master][INFO] 2026-07-08 22:59:20,288: +PARAM [/mavros/distance_sensor/rangefinder_pub/frame_id] by /roslaunch
[rosmaster.master][INFO] 2026-07-08 22:59:20,288: +PARAM [/mavros/distance_sensor/rangefinder_pub/field_of_view] by /roslaunch
[rosmaster.master][INFO] 2026-07-08 22:59:20,288: +PARAM [/mavros/distance_sensor/rangefinder_pub/send_tf] by /roslaunch
[rosmaster.master][INFO] 2026-07-08 22:59:20,288: +PARAM [/mavros/distance_sensor/rangefinder_pub/sensor_position/x] by /roslaunch
[rosmaster.master][INFO] 2026-07-08 22:59:20,288: +PARAM [/mavros/distance_sensor/rangefinder_pub/sensor_position/y] by /roslaunch
[rosmaster.master][INFO] 2026-07-08 22:59:20,289: +PARAM [/mavros/distance_sensor/rangefinder_pub/sensor_position/z] by /roslaunch
[rosmaster.master][INFO] 2026-07-08 22:59:20,289: +PARAM [/mavros/distance_sensor/rangefinder_sub/subscriber] by /roslaunch
[rosmaster.master][INFO] 2026-07-08 22:59:20,289: +PARAM [/mavros/distance_sensor/rangefinder_sub/id] by /roslaunch
[rosmaster.master][INFO] 2026-07-08 22:59:20,289: +PARAM [/mavros/distance_sensor/rangefinder_sub/orientation] by /roslaunch
[rosmaster.master][INFO] 2026-07-08 22:59:20,289: +PARAM [/mavros/image/frame_id] by /roslaunch
[rosmaster.master][INFO] 2026-07-08 22:59:20,289: +PARAM [/mavros/fake_gps/use_mocap] by /roslaunch
[rosmaster.master][INFO] 2026-07-08 22:59:20,289: +PARAM [/mavros/fake_gps/mocap_transform] by /roslaunch
[rosmaster.master][INFO] 2026-07-08 22:59:20,289: +PARAM [/mavros/fake_gps/mocap_withcovariance] by /roslaunch
[rosmaster.master][INFO] 2026-07-08 22:59:20,289: +PARAM [/mavros/fake_gps/use_vision] by /roslaunch
[rosmaster.master][INFO] 2026-07-08 22:59:20,289: +PARAM [/mavros/fake_gps/use_hil_gps] by /roslaunch
[rosmaster.master][INFO] 2026-07-08 22:59:20,289: +PARAM [/mavros/fake_gps/gps_id] by /roslaunch
[rosmaster.master][INFO] 2026-07-08 22:59:20,289: +PARAM [/mavros/fake_gps/geo_origin/lat] by /roslaunch
[rosmaster.master][INFO] 2026-07-08 22:59:20,289: +PARAM [/mavros/fake_gps/geo_origin/lon] by /roslaunch
[rosmaster.master][INFO] 2026-07-08 22:59:20,289: +PARAM [/mavros/fake_gps/geo_origin/alt] by /roslaunch
[rosmaster.master][INFO] 2026-07-08 22:59:20,289: +PARAM [/mavros/fake_gps/eph] by /roslaunch
[rosmaster.master][INFO] 2026-07-08 22:59:20,289: +PARAM [/mavros/fake_gps/epv] by /roslaunch
[rosmaster.master][INFO] 2026-07-08 22:59:20,289: +PARAM [/mavros/fake_gps/horiz_accuracy] by /roslaunch
[rosmaster.master][INFO] 2026-07-08 22:59:20,289: +PARAM [/mavros/fake_gps/vert_accuracy] by /roslaunch
[rosmaster.master][INFO] 2026-07-08 22:59:20,289: +PARAM [/mavros/fake_gps/speed_accuracy] by /roslaunch
[rosmaster.master][INFO] 2026-07-08 22:59:20,289: +PARAM [/mavros/fake_gps/satellites_visible] by /roslaunch
[rosmaster.master][INFO] 2026-07-08 22:59:20,289: +PARAM [/mavros/fake_gps/fix_type] by /roslaunch
[rosmaster.master][INFO] 2026-07-08 22:59:20,289: +PARAM [/mavros/fake_gps/tf/listen] by /roslaunch
[rosmaster.master][INFO] 2026-07-08 22:59:20,289: +PARAM [/mavros/fake_gps/tf/send] by /roslaunch
[rosmaster.master][INFO] 2026-07-08 22:59:20,289: +PARAM [/mavros/fake_gps/tf/frame_id] by /roslaunch
[rosmaster.master][INFO] 2026-07-08 22:59:20,289: +PARAM [/mavros/fake_gps/tf/child_frame_id] by /roslaunch
[rosmaster.master][INFO] 2026-07-08 22:59:20,289: +PARAM [/mavros/fake_gps/tf/rate_limit] by /roslaunch
[rosmaster.master][INFO] 2026-07-08 22:59:20,289: +PARAM [/mavros/fake_gps/gps_rate] by /roslaunch
[rosmaster.master][INFO] 2026-07-08 22:59:20,289: +PARAM [/mavros/landing_target/listen_lt] by /roslaunch
[rosmaster.master][INFO] 2026-07-08 22:59:20,289: +PARAM [/mavros/landing_target/mav_frame] by /roslaunch
[rosmaster.master][INFO] 2026-07-08 22:59:20,289: +PARAM [/mavros/landing_target/land_target_type] by /roslaunch
[rosmaster.master][INFO] 2026-07-08 22:59:20,289: +PARAM [/mavros/landing_target/image/width] by /roslaunch
[rosmaster.master][INFO] 2026-07-08 22:59:20,289: +PARAM [/mavros/landing_target/image/height] by /roslaunch
[rosmaster.master][INFO] 2026-07-08 22:59:20,289: +PARAM [/mavros/landing_target/camera/fov_x] by /roslaunch
[rosmaster.master][INFO] 2026-07-08 22:59:20,289: +PARAM [/mavros/landing_target/camera/fov_y] by /roslaunch
[rosmaster.master][INFO] 2026-07-08 22:59:20,289: +PARAM [/mavros/landing_target/tf/send] by /roslaunch
[rosmaster.master][INFO] 2026-07-08 22:59:20,289: +PARAM [/mavros/landing_target/tf/listen] by /roslaunch
[rosmaster.master][INFO] 2026-07-08 22:59:20,289: +PARAM [/mavros/landing_target/tf/frame_id] by /roslaunch
[rosmaster.master][INFO] 2026-07-08 22:59:20,289: +PARAM [/mavros/landing_target/tf/child_frame_id] by /roslaunch
[rosmaster.master][INFO] 2026-07-08 22:59:20,289: +PARAM [/mavros/landing_target/tf/rate_limit] by /roslaunch
[rosmaster.master][INFO] 2026-07-08 22:59:20,289: +PARAM [/mavros/landing_target/target_size/x] by /roslaunch
[rosmaster.master][INFO] 2026-07-08 22:59:20,289: +PARAM [/mavros/landing_target/target_size/y] by /roslaunch
[rosmaster.master][INFO] 2026-07-08 22:59:20,289: +PARAM [/mavros/mocap/use_tf] by /roslaunch
[rosmaster.master][INFO] 2026-07-08 22:59:20,289: +PARAM [/mavros/mocap/use_pose] by /roslaunch
[rosmaster.master][INFO] 2026-07-08 22:59:20,289: +PARAM [/mavros/mount/debounce_s] by /roslaunch
[rosmaster.master][INFO] 2026-07-08 22:59:20,289: +PARAM [/mavros/mount/err_threshold_deg] by /roslaunch
[rosmaster.master][INFO] 2026-07-08 22:59:20,289: +PARAM [/mavros/mount/negate_measured_roll] by /roslaunch
[rosmaster.master][INFO] 2026-07-08 22:59:20,289: +PARAM [/mavros/mount/negate_measured_pitch] by /roslaunch
[rosmaster.master][INFO] 2026-07-08 22:59:20,289: +PARAM [/mavros/mount/negate_measured_yaw] by /roslaunch
[rosmaster.master][INFO] 2026-07-08 22:59:20,289: +PARAM [/mavros/odometry/frame_tf/desired_frame] by /roslaunch
[rosmaster.master][INFO] 2026-07-08 22:59:20,290: +PARAM [/mavros/odometry/estimator_type] by /roslaunch
[rosmaster.master][INFO] 2026-07-08 22:59:20,290: +PARAM [/mavros/px4flow/frame_id] by /roslaunch
[rosmaster.master][INFO] 2026-07-08 22:59:20,290: +PARAM [/mavros/px4flow/ranger_fov] by /roslaunch
[rosmaster.master][INFO] 2026-07-08 22:59:20,290: +PARAM [/mavros/px4flow/ranger_min_range] by /roslaunch
[rosmaster.master][INFO] 2026-07-08 22:59:20,290: +PARAM [/mavros/px4flow/ranger_max_range] by /roslaunch
[rosmaster.master][INFO] 2026-07-08 22:59:20,290: +PARAM [/mavros/vision_pose/tf/listen] by /roslaunch
[rosmaster.master][INFO] 2026-07-08 22:59:20,290: +PARAM [/mavros/vision_pose/tf/frame_id] by /roslaunch
[rosmaster.master][INFO] 2026-07-08 22:59:20,290: +PARAM [/mavros/vision_pose/tf/child_frame_id] by /roslaunch
[rosmaster.master][INFO] 2026-07-08 22:59:20,290: +PARAM [/mavros/vision_pose/tf/rate_limit] by /roslaunch
[rosmaster.master][INFO] 2026-07-08 22:59:20,290: +PARAM [/mavros/vision_speed/listen_twist] by /roslaunch
[rosmaster.master][INFO] 2026-07-08 22:59:20,290: +PARAM [/mavros/vision_speed/twist_cov] by /roslaunch
[rosmaster.master][INFO] 2026-07-08 22:59:20,290: +PARAM [/mavros/vibration/frame_id] by /roslaunch
[rosmaster.master][INFO] 2026-07-08 22:59:20,290: +PARAM [/mavros/wheel_odometry/count] by /roslaunch
[rosmaster.master][INFO] 2026-07-08 22:59:20,290: +PARAM [/mavros/wheel_odometry/use_rpm] by /roslaunch
[rosmaster.master][INFO] 2026-07-08 22:59:20,290: +PARAM [/mavros/wheel_odometry/wheel0/x] by /roslaunch
[rosmaster.master][INFO] 2026-07-08 22:59:20,290: +PARAM [/mavros/wheel_odometry/wheel0/y] by /roslaunch
[rosmaster.master][INFO] 2026-07-08 22:59:20,290: +PARAM [/mavros/wheel_odometry/wheel0/radius] by /roslaunch
[rosmaster.master][INFO] 2026-07-08 22:59:20,290: +PARAM [/mavros/wheel_odometry/wheel1/x] by /roslaunch
[rosmaster.master][INFO] 2026-07-08 22:59:20,290: +PARAM [/mavros/wheel_odometry/wheel1/y] by /roslaunch
[rosmaster.master][INFO] 2026-07-08 22:59:20,290: +PARAM [/mavros/wheel_odometry/wheel1/radius] by /roslaunch
[rosmaster.master][INFO] 2026-07-08 22:59:20,290: +PARAM [/mavros/wheel_odometry/send_raw] by /roslaunch
[rosmaster.master][INFO] 2026-07-08 22:59:20,290: +PARAM [/mavros/wheel_odometry/send_twist] by /roslaunch
[rosmaster.master][INFO] 2026-07-08 22:59:20,290: +PARAM [/mavros/wheel_odometry/frame_id] by /roslaunch
[rosmaster.master][INFO] 2026-07-08 22:59:20,290: +PARAM [/mavros/wheel_odometry/child_frame_id] by /roslaunch
[rosmaster.master][INFO] 2026-07-08 22:59:20,290: +PARAM [/mavros/wheel_odometry/vel_error] by /roslaunch
[rosmaster.master][INFO] 2026-07-08 22:59:20,290: +PARAM [/mavros/wheel_odometry/tf/send] by /roslaunch
[rosmaster.master][INFO] 2026-07-08 22:59:20,290: +PARAM [/mavros/wheel_odometry/tf/frame_id] by /roslaunch
[rosmaster.master][INFO] 2026-07-08 22:59:20,290: +PARAM [/mavros/wheel_odometry/tf/child_frame_id] by /roslaunch
[rosmaster.master][INFO] 2026-07-08 22:59:20,290: +PARAM [/mavros/fcu_url] by /roslaunch
[rosmaster.master][INFO] 2026-07-08 22:59:20,290: +PARAM [/mavros/gcs_url] by /roslaunch
[rosmaster.master][INFO] 2026-07-08 22:59:20,290: +PARAM [/mavros/target_system_id] by /roslaunch
[rosmaster.master][INFO] 2026-07-08 22:59:20,290: +PARAM [/mavros/target_component_id] by /roslaunch
[rosmaster.master][INFO] 2026-07-08 22:59:20,290: +PARAM [/mavros/fcu_protocol] by /roslaunch
[rosmaster.master][INFO] 2026-07-08 22:59:20,324: +PUB [/rosout] /mavros http://localhost:46717/
[rosmaster.master][INFO] 2026-07-08 22:59:20,325: +SERVICE [/mavros/get_loggers] /mavros http://localhost:46717/
[rosmaster.master][INFO] 2026-07-08 22:59:20,325: +SERVICE [/mavros/set_logger_level] /mavros http://localhost:46717/
[rosmaster.master][INFO] 2026-07-08 22:59:20,325: +PUB [/diagnostics] /mavros http://localhost:46717/
[rosmaster.master][INFO] 2026-07-08 22:59:20,325: +CACHEDPARAM [/mavros/diagnostic_period] by /mavros
[rosmaster.master][INFO] 2026-07-08 22:59:20,333: +SUB [/tf] /mavros http://localhost:46717/
[rosmaster.master][INFO] 2026-07-08 22:59:20,333: +SUB [/tf_static] /mavros http://localhost:46717/
[rosmaster.master][INFO] 2026-07-08 22:59:20,334: +PUB [/tf] /mavros http://localhost:46717/
[rosmaster.master][INFO] 2026-07-08 22:59:20,334: +PUB [/tf_static] /mavros http://localhost:46717/
[rosmaster.master][INFO] 2026-07-08 22:59:20,353: +CACHEDPARAM [/rosout_disable_topics_generation] by /mavros
[rosmaster.master][INFO] 2026-07-08 22:59:20,355: +PUB [/mavlink/from] /mavros http://localhost:46717/
[rosmaster.master][INFO] 2026-07-08 22:59:20,356: +SUB [/mavlink/to] /mavros http://localhost:46717/
[rosmaster.master][INFO] 2026-07-08 22:59:20,367: +PUB [/mavros/radio_status] /mavros http://localhost:46717/
[rosmaster.master][INFO] 2026-07-08 22:59:20,371: +PUB [/mavros/adsb/vehicle] /mavros http://localhost:46717/
[rosmaster.master][INFO] 2026-07-08 22:59:20,372: +SUB [/mavros/adsb/send] /mavros http://localhost:46717/
[rosmaster.master][INFO] 2026-07-08 22:59:20,373: +PUB [/mavros/cam_imu_sync/cam_imu_stamp] /mavros http://localhost:46717/
[rosmaster.master][INFO] 2026-07-08 22:59:20,374: publisherUpdate[/rosout] -> http://localhost:46835/ ['http://localhost:46717/']
[rosmaster.master][INFO] 2026-07-08 22:59:20,375: publisherUpdate[/tf] -> http://localhost:46717/ ['http://localhost:46717/']
[rosmaster.master][INFO] 2026-07-08 22:59:20,376: publisherUpdate[/rosout] -> http://localhost:46835/ ['http://localhost:46717/']: sec=0.00, result=[1, '', 0]
[rosmaster.master][INFO] 2026-07-08 22:59:20,376: +PUB [/mavros/camera/image_captured] /mavros http://localhost:46717/
[rosmaster.master][INFO] 2026-07-08 22:59:20,377: publisherUpdate[/tf] -> http://localhost:46717/ ['http://localhost:46717/']: sec=0.00, result=[1, '', 0]
[rosmaster.master][INFO] 2026-07-08 22:59:20,377: publisherUpdate[/tf_static] -> http://localhost:46717/ ['http://localhost:46717/']
[rosmaster.master][INFO] 2026-07-08 22:59:20,377: publisherUpdate[/tf_static] -> http://localhost:46717/ ['http://localhost:46717/']: sec=0.00, result=[1, '', 0]
[rosmaster.master][INFO] 2026-07-08 22:59:20,378: +SUB [/mavros/cellular_status/status] /mavros http://localhost:46717/
[rosmaster.master][INFO] 2026-07-08 22:59:20,379: +SERVICE [/mavros/cmd/command] /mavros http://localhost:46717/
[rosmaster.master][INFO] 2026-07-08 22:59:20,380: +SERVICE [/mavros/cmd/command_ack] /mavros http://localhost:46717/
[rosmaster.master][INFO] 2026-07-08 22:59:20,380: +SERVICE [/mavros/cmd/command_int] /mavros http://localhost:46717/
[rosmaster.master][INFO] 2026-07-08 22:59:20,381: +SERVICE [/mavros/cmd/arming] /mavros http://localhost:46717/
[rosmaster.master][INFO] 2026-07-08 22:59:20,381: +SERVICE [/mavros/cmd/set_home] /mavros http://localhost:46717/
[rosmaster.master][INFO] 2026-07-08 22:59:20,381: +SERVICE [/mavros/cmd/takeoff] /mavros http://localhost:46717/
[rosmaster.master][INFO] 2026-07-08 22:59:20,381: +SERVICE [/mavros/cmd/land] /mavros http://localhost:46717/
[rosmaster.master][INFO] 2026-07-08 22:59:20,382: +SERVICE [/mavros/cmd/trigger_control] /mavros http://localhost:46717/
[rosmaster.master][INFO] 2026-07-08 22:59:20,382: +SERVICE [/mavros/cmd/trigger_interval] /mavros http://localhost:46717/
[rosmaster.master][INFO] 2026-07-08 22:59:20,382: +SERVICE [/mavros/cmd/vtol_transition] /mavros http://localhost:46717/
[rosmaster.master][INFO] 2026-07-08 22:59:20,384: +SUB [/mavros/companion_process/status] /mavros http://localhost:46717/
[rosmaster.master][INFO] 2026-07-08 22:59:20,386: +PUB [/mavros/distance_sensor/rangefinder_pub] /mavros http://localhost:46717/
[rosmaster.master][INFO] 2026-07-08 22:59:20,388: +SUB [/mavros/distance_sensor/rangefinder_sub] /mavros http://localhost:46717/
[rosmaster.master][INFO] 2026-07-08 22:59:20,389: +PUB [/mavros/esc_info] /mavros http://localhost:46717/
[rosmaster.master][INFO] 2026-07-08 22:59:20,389: +PUB [/mavros/esc_status] /mavros http://localhost:46717/
[rosmaster.master][INFO] 2026-07-08 22:59:20,390: +PUB [/mavros/esc_telemetry] /mavros http://localhost:46717/
[rosmaster.master][INFO] 2026-07-08 22:59:20,397: +SUB [/mavros/fake_gps/mocap/pose] /mavros http://localhost:46717/
[rosmaster.master][INFO] 2026-07-08 22:59:20,399: +PUB [/mavros/geofence/waypoints] /mavros http://localhost:46717/
[rosmaster.master][INFO] 2026-07-08 22:59:20,399: +SERVICE [/mavros/geofence/pull] /mavros http://localhost:46717/
[rosmaster.master][INFO] 2026-07-08 22:59:20,400: +SERVICE [/mavros/geofence/push] /mavros http://localhost:46717/
[rosmaster.master][INFO] 2026-07-08 22:59:20,400: +SERVICE [/mavros/geofence/clear] /mavros http://localhost:46717/
[rosmaster.master][INFO] 2026-07-08 22:59:20,404: +PUB [/mavros/global_position/raw/fix] /mavros http://localhost:46717/
[rosmaster.master][INFO] 2026-07-08 22:59:20,404: +PUB [/mavros/global_position/raw/gps_vel] /mavros http://localhost:46717/
[rosmaster.master][INFO] 2026-07-08 22:59:20,404: +PUB [/mavros/global_position/raw/satellites] /mavros http://localhost:46717/
[rosmaster.master][INFO] 2026-07-08 22:59:20,405: +PUB [/mavros/global_position/global] /mavros http://localhost:46717/
[rosmaster.master][INFO] 2026-07-08 22:59:20,405: +PUB [/mavros/global_position/local] /mavros http://localhost:46717/
[rosmaster.master][INFO] 2026-07-08 22:59:20,405: +PUB [/mavros/global_position/rel_alt] /mavros http://localhost:46717/
[rosmaster.master][INFO] 2026-07-08 22:59:20,405: +PUB [/mavros/global_position/compass_hdg] /mavros http://localhost:46717/
[rosmaster.master][INFO] 2026-07-08 22:59:20,406: +PUB [/mavros/global_position/gp_origin] /mavros http://localhost:46717/
[rosmaster.master][INFO] 2026-07-08 22:59:20,407: +SUB [/mavros/global_position/set_gp_origin] /mavros http://localhost:46717/
[rosmaster.master][INFO] 2026-07-08 22:59:20,408: +SUB [/mavros/home_position/home] /mavros http://localhost:46717/
[rosmaster.master][INFO] 2026-07-08 22:59:20,408: +PUB [/mavros/global_position/gp_lp_offset] /mavros http://localhost:46717/
[rosmaster.master][INFO] 2026-07-08 22:59:20,409: +SUB [/mavros/gps_input/gps_input] /mavros http://localhost:46717/
[rosmaster.master][INFO] 2026-07-08 22:59:20,410: +SUB [/mavros/gps_rtk/send_rtcm] /mavros http://localhost:46717/
[rosmaster.master][INFO] 2026-07-08 22:59:20,411: +PUB [/mavros/gps_rtk/rtk_baseline] /mavros http://localhost:46717/
[rosmaster.master][INFO] 2026-07-08 22:59:20,411: +PUB [/mavros/gpsstatus/gps1/raw] /mavros http://localhost:46717/
[rosmaster.master][INFO] 2026-07-08 22:59:20,411: +PUB [/mavros/gpsstatus/gps2/raw] /mavros http://localhost:46717/
[rosmaster.master][INFO] 2026-07-08 22:59:20,412: +PUB [/mavros/gpsstatus/gps1/rtk] /mavros http://localhost:46717/
[rosmaster.master][INFO] 2026-07-08 22:59:20,412: +PUB [/mavros/gpsstatus/gps2/rtk] /mavros http://localhost:46717/
[rosmaster.master][INFO] 2026-07-08 22:59:20,413: +PUB [/move_base_simple/goal] /mavros http://localhost:46717/
[rosmaster.master][INFO] 2026-07-08 22:59:20,414: +SUB [/mavros/global_position/gp_origin] /mavros http://localhost:46717/
[rosmaster.master][INFO] 2026-07-08 22:59:20,415: +PUB [/mavros/home_position/home] /mavros http://localhost:46717/
[rosmaster.master][INFO] 2026-07-08 22:59:20,416: +SUB [/mavros/home_position/set] /mavros http://localhost:46717/
[rosmaster.master][INFO] 2026-07-08 22:59:20,416: +SERVICE [/mavros/home_position/req_update] /mavros http://localhost:46717/
[rosmaster.master][INFO] 2026-07-08 22:59:20,419: +PUB [/mavros/imu/data] /mavros http://localhost:46717/
[rosmaster.master][INFO] 2026-07-08 22:59:20,419: +PUB [/mavros/imu/mag] /mavros http://localhost:46717/
[rosmaster.master][INFO] 2026-07-08 22:59:20,419: +PUB [/mavros/imu/temperature_imu] /mavros http://localhost:46717/
[rosmaster.master][INFO] 2026-07-08 22:59:20,419: +PUB [/mavros/imu/temperature_baro] /mavros http://localhost:46717/
[rosmaster.master][INFO] 2026-07-08 22:59:20,419: +PUB [/mavros/imu/static_pressure] /mavros http://localhost:46717/
[rosmaster.master][INFO] 2026-07-08 22:59:20,420: +PUB [/mavros/imu/diff_pressure] /mavros http://localhost:46717/
[rosmaster.master][INFO] 2026-07-08 22:59:20,420: +PUB [/mavros/imu/data_raw] /mavros http://localhost:46717/
[rosmaster.master][INFO] 2026-07-08 22:59:20,424: +PUB [/mavros/landing_target/pose_in] /mavros http://localhost:46717/
[rosmaster.master][INFO] 2026-07-08 22:59:20,425: +PUB [/mavros/landing_target/lt_marker] /mavros http://localhost:46717/
[rosmaster.master][INFO] 2026-07-08 22:59:20,426: +SUB [/mavros/landing_target/pose] /mavros http://localhost:46717/
[rosmaster.master][INFO] 2026-07-08 22:59:20,427: +PUB [/mavros/local_position/pose] /mavros http://localhost:46717/
[rosmaster.master][INFO] 2026-07-08 22:59:20,428: +PUB [/mavros/local_position/pose_cov] /mavros http://localhost:46717/
[rosmaster.master][INFO] 2026-07-08 22:59:20,428: +PUB [/mavros/local_position/velocity_local] /mavros http://localhost:46717/
[rosmaster.master][INFO] 2026-07-08 22:59:20,428: +PUB [/mavros/local_position/velocity_body] /mavros http://localhost:46717/
[rosmaster.master][INFO] 2026-07-08 22:59:20,428: +PUB [/mavros/local_position/velocity_body_cov] /mavros http://localhost:46717/
[rosmaster.master][INFO] 2026-07-08 22:59:20,428: +PUB [/mavros/local_position/accel] /mavros http://localhost:46717/
[rosmaster.master][INFO] 2026-07-08 22:59:20,429: +PUB [/mavros/local_position/odom] /mavros http://localhost:46717/
[rosmaster.master][INFO] 2026-07-08 22:59:20,429: +PUB [/mavros/log_transfer/raw/log_entry] /mavros http://localhost:46717/
[rosmaster.master][INFO] 2026-07-08 22:59:20,429: +PUB [/mavros/log_transfer/raw/log_data] /mavros http://localhost:46717/
[rosmaster.master][INFO] 2026-07-08 22:59:20,430: +SERVICE [/mavros/log_transfer/raw/log_request_list] /mavros http://localhost:46717/
[rosmaster.master][INFO] 2026-07-08 22:59:20,430: +SERVICE [/mavros/log_transfer/raw/log_request_data] /mavros http://localhost:46717/
[rosmaster.master][INFO] 2026-07-08 22:59:20,430: +SERVICE [/mavros/log_transfer/raw/log_request_end] /mavros http://localhost:46717/
[rosmaster.master][INFO] 2026-07-08 22:59:20,430: +SERVICE [/mavros/log_transfer/raw/log_request_erase] /mavros http://localhost:46717/
[rosmaster.master][INFO] 2026-07-08 22:59:20,431: +PUB [/mavros/mag_calibration/status] /mavros http://localhost:46717/
[rosmaster.master][INFO] 2026-07-08 22:59:20,431: +PUB [/mavros/mag_calibration/report] /mavros http://localhost:46717/
[rosmaster.master][INFO] 2026-07-08 22:59:20,432: +PUB [/mavros/manual_control/control] /mavros http://localhost:46717/
[rosmaster.master][INFO] 2026-07-08 22:59:20,433: +SUB [/mavros/manual_control/send] /mavros http://localhost:46717/
[rosmaster.master][INFO] 2026-07-08 22:59:20,434: +SUB [/mavros/mocap/pose] /mavros http://localhost:46717/
[rosmaster.master][INFO] 2026-07-08 22:59:20,435: +SUB [/mavros/mount_control/command] /mavros http://localhost:46717/
[rosmaster.master][INFO] 2026-07-08 22:59:20,436: +PUB [/mavros/mount_control/orientation] /mavros http://localhost:46717/
[rosmaster.master][INFO] 2026-07-08 22:59:20,436: +PUB [/mavros/mount_control/status] /mavros http://localhost:46717/
[rosmaster.master][INFO] 2026-07-08 22:59:20,436: +SERVICE [/mavros/mount_control/configure] /mavros http://localhost:46717/
[rosmaster.master][INFO] 2026-07-08 22:59:20,439: +PUB [/mavros/nav_controller_output] /mavros http://localhost:46717/
[rosmaster.master][INFO] 2026-07-08 22:59:20,440: +SUB [/mavros/obstacle/send] /mavros http://localhost:46717/
[rosmaster.master][INFO] 2026-07-08 22:59:20,441: +PUB [/mavros/odometry/in] /mavros http://localhost:46717/
[rosmaster.master][INFO] 2026-07-08 22:59:20,442: +SUB [/mavros/odometry/out] /mavros http://localhost:46717/
[rosmaster.master][INFO] 2026-07-08 22:59:20,443: +SUB [/mavros/onboard_computer/status] /mavros http://localhost:46717/
[rosmaster.master][INFO] 2026-07-08 22:59:20,444: +SERVICE [/mavros/param/pull] /mavros http://localhost:46717/
[rosmaster.master][INFO] 2026-07-08 22:59:20,444: +SERVICE [/mavros/param/push] /mavros http://localhost:46717/
[rosmaster.master][INFO] 2026-07-08 22:59:20,444: +SERVICE [/mavros/param/set] /mavros http://localhost:46717/
[rosmaster.master][INFO] 2026-07-08 22:59:20,445: +SERVICE [/mavros/param/get] /mavros http://localhost:46717/
[rosmaster.master][INFO] 2026-07-08 22:59:20,445: +PUB [/mavros/param/param_value] /mavros http://localhost:46717/
[rosmaster.master][INFO] 2026-07-08 22:59:20,446: +SUB [/mavros/play_tune] /mavros http://localhost:46717/
[rosmaster.master][INFO] 2026-07-08 22:59:20,447: +PUB [/mavros/rallypoint/waypoints] /mavros http://localhost:46717/
[rosmaster.master][INFO] 2026-07-08 22:59:20,448: +SERVICE [/mavros/rallypoint/pull] /mavros http://localhost:46717/
[rosmaster.master][INFO] 2026-07-08 22:59:20,448: +SERVICE [/mavros/rallypoint/push] /mavros http://localhost:46717/
[rosmaster.master][INFO] 2026-07-08 22:59:20,448: +SERVICE [/mavros/rallypoint/clear] /mavros http://localhost:46717/
[rosmaster.master][INFO] 2026-07-08 22:59:20,449: +PUB [/mavros/rangefinder/rangefinder] /mavros http://localhost:46717/
[rosmaster.master][INFO] 2026-07-08 22:59:20,450: +PUB [/mavros/rc/in] /mavros http://localhost:46717/
[rosmaster.master][INFO] 2026-07-08 22:59:20,451: +PUB [/mavros/rc/out] /mavros http://localhost:46717/
[rosmaster.master][INFO] 2026-07-08 22:59:20,452: +SUB [/mavros/rc/override] /mavros http://localhost:46717/
[rosmaster.master][INFO] 2026-07-08 22:59:20,454: +SUB [/mavros/setpoint_accel/accel] /mavros http://localhost:46717/
[rosmaster.master][INFO] 2026-07-08 22:59:20,457: +SUB [/mavros/setpoint_attitude/thrust] /mavros http://localhost:46717/
[rosmaster.master][INFO] 2026-07-08 22:59:20,458: +SUB [/mavros/setpoint_attitude/cmd_vel] /mavros http://localhost:46717/
[rosmaster.master][INFO] 2026-07-08 22:59:20,462: +SUB [/mavros/setpoint_position/local] /mavros http://localhost:46717/
[rosmaster.master][INFO] 2026-07-08 22:59:20,463: +SUB [/mavros/setpoint_position/global] /mavros http://localhost:46717/
[rosmaster.master][INFO] 2026-07-08 22:59:20,464: +SUB [/mavros/setpoint_position/global_to_local] /mavros http://localhost:46717/
[rosmaster.master][INFO] 2026-07-08 22:59:20,465: +SUB [/mavros/global_position/global] /mavros http://localhost:46717/
[rosmaster.master][INFO] 2026-07-08 22:59:20,466: +SUB [/mavros/local_position/pose] /mavros http://localhost:46717/
[rosmaster.master][INFO] 2026-07-08 22:59:20,466: +SERVICE [/mavros/setpoint_position/mav_frame] /mavros http://localhost:46717/
[rosmaster.master][INFO] 2026-07-08 22:59:20,468: +SUB [/mavros/setpoint_raw/local] /mavros http://localhost:46717/
[rosmaster.master][INFO] 2026-07-08 22:59:20,469: +SUB [/mavros/setpoint_raw/global] /mavros http://localhost:46717/
[rosmaster.master][INFO] 2026-07-08 22:59:20,470: +SUB [/mavros/setpoint_raw/attitude] /mavros http://localhost:46717/
[rosmaster.master][INFO] 2026-07-08 22:59:20,470: +PUB [/mavros/setpoint_raw/target_local] /mavros http://localhost:46717/
[rosmaster.master][INFO] 2026-07-08 22:59:20,470: +PUB [/mavros/setpoint_raw/target_global] /mavros http://localhost:46717/
[rosmaster.master][INFO] 2026-07-08 22:59:20,470: +PUB [/mavros/setpoint_raw/target_attitude] /mavros http://localhost:46717/
[rosmaster.master][INFO] 2026-07-08 22:59:20,472: +SUB [/mavros/setpoint_trajectory/local] /mavros http://localhost:46717/
[rosmaster.master][INFO] 2026-07-08 22:59:20,472: +PUB [/mavros/setpoint_trajectory/desired] /mavros http://localhost:46717/
[rosmaster.master][INFO] 2026-07-08 22:59:20,473: +SERVICE [/mavros/setpoint_trajectory/reset] /mavros http://localhost:46717/
[rosmaster.master][INFO] 2026-07-08 22:59:20,473: +SERVICE [/mavros/setpoint_trajectory/mav_frame] /mavros http://localhost:46717/
[rosmaster.master][INFO] 2026-07-08 22:59:20,474: +SUB [/mavros/setpoint_velocity/cmd_vel] /mavros http://localhost:46717/
[rosmaster.master][INFO] 2026-07-08 22:59:20,475: +SUB [/mavros/setpoint_velocity/cmd_vel_unstamped] /mavros http://localhost:46717/
[rosmaster.master][INFO] 2026-07-08 22:59:20,476: +SERVICE [/mavros/setpoint_velocity/mav_frame] /mavros http://localhost:46717/
[rosmaster.master][INFO] 2026-07-08 22:59:20,477: publisherUpdate[/mavros/home_position/home] -> http://localhost:46717/ ['http://localhost:46717/']
[rosmaster.master][INFO] 2026-07-08 22:59:20,478: publisherUpdate[/mavros/home_position/home] -> http://localhost:46717/ ['http://localhost:46717/']: sec=0.00, result=[1, '', 0]
[rosmaster.master][INFO] 2026-07-08 22:59:20,479: +PUB [/mavros/state] /mavros http://localhost:46717/
[rosmaster.master][INFO] 2026-07-08 22:59:20,479: +PUB [/mavros/extended_state] /mavros http://localhost:46717/
[rosmaster.master][INFO] 2026-07-08 22:59:20,479: +PUB [/mavros/battery] /mavros http://localhost:46717/
[rosmaster.master][INFO] 2026-07-08 22:59:20,479: +PUB [/mavros/estimator_status] /mavros http://localhost:46717/
[rosmaster.master][INFO] 2026-07-08 22:59:20,480: +PUB [/mavros/statustext/recv] /mavros http://localhost:46717/
[rosmaster.master][INFO] 2026-07-08 22:59:20,480: +PUB [/mavros/sys_status] /mavros http://localhost:46717/
[rosmaster.master][INFO] 2026-07-08 22:59:20,481: +SUB [/mavros/statustext/send] /mavros http://localhost:46717/
[rosmaster.master][INFO] 2026-07-08 22:59:20,481: +SERVICE [/mavros/set_stream_rate] /mavros http://localhost:46717/
[rosmaster.master][INFO] 2026-07-08 22:59:20,481: +SERVICE [/mavros/set_mode] /mavros http://localhost:46717/
[rosmaster.master][INFO] 2026-07-08 22:59:20,482: +SERVICE [/mavros/vehicle_info_get] /mavros http://localhost:46717/
[rosmaster.master][INFO] 2026-07-08 22:59:20,482: +SERVICE [/mavros/set_message_interval] /mavros http://localhost:46717/
[rosmaster.master][INFO] 2026-07-08 22:59:20,485: +PUB [/mavros/time_reference] /mavros http://localhost:46717/
[rosmaster.master][INFO] 2026-07-08 22:59:20,485: +PUB [/mavros/timesync_status] /mavros http://localhost:46717/
[rosmaster.master][INFO] 2026-07-08 22:59:20,486: +PUB [/mavros/terrain/report] /mavros http://localhost:46717/
[rosmaster.master][INFO] 2026-07-08 22:59:20,487: +SUB [/mavros/trajectory/generated] /mavros http://localhost:46717/
[rosmaster.master][INFO] 2026-07-08 22:59:20,488: +SUB [/mavros/trajectory/path] /mavros http://localhost:46717/
[rosmaster.master][INFO] 2026-07-08 22:59:20,488: +PUB [/mavros/trajectory/desired] /mavros http://localhost:46717/
[rosmaster.master][INFO] 2026-07-08 22:59:20,490: +SUB [/mavros/tunnel/in] /mavros http://localhost:46717/
[rosmaster.master][INFO] 2026-07-08 22:59:20,490: +PUB [/mavros/tunnel/out] /mavros http://localhost:46717/
[rosmaster.master][INFO] 2026-07-08 22:59:20,490: +PUB [/mavros/vfr_hud] /mavros http://localhost:46717/
[rosmaster.master][INFO] 2026-07-08 22:59:20,493: +SUB [/mavros/vision_pose/pose] /mavros http://localhost:46717/
[rosmaster.master][INFO] 2026-07-08 22:59:20,494: +SUB [/mavros/vision_pose/pose_cov] /mavros http://localhost:46717/
[rosmaster.master][INFO] 2026-07-08 22:59:20,495: +PUB [/mavros/mission/waypoints] /mavros http://localhost:46717/
[rosmaster.master][INFO] 2026-07-08 22:59:20,495: +SERVICE [/mavros/mission/pull] /mavros http://localhost:46717/
[rosmaster.master][INFO] 2026-07-08 22:59:20,495: +SERVICE [/mavros/mission/push] /mavros http://localhost:46717/
[rosmaster.master][INFO] 2026-07-08 22:59:20,496: +SERVICE [/mavros/mission/clear] /mavros http://localhost:46717/
[rosmaster.master][INFO] 2026-07-08 22:59:20,496: +PUB [/mavros/mission/reached] /mavros http://localhost:46717/
[rosmaster.master][INFO] 2026-07-08 22:59:20,496: +SERVICE [/mavros/mission/set_current] /mavros http://localhost:46717/
[rosmaster.master][INFO] 2026-07-08 22:59:20,497: +PUB [/mavros/wind_estimation] /mavros http://localhost:46717/
[rosmaster.master][INFO] 2026-07-08 22:59:20,618: +CACHEDPARAM [/rosout/omit_topics] by /rosout
[rosmaster.master][INFO] 2026-07-08 22:59:21,498: +PUB [/mavlink/gcs_ip] /mavros http://localhost:46717/
[rosmaster.master][INFO] 2026-07-08 22:59:39,952: +PUB [/rosout] /horizontal_flight_logger http://localhost:35585/
[rosmaster.master][INFO] 2026-07-08 22:59:39,954: +SERVICE [/horizontal_flight_logger/get_loggers] /horizontal_flight_logger http://localhost:35585/
[rosmaster.master][INFO] 2026-07-08 22:59:39,954: +SERVICE [/horizontal_flight_logger/set_logger_level] /horizontal_flight_logger http://localhost:35585/
[rosmaster.master][INFO] 2026-07-08 22:59:39,954: +PUB [/mavros/setpoint_raw/local] /horizontal_flight_logger http://localhost:35585/
[rosmaster.master][INFO] 2026-07-08 22:59:39,955: +SUB [/mavros/local_position/velocity_local] /horizontal_flight_logger http://localhost:35585/
[rosmaster.master][INFO] 2026-07-08 22:59:39,956: +SUB [/mavros/battery] /horizontal_flight_logger http://localhost:35585/
[rosmaster.master][INFO] 2026-07-08 22:59:40,013: publisherUpdate[/rosout] -> http://localhost:46835/ ['http://localhost:46717/', 'http://localhost:35585/']
[rosmaster.master][INFO] 2026-07-08 22:59:40,014: publisherUpdate[/mavros/setpoint_raw/local] -> http://localhost:46717/ ['http://localhost:35585/']
[rosmaster.master][INFO] 2026-07-08 22:59:40,014: publisherUpdate[/rosout] -> http://localhost:46835/ ['http://localhost:46717/', 'http://localhost:35585/']: sec=0.00, result=[1, '', 0]
[rosmaster.master][INFO] 2026-07-08 22:59:40,015: publisherUpdate[/mavros/setpoint_raw/local] -> http://localhost:46717/ ['http://localhost:35585/']: sec=0.00, result=[1, '', 0]
[rosmaster.master][INFO] 2026-07-08 23:03:38,965: -SUB [/mavros/local_position/velocity_local] /horizontal_flight_logger http://localhost:35585/
[rosmaster.master][INFO] 2026-07-08 23:03:38,965: -SUB [/mavros/battery] /horizontal_flight_logger http://localhost:35585/
[rosmaster.master][INFO] 2026-07-08 23:03:38,965: -PUB [/rosout] /horizontal_flight_logger http://localhost:35585/
[rosmaster.master][INFO] 2026-07-08 23:03:38,965: -PUB [/mavros/setpoint_raw/local] /horizontal_flight_logger http://localhost:35585/
[rosmaster.master][INFO] 2026-07-08 23:03:38,965: -SERVICE [/horizontal_flight_logger/get_loggers] /horizontal_flight_logger rosrpc://localhost:37519
[rosmaster.master][INFO] 2026-07-08 23:03:38,965: -SERVICE [/horizontal_flight_logger/set_logger_level] /horizontal_flight_logger rosrpc://localhost:37519
[rosmaster.master][INFO] 2026-07-08 23:03:39,061: publisherUpdate[/rosout] -> http://localhost:46835/ ['http://localhost:46717/']
[rosmaster.master][INFO] 2026-07-08 23:03:39,061: publisherUpdate[/mavros/setpoint_raw/local] -> http://localhost:46717/ []
[rosmaster.master][INFO] 2026-07-08 23:03:39,063: publisherUpdate[/rosout] -> http://localhost:46835/ ['http://localhost:46717/']: sec=0.00, result=[1, '', 0]
[rosmaster.master][INFO] 2026-07-08 23:03:39,064: publisherUpdate[/mavros/setpoint_raw/local] -> http://localhost:46717/ []: sec=0.00, result=[1, '', 0]
[rosmaster.master][INFO] 2026-07-08 23:04:13,582: -PUB [/rosout_agg] /rosout http://localhost:46835/
[rosmaster.master][INFO] 2026-07-08 23:04:13,582: -SUB [/rosout] /rosout http://localhost:46835/
[rosmaster.master][INFO] 2026-07-08 23:04:13,583: -SERVICE [/rosout/get_loggers] /rosout rosrpc://localhost:46105
[rosmaster.master][INFO] 2026-07-08 23:04:13,583: -SERVICE [/rosout/set_logger_level] /rosout rosrpc://localhost:46105
[rosmaster.master][INFO] 2026-07-08 23:04:13,583: -CACHEDPARAM [/rosout/omit_topics] by /rosout
[rosmaster.main][INFO] 2026-07-08 23:04:13,660: keyboard interrupt, will exit
[rosmaster.main][INFO] 2026-07-08 23:04:13,660: stopping master...
[rospy.core][INFO] 2026-07-08 23:04:13,660: signal_shutdown [atexit]
