[rosmaster.main][INFO] 2026-06-20 23:48:58,515: initialization complete, waiting for shutdown
[rosmaster.main][INFO] 2026-06-20 23:48:58,515: Starting ROS Master Node
[xmlrpc][INFO] 2026-06-20 23:48:58,516: XML-RPC server binding to 127.0.0.1:11311
[xmlrpc][INFO] 2026-06-20 23:48:58,516: Started XML-RPC server [http://localhost:11311/]
[xmlrpc][INFO] 2026-06-20 23:48:58,516: xml rpc node: starting XML-RPC server
[rosmaster.master][INFO] 2026-06-20 23:48:58,516: Master initialized: port[11311], uri[http://localhost:11311/]
[rosmaster.master][INFO] 2026-06-20 23:48:58,527: +PARAM [/run_id] by /roslaunch
[rosmaster.master][INFO] 2026-06-20 23:48:58,528: +PARAM [/roslaunch/uris/host_localhost__46133] by /roslaunch
[rosmaster.master][INFO] 2026-06-20 23:48:58,554: +PARAM [/rosversion] by /roslaunch
[rosmaster.master][INFO] 2026-06-20 23:48:58,555: +PARAM [/rosdistro] by /roslaunch
[rosmaster.master][INFO] 2026-06-20 23:48:58,561: +SERVICE [/rosout/get_loggers] /rosout http://localhost:46573/
[rosmaster.master][INFO] 2026-06-20 23:48:58,561: +SERVICE [/rosout/set_logger_level] /rosout http://localhost:46573/
[rosmaster.master][INFO] 2026-06-20 23:48:58,562: +PUB [/rosout_agg] /rosout http://localhost:46573/
[rosmaster.master][INFO] 2026-06-20 23:48:58,564: +SUB [/rosout] /rosout http://localhost:46573/
[rosmaster.master][INFO] 2026-06-20 23:49:03,519: +PARAM [/roslaunch/uris/host_localhost__42687] by /roslaunch
[rosmaster.master][INFO] 2026-06-20 23:49:03,526: +PARAM [/rosversion] by /roslaunch
[rosmaster.master][INFO] 2026-06-20 23:49:03,526: +PARAM [/rosdistro] by /roslaunch
[rosmaster.master][INFO] 2026-06-20 23:49:03,527: +PARAM [/mavros/plugin_blacklist] by /roslaunch
[rosmaster.master][INFO] 2026-06-20 23:49:03,527: +PARAM [/mavros/plugin_whitelist] by /roslaunch
[rosmaster.master][INFO] 2026-06-20 23:49:03,527: +PARAM [/mavros/startup_px4_usb_quirk] by /roslaunch
[rosmaster.master][INFO] 2026-06-20 23:49:03,527: +PARAM [/mavros/conn/heartbeat_rate] by /roslaunch
[rosmaster.master][INFO] 2026-06-20 23:49:03,527: +PARAM [/mavros/conn/heartbeat_mav_type] by /roslaunch
[rosmaster.master][INFO] 2026-06-20 23:49:03,527: +PARAM [/mavros/conn/timeout] by /roslaunch
[rosmaster.master][INFO] 2026-06-20 23:49:03,527: +PARAM [/mavros/conn/timesync_rate] by /roslaunch
[rosmaster.master][INFO] 2026-06-20 23:49:03,527: +PARAM [/mavros/conn/system_time_rate] by /roslaunch
[rosmaster.master][INFO] 2026-06-20 23:49:03,527: +PARAM [/mavros/sys/min_voltage] by /roslaunch
[rosmaster.master][INFO] 2026-06-20 23:49:03,527: +PARAM [/mavros/sys/disable_diag] by /roslaunch
[rosmaster.master][INFO] 2026-06-20 23:49:03,527: +PARAM [/mavros/time/time_ref_source] by /roslaunch
[rosmaster.master][INFO] 2026-06-20 23:49:03,528: +PARAM [/mavros/time/timesync_mode] by /roslaunch
[rosmaster.master][INFO] 2026-06-20 23:49:03,529: +PARAM [/mavros/time/timesync_avg_alpha] by /roslaunch
[rosmaster.master][INFO] 2026-06-20 23:49:03,529: +PARAM [/mavros/tdr_radio/low_rssi] by /roslaunch
[rosmaster.master][INFO] 2026-06-20 23:49:03,529: +PARAM [/mavros/cmd/use_comp_id_system_control] by /roslaunch
[rosmaster.master][INFO] 2026-06-20 23:49:03,529: +PARAM [/mavros/global_position/frame_id] by /roslaunch
[rosmaster.master][INFO] 2026-06-20 23:49:03,529: +PARAM [/mavros/global_position/child_frame_id] by /roslaunch
[rosmaster.master][INFO] 2026-06-20 23:49:03,529: +PARAM [/mavros/global_position/rot_covariance] by /roslaunch
[rosmaster.master][INFO] 2026-06-20 23:49:03,529: +PARAM [/mavros/global_position/gps_uere] by /roslaunch
[rosmaster.master][INFO] 2026-06-20 23:49:03,529: +PARAM [/mavros/global_position/use_relative_alt] by /roslaunch
[rosmaster.master][INFO] 2026-06-20 23:49:03,529: +PARAM [/mavros/global_position/tf/send] by /roslaunch
[rosmaster.master][INFO] 2026-06-20 23:49:03,529: +PARAM [/mavros/global_position/tf/frame_id] by /roslaunch
[rosmaster.master][INFO] 2026-06-20 23:49:03,529: +PARAM [/mavros/global_position/tf/global_frame_id] by /roslaunch
[rosmaster.master][INFO] 2026-06-20 23:49:03,529: +PARAM [/mavros/global_position/tf/child_frame_id] by /roslaunch
[rosmaster.master][INFO] 2026-06-20 23:49:03,529: +PARAM [/mavros/imu/frame_id] by /roslaunch
[rosmaster.master][INFO] 2026-06-20 23:49:03,529: +PARAM [/mavros/imu/linear_acceleration_stdev] by /roslaunch
[rosmaster.master][INFO] 2026-06-20 23:49:03,529: +PARAM [/mavros/imu/angular_velocity_stdev] by /roslaunch
[rosmaster.master][INFO] 2026-06-20 23:49:03,529: +PARAM [/mavros/imu/orientation_stdev] by /roslaunch
[rosmaster.master][INFO] 2026-06-20 23:49:03,529: +PARAM [/mavros/imu/magnetic_stdev] by /roslaunch
[rosmaster.master][INFO] 2026-06-20 23:49:03,529: +PARAM [/mavros/local_position/frame_id] by /roslaunch
[rosmaster.master][INFO] 2026-06-20 23:49:03,529: +PARAM [/mavros/local_position/tf/send] by /roslaunch
[rosmaster.master][INFO] 2026-06-20 23:49:03,529: +PARAM [/mavros/local_position/tf/frame_id] by /roslaunch
[rosmaster.master][INFO] 2026-06-20 23:49:03,529: +PARAM [/mavros/local_position/tf/child_frame_id] by /roslaunch
[rosmaster.master][INFO] 2026-06-20 23:49:03,529: +PARAM [/mavros/local_position/tf/send_fcu] by /roslaunch
[rosmaster.master][INFO] 2026-06-20 23:49:03,529: +PARAM [/mavros/safety_area/p1/x] by /roslaunch
[rosmaster.master][INFO] 2026-06-20 23:49:03,530: +PARAM [/mavros/safety_area/p1/y] by /roslaunch
[rosmaster.master][INFO] 2026-06-20 23:49:03,530: +PARAM [/mavros/safety_area/p1/z] by /roslaunch
[rosmaster.master][INFO] 2026-06-20 23:49:03,530: +PARAM [/mavros/safety_area/p2/x] by /roslaunch
[rosmaster.master][INFO] 2026-06-20 23:49:03,530: +PARAM [/mavros/safety_area/p2/y] by /roslaunch
[rosmaster.master][INFO] 2026-06-20 23:49:03,530: +PARAM [/mavros/safety_area/p2/z] by /roslaunch
[rosmaster.master][INFO] 2026-06-20 23:49:03,530: +PARAM [/mavros/setpoint_accel/send_force] by /roslaunch
[rosmaster.master][INFO] 2026-06-20 23:49:03,530: +PARAM [/mavros/setpoint_attitude/reverse_thrust] by /roslaunch
[rosmaster.master][INFO] 2026-06-20 23:49:03,530: +PARAM [/mavros/setpoint_attitude/use_quaternion] by /roslaunch
[rosmaster.master][INFO] 2026-06-20 23:49:03,530: +PARAM [/mavros/setpoint_attitude/tf/listen] by /roslaunch
[rosmaster.master][INFO] 2026-06-20 23:49:03,530: +PARAM [/mavros/setpoint_attitude/tf/frame_id] by /roslaunch
[rosmaster.master][INFO] 2026-06-20 23:49:03,530: +PARAM [/mavros/setpoint_attitude/tf/child_frame_id] by /roslaunch
[rosmaster.master][INFO] 2026-06-20 23:49:03,530: +PARAM [/mavros/setpoint_attitude/tf/rate_limit] by /roslaunch
[rosmaster.master][INFO] 2026-06-20 23:49:03,530: +PARAM [/mavros/setpoint_raw/thrust_scaling] by /roslaunch
[rosmaster.master][INFO] 2026-06-20 23:49:03,530: +PARAM [/mavros/setpoint_position/tf/listen] by /roslaunch
[rosmaster.master][INFO] 2026-06-20 23:49:03,530: +PARAM [/mavros/setpoint_position/tf/frame_id] by /roslaunch
[rosmaster.master][INFO] 2026-06-20 23:49:03,530: +PARAM [/mavros/setpoint_position/tf/child_frame_id] by /roslaunch
[rosmaster.master][INFO] 2026-06-20 23:49:03,530: +PARAM [/mavros/setpoint_position/tf/rate_limit] by /roslaunch
[rosmaster.master][INFO] 2026-06-20 23:49:03,530: +PARAM [/mavros/setpoint_position/mav_frame] by /roslaunch
[rosmaster.master][INFO] 2026-06-20 23:49:03,530: +PARAM [/mavros/guided_target/tf/listen] by /roslaunch
[rosmaster.master][INFO] 2026-06-20 23:49:03,530: +PARAM [/mavros/guided_target/tf/frame_id] by /roslaunch
[rosmaster.master][INFO] 2026-06-20 23:49:03,530: +PARAM [/mavros/guided_target/tf/child_frame_id] by /roslaunch
[rosmaster.master][INFO] 2026-06-20 23:49:03,530: +PARAM [/mavros/guided_target/tf/rate_limit] by /roslaunch
[rosmaster.master][INFO] 2026-06-20 23:49:03,530: +PARAM [/mavros/setpoint_velocity/mav_frame] by /roslaunch
[rosmaster.master][INFO] 2026-06-20 23:49:03,530: +PARAM [/mavros/mission/pull_after_gcs] by /roslaunch
[rosmaster.master][INFO] 2026-06-20 23:49:03,530: +PARAM [/mavros/mission/use_mission_item_int] by /roslaunch
[rosmaster.master][INFO] 2026-06-20 23:49:03,530: +PARAM [/mavros/distance_sensor/rangefinder_pub/id] by /roslaunch
[rosmaster.master][INFO] 2026-06-20 23:49:03,530: +PARAM [/mavros/distance_sensor/rangefinder_pub/frame_id] by /roslaunch
[rosmaster.master][INFO] 2026-06-20 23:49:03,531: +PARAM [/mavros/distance_sensor/rangefinder_pub/field_of_view] by /roslaunch
[rosmaster.master][INFO] 2026-06-20 23:49:03,531: +PARAM [/mavros/distance_sensor/rangefinder_pub/send_tf] by /roslaunch
[rosmaster.master][INFO] 2026-06-20 23:49:03,531: +PARAM [/mavros/distance_sensor/rangefinder_pub/sensor_position/x] by /roslaunch
[rosmaster.master][INFO] 2026-06-20 23:49:03,531: +PARAM [/mavros/distance_sensor/rangefinder_pub/sensor_position/y] by /roslaunch
[rosmaster.master][INFO] 2026-06-20 23:49:03,531: +PARAM [/mavros/distance_sensor/rangefinder_pub/sensor_position/z] by /roslaunch
[rosmaster.master][INFO] 2026-06-20 23:49:03,531: +PARAM [/mavros/distance_sensor/rangefinder_sub/subscriber] by /roslaunch
[rosmaster.master][INFO] 2026-06-20 23:49:03,531: +PARAM [/mavros/distance_sensor/rangefinder_sub/id] by /roslaunch
[rosmaster.master][INFO] 2026-06-20 23:49:03,531: +PARAM [/mavros/distance_sensor/rangefinder_sub/orientation] by /roslaunch
[rosmaster.master][INFO] 2026-06-20 23:49:03,531: +PARAM [/mavros/image/frame_id] by /roslaunch
[rosmaster.master][INFO] 2026-06-20 23:49:03,531: +PARAM [/mavros/fake_gps/use_mocap] by /roslaunch
[rosmaster.master][INFO] 2026-06-20 23:49:03,531: +PARAM [/mavros/fake_gps/mocap_transform] by /roslaunch
[rosmaster.master][INFO] 2026-06-20 23:49:03,531: +PARAM [/mavros/fake_gps/mocap_withcovariance] by /roslaunch
[rosmaster.master][INFO] 2026-06-20 23:49:03,531: +PARAM [/mavros/fake_gps/use_vision] by /roslaunch
[rosmaster.master][INFO] 2026-06-20 23:49:03,531: +PARAM [/mavros/fake_gps/use_hil_gps] by /roslaunch
[rosmaster.master][INFO] 2026-06-20 23:49:03,531: +PARAM [/mavros/fake_gps/gps_id] by /roslaunch
[rosmaster.master][INFO] 2026-06-20 23:49:03,531: +PARAM [/mavros/fake_gps/geo_origin/lat] by /roslaunch
[rosmaster.master][INFO] 2026-06-20 23:49:03,531: +PARAM [/mavros/fake_gps/geo_origin/lon] by /roslaunch
[rosmaster.master][INFO] 2026-06-20 23:49:03,531: +PARAM [/mavros/fake_gps/geo_origin/alt] by /roslaunch
[rosmaster.master][INFO] 2026-06-20 23:49:03,531: +PARAM [/mavros/fake_gps/eph] by /roslaunch
[rosmaster.master][INFO] 2026-06-20 23:49:03,531: +PARAM [/mavros/fake_gps/epv] by /roslaunch
[rosmaster.master][INFO] 2026-06-20 23:49:03,531: +PARAM [/mavros/fake_gps/horiz_accuracy] by /roslaunch
[rosmaster.master][INFO] 2026-06-20 23:49:03,531: +PARAM [/mavros/fake_gps/vert_accuracy] by /roslaunch
[rosmaster.master][INFO] 2026-06-20 23:49:03,531: +PARAM [/mavros/fake_gps/speed_accuracy] by /roslaunch
[rosmaster.master][INFO] 2026-06-20 23:49:03,531: +PARAM [/mavros/fake_gps/satellites_visible] by /roslaunch
[rosmaster.master][INFO] 2026-06-20 23:49:03,531: +PARAM [/mavros/fake_gps/fix_type] by /roslaunch
[rosmaster.master][INFO] 2026-06-20 23:49:03,531: +PARAM [/mavros/fake_gps/tf/listen] by /roslaunch
[rosmaster.master][INFO] 2026-06-20 23:49:03,531: +PARAM [/mavros/fake_gps/tf/send] by /roslaunch
[rosmaster.master][INFO] 2026-06-20 23:49:03,531: +PARAM [/mavros/fake_gps/tf/frame_id] by /roslaunch
[rosmaster.master][INFO] 2026-06-20 23:49:03,531: +PARAM [/mavros/fake_gps/tf/child_frame_id] by /roslaunch
[rosmaster.master][INFO] 2026-06-20 23:49:03,531: +PARAM [/mavros/fake_gps/tf/rate_limit] by /roslaunch
[rosmaster.master][INFO] 2026-06-20 23:49:03,531: +PARAM [/mavros/fake_gps/gps_rate] by /roslaunch
[rosmaster.master][INFO] 2026-06-20 23:49:03,531: +PARAM [/mavros/landing_target/listen_lt] by /roslaunch
[rosmaster.master][INFO] 2026-06-20 23:49:03,531: +PARAM [/mavros/landing_target/mav_frame] by /roslaunch
[rosmaster.master][INFO] 2026-06-20 23:49:03,532: +PARAM [/mavros/landing_target/land_target_type] by /roslaunch
[rosmaster.master][INFO] 2026-06-20 23:49:03,532: +PARAM [/mavros/landing_target/image/width] by /roslaunch
[rosmaster.master][INFO] 2026-06-20 23:49:03,532: +PARAM [/mavros/landing_target/image/height] by /roslaunch
[rosmaster.master][INFO] 2026-06-20 23:49:03,532: +PARAM [/mavros/landing_target/camera/fov_x] by /roslaunch
[rosmaster.master][INFO] 2026-06-20 23:49:03,532: +PARAM [/mavros/landing_target/camera/fov_y] by /roslaunch
[rosmaster.master][INFO] 2026-06-20 23:49:03,532: +PARAM [/mavros/landing_target/tf/send] by /roslaunch
[rosmaster.master][INFO] 2026-06-20 23:49:03,532: +PARAM [/mavros/landing_target/tf/listen] by /roslaunch
[rosmaster.master][INFO] 2026-06-20 23:49:03,532: +PARAM [/mavros/landing_target/tf/frame_id] by /roslaunch
[rosmaster.master][INFO] 2026-06-20 23:49:03,532: +PARAM [/mavros/landing_target/tf/child_frame_id] by /roslaunch
[rosmaster.master][INFO] 2026-06-20 23:49:03,532: +PARAM [/mavros/landing_target/tf/rate_limit] by /roslaunch
[rosmaster.master][INFO] 2026-06-20 23:49:03,532: +PARAM [/mavros/landing_target/target_size/x] by /roslaunch
[rosmaster.master][INFO] 2026-06-20 23:49:03,532: +PARAM [/mavros/landing_target/target_size/y] by /roslaunch
[rosmaster.master][INFO] 2026-06-20 23:49:03,532: +PARAM [/mavros/mocap/use_tf] by /roslaunch
[rosmaster.master][INFO] 2026-06-20 23:49:03,532: +PARAM [/mavros/mocap/use_pose] by /roslaunch
[rosmaster.master][INFO] 2026-06-20 23:49:03,532: +PARAM [/mavros/mount/debounce_s] by /roslaunch
[rosmaster.master][INFO] 2026-06-20 23:49:03,532: +PARAM [/mavros/mount/err_threshold_deg] by /roslaunch
[rosmaster.master][INFO] 2026-06-20 23:49:03,532: +PARAM [/mavros/mount/negate_measured_roll] by /roslaunch
[rosmaster.master][INFO] 2026-06-20 23:49:03,532: +PARAM [/mavros/mount/negate_measured_pitch] by /roslaunch
[rosmaster.master][INFO] 2026-06-20 23:49:03,532: +PARAM [/mavros/mount/negate_measured_yaw] by /roslaunch
[rosmaster.master][INFO] 2026-06-20 23:49:03,532: +PARAM [/mavros/odometry/frame_tf/desired_frame] by /roslaunch
[rosmaster.master][INFO] 2026-06-20 23:49:03,532: +PARAM [/mavros/odometry/estimator_type] by /roslaunch
[rosmaster.master][INFO] 2026-06-20 23:49:03,532: +PARAM [/mavros/px4flow/frame_id] by /roslaunch
[rosmaster.master][INFO] 2026-06-20 23:49:03,532: +PARAM [/mavros/px4flow/ranger_fov] by /roslaunch
[rosmaster.master][INFO] 2026-06-20 23:49:03,532: +PARAM [/mavros/px4flow/ranger_min_range] by /roslaunch
[rosmaster.master][INFO] 2026-06-20 23:49:03,532: +PARAM [/mavros/px4flow/ranger_max_range] by /roslaunch
[rosmaster.master][INFO] 2026-06-20 23:49:03,532: +PARAM [/mavros/vision_pose/tf/listen] by /roslaunch
[rosmaster.master][INFO] 2026-06-20 23:49:03,532: +PARAM [/mavros/vision_pose/tf/frame_id] by /roslaunch
[rosmaster.master][INFO] 2026-06-20 23:49:03,532: +PARAM [/mavros/vision_pose/tf/child_frame_id] by /roslaunch
[rosmaster.master][INFO] 2026-06-20 23:49:03,532: +PARAM [/mavros/vision_pose/tf/rate_limit] by /roslaunch
[rosmaster.master][INFO] 2026-06-20 23:49:03,532: +PARAM [/mavros/vision_speed/listen_twist] by /roslaunch
[rosmaster.master][INFO] 2026-06-20 23:49:03,532: +PARAM [/mavros/vision_speed/twist_cov] by /roslaunch
[rosmaster.master][INFO] 2026-06-20 23:49:03,533: +PARAM [/mavros/vibration/frame_id] by /roslaunch
[rosmaster.master][INFO] 2026-06-20 23:49:03,533: +PARAM [/mavros/wheel_odometry/count] by /roslaunch
[rosmaster.master][INFO] 2026-06-20 23:49:03,533: +PARAM [/mavros/wheel_odometry/use_rpm] by /roslaunch
[rosmaster.master][INFO] 2026-06-20 23:49:03,533: +PARAM [/mavros/wheel_odometry/wheel0/x] by /roslaunch
[rosmaster.master][INFO] 2026-06-20 23:49:03,533: +PARAM [/mavros/wheel_odometry/wheel0/y] by /roslaunch
[rosmaster.master][INFO] 2026-06-20 23:49:03,533: +PARAM [/mavros/wheel_odometry/wheel0/radius] by /roslaunch
[rosmaster.master][INFO] 2026-06-20 23:49:03,533: +PARAM [/mavros/wheel_odometry/wheel1/x] by /roslaunch
[rosmaster.master][INFO] 2026-06-20 23:49:03,533: +PARAM [/mavros/wheel_odometry/wheel1/y] by /roslaunch
[rosmaster.master][INFO] 2026-06-20 23:49:03,533: +PARAM [/mavros/wheel_odometry/wheel1/radius] by /roslaunch
[rosmaster.master][INFO] 2026-06-20 23:49:03,533: +PARAM [/mavros/wheel_odometry/send_raw] by /roslaunch
[rosmaster.master][INFO] 2026-06-20 23:49:03,533: +PARAM [/mavros/wheel_odometry/send_twist] by /roslaunch
[rosmaster.master][INFO] 2026-06-20 23:49:03,533: +PARAM [/mavros/wheel_odometry/frame_id] by /roslaunch
[rosmaster.master][INFO] 2026-06-20 23:49:03,533: +PARAM [/mavros/wheel_odometry/child_frame_id] by /roslaunch
[rosmaster.master][INFO] 2026-06-20 23:49:03,533: +PARAM [/mavros/wheel_odometry/vel_error] by /roslaunch
[rosmaster.master][INFO] 2026-06-20 23:49:03,533: +PARAM [/mavros/wheel_odometry/tf/send] by /roslaunch
[rosmaster.master][INFO] 2026-06-20 23:49:03,533: +PARAM [/mavros/wheel_odometry/tf/frame_id] by /roslaunch
[rosmaster.master][INFO] 2026-06-20 23:49:03,533: +PARAM [/mavros/wheel_odometry/tf/child_frame_id] by /roslaunch
[rosmaster.master][INFO] 2026-06-20 23:49:03,533: +PARAM [/mavros/fcu_url] by /roslaunch
[rosmaster.master][INFO] 2026-06-20 23:49:03,533: +PARAM [/mavros/gcs_url] by /roslaunch
[rosmaster.master][INFO] 2026-06-20 23:49:03,533: +PARAM [/mavros/target_system_id] by /roslaunch
[rosmaster.master][INFO] 2026-06-20 23:49:03,533: +PARAM [/mavros/target_component_id] by /roslaunch
[rosmaster.master][INFO] 2026-06-20 23:49:03,533: +PARAM [/mavros/fcu_protocol] by /roslaunch
[rosmaster.master][INFO] 2026-06-20 23:49:03,582: +PUB [/rosout] /mavros http://localhost:45297/
[rosmaster.master][INFO] 2026-06-20 23:49:03,583: +SERVICE [/mavros/get_loggers] /mavros http://localhost:45297/
[rosmaster.master][INFO] 2026-06-20 23:49:03,583: +SERVICE [/mavros/set_logger_level] /mavros http://localhost:45297/
[rosmaster.master][INFO] 2026-06-20 23:49:03,585: +PUB [/diagnostics] /mavros http://localhost:45297/
[rosmaster.master][INFO] 2026-06-20 23:49:03,585: +CACHEDPARAM [/mavros/diagnostic_period] by /mavros
[rosmaster.master][INFO] 2026-06-20 23:49:03,598: +SUB [/tf] /mavros http://localhost:45297/
[rosmaster.master][INFO] 2026-06-20 23:49:03,600: +SUB [/tf_static] /mavros http://localhost:45297/
[rosmaster.master][INFO] 2026-06-20 23:49:03,601: +PUB [/tf] /mavros http://localhost:45297/
[rosmaster.master][INFO] 2026-06-20 23:49:03,601: +PUB [/tf_static] /mavros http://localhost:45297/
[rosmaster.master][INFO] 2026-06-20 23:49:03,627: publisherUpdate[/rosout] -> http://localhost:46573/ ['http://localhost:45297/']
[rosmaster.master][INFO] 2026-06-20 23:49:03,627: publisherUpdate[/tf] -> http://localhost:45297/ ['http://localhost:45297/']
[rosmaster.master][INFO] 2026-06-20 23:49:03,630: publisherUpdate[/rosout] -> http://localhost:46573/ ['http://localhost:45297/']: sec=0.00, result=[1, '', 0]
[rosmaster.master][INFO] 2026-06-20 23:49:03,631: publisherUpdate[/tf] -> http://localhost:45297/ ['http://localhost:45297/']: sec=0.00, result=[1, '', 0]
[rosmaster.master][INFO] 2026-06-20 23:49:03,631: publisherUpdate[/tf_static] -> http://localhost:45297/ ['http://localhost:45297/']
[rosmaster.master][INFO] 2026-06-20 23:49:03,631: publisherUpdate[/tf_static] -> http://localhost:45297/ ['http://localhost:45297/']: sec=0.00, result=[1, '', 0]
[rosmaster.master][INFO] 2026-06-20 23:49:03,642: +CACHEDPARAM [/rosout_disable_topics_generation] by /mavros
[rosmaster.master][INFO] 2026-06-20 23:49:03,646: +PUB [/mavlink/from] /mavros http://localhost:45297/
[rosmaster.master][INFO] 2026-06-20 23:49:03,648: +SUB [/mavlink/to] /mavros http://localhost:45297/
[rosmaster.master][INFO] 2026-06-20 23:49:03,667: +PUB [/mavros/radio_status] /mavros http://localhost:45297/
[rosmaster.master][INFO] 2026-06-20 23:49:03,677: +PUB [/mavros/adsb/vehicle] /mavros http://localhost:45297/
[rosmaster.master][INFO] 2026-06-20 23:49:03,679: +SUB [/mavros/adsb/send] /mavros http://localhost:45297/
[rosmaster.master][INFO] 2026-06-20 23:49:03,680: +PUB [/mavros/cam_imu_sync/cam_imu_stamp] /mavros http://localhost:45297/
[rosmaster.master][INFO] 2026-06-20 23:49:03,681: +PUB [/mavros/camera/image_captured] /mavros http://localhost:45297/
[rosmaster.master][INFO] 2026-06-20 23:49:03,683: +SUB [/mavros/cellular_status/status] /mavros http://localhost:45297/
[rosmaster.master][INFO] 2026-06-20 23:49:03,686: +SERVICE [/mavros/cmd/command] /mavros http://localhost:45297/
[rosmaster.master][INFO] 2026-06-20 23:49:03,686: +SERVICE [/mavros/cmd/command_ack] /mavros http://localhost:45297/
[rosmaster.master][INFO] 2026-06-20 23:49:03,687: +SERVICE [/mavros/cmd/command_int] /mavros http://localhost:45297/
[rosmaster.master][INFO] 2026-06-20 23:49:03,687: +SERVICE [/mavros/cmd/arming] /mavros http://localhost:45297/
[rosmaster.master][INFO] 2026-06-20 23:49:03,688: +SERVICE [/mavros/cmd/set_home] /mavros http://localhost:45297/
[rosmaster.master][INFO] 2026-06-20 23:49:03,689: +SERVICE [/mavros/cmd/takeoff] /mavros http://localhost:45297/
[rosmaster.master][INFO] 2026-06-20 23:49:03,689: +SERVICE [/mavros/cmd/land] /mavros http://localhost:45297/
[rosmaster.master][INFO] 2026-06-20 23:49:03,690: +SERVICE [/mavros/cmd/trigger_control] /mavros http://localhost:45297/
[rosmaster.master][INFO] 2026-06-20 23:49:03,690: +SERVICE [/mavros/cmd/trigger_interval] /mavros http://localhost:45297/
[rosmaster.master][INFO] 2026-06-20 23:49:03,691: +SERVICE [/mavros/cmd/vtol_transition] /mavros http://localhost:45297/
[rosmaster.master][INFO] 2026-06-20 23:49:03,693: +SUB [/mavros/companion_process/status] /mavros http://localhost:45297/
[rosmaster.master][INFO] 2026-06-20 23:49:03,698: +PUB [/mavros/distance_sensor/rangefinder_pub] /mavros http://localhost:45297/
[rosmaster.master][INFO] 2026-06-20 23:49:03,701: +SUB [/mavros/distance_sensor/rangefinder_sub] /mavros http://localhost:45297/
[rosmaster.master][INFO] 2026-06-20 23:49:03,702: +PUB [/mavros/esc_info] /mavros http://localhost:45297/
[rosmaster.master][INFO] 2026-06-20 23:49:03,703: +PUB [/mavros/esc_status] /mavros http://localhost:45297/
[rosmaster.master][INFO] 2026-06-20 23:49:03,704: +PUB [/mavros/esc_telemetry] /mavros http://localhost:45297/
[rosmaster.master][INFO] 2026-06-20 23:49:03,719: +SUB [/mavros/fake_gps/mocap/pose] /mavros http://localhost:45297/
[rosmaster.master][INFO] 2026-06-20 23:49:03,722: +PUB [/mavros/geofence/waypoints] /mavros http://localhost:45297/
[rosmaster.master][INFO] 2026-06-20 23:49:03,722: +SERVICE [/mavros/geofence/pull] /mavros http://localhost:45297/
[rosmaster.master][INFO] 2026-06-20 23:49:03,723: +SERVICE [/mavros/geofence/push] /mavros http://localhost:45297/
[rosmaster.master][INFO] 2026-06-20 23:49:03,723: +SERVICE [/mavros/geofence/clear] /mavros http://localhost:45297/
[rosmaster.master][INFO] 2026-06-20 23:49:03,730: +PUB [/mavros/global_position/raw/fix] /mavros http://localhost:45297/
[rosmaster.master][INFO] 2026-06-20 23:49:03,731: +PUB [/mavros/global_position/raw/gps_vel] /mavros http://localhost:45297/
[rosmaster.master][INFO] 2026-06-20 23:49:03,731: +PUB [/mavros/global_position/raw/satellites] /mavros http://localhost:45297/
[rosmaster.master][INFO] 2026-06-20 23:49:03,732: +PUB [/mavros/global_position/global] /mavros http://localhost:45297/
[rosmaster.master][INFO] 2026-06-20 23:49:03,732: +PUB [/mavros/global_position/local] /mavros http://localhost:45297/
[rosmaster.master][INFO] 2026-06-20 23:49:03,733: +PUB [/mavros/global_position/rel_alt] /mavros http://localhost:45297/
[rosmaster.master][INFO] 2026-06-20 23:49:03,733: +PUB [/mavros/global_position/compass_hdg] /mavros http://localhost:45297/
[rosmaster.master][INFO] 2026-06-20 23:49:03,734: +PUB [/mavros/global_position/gp_origin] /mavros http://localhost:45297/
[rosmaster.master][INFO] 2026-06-20 23:49:03,736: +SUB [/mavros/global_position/set_gp_origin] /mavros http://localhost:45297/
[rosmaster.master][INFO] 2026-06-20 23:49:03,738: +SUB [/mavros/home_position/home] /mavros http://localhost:45297/
[rosmaster.master][INFO] 2026-06-20 23:49:03,738: +PUB [/mavros/global_position/gp_lp_offset] /mavros http://localhost:45297/
[rosmaster.master][INFO] 2026-06-20 23:49:03,741: +SUB [/mavros/gps_input/gps_input] /mavros http://localhost:45297/
[rosmaster.master][INFO] 2026-06-20 23:49:03,743: +SUB [/mavros/gps_rtk/send_rtcm] /mavros http://localhost:45297/
[rosmaster.master][INFO] 2026-06-20 23:49:03,744: +PUB [/mavros/gps_rtk/rtk_baseline] /mavros http://localhost:45297/
[rosmaster.master][INFO] 2026-06-20 23:49:03,745: +PUB [/mavros/gpsstatus/gps1/raw] /mavros http://localhost:45297/
[rosmaster.master][INFO] 2026-06-20 23:49:03,745: +PUB [/mavros/gpsstatus/gps2/raw] /mavros http://localhost:45297/
[rosmaster.master][INFO] 2026-06-20 23:49:03,746: +PUB [/mavros/gpsstatus/gps1/rtk] /mavros http://localhost:45297/
[rosmaster.master][INFO] 2026-06-20 23:49:03,746: +PUB [/mavros/gpsstatus/gps2/rtk] /mavros http://localhost:45297/
[rosmaster.master][INFO] 2026-06-20 23:49:03,750: +PUB [/move_base_simple/goal] /mavros http://localhost:45297/
[rosmaster.master][INFO] 2026-06-20 23:49:03,753: +SUB [/mavros/global_position/gp_origin] /mavros http://localhost:45297/
[rosmaster.master][INFO] 2026-06-20 23:49:03,754: +PUB [/mavros/home_position/home] /mavros http://localhost:45297/
[rosmaster.master][INFO] 2026-06-20 23:49:03,756: +SUB [/mavros/home_position/set] /mavros http://localhost:45297/
[rosmaster.master][INFO] 2026-06-20 23:49:03,757: +SERVICE [/mavros/home_position/req_update] /mavros http://localhost:45297/
[rosmaster.master][INFO] 2026-06-20 23:49:03,761: +PUB [/mavros/imu/data] /mavros http://localhost:45297/
[rosmaster.master][INFO] 2026-06-20 23:49:03,762: +PUB [/mavros/imu/mag] /mavros http://localhost:45297/
[rosmaster.master][INFO] 2026-06-20 23:49:03,762: +PUB [/mavros/imu/temperature_imu] /mavros http://localhost:45297/
[rosmaster.master][INFO] 2026-06-20 23:49:03,762: +PUB [/mavros/imu/temperature_baro] /mavros http://localhost:45297/
[rosmaster.master][INFO] 2026-06-20 23:49:03,763: +PUB [/mavros/imu/static_pressure] /mavros http://localhost:45297/
[rosmaster.master][INFO] 2026-06-20 23:49:03,763: +PUB [/mavros/imu/diff_pressure] /mavros http://localhost:45297/
[rosmaster.master][INFO] 2026-06-20 23:49:03,764: +PUB [/mavros/imu/data_raw] /mavros http://localhost:45297/
[rosmaster.master][INFO] 2026-06-20 23:49:03,776: +PUB [/mavros/landing_target/pose_in] /mavros http://localhost:45297/
[rosmaster.master][INFO] 2026-06-20 23:49:03,777: +PUB [/mavros/landing_target/lt_marker] /mavros http://localhost:45297/
[rosmaster.master][INFO] 2026-06-20 23:49:03,780: +SUB [/mavros/landing_target/pose] /mavros http://localhost:45297/
[rosmaster.master][INFO] 2026-06-20 23:49:03,784: +PUB [/mavros/local_position/pose] /mavros http://localhost:45297/
[rosmaster.master][INFO] 2026-06-20 23:49:03,785: +PUB [/mavros/local_position/pose_cov] /mavros http://localhost:45297/
[rosmaster.master][INFO] 2026-06-20 23:49:03,785: +PUB [/mavros/local_position/velocity_local] /mavros http://localhost:45297/
[rosmaster.master][INFO] 2026-06-20 23:49:03,786: +PUB [/mavros/local_position/velocity_body] /mavros http://localhost:45297/
[rosmaster.master][INFO] 2026-06-20 23:49:03,786: +PUB [/mavros/local_position/velocity_body_cov] /mavros http://localhost:45297/
[rosmaster.master][INFO] 2026-06-20 23:49:03,786: +PUB [/mavros/local_position/accel] /mavros http://localhost:45297/
[rosmaster.master][INFO] 2026-06-20 23:49:03,787: +PUB [/mavros/local_position/odom] /mavros http://localhost:45297/
[rosmaster.master][INFO] 2026-06-20 23:49:03,788: +PUB [/mavros/log_transfer/raw/log_entry] /mavros http://localhost:45297/
[rosmaster.master][INFO] 2026-06-20 23:49:03,788: +PUB [/mavros/log_transfer/raw/log_data] /mavros http://localhost:45297/
[rosmaster.master][INFO] 2026-06-20 23:49:03,789: +SERVICE [/mavros/log_transfer/raw/log_request_list] /mavros http://localhost:45297/
[rosmaster.master][INFO] 2026-06-20 23:49:03,789: +SERVICE [/mavros/log_transfer/raw/log_request_data] /mavros http://localhost:45297/
[rosmaster.master][INFO] 2026-06-20 23:49:03,790: +SERVICE [/mavros/log_transfer/raw/log_request_end] /mavros http://localhost:45297/
[rosmaster.master][INFO] 2026-06-20 23:49:03,790: +SERVICE [/mavros/log_transfer/raw/log_request_erase] /mavros http://localhost:45297/
[rosmaster.master][INFO] 2026-06-20 23:49:03,791: +PUB [/mavros/mag_calibration/status] /mavros http://localhost:45297/
[rosmaster.master][INFO] 2026-06-20 23:49:03,792: +PUB [/mavros/mag_calibration/report] /mavros http://localhost:45297/
[rosmaster.master][INFO] 2026-06-20 23:49:03,793: +PUB [/mavros/manual_control/control] /mavros http://localhost:45297/
[rosmaster.master][INFO] 2026-06-20 23:49:03,795: +SUB [/mavros/manual_control/send] /mavros http://localhost:45297/
[rosmaster.master][INFO] 2026-06-20 23:49:03,798: +SUB [/mavros/mocap/pose] /mavros http://localhost:45297/
[rosmaster.master][INFO] 2026-06-20 23:49:03,801: +SUB [/mavros/mount_control/command] /mavros http://localhost:45297/
[rosmaster.master][INFO] 2026-06-20 23:49:03,801: +PUB [/mavros/mount_control/orientation] /mavros http://localhost:45297/
[rosmaster.master][INFO] 2026-06-20 23:49:03,802: +PUB [/mavros/mount_control/status] /mavros http://localhost:45297/
[rosmaster.master][INFO] 2026-06-20 23:49:03,802: +SERVICE [/mavros/mount_control/configure] /mavros http://localhost:45297/
[rosmaster.master][INFO] 2026-06-20 23:49:03,807: +PUB [/mavros/nav_controller_output] /mavros http://localhost:45297/
[rosmaster.master][INFO] 2026-06-20 23:49:03,810: +SUB [/mavros/obstacle/send] /mavros http://localhost:45297/
[rosmaster.master][INFO] 2026-06-20 23:49:03,811: +PUB [/mavros/odometry/in] /mavros http://localhost:45297/
[rosmaster.master][INFO] 2026-06-20 23:49:03,813: +SUB [/mavros/odometry/out] /mavros http://localhost:45297/
[rosmaster.master][INFO] 2026-06-20 23:49:03,816: +SUB [/mavros/onboard_computer/status] /mavros http://localhost:45297/
[rosmaster.master][INFO] 2026-06-20 23:49:03,817: +SERVICE [/mavros/param/pull] /mavros http://localhost:45297/
[rosmaster.master][INFO] 2026-06-20 23:49:03,817: +SERVICE [/mavros/param/push] /mavros http://localhost:45297/
[rosmaster.master][INFO] 2026-06-20 23:49:03,818: +SERVICE [/mavros/param/set] /mavros http://localhost:45297/
[rosmaster.master][INFO] 2026-06-20 23:49:03,818: +SERVICE [/mavros/param/get] /mavros http://localhost:45297/
[rosmaster.master][INFO] 2026-06-20 23:49:03,819: +PUB [/mavros/param/param_value] /mavros http://localhost:45297/
[rosmaster.master][INFO] 2026-06-20 23:49:03,821: +SUB [/mavros/play_tune] /mavros http://localhost:45297/
[rosmaster.master][INFO] 2026-06-20 23:49:03,823: +PUB [/mavros/rallypoint/waypoints] /mavros http://localhost:45297/
[rosmaster.master][INFO] 2026-06-20 23:49:03,824: +SERVICE [/mavros/rallypoint/pull] /mavros http://localhost:45297/
[rosmaster.master][INFO] 2026-06-20 23:49:03,824: +SERVICE [/mavros/rallypoint/push] /mavros http://localhost:45297/
[rosmaster.master][INFO] 2026-06-20 23:49:03,825: +SERVICE [/mavros/rallypoint/clear] /mavros http://localhost:45297/
[rosmaster.master][INFO] 2026-06-20 23:49:03,826: +PUB [/mavros/rangefinder/rangefinder] /mavros http://localhost:45297/
[rosmaster.master][INFO] 2026-06-20 23:49:03,827: +PUB [/mavros/rc/in] /mavros http://localhost:45297/
[rosmaster.master][INFO] 2026-06-20 23:49:03,828: +PUB [/mavros/rc/out] /mavros http://localhost:45297/
[rosmaster.master][INFO] 2026-06-20 23:49:03,829: publisherUpdate[/mavros/home_position/home] -> http://localhost:45297/ ['http://localhost:45297/']
[rosmaster.master][INFO] 2026-06-20 23:49:03,830: +SUB [/mavros/rc/override] /mavros http://localhost:45297/
[rosmaster.master][INFO] 2026-06-20 23:49:03,831: publisherUpdate[/mavros/home_position/home] -> http://localhost:45297/ ['http://localhost:45297/']: sec=0.00, result=[1, '', 0]
[rosmaster.master][INFO] 2026-06-20 23:49:03,834: +SUB [/mavros/setpoint_accel/accel] /mavros http://localhost:45297/
[rosmaster.master][INFO] 2026-06-20 23:49:03,834: +CACHEDPARAM [/rosout/omit_topics] by /rosout
[rosmaster.master][INFO] 2026-06-20 23:49:03,841: +SUB [/mavros/setpoint_attitude/thrust] /mavros http://localhost:45297/
[rosmaster.master][INFO] 2026-06-20 23:49:03,843: +SUB [/mavros/setpoint_attitude/cmd_vel] /mavros http://localhost:45297/
[rosmaster.master][INFO] 2026-06-20 23:49:03,849: +SUB [/mavros/setpoint_position/local] /mavros http://localhost:45297/
[rosmaster.master][INFO] 2026-06-20 23:49:03,851: +SUB [/mavros/setpoint_position/global] /mavros http://localhost:45297/
[rosmaster.master][INFO] 2026-06-20 23:49:03,853: +SUB [/mavros/setpoint_position/global_to_local] /mavros http://localhost:45297/
[rosmaster.master][INFO] 2026-06-20 23:49:03,855: +SUB [/mavros/global_position/global] /mavros http://localhost:45297/
[rosmaster.master][INFO] 2026-06-20 23:49:03,857: +SUB [/mavros/local_position/pose] /mavros http://localhost:45297/
[rosmaster.master][INFO] 2026-06-20 23:49:03,857: +SERVICE [/mavros/setpoint_position/mav_frame] /mavros http://localhost:45297/
[rosmaster.master][INFO] 2026-06-20 23:49:03,860: +SUB [/mavros/setpoint_raw/local] /mavros http://localhost:45297/
[rosmaster.master][INFO] 2026-06-20 23:49:03,862: +SUB [/mavros/setpoint_raw/global] /mavros http://localhost:45297/
[rosmaster.master][INFO] 2026-06-20 23:49:03,864: +SUB [/mavros/setpoint_raw/attitude] /mavros http://localhost:45297/
[rosmaster.master][INFO] 2026-06-20 23:49:03,865: +PUB [/mavros/setpoint_raw/target_local] /mavros http://localhost:45297/
[rosmaster.master][INFO] 2026-06-20 23:49:03,865: +PUB [/mavros/setpoint_raw/target_global] /mavros http://localhost:45297/
[rosmaster.master][INFO] 2026-06-20 23:49:03,866: +PUB [/mavros/setpoint_raw/target_attitude] /mavros http://localhost:45297/
[rosmaster.master][INFO] 2026-06-20 23:49:03,869: +SUB [/mavros/setpoint_trajectory/local] /mavros http://localhost:45297/
[rosmaster.master][INFO] 2026-06-20 23:49:03,869: +PUB [/mavros/setpoint_trajectory/desired] /mavros http://localhost:45297/
[rosmaster.master][INFO] 2026-06-20 23:49:03,870: +SERVICE [/mavros/setpoint_trajectory/reset] /mavros http://localhost:45297/
[rosmaster.master][INFO] 2026-06-20 23:49:03,870: +SERVICE [/mavros/setpoint_trajectory/mav_frame] /mavros http://localhost:45297/
[rosmaster.master][INFO] 2026-06-20 23:49:03,874: +SUB [/mavros/setpoint_velocity/cmd_vel] /mavros http://localhost:45297/
[rosmaster.master][INFO] 2026-06-20 23:49:03,876: +SUB [/mavros/setpoint_velocity/cmd_vel_unstamped] /mavros http://localhost:45297/
[rosmaster.master][INFO] 2026-06-20 23:49:03,876: +SERVICE [/mavros/setpoint_velocity/mav_frame] /mavros http://localhost:45297/
[rosmaster.master][INFO] 2026-06-20 23:49:03,881: +PUB [/mavros/state] /mavros http://localhost:45297/
[rosmaster.master][INFO] 2026-06-20 23:49:03,882: +PUB [/mavros/extended_state] /mavros http://localhost:45297/
[rosmaster.master][INFO] 2026-06-20 23:49:03,882: +PUB [/mavros/battery] /mavros http://localhost:45297/
[rosmaster.master][INFO] 2026-06-20 23:49:03,883: +PUB [/mavros/estimator_status] /mavros http://localhost:45297/
[rosmaster.master][INFO] 2026-06-20 23:49:03,883: +PUB [/mavros/statustext/recv] /mavros http://localhost:45297/
[rosmaster.master][INFO] 2026-06-20 23:49:03,884: +PUB [/mavros/sys_status] /mavros http://localhost:45297/
[rosmaster.master][INFO] 2026-06-20 23:49:03,886: +SUB [/mavros/statustext/send] /mavros http://localhost:45297/
[rosmaster.master][INFO] 2026-06-20 23:49:03,887: +SERVICE [/mavros/set_stream_rate] /mavros http://localhost:45297/
[rosmaster.master][INFO] 2026-06-20 23:49:03,887: +SERVICE [/mavros/set_mode] /mavros http://localhost:45297/
[rosmaster.master][INFO] 2026-06-20 23:49:03,888: +SERVICE [/mavros/vehicle_info_get] /mavros http://localhost:45297/
[rosmaster.master][INFO] 2026-06-20 23:49:03,888: +SERVICE [/mavros/set_message_interval] /mavros http://localhost:45297/
[rosmaster.master][INFO] 2026-06-20 23:49:03,895: +PUB [/mavros/time_reference] /mavros http://localhost:45297/
[rosmaster.master][INFO] 2026-06-20 23:49:03,895: +PUB [/mavros/timesync_status] /mavros http://localhost:45297/
[rosmaster.master][INFO] 2026-06-20 23:49:03,896: +PUB [/mavros/terrain/report] /mavros http://localhost:45297/
[rosmaster.master][INFO] 2026-06-20 23:49:03,899: +SUB [/mavros/trajectory/generated] /mavros http://localhost:45297/
[rosmaster.master][INFO] 2026-06-20 23:49:03,901: +SUB [/mavros/trajectory/path] /mavros http://localhost:45297/
[rosmaster.master][INFO] 2026-06-20 23:49:03,902: +PUB [/mavros/trajectory/desired] /mavros http://localhost:45297/
[rosmaster.master][INFO] 2026-06-20 23:49:03,904: +SUB [/mavros/tunnel/in] /mavros http://localhost:45297/
[rosmaster.master][INFO] 2026-06-20 23:49:03,905: +PUB [/mavros/tunnel/out] /mavros http://localhost:45297/
[rosmaster.master][INFO] 2026-06-20 23:49:03,906: +PUB [/mavros/vfr_hud] /mavros http://localhost:45297/
[rosmaster.master][INFO] 2026-06-20 23:49:03,911: +SUB [/mavros/vision_pose/pose] /mavros http://localhost:45297/
[rosmaster.master][INFO] 2026-06-20 23:49:03,913: +SUB [/mavros/vision_pose/pose_cov] /mavros http://localhost:45297/
[rosmaster.master][INFO] 2026-06-20 23:49:03,916: +PUB [/mavros/mission/waypoints] /mavros http://localhost:45297/
[rosmaster.master][INFO] 2026-06-20 23:49:03,916: +SERVICE [/mavros/mission/pull] /mavros http://localhost:45297/
[rosmaster.master][INFO] 2026-06-20 23:49:03,917: +SERVICE [/mavros/mission/push] /mavros http://localhost:45297/
[rosmaster.master][INFO] 2026-06-20 23:49:03,917: +SERVICE [/mavros/mission/clear] /mavros http://localhost:45297/
[rosmaster.master][INFO] 2026-06-20 23:49:03,918: +PUB [/mavros/mission/reached] /mavros http://localhost:45297/
[rosmaster.master][INFO] 2026-06-20 23:49:03,918: +SERVICE [/mavros/mission/set_current] /mavros http://localhost:45297/
[rosmaster.master][INFO] 2026-06-20 23:49:03,919: +PUB [/mavros/wind_estimation] /mavros http://localhost:45297/
[rosmaster.master][INFO] 2026-06-20 23:49:04,922: +PUB [/mavlink/gcs_ip] /mavros http://localhost:45297/
[rosmaster.master][INFO] 2026-06-20 23:49:16,723: +PUB [/rosout] /vertical_ascent_logger1 http://localhost:33507/
[rosmaster.master][INFO] 2026-06-20 23:49:16,726: +SERVICE [/vertical_ascent_logger1/get_loggers] /vertical_ascent_logger1 http://localhost:33507/
[rosmaster.master][INFO] 2026-06-20 23:49:16,728: +SERVICE [/vertical_ascent_logger1/set_logger_level] /vertical_ascent_logger1 http://localhost:33507/
[rosmaster.master][INFO] 2026-06-20 23:49:16,729: +PUB [/mavros/setpoint_raw/local] /vertical_ascent_logger1 http://localhost:33507/
[rosmaster.master][INFO] 2026-06-20 23:49:16,731: +SUB [/mavros/local_position/velocity_body] /vertical_ascent_logger1 http://localhost:33507/
[rosmaster.master][INFO] 2026-06-20 23:49:16,733: +SUB [/mavros/battery] /vertical_ascent_logger1 http://localhost:33507/
[rosmaster.master][INFO] 2026-06-20 23:49:16,735: +SUB [/mavros/local_position/pose] /vertical_ascent_logger1 http://localhost:33507/
[rosmaster.master][INFO] 2026-06-20 23:49:16,768: publisherUpdate[/rosout] -> http://localhost:46573/ ['http://localhost:45297/', 'http://localhost:33507/']
[rosmaster.master][INFO] 2026-06-20 23:49:16,769: publisherUpdate[/mavros/setpoint_raw/local] -> http://localhost:45297/ ['http://localhost:33507/']
[rosmaster.master][INFO] 2026-06-20 23:49:16,771: publisherUpdate[/mavros/setpoint_raw/local] -> http://localhost:45297/ ['http://localhost:33507/']: sec=0.00, result=[1, '', 0]
[rosmaster.master][INFO] 2026-06-20 23:49:16,771: publisherUpdate[/rosout] -> http://localhost:46573/ ['http://localhost:45297/', 'http://localhost:33507/']: sec=0.00, result=[1, '', 0]
[rosmaster.master][INFO] 2026-06-20 23:50:51,170: -SUB [/mavros/local_position/velocity_body] /vertical_ascent_logger1 http://localhost:33507/
[rosmaster.master][INFO] 2026-06-20 23:50:51,170: -SUB [/mavros/battery] /vertical_ascent_logger1 http://localhost:33507/
[rosmaster.master][INFO] 2026-06-20 23:50:51,170: -SUB [/mavros/local_position/pose] /vertical_ascent_logger1 http://localhost:33507/
[rosmaster.master][INFO] 2026-06-20 23:50:51,170: -PUB [/rosout] /vertical_ascent_logger1 http://localhost:33507/
[rosmaster.master][INFO] 2026-06-20 23:50:51,170: -PUB [/mavros/setpoint_raw/local] /vertical_ascent_logger1 http://localhost:33507/
[rosmaster.master][INFO] 2026-06-20 23:50:51,171: -SERVICE [/vertical_ascent_logger1/get_loggers] /vertical_ascent_logger1 rosrpc://localhost:41855
[rosmaster.master][INFO] 2026-06-20 23:50:51,171: -SERVICE [/vertical_ascent_logger1/set_logger_level] /vertical_ascent_logger1 rosrpc://localhost:41855
[rosmaster.master][INFO] 2026-06-20 23:50:51,262: publisherUpdate[/rosout] -> http://localhost:46573/ ['http://localhost:45297/']
[rosmaster.master][INFO] 2026-06-20 23:50:51,263: publisherUpdate[/mavros/setpoint_raw/local] -> http://localhost:45297/ []
[rosmaster.master][INFO] 2026-06-20 23:50:51,264: publisherUpdate[/rosout] -> http://localhost:46573/ ['http://localhost:45297/']: sec=0.00, result=[1, '', 0]
[rosmaster.master][INFO] 2026-06-20 23:50:51,265: publisherUpdate[/mavros/setpoint_raw/local] -> http://localhost:45297/ []: sec=0.00, result=[1, '', 0]
[rosmaster.master][INFO] 2026-06-20 23:51:03,691: -PUB [/rosout_agg] /rosout http://localhost:46573/
[rosmaster.master][INFO] 2026-06-20 23:51:03,692: -SUB [/rosout] /rosout http://localhost:46573/
[rosmaster.master][INFO] 2026-06-20 23:51:03,692: -SERVICE [/rosout/get_loggers] /rosout rosrpc://localhost:48517
[rosmaster.master][INFO] 2026-06-20 23:51:03,693: -SERVICE [/rosout/set_logger_level] /rosout rosrpc://localhost:48517
[rosmaster.master][INFO] 2026-06-20 23:51:03,693: -CACHEDPARAM [/rosout/omit_topics] by /rosout
[rosmaster.main][INFO] 2026-06-20 23:51:03,797: keyboard interrupt, will exit
[rosmaster.main][INFO] 2026-06-20 23:51:03,797: stopping master...
[rospy.core][INFO] 2026-06-20 23:51:03,798: signal_shutdown [atexit]
