[rosmaster.main][INFO] 2026-04-07 03:53:43,228: initialization complete, waiting for shutdown
[rosmaster.main][INFO] 2026-04-07 03:53:43,228: Starting ROS Master Node
[xmlrpc][INFO] 2026-04-07 03:53:43,230: XML-RPC server binding to 127.0.0.1:11311
[xmlrpc][INFO] 2026-04-07 03:53:43,230: Started XML-RPC server [http://localhost:11311/]
[xmlrpc][INFO] 2026-04-07 03:53:43,231: xml rpc node: starting XML-RPC server
[rosmaster.master][INFO] 2026-04-07 03:53:43,231: Master initialized: port[11311], uri[http://localhost:11311/]
[rosmaster.master][INFO] 2026-04-07 03:53:43,321: +PARAM [/run_id] by /roslaunch
[rosmaster.master][INFO] 2026-04-07 03:53:43,322: +PARAM [/roslaunch/uris/host_localhost__43107] by /roslaunch
[rosmaster.master][INFO] 2026-04-07 03:53:43,363: +PARAM [/rosversion] by /roslaunch
[rosmaster.master][INFO] 2026-04-07 03:53:43,363: +PARAM [/rosdistro] by /roslaunch
[rosmaster.master][INFO] 2026-04-07 03:53:43,429: +SERVICE [/rosout/get_loggers] /rosout http://localhost:40033/
[rosmaster.master][INFO] 2026-04-07 03:53:43,430: +SERVICE [/rosout/set_logger_level] /rosout http://localhost:40033/
[rosmaster.master][INFO] 2026-04-07 03:53:43,432: +PUB [/rosout_agg] /rosout http://localhost:40033/
[rosmaster.master][INFO] 2026-04-07 03:53:43,437: +SUB [/rosout] /rosout http://localhost:40033/
[rosmaster.master][INFO] 2026-04-07 03:55:15,331: +PARAM [/roslaunch/uris/host_localhost__33453] by /roslaunch
[rosmaster.master][INFO] 2026-04-07 03:55:15,345: +PARAM [/rosversion] by /roslaunch
[rosmaster.master][INFO] 2026-04-07 03:55:15,346: +PARAM [/rosdistro] by /roslaunch
[rosmaster.master][INFO] 2026-04-07 03:55:15,346: +PARAM [/mavros/plugin_blacklist] by /roslaunch
[rosmaster.master][INFO] 2026-04-07 03:55:15,346: +PARAM [/mavros/plugin_whitelist] by /roslaunch
[rosmaster.master][INFO] 2026-04-07 03:55:15,346: +PARAM [/mavros/startup_px4_usb_quirk] by /roslaunch
[rosmaster.master][INFO] 2026-04-07 03:55:15,346: +PARAM [/mavros/conn/heartbeat_rate] by /roslaunch
[rosmaster.master][INFO] 2026-04-07 03:55:15,346: +PARAM [/mavros/conn/heartbeat_mav_type] by /roslaunch
[rosmaster.master][INFO] 2026-04-07 03:55:15,346: +PARAM [/mavros/conn/timeout] by /roslaunch
[rosmaster.master][INFO] 2026-04-07 03:55:15,346: +PARAM [/mavros/conn/timesync_rate] by /roslaunch
[rosmaster.master][INFO] 2026-04-07 03:55:15,346: +PARAM [/mavros/conn/system_time_rate] by /roslaunch
[rosmaster.master][INFO] 2026-04-07 03:55:15,346: +PARAM [/mavros/sys/min_voltage] by /roslaunch
[rosmaster.master][INFO] 2026-04-07 03:55:15,346: +PARAM [/mavros/sys/disable_diag] by /roslaunch
[rosmaster.master][INFO] 2026-04-07 03:55:15,346: +PARAM [/mavros/time/time_ref_source] by /roslaunch
[rosmaster.master][INFO] 2026-04-07 03:55:15,346: +PARAM [/mavros/time/timesync_mode] by /roslaunch
[rosmaster.master][INFO] 2026-04-07 03:55:15,348: +PARAM [/mavros/time/timesync_avg_alpha] by /roslaunch
[rosmaster.master][INFO] 2026-04-07 03:55:15,348: +PARAM [/mavros/tdr_radio/low_rssi] by /roslaunch
[rosmaster.master][INFO] 2026-04-07 03:55:15,349: +PARAM [/mavros/cmd/use_comp_id_system_control] by /roslaunch
[rosmaster.master][INFO] 2026-04-07 03:55:15,349: +PARAM [/mavros/global_position/frame_id] by /roslaunch
[rosmaster.master][INFO] 2026-04-07 03:55:15,349: +PARAM [/mavros/global_position/child_frame_id] by /roslaunch
[rosmaster.master][INFO] 2026-04-07 03:55:15,349: +PARAM [/mavros/global_position/rot_covariance] by /roslaunch
[rosmaster.master][INFO] 2026-04-07 03:55:15,349: +PARAM [/mavros/global_position/gps_uere] by /roslaunch
[rosmaster.master][INFO] 2026-04-07 03:55:15,349: +PARAM [/mavros/global_position/use_relative_alt] by /roslaunch
[rosmaster.master][INFO] 2026-04-07 03:55:15,349: +PARAM [/mavros/global_position/tf/send] by /roslaunch
[rosmaster.master][INFO] 2026-04-07 03:55:15,349: +PARAM [/mavros/global_position/tf/frame_id] by /roslaunch
[rosmaster.master][INFO] 2026-04-07 03:55:15,349: +PARAM [/mavros/global_position/tf/global_frame_id] by /roslaunch
[rosmaster.master][INFO] 2026-04-07 03:55:15,349: +PARAM [/mavros/global_position/tf/child_frame_id] by /roslaunch
[rosmaster.master][INFO] 2026-04-07 03:55:15,349: +PARAM [/mavros/imu/frame_id] by /roslaunch
[rosmaster.master][INFO] 2026-04-07 03:55:15,349: +PARAM [/mavros/imu/linear_acceleration_stdev] by /roslaunch
[rosmaster.master][INFO] 2026-04-07 03:55:15,349: +PARAM [/mavros/imu/angular_velocity_stdev] by /roslaunch
[rosmaster.master][INFO] 2026-04-07 03:55:15,349: +PARAM [/mavros/imu/orientation_stdev] by /roslaunch
[rosmaster.master][INFO] 2026-04-07 03:55:15,350: +PARAM [/mavros/imu/magnetic_stdev] by /roslaunch
[rosmaster.master][INFO] 2026-04-07 03:55:15,350: +PARAM [/mavros/local_position/frame_id] by /roslaunch
[rosmaster.master][INFO] 2026-04-07 03:55:15,350: +PARAM [/mavros/local_position/tf/send] by /roslaunch
[rosmaster.master][INFO] 2026-04-07 03:55:15,350: +PARAM [/mavros/local_position/tf/frame_id] by /roslaunch
[rosmaster.master][INFO] 2026-04-07 03:55:15,350: +PARAM [/mavros/local_position/tf/child_frame_id] by /roslaunch
[rosmaster.master][INFO] 2026-04-07 03:55:15,350: +PARAM [/mavros/local_position/tf/send_fcu] by /roslaunch
[rosmaster.master][INFO] 2026-04-07 03:55:15,350: +PARAM [/mavros/safety_area/p1/x] by /roslaunch
[rosmaster.master][INFO] 2026-04-07 03:55:15,350: +PARAM [/mavros/safety_area/p1/y] by /roslaunch
[rosmaster.master][INFO] 2026-04-07 03:55:15,350: +PARAM [/mavros/safety_area/p1/z] by /roslaunch
[rosmaster.master][INFO] 2026-04-07 03:55:15,350: +PARAM [/mavros/safety_area/p2/x] by /roslaunch
[rosmaster.master][INFO] 2026-04-07 03:55:15,350: +PARAM [/mavros/safety_area/p2/y] by /roslaunch
[rosmaster.master][INFO] 2026-04-07 03:55:15,350: +PARAM [/mavros/safety_area/p2/z] by /roslaunch
[rosmaster.master][INFO] 2026-04-07 03:55:15,350: +PARAM [/mavros/setpoint_accel/send_force] by /roslaunch
[rosmaster.master][INFO] 2026-04-07 03:55:15,350: +PARAM [/mavros/setpoint_attitude/reverse_thrust] by /roslaunch
[rosmaster.master][INFO] 2026-04-07 03:55:15,350: +PARAM [/mavros/setpoint_attitude/use_quaternion] by /roslaunch
[rosmaster.master][INFO] 2026-04-07 03:55:15,350: +PARAM [/mavros/setpoint_attitude/tf/listen] by /roslaunch
[rosmaster.master][INFO] 2026-04-07 03:55:15,350: +PARAM [/mavros/setpoint_attitude/tf/frame_id] by /roslaunch
[rosmaster.master][INFO] 2026-04-07 03:55:15,350: +PARAM [/mavros/setpoint_attitude/tf/child_frame_id] by /roslaunch
[rosmaster.master][INFO] 2026-04-07 03:55:15,351: +PARAM [/mavros/setpoint_attitude/tf/rate_limit] by /roslaunch
[rosmaster.master][INFO] 2026-04-07 03:55:15,351: +PARAM [/mavros/setpoint_raw/thrust_scaling] by /roslaunch
[rosmaster.master][INFO] 2026-04-07 03:55:15,351: +PARAM [/mavros/setpoint_position/tf/listen] by /roslaunch
[rosmaster.master][INFO] 2026-04-07 03:55:15,351: +PARAM [/mavros/setpoint_position/tf/frame_id] by /roslaunch
[rosmaster.master][INFO] 2026-04-07 03:55:15,351: +PARAM [/mavros/setpoint_position/tf/child_frame_id] by /roslaunch
[rosmaster.master][INFO] 2026-04-07 03:55:15,351: +PARAM [/mavros/setpoint_position/tf/rate_limit] by /roslaunch
[rosmaster.master][INFO] 2026-04-07 03:55:15,351: +PARAM [/mavros/setpoint_position/mav_frame] by /roslaunch
[rosmaster.master][INFO] 2026-04-07 03:55:15,351: +PARAM [/mavros/guided_target/tf/listen] by /roslaunch
[rosmaster.master][INFO] 2026-04-07 03:55:15,351: +PARAM [/mavros/guided_target/tf/frame_id] by /roslaunch
[rosmaster.master][INFO] 2026-04-07 03:55:15,351: +PARAM [/mavros/guided_target/tf/child_frame_id] by /roslaunch
[rosmaster.master][INFO] 2026-04-07 03:55:15,351: +PARAM [/mavros/guided_target/tf/rate_limit] by /roslaunch
[rosmaster.master][INFO] 2026-04-07 03:55:15,351: +PARAM [/mavros/setpoint_velocity/mav_frame] by /roslaunch
[rosmaster.master][INFO] 2026-04-07 03:55:15,351: +PARAM [/mavros/mission/pull_after_gcs] by /roslaunch
[rosmaster.master][INFO] 2026-04-07 03:55:15,352: +PARAM [/mavros/mission/use_mission_item_int] by /roslaunch
[rosmaster.master][INFO] 2026-04-07 03:55:15,352: +PARAM [/mavros/distance_sensor/rangefinder_pub/id] by /roslaunch
[rosmaster.master][INFO] 2026-04-07 03:55:15,352: +PARAM [/mavros/distance_sensor/rangefinder_pub/frame_id] by /roslaunch
[rosmaster.master][INFO] 2026-04-07 03:55:15,352: +PARAM [/mavros/distance_sensor/rangefinder_pub/field_of_view] by /roslaunch
[rosmaster.master][INFO] 2026-04-07 03:55:15,352: +PARAM [/mavros/distance_sensor/rangefinder_pub/send_tf] by /roslaunch
[rosmaster.master][INFO] 2026-04-07 03:55:15,352: +PARAM [/mavros/distance_sensor/rangefinder_pub/sensor_position/x] by /roslaunch
[rosmaster.master][INFO] 2026-04-07 03:55:15,352: +PARAM [/mavros/distance_sensor/rangefinder_pub/sensor_position/y] by /roslaunch
[rosmaster.master][INFO] 2026-04-07 03:55:15,352: +PARAM [/mavros/distance_sensor/rangefinder_pub/sensor_position/z] by /roslaunch
[rosmaster.master][INFO] 2026-04-07 03:55:15,352: +PARAM [/mavros/distance_sensor/rangefinder_sub/subscriber] by /roslaunch
[rosmaster.master][INFO] 2026-04-07 03:55:15,352: +PARAM [/mavros/distance_sensor/rangefinder_sub/id] by /roslaunch
[rosmaster.master][INFO] 2026-04-07 03:55:15,352: +PARAM [/mavros/distance_sensor/rangefinder_sub/orientation] by /roslaunch
[rosmaster.master][INFO] 2026-04-07 03:55:15,352: +PARAM [/mavros/image/frame_id] by /roslaunch
[rosmaster.master][INFO] 2026-04-07 03:55:15,352: +PARAM [/mavros/fake_gps/use_mocap] by /roslaunch
[rosmaster.master][INFO] 2026-04-07 03:55:15,352: +PARAM [/mavros/fake_gps/mocap_transform] by /roslaunch
[rosmaster.master][INFO] 2026-04-07 03:55:15,352: +PARAM [/mavros/fake_gps/mocap_withcovariance] by /roslaunch
[rosmaster.master][INFO] 2026-04-07 03:55:15,352: +PARAM [/mavros/fake_gps/use_vision] by /roslaunch
[rosmaster.master][INFO] 2026-04-07 03:55:15,352: +PARAM [/mavros/fake_gps/use_hil_gps] by /roslaunch
[rosmaster.master][INFO] 2026-04-07 03:55:15,352: +PARAM [/mavros/fake_gps/gps_id] by /roslaunch
[rosmaster.master][INFO] 2026-04-07 03:55:15,353: +PARAM [/mavros/fake_gps/geo_origin/lat] by /roslaunch
[rosmaster.master][INFO] 2026-04-07 03:55:15,353: +PARAM [/mavros/fake_gps/geo_origin/lon] by /roslaunch
[rosmaster.master][INFO] 2026-04-07 03:55:15,353: +PARAM [/mavros/fake_gps/geo_origin/alt] by /roslaunch
[rosmaster.master][INFO] 2026-04-07 03:55:15,353: +PARAM [/mavros/fake_gps/eph] by /roslaunch
[rosmaster.master][INFO] 2026-04-07 03:55:15,353: +PARAM [/mavros/fake_gps/epv] by /roslaunch
[rosmaster.master][INFO] 2026-04-07 03:55:15,353: +PARAM [/mavros/fake_gps/horiz_accuracy] by /roslaunch
[rosmaster.master][INFO] 2026-04-07 03:55:15,353: +PARAM [/mavros/fake_gps/vert_accuracy] by /roslaunch
[rosmaster.master][INFO] 2026-04-07 03:55:15,353: +PARAM [/mavros/fake_gps/speed_accuracy] by /roslaunch
[rosmaster.master][INFO] 2026-04-07 03:55:15,353: +PARAM [/mavros/fake_gps/satellites_visible] by /roslaunch
[rosmaster.master][INFO] 2026-04-07 03:55:15,353: +PARAM [/mavros/fake_gps/fix_type] by /roslaunch
[rosmaster.master][INFO] 2026-04-07 03:55:15,353: +PARAM [/mavros/fake_gps/tf/listen] by /roslaunch
[rosmaster.master][INFO] 2026-04-07 03:55:15,353: +PARAM [/mavros/fake_gps/tf/send] by /roslaunch
[rosmaster.master][INFO] 2026-04-07 03:55:15,353: +PARAM [/mavros/fake_gps/tf/frame_id] by /roslaunch
[rosmaster.master][INFO] 2026-04-07 03:55:15,353: +PARAM [/mavros/fake_gps/tf/child_frame_id] by /roslaunch
[rosmaster.master][INFO] 2026-04-07 03:55:15,353: +PARAM [/mavros/fake_gps/tf/rate_limit] by /roslaunch
[rosmaster.master][INFO] 2026-04-07 03:55:15,353: +PARAM [/mavros/fake_gps/gps_rate] by /roslaunch
[rosmaster.master][INFO] 2026-04-07 03:55:15,353: +PARAM [/mavros/landing_target/listen_lt] by /roslaunch
[rosmaster.master][INFO] 2026-04-07 03:55:15,354: +PARAM [/mavros/landing_target/mav_frame] by /roslaunch
[rosmaster.master][INFO] 2026-04-07 03:55:15,354: +PARAM [/mavros/landing_target/land_target_type] by /roslaunch
[rosmaster.master][INFO] 2026-04-07 03:55:15,354: +PARAM [/mavros/landing_target/image/width] by /roslaunch
[rosmaster.master][INFO] 2026-04-07 03:55:15,354: +PARAM [/mavros/landing_target/image/height] by /roslaunch
[rosmaster.master][INFO] 2026-04-07 03:55:15,354: +PARAM [/mavros/landing_target/camera/fov_x] by /roslaunch
[rosmaster.master][INFO] 2026-04-07 03:55:15,354: +PARAM [/mavros/landing_target/camera/fov_y] by /roslaunch
[rosmaster.master][INFO] 2026-04-07 03:55:15,354: +PARAM [/mavros/landing_target/tf/send] by /roslaunch
[rosmaster.master][INFO] 2026-04-07 03:55:15,354: +PARAM [/mavros/landing_target/tf/listen] by /roslaunch
[rosmaster.master][INFO] 2026-04-07 03:55:15,354: +PARAM [/mavros/landing_target/tf/frame_id] by /roslaunch
[rosmaster.master][INFO] 2026-04-07 03:55:15,354: +PARAM [/mavros/landing_target/tf/child_frame_id] by /roslaunch
[rosmaster.master][INFO] 2026-04-07 03:55:15,354: +PARAM [/mavros/landing_target/tf/rate_limit] by /roslaunch
[rosmaster.master][INFO] 2026-04-07 03:55:15,354: +PARAM [/mavros/landing_target/target_size/x] by /roslaunch
[rosmaster.master][INFO] 2026-04-07 03:55:15,354: +PARAM [/mavros/landing_target/target_size/y] by /roslaunch
[rosmaster.master][INFO] 2026-04-07 03:55:15,354: +PARAM [/mavros/mocap/use_tf] by /roslaunch
[rosmaster.master][INFO] 2026-04-07 03:55:15,354: +PARAM [/mavros/mocap/use_pose] by /roslaunch
[rosmaster.master][INFO] 2026-04-07 03:55:15,354: +PARAM [/mavros/mount/debounce_s] by /roslaunch
[rosmaster.master][INFO] 2026-04-07 03:55:15,354: +PARAM [/mavros/mount/err_threshold_deg] by /roslaunch
[rosmaster.master][INFO] 2026-04-07 03:55:15,354: +PARAM [/mavros/mount/negate_measured_roll] by /roslaunch
[rosmaster.master][INFO] 2026-04-07 03:55:15,354: +PARAM [/mavros/mount/negate_measured_pitch] by /roslaunch
[rosmaster.master][INFO] 2026-04-07 03:55:15,355: +PARAM [/mavros/mount/negate_measured_yaw] by /roslaunch
[rosmaster.master][INFO] 2026-04-07 03:55:15,355: +PARAM [/mavros/odometry/frame_tf/desired_frame] by /roslaunch
[rosmaster.master][INFO] 2026-04-07 03:55:15,355: +PARAM [/mavros/odometry/estimator_type] by /roslaunch
[rosmaster.master][INFO] 2026-04-07 03:55:15,355: +PARAM [/mavros/px4flow/frame_id] by /roslaunch
[rosmaster.master][INFO] 2026-04-07 03:55:15,355: +PARAM [/mavros/px4flow/ranger_fov] by /roslaunch
[rosmaster.master][INFO] 2026-04-07 03:55:15,355: +PARAM [/mavros/px4flow/ranger_min_range] by /roslaunch
[rosmaster.master][INFO] 2026-04-07 03:55:15,355: +PARAM [/mavros/px4flow/ranger_max_range] by /roslaunch
[rosmaster.master][INFO] 2026-04-07 03:55:15,355: +PARAM [/mavros/vision_pose/tf/listen] by /roslaunch
[rosmaster.master][INFO] 2026-04-07 03:55:15,355: +PARAM [/mavros/vision_pose/tf/frame_id] by /roslaunch
[rosmaster.master][INFO] 2026-04-07 03:55:15,355: +PARAM [/mavros/vision_pose/tf/child_frame_id] by /roslaunch
[rosmaster.master][INFO] 2026-04-07 03:55:15,355: +PARAM [/mavros/vision_pose/tf/rate_limit] by /roslaunch
[rosmaster.master][INFO] 2026-04-07 03:55:15,355: +PARAM [/mavros/vision_speed/listen_twist] by /roslaunch
[rosmaster.master][INFO] 2026-04-07 03:55:15,355: +PARAM [/mavros/vision_speed/twist_cov] by /roslaunch
[rosmaster.master][INFO] 2026-04-07 03:55:15,355: +PARAM [/mavros/vibration/frame_id] by /roslaunch
[rosmaster.master][INFO] 2026-04-07 03:55:15,355: +PARAM [/mavros/wheel_odometry/count] by /roslaunch
[rosmaster.master][INFO] 2026-04-07 03:55:15,355: +PARAM [/mavros/wheel_odometry/use_rpm] by /roslaunch
[rosmaster.master][INFO] 2026-04-07 03:55:15,355: +PARAM [/mavros/wheel_odometry/wheel0/x] by /roslaunch
[rosmaster.master][INFO] 2026-04-07 03:55:15,355: +PARAM [/mavros/wheel_odometry/wheel0/y] by /roslaunch
[rosmaster.master][INFO] 2026-04-07 03:55:15,356: +PARAM [/mavros/wheel_odometry/wheel0/radius] by /roslaunch
[rosmaster.master][INFO] 2026-04-07 03:55:15,356: +PARAM [/mavros/wheel_odometry/wheel1/x] by /roslaunch
[rosmaster.master][INFO] 2026-04-07 03:55:15,356: +PARAM [/mavros/wheel_odometry/wheel1/y] by /roslaunch
[rosmaster.master][INFO] 2026-04-07 03:55:15,356: +PARAM [/mavros/wheel_odometry/wheel1/radius] by /roslaunch
[rosmaster.master][INFO] 2026-04-07 03:55:15,356: +PARAM [/mavros/wheel_odometry/send_raw] by /roslaunch
[rosmaster.master][INFO] 2026-04-07 03:55:15,356: +PARAM [/mavros/wheel_odometry/send_twist] by /roslaunch
[rosmaster.master][INFO] 2026-04-07 03:55:15,356: +PARAM [/mavros/wheel_odometry/frame_id] by /roslaunch
[rosmaster.master][INFO] 2026-04-07 03:55:15,356: +PARAM [/mavros/wheel_odometry/child_frame_id] by /roslaunch
[rosmaster.master][INFO] 2026-04-07 03:55:15,356: +PARAM [/mavros/wheel_odometry/vel_error] by /roslaunch
[rosmaster.master][INFO] 2026-04-07 03:55:15,356: +PARAM [/mavros/wheel_odometry/tf/send] by /roslaunch
[rosmaster.master][INFO] 2026-04-07 03:55:15,356: +PARAM [/mavros/wheel_odometry/tf/frame_id] by /roslaunch
[rosmaster.master][INFO] 2026-04-07 03:55:15,356: +PARAM [/mavros/wheel_odometry/tf/child_frame_id] by /roslaunch
[rosmaster.master][INFO] 2026-04-07 03:55:15,356: +PARAM [/mavros/fcu_url] by /roslaunch
[rosmaster.master][INFO] 2026-04-07 03:55:15,356: +PARAM [/mavros/gcs_url] by /roslaunch
[rosmaster.master][INFO] 2026-04-07 03:55:15,356: +PARAM [/mavros/target_system_id] by /roslaunch
[rosmaster.master][INFO] 2026-04-07 03:55:15,356: +PARAM [/mavros/target_component_id] by /roslaunch
[rosmaster.master][INFO] 2026-04-07 03:55:15,356: +PARAM [/mavros/fcu_protocol] by /roslaunch
[rosmaster.master][INFO] 2026-04-07 03:55:15,533: +PUB [/rosout] /mavros http://localhost:46137/
[rosmaster.master][INFO] 2026-04-07 03:55:15,534: +SERVICE [/mavros/get_loggers] /mavros http://localhost:46137/
[rosmaster.master][INFO] 2026-04-07 03:55:15,535: +SERVICE [/mavros/set_logger_level] /mavros http://localhost:46137/
[rosmaster.master][INFO] 2026-04-07 03:55:15,538: +PUB [/diagnostics] /mavros http://localhost:46137/
[rosmaster.master][INFO] 2026-04-07 03:55:15,539: +CACHEDPARAM [/mavros/diagnostic_period] by /mavros
[rosmaster.master][INFO] 2026-04-07 03:55:15,552: publisherUpdate[/rosout] -> http://localhost:40033/ ['http://localhost:46137/']
[rosmaster.master][INFO] 2026-04-07 03:55:15,557: publisherUpdate[/rosout] -> http://localhost:40033/ ['http://localhost:46137/']: sec=0.00, result=[1, '', 0]
[rosmaster.master][INFO] 2026-04-07 03:55:15,565: +SUB [/tf] /mavros http://localhost:46137/
[rosmaster.master][INFO] 2026-04-07 03:55:15,568: +SUB [/tf_static] /mavros http://localhost:46137/
[rosmaster.master][INFO] 2026-04-07 03:55:15,569: +PUB [/tf] /mavros http://localhost:46137/
[rosmaster.master][INFO] 2026-04-07 03:55:15,570: +PUB [/tf_static] /mavros http://localhost:46137/
[rosmaster.master][INFO] 2026-04-07 03:55:15,573: publisherUpdate[/tf] -> http://localhost:46137/ ['http://localhost:46137/']
[rosmaster.master][INFO] 2026-04-07 03:55:15,575: publisherUpdate[/tf] -> http://localhost:46137/ ['http://localhost:46137/']: sec=0.00, result=[1, '', 0]
[rosmaster.master][INFO] 2026-04-07 03:55:15,575: publisherUpdate[/tf_static] -> http://localhost:46137/ ['http://localhost:46137/']
[rosmaster.master][INFO] 2026-04-07 03:55:15,575: publisherUpdate[/tf_static] -> http://localhost:46137/ ['http://localhost:46137/']: sec=0.00, result=[1, '', 0]
[rosmaster.master][INFO] 2026-04-07 03:55:15,669: +CACHEDPARAM [/rosout_disable_topics_generation] by /mavros
[rosmaster.master][INFO] 2026-04-07 03:55:15,677: +PUB [/mavlink/from] /mavros http://localhost:46137/
[rosmaster.master][INFO] 2026-04-07 03:55:15,681: +SUB [/mavlink/to] /mavros http://localhost:46137/
[rosmaster.master][INFO] 2026-04-07 03:55:15,827: +CACHEDPARAM [/rosout/omit_topics] by /rosout
[rosmaster.master][INFO] 2026-04-07 03:55:15,829: +PUB [/mavros/radio_status] /mavros http://localhost:46137/
[rosmaster.master][INFO] 2026-04-07 03:55:15,949: +PUB [/mavros/adsb/vehicle] /mavros http://localhost:46137/
[rosmaster.master][INFO] 2026-04-07 03:55:15,955: +SUB [/mavros/adsb/send] /mavros http://localhost:46137/
[rosmaster.master][INFO] 2026-04-07 03:55:15,957: +PUB [/mavros/cam_imu_sync/cam_imu_stamp] /mavros http://localhost:46137/
[rosmaster.master][INFO] 2026-04-07 03:55:15,958: +PUB [/mavros/camera/image_captured] /mavros http://localhost:46137/
[rosmaster.master][INFO] 2026-04-07 03:55:15,964: +SUB [/mavros/cellular_status/status] /mavros http://localhost:46137/
[rosmaster.master][INFO] 2026-04-07 03:55:15,970: +SERVICE [/mavros/cmd/command] /mavros http://localhost:46137/
[rosmaster.master][INFO] 2026-04-07 03:55:15,971: +SERVICE [/mavros/cmd/command_ack] /mavros http://localhost:46137/
[rosmaster.master][INFO] 2026-04-07 03:55:15,972: +SERVICE [/mavros/cmd/command_int] /mavros http://localhost:46137/
[rosmaster.master][INFO] 2026-04-07 03:55:15,974: +SERVICE [/mavros/cmd/arming] /mavros http://localhost:46137/
[rosmaster.master][INFO] 2026-04-07 03:55:15,975: +SERVICE [/mavros/cmd/set_home] /mavros http://localhost:46137/
[rosmaster.master][INFO] 2026-04-07 03:55:15,977: +SERVICE [/mavros/cmd/takeoff] /mavros http://localhost:46137/
[rosmaster.master][INFO] 2026-04-07 03:55:15,978: +SERVICE [/mavros/cmd/land] /mavros http://localhost:46137/
[rosmaster.master][INFO] 2026-04-07 03:55:15,979: +SERVICE [/mavros/cmd/trigger_control] /mavros http://localhost:46137/
[rosmaster.master][INFO] 2026-04-07 03:55:15,980: +SERVICE [/mavros/cmd/trigger_interval] /mavros http://localhost:46137/
[rosmaster.master][INFO] 2026-04-07 03:55:15,981: +SERVICE [/mavros/cmd/vtol_transition] /mavros http://localhost:46137/
[rosmaster.master][INFO] 2026-04-07 03:55:15,987: +SUB [/mavros/companion_process/status] /mavros http://localhost:46137/
[rosmaster.master][INFO] 2026-04-07 03:55:15,998: +PUB [/mavros/distance_sensor/rangefinder_pub] /mavros http://localhost:46137/
[rosmaster.master][INFO] 2026-04-07 03:55:16,010: +SUB [/mavros/distance_sensor/rangefinder_sub] /mavros http://localhost:46137/
[rosmaster.master][INFO] 2026-04-07 03:55:16,012: +PUB [/mavros/esc_info] /mavros http://localhost:46137/
[rosmaster.master][INFO] 2026-04-07 03:55:16,014: +PUB [/mavros/esc_status] /mavros http://localhost:46137/
[rosmaster.master][INFO] 2026-04-07 03:55:16,016: +PUB [/mavros/esc_telemetry] /mavros http://localhost:46137/
[rosmaster.master][INFO] 2026-04-07 03:55:16,058: +SUB [/mavros/fake_gps/mocap/pose] /mavros http://localhost:46137/
[rosmaster.master][INFO] 2026-04-07 03:55:16,062: +PUB [/mavros/geofence/waypoints] /mavros http://localhost:46137/
[rosmaster.master][INFO] 2026-04-07 03:55:16,063: +SERVICE [/mavros/geofence/pull] /mavros http://localhost:46137/
[rosmaster.master][INFO] 2026-04-07 03:55:16,064: +SERVICE [/mavros/geofence/push] /mavros http://localhost:46137/
[rosmaster.master][INFO] 2026-04-07 03:55:16,065: +SERVICE [/mavros/geofence/clear] /mavros http://localhost:46137/
[rosmaster.master][INFO] 2026-04-07 03:55:16,078: +PUB [/mavros/global_position/raw/fix] /mavros http://localhost:46137/
[rosmaster.master][INFO] 2026-04-07 03:55:16,079: +PUB [/mavros/global_position/raw/gps_vel] /mavros http://localhost:46137/
[rosmaster.master][INFO] 2026-04-07 03:55:16,079: +PUB [/mavros/global_position/raw/satellites] /mavros http://localhost:46137/
[rosmaster.master][INFO] 2026-04-07 03:55:16,080: +PUB [/mavros/global_position/global] /mavros http://localhost:46137/
[rosmaster.master][INFO] 2026-04-07 03:55:16,081: +PUB [/mavros/global_position/local] /mavros http://localhost:46137/
[rosmaster.master][INFO] 2026-04-07 03:55:16,081: +PUB [/mavros/global_position/rel_alt] /mavros http://localhost:46137/
[rosmaster.master][INFO] 2026-04-07 03:55:16,082: +PUB [/mavros/global_position/compass_hdg] /mavros http://localhost:46137/
[rosmaster.master][INFO] 2026-04-07 03:55:16,083: +PUB [/mavros/global_position/gp_origin] /mavros http://localhost:46137/
[rosmaster.master][INFO] 2026-04-07 03:55:16,086: +SUB [/mavros/global_position/set_gp_origin] /mavros http://localhost:46137/
[rosmaster.master][INFO] 2026-04-07 03:55:16,090: +SUB [/mavros/home_position/home] /mavros http://localhost:46137/
[rosmaster.master][INFO] 2026-04-07 03:55:16,091: +PUB [/mavros/global_position/gp_lp_offset] /mavros http://localhost:46137/
[rosmaster.master][INFO] 2026-04-07 03:55:16,096: +SUB [/mavros/gps_input/gps_input] /mavros http://localhost:46137/
[rosmaster.master][INFO] 2026-04-07 03:55:16,100: +SUB [/mavros/gps_rtk/send_rtcm] /mavros http://localhost:46137/
[rosmaster.master][INFO] 2026-04-07 03:55:16,100: +PUB [/mavros/gps_rtk/rtk_baseline] /mavros http://localhost:46137/
[rosmaster.master][INFO] 2026-04-07 03:55:16,102: +PUB [/mavros/gpsstatus/gps1/raw] /mavros http://localhost:46137/
[rosmaster.master][INFO] 2026-04-07 03:55:16,102: +PUB [/mavros/gpsstatus/gps2/raw] /mavros http://localhost:46137/
[rosmaster.master][INFO] 2026-04-07 03:55:16,103: +PUB [/mavros/gpsstatus/gps1/rtk] /mavros http://localhost:46137/
[rosmaster.master][INFO] 2026-04-07 03:55:16,104: +PUB [/mavros/gpsstatus/gps2/rtk] /mavros http://localhost:46137/
[rosmaster.master][INFO] 2026-04-07 03:55:16,109: +PUB [/move_base_simple/goal] /mavros http://localhost:46137/
[rosmaster.master][INFO] 2026-04-07 03:55:16,112: +SUB [/mavros/global_position/gp_origin] /mavros http://localhost:46137/
[rosmaster.master][INFO] 2026-04-07 03:55:16,113: +PUB [/mavros/home_position/home] /mavros http://localhost:46137/
[rosmaster.master][INFO] 2026-04-07 03:55:16,115: +SUB [/mavros/home_position/set] /mavros http://localhost:46137/
[rosmaster.master][INFO] 2026-04-07 03:55:16,116: +SERVICE [/mavros/home_position/req_update] /mavros http://localhost:46137/
[rosmaster.master][INFO] 2026-04-07 03:55:16,121: +PUB [/mavros/imu/data] /mavros http://localhost:46137/
[rosmaster.master][INFO] 2026-04-07 03:55:16,122: +PUB [/mavros/imu/mag] /mavros http://localhost:46137/
[rosmaster.master][INFO] 2026-04-07 03:55:16,123: +PUB [/mavros/imu/temperature_imu] /mavros http://localhost:46137/
[rosmaster.master][INFO] 2026-04-07 03:55:16,124: +PUB [/mavros/imu/temperature_baro] /mavros http://localhost:46137/
[rosmaster.master][INFO] 2026-04-07 03:55:16,124: +PUB [/mavros/imu/static_pressure] /mavros http://localhost:46137/
[rosmaster.master][INFO] 2026-04-07 03:55:16,125: +PUB [/mavros/imu/diff_pressure] /mavros http://localhost:46137/
[rosmaster.master][INFO] 2026-04-07 03:55:16,125: +PUB [/mavros/imu/data_raw] /mavros http://localhost:46137/
[rosmaster.master][INFO] 2026-04-07 03:55:16,138: +PUB [/mavros/landing_target/pose_in] /mavros http://localhost:46137/
[rosmaster.master][INFO] 2026-04-07 03:55:16,139: +PUB [/mavros/landing_target/lt_marker] /mavros http://localhost:46137/
[rosmaster.master][INFO] 2026-04-07 03:55:16,142: +SUB [/mavros/landing_target/pose] /mavros http://localhost:46137/
[rosmaster.master][INFO] 2026-04-07 03:55:16,147: +PUB [/mavros/local_position/pose] /mavros http://localhost:46137/
[rosmaster.master][INFO] 2026-04-07 03:55:16,148: +PUB [/mavros/local_position/pose_cov] /mavros http://localhost:46137/
[rosmaster.master][INFO] 2026-04-07 03:55:16,148: +PUB [/mavros/local_position/velocity_local] /mavros http://localhost:46137/
[rosmaster.master][INFO] 2026-04-07 03:55:16,149: +PUB [/mavros/local_position/velocity_body] /mavros http://localhost:46137/
[rosmaster.master][INFO] 2026-04-07 03:55:16,149: +PUB [/mavros/local_position/velocity_body_cov] /mavros http://localhost:46137/
[rosmaster.master][INFO] 2026-04-07 03:55:16,150: +PUB [/mavros/local_position/accel] /mavros http://localhost:46137/
[rosmaster.master][INFO] 2026-04-07 03:55:16,150: +PUB [/mavros/local_position/odom] /mavros http://localhost:46137/
[rosmaster.master][INFO] 2026-04-07 03:55:16,151: +PUB [/mavros/log_transfer/raw/log_entry] /mavros http://localhost:46137/
[rosmaster.master][INFO] 2026-04-07 03:55:16,152: +PUB [/mavros/log_transfer/raw/log_data] /mavros http://localhost:46137/
[rosmaster.master][INFO] 2026-04-07 03:55:16,153: +SERVICE [/mavros/log_transfer/raw/log_request_list] /mavros http://localhost:46137/
[rosmaster.master][INFO] 2026-04-07 03:55:16,154: +SERVICE [/mavros/log_transfer/raw/log_request_data] /mavros http://localhost:46137/
[rosmaster.master][INFO] 2026-04-07 03:55:16,154: +SERVICE [/mavros/log_transfer/raw/log_request_end] /mavros http://localhost:46137/
[rosmaster.master][INFO] 2026-04-07 03:55:16,155: +SERVICE [/mavros/log_transfer/raw/log_request_erase] /mavros http://localhost:46137/
[rosmaster.master][INFO] 2026-04-07 03:55:16,156: +PUB [/mavros/mag_calibration/status] /mavros http://localhost:46137/
[rosmaster.master][INFO] 2026-04-07 03:55:16,157: +PUB [/mavros/mag_calibration/report] /mavros http://localhost:46137/
[rosmaster.master][INFO] 2026-04-07 03:55:16,158: +PUB [/mavros/manual_control/control] /mavros http://localhost:46137/
[rosmaster.master][INFO] 2026-04-07 03:55:16,160: publisherUpdate[/mavros/home_position/home] -> http://localhost:46137/ ['http://localhost:46137/']
[rosmaster.master][INFO] 2026-04-07 03:55:16,161: +SUB [/mavros/manual_control/send] /mavros http://localhost:46137/
[rosmaster.master][INFO] 2026-04-07 03:55:16,162: publisherUpdate[/mavros/home_position/home] -> http://localhost:46137/ ['http://localhost:46137/']: sec=0.00, result=[1, '', 0]
[rosmaster.master][INFO] 2026-04-07 03:55:16,166: +SUB [/mavros/mocap/pose] /mavros http://localhost:46137/
[rosmaster.master][INFO] 2026-04-07 03:55:16,169: +SUB [/mavros/mount_control/command] /mavros http://localhost:46137/
[rosmaster.master][INFO] 2026-04-07 03:55:16,170: +PUB [/mavros/mount_control/orientation] /mavros http://localhost:46137/
[rosmaster.master][INFO] 2026-04-07 03:55:16,170: +PUB [/mavros/mount_control/status] /mavros http://localhost:46137/
[rosmaster.master][INFO] 2026-04-07 03:55:16,171: +SERVICE [/mavros/mount_control/configure] /mavros http://localhost:46137/
[rosmaster.master][INFO] 2026-04-07 03:55:16,178: +PUB [/mavros/nav_controller_output] /mavros http://localhost:46137/
[rosmaster.master][INFO] 2026-04-07 03:55:16,182: +SUB [/mavros/obstacle/send] /mavros http://localhost:46137/
[rosmaster.master][INFO] 2026-04-07 03:55:16,184: +PUB [/mavros/odometry/in] /mavros http://localhost:46137/
[rosmaster.master][INFO] 2026-04-07 03:55:16,187: +SUB [/mavros/odometry/out] /mavros http://localhost:46137/
[rosmaster.master][INFO] 2026-04-07 03:55:16,190: +SUB [/mavros/onboard_computer/status] /mavros http://localhost:46137/
[rosmaster.master][INFO] 2026-04-07 03:55:16,192: +SERVICE [/mavros/param/pull] /mavros http://localhost:46137/
[rosmaster.master][INFO] 2026-04-07 03:55:16,192: +SERVICE [/mavros/param/push] /mavros http://localhost:46137/
[rosmaster.master][INFO] 2026-04-07 03:55:16,194: +SERVICE [/mavros/param/set] /mavros http://localhost:46137/
[rosmaster.master][INFO] 2026-04-07 03:55:16,194: +SERVICE [/mavros/param/get] /mavros http://localhost:46137/
[rosmaster.master][INFO] 2026-04-07 03:55:16,195: +PUB [/mavros/param/param_value] /mavros http://localhost:46137/
[rosmaster.master][INFO] 2026-04-07 03:55:16,198: +SUB [/mavros/play_tune] /mavros http://localhost:46137/
[rosmaster.master][INFO] 2026-04-07 03:55:16,200: +PUB [/mavros/rallypoint/waypoints] /mavros http://localhost:46137/
[rosmaster.master][INFO] 2026-04-07 03:55:16,201: +SERVICE [/mavros/rallypoint/pull] /mavros http://localhost:46137/
[rosmaster.master][INFO] 2026-04-07 03:55:16,202: +SERVICE [/mavros/rallypoint/push] /mavros http://localhost:46137/
[rosmaster.master][INFO] 2026-04-07 03:55:16,202: +SERVICE [/mavros/rallypoint/clear] /mavros http://localhost:46137/
[rosmaster.master][INFO] 2026-04-07 03:55:16,203: +PUB [/mavros/rangefinder/rangefinder] /mavros http://localhost:46137/
[rosmaster.master][INFO] 2026-04-07 03:55:16,204: +PUB [/mavros/rc/in] /mavros http://localhost:46137/
[rosmaster.master][INFO] 2026-04-07 03:55:16,205: +PUB [/mavros/rc/out] /mavros http://localhost:46137/
[rosmaster.master][INFO] 2026-04-07 03:55:16,208: +SUB [/mavros/rc/override] /mavros http://localhost:46137/
[rosmaster.master][INFO] 2026-04-07 03:55:16,213: +SUB [/mavros/setpoint_accel/accel] /mavros http://localhost:46137/
[rosmaster.master][INFO] 2026-04-07 03:55:16,222: +SUB [/mavros/setpoint_attitude/thrust] /mavros http://localhost:46137/
[rosmaster.master][INFO] 2026-04-07 03:55:16,224: +SUB [/mavros/setpoint_attitude/cmd_vel] /mavros http://localhost:46137/
[rosmaster.master][INFO] 2026-04-07 03:55:16,237: +SUB [/mavros/setpoint_position/local] /mavros http://localhost:46137/
[rosmaster.master][INFO] 2026-04-07 03:55:16,241: +SUB [/mavros/setpoint_position/global] /mavros http://localhost:46137/
[rosmaster.master][INFO] 2026-04-07 03:55:16,245: +SUB [/mavros/setpoint_position/global_to_local] /mavros http://localhost:46137/
[rosmaster.master][INFO] 2026-04-07 03:55:16,249: +SUB [/mavros/global_position/global] /mavros http://localhost:46137/
[rosmaster.master][INFO] 2026-04-07 03:55:16,252: +SUB [/mavros/local_position/pose] /mavros http://localhost:46137/
[rosmaster.master][INFO] 2026-04-07 03:55:16,253: +SERVICE [/mavros/setpoint_position/mav_frame] /mavros http://localhost:46137/
[rosmaster.master][INFO] 2026-04-07 03:55:16,257: +SUB [/mavros/setpoint_raw/local] /mavros http://localhost:46137/
[rosmaster.master][INFO] 2026-04-07 03:55:16,261: +SUB [/mavros/setpoint_raw/global] /mavros http://localhost:46137/
[rosmaster.master][INFO] 2026-04-07 03:55:16,265: +SUB [/mavros/setpoint_raw/attitude] /mavros http://localhost:46137/
[rosmaster.master][INFO] 2026-04-07 03:55:16,266: +PUB [/mavros/setpoint_raw/target_local] /mavros http://localhost:46137/
[rosmaster.master][INFO] 2026-04-07 03:55:16,267: +PUB [/mavros/setpoint_raw/target_global] /mavros http://localhost:46137/
[rosmaster.master][INFO] 2026-04-07 03:55:16,268: +PUB [/mavros/setpoint_raw/target_attitude] /mavros http://localhost:46137/
[rosmaster.master][INFO] 2026-04-07 03:55:16,274: +SUB [/mavros/setpoint_trajectory/local] /mavros http://localhost:46137/
[rosmaster.master][INFO] 2026-04-07 03:55:16,275: +PUB [/mavros/setpoint_trajectory/desired] /mavros http://localhost:46137/
[rosmaster.master][INFO] 2026-04-07 03:55:16,276: +SERVICE [/mavros/setpoint_trajectory/reset] /mavros http://localhost:46137/
[rosmaster.master][INFO] 2026-04-07 03:55:16,277: +SERVICE [/mavros/setpoint_trajectory/mav_frame] /mavros http://localhost:46137/
[rosmaster.master][INFO] 2026-04-07 03:55:16,283: +SUB [/mavros/setpoint_velocity/cmd_vel] /mavros http://localhost:46137/
[rosmaster.master][INFO] 2026-04-07 03:55:16,287: +SUB [/mavros/setpoint_velocity/cmd_vel_unstamped] /mavros http://localhost:46137/
[rosmaster.master][INFO] 2026-04-07 03:55:16,288: +SERVICE [/mavros/setpoint_velocity/mav_frame] /mavros http://localhost:46137/
[rosmaster.master][INFO] 2026-04-07 03:55:16,297: +PUB [/mavros/state] /mavros http://localhost:46137/
[rosmaster.master][INFO] 2026-04-07 03:55:16,299: +PUB [/mavros/extended_state] /mavros http://localhost:46137/
[rosmaster.master][INFO] 2026-04-07 03:55:16,300: +PUB [/mavros/battery] /mavros http://localhost:46137/
[rosmaster.master][INFO] 2026-04-07 03:55:16,300: +PUB [/mavros/estimator_status] /mavros http://localhost:46137/
[rosmaster.master][INFO] 2026-04-07 03:55:16,301: +PUB [/mavros/statustext/recv] /mavros http://localhost:46137/
[rosmaster.master][INFO] 2026-04-07 03:55:16,302: +PUB [/mavros/sys_status] /mavros http://localhost:46137/
[rosmaster.master][INFO] 2026-04-07 03:55:16,307: +SUB [/mavros/statustext/send] /mavros http://localhost:46137/
[rosmaster.master][INFO] 2026-04-07 03:55:16,308: +SERVICE [/mavros/set_stream_rate] /mavros http://localhost:46137/
[rosmaster.master][INFO] 2026-04-07 03:55:16,309: +SERVICE [/mavros/set_mode] /mavros http://localhost:46137/
[rosmaster.master][INFO] 2026-04-07 03:55:16,310: +SERVICE [/mavros/vehicle_info_get] /mavros http://localhost:46137/
[rosmaster.master][INFO] 2026-04-07 03:55:16,311: +SERVICE [/mavros/set_message_interval] /mavros http://localhost:46137/
[rosmaster.master][INFO] 2026-04-07 03:55:16,322: +PUB [/mavros/time_reference] /mavros http://localhost:46137/
[rosmaster.master][INFO] 2026-04-07 03:55:16,322: +PUB [/mavros/timesync_status] /mavros http://localhost:46137/
[rosmaster.master][INFO] 2026-04-07 03:55:16,325: +PUB [/mavros/terrain/report] /mavros http://localhost:46137/
[rosmaster.master][INFO] 2026-04-07 03:55:16,328: +SUB [/mavros/trajectory/generated] /mavros http://localhost:46137/
[rosmaster.master][INFO] 2026-04-07 03:55:16,331: +SUB [/mavros/trajectory/path] /mavros http://localhost:46137/
[rosmaster.master][INFO] 2026-04-07 03:55:16,332: +PUB [/mavros/trajectory/desired] /mavros http://localhost:46137/
[rosmaster.master][INFO] 2026-04-07 03:55:16,336: +SUB [/mavros/tunnel/in] /mavros http://localhost:46137/
[rosmaster.master][INFO] 2026-04-07 03:55:16,336: +PUB [/mavros/tunnel/out] /mavros http://localhost:46137/
[rosmaster.master][INFO] 2026-04-07 03:55:16,337: +PUB [/mavros/vfr_hud] /mavros http://localhost:46137/
[rosmaster.master][INFO] 2026-04-07 03:55:16,344: +SUB [/mavros/vision_pose/pose] /mavros http://localhost:46137/
[rosmaster.master][INFO] 2026-04-07 03:55:16,347: +SUB [/mavros/vision_pose/pose_cov] /mavros http://localhost:46137/
[rosmaster.master][INFO] 2026-04-07 03:55:16,350: +PUB [/mavros/mission/waypoints] /mavros http://localhost:46137/
[rosmaster.master][INFO] 2026-04-07 03:55:16,350: +SERVICE [/mavros/mission/pull] /mavros http://localhost:46137/
[rosmaster.master][INFO] 2026-04-07 03:55:16,351: +SERVICE [/mavros/mission/push] /mavros http://localhost:46137/
[rosmaster.master][INFO] 2026-04-07 03:55:16,352: +SERVICE [/mavros/mission/clear] /mavros http://localhost:46137/
[rosmaster.master][INFO] 2026-04-07 03:55:16,352: +PUB [/mavros/mission/reached] /mavros http://localhost:46137/
[rosmaster.master][INFO] 2026-04-07 03:55:16,353: +SERVICE [/mavros/mission/set_current] /mavros http://localhost:46137/
[rosmaster.master][INFO] 2026-04-07 03:55:16,354: +PUB [/mavros/wind_estimation] /mavros http://localhost:46137/
[rosmaster.master][INFO] 2026-04-07 03:55:17,357: +PUB [/mavlink/gcs_ip] /mavros http://localhost:46137/
[rosmaster.master][INFO] 2026-04-07 03:59:53,975: +PUB [/rosout] /uav_experiment_final http://localhost:46689/
[rosmaster.master][INFO] 2026-04-07 03:59:53,979: +SERVICE [/uav_experiment_final/get_loggers] /uav_experiment_final http://localhost:46689/
[rosmaster.master][INFO] 2026-04-07 03:59:53,980: +SERVICE [/uav_experiment_final/set_logger_level] /uav_experiment_final http://localhost:46689/
[rosmaster.master][INFO] 2026-04-07 03:59:53,981: +PUB [/mavros/setpoint_velocity/cmd_vel] /uav_experiment_final http://localhost:46689/
[rosmaster.master][INFO] 2026-04-07 03:59:53,982: +PUB [/mavros/setpoint_position/local] /uav_experiment_final http://localhost:46689/
[rosmaster.master][INFO] 2026-04-07 03:59:53,983: +SUB [/mavros/battery] /uav_experiment_final http://localhost:46689/
[rosmaster.master][INFO] 2026-04-07 03:59:53,984: +SUB [/mavros/local_position/velocity_local] /uav_experiment_final http://localhost:46689/
[rosmaster.master][INFO] 2026-04-07 03:59:54,044: publisherUpdate[/rosout] -> http://localhost:40033/ ['http://localhost:46137/', 'http://localhost:46689/']
[rosmaster.master][INFO] 2026-04-07 03:59:54,045: publisherUpdate[/mavros/setpoint_velocity/cmd_vel] -> http://localhost:46137/ ['http://localhost:46689/']
[rosmaster.master][INFO] 2026-04-07 03:59:54,047: publisherUpdate[/rosout] -> http://localhost:40033/ ['http://localhost:46137/', 'http://localhost:46689/']: sec=0.00, result=[1, '', 0]
[rosmaster.master][INFO] 2026-04-07 03:59:54,049: publisherUpdate[/mavros/setpoint_velocity/cmd_vel] -> http://localhost:46137/ ['http://localhost:46689/']: sec=0.00, result=[1, '', 0]
[rosmaster.master][INFO] 2026-04-07 03:59:54,049: publisherUpdate[/mavros/setpoint_position/local] -> http://localhost:46137/ ['http://localhost:46689/']
[rosmaster.master][INFO] 2026-04-07 03:59:54,050: publisherUpdate[/mavros/setpoint_position/local] -> http://localhost:46137/ ['http://localhost:46689/']: sec=0.00, result=[1, '', 0]
[rosmaster.master][INFO] 2026-04-07 04:06:01,168: -SUB [/mavros/battery] /uav_experiment_final http://localhost:46689/
[rosmaster.master][INFO] 2026-04-07 04:06:01,168: -SUB [/mavros/local_position/velocity_local] /uav_experiment_final http://localhost:46689/
[rosmaster.master][INFO] 2026-04-07 04:06:01,168: -PUB [/rosout] /uav_experiment_final http://localhost:46689/
[rosmaster.master][INFO] 2026-04-07 04:06:01,168: -PUB [/mavros/setpoint_velocity/cmd_vel] /uav_experiment_final http://localhost:46689/
[rosmaster.master][INFO] 2026-04-07 04:06:01,169: -PUB [/mavros/setpoint_position/local] /uav_experiment_final http://localhost:46689/
[rosmaster.master][INFO] 2026-04-07 04:06:01,169: -SERVICE [/uav_experiment_final/get_loggers] /uav_experiment_final rosrpc://localhost:34291
[rosmaster.master][INFO] 2026-04-07 04:06:01,169: -SERVICE [/uav_experiment_final/set_logger_level] /uav_experiment_final rosrpc://localhost:34291
[rosmaster.master][INFO] 2026-04-07 04:06:01,188: publisherUpdate[/rosout] -> http://localhost:40033/ ['http://localhost:46137/']
[rosmaster.master][INFO] 2026-04-07 04:06:01,188: publisherUpdate[/mavros/setpoint_velocity/cmd_vel] -> http://localhost:46137/ []
[rosmaster.master][INFO] 2026-04-07 04:06:01,190: publisherUpdate[/mavros/setpoint_velocity/cmd_vel] -> http://localhost:46137/ []: sec=0.00, result=[1, '', 0]
[rosmaster.master][INFO] 2026-04-07 04:06:01,190: publisherUpdate[/rosout] -> http://localhost:40033/ ['http://localhost:46137/']: sec=0.00, result=[1, '', 0]
[rosmaster.master][INFO] 2026-04-07 04:06:01,190: publisherUpdate[/mavros/setpoint_position/local] -> http://localhost:46137/ []
[rosmaster.master][INFO] 2026-04-07 04:06:01,191: publisherUpdate[/mavros/setpoint_position/local] -> http://localhost:46137/ []: sec=0.00, result=[1, '', 0]
[rosmaster.master][INFO] 2026-04-07 04:09:51,578: -PUB [/rosout] /mavros http://localhost:46137/
[rosmaster.master][INFO] 2026-04-07 04:09:51,578: publisherUpdate[/rosout] -> http://localhost:40033/ []
[rosmaster.master][INFO] 2026-04-07 04:09:51,579: -PUB [/diagnostics] /mavros http://localhost:46137/
[rosmaster.master][INFO] 2026-04-07 04:09:51,579: publisherUpdate[/rosout] -> http://localhost:40033/ []: sec=0.00, result=[1, '', 0]
[rosmaster.master][INFO] 2026-04-07 04:09:51,580: -PUB [/tf] /mavros http://localhost:46137/
[rosmaster.master][INFO] 2026-04-07 04:09:51,580: -PUB [/tf_static] /mavros http://localhost:46137/
[rosmaster.master][INFO] 2026-04-07 04:09:51,581: -PUB [/mavlink/from] /mavros http://localhost:46137/
[rosmaster.master][INFO] 2026-04-07 04:09:51,581: -PUB [/mavros/radio_status] /mavros http://localhost:46137/
[rosmaster.master][INFO] 2026-04-07 04:09:51,582: -PUB [/mavros/adsb/vehicle] /mavros http://localhost:46137/
[rosmaster.master][INFO] 2026-04-07 04:09:51,582: -PUB [/mavros/cam_imu_sync/cam_imu_stamp] /mavros http://localhost:46137/
[rosmaster.master][INFO] 2026-04-07 04:09:51,583: -PUB [/mavros/camera/image_captured] /mavros http://localhost:46137/
[rosmaster.master][INFO] 2026-04-07 04:09:51,583: -PUB [/mavros/distance_sensor/rangefinder_pub] /mavros http://localhost:46137/
[rosmaster.master][INFO] 2026-04-07 04:09:51,584: -PUB [/mavros/esc_info] /mavros http://localhost:46137/
[rosmaster.master][INFO] 2026-04-07 04:09:51,584: -PUB [/mavros/esc_status] /mavros http://localhost:46137/
[rosmaster.master][INFO] 2026-04-07 04:09:51,585: -PUB [/mavros/esc_telemetry] /mavros http://localhost:46137/
[rosmaster.master][INFO] 2026-04-07 04:09:51,585: -PUB [/mavros/geofence/waypoints] /mavros http://localhost:46137/
[rosmaster.master][INFO] 2026-04-07 04:09:51,586: -PUB [/mavros/global_position/raw/fix] /mavros http://localhost:46137/
[rosmaster.master][INFO] 2026-04-07 04:09:51,586: -PUB [/mavros/global_position/raw/gps_vel] /mavros http://localhost:46137/
[rosmaster.master][INFO] 2026-04-07 04:09:51,586: -PUB [/mavros/global_position/raw/satellites] /mavros http://localhost:46137/
[rosmaster.master][INFO] 2026-04-07 04:09:51,587: -PUB [/mavros/global_position/global] /mavros http://localhost:46137/
[rosmaster.master][INFO] 2026-04-07 04:09:51,588: -PUB [/mavros/global_position/local] /mavros http://localhost:46137/
[rosmaster.master][INFO] 2026-04-07 04:09:51,588: -PUB [/mavros/global_position/rel_alt] /mavros http://localhost:46137/
[rosmaster.master][INFO] 2026-04-07 04:09:51,589: -PUB [/mavros/global_position/compass_hdg] /mavros http://localhost:46137/
[rosmaster.master][INFO] 2026-04-07 04:09:51,589: -PUB [/mavros/global_position/gp_origin] /mavros http://localhost:46137/
[rosmaster.master][INFO] 2026-04-07 04:09:51,589: -PUB [/mavros/global_position/gp_lp_offset] /mavros http://localhost:46137/
[rosmaster.master][INFO] 2026-04-07 04:09:51,590: -PUB [/mavros/gps_rtk/rtk_baseline] /mavros http://localhost:46137/
[rosmaster.master][INFO] 2026-04-07 04:09:51,590: -PUB [/mavros/gpsstatus/gps1/raw] /mavros http://localhost:46137/
[rosmaster.master][INFO] 2026-04-07 04:09:51,591: -PUB [/mavros/gpsstatus/gps2/raw] /mavros http://localhost:46137/
[rosmaster.master][INFO] 2026-04-07 04:09:51,591: -PUB [/mavros/gpsstatus/gps1/rtk] /mavros http://localhost:46137/
[rosmaster.master][INFO] 2026-04-07 04:09:51,592: -PUB [/mavros/gpsstatus/gps2/rtk] /mavros http://localhost:46137/
[rosmaster.master][INFO] 2026-04-07 04:09:51,592: -PUB [/move_base_simple/goal] /mavros http://localhost:46137/
[rosmaster.master][INFO] 2026-04-07 04:09:51,592: -PUB [/mavros/home_position/home] /mavros http://localhost:46137/
[rosmaster.master][INFO] 2026-04-07 04:09:51,593: -PUB [/mavros/imu/data] /mavros http://localhost:46137/
[rosmaster.master][INFO] 2026-04-07 04:09:51,593: -PUB [/mavros/imu/mag] /mavros http://localhost:46137/
[rosmaster.master][INFO] 2026-04-07 04:09:51,594: -PUB [/mavros/imu/temperature_imu] /mavros http://localhost:46137/
[rosmaster.master][INFO] 2026-04-07 04:09:51,594: -PUB [/mavros/imu/temperature_baro] /mavros http://localhost:46137/
[rosmaster.master][INFO] 2026-04-07 04:09:51,595: -PUB [/mavros/imu/static_pressure] /mavros http://localhost:46137/
[rosmaster.master][INFO] 2026-04-07 04:09:51,595: -PUB [/mavros/imu/diff_pressure] /mavros http://localhost:46137/
[rosmaster.master][INFO] 2026-04-07 04:09:51,596: -PUB [/mavros/imu/data_raw] /mavros http://localhost:46137/
[rosmaster.master][INFO] 2026-04-07 04:09:51,596: -PUB [/mavros/landing_target/pose_in] /mavros http://localhost:46137/
[rosmaster.master][INFO] 2026-04-07 04:09:51,597: -PUB [/mavros/landing_target/lt_marker] /mavros http://localhost:46137/
[rosmaster.master][INFO] 2026-04-07 04:09:51,597: -PUB [/mavros/local_position/pose] /mavros http://localhost:46137/
[rosmaster.master][INFO] 2026-04-07 04:09:51,598: -PUB [/mavros/local_position/pose_cov] /mavros http://localhost:46137/
[rosmaster.master][INFO] 2026-04-07 04:09:51,598: -PUB [/mavros/local_position/velocity_local] /mavros http://localhost:46137/
[rosmaster.master][INFO] 2026-04-07 04:09:51,599: -PUB [/mavros/local_position/velocity_body] /mavros http://localhost:46137/
[rosmaster.master][INFO] 2026-04-07 04:09:51,599: -PUB [/mavros/local_position/velocity_body_cov] /mavros http://localhost:46137/
[rosmaster.master][INFO] 2026-04-07 04:09:51,599: -PUB [/mavros/local_position/accel] /mavros http://localhost:46137/
[rosmaster.master][INFO] 2026-04-07 04:09:51,600: -PUB [/mavros/local_position/odom] /mavros http://localhost:46137/
[rosmaster.master][INFO] 2026-04-07 04:09:51,600: -PUB [/mavros/log_transfer/raw/log_entry] /mavros http://localhost:46137/
[rosmaster.master][INFO] 2026-04-07 04:09:51,601: -PUB [/mavros/log_transfer/raw/log_data] /mavros http://localhost:46137/
[rosmaster.master][INFO] 2026-04-07 04:09:51,601: -PUB [/mavros/mag_calibration/status] /mavros http://localhost:46137/
[rosmaster.master][INFO] 2026-04-07 04:09:51,602: -PUB [/mavros/mag_calibration/report] /mavros http://localhost:46137/
[rosmaster.master][INFO] 2026-04-07 04:09:51,602: -PUB [/mavros/manual_control/control] /mavros http://localhost:46137/
[rosmaster.master][INFO] 2026-04-07 04:09:51,603: -PUB [/mavros/mount_control/orientation] /mavros http://localhost:46137/
[rosmaster.master][INFO] 2026-04-07 04:09:51,603: -PUB [/mavros/mount_control/status] /mavros http://localhost:46137/
[rosmaster.master][INFO] 2026-04-07 04:09:51,603: -PUB [/mavros/nav_controller_output] /mavros http://localhost:46137/
[rosmaster.master][INFO] 2026-04-07 04:09:51,604: -PUB [/mavros/odometry/in] /mavros http://localhost:46137/
[rosmaster.master][INFO] 2026-04-07 04:09:51,604: -PUB [/mavros/param/param_value] /mavros http://localhost:46137/
[rosmaster.master][INFO] 2026-04-07 04:09:51,605: -PUB [/mavros/rallypoint/waypoints] /mavros http://localhost:46137/
[rosmaster.master][INFO] 2026-04-07 04:09:51,605: -PUB [/mavros/rangefinder/rangefinder] /mavros http://localhost:46137/
[rosmaster.master][INFO] 2026-04-07 04:09:51,605: -PUB [/mavros/rc/in] /mavros http://localhost:46137/
[rosmaster.master][INFO] 2026-04-07 04:09:51,606: -PUB [/mavros/rc/out] /mavros http://localhost:46137/
[rosmaster.master][INFO] 2026-04-07 04:09:51,606: -PUB [/mavros/setpoint_raw/target_local] /mavros http://localhost:46137/
[rosmaster.master][INFO] 2026-04-07 04:09:51,607: -PUB [/mavros/setpoint_raw/target_global] /mavros http://localhost:46137/
[rosmaster.master][INFO] 2026-04-07 04:09:51,607: -PUB [/mavros/setpoint_raw/target_attitude] /mavros http://localhost:46137/
[rosmaster.master][INFO] 2026-04-07 04:09:51,607: -PUB [/mavros/setpoint_trajectory/desired] /mavros http://localhost:46137/
[rosmaster.master][INFO] 2026-04-07 04:09:51,608: -PUB [/mavros/state] /mavros http://localhost:46137/
[rosmaster.master][INFO] 2026-04-07 04:09:51,608: -PUB [/mavros/extended_state] /mavros http://localhost:46137/
[rosmaster.master][INFO] 2026-04-07 04:09:51,609: -PUB [/mavros/battery] /mavros http://localhost:46137/
[rosmaster.master][INFO] 2026-04-07 04:09:51,609: -PUB [/mavros/estimator_status] /mavros http://localhost:46137/
[rosmaster.master][INFO] 2026-04-07 04:09:51,609: -PUB [/mavros/statustext/recv] /mavros http://localhost:46137/
[rosmaster.master][INFO] 2026-04-07 04:09:51,610: -PUB [/mavros/sys_status] /mavros http://localhost:46137/
[rosmaster.master][INFO] 2026-04-07 04:09:51,610: -PUB [/mavros/time_reference] /mavros http://localhost:46137/
[rosmaster.master][INFO] 2026-04-07 04:09:51,611: -PUB [/mavros/timesync_status] /mavros http://localhost:46137/
[rosmaster.master][INFO] 2026-04-07 04:09:51,611: -PUB [/mavros/terrain/report] /mavros http://localhost:46137/
[rosmaster.master][INFO] 2026-04-07 04:09:51,611: -PUB [/mavros/trajectory/desired] /mavros http://localhost:46137/
[rosmaster.master][INFO] 2026-04-07 04:09:51,611: -PUB [/mavros/tunnel/out] /mavros http://localhost:46137/
[rosmaster.master][INFO] 2026-04-07 04:09:51,612: -PUB [/mavros/vfr_hud] /mavros http://localhost:46137/
[rosmaster.master][INFO] 2026-04-07 04:09:51,612: -PUB [/mavros/mission/waypoints] /mavros http://localhost:46137/
[rosmaster.master][INFO] 2026-04-07 04:09:51,612: -PUB [/mavros/mission/reached] /mavros http://localhost:46137/
[rosmaster.master][INFO] 2026-04-07 04:09:51,613: -PUB [/mavros/wind_estimation] /mavros http://localhost:46137/
[rosmaster.master][INFO] 2026-04-07 04:09:51,613: -PUB [/mavlink/gcs_ip] /mavros http://localhost:46137/
[rosmaster.master][INFO] 2026-04-07 04:09:51,613: -SUB [/tf] /mavros http://localhost:46137/
[rosmaster.master][INFO] 2026-04-07 04:09:51,614: -SUB [/tf_static] /mavros http://localhost:46137/
[rosmaster.master][INFO] 2026-04-07 04:09:51,614: -SUB [/mavlink/to] /mavros http://localhost:46137/
[rosmaster.master][INFO] 2026-04-07 04:09:51,614: -SUB [/mavros/adsb/send] /mavros http://localhost:46137/
[rosmaster.master][INFO] 2026-04-07 04:09:51,615: -SUB [/mavros/cellular_status/status] /mavros http://localhost:46137/
[rosmaster.master][INFO] 2026-04-07 04:09:51,615: -SUB [/mavros/companion_process/status] /mavros http://localhost:46137/
[rosmaster.master][INFO] 2026-04-07 04:09:51,616: -SUB [/mavros/distance_sensor/rangefinder_sub] /mavros http://localhost:46137/
[rosmaster.master][INFO] 2026-04-07 04:09:51,616: -SUB [/mavros/fake_gps/mocap/pose] /mavros http://localhost:46137/
[rosmaster.master][INFO] 2026-04-07 04:09:51,616: -SUB [/mavros/global_position/set_gp_origin] /mavros http://localhost:46137/
[rosmaster.master][INFO] 2026-04-07 04:09:51,617: -SUB [/mavros/home_position/home] /mavros http://localhost:46137/
[rosmaster.master][INFO] 2026-04-07 04:09:51,617: -SUB [/mavros/gps_input/gps_input] /mavros http://localhost:46137/
[rosmaster.master][INFO] 2026-04-07 04:09:51,618: -SUB [/mavros/gps_rtk/send_rtcm] /mavros http://localhost:46137/
[rosmaster.master][INFO] 2026-04-07 04:09:51,618: -SUB [/mavros/global_position/gp_origin] /mavros http://localhost:46137/
[rosmaster.master][INFO] 2026-04-07 04:09:51,619: -SUB [/mavros/home_position/set] /mavros http://localhost:46137/
[rosmaster.master][INFO] 2026-04-07 04:09:51,619: -SUB [/mavros/landing_target/pose] /mavros http://localhost:46137/
[rosmaster.master][INFO] 2026-04-07 04:09:51,619: -SUB [/mavros/manual_control/send] /mavros http://localhost:46137/
[rosmaster.master][INFO] 2026-04-07 04:09:51,620: -SUB [/mavros/mocap/pose] /mavros http://localhost:46137/
[rosmaster.master][INFO] 2026-04-07 04:09:51,620: -SUB [/mavros/mount_control/command] /mavros http://localhost:46137/
[rosmaster.master][INFO] 2026-04-07 04:09:51,620: -SUB [/mavros/obstacle/send] /mavros http://localhost:46137/
[rosmaster.master][INFO] 2026-04-07 04:09:51,621: -SUB [/mavros/odometry/out] /mavros http://localhost:46137/
[rosmaster.master][INFO] 2026-04-07 04:09:51,621: -SUB [/mavros/onboard_computer/status] /mavros http://localhost:46137/
[rosmaster.master][INFO] 2026-04-07 04:09:51,622: -SUB [/mavros/play_tune] /mavros http://localhost:46137/
[rosmaster.master][INFO] 2026-04-07 04:09:51,622: -SUB [/mavros/rc/override] /mavros http://localhost:46137/
[rosmaster.master][INFO] 2026-04-07 04:09:51,622: -SUB [/mavros/setpoint_accel/accel] /mavros http://localhost:46137/
[rosmaster.master][INFO] 2026-04-07 04:09:51,623: -SUB [/mavros/setpoint_attitude/thrust] /mavros http://localhost:46137/
[rosmaster.master][INFO] 2026-04-07 04:09:51,623: -SUB [/mavros/setpoint_attitude/cmd_vel] /mavros http://localhost:46137/
[rosmaster.master][INFO] 2026-04-07 04:09:51,624: -SUB [/mavros/setpoint_position/local] /mavros http://localhost:46137/
[rosmaster.master][INFO] 2026-04-07 04:09:51,624: -SUB [/mavros/setpoint_position/global] /mavros http://localhost:46137/
[rosmaster.master][INFO] 2026-04-07 04:09:51,624: -SUB [/mavros/setpoint_position/global_to_local] /mavros http://localhost:46137/
[rosmaster.master][INFO] 2026-04-07 04:09:51,625: -SUB [/mavros/global_position/global] /mavros http://localhost:46137/
[rosmaster.master][INFO] 2026-04-07 04:09:51,626: -SUB [/mavros/local_position/pose] /mavros http://localhost:46137/
[rosmaster.master][INFO] 2026-04-07 04:09:51,626: -SUB [/mavros/setpoint_raw/local] /mavros http://localhost:46137/
[rosmaster.master][INFO] 2026-04-07 04:09:51,626: -SUB [/mavros/setpoint_raw/global] /mavros http://localhost:46137/
[rosmaster.master][INFO] 2026-04-07 04:09:51,627: -SUB [/mavros/setpoint_raw/attitude] /mavros http://localhost:46137/
[rosmaster.master][INFO] 2026-04-07 04:09:51,627: -SUB [/mavros/setpoint_trajectory/local] /mavros http://localhost:46137/
[rosmaster.master][INFO] 2026-04-07 04:09:51,627: -SUB [/mavros/setpoint_velocity/cmd_vel] /mavros http://localhost:46137/
[rosmaster.master][INFO] 2026-04-07 04:09:51,628: -SUB [/mavros/setpoint_velocity/cmd_vel_unstamped] /mavros http://localhost:46137/
[rosmaster.master][INFO] 2026-04-07 04:09:51,628: -SUB [/mavros/statustext/send] /mavros http://localhost:46137/
[rosmaster.master][INFO] 2026-04-07 04:09:51,629: -SUB [/mavros/trajectory/generated] /mavros http://localhost:46137/
[rosmaster.master][INFO] 2026-04-07 04:09:51,629: -SUB [/mavros/trajectory/path] /mavros http://localhost:46137/
[rosmaster.master][INFO] 2026-04-07 04:09:51,630: -SUB [/mavros/tunnel/in] /mavros http://localhost:46137/
[rosmaster.master][INFO] 2026-04-07 04:09:51,630: -SUB [/mavros/vision_pose/pose] /mavros http://localhost:46137/
[rosmaster.master][INFO] 2026-04-07 04:09:51,630: -SUB [/mavros/vision_pose/pose_cov] /mavros http://localhost:46137/
[rosmaster.master][INFO] 2026-04-07 04:09:51,630: -SERVICE [/mavros/get_loggers] /mavros rosrpc://localhost:57563
[rosmaster.master][INFO] 2026-04-07 04:09:51,631: -SERVICE [/mavros/set_logger_level] /mavros rosrpc://localhost:57563
[rosmaster.master][INFO] 2026-04-07 04:09:51,631: -SERVICE [/mavros/cmd/command] /mavros rosrpc://localhost:57563
[rosmaster.master][INFO] 2026-04-07 04:09:51,632: -SERVICE [/mavros/cmd/command_ack] /mavros rosrpc://localhost:57563
[rosmaster.master][INFO] 2026-04-07 04:09:51,632: -SERVICE [/mavros/cmd/command_int] /mavros rosrpc://localhost:57563
[rosmaster.master][INFO] 2026-04-07 04:09:51,632: -SERVICE [/mavros/cmd/arming] /mavros rosrpc://localhost:57563
[rosmaster.master][INFO] 2026-04-07 04:09:51,633: -SERVICE [/mavros/cmd/set_home] /mavros rosrpc://localhost:57563
[rosmaster.master][INFO] 2026-04-07 04:09:51,633: -SERVICE [/mavros/cmd/takeoff] /mavros rosrpc://localhost:57563
[rosmaster.master][INFO] 2026-04-07 04:09:51,633: -SERVICE [/mavros/cmd/land] /mavros rosrpc://localhost:57563
[rosmaster.master][INFO] 2026-04-07 04:09:51,634: -SERVICE [/mavros/cmd/trigger_control] /mavros rosrpc://localhost:57563
[rosmaster.master][INFO] 2026-04-07 04:09:51,634: -SERVICE [/mavros/cmd/trigger_interval] /mavros rosrpc://localhost:57563
[rosmaster.master][INFO] 2026-04-07 04:09:51,635: -SERVICE [/mavros/cmd/vtol_transition] /mavros rosrpc://localhost:57563
[rosmaster.master][INFO] 2026-04-07 04:09:51,635: -SERVICE [/mavros/geofence/pull] /mavros rosrpc://localhost:57563
[rosmaster.master][INFO] 2026-04-07 04:09:51,636: -SERVICE [/mavros/geofence/push] /mavros rosrpc://localhost:57563
[rosmaster.master][INFO] 2026-04-07 04:09:51,637: -SERVICE [/mavros/geofence/clear] /mavros rosrpc://localhost:57563
[rosmaster.master][INFO] 2026-04-07 04:09:51,637: -SERVICE [/mavros/home_position/req_update] /mavros rosrpc://localhost:57563
[rosmaster.master][INFO] 2026-04-07 04:09:51,638: -SERVICE [/mavros/log_transfer/raw/log_request_list] /mavros rosrpc://localhost:57563
[rosmaster.master][INFO] 2026-04-07 04:09:51,638: -SERVICE [/mavros/log_transfer/raw/log_request_data] /mavros rosrpc://localhost:57563
[rosmaster.master][INFO] 2026-04-07 04:09:51,639: -SERVICE [/mavros/log_transfer/raw/log_request_end] /mavros rosrpc://localhost:57563
[rosmaster.master][INFO] 2026-04-07 04:09:51,639: -SERVICE [/mavros/log_transfer/raw/log_request_erase] /mavros rosrpc://localhost:57563
[rosmaster.master][INFO] 2026-04-07 04:09:51,640: -SERVICE [/mavros/mount_control/configure] /mavros rosrpc://localhost:57563
[rosmaster.master][INFO] 2026-04-07 04:09:51,640: -SERVICE [/mavros/param/pull] /mavros rosrpc://localhost:57563
[rosmaster.master][INFO] 2026-04-07 04:09:51,641: -SERVICE [/mavros/param/push] /mavros rosrpc://localhost:57563
[rosmaster.master][INFO] 2026-04-07 04:09:51,641: -SERVICE [/mavros/param/set] /mavros rosrpc://localhost:57563
[rosmaster.master][INFO] 2026-04-07 04:09:51,642: -SERVICE [/mavros/param/get] /mavros rosrpc://localhost:57563
[rosmaster.master][INFO] 2026-04-07 04:09:51,642: -SERVICE [/mavros/rallypoint/pull] /mavros rosrpc://localhost:57563
[rosmaster.master][INFO] 2026-04-07 04:09:51,643: -SERVICE [/mavros/rallypoint/push] /mavros rosrpc://localhost:57563
[rosmaster.master][INFO] 2026-04-07 04:09:51,643: -SERVICE [/mavros/rallypoint/clear] /mavros rosrpc://localhost:57563
[rosmaster.master][INFO] 2026-04-07 04:09:51,643: -SERVICE [/mavros/setpoint_position/mav_frame] /mavros rosrpc://localhost:57563
[rosmaster.master][INFO] 2026-04-07 04:09:51,643: -SERVICE [/mavros/setpoint_trajectory/reset] /mavros rosrpc://localhost:57563
[rosmaster.master][INFO] 2026-04-07 04:09:51,644: -SERVICE [/mavros/setpoint_trajectory/mav_frame] /mavros rosrpc://localhost:57563
[rosmaster.master][INFO] 2026-04-07 04:09:51,644: -SERVICE [/mavros/setpoint_velocity/mav_frame] /mavros rosrpc://localhost:57563
[rosmaster.master][INFO] 2026-04-07 04:09:51,644: -SERVICE [/mavros/set_stream_rate] /mavros rosrpc://localhost:57563
[rosmaster.master][INFO] 2026-04-07 04:09:51,645: -SERVICE [/mavros/set_mode] /mavros rosrpc://localhost:57563
[rosmaster.master][INFO] 2026-04-07 04:09:51,645: -SERVICE [/mavros/vehicle_info_get] /mavros rosrpc://localhost:57563
[rosmaster.master][INFO] 2026-04-07 04:09:51,646: -SERVICE [/mavros/set_message_interval] /mavros rosrpc://localhost:57563
[rosmaster.master][INFO] 2026-04-07 04:09:51,646: -SERVICE [/mavros/mission/pull] /mavros rosrpc://localhost:57563
[rosmaster.master][INFO] 2026-04-07 04:09:51,646: -SERVICE [/mavros/mission/push] /mavros rosrpc://localhost:57563
[rosmaster.master][INFO] 2026-04-07 04:09:51,647: -SERVICE [/mavros/mission/clear] /mavros rosrpc://localhost:57563
[rosmaster.master][INFO] 2026-04-07 04:09:51,647: -SERVICE [/mavros/mission/set_current] /mavros rosrpc://localhost:57563
[rosmaster.master][INFO] 2026-04-07 04:09:51,649: -CACHEDPARAM [/mavros/diagnostic_period] by /mavros
[rosmaster.master][INFO] 2026-04-07 04:09:51,650: -CACHEDPARAM [/rosout_disable_topics_generation] by /mavros
[rosmaster.master][INFO] 2026-04-07 04:09:51,678: publisherUpdate[/tf] -> http://localhost:46137/ []
[rosmaster.master][INFO] 2026-04-07 04:09:51,679: publisherUpdate[/tf] -> http://localhost:46137/ []: sec=0.00, exception=<Fault -1: 'publisherUpdate: unknown method name'>
[rosmaster.master][INFO] 2026-04-07 04:09:51,680: publisherUpdate[/tf_static] -> http://localhost:46137/ []
[rosmaster.master][INFO] 2026-04-07 04:09:51,680: publisherUpdate[/tf_static] -> http://localhost:46137/ []: sec=0.00, exception=<Fault -1: 'publisherUpdate: unknown method name'>
[rosmaster.threadpool][ERROR] 2026-04-07 04:09:51,684: Traceback (most recent call last):
  File "/opt/ros/noetic/lib/python3/dist-packages/rosmaster/threadpool.py", line 218, in run
    result = cmd(*args)
  File "/opt/ros/noetic/lib/python3/dist-packages/rosmaster/master_api.py", line 210, in publisher_update_task
    ret = xmlrpcapi(api).publisherUpdate('/master', topic, pub_uris)
  File "/usr/lib/python3.8/xmlrpc/client.py", line 1109, in __call__
    return self.__send(self.__name, args)
  File "/usr/lib/python3.8/xmlrpc/client.py", line 1450, in __request
    response = self.__transport.request(
  File "/usr/lib/python3.8/xmlrpc/client.py", line 1153, in request
    return self.single_request(host, handler, request_body, verbose)
  File "/usr/lib/python3.8/xmlrpc/client.py", line 1169, in single_request
    return self.parse_response(resp)
  File "/usr/lib/python3.8/xmlrpc/client.py", line 1341, in parse_response
    return u.close()
  File "/usr/lib/python3.8/xmlrpc/client.py", line 655, in close
    raise Fault(**self._stack[0])
xmlrpc.client.Fault: <Fault -1: 'publisherUpdate: unknown method name'>

[rosmaster.threadpool][ERROR] 2026-04-07 04:09:51,685: Traceback (most recent call last):
  File "/opt/ros/noetic/lib/python3/dist-packages/rosmaster/threadpool.py", line 218, in run
    result = cmd(*args)
  File "/opt/ros/noetic/lib/python3/dist-packages/rosmaster/master_api.py", line 210, in publisher_update_task
    ret = xmlrpcapi(api).publisherUpdate('/master', topic, pub_uris)
  File "/usr/lib/python3.8/xmlrpc/client.py", line 1109, in __call__
    return self.__send(self.__name, args)
  File "/usr/lib/python3.8/xmlrpc/client.py", line 1450, in __request
    response = self.__transport.request(
  File "/usr/lib/python3.8/xmlrpc/client.py", line 1153, in request
    return self.single_request(host, handler, request_body, verbose)
  File "/usr/lib/python3.8/xmlrpc/client.py", line 1169, in single_request
    return self.parse_response(resp)
  File "/usr/lib/python3.8/xmlrpc/client.py", line 1341, in parse_response
    return u.close()
  File "/usr/lib/python3.8/xmlrpc/client.py", line 655, in close
    raise Fault(**self._stack[0])
xmlrpc.client.Fault: <Fault -1: 'publisherUpdate: unknown method name'>

[rosmaster.master][INFO] 2026-04-07 04:09:51,685: publisherUpdate[/mavros/global_position/global] -> http://localhost:46137/ []
[rosmaster.master][INFO] 2026-04-07 04:09:51,685: publisherUpdate[/mavros/global_position/global] -> http://localhost:46137/ []: sec=0.00, exception=<Fault -1: 'publisherUpdate: unknown method name'>
[rosmaster.threadpool][ERROR] 2026-04-07 04:09:51,685: Traceback (most recent call last):
  File "/opt/ros/noetic/lib/python3/dist-packages/rosmaster/threadpool.py", line 218, in run
    result = cmd(*args)
  File "/opt/ros/noetic/lib/python3/dist-packages/rosmaster/master_api.py", line 210, in publisher_update_task
    ret = xmlrpcapi(api).publisherUpdate('/master', topic, pub_uris)
  File "/usr/lib/python3.8/xmlrpc/client.py", line 1109, in __call__
    return self.__send(self.__name, args)
  File "/usr/lib/python3.8/xmlrpc/client.py", line 1450, in __request
    response = self.__transport.request(
  File "/usr/lib/python3.8/xmlrpc/client.py", line 1153, in request
    return self.single_request(host, handler, request_body, verbose)
  File "/usr/lib/python3.8/xmlrpc/client.py", line 1169, in single_request
    return self.parse_response(resp)
  File "/usr/lib/python3.8/xmlrpc/client.py", line 1341, in parse_response
    return u.close()
  File "/usr/lib/python3.8/xmlrpc/client.py", line 655, in close
    raise Fault(**self._stack[0])
xmlrpc.client.Fault: <Fault -1: 'publisherUpdate: unknown method name'>

[rosmaster.master][INFO] 2026-04-07 04:09:51,685: publisherUpdate[/mavros/global_position/gp_origin] -> http://localhost:46137/ []
[rosmaster.master][INFO] 2026-04-07 04:09:51,686: publisherUpdate[/mavros/global_position/gp_origin] -> http://localhost:46137/ []: sec=0.00, exception=<Fault -1: 'publisherUpdate: unknown method name'>
[rosmaster.threadpool][ERROR] 2026-04-07 04:09:51,686: Traceback (most recent call last):
  File "/opt/ros/noetic/lib/python3/dist-packages/rosmaster/threadpool.py", line 218, in run
    result = cmd(*args)
  File "/opt/ros/noetic/lib/python3/dist-packages/rosmaster/master_api.py", line 210, in publisher_update_task
    ret = xmlrpcapi(api).publisherUpdate('/master', topic, pub_uris)
  File "/usr/lib/python3.8/xmlrpc/client.py", line 1109, in __call__
    return self.__send(self.__name, args)
  File "/usr/lib/python3.8/xmlrpc/client.py", line 1450, in __request
    response = self.__transport.request(
  File "/usr/lib/python3.8/xmlrpc/client.py", line 1153, in request
    return self.single_request(host, handler, request_body, verbose)
  File "/usr/lib/python3.8/xmlrpc/client.py", line 1169, in single_request
    return self.parse_response(resp)
  File "/usr/lib/python3.8/xmlrpc/client.py", line 1341, in parse_response
    return u.close()
  File "/usr/lib/python3.8/xmlrpc/client.py", line 655, in close
    raise Fault(**self._stack[0])
xmlrpc.client.Fault: <Fault -1: 'publisherUpdate: unknown method name'>

[rosmaster.master][INFO] 2026-04-07 04:09:51,686: publisherUpdate[/mavros/home_position/home] -> http://localhost:46137/ []
[rosmaster.master][INFO] 2026-04-07 04:09:51,686: publisherUpdate[/mavros/home_position/home] -> http://localhost:46137/ []: sec=0.00, exception=<Fault -1: 'publisherUpdate: unknown method name'>
[rosmaster.threadpool][ERROR] 2026-04-07 04:09:51,687: Traceback (most recent call last):
  File "/opt/ros/noetic/lib/python3/dist-packages/rosmaster/threadpool.py", line 218, in run
    result = cmd(*args)
  File "/opt/ros/noetic/lib/python3/dist-packages/rosmaster/master_api.py", line 210, in publisher_update_task
    ret = xmlrpcapi(api).publisherUpdate('/master', topic, pub_uris)
  File "/usr/lib/python3.8/xmlrpc/client.py", line 1109, in __call__
    return self.__send(self.__name, args)
  File "/usr/lib/python3.8/xmlrpc/client.py", line 1450, in __request
    response = self.__transport.request(
  File "/usr/lib/python3.8/xmlrpc/client.py", line 1153, in request
    return self.single_request(host, handler, request_body, verbose)
  File "/usr/lib/python3.8/xmlrpc/client.py", line 1169, in single_request
    return self.parse_response(resp)
  File "/usr/lib/python3.8/xmlrpc/client.py", line 1341, in parse_response
    return u.close()
  File "/usr/lib/python3.8/xmlrpc/client.py", line 655, in close
    raise Fault(**self._stack[0])
xmlrpc.client.Fault: <Fault -1: 'publisherUpdate: unknown method name'>

[rosmaster.master][INFO] 2026-04-07 04:09:51,687: publisherUpdate[/mavros/local_position/pose] -> http://localhost:46137/ []
[rosmaster.master][INFO] 2026-04-07 04:09:51,687: publisherUpdate[/mavros/local_position/pose] -> http://localhost:46137/ []: sec=0.00, exception=<Fault -1: 'publisherUpdate: unknown method name'>
[rosmaster.threadpool][ERROR] 2026-04-07 04:09:51,687: Traceback (most recent call last):
  File "/opt/ros/noetic/lib/python3/dist-packages/rosmaster/threadpool.py", line 218, in run
    result = cmd(*args)
  File "/opt/ros/noetic/lib/python3/dist-packages/rosmaster/master_api.py", line 210, in publisher_update_task
    ret = xmlrpcapi(api).publisherUpdate('/master', topic, pub_uris)
  File "/usr/lib/python3.8/xmlrpc/client.py", line 1109, in __call__
    return self.__send(self.__name, args)
  File "/usr/lib/python3.8/xmlrpc/client.py", line 1450, in __request
    response = self.__transport.request(
  File "/usr/lib/python3.8/xmlrpc/client.py", line 1153, in request
    return self.single_request(host, handler, request_body, verbose)
  File "/usr/lib/python3.8/xmlrpc/client.py", line 1169, in single_request
    return self.parse_response(resp)
  File "/usr/lib/python3.8/xmlrpc/client.py", line 1341, in parse_response
    return u.close()
  File "/usr/lib/python3.8/xmlrpc/client.py", line 655, in close
    raise Fault(**self._stack[0])
xmlrpc.client.Fault: <Fault -1: 'publisherUpdate: unknown method name'>

[rosmaster.master][INFO] 2026-04-07 04:10:03,712: -PUB [/rosout_agg] /rosout http://localhost:40033/
[rosmaster.master][INFO] 2026-04-07 04:10:03,712: -SUB [/rosout] /rosout http://localhost:40033/
[rosmaster.master][INFO] 2026-04-07 04:10:03,712: -SERVICE [/rosout/get_loggers] /rosout rosrpc://localhost:37421
[rosmaster.master][INFO] 2026-04-07 04:10:03,713: -SERVICE [/rosout/set_logger_level] /rosout rosrpc://localhost:37421
[rosmaster.master][INFO] 2026-04-07 04:10:03,713: -CACHEDPARAM [/rosout/omit_topics] by /rosout
[rosmaster.main][INFO] 2026-04-07 04:10:03,766: keyboard interrupt, will exit
[rosmaster.main][INFO] 2026-04-07 04:10:03,767: stopping master...
[rospy.core][INFO] 2026-04-07 04:10:03,767: signal_shutdown [atexit]
