[rosmaster.main][INFO] 2026-07-09 18:13:42,911: initialization complete, waiting for shutdown
[rosmaster.main][INFO] 2026-07-09 18:13:42,911: Starting ROS Master Node
[xmlrpc][INFO] 2026-07-09 18:13:42,912: XML-RPC server binding to 127.0.0.1:11311
[xmlrpc][INFO] 2026-07-09 18:13:42,913: Started XML-RPC server [http://localhost:11311/]
[xmlrpc][INFO] 2026-07-09 18:13:42,913: xml rpc node: starting XML-RPC server
[rosmaster.master][INFO] 2026-07-09 18:13:42,913: Master initialized: port[11311], uri[http://localhost:11311/]
[rosmaster.master][INFO] 2026-07-09 18:13:42,980: +PARAM [/run_id] by /roslaunch
[rosmaster.master][INFO] 2026-07-09 18:13:42,980: +PARAM [/roslaunch/uris/host_localhost__34643] by /roslaunch
[rosmaster.master][INFO] 2026-07-09 18:13:43,005: +PARAM [/rosversion] by /roslaunch
[rosmaster.master][INFO] 2026-07-09 18:13:43,005: +PARAM [/rosdistro] by /roslaunch
[rosmaster.master][INFO] 2026-07-09 18:13:43,036: +SERVICE [/rosout/get_loggers] /rosout http://localhost:42647/
[rosmaster.master][INFO] 2026-07-09 18:13:43,037: +SERVICE [/rosout/set_logger_level] /rosout http://localhost:42647/
[rosmaster.master][INFO] 2026-07-09 18:13:43,037: +PUB [/rosout_agg] /rosout http://localhost:42647/
[rosmaster.master][INFO] 2026-07-09 18:13:43,039: +SUB [/rosout] /rosout http://localhost:42647/
[rosmaster.master][INFO] 2026-07-09 18:13:46,739: +PARAM [/roslaunch/uris/host_localhost__33501] by /roslaunch
[rosmaster.master][INFO] 2026-07-09 18:13:46,743: +PARAM [/rosversion] by /roslaunch
[rosmaster.master][INFO] 2026-07-09 18:13:46,744: +PARAM [/rosdistro] by /roslaunch
[rosmaster.master][INFO] 2026-07-09 18:13:46,744: +PARAM [/mavros/plugin_blacklist] by /roslaunch
[rosmaster.master][INFO] 2026-07-09 18:13:46,744: +PARAM [/mavros/plugin_whitelist] by /roslaunch
[rosmaster.master][INFO] 2026-07-09 18:13:46,744: +PARAM [/mavros/startup_px4_usb_quirk] by /roslaunch
[rosmaster.master][INFO] 2026-07-09 18:13:46,744: +PARAM [/mavros/conn/heartbeat_rate] by /roslaunch
[rosmaster.master][INFO] 2026-07-09 18:13:46,744: +PARAM [/mavros/conn/heartbeat_mav_type] by /roslaunch
[rosmaster.master][INFO] 2026-07-09 18:13:46,744: +PARAM [/mavros/conn/timeout] by /roslaunch
[rosmaster.master][INFO] 2026-07-09 18:13:46,744: +PARAM [/mavros/conn/timesync_rate] by /roslaunch
[rosmaster.master][INFO] 2026-07-09 18:13:46,744: +PARAM [/mavros/conn/system_time_rate] by /roslaunch
[rosmaster.master][INFO] 2026-07-09 18:13:46,744: +PARAM [/mavros/sys/min_voltage] by /roslaunch
[rosmaster.master][INFO] 2026-07-09 18:13:46,744: +PARAM [/mavros/sys/disable_diag] by /roslaunch
[rosmaster.master][INFO] 2026-07-09 18:13:46,744: +PARAM [/mavros/time/time_ref_source] by /roslaunch
[rosmaster.master][INFO] 2026-07-09 18:13:46,744: +PARAM [/mavros/time/timesync_mode] by /roslaunch
[rosmaster.master][INFO] 2026-07-09 18:13:46,745: +PARAM [/mavros/time/timesync_avg_alpha] by /roslaunch
[rosmaster.master][INFO] 2026-07-09 18:13:46,745: +PARAM [/mavros/tdr_radio/low_rssi] by /roslaunch
[rosmaster.master][INFO] 2026-07-09 18:13:46,745: +PARAM [/mavros/cmd/use_comp_id_system_control] by /roslaunch
[rosmaster.master][INFO] 2026-07-09 18:13:46,745: +PARAM [/mavros/global_position/frame_id] by /roslaunch
[rosmaster.master][INFO] 2026-07-09 18:13:46,745: +PARAM [/mavros/global_position/child_frame_id] by /roslaunch
[rosmaster.master][INFO] 2026-07-09 18:13:46,745: +PARAM [/mavros/global_position/rot_covariance] by /roslaunch
[rosmaster.master][INFO] 2026-07-09 18:13:46,745: +PARAM [/mavros/global_position/gps_uere] by /roslaunch
[rosmaster.master][INFO] 2026-07-09 18:13:46,745: +PARAM [/mavros/global_position/use_relative_alt] by /roslaunch
[rosmaster.master][INFO] 2026-07-09 18:13:46,745: +PARAM [/mavros/global_position/tf/send] by /roslaunch
[rosmaster.master][INFO] 2026-07-09 18:13:46,745: +PARAM [/mavros/global_position/tf/frame_id] by /roslaunch
[rosmaster.master][INFO] 2026-07-09 18:13:46,745: +PARAM [/mavros/global_position/tf/global_frame_id] by /roslaunch
[rosmaster.master][INFO] 2026-07-09 18:13:46,745: +PARAM [/mavros/global_position/tf/child_frame_id] by /roslaunch
[rosmaster.master][INFO] 2026-07-09 18:13:46,745: +PARAM [/mavros/imu/frame_id] by /roslaunch
[rosmaster.master][INFO] 2026-07-09 18:13:46,745: +PARAM [/mavros/imu/linear_acceleration_stdev] by /roslaunch
[rosmaster.master][INFO] 2026-07-09 18:13:46,745: +PARAM [/mavros/imu/angular_velocity_stdev] by /roslaunch
[rosmaster.master][INFO] 2026-07-09 18:13:46,745: +PARAM [/mavros/imu/orientation_stdev] by /roslaunch
[rosmaster.master][INFO] 2026-07-09 18:13:46,745: +PARAM [/mavros/imu/magnetic_stdev] by /roslaunch
[rosmaster.master][INFO] 2026-07-09 18:13:46,745: +PARAM [/mavros/local_position/frame_id] by /roslaunch
[rosmaster.master][INFO] 2026-07-09 18:13:46,745: +PARAM [/mavros/local_position/tf/send] by /roslaunch
[rosmaster.master][INFO] 2026-07-09 18:13:46,745: +PARAM [/mavros/local_position/tf/frame_id] by /roslaunch
[rosmaster.master][INFO] 2026-07-09 18:13:46,745: +PARAM [/mavros/local_position/tf/child_frame_id] by /roslaunch
[rosmaster.master][INFO] 2026-07-09 18:13:46,745: +PARAM [/mavros/local_position/tf/send_fcu] by /roslaunch
[rosmaster.master][INFO] 2026-07-09 18:13:46,745: +PARAM [/mavros/safety_area/p1/x] by /roslaunch
[rosmaster.master][INFO] 2026-07-09 18:13:46,745: +PARAM [/mavros/safety_area/p1/y] by /roslaunch
[rosmaster.master][INFO] 2026-07-09 18:13:46,745: +PARAM [/mavros/safety_area/p1/z] by /roslaunch
[rosmaster.master][INFO] 2026-07-09 18:13:46,745: +PARAM [/mavros/safety_area/p2/x] by /roslaunch
[rosmaster.master][INFO] 2026-07-09 18:13:46,745: +PARAM [/mavros/safety_area/p2/y] by /roslaunch
[rosmaster.master][INFO] 2026-07-09 18:13:46,745: +PARAM [/mavros/safety_area/p2/z] by /roslaunch
[rosmaster.master][INFO] 2026-07-09 18:13:46,745: +PARAM [/mavros/setpoint_accel/send_force] by /roslaunch
[rosmaster.master][INFO] 2026-07-09 18:13:46,745: +PARAM [/mavros/setpoint_attitude/reverse_thrust] by /roslaunch
[rosmaster.master][INFO] 2026-07-09 18:13:46,745: +PARAM [/mavros/setpoint_attitude/use_quaternion] by /roslaunch
[rosmaster.master][INFO] 2026-07-09 18:13:46,745: +PARAM [/mavros/setpoint_attitude/tf/listen] by /roslaunch
[rosmaster.master][INFO] 2026-07-09 18:13:46,745: +PARAM [/mavros/setpoint_attitude/tf/frame_id] by /roslaunch
[rosmaster.master][INFO] 2026-07-09 18:13:46,745: +PARAM [/mavros/setpoint_attitude/tf/child_frame_id] by /roslaunch
[rosmaster.master][INFO] 2026-07-09 18:13:46,745: +PARAM [/mavros/setpoint_attitude/tf/rate_limit] by /roslaunch
[rosmaster.master][INFO] 2026-07-09 18:13:46,745: +PARAM [/mavros/setpoint_raw/thrust_scaling] by /roslaunch
[rosmaster.master][INFO] 2026-07-09 18:13:46,746: +PARAM [/mavros/setpoint_position/tf/listen] by /roslaunch
[rosmaster.master][INFO] 2026-07-09 18:13:46,746: +PARAM [/mavros/setpoint_position/tf/frame_id] by /roslaunch
[rosmaster.master][INFO] 2026-07-09 18:13:46,746: +PARAM [/mavros/setpoint_position/tf/child_frame_id] by /roslaunch
[rosmaster.master][INFO] 2026-07-09 18:13:46,746: +PARAM [/mavros/setpoint_position/tf/rate_limit] by /roslaunch
[rosmaster.master][INFO] 2026-07-09 18:13:46,746: +PARAM [/mavros/setpoint_position/mav_frame] by /roslaunch
[rosmaster.master][INFO] 2026-07-09 18:13:46,746: +PARAM [/mavros/guided_target/tf/listen] by /roslaunch
[rosmaster.master][INFO] 2026-07-09 18:13:46,746: +PARAM [/mavros/guided_target/tf/frame_id] by /roslaunch
[rosmaster.master][INFO] 2026-07-09 18:13:46,746: +PARAM [/mavros/guided_target/tf/child_frame_id] by /roslaunch
[rosmaster.master][INFO] 2026-07-09 18:13:46,746: +PARAM [/mavros/guided_target/tf/rate_limit] by /roslaunch
[rosmaster.master][INFO] 2026-07-09 18:13:46,746: +PARAM [/mavros/setpoint_velocity/mav_frame] by /roslaunch
[rosmaster.master][INFO] 2026-07-09 18:13:46,746: +PARAM [/mavros/mission/pull_after_gcs] by /roslaunch
[rosmaster.master][INFO] 2026-07-09 18:13:46,746: +PARAM [/mavros/mission/use_mission_item_int] by /roslaunch
[rosmaster.master][INFO] 2026-07-09 18:13:46,746: +PARAM [/mavros/distance_sensor/rangefinder_pub/id] by /roslaunch
[rosmaster.master][INFO] 2026-07-09 18:13:46,746: +PARAM [/mavros/distance_sensor/rangefinder_pub/frame_id] by /roslaunch
[rosmaster.master][INFO] 2026-07-09 18:13:46,746: +PARAM [/mavros/distance_sensor/rangefinder_pub/field_of_view] by /roslaunch
[rosmaster.master][INFO] 2026-07-09 18:13:46,746: +PARAM [/mavros/distance_sensor/rangefinder_pub/send_tf] by /roslaunch
[rosmaster.master][INFO] 2026-07-09 18:13:46,746: +PARAM [/mavros/distance_sensor/rangefinder_pub/sensor_position/x] by /roslaunch
[rosmaster.master][INFO] 2026-07-09 18:13:46,746: +PARAM [/mavros/distance_sensor/rangefinder_pub/sensor_position/y] by /roslaunch
[rosmaster.master][INFO] 2026-07-09 18:13:46,746: +PARAM [/mavros/distance_sensor/rangefinder_pub/sensor_position/z] by /roslaunch
[rosmaster.master][INFO] 2026-07-09 18:13:46,746: +PARAM [/mavros/distance_sensor/rangefinder_sub/subscriber] by /roslaunch
[rosmaster.master][INFO] 2026-07-09 18:13:46,746: +PARAM [/mavros/distance_sensor/rangefinder_sub/id] by /roslaunch
[rosmaster.master][INFO] 2026-07-09 18:13:46,746: +PARAM [/mavros/distance_sensor/rangefinder_sub/orientation] by /roslaunch
[rosmaster.master][INFO] 2026-07-09 18:13:46,746: +PARAM [/mavros/image/frame_id] by /roslaunch
[rosmaster.master][INFO] 2026-07-09 18:13:46,746: +PARAM [/mavros/fake_gps/use_mocap] by /roslaunch
[rosmaster.master][INFO] 2026-07-09 18:13:46,746: +PARAM [/mavros/fake_gps/mocap_transform] by /roslaunch
[rosmaster.master][INFO] 2026-07-09 18:13:46,746: +PARAM [/mavros/fake_gps/mocap_withcovariance] by /roslaunch
[rosmaster.master][INFO] 2026-07-09 18:13:46,746: +PARAM [/mavros/fake_gps/use_vision] by /roslaunch
[rosmaster.master][INFO] 2026-07-09 18:13:46,746: +PARAM [/mavros/fake_gps/use_hil_gps] by /roslaunch
[rosmaster.master][INFO] 2026-07-09 18:13:46,746: +PARAM [/mavros/fake_gps/gps_id] by /roslaunch
[rosmaster.master][INFO] 2026-07-09 18:13:46,746: +PARAM [/mavros/fake_gps/geo_origin/lat] by /roslaunch
[rosmaster.master][INFO] 2026-07-09 18:13:46,746: +PARAM [/mavros/fake_gps/geo_origin/lon] by /roslaunch
[rosmaster.master][INFO] 2026-07-09 18:13:46,746: +PARAM [/mavros/fake_gps/geo_origin/alt] by /roslaunch
[rosmaster.master][INFO] 2026-07-09 18:13:46,746: +PARAM [/mavros/fake_gps/eph] by /roslaunch
[rosmaster.master][INFO] 2026-07-09 18:13:46,746: +PARAM [/mavros/fake_gps/epv] by /roslaunch
[rosmaster.master][INFO] 2026-07-09 18:13:46,746: +PARAM [/mavros/fake_gps/horiz_accuracy] by /roslaunch
[rosmaster.master][INFO] 2026-07-09 18:13:46,746: +PARAM [/mavros/fake_gps/vert_accuracy] by /roslaunch
[rosmaster.master][INFO] 2026-07-09 18:13:46,746: +PARAM [/mavros/fake_gps/speed_accuracy] by /roslaunch
[rosmaster.master][INFO] 2026-07-09 18:13:46,746: +PARAM [/mavros/fake_gps/satellites_visible] by /roslaunch
[rosmaster.master][INFO] 2026-07-09 18:13:46,746: +PARAM [/mavros/fake_gps/fix_type] by /roslaunch
[rosmaster.master][INFO] 2026-07-09 18:13:46,746: +PARAM [/mavros/fake_gps/tf/listen] by /roslaunch
[rosmaster.master][INFO] 2026-07-09 18:13:46,746: +PARAM [/mavros/fake_gps/tf/send] by /roslaunch
[rosmaster.master][INFO] 2026-07-09 18:13:46,746: +PARAM [/mavros/fake_gps/tf/frame_id] by /roslaunch
[rosmaster.master][INFO] 2026-07-09 18:13:46,747: +PARAM [/mavros/fake_gps/tf/child_frame_id] by /roslaunch
[rosmaster.master][INFO] 2026-07-09 18:13:46,747: +PARAM [/mavros/fake_gps/tf/rate_limit] by /roslaunch
[rosmaster.master][INFO] 2026-07-09 18:13:46,747: +PARAM [/mavros/fake_gps/gps_rate] by /roslaunch
[rosmaster.master][INFO] 2026-07-09 18:13:46,747: +PARAM [/mavros/landing_target/listen_lt] by /roslaunch
[rosmaster.master][INFO] 2026-07-09 18:13:46,747: +PARAM [/mavros/landing_target/mav_frame] by /roslaunch
[rosmaster.master][INFO] 2026-07-09 18:13:46,747: +PARAM [/mavros/landing_target/land_target_type] by /roslaunch
[rosmaster.master][INFO] 2026-07-09 18:13:46,747: +PARAM [/mavros/landing_target/image/width] by /roslaunch
[rosmaster.master][INFO] 2026-07-09 18:13:46,747: +PARAM [/mavros/landing_target/image/height] by /roslaunch
[rosmaster.master][INFO] 2026-07-09 18:13:46,747: +PARAM [/mavros/landing_target/camera/fov_x] by /roslaunch
[rosmaster.master][INFO] 2026-07-09 18:13:46,747: +PARAM [/mavros/landing_target/camera/fov_y] by /roslaunch
[rosmaster.master][INFO] 2026-07-09 18:13:46,747: +PARAM [/mavros/landing_target/tf/send] by /roslaunch
[rosmaster.master][INFO] 2026-07-09 18:13:46,747: +PARAM [/mavros/landing_target/tf/listen] by /roslaunch
[rosmaster.master][INFO] 2026-07-09 18:13:46,747: +PARAM [/mavros/landing_target/tf/frame_id] by /roslaunch
[rosmaster.master][INFO] 2026-07-09 18:13:46,747: +PARAM [/mavros/landing_target/tf/child_frame_id] by /roslaunch
[rosmaster.master][INFO] 2026-07-09 18:13:46,747: +PARAM [/mavros/landing_target/tf/rate_limit] by /roslaunch
[rosmaster.master][INFO] 2026-07-09 18:13:46,747: +PARAM [/mavros/landing_target/target_size/x] by /roslaunch
[rosmaster.master][INFO] 2026-07-09 18:13:46,747: +PARAM [/mavros/landing_target/target_size/y] by /roslaunch
[rosmaster.master][INFO] 2026-07-09 18:13:46,747: +PARAM [/mavros/mocap/use_tf] by /roslaunch
[rosmaster.master][INFO] 2026-07-09 18:13:46,747: +PARAM [/mavros/mocap/use_pose] by /roslaunch
[rosmaster.master][INFO] 2026-07-09 18:13:46,747: +PARAM [/mavros/mount/debounce_s] by /roslaunch
[rosmaster.master][INFO] 2026-07-09 18:13:46,747: +PARAM [/mavros/mount/err_threshold_deg] by /roslaunch
[rosmaster.master][INFO] 2026-07-09 18:13:46,747: +PARAM [/mavros/mount/negate_measured_roll] by /roslaunch
[rosmaster.master][INFO] 2026-07-09 18:13:46,747: +PARAM [/mavros/mount/negate_measured_pitch] by /roslaunch
[rosmaster.master][INFO] 2026-07-09 18:13:46,747: +PARAM [/mavros/mount/negate_measured_yaw] by /roslaunch
[rosmaster.master][INFO] 2026-07-09 18:13:46,747: +PARAM [/mavros/odometry/frame_tf/desired_frame] by /roslaunch
[rosmaster.master][INFO] 2026-07-09 18:13:46,747: +PARAM [/mavros/odometry/estimator_type] by /roslaunch
[rosmaster.master][INFO] 2026-07-09 18:13:46,747: +PARAM [/mavros/px4flow/frame_id] by /roslaunch
[rosmaster.master][INFO] 2026-07-09 18:13:46,747: +PARAM [/mavros/px4flow/ranger_fov] by /roslaunch
[rosmaster.master][INFO] 2026-07-09 18:13:46,747: +PARAM [/mavros/px4flow/ranger_min_range] by /roslaunch
[rosmaster.master][INFO] 2026-07-09 18:13:46,747: +PARAM [/mavros/px4flow/ranger_max_range] by /roslaunch
[rosmaster.master][INFO] 2026-07-09 18:13:46,747: +PARAM [/mavros/vision_pose/tf/listen] by /roslaunch
[rosmaster.master][INFO] 2026-07-09 18:13:46,747: +PARAM [/mavros/vision_pose/tf/frame_id] by /roslaunch
[rosmaster.master][INFO] 2026-07-09 18:13:46,747: +PARAM [/mavros/vision_pose/tf/child_frame_id] by /roslaunch
[rosmaster.master][INFO] 2026-07-09 18:13:46,747: +PARAM [/mavros/vision_pose/tf/rate_limit] by /roslaunch
[rosmaster.master][INFO] 2026-07-09 18:13:46,747: +PARAM [/mavros/vision_speed/listen_twist] by /roslaunch
[rosmaster.master][INFO] 2026-07-09 18:13:46,747: +PARAM [/mavros/vision_speed/twist_cov] by /roslaunch
[rosmaster.master][INFO] 2026-07-09 18:13:46,747: +PARAM [/mavros/vibration/frame_id] by /roslaunch
[rosmaster.master][INFO] 2026-07-09 18:13:46,747: +PARAM [/mavros/wheel_odometry/count] by /roslaunch
[rosmaster.master][INFO] 2026-07-09 18:13:46,747: +PARAM [/mavros/wheel_odometry/use_rpm] by /roslaunch
[rosmaster.master][INFO] 2026-07-09 18:13:46,747: +PARAM [/mavros/wheel_odometry/wheel0/x] by /roslaunch
[rosmaster.master][INFO] 2026-07-09 18:13:46,747: +PARAM [/mavros/wheel_odometry/wheel0/y] by /roslaunch
[rosmaster.master][INFO] 2026-07-09 18:13:46,747: +PARAM [/mavros/wheel_odometry/wheel0/radius] by /roslaunch
[rosmaster.master][INFO] 2026-07-09 18:13:46,747: +PARAM [/mavros/wheel_odometry/wheel1/x] by /roslaunch
[rosmaster.master][INFO] 2026-07-09 18:13:46,747: +PARAM [/mavros/wheel_odometry/wheel1/y] by /roslaunch
[rosmaster.master][INFO] 2026-07-09 18:13:46,747: +PARAM [/mavros/wheel_odometry/wheel1/radius] by /roslaunch
[rosmaster.master][INFO] 2026-07-09 18:13:46,747: +PARAM [/mavros/wheel_odometry/send_raw] by /roslaunch
[rosmaster.master][INFO] 2026-07-09 18:13:46,748: +PARAM [/mavros/wheel_odometry/send_twist] by /roslaunch
[rosmaster.master][INFO] 2026-07-09 18:13:46,748: +PARAM [/mavros/wheel_odometry/frame_id] by /roslaunch
[rosmaster.master][INFO] 2026-07-09 18:13:46,748: +PARAM [/mavros/wheel_odometry/child_frame_id] by /roslaunch
[rosmaster.master][INFO] 2026-07-09 18:13:46,748: +PARAM [/mavros/wheel_odometry/vel_error] by /roslaunch
[rosmaster.master][INFO] 2026-07-09 18:13:46,748: +PARAM [/mavros/wheel_odometry/tf/send] by /roslaunch
[rosmaster.master][INFO] 2026-07-09 18:13:46,748: +PARAM [/mavros/wheel_odometry/tf/frame_id] by /roslaunch
[rosmaster.master][INFO] 2026-07-09 18:13:46,748: +PARAM [/mavros/wheel_odometry/tf/child_frame_id] by /roslaunch
[rosmaster.master][INFO] 2026-07-09 18:13:46,748: +PARAM [/mavros/fcu_url] by /roslaunch
[rosmaster.master][INFO] 2026-07-09 18:13:46,748: +PARAM [/mavros/gcs_url] by /roslaunch
[rosmaster.master][INFO] 2026-07-09 18:13:46,748: +PARAM [/mavros/target_system_id] by /roslaunch
[rosmaster.master][INFO] 2026-07-09 18:13:46,748: +PARAM [/mavros/target_component_id] by /roslaunch
[rosmaster.master][INFO] 2026-07-09 18:13:46,748: +PARAM [/mavros/fcu_protocol] by /roslaunch
[rosmaster.master][INFO] 2026-07-09 18:13:46,833: +PUB [/rosout] /mavros http://localhost:43613/
[rosmaster.master][INFO] 2026-07-09 18:13:46,834: +SERVICE [/mavros/get_loggers] /mavros http://localhost:43613/
[rosmaster.master][INFO] 2026-07-09 18:13:46,834: +SERVICE [/mavros/set_logger_level] /mavros http://localhost:43613/
[rosmaster.master][INFO] 2026-07-09 18:13:46,834: +PUB [/diagnostics] /mavros http://localhost:43613/
[rosmaster.master][INFO] 2026-07-09 18:13:46,835: +CACHEDPARAM [/mavros/diagnostic_period] by /mavros
[rosmaster.master][INFO] 2026-07-09 18:13:46,856: +SUB [/tf] /mavros http://localhost:43613/
[rosmaster.master][INFO] 2026-07-09 18:13:46,857: +SUB [/tf_static] /mavros http://localhost:43613/
[rosmaster.master][INFO] 2026-07-09 18:13:46,858: +PUB [/tf] /mavros http://localhost:43613/
[rosmaster.master][INFO] 2026-07-09 18:13:46,858: +PUB [/tf_static] /mavros http://localhost:43613/
[rosmaster.master][INFO] 2026-07-09 18:13:46,907: +CACHEDPARAM [/rosout_disable_topics_generation] by /mavros
[rosmaster.master][INFO] 2026-07-09 18:13:46,910: +PUB [/mavlink/from] /mavros http://localhost:43613/
[rosmaster.master][INFO] 2026-07-09 18:13:46,911: +SUB [/mavlink/to] /mavros http://localhost:43613/
[rosmaster.master][INFO] 2026-07-09 18:13:46,917: publisherUpdate[/rosout] -> http://localhost:42647/ ['http://localhost:43613/']
[rosmaster.master][INFO] 2026-07-09 18:13:46,919: publisherUpdate[/tf] -> http://localhost:43613/ ['http://localhost:43613/']
[rosmaster.master][INFO] 2026-07-09 18:13:46,920: publisherUpdate[/tf] -> http://localhost:43613/ ['http://localhost:43613/']: sec=0.00, result=[1, '', 0]
[rosmaster.master][INFO] 2026-07-09 18:13:46,920: publisherUpdate[/tf_static] -> http://localhost:43613/ ['http://localhost:43613/']
[rosmaster.master][INFO] 2026-07-09 18:13:46,921: publisherUpdate[/tf_static] -> http://localhost:43613/ ['http://localhost:43613/']: sec=0.00, result=[1, '', 0]
[rosmaster.master][INFO] 2026-07-09 18:13:46,921: publisherUpdate[/rosout] -> http://localhost:42647/ ['http://localhost:43613/']: sec=0.00, result=[1, '', 0]
[rosmaster.master][INFO] 2026-07-09 18:13:46,961: +PUB [/mavros/radio_status] /mavros http://localhost:43613/
[rosmaster.master][INFO] 2026-07-09 18:13:46,993: +PUB [/mavros/adsb/vehicle] /mavros http://localhost:43613/
[rosmaster.master][INFO] 2026-07-09 18:13:46,994: +SUB [/mavros/adsb/send] /mavros http://localhost:43613/
[rosmaster.master][INFO] 2026-07-09 18:13:46,995: +PUB [/mavros/cam_imu_sync/cam_imu_stamp] /mavros http://localhost:43613/
[rosmaster.master][INFO] 2026-07-09 18:13:46,996: +PUB [/mavros/camera/image_captured] /mavros http://localhost:43613/
[rosmaster.master][INFO] 2026-07-09 18:13:46,997: +SUB [/mavros/cellular_status/status] /mavros http://localhost:43613/
[rosmaster.master][INFO] 2026-07-09 18:13:46,999: +SERVICE [/mavros/cmd/command] /mavros http://localhost:43613/
[rosmaster.master][INFO] 2026-07-09 18:13:46,999: +SERVICE [/mavros/cmd/command_ack] /mavros http://localhost:43613/
[rosmaster.master][INFO] 2026-07-09 18:13:46,999: +SERVICE [/mavros/cmd/command_int] /mavros http://localhost:43613/
[rosmaster.master][INFO] 2026-07-09 18:13:47,000: +SERVICE [/mavros/cmd/arming] /mavros http://localhost:43613/
[rosmaster.master][INFO] 2026-07-09 18:13:47,000: +SERVICE [/mavros/cmd/set_home] /mavros http://localhost:43613/
[rosmaster.master][INFO] 2026-07-09 18:13:47,001: +SERVICE [/mavros/cmd/takeoff] /mavros http://localhost:43613/
[rosmaster.master][INFO] 2026-07-09 18:13:47,001: +SERVICE [/mavros/cmd/land] /mavros http://localhost:43613/
[rosmaster.master][INFO] 2026-07-09 18:13:47,001: +SERVICE [/mavros/cmd/trigger_control] /mavros http://localhost:43613/
[rosmaster.master][INFO] 2026-07-09 18:13:47,002: +SERVICE [/mavros/cmd/trigger_interval] /mavros http://localhost:43613/
[rosmaster.master][INFO] 2026-07-09 18:13:47,002: +SERVICE [/mavros/cmd/vtol_transition] /mavros http://localhost:43613/
[rosmaster.master][INFO] 2026-07-09 18:13:47,003: +SUB [/mavros/companion_process/status] /mavros http://localhost:43613/
[rosmaster.master][INFO] 2026-07-09 18:13:47,006: +PUB [/mavros/distance_sensor/rangefinder_pub] /mavros http://localhost:43613/
[rosmaster.master][INFO] 2026-07-09 18:13:47,008: +SUB [/mavros/distance_sensor/rangefinder_sub] /mavros http://localhost:43613/
[rosmaster.master][INFO] 2026-07-09 18:13:47,009: +PUB [/mavros/esc_info] /mavros http://localhost:43613/
[rosmaster.master][INFO] 2026-07-09 18:13:47,009: +PUB [/mavros/esc_status] /mavros http://localhost:43613/
[rosmaster.master][INFO] 2026-07-09 18:13:47,010: +PUB [/mavros/esc_telemetry] /mavros http://localhost:43613/
[rosmaster.master][INFO] 2026-07-09 18:13:47,019: +SUB [/mavros/fake_gps/mocap/pose] /mavros http://localhost:43613/
[rosmaster.master][INFO] 2026-07-09 18:13:47,021: +PUB [/mavros/geofence/waypoints] /mavros http://localhost:43613/
[rosmaster.master][INFO] 2026-07-09 18:13:47,021: +SERVICE [/mavros/geofence/pull] /mavros http://localhost:43613/
[rosmaster.master][INFO] 2026-07-09 18:13:47,022: +SERVICE [/mavros/geofence/push] /mavros http://localhost:43613/
[rosmaster.master][INFO] 2026-07-09 18:13:47,022: +SERVICE [/mavros/geofence/clear] /mavros http://localhost:43613/
[rosmaster.master][INFO] 2026-07-09 18:13:47,026: +PUB [/mavros/global_position/raw/fix] /mavros http://localhost:43613/
[rosmaster.master][INFO] 2026-07-09 18:13:47,027: +PUB [/mavros/global_position/raw/gps_vel] /mavros http://localhost:43613/
[rosmaster.master][INFO] 2026-07-09 18:13:47,027: +PUB [/mavros/global_position/raw/satellites] /mavros http://localhost:43613/
[rosmaster.master][INFO] 2026-07-09 18:13:47,027: +PUB [/mavros/global_position/global] /mavros http://localhost:43613/
[rosmaster.master][INFO] 2026-07-09 18:13:47,028: +PUB [/mavros/global_position/local] /mavros http://localhost:43613/
[rosmaster.master][INFO] 2026-07-09 18:13:47,028: +PUB [/mavros/global_position/rel_alt] /mavros http://localhost:43613/
[rosmaster.master][INFO] 2026-07-09 18:13:47,028: +PUB [/mavros/global_position/compass_hdg] /mavros http://localhost:43613/
[rosmaster.master][INFO] 2026-07-09 18:13:47,028: +PUB [/mavros/global_position/gp_origin] /mavros http://localhost:43613/
[rosmaster.master][INFO] 2026-07-09 18:13:47,030: +SUB [/mavros/global_position/set_gp_origin] /mavros http://localhost:43613/
[rosmaster.master][INFO] 2026-07-09 18:13:47,031: +SUB [/mavros/home_position/home] /mavros http://localhost:43613/
[rosmaster.master][INFO] 2026-07-09 18:13:47,031: +PUB [/mavros/global_position/gp_lp_offset] /mavros http://localhost:43613/
[rosmaster.master][INFO] 2026-07-09 18:13:47,033: +SUB [/mavros/gps_input/gps_input] /mavros http://localhost:43613/
[rosmaster.master][INFO] 2026-07-09 18:13:47,034: +SUB [/mavros/gps_rtk/send_rtcm] /mavros http://localhost:43613/
[rosmaster.master][INFO] 2026-07-09 18:13:47,035: +PUB [/mavros/gps_rtk/rtk_baseline] /mavros http://localhost:43613/
[rosmaster.master][INFO] 2026-07-09 18:13:47,035: +PUB [/mavros/gpsstatus/gps1/raw] /mavros http://localhost:43613/
[rosmaster.master][INFO] 2026-07-09 18:13:47,036: +PUB [/mavros/gpsstatus/gps2/raw] /mavros http://localhost:43613/
[rosmaster.master][INFO] 2026-07-09 18:13:47,036: +PUB [/mavros/gpsstatus/gps1/rtk] /mavros http://localhost:43613/
[rosmaster.master][INFO] 2026-07-09 18:13:47,036: +PUB [/mavros/gpsstatus/gps2/rtk] /mavros http://localhost:43613/
[rosmaster.master][INFO] 2026-07-09 18:13:47,038: +PUB [/move_base_simple/goal] /mavros http://localhost:43613/
[rosmaster.master][INFO] 2026-07-09 18:13:47,040: +SUB [/mavros/global_position/gp_origin] /mavros http://localhost:43613/
[rosmaster.master][INFO] 2026-07-09 18:13:47,040: +PUB [/mavros/home_position/home] /mavros http://localhost:43613/
[rosmaster.master][INFO] 2026-07-09 18:13:47,042: +SUB [/mavros/home_position/set] /mavros http://localhost:43613/
[rosmaster.master][INFO] 2026-07-09 18:13:47,042: +SERVICE [/mavros/home_position/req_update] /mavros http://localhost:43613/
[rosmaster.master][INFO] 2026-07-09 18:13:47,045: +PUB [/mavros/imu/data] /mavros http://localhost:43613/
[rosmaster.master][INFO] 2026-07-09 18:13:47,045: +PUB [/mavros/imu/mag] /mavros http://localhost:43613/
[rosmaster.master][INFO] 2026-07-09 18:13:47,045: +PUB [/mavros/imu/temperature_imu] /mavros http://localhost:43613/
[rosmaster.master][INFO] 2026-07-09 18:13:47,045: +PUB [/mavros/imu/temperature_baro] /mavros http://localhost:43613/
[rosmaster.master][INFO] 2026-07-09 18:13:47,046: +PUB [/mavros/imu/static_pressure] /mavros http://localhost:43613/
[rosmaster.master][INFO] 2026-07-09 18:13:47,046: +PUB [/mavros/imu/diff_pressure] /mavros http://localhost:43613/
[rosmaster.master][INFO] 2026-07-09 18:13:47,046: +PUB [/mavros/imu/data_raw] /mavros http://localhost:43613/
[rosmaster.master][INFO] 2026-07-09 18:13:47,051: +PUB [/mavros/landing_target/pose_in] /mavros http://localhost:43613/
[rosmaster.master][INFO] 2026-07-09 18:13:47,052: +PUB [/mavros/landing_target/lt_marker] /mavros http://localhost:43613/
[rosmaster.master][INFO] 2026-07-09 18:13:47,053: +SUB [/mavros/landing_target/pose] /mavros http://localhost:43613/
[rosmaster.master][INFO] 2026-07-09 18:13:47,055: +PUB [/mavros/local_position/pose] /mavros http://localhost:43613/
[rosmaster.master][INFO] 2026-07-09 18:13:47,055: +PUB [/mavros/local_position/pose_cov] /mavros http://localhost:43613/
[rosmaster.master][INFO] 2026-07-09 18:13:47,056: +PUB [/mavros/local_position/velocity_local] /mavros http://localhost:43613/
[rosmaster.master][INFO] 2026-07-09 18:13:47,056: +PUB [/mavros/local_position/velocity_body] /mavros http://localhost:43613/
[rosmaster.master][INFO] 2026-07-09 18:13:47,056: +PUB [/mavros/local_position/velocity_body_cov] /mavros http://localhost:43613/
[rosmaster.master][INFO] 2026-07-09 18:13:47,057: +PUB [/mavros/local_position/accel] /mavros http://localhost:43613/
[rosmaster.master][INFO] 2026-07-09 18:13:47,057: +PUB [/mavros/local_position/odom] /mavros http://localhost:43613/
[rosmaster.master][INFO] 2026-07-09 18:13:47,057: +PUB [/mavros/log_transfer/raw/log_entry] /mavros http://localhost:43613/
[rosmaster.master][INFO] 2026-07-09 18:13:47,058: +PUB [/mavros/log_transfer/raw/log_data] /mavros http://localhost:43613/
[rosmaster.master][INFO] 2026-07-09 18:13:47,058: +SERVICE [/mavros/log_transfer/raw/log_request_list] /mavros http://localhost:43613/
[rosmaster.master][INFO] 2026-07-09 18:13:47,059: +SERVICE [/mavros/log_transfer/raw/log_request_data] /mavros http://localhost:43613/
[rosmaster.master][INFO] 2026-07-09 18:13:47,059: +SERVICE [/mavros/log_transfer/raw/log_request_end] /mavros http://localhost:43613/
[rosmaster.master][INFO] 2026-07-09 18:13:47,059: +SERVICE [/mavros/log_transfer/raw/log_request_erase] /mavros http://localhost:43613/
[rosmaster.master][INFO] 2026-07-09 18:13:47,060: +PUB [/mavros/mag_calibration/status] /mavros http://localhost:43613/
[rosmaster.master][INFO] 2026-07-09 18:13:47,061: +PUB [/mavros/mag_calibration/report] /mavros http://localhost:43613/
[rosmaster.master][INFO] 2026-07-09 18:13:47,061: +PUB [/mavros/manual_control/control] /mavros http://localhost:43613/
[rosmaster.master][INFO] 2026-07-09 18:13:47,062: +SUB [/mavros/manual_control/send] /mavros http://localhost:43613/
[rosmaster.master][INFO] 2026-07-09 18:13:47,064: +SUB [/mavros/mocap/pose] /mavros http://localhost:43613/
[rosmaster.master][INFO] 2026-07-09 18:13:47,066: +SUB [/mavros/mount_control/command] /mavros http://localhost:43613/
[rosmaster.master][INFO] 2026-07-09 18:13:47,067: +PUB [/mavros/mount_control/orientation] /mavros http://localhost:43613/
[rosmaster.master][INFO] 2026-07-09 18:13:47,067: +PUB [/mavros/mount_control/status] /mavros http://localhost:43613/
[rosmaster.master][INFO] 2026-07-09 18:13:47,068: +SERVICE [/mavros/mount_control/configure] /mavros http://localhost:43613/
[rosmaster.master][INFO] 2026-07-09 18:13:47,071: +PUB [/mavros/nav_controller_output] /mavros http://localhost:43613/
[rosmaster.master][INFO] 2026-07-09 18:13:47,072: +SUB [/mavros/obstacle/send] /mavros http://localhost:43613/
[rosmaster.master][INFO] 2026-07-09 18:13:47,073: +PUB [/mavros/odometry/in] /mavros http://localhost:43613/
[rosmaster.master][INFO] 2026-07-09 18:13:47,075: +SUB [/mavros/odometry/out] /mavros http://localhost:43613/
[rosmaster.master][INFO] 2026-07-09 18:13:47,076: +SUB [/mavros/onboard_computer/status] /mavros http://localhost:43613/
[rosmaster.master][INFO] 2026-07-09 18:13:47,077: +SERVICE [/mavros/param/pull] /mavros http://localhost:43613/
[rosmaster.master][INFO] 2026-07-09 18:13:47,077: +SERVICE [/mavros/param/push] /mavros http://localhost:43613/
[rosmaster.master][INFO] 2026-07-09 18:13:47,077: +SERVICE [/mavros/param/set] /mavros http://localhost:43613/
[rosmaster.master][INFO] 2026-07-09 18:13:47,078: +SERVICE [/mavros/param/get] /mavros http://localhost:43613/
[rosmaster.master][INFO] 2026-07-09 18:13:47,078: +PUB [/mavros/param/param_value] /mavros http://localhost:43613/
[rosmaster.master][INFO] 2026-07-09 18:13:47,079: +SUB [/mavros/play_tune] /mavros http://localhost:43613/
[rosmaster.master][INFO] 2026-07-09 18:13:47,081: +PUB [/mavros/rallypoint/waypoints] /mavros http://localhost:43613/
[rosmaster.master][INFO] 2026-07-09 18:13:47,081: +SERVICE [/mavros/rallypoint/pull] /mavros http://localhost:43613/
[rosmaster.master][INFO] 2026-07-09 18:13:47,081: +SERVICE [/mavros/rallypoint/push] /mavros http://localhost:43613/
[rosmaster.master][INFO] 2026-07-09 18:13:47,082: +SERVICE [/mavros/rallypoint/clear] /mavros http://localhost:43613/
[rosmaster.master][INFO] 2026-07-09 18:13:47,082: +PUB [/mavros/rangefinder/rangefinder] /mavros http://localhost:43613/
[rosmaster.master][INFO] 2026-07-09 18:13:47,083: +PUB [/mavros/rc/in] /mavros http://localhost:43613/
[rosmaster.master][INFO] 2026-07-09 18:13:47,083: +PUB [/mavros/rc/out] /mavros http://localhost:43613/
[rosmaster.master][INFO] 2026-07-09 18:13:47,085: +SUB [/mavros/rc/override] /mavros http://localhost:43613/
[rosmaster.master][INFO] 2026-07-09 18:13:47,086: +SUB [/mavros/setpoint_accel/accel] /mavros http://localhost:43613/
[rosmaster.master][INFO] 2026-07-09 18:13:47,091: +SUB [/mavros/setpoint_attitude/thrust] /mavros http://localhost:43613/
[rosmaster.master][INFO] 2026-07-09 18:13:47,092: +SUB [/mavros/setpoint_attitude/cmd_vel] /mavros http://localhost:43613/
[rosmaster.master][INFO] 2026-07-09 18:13:47,098: +SUB [/mavros/setpoint_position/local] /mavros http://localhost:43613/
[rosmaster.master][INFO] 2026-07-09 18:13:47,099: +SUB [/mavros/setpoint_position/global] /mavros http://localhost:43613/
[rosmaster.master][INFO] 2026-07-09 18:13:47,099: +SUB [/mavros/setpoint_position/global_to_local] /mavros http://localhost:43613/
[rosmaster.master][INFO] 2026-07-09 18:13:47,101: +SUB [/mavros/global_position/global] /mavros http://localhost:43613/
[rosmaster.master][INFO] 2026-07-09 18:13:47,102: +SUB [/mavros/local_position/pose] /mavros http://localhost:43613/
[rosmaster.master][INFO] 2026-07-09 18:13:47,103: +SERVICE [/mavros/setpoint_position/mav_frame] /mavros http://localhost:43613/
[rosmaster.master][INFO] 2026-07-09 18:13:47,105: +SUB [/mavros/setpoint_raw/local] /mavros http://localhost:43613/
[rosmaster.master][INFO] 2026-07-09 18:13:47,106: +SUB [/mavros/setpoint_raw/global] /mavros http://localhost:43613/
[rosmaster.master][INFO] 2026-07-09 18:13:47,107: +SUB [/mavros/setpoint_raw/attitude] /mavros http://localhost:43613/
[rosmaster.master][INFO] 2026-07-09 18:13:47,108: +PUB [/mavros/setpoint_raw/target_local] /mavros http://localhost:43613/
[rosmaster.master][INFO] 2026-07-09 18:13:47,108: +PUB [/mavros/setpoint_raw/target_global] /mavros http://localhost:43613/
[rosmaster.master][INFO] 2026-07-09 18:13:47,108: +PUB [/mavros/setpoint_raw/target_attitude] /mavros http://localhost:43613/
[rosmaster.master][INFO] 2026-07-09 18:13:47,110: +SUB [/mavros/setpoint_trajectory/local] /mavros http://localhost:43613/
[rosmaster.master][INFO] 2026-07-09 18:13:47,110: +PUB [/mavros/setpoint_trajectory/desired] /mavros http://localhost:43613/
[rosmaster.master][INFO] 2026-07-09 18:13:47,111: +SERVICE [/mavros/setpoint_trajectory/reset] /mavros http://localhost:43613/
[rosmaster.master][INFO] 2026-07-09 18:13:47,111: +SERVICE [/mavros/setpoint_trajectory/mav_frame] /mavros http://localhost:43613/
[rosmaster.master][INFO] 2026-07-09 18:13:47,112: +SUB [/mavros/setpoint_velocity/cmd_vel] /mavros http://localhost:43613/
[rosmaster.master][INFO] 2026-07-09 18:13:47,113: +SUB [/mavros/setpoint_velocity/cmd_vel_unstamped] /mavros http://localhost:43613/
[rosmaster.master][INFO] 2026-07-09 18:13:47,114: +SERVICE [/mavros/setpoint_velocity/mav_frame] /mavros http://localhost:43613/
[rosmaster.master][INFO] 2026-07-09 18:13:47,117: +PUB [/mavros/state] /mavros http://localhost:43613/
[rosmaster.master][INFO] 2026-07-09 18:13:47,117: +PUB [/mavros/extended_state] /mavros http://localhost:43613/
[rosmaster.master][INFO] 2026-07-09 18:13:47,118: +PUB [/mavros/battery] /mavros http://localhost:43613/
[rosmaster.master][INFO] 2026-07-09 18:13:47,118: +PUB [/mavros/estimator_status] /mavros http://localhost:43613/
[rosmaster.master][INFO] 2026-07-09 18:13:47,118: +PUB [/mavros/statustext/recv] /mavros http://localhost:43613/
[rosmaster.master][INFO] 2026-07-09 18:13:47,119: +PUB [/mavros/sys_status] /mavros http://localhost:43613/
[rosmaster.master][INFO] 2026-07-09 18:13:47,120: +SUB [/mavros/statustext/send] /mavros http://localhost:43613/
[rosmaster.master][INFO] 2026-07-09 18:13:47,120: publisherUpdate[/mavros/home_position/home] -> http://localhost:43613/ ['http://localhost:43613/']
[rosmaster.master][INFO] 2026-07-09 18:13:47,120: +SERVICE [/mavros/set_stream_rate] /mavros http://localhost:43613/
[rosmaster.master][INFO] 2026-07-09 18:13:47,121: +SERVICE [/mavros/set_mode] /mavros http://localhost:43613/
[rosmaster.master][INFO] 2026-07-09 18:13:47,122: publisherUpdate[/mavros/home_position/home] -> http://localhost:43613/ ['http://localhost:43613/']: sec=0.00, result=[1, '', 0]
[rosmaster.master][INFO] 2026-07-09 18:13:47,122: +SERVICE [/mavros/vehicle_info_get] /mavros http://localhost:43613/
[rosmaster.master][INFO] 2026-07-09 18:13:47,122: +SERVICE [/mavros/set_message_interval] /mavros http://localhost:43613/
[rosmaster.master][INFO] 2026-07-09 18:13:47,123: +CACHEDPARAM [/rosout/omit_topics] by /rosout
[rosmaster.master][INFO] 2026-07-09 18:13:47,126: +PUB [/mavros/time_reference] /mavros http://localhost:43613/
[rosmaster.master][INFO] 2026-07-09 18:13:47,127: +PUB [/mavros/timesync_status] /mavros http://localhost:43613/
[rosmaster.master][INFO] 2026-07-09 18:13:47,127: +PUB [/mavros/terrain/report] /mavros http://localhost:43613/
[rosmaster.master][INFO] 2026-07-09 18:13:47,129: +SUB [/mavros/trajectory/generated] /mavros http://localhost:43613/
[rosmaster.master][INFO] 2026-07-09 18:13:47,130: +SUB [/mavros/trajectory/path] /mavros http://localhost:43613/
[rosmaster.master][INFO] 2026-07-09 18:13:47,131: +PUB [/mavros/trajectory/desired] /mavros http://localhost:43613/
[rosmaster.master][INFO] 2026-07-09 18:13:47,132: +SUB [/mavros/tunnel/in] /mavros http://localhost:43613/
[rosmaster.master][INFO] 2026-07-09 18:13:47,132: +PUB [/mavros/tunnel/out] /mavros http://localhost:43613/
[rosmaster.master][INFO] 2026-07-09 18:13:47,133: +PUB [/mavros/vfr_hud] /mavros http://localhost:43613/
[rosmaster.master][INFO] 2026-07-09 18:13:47,136: +SUB [/mavros/vision_pose/pose] /mavros http://localhost:43613/
[rosmaster.master][INFO] 2026-07-09 18:13:47,137: +SUB [/mavros/vision_pose/pose_cov] /mavros http://localhost:43613/
[rosmaster.master][INFO] 2026-07-09 18:13:47,139: +PUB [/mavros/mission/waypoints] /mavros http://localhost:43613/
[rosmaster.master][INFO] 2026-07-09 18:13:47,139: +SERVICE [/mavros/mission/pull] /mavros http://localhost:43613/
[rosmaster.master][INFO] 2026-07-09 18:13:47,139: +SERVICE [/mavros/mission/push] /mavros http://localhost:43613/
[rosmaster.master][INFO] 2026-07-09 18:13:47,140: +SERVICE [/mavros/mission/clear] /mavros http://localhost:43613/
[rosmaster.master][INFO] 2026-07-09 18:13:47,140: +PUB [/mavros/mission/reached] /mavros http://localhost:43613/
[rosmaster.master][INFO] 2026-07-09 18:13:47,140: +SERVICE [/mavros/mission/set_current] /mavros http://localhost:43613/
[rosmaster.master][INFO] 2026-07-09 18:13:47,141: +PUB [/mavros/wind_estimation] /mavros http://localhost:43613/
[rosmaster.master][INFO] 2026-07-09 18:13:48,143: +PUB [/mavlink/gcs_ip] /mavros http://localhost:43613/
[rosmaster.master][INFO] 2026-07-09 18:14:12,044: +PUB [/rosout] /horizontal_flight_logger http://localhost:42115/
[rosmaster.master][INFO] 2026-07-09 18:14:12,045: +SERVICE [/horizontal_flight_logger/get_loggers] /horizontal_flight_logger http://localhost:42115/
[rosmaster.master][INFO] 2026-07-09 18:14:12,046: +SERVICE [/horizontal_flight_logger/set_logger_level] /horizontal_flight_logger http://localhost:42115/
[rosmaster.master][INFO] 2026-07-09 18:14:12,046: +PUB [/mavros/setpoint_raw/local] /horizontal_flight_logger http://localhost:42115/
[rosmaster.master][INFO] 2026-07-09 18:14:12,047: +SUB [/mavros/local_position/velocity_local] /horizontal_flight_logger http://localhost:42115/
[rosmaster.master][INFO] 2026-07-09 18:14:12,047: +SUB [/mavros/battery] /horizontal_flight_logger http://localhost:42115/
[rosmaster.master][INFO] 2026-07-09 18:14:12,103: publisherUpdate[/rosout] -> http://localhost:42647/ ['http://localhost:43613/', 'http://localhost:42115/']
[rosmaster.master][INFO] 2026-07-09 18:14:12,105: publisherUpdate[/rosout] -> http://localhost:42647/ ['http://localhost:43613/', 'http://localhost:42115/']: sec=0.00, result=[1, '', 0]
[rosmaster.master][INFO] 2026-07-09 18:14:12,105: publisherUpdate[/mavros/setpoint_raw/local] -> http://localhost:43613/ ['http://localhost:42115/']
[rosmaster.master][INFO] 2026-07-09 18:14:12,106: publisherUpdate[/mavros/setpoint_raw/local] -> http://localhost:43613/ ['http://localhost:42115/']: sec=0.00, result=[1, '', 0]
[rosmaster.master][INFO] 2026-07-09 18:19:47,991: -SUB [/mavros/local_position/velocity_local] /horizontal_flight_logger http://localhost:42115/
[rosmaster.master][INFO] 2026-07-09 18:19:47,991: -SUB [/mavros/battery] /horizontal_flight_logger http://localhost:42115/
[rosmaster.master][INFO] 2026-07-09 18:19:47,991: -PUB [/rosout] /horizontal_flight_logger http://localhost:42115/
[rosmaster.master][INFO] 2026-07-09 18:19:47,991: -PUB [/mavros/setpoint_raw/local] /horizontal_flight_logger http://localhost:42115/
[rosmaster.master][INFO] 2026-07-09 18:19:47,991: -SERVICE [/horizontal_flight_logger/get_loggers] /horizontal_flight_logger rosrpc://localhost:43849
[rosmaster.master][INFO] 2026-07-09 18:19:47,991: -SERVICE [/horizontal_flight_logger/set_logger_level] /horizontal_flight_logger rosrpc://localhost:43849
[rosmaster.master][INFO] 2026-07-09 18:19:47,998: publisherUpdate[/rosout] -> http://localhost:42647/ ['http://localhost:43613/']
[rosmaster.master][INFO] 2026-07-09 18:19:47,999: publisherUpdate[/mavros/setpoint_raw/local] -> http://localhost:43613/ []
[rosmaster.master][INFO] 2026-07-09 18:19:47,999: publisherUpdate[/mavros/setpoint_raw/local] -> http://localhost:43613/ []: sec=0.00, result=[1, '', 0]
[rosmaster.master][INFO] 2026-07-09 18:19:48,000: publisherUpdate[/rosout] -> http://localhost:42647/ ['http://localhost:43613/']: sec=0.00, result=[1, '', 0]
[rosmaster.master][INFO] 2026-07-09 18:19:58,166: -PUB [/rosout_agg] /rosout http://localhost:42647/
[rosmaster.master][INFO] 2026-07-09 18:19:58,167: -SUB [/rosout] /rosout http://localhost:42647/
[rosmaster.master][INFO] 2026-07-09 18:19:58,167: -SERVICE [/rosout/get_loggers] /rosout rosrpc://localhost:47075
[rosmaster.master][INFO] 2026-07-09 18:19:58,167: -SERVICE [/rosout/set_logger_level] /rosout rosrpc://localhost:47075
[rosmaster.master][INFO] 2026-07-09 18:19:58,168: -CACHEDPARAM [/rosout/omit_topics] by /rosout
[rosmaster.main][INFO] 2026-07-09 18:19:58,255: keyboard interrupt, will exit
[rosmaster.main][INFO] 2026-07-09 18:19:58,255: stopping master...
[rospy.core][INFO] 2026-07-09 18:19:58,255: signal_shutdown [atexit]
