[rospy.client][INFO] 2026-06-30 23:32:38,344: init_node, name[/horizontal_flight_logger2], pid[3226]
[xmlrpc][INFO] 2026-06-30 23:32:38,344: XML-RPC server binding to 127.0.0.1:0
[xmlrpc][INFO] 2026-06-30 23:32:38,345: Started XML-RPC server [http://localhost:33001/]
[rospy.impl.masterslave][INFO] 2026-06-30 23:32:38,345: _ready: http://localhost:33001/
[rospy.init][INFO] 2026-06-30 23:32:38,346: ROS Slave URI: [http://localhost:33001/]
[rospy.registration][INFO] 2026-06-30 23:32:38,346: Registering with master node http://localhost:11311
[xmlrpc][INFO] 2026-06-30 23:32:38,347: xml rpc node: starting XML-RPC server
[rospy.init][INFO] 2026-06-30 23:32:38,446: registered with master
[rospy.rosout][INFO] 2026-06-30 23:32:38,447: initializing /rosout core topic
[rospy.rosout][INFO] 2026-06-30 23:32:38,452: connected to core topic /rosout
[rospy.simtime][INFO] 2026-06-30 23:32:38,454: /use_sim_time is not set, will not subscribe to simulated time [/clock] topic
[rospy.internal][INFO] 2026-06-30 23:32:38,465: topic[/mavros/battery] adding connection to [http://localhost:35363/], count 0
[rospy.internal][INFO] 2026-06-30 23:32:38,468: topic[/mavros/local_position/velocity_local] adding connection to [http://localhost:35363/], count 0
[rospy.internal][INFO] 2026-06-30 23:32:38,744: topic[/rosout] adding connection to [/rosout], count 0
[rospy.internal][INFO] 2026-06-30 23:32:38,745: topic[/mavros/setpoint_raw/local] adding connection to [/mavros], count 0
[rospy.core][INFO] 2026-06-30 23:35:53,791: signal_shutdown [atexit]
[rospy.internal][INFO] 2026-06-30 23:35:53,797: topic[/rosout] removing connection to /rosout
[rospy.internal][INFO] 2026-06-30 23:35:53,797: topic[/mavros/setpoint_raw/local] removing connection to /mavros
[rospy.internal][INFO] 2026-06-30 23:35:53,798: topic[/mavros/local_position/velocity_local] removing connection to http://localhost:35363/
[rospy.internal][INFO] 2026-06-30 23:35:53,798: topic[/mavros/battery] removing connection to http://localhost:35363/
[rospy.impl.masterslave][INFO] 2026-06-30 23:35:53,798: atexit
[rospy.client][INFO] 2026-07-02 15:48:30,777: init_node, name[/horizontal_flight_logger2], pid[3156]
[xmlrpc][INFO] 2026-07-02 15:48:30,778: XML-RPC server binding to 127.0.0.1:0
[xmlrpc][INFO] 2026-07-02 15:48:30,778: Started XML-RPC server [http://localhost:39179/]
[rospy.impl.masterslave][INFO] 2026-07-02 15:48:30,778: _ready: http://localhost:39179/
[rospy.registration][INFO] 2026-07-02 15:48:30,779: Registering with master node http://localhost:11311
[xmlrpc][INFO] 2026-07-02 15:48:30,779: xml rpc node: starting XML-RPC server
[rospy.init][INFO] 2026-07-02 15:48:30,779: ROS Slave URI: [http://localhost:39179/]
[rospy.init][INFO] 2026-07-02 15:48:30,779: registered with master
[rospy.rosout][INFO] 2026-07-02 15:48:30,779: initializing /rosout core topic
[rospy.rosout][INFO] 2026-07-02 15:48:30,782: connected to core topic /rosout
[rospy.simtime][INFO] 2026-07-02 15:48:30,783: /use_sim_time is not set, will not subscribe to simulated time [/clock] topic
[rospy.internal][INFO] 2026-07-02 15:48:30,790: topic[/mavros/battery] adding connection to [http://localhost:46265/], count 0
[rospy.internal][INFO] 2026-07-02 15:48:30,792: topic[/mavros/local_position/velocity_local] adding connection to [http://localhost:46265/], count 0
[rospy.internal][INFO] 2026-07-02 15:48:31,009: topic[/rosout] adding connection to [/rosout], count 0
[rospy.internal][INFO] 2026-07-02 15:48:31,009: topic[/mavros/setpoint_raw/local] adding connection to [/mavros], count 0
[rospy.core][INFO] 2026-07-02 15:51:46,576: signal_shutdown [atexit]
[rospy.internal][INFO] 2026-07-02 15:51:46,581: topic[/rosout] removing connection to /rosout
[rospy.internal][INFO] 2026-07-02 15:51:46,581: topic[/mavros/setpoint_raw/local] removing connection to /mavros
[rospy.internal][INFO] 2026-07-02 15:51:46,582: topic[/mavros/local_position/velocity_local] removing connection to http://localhost:46265/
[rospy.internal][INFO] 2026-07-02 15:51:46,583: topic[/mavros/battery] removing connection to http://localhost:46265/
[rospy.impl.masterslave][INFO] 2026-07-02 15:51:46,584: atexit
[rospy.client][INFO] 2026-07-02 17:49:34,583: init_node, name[/horizontal_flight_logger2], pid[4696]
[xmlrpc][INFO] 2026-07-02 17:49:34,585: XML-RPC server binding to 127.0.0.1:0
[xmlrpc][INFO] 2026-07-02 17:49:34,585: Started XML-RPC server [http://localhost:41963/]
[rospy.impl.masterslave][INFO] 2026-07-02 17:49:34,586: _ready: http://localhost:41963/
[rospy.init][INFO] 2026-07-02 17:49:34,586: ROS Slave URI: [http://localhost:41963/]
[rospy.registration][INFO] 2026-07-02 17:49:34,586: Registering with master node http://localhost:11311
[xmlrpc][INFO] 2026-07-02 17:49:34,587: xml rpc node: starting XML-RPC server
[rospy.init][INFO] 2026-07-02 17:49:34,686: registered with master
[rospy.rosout][INFO] 2026-07-02 17:49:34,687: initializing /rosout core topic
[rospy.rosout][INFO] 2026-07-02 17:49:34,692: connected to core topic /rosout
[rospy.simtime][INFO] 2026-07-02 17:49:34,694: /use_sim_time is not set, will not subscribe to simulated time [/clock] topic
[rospy.internal][INFO] 2026-07-02 17:49:34,705: topic[/mavros/local_position/velocity_local] adding connection to [http://localhost:37149/], count 0
[rospy.internal][INFO] 2026-07-02 17:49:34,709: topic[/mavros/battery] adding connection to [http://localhost:37149/], count 0
[rospy.internal][INFO] 2026-07-02 17:49:34,925: topic[/rosout] adding connection to [/rosout], count 0
[rospy.internal][INFO] 2026-07-02 17:49:34,927: topic[/mavros/setpoint_raw/local] adding connection to [/mavros], count 0
[rospy.core][INFO] 2026-07-02 17:52:49,391: signal_shutdown [atexit]
[rospy.internal][INFO] 2026-07-02 17:52:49,395: topic[/rosout] removing connection to /rosout
[rospy.internal][INFO] 2026-07-02 17:52:49,395: topic[/mavros/setpoint_raw/local] removing connection to /mavros
[rospy.internal][INFO] 2026-07-02 17:52:49,396: topic[/mavros/local_position/velocity_local] removing connection to http://localhost:37149/
[rospy.internal][INFO] 2026-07-02 17:52:49,398: topic[/mavros/battery] removing connection to http://localhost:37149/
[rospy.internal][INFO] 2026-07-02 17:52:49,398: topic[/mavros/battery] removing connection to http://localhost:37149/
[rospy.impl.masterslave][INFO] 2026-07-02 17:52:49,399: atexit
[rospy.client][INFO] 2026-07-02 21:10:25,807: init_node, name[/horizontal_flight_logger2], pid[5460]
[xmlrpc][INFO] 2026-07-02 21:10:25,808: XML-RPC server binding to 127.0.0.1:0
[xmlrpc][INFO] 2026-07-02 21:10:25,808: Started XML-RPC server [http://localhost:38611/]
[rospy.impl.masterslave][INFO] 2026-07-02 21:10:25,808: _ready: http://localhost:38611/
[rospy.registration][INFO] 2026-07-02 21:10:25,808: Registering with master node http://localhost:11311
[xmlrpc][INFO] 2026-07-02 21:10:25,808: xml rpc node: starting XML-RPC server
[rospy.init][INFO] 2026-07-02 21:10:25,809: ROS Slave URI: [http://localhost:38611/]
[rospy.init][INFO] 2026-07-02 21:10:25,809: registered with master
[rospy.rosout][INFO] 2026-07-02 21:10:25,809: initializing /rosout core topic
[rospy.rosout][INFO] 2026-07-02 21:10:25,812: connected to core topic /rosout
[rospy.simtime][INFO] 2026-07-02 21:10:25,813: /use_sim_time is not set, will not subscribe to simulated time [/clock] topic
[rospy.internal][INFO] 2026-07-02 21:10:25,818: topic[/mavros/local_position/velocity_local] adding connection to [http://localhost:40451/], count 0
[rospy.internal][INFO] 2026-07-02 21:10:25,819: topic[/mavros/battery] adding connection to [http://localhost:40451/], count 0
[rospy.internal][INFO] 2026-07-02 21:10:26,016: topic[/rosout] adding connection to [/rosout], count 0
[rospy.internal][INFO] 2026-07-02 21:10:26,018: topic[/mavros/setpoint_raw/local] adding connection to [/mavros], count 0
[rospy.core][INFO] 2026-07-02 21:13:44,073: signal_shutdown [atexit]
[rospy.internal][INFO] 2026-07-02 21:13:44,078: topic[/rosout] removing connection to /rosout
[rospy.internal][INFO] 2026-07-02 21:13:44,078: topic[/mavros/setpoint_raw/local] removing connection to /mavros
[rospy.internal][INFO] 2026-07-02 21:13:44,080: topic[/mavros/local_position/velocity_local] removing connection to http://localhost:40451/
[rospy.internal][INFO] 2026-07-02 21:13:44,080: topic[/mavros/battery] removing connection to http://localhost:40451/
[rospy.impl.masterslave][INFO] 2026-07-02 21:13:44,081: atexit
[rospy.client][INFO] 2026-07-02 21:25:01,322: init_node, name[/horizontal_flight_logger2], pid[6090]
[xmlrpc][INFO] 2026-07-02 21:25:01,323: XML-RPC server binding to 127.0.0.1:0
[xmlrpc][INFO] 2026-07-02 21:25:01,323: Started XML-RPC server [http://localhost:38117/]
[rospy.impl.masterslave][INFO] 2026-07-02 21:25:01,323: _ready: http://localhost:38117/
[rospy.registration][INFO] 2026-07-02 21:25:01,323: Registering with master node http://localhost:11311
[xmlrpc][INFO] 2026-07-02 21:25:01,323: xml rpc node: starting XML-RPC server
[rospy.init][INFO] 2026-07-02 21:25:01,324: ROS Slave URI: [http://localhost:38117/]
[rospy.init][INFO] 2026-07-02 21:25:01,324: registered with master
[rospy.rosout][INFO] 2026-07-02 21:25:01,324: initializing /rosout core topic
[rospy.rosout][INFO] 2026-07-02 21:25:01,326: connected to core topic /rosout
[rospy.simtime][INFO] 2026-07-02 21:25:01,326: /use_sim_time is not set, will not subscribe to simulated time [/clock] topic
[rospy.internal][INFO] 2026-07-02 21:25:01,330: topic[/mavros/battery] adding connection to [http://localhost:36651/], count 0
[rospy.internal][INFO] 2026-07-02 21:25:01,331: topic[/mavros/local_position/velocity_local] adding connection to [http://localhost:36651/], count 0
[rospy.internal][INFO] 2026-07-02 21:25:01,441: topic[/mavros/setpoint_raw/local] adding connection to [/mavros], count 0
[rospy.internal][INFO] 2026-07-02 21:25:01,540: topic[/rosout] adding connection to [/rosout], count 0
[rospy.core][INFO] 2026-07-02 21:28:16,898: signal_shutdown [atexit]
[rospy.internal][INFO] 2026-07-02 21:28:16,903: topic[/rosout] removing connection to /rosout
[rospy.internal][INFO] 2026-07-02 21:28:16,903: topic[/mavros/setpoint_raw/local] removing connection to /mavros
[rospy.internal][INFO] 2026-07-02 21:28:16,904: topic[/mavros/local_position/velocity_local] removing connection to http://localhost:36651/
[rospy.internal][INFO] 2026-07-02 21:28:16,904: topic[/mavros/battery] removing connection to http://localhost:36651/
[rospy.impl.masterslave][INFO] 2026-07-02 21:28:16,904: atexit
[rospy.client][INFO] 2026-07-02 21:48:36,920: init_node, name[/horizontal_flight_logger2], pid[6868]
[xmlrpc][INFO] 2026-07-02 21:48:36,921: XML-RPC server binding to 127.0.0.1:0
[xmlrpc][INFO] 2026-07-02 21:48:36,921: Started XML-RPC server [http://localhost:45859/]
[rospy.init][INFO] 2026-07-02 21:48:36,922: ROS Slave URI: [http://localhost:45859/]
[rospy.impl.masterslave][INFO] 2026-07-02 21:48:36,922: _ready: http://localhost:45859/
[rospy.registration][INFO] 2026-07-02 21:48:36,922: Registering with master node http://localhost:11311
[xmlrpc][INFO] 2026-07-02 21:48:36,922: xml rpc node: starting XML-RPC server
[rospy.init][INFO] 2026-07-02 21:48:37,023: registered with master
[rospy.rosout][INFO] 2026-07-02 21:48:37,023: initializing /rosout core topic
[rospy.rosout][INFO] 2026-07-02 21:48:37,030: connected to core topic /rosout
[rospy.simtime][INFO] 2026-07-02 21:48:37,031: /use_sim_time is not set, will not subscribe to simulated time [/clock] topic
[rospy.internal][INFO] 2026-07-02 21:48:37,038: topic[/mavros/battery] adding connection to [http://localhost:34409/], count 0
[rospy.internal][INFO] 2026-07-02 21:48:37,040: topic[/mavros/local_position/velocity_local] adding connection to [http://localhost:34409/], count 0
[rospy.internal][INFO] 2026-07-02 21:48:37,264: topic[/mavros/setpoint_raw/local] adding connection to [/mavros], count 0
[rospy.internal][INFO] 2026-07-02 21:48:37,272: topic[/rosout] adding connection to [/rosout], count 0
[rospy.core][INFO] 2026-07-02 21:51:57,012: signal_shutdown [atexit]
[rospy.internal][INFO] 2026-07-02 21:51:57,018: topic[/rosout] removing connection to /rosout
[rospy.internal][INFO] 2026-07-02 21:51:57,018: topic[/mavros/setpoint_raw/local] removing connection to /mavros
[rospy.internal][INFO] 2026-07-02 21:51:57,018: topic[/mavros/local_position/velocity_local] removing connection to http://localhost:34409/
[rospy.internal][INFO] 2026-07-02 21:51:57,019: topic[/mavros/battery] removing connection to http://localhost:34409/
[rospy.impl.masterslave][INFO] 2026-07-02 21:51:57,020: atexit
[rospy.client][INFO] 2026-07-02 23:22:44,282: init_node, name[/horizontal_flight_logger2], pid[7545]
[xmlrpc][INFO] 2026-07-02 23:22:44,283: XML-RPC server binding to 127.0.0.1:0
[xmlrpc][INFO] 2026-07-02 23:22:44,283: Started XML-RPC server [http://localhost:39633/]
[rospy.impl.masterslave][INFO] 2026-07-02 23:22:44,283: _ready: http://localhost:39633/
[rospy.registration][INFO] 2026-07-02 23:22:44,283: Registering with master node http://localhost:11311
[rospy.init][INFO] 2026-07-02 23:22:44,284: ROS Slave URI: [http://localhost:39633/]
[xmlrpc][INFO] 2026-07-02 23:22:44,284: xml rpc node: starting XML-RPC server
[rospy.init][INFO] 2026-07-02 23:22:44,284: registered with master
[rospy.rosout][INFO] 2026-07-02 23:22:44,284: initializing /rosout core topic
[rospy.rosout][INFO] 2026-07-02 23:22:44,286: connected to core topic /rosout
[rospy.simtime][INFO] 2026-07-02 23:22:44,286: /use_sim_time is not set, will not subscribe to simulated time [/clock] topic
[rospy.internal][INFO] 2026-07-02 23:22:44,291: topic[/mavros/battery] adding connection to [http://localhost:45637/], count 0
[rospy.internal][INFO] 2026-07-02 23:22:44,291: topic[/mavros/local_position/velocity_local] adding connection to [http://localhost:45637/], count 0
[rospy.internal][INFO] 2026-07-02 23:22:44,408: topic[/mavros/setpoint_raw/local] adding connection to [/mavros], count 0
[rospy.internal][INFO] 2026-07-02 23:22:44,507: topic[/rosout] adding connection to [/rosout], count 0
[rospy.core][INFO] 2026-07-02 23:26:00,185: signal_shutdown [atexit]
[rospy.internal][INFO] 2026-07-02 23:26:00,191: topic[/rosout] removing connection to /rosout
[rospy.internal][INFO] 2026-07-02 23:26:00,191: topic[/mavros/setpoint_raw/local] removing connection to /mavros
[rospy.internal][INFO] 2026-07-02 23:26:00,191: topic[/mavros/local_position/velocity_local] removing connection to http://localhost:45637/
[rospy.internal][INFO] 2026-07-02 23:26:00,191: topic[/mavros/battery] removing connection to http://localhost:45637/
[rospy.impl.masterslave][INFO] 2026-07-02 23:26:00,192: atexit
[rospy.client][INFO] 2026-07-08 22:19:18,728: init_node, name[/horizontal_flight_logger2], pid[1969]
[xmlrpc][INFO] 2026-07-08 22:19:18,729: XML-RPC server binding to 127.0.0.1:0
[xmlrpc][INFO] 2026-07-08 22:19:18,729: Started XML-RPC server [http://localhost:38443/]
[rospy.impl.masterslave][INFO] 2026-07-08 22:19:18,729: _ready: http://localhost:38443/
[rospy.init][INFO] 2026-07-08 22:19:18,729: ROS Slave URI: [http://localhost:38443/]
[rospy.registration][INFO] 2026-07-08 22:19:18,730: Registering with master node http://localhost:11311
[xmlrpc][INFO] 2026-07-08 22:19:18,730: xml rpc node: starting XML-RPC server
[rospy.init][INFO] 2026-07-08 22:19:18,830: registered with master
[rospy.rosout][INFO] 2026-07-08 22:19:18,830: initializing /rosout core topic
[rospy.rosout][INFO] 2026-07-08 22:19:18,834: connected to core topic /rosout
[rospy.simtime][INFO] 2026-07-08 22:19:18,836: /use_sim_time is not set, will not subscribe to simulated time [/clock] topic
[rospy.internal][INFO] 2026-07-08 22:19:18,846: topic[/mavros/local_position/velocity_local] adding connection to [http://localhost:35541/], count 0
[rospy.internal][INFO] 2026-07-08 22:19:18,847: topic[/mavros/battery] adding connection to [http://localhost:35541/], count 0
[rospy.internal][INFO] 2026-07-08 22:19:19,028: topic[/mavros/setpoint_raw/local] adding connection to [/mavros], count 0
[rospy.internal][INFO] 2026-07-08 22:19:19,038: topic[/rosout] adding connection to [/rosout], count 0
[rospy.core][INFO] 2026-07-08 22:22:37,560: signal_shutdown [atexit]
[rospy.internal][INFO] 2026-07-08 22:22:37,565: topic[/rosout] removing connection to /rosout
[rospy.internal][INFO] 2026-07-08 22:22:37,565: topic[/mavros/setpoint_raw/local] removing connection to /mavros
[rospy.internal][INFO] 2026-07-08 22:22:37,566: topic[/mavros/local_position/velocity_local] removing connection to http://localhost:35541/
[rospy.internal][INFO] 2026-07-08 22:22:37,568: topic[/mavros/battery] removing connection to http://localhost:35541/
[rospy.impl.masterslave][INFO] 2026-07-08 22:22:37,568: atexit
[rospy.client][INFO] 2026-07-08 22:33:58,246: init_node, name[/horizontal_flight_logger2], pid[2529]
[xmlrpc][INFO] 2026-07-08 22:33:58,247: XML-RPC server binding to 127.0.0.1:0
[xmlrpc][INFO] 2026-07-08 22:33:58,247: Started XML-RPC server [http://localhost:33007/]
[rospy.impl.masterslave][INFO] 2026-07-08 22:33:58,247: _ready: http://localhost:33007/
[rospy.registration][INFO] 2026-07-08 22:33:58,248: Registering with master node http://localhost:11311
[xmlrpc][INFO] 2026-07-08 22:33:58,248: xml rpc node: starting XML-RPC server
[rospy.init][INFO] 2026-07-08 22:33:58,248: ROS Slave URI: [http://localhost:33007/]
[rospy.init][INFO] 2026-07-08 22:33:58,248: registered with master
[rospy.rosout][INFO] 2026-07-08 22:33:58,248: initializing /rosout core topic
[rospy.rosout][INFO] 2026-07-08 22:33:58,250: connected to core topic /rosout
[rospy.simtime][INFO] 2026-07-08 22:33:58,250: /use_sim_time is not set, will not subscribe to simulated time [/clock] topic
[rospy.internal][INFO] 2026-07-08 22:33:58,254: topic[/mavros/local_position/velocity_local] adding connection to [http://localhost:45139/], count 0
[rospy.internal][INFO] 2026-07-08 22:33:58,254: topic[/mavros/battery] adding connection to [http://localhost:45139/], count 0
[rospy.internal][INFO] 2026-07-08 22:33:58,540: topic[/rosout] adding connection to [/rosout], count 0
[rospy.internal][INFO] 2026-07-08 22:33:58,541: topic[/mavros/setpoint_raw/local] adding connection to [/mavros], count 0
[rospy.core][INFO] 2026-07-08 22:37:13,771: signal_shutdown [atexit]
[rospy.internal][INFO] 2026-07-08 22:37:13,774: topic[/rosout] removing connection to /rosout
[rospy.internal][INFO] 2026-07-08 22:37:13,775: topic[/mavros/setpoint_raw/local] removing connection to /mavros
[rospy.internal][INFO] 2026-07-08 22:37:13,775: topic[/mavros/local_position/velocity_local] removing connection to http://localhost:45139/
[rospy.internal][INFO] 2026-07-08 22:37:13,775: topic[/mavros/battery] removing connection to http://localhost:45139/
[rospy.impl.masterslave][INFO] 2026-07-08 22:37:13,775: atexit
