[rospy.client][INFO] 2026-04-07 03:59:53,867: init_node, name[/uav_experiment_final], pid[1773]
[xmlrpc][INFO] 2026-04-07 03:59:53,867: XML-RPC server binding to 127.0.0.1:0
[xmlrpc][INFO] 2026-04-07 03:59:53,868: Started XML-RPC server [http://localhost:46689/]
[rospy.impl.masterslave][INFO] 2026-04-07 03:59:53,868: _ready: http://localhost:46689/
[rospy.init][INFO] 2026-04-07 03:59:53,868: ROS Slave URI: [http://localhost:46689/]
[rospy.registration][INFO] 2026-04-07 03:59:53,868: Registering with master node http://localhost:11311
[xmlrpc][INFO] 2026-04-07 03:59:53,868: xml rpc node: starting XML-RPC server
[rospy.init][INFO] 2026-04-07 03:59:53,968: registered with master
[rospy.rosout][INFO] 2026-04-07 03:59:53,969: initializing /rosout core topic
[rospy.rosout][INFO] 2026-04-07 03:59:53,976: connected to core topic /rosout
[rospy.simtime][INFO] 2026-04-07 03:59:53,977: /use_sim_time is not set, will not subscribe to simulated time [/clock] topic
[rospy.internal][INFO] 2026-04-07 03:59:53,987: topic[/mavros/battery] adding connection to [http://localhost:46137/], count 0
[rospy.internal][INFO] 2026-04-07 03:59:53,988: topic[/mavros/local_position/velocity_local] adding connection to [http://localhost:46137/], count 0
[rospy.internal][INFO] 2026-04-07 03:59:54,250: topic[/rosout] adding connection to [/rosout], count 0
[rospy.internal][INFO] 2026-04-07 03:59:54,252: topic[/mavros/setpoint_velocity/cmd_vel] adding connection to [/mavros], count 0
[rospy.internal][INFO] 2026-04-07 03:59:54,253: topic[/mavros/setpoint_position/local] adding connection to [/mavros], count 0
[rospy.core][INFO] 2026-04-07 04:06:01,165: signal_shutdown [atexit]
[rospy.internal][INFO] 2026-04-07 04:06:01,170: topic[/rosout] removing connection to /rosout
[rospy.internal][INFO] 2026-04-07 04:06:01,170: topic[/mavros/setpoint_velocity/cmd_vel] removing connection to /mavros
[rospy.internal][INFO] 2026-04-07 04:06:01,170: topic[/mavros/setpoint_position/local] removing connection to /mavros
[rospy.internal][INFO] 2026-04-07 04:06:01,170: topic[/mavros/battery] removing connection to http://localhost:46137/
[rospy.internal][INFO] 2026-04-07 04:06:01,171: topic[/mavros/local_position/velocity_local] removing connection to http://localhost:46137/
[rospy.internal][INFO] 2026-04-07 04:06:01,172: topic[/mavros/local_position/velocity_local] removing connection to http://localhost:46137/
[rospy.impl.masterslave][INFO] 2026-04-07 04:06:01,172: atexit
