[rospy.client][INFO] 2026-06-18 16:38:23,259: init_node, name[/vertical_ascent_logger], pid[6604]
[xmlrpc][INFO] 2026-06-18 16:38:23,260: XML-RPC server binding to 127.0.0.1:0
[xmlrpc][INFO] 2026-06-18 16:38:23,260: Started XML-RPC server [http://localhost:37103/]
[rospy.init][INFO] 2026-06-18 16:38:23,260: ROS Slave URI: [http://localhost:37103/]
[rospy.impl.masterslave][INFO] 2026-06-18 16:38:23,260: _ready: http://localhost:37103/
[rospy.registration][INFO] 2026-06-18 16:38:23,260: Registering with master node http://localhost:11311
[xmlrpc][INFO] 2026-06-18 16:38:23,261: xml rpc node: starting XML-RPC server
[rospy.init][INFO] 2026-06-18 16:38:23,360: registered with master
[rospy.rosout][INFO] 2026-06-18 16:38:23,361: initializing /rosout core topic
[rospy.rosout][INFO] 2026-06-18 16:38:23,365: connected to core topic /rosout
[rospy.simtime][INFO] 2026-06-18 16:38:23,366: /use_sim_time is not set, will not subscribe to simulated time [/clock] topic
[rospy.internal][INFO] 2026-06-18 16:38:23,372: topic[/mavros/local_position/velocity_body] adding connection to [http://localhost:45045/], count 0
[rospy.internal][INFO] 2026-06-18 16:38:23,374: topic[/mavros/battery] adding connection to [http://localhost:45045/], count 0
[rospy.internal][INFO] 2026-06-18 16:38:23,572: topic[/rosout] adding connection to [/rosout], count 0
[rospy.internal][INFO] 2026-06-18 16:38:23,576: topic[/mavros/setpoint_raw/local] adding connection to [/mavros], count 0
[rospy.core][INFO] 2026-06-18 16:40:19,097: signal_shutdown [atexit]
[rospy.internal][INFO] 2026-06-18 16:40:19,102: topic[/rosout] removing connection to /rosout
[rospy.internal][INFO] 2026-06-18 16:40:19,103: topic[/mavros/setpoint_raw/local] removing connection to /mavros
[rospy.internal][INFO] 2026-06-18 16:40:19,103: topic[/mavros/local_position/velocity_body] removing connection to http://localhost:45045/
[rospy.internal][INFO] 2026-06-18 16:40:19,105: topic[/mavros/battery] removing connection to http://localhost:45045/
[rospy.impl.masterslave][INFO] 2026-06-18 16:40:19,105: atexit
[rospy.client][INFO] 2026-06-19 15:47:53,795: init_node, name[/vertical_ascent_logger], pid[7977]
[xmlrpc][INFO] 2026-06-19 15:47:53,796: XML-RPC server binding to 127.0.0.1:0
[xmlrpc][INFO] 2026-06-19 15:47:53,798: Started XML-RPC server [http://localhost:46013/]
[rospy.impl.masterslave][INFO] 2026-06-19 15:47:53,798: _ready: http://localhost:46013/
[rospy.init][INFO] 2026-06-19 15:47:53,798: ROS Slave URI: [http://localhost:46013/]
[rospy.registration][INFO] 2026-06-19 15:47:53,800: Registering with master node http://localhost:11311
[xmlrpc][INFO] 2026-06-19 15:47:53,800: xml rpc node: starting XML-RPC server
[rospy.init][INFO] 2026-06-19 15:47:53,899: registered with master
[rospy.rosout][INFO] 2026-06-19 15:47:53,899: initializing /rosout core topic
[rospy.rosout][INFO] 2026-06-19 15:47:53,905: connected to core topic /rosout
[rospy.simtime][INFO] 2026-06-19 15:47:53,907: /use_sim_time is not set, will not subscribe to simulated time [/clock] topic
[rospy.internal][INFO] 2026-06-19 15:47:53,920: topic[/mavros/battery] adding connection to [http://localhost:38055/], count 0
[rospy.internal][INFO] 2026-06-19 15:47:53,923: topic[/mavros/local_position/velocity_body] adding connection to [http://localhost:38055/], count 0
[rospy.internal][INFO] 2026-06-19 15:47:54,045: topic[/mavros/setpoint_raw/local] adding connection to [/mavros], count 0
[rospy.internal][INFO] 2026-06-19 15:47:54,146: topic[/rosout] adding connection to [/rosout], count 0
[rospy.core][INFO] 2026-06-19 15:50:44,935: signal_shutdown [atexit]
[rospy.internal][INFO] 2026-06-19 15:50:44,942: topic[/rosout] removing connection to /rosout
[rospy.internal][INFO] 2026-06-19 15:50:44,942: topic[/mavros/setpoint_raw/local] removing connection to /mavros
[rospy.internal][INFO] 2026-06-19 15:50:44,942: topic[/mavros/local_position/velocity_body] removing connection to http://localhost:38055/
[rospy.internal][INFO] 2026-06-19 15:50:44,943: topic[/mavros/battery] removing connection to http://localhost:38055/
[rospy.impl.masterslave][INFO] 2026-06-19 15:50:44,945: atexit
[rospy.client][INFO] 2026-06-20 22:58:49,787: init_node, name[/vertical_ascent_logger], pid[1610]
[xmlrpc][INFO] 2026-06-20 22:58:49,788: XML-RPC server binding to 127.0.0.1:0
[xmlrpc][INFO] 2026-06-20 22:58:49,788: Started XML-RPC server [http://localhost:36635/]
[rospy.init][INFO] 2026-06-20 22:58:49,788: ROS Slave URI: [http://localhost:36635/]
[rospy.impl.masterslave][INFO] 2026-06-20 22:58:49,788: _ready: http://localhost:36635/
[rospy.registration][INFO] 2026-06-20 22:58:49,789: Registering with master node http://localhost:11311
[xmlrpc][INFO] 2026-06-20 22:58:49,789: xml rpc node: starting XML-RPC server
[rospy.init][INFO] 2026-06-20 22:58:49,889: registered with master
[rospy.rosout][INFO] 2026-06-20 22:58:49,889: initializing /rosout core topic
[rospy.rosout][INFO] 2026-06-20 22:58:49,893: connected to core topic /rosout
[rospy.simtime][INFO] 2026-06-20 22:58:49,894: /use_sim_time is not set, will not subscribe to simulated time [/clock] topic
[rospy.internal][INFO] 2026-06-20 22:58:49,903: topic[/mavros/local_position/velocity_body] adding connection to [http://localhost:33089/], count 0
[rospy.internal][INFO] 2026-06-20 22:58:49,910: topic[/mavros/local_position/pose] adding connection to [http://localhost:33089/], count 0
[rospy.internal][INFO] 2026-06-20 22:58:49,910: topic[/mavros/battery] adding connection to [http://localhost:33089/], count 0
[rospy.internal][INFO] 2026-06-20 22:58:50,023: topic[/mavros/setpoint_raw/local] adding connection to [/mavros], count 0
[rospy.internal][INFO] 2026-06-20 22:58:50,123: topic[/rosout] adding connection to [/rosout], count 0
[rospy.core][INFO] 2026-06-20 23:00:37,822: signal_shutdown [atexit]
[rospy.internal][INFO] 2026-06-20 23:00:37,828: topic[/rosout] removing connection to /rosout
[rospy.internal][INFO] 2026-06-20 23:00:37,829: topic[/mavros/setpoint_raw/local] removing connection to /mavros
[rospy.internal][INFO] 2026-06-20 23:00:37,829: topic[/mavros/local_position/velocity_body] removing connection to http://localhost:33089/
[rospy.internal][INFO] 2026-06-20 23:00:37,830: topic[/mavros/battery] removing connection to http://localhost:33089/
[rospy.internal][INFO] 2026-06-20 23:00:37,831: topic[/mavros/local_position/pose] removing connection to http://localhost:33089/
[rospy.impl.masterslave][INFO] 2026-06-20 23:00:37,833: atexit
[rospy.client][INFO] 2026-06-20 23:25:58,097: init_node, name[/vertical_ascent_logger], pid[2605]
[xmlrpc][INFO] 2026-06-20 23:25:58,097: XML-RPC server binding to 127.0.0.1:0
[xmlrpc][INFO] 2026-06-20 23:25:58,098: Started XML-RPC server [http://localhost:33953/]
[rospy.impl.masterslave][INFO] 2026-06-20 23:25:58,098: _ready: http://localhost:33953/
[rospy.registration][INFO] 2026-06-20 23:25:58,098: Registering with master node http://localhost:11311
[rospy.init][INFO] 2026-06-20 23:25:58,099: ROS Slave URI: [http://localhost:33953/]
[rospy.init][INFO] 2026-06-20 23:25:58,099: registered with master
[rospy.rosout][INFO] 2026-06-20 23:25:58,099: initializing /rosout core topic
[xmlrpc][INFO] 2026-06-20 23:25:58,100: xml rpc node: starting XML-RPC server
[rospy.rosout][INFO] 2026-06-20 23:25:58,103: connected to core topic /rosout
[rospy.simtime][INFO] 2026-06-20 23:25:58,104: /use_sim_time is not set, will not subscribe to simulated time [/clock] topic
[rospy.internal][INFO] 2026-06-20 23:25:58,110: topic[/mavros/local_position/velocity_body] adding connection to [http://localhost:43753/], count 0
[rospy.internal][INFO] 2026-06-20 23:25:58,111: topic[/mavros/battery] adding connection to [http://localhost:43753/], count 0
[rospy.internal][INFO] 2026-06-20 23:25:58,382: topic[/mavros/setpoint_raw/local] adding connection to [/mavros], count 0
[rospy.internal][INFO] 2026-06-20 23:25:58,384: topic[/rosout] adding connection to [/rosout], count 0
[rospy.core][INFO] 2026-06-20 23:28:50,534: signal_shutdown [atexit]
[rospy.internal][INFO] 2026-06-20 23:28:50,539: topic[/rosout] removing connection to /rosout
[rospy.internal][INFO] 2026-06-20 23:28:50,539: topic[/mavros/setpoint_raw/local] removing connection to /mavros
[rospy.internal][INFO] 2026-06-20 23:28:50,540: topic[/mavros/local_position/velocity_body] removing connection to http://localhost:43753/
[rospy.internal][INFO] 2026-06-20 23:28:50,541: topic[/mavros/battery] removing connection to http://localhost:43753/
[rospy.impl.masterslave][INFO] 2026-06-20 23:28:50,542: atexit
