[rospy.client][INFO] 2026-06-20 23:13:08,822: init_node, name[/vertical_ascent_logger1], pid[2135]
[xmlrpc][INFO] 2026-06-20 23:13:08,822: XML-RPC server binding to 127.0.0.1:0
[xmlrpc][INFO] 2026-06-20 23:13:08,822: Started XML-RPC server [http://localhost:36141/]
[rospy.impl.masterslave][INFO] 2026-06-20 23:13:08,822: _ready: http://localhost:36141/
[rospy.init][INFO] 2026-06-20 23:13:08,822: ROS Slave URI: [http://localhost:36141/]
[rospy.registration][INFO] 2026-06-20 23:13:08,823: Registering with master node http://localhost:11311
[xmlrpc][INFO] 2026-06-20 23:13:08,823: xml rpc node: starting XML-RPC server
[rospy.init][INFO] 2026-06-20 23:13:08,923: registered with master
[rospy.rosout][INFO] 2026-06-20 23:13:08,924: initializing /rosout core topic
[rospy.rosout][INFO] 2026-06-20 23:13:08,927: connected to core topic /rosout
[rospy.simtime][INFO] 2026-06-20 23:13:08,929: /use_sim_time is not set, will not subscribe to simulated time [/clock] topic
[rospy.internal][INFO] 2026-06-20 23:13:08,941: topic[/mavros/local_position/velocity_body] adding connection to [http://localhost:43267/], count 0
[rospy.internal][INFO] 2026-06-20 23:13:08,943: topic[/mavros/local_position/pose] adding connection to [http://localhost:43267/], count 0
[rospy.internal][INFO] 2026-06-20 23:13:08,946: topic[/mavros/battery] adding connection to [http://localhost:43267/], count 0
[rospy.internal][INFO] 2026-06-20 23:13:09,139: topic[/rosout] adding connection to [/rosout], count 0
[rospy.internal][INFO] 2026-06-20 23:13:09,148: topic[/mavros/setpoint_raw/local] adding connection to [/mavros], count 0
[rospy.core][INFO] 2026-06-20 23:14:43,388: signal_shutdown [atexit]
[rospy.internal][INFO] 2026-06-20 23:14:43,393: topic[/rosout] removing connection to /rosout
[rospy.internal][INFO] 2026-06-20 23:14:43,393: topic[/mavros/setpoint_raw/local] removing connection to /mavros
[rospy.internal][INFO] 2026-06-20 23:14:43,393: topic[/mavros/local_position/velocity_body] removing connection to http://localhost:43267/
[rospy.internal][INFO] 2026-06-20 23:14:43,394: topic[/mavros/battery] removing connection to http://localhost:43267/
[rospy.internal][INFO] 2026-06-20 23:14:43,396: topic[/mavros/local_position/pose] removing connection to http://localhost:43267/
[rospy.impl.masterslave][INFO] 2026-06-20 23:14:43,396: atexit
[rospy.client][INFO] 2026-06-20 23:39:15,167: init_node, name[/vertical_ascent_logger1], pid[3091]
[xmlrpc][INFO] 2026-06-20 23:39:15,168: XML-RPC server binding to 127.0.0.1:0
[xmlrpc][INFO] 2026-06-20 23:39:15,168: Started XML-RPC server [http://localhost:45267/]
[rospy.impl.masterslave][INFO] 2026-06-20 23:39:15,169: _ready: http://localhost:45267/
[rospy.registration][INFO] 2026-06-20 23:39:15,169: Registering with master node http://localhost:11311
[xmlrpc][INFO] 2026-06-20 23:39:15,169: xml rpc node: starting XML-RPC server
[rospy.init][INFO] 2026-06-20 23:39:15,169: ROS Slave URI: [http://localhost:45267/]
[rospy.init][INFO] 2026-06-20 23:39:15,170: registered with master
[rospy.rosout][INFO] 2026-06-20 23:39:15,170: initializing /rosout core topic
[rospy.rosout][INFO] 2026-06-20 23:39:15,172: connected to core topic /rosout
[rospy.simtime][INFO] 2026-06-20 23:39:15,173: /use_sim_time is not set, will not subscribe to simulated time [/clock] topic
[rospy.internal][INFO] 2026-06-20 23:39:15,182: topic[/mavros/local_position/velocity_body] adding connection to [http://localhost:35891/], count 0
[rospy.internal][INFO] 2026-06-20 23:39:15,183: topic[/mavros/battery] adding connection to [http://localhost:35891/], count 0
[rospy.internal][INFO] 2026-06-20 23:39:15,184: topic[/mavros/local_position/pose] adding connection to [http://localhost:35891/], count 0
[rospy.internal][INFO] 2026-06-20 23:39:15,385: topic[/rosout] adding connection to [/rosout], count 0
[rospy.internal][INFO] 2026-06-20 23:39:15,387: topic[/mavros/setpoint_raw/local] adding connection to [/mavros], count 0
[rospy.core][INFO] 2026-06-20 23:40:53,660: signal_shutdown [atexit]
[rospy.internal][INFO] 2026-06-20 23:40:53,665: topic[/rosout] removing connection to /rosout
[rospy.internal][INFO] 2026-06-20 23:40:53,666: topic[/mavros/setpoint_raw/local] removing connection to /mavros
[rospy.internal][INFO] 2026-06-20 23:40:53,667: topic[/mavros/local_position/velocity_body] removing connection to http://localhost:35891/
[rospy.internal][INFO] 2026-06-20 23:40:53,667: topic[/mavros/battery] removing connection to http://localhost:35891/
[rospy.internal][INFO] 2026-06-20 23:40:53,668: topic[/mavros/local_position/pose] removing connection to http://localhost:35891/
[rospy.impl.masterslave][INFO] 2026-06-20 23:40:53,671: atexit
[rospy.client][INFO] 2026-06-20 23:49:16,615: init_node, name[/vertical_ascent_logger1], pid[3535]
[xmlrpc][INFO] 2026-06-20 23:49:16,615: XML-RPC server binding to 127.0.0.1:0
[xmlrpc][INFO] 2026-06-20 23:49:16,616: Started XML-RPC server [http://localhost:33507/]
[rospy.impl.masterslave][INFO] 2026-06-20 23:49:16,616: _ready: http://localhost:33507/
[rospy.init][INFO] 2026-06-20 23:49:16,616: ROS Slave URI: [http://localhost:33507/]
[rospy.registration][INFO] 2026-06-20 23:49:16,616: Registering with master node http://localhost:11311
[xmlrpc][INFO] 2026-06-20 23:49:16,617: xml rpc node: starting XML-RPC server
[rospy.init][INFO] 2026-06-20 23:49:16,719: registered with master
[rospy.rosout][INFO] 2026-06-20 23:49:16,719: initializing /rosout core topic
[rospy.rosout][INFO] 2026-06-20 23:49:16,724: connected to core topic /rosout
[rospy.simtime][INFO] 2026-06-20 23:49:16,725: /use_sim_time is not set, will not subscribe to simulated time [/clock] topic
[rospy.internal][INFO] 2026-06-20 23:49:16,739: topic[/mavros/local_position/velocity_body] adding connection to [http://localhost:45297/], count 0
[rospy.internal][INFO] 2026-06-20 23:49:16,740: topic[/mavros/local_position/pose] adding connection to [http://localhost:45297/], count 0
[rospy.internal][INFO] 2026-06-20 23:49:16,744: topic[/mavros/battery] adding connection to [http://localhost:45297/], count 0
[rospy.internal][INFO] 2026-06-20 23:49:16,875: topic[/mavros/setpoint_raw/local] adding connection to [/mavros], count 0
[rospy.internal][INFO] 2026-06-20 23:49:16,975: topic[/rosout] adding connection to [/rosout], count 0
[rospy.core][INFO] 2026-06-20 23:50:51,169: signal_shutdown [atexit]
[rospy.internal][INFO] 2026-06-20 23:50:51,172: topic[/rosout] removing connection to /rosout
[rospy.internal][INFO] 2026-06-20 23:50:51,172: topic[/mavros/setpoint_raw/local] removing connection to /mavros
[rospy.internal][INFO] 2026-06-20 23:50:51,173: topic[/mavros/local_position/velocity_body] removing connection to http://localhost:45297/
[rospy.internal][INFO] 2026-06-20 23:50:51,173: topic[/mavros/battery] removing connection to http://localhost:45297/
[rospy.internal][INFO] 2026-06-20 23:50:51,174: topic[/mavros/local_position/pose] removing connection to http://localhost:45297/
[rospy.impl.masterslave][INFO] 2026-06-20 23:50:51,174: atexit
[rospy.client][INFO] 2026-06-20 23:59:08,358: init_node, name[/vertical_ascent_logger1], pid[3969]
[xmlrpc][INFO] 2026-06-20 23:59:08,359: XML-RPC server binding to 127.0.0.1:0
[xmlrpc][INFO] 2026-06-20 23:59:08,359: Started XML-RPC server [http://localhost:44843/]
[rospy.impl.masterslave][INFO] 2026-06-20 23:59:08,359: _ready: http://localhost:44843/
[rospy.registration][INFO] 2026-06-20 23:59:08,360: Registering with master node http://localhost:11311
[xmlrpc][INFO] 2026-06-20 23:59:08,360: xml rpc node: starting XML-RPC server
[rospy.init][INFO] 2026-06-20 23:59:08,360: ROS Slave URI: [http://localhost:44843/]
[rospy.init][INFO] 2026-06-20 23:59:08,360: registered with master
[rospy.rosout][INFO] 2026-06-20 23:59:08,360: initializing /rosout core topic
[rospy.rosout][INFO] 2026-06-20 23:59:08,363: connected to core topic /rosout
[rospy.simtime][INFO] 2026-06-20 23:59:08,364: /use_sim_time is not set, will not subscribe to simulated time [/clock] topic
[rospy.internal][INFO] 2026-06-20 23:59:08,373: topic[/mavros/local_position/velocity_body] adding connection to [http://localhost:40543/], count 0
[rospy.internal][INFO] 2026-06-20 23:59:08,377: topic[/mavros/battery] adding connection to [http://localhost:40543/], count 0
[rospy.internal][INFO] 2026-06-20 23:59:08,382: topic[/mavros/local_position/pose] adding connection to [http://localhost:40543/], count 0
[rospy.internal][INFO] 2026-06-20 23:59:08,548: topic[/mavros/setpoint_raw/local] adding connection to [/mavros], count 0
[rospy.internal][INFO] 2026-06-20 23:59:08,646: topic[/rosout] adding connection to [/rosout], count 0
[rospy.core][INFO] 2026-06-21 00:01:47,453: signal_shutdown [signal-2]
[rospy.internal][INFO] 2026-06-21 00:01:47,460: topic[/rosout] removing connection to /rosout
[rospy.internal][INFO] 2026-06-21 00:01:47,460: topic[/mavros/setpoint_raw/local] removing connection to /mavros
[rospy.internal][INFO] 2026-06-21 00:01:47,461: topic[/mavros/local_position/velocity_body] removing connection to http://localhost:40543/
[rospy.internal][INFO] 2026-06-21 00:01:47,461: topic[/mavros/battery] removing connection to http://localhost:40543/
[rospy.internal][INFO] 2026-06-21 00:01:47,463: topic[/mavros/local_position/pose] removing connection to http://localhost:40543/
[rospy.impl.masterslave][INFO] 2026-06-21 00:01:47,465: signal-2
[rospy.client][INFO] 2026-06-21 00:56:12,175: init_node, name[/vertical_ascent_logger1], pid[1933]
[xmlrpc][INFO] 2026-06-21 00:56:12,175: XML-RPC server binding to 127.0.0.1:0
[xmlrpc][INFO] 2026-06-21 00:56:12,175: Started XML-RPC server [http://localhost:42889/]
[rospy.impl.masterslave][INFO] 2026-06-21 00:56:12,175: _ready: http://localhost:42889/
[rospy.init][INFO] 2026-06-21 00:56:12,176: ROS Slave URI: [http://localhost:42889/]
[rospy.registration][INFO] 2026-06-21 00:56:12,176: Registering with master node http://localhost:11311
[xmlrpc][INFO] 2026-06-21 00:56:12,177: xml rpc node: starting XML-RPC server
[rospy.init][INFO] 2026-06-21 00:56:12,277: registered with master
[rospy.rosout][INFO] 2026-06-21 00:56:12,277: initializing /rosout core topic
[rospy.rosout][INFO] 2026-06-21 00:56:12,282: connected to core topic /rosout
[rospy.simtime][INFO] 2026-06-21 00:56:12,283: /use_sim_time is not set, will not subscribe to simulated time [/clock] topic
[rospy.internal][INFO] 2026-06-21 00:56:12,287: topic[/mavros/local_position/velocity_body] adding connection to [http://localhost:36333/], count 0
[rospy.internal][INFO] 2026-06-21 00:56:12,290: topic[/mavros/local_position/pose] adding connection to [http://localhost:36333/], count 0
[rospy.internal][INFO] 2026-06-21 00:56:12,291: topic[/mavros/battery] adding connection to [http://localhost:36333/], count 0
[rospy.internal][INFO] 2026-06-21 00:56:12,451: topic[/mavros/setpoint_raw/local] adding connection to [/mavros], count 0
[rospy.internal][INFO] 2026-06-21 00:56:12,551: topic[/rosout] adding connection to [/rosout], count 0
[rospy.core][INFO] 2026-06-21 00:57:42,071: signal_shutdown [atexit]
[rospy.internal][INFO] 2026-06-21 00:57:42,073: topic[/rosout] removing connection to /rosout
[rospy.internal][INFO] 2026-06-21 00:57:42,074: topic[/mavros/setpoint_raw/local] removing connection to /mavros
[rospy.internal][INFO] 2026-06-21 00:57:42,074: topic[/mavros/local_position/velocity_body] removing connection to http://localhost:36333/
[rospy.internal][INFO] 2026-06-21 00:57:42,074: topic[/mavros/battery] removing connection to http://localhost:36333/
[rospy.internal][INFO] 2026-06-21 00:57:42,076: topic[/mavros/local_position/pose] removing connection to http://localhost:36333/
[rospy.internal][INFO] 2026-06-21 00:57:42,076: topic[/mavros/local_position/pose] removing connection to http://localhost:36333/
[rospy.impl.masterslave][INFO] 2026-06-21 00:57:42,076: atexit
