[rosmaster.main][INFO] 2026-06-24 03:51:17,374: initialization complete, waiting for shutdown
[rosmaster.main][INFO] 2026-06-24 03:51:17,374: Starting ROS Master Node
[xmlrpc][INFO] 2026-06-24 03:51:17,375: XML-RPC server binding to 127.0.0.1:11311
[xmlrpc][INFO] 2026-06-24 03:51:17,375: Started XML-RPC server [http://localhost:11311/]
[xmlrpc][INFO] 2026-06-24 03:51:17,375: xml rpc node: starting XML-RPC server
[rosmaster.master][INFO] 2026-06-24 03:51:17,375: Master initialized: port[11311], uri[http://localhost:11311/]
[rosmaster.master][INFO] 2026-06-24 03:51:17,446: +PARAM [/run_id] by /roslaunch
[rosmaster.master][INFO] 2026-06-24 03:51:17,447: +PARAM [/roslaunch/uris/host_localhost__46103] by /roslaunch
[rosmaster.master][INFO] 2026-06-24 03:51:17,469: +PARAM [/rosversion] by /roslaunch
[rosmaster.master][INFO] 2026-06-24 03:51:17,469: +PARAM [/rosdistro] by /roslaunch
[rosmaster.master][INFO] 2026-06-24 03:51:17,472: +SERVICE [/rosout/get_loggers] /rosout http://localhost:45415/
[rosmaster.master][INFO] 2026-06-24 03:51:17,472: +SERVICE [/rosout/set_logger_level] /rosout http://localhost:45415/
[rosmaster.master][INFO] 2026-06-24 03:51:17,473: +PUB [/rosout_agg] /rosout http://localhost:45415/
[rosmaster.master][INFO] 2026-06-24 03:51:17,474: +SUB [/rosout] /rosout http://localhost:45415/
[rosmaster.master][INFO] 2026-06-24 03:51:25,685: +PARAM [/roslaunch/uris/host_localhost__38347] by /roslaunch
[rosmaster.master][INFO] 2026-06-24 03:51:25,691: +PARAM [/rosversion] by /roslaunch
[rosmaster.master][INFO] 2026-06-24 03:51:25,691: +PARAM [/rosdistro] by /roslaunch
[rosmaster.master][INFO] 2026-06-24 03:51:25,691: +PARAM [/mavros/plugin_blacklist] by /roslaunch
[rosmaster.master][INFO] 2026-06-24 03:51:25,691: +PARAM [/mavros/plugin_whitelist] by /roslaunch
[rosmaster.master][INFO] 2026-06-24 03:51:25,691: +PARAM [/mavros/startup_px4_usb_quirk] by /roslaunch
[rosmaster.master][INFO] 2026-06-24 03:51:25,691: +PARAM [/mavros/conn/heartbeat_rate] by /roslaunch
[rosmaster.master][INFO] 2026-06-24 03:51:25,691: +PARAM [/mavros/conn/heartbeat_mav_type] by /roslaunch
[rosmaster.master][INFO] 2026-06-24 03:51:25,691: +PARAM [/mavros/conn/timeout] by /roslaunch
[rosmaster.master][INFO] 2026-06-24 03:51:25,691: +PARAM [/mavros/conn/timesync_rate] by /roslaunch
[rosmaster.master][INFO] 2026-06-24 03:51:25,691: +PARAM [/mavros/conn/system_time_rate] by /roslaunch
[rosmaster.master][INFO] 2026-06-24 03:51:25,691: +PARAM [/mavros/sys/min_voltage] by /roslaunch
[rosmaster.master][INFO] 2026-06-24 03:51:25,691: +PARAM [/mavros/sys/disable_diag] by /roslaunch
[rosmaster.master][INFO] 2026-06-24 03:51:25,691: +PARAM [/mavros/time/time_ref_source] by /roslaunch
[rosmaster.master][INFO] 2026-06-24 03:51:25,691: +PARAM [/mavros/time/timesync_mode] by /roslaunch
[rosmaster.master][INFO] 2026-06-24 03:51:25,692: +PARAM [/mavros/time/timesync_avg_alpha] by /roslaunch
[rosmaster.master][INFO] 2026-06-24 03:51:25,692: +PARAM [/mavros/tdr_radio/low_rssi] by /roslaunch
[rosmaster.master][INFO] 2026-06-24 03:51:25,692: +PARAM [/mavros/cmd/use_comp_id_system_control] by /roslaunch
[rosmaster.master][INFO] 2026-06-24 03:51:25,692: +PARAM [/mavros/global_position/frame_id] by /roslaunch
[rosmaster.master][INFO] 2026-06-24 03:51:25,692: +PARAM [/mavros/global_position/child_frame_id] by /roslaunch
[rosmaster.master][INFO] 2026-06-24 03:51:25,692: +PARAM [/mavros/global_position/rot_covariance] by /roslaunch
[rosmaster.master][INFO] 2026-06-24 03:51:25,692: +PARAM [/mavros/global_position/gps_uere] by /roslaunch
[rosmaster.master][INFO] 2026-06-24 03:51:25,692: +PARAM [/mavros/global_position/use_relative_alt] by /roslaunch
[rosmaster.master][INFO] 2026-06-24 03:51:25,692: +PARAM [/mavros/global_position/tf/send] by /roslaunch
[rosmaster.master][INFO] 2026-06-24 03:51:25,692: +PARAM [/mavros/global_position/tf/frame_id] by /roslaunch
[rosmaster.master][INFO] 2026-06-24 03:51:25,692: +PARAM [/mavros/global_position/tf/global_frame_id] by /roslaunch
[rosmaster.master][INFO] 2026-06-24 03:51:25,692: +PARAM [/mavros/global_position/tf/child_frame_id] by /roslaunch
[rosmaster.master][INFO] 2026-06-24 03:51:25,692: +PARAM [/mavros/imu/frame_id] by /roslaunch
[rosmaster.master][INFO] 2026-06-24 03:51:25,692: +PARAM [/mavros/imu/linear_acceleration_stdev] by /roslaunch
[rosmaster.master][INFO] 2026-06-24 03:51:25,692: +PARAM [/mavros/imu/angular_velocity_stdev] by /roslaunch
[rosmaster.master][INFO] 2026-06-24 03:51:25,692: +PARAM [/mavros/imu/orientation_stdev] by /roslaunch
[rosmaster.master][INFO] 2026-06-24 03:51:25,692: +PARAM [/mavros/imu/magnetic_stdev] by /roslaunch
[rosmaster.master][INFO] 2026-06-24 03:51:25,692: +PARAM [/mavros/local_position/frame_id] by /roslaunch
[rosmaster.master][INFO] 2026-06-24 03:51:25,692: +PARAM [/mavros/local_position/tf/send] by /roslaunch
[rosmaster.master][INFO] 2026-06-24 03:51:25,692: +PARAM [/mavros/local_position/tf/frame_id] by /roslaunch
[rosmaster.master][INFO] 2026-06-24 03:51:25,692: +PARAM [/mavros/local_position/tf/child_frame_id] by /roslaunch
[rosmaster.master][INFO] 2026-06-24 03:51:25,692: +PARAM [/mavros/local_position/tf/send_fcu] by /roslaunch
[rosmaster.master][INFO] 2026-06-24 03:51:25,692: +PARAM [/mavros/safety_area/p1/x] by /roslaunch
[rosmaster.master][INFO] 2026-06-24 03:51:25,693: +PARAM [/mavros/safety_area/p1/y] by /roslaunch
[rosmaster.master][INFO] 2026-06-24 03:51:25,693: +PARAM [/mavros/safety_area/p1/z] by /roslaunch
[rosmaster.master][INFO] 2026-06-24 03:51:25,693: +PARAM [/mavros/safety_area/p2/x] by /roslaunch
[rosmaster.master][INFO] 2026-06-24 03:51:25,693: +PARAM [/mavros/safety_area/p2/y] by /roslaunch
[rosmaster.master][INFO] 2026-06-24 03:51:25,693: +PARAM [/mavros/safety_area/p2/z] by /roslaunch
[rosmaster.master][INFO] 2026-06-24 03:51:25,693: +PARAM [/mavros/setpoint_accel/send_force] by /roslaunch
[rosmaster.master][INFO] 2026-06-24 03:51:25,693: +PARAM [/mavros/setpoint_attitude/reverse_thrust] by /roslaunch
[rosmaster.master][INFO] 2026-06-24 03:51:25,693: +PARAM [/mavros/setpoint_attitude/use_quaternion] by /roslaunch
[rosmaster.master][INFO] 2026-06-24 03:51:25,693: +PARAM [/mavros/setpoint_attitude/tf/listen] by /roslaunch
[rosmaster.master][INFO] 2026-06-24 03:51:25,693: +PARAM [/mavros/setpoint_attitude/tf/frame_id] by /roslaunch
[rosmaster.master][INFO] 2026-06-24 03:51:25,693: +PARAM [/mavros/setpoint_attitude/tf/child_frame_id] by /roslaunch
[rosmaster.master][INFO] 2026-06-24 03:51:25,693: +PARAM [/mavros/setpoint_attitude/tf/rate_limit] by /roslaunch
[rosmaster.master][INFO] 2026-06-24 03:51:25,693: +PARAM [/mavros/setpoint_raw/thrust_scaling] by /roslaunch
[rosmaster.master][INFO] 2026-06-24 03:51:25,693: +PARAM [/mavros/setpoint_position/tf/listen] by /roslaunch
[rosmaster.master][INFO] 2026-06-24 03:51:25,693: +PARAM [/mavros/setpoint_position/tf/frame_id] by /roslaunch
[rosmaster.master][INFO] 2026-06-24 03:51:25,693: +PARAM [/mavros/setpoint_position/tf/child_frame_id] by /roslaunch
[rosmaster.master][INFO] 2026-06-24 03:51:25,693: +PARAM [/mavros/setpoint_position/tf/rate_limit] by /roslaunch
[rosmaster.master][INFO] 2026-06-24 03:51:25,693: +PARAM [/mavros/setpoint_position/mav_frame] by /roslaunch
[rosmaster.master][INFO] 2026-06-24 03:51:25,693: +PARAM [/mavros/guided_target/tf/listen] by /roslaunch
[rosmaster.master][INFO] 2026-06-24 03:51:25,693: +PARAM [/mavros/guided_target/tf/frame_id] by /roslaunch
[rosmaster.master][INFO] 2026-06-24 03:51:25,693: +PARAM [/mavros/guided_target/tf/child_frame_id] by /roslaunch
[rosmaster.master][INFO] 2026-06-24 03:51:25,693: +PARAM [/mavros/guided_target/tf/rate_limit] by /roslaunch
[rosmaster.master][INFO] 2026-06-24 03:51:25,693: +PARAM [/mavros/setpoint_velocity/mav_frame] by /roslaunch
[rosmaster.master][INFO] 2026-06-24 03:51:25,693: +PARAM [/mavros/mission/pull_after_gcs] by /roslaunch
[rosmaster.master][INFO] 2026-06-24 03:51:25,693: +PARAM [/mavros/mission/use_mission_item_int] by /roslaunch
[rosmaster.master][INFO] 2026-06-24 03:51:25,693: +PARAM [/mavros/distance_sensor/rangefinder_pub/id] by /roslaunch
[rosmaster.master][INFO] 2026-06-24 03:51:25,693: +PARAM [/mavros/distance_sensor/rangefinder_pub/frame_id] by /roslaunch
[rosmaster.master][INFO] 2026-06-24 03:51:25,693: +PARAM [/mavros/distance_sensor/rangefinder_pub/field_of_view] by /roslaunch
[rosmaster.master][INFO] 2026-06-24 03:51:25,693: +PARAM [/mavros/distance_sensor/rangefinder_pub/send_tf] by /roslaunch
[rosmaster.master][INFO] 2026-06-24 03:51:25,693: +PARAM [/mavros/distance_sensor/rangefinder_pub/sensor_position/x] by /roslaunch
[rosmaster.master][INFO] 2026-06-24 03:51:25,693: +PARAM [/mavros/distance_sensor/rangefinder_pub/sensor_position/y] by /roslaunch
[rosmaster.master][INFO] 2026-06-24 03:51:25,693: +PARAM [/mavros/distance_sensor/rangefinder_pub/sensor_position/z] by /roslaunch
[rosmaster.master][INFO] 2026-06-24 03:51:25,693: +PARAM [/mavros/distance_sensor/rangefinder_sub/subscriber] by /roslaunch
[rosmaster.master][INFO] 2026-06-24 03:51:25,693: +PARAM [/mavros/distance_sensor/rangefinder_sub/id] by /roslaunch
[rosmaster.master][INFO] 2026-06-24 03:51:25,693: +PARAM [/mavros/distance_sensor/rangefinder_sub/orientation] by /roslaunch
[rosmaster.master][INFO] 2026-06-24 03:51:25,693: +PARAM [/mavros/image/frame_id] by /roslaunch
[rosmaster.master][INFO] 2026-06-24 03:51:25,693: +PARAM [/mavros/fake_gps/use_mocap] by /roslaunch
[rosmaster.master][INFO] 2026-06-24 03:51:25,693: +PARAM [/mavros/fake_gps/mocap_transform] by /roslaunch
[rosmaster.master][INFO] 2026-06-24 03:51:25,693: +PARAM [/mavros/fake_gps/mocap_withcovariance] by /roslaunch
[rosmaster.master][INFO] 2026-06-24 03:51:25,693: +PARAM [/mavros/fake_gps/use_vision] by /roslaunch
[rosmaster.master][INFO] 2026-06-24 03:51:25,693: +PARAM [/mavros/fake_gps/use_hil_gps] by /roslaunch
[rosmaster.master][INFO] 2026-06-24 03:51:25,694: +PARAM [/mavros/fake_gps/gps_id] by /roslaunch
[rosmaster.master][INFO] 2026-06-24 03:51:25,694: +PARAM [/mavros/fake_gps/geo_origin/lat] by /roslaunch
[rosmaster.master][INFO] 2026-06-24 03:51:25,694: +PARAM [/mavros/fake_gps/geo_origin/lon] by /roslaunch
[rosmaster.master][INFO] 2026-06-24 03:51:25,694: +PARAM [/mavros/fake_gps/geo_origin/alt] by /roslaunch
[rosmaster.master][INFO] 2026-06-24 03:51:25,694: +PARAM [/mavros/fake_gps/eph] by /roslaunch
[rosmaster.master][INFO] 2026-06-24 03:51:25,694: +PARAM [/mavros/fake_gps/epv] by /roslaunch
[rosmaster.master][INFO] 2026-06-24 03:51:25,694: +PARAM [/mavros/fake_gps/horiz_accuracy] by /roslaunch
[rosmaster.master][INFO] 2026-06-24 03:51:25,694: +PARAM [/mavros/fake_gps/vert_accuracy] by /roslaunch
[rosmaster.master][INFO] 2026-06-24 03:51:25,694: +PARAM [/mavros/fake_gps/speed_accuracy] by /roslaunch
[rosmaster.master][INFO] 2026-06-24 03:51:25,694: +PARAM [/mavros/fake_gps/satellites_visible] by /roslaunch
[rosmaster.master][INFO] 2026-06-24 03:51:25,694: +PARAM [/mavros/fake_gps/fix_type] by /roslaunch
[rosmaster.master][INFO] 2026-06-24 03:51:25,694: +PARAM [/mavros/fake_gps/tf/listen] by /roslaunch
[rosmaster.master][INFO] 2026-06-24 03:51:25,694: +PARAM [/mavros/fake_gps/tf/send] by /roslaunch
[rosmaster.master][INFO] 2026-06-24 03:51:25,694: +PARAM [/mavros/fake_gps/tf/frame_id] by /roslaunch
[rosmaster.master][INFO] 2026-06-24 03:51:25,694: +PARAM [/mavros/fake_gps/tf/child_frame_id] by /roslaunch
[rosmaster.master][INFO] 2026-06-24 03:51:25,694: +PARAM [/mavros/fake_gps/tf/rate_limit] by /roslaunch
[rosmaster.master][INFO] 2026-06-24 03:51:25,694: +PARAM [/mavros/fake_gps/gps_rate] by /roslaunch
[rosmaster.master][INFO] 2026-06-24 03:51:25,694: +PARAM [/mavros/landing_target/listen_lt] by /roslaunch
[rosmaster.master][INFO] 2026-06-24 03:51:25,694: +PARAM [/mavros/landing_target/mav_frame] by /roslaunch
[rosmaster.master][INFO] 2026-06-24 03:51:25,694: +PARAM [/mavros/landing_target/land_target_type] by /roslaunch
[rosmaster.master][INFO] 2026-06-24 03:51:25,694: +PARAM [/mavros/landing_target/image/width] by /roslaunch
[rosmaster.master][INFO] 2026-06-24 03:51:25,694: +PARAM [/mavros/landing_target/image/height] by /roslaunch
[rosmaster.master][INFO] 2026-06-24 03:51:25,694: +PARAM [/mavros/landing_target/camera/fov_x] by /roslaunch
[rosmaster.master][INFO] 2026-06-24 03:51:25,694: +PARAM [/mavros/landing_target/camera/fov_y] by /roslaunch
[rosmaster.master][INFO] 2026-06-24 03:51:25,694: +PARAM [/mavros/landing_target/tf/send] by /roslaunch
[rosmaster.master][INFO] 2026-06-24 03:51:25,694: +PARAM [/mavros/landing_target/tf/listen] by /roslaunch
[rosmaster.master][INFO] 2026-06-24 03:51:25,694: +PARAM [/mavros/landing_target/tf/frame_id] by /roslaunch
[rosmaster.master][INFO] 2026-06-24 03:51:25,694: +PARAM [/mavros/landing_target/tf/child_frame_id] by /roslaunch
[rosmaster.master][INFO] 2026-06-24 03:51:25,694: +PARAM [/mavros/landing_target/tf/rate_limit] by /roslaunch
[rosmaster.master][INFO] 2026-06-24 03:51:25,694: +PARAM [/mavros/landing_target/target_size/x] by /roslaunch
[rosmaster.master][INFO] 2026-06-24 03:51:25,694: +PARAM [/mavros/landing_target/target_size/y] by /roslaunch
[rosmaster.master][INFO] 2026-06-24 03:51:25,694: +PARAM [/mavros/mocap/use_tf] by /roslaunch
[rosmaster.master][INFO] 2026-06-24 03:51:25,694: +PARAM [/mavros/mocap/use_pose] by /roslaunch
[rosmaster.master][INFO] 2026-06-24 03:51:25,694: +PARAM [/mavros/mount/debounce_s] by /roslaunch
[rosmaster.master][INFO] 2026-06-24 03:51:25,694: +PARAM [/mavros/mount/err_threshold_deg] by /roslaunch
[rosmaster.master][INFO] 2026-06-24 03:51:25,694: +PARAM [/mavros/mount/negate_measured_roll] by /roslaunch
[rosmaster.master][INFO] 2026-06-24 03:51:25,694: +PARAM [/mavros/mount/negate_measured_pitch] by /roslaunch
[rosmaster.master][INFO] 2026-06-24 03:51:25,694: +PARAM [/mavros/mount/negate_measured_yaw] by /roslaunch
[rosmaster.master][INFO] 2026-06-24 03:51:25,694: +PARAM [/mavros/odometry/frame_tf/desired_frame] by /roslaunch
[rosmaster.master][INFO] 2026-06-24 03:51:25,694: +PARAM [/mavros/odometry/estimator_type] by /roslaunch
[rosmaster.master][INFO] 2026-06-24 03:51:25,694: +PARAM [/mavros/px4flow/frame_id] by /roslaunch
[rosmaster.master][INFO] 2026-06-24 03:51:25,694: +PARAM [/mavros/px4flow/ranger_fov] by /roslaunch
[rosmaster.master][INFO] 2026-06-24 03:51:25,694: +PARAM [/mavros/px4flow/ranger_min_range] by /roslaunch
[rosmaster.master][INFO] 2026-06-24 03:51:25,694: +PARAM [/mavros/px4flow/ranger_max_range] by /roslaunch
[rosmaster.master][INFO] 2026-06-24 03:51:25,694: +PARAM [/mavros/vision_pose/tf/listen] by /roslaunch
[rosmaster.master][INFO] 2026-06-24 03:51:25,694: +PARAM [/mavros/vision_pose/tf/frame_id] by /roslaunch
[rosmaster.master][INFO] 2026-06-24 03:51:25,694: +PARAM [/mavros/vision_pose/tf/child_frame_id] by /roslaunch
[rosmaster.master][INFO] 2026-06-24 03:51:25,694: +PARAM [/mavros/vision_pose/tf/rate_limit] by /roslaunch
[rosmaster.master][INFO] 2026-06-24 03:51:25,694: +PARAM [/mavros/vision_speed/listen_twist] by /roslaunch
[rosmaster.master][INFO] 2026-06-24 03:51:25,695: +PARAM [/mavros/vision_speed/twist_cov] by /roslaunch
[rosmaster.master][INFO] 2026-06-24 03:51:25,695: +PARAM [/mavros/vibration/frame_id] by /roslaunch
[rosmaster.master][INFO] 2026-06-24 03:51:25,695: +PARAM [/mavros/wheel_odometry/count] by /roslaunch
[rosmaster.master][INFO] 2026-06-24 03:51:25,695: +PARAM [/mavros/wheel_odometry/use_rpm] by /roslaunch
[rosmaster.master][INFO] 2026-06-24 03:51:25,695: +PARAM [/mavros/wheel_odometry/wheel0/x] by /roslaunch
[rosmaster.master][INFO] 2026-06-24 03:51:25,695: +PARAM [/mavros/wheel_odometry/wheel0/y] by /roslaunch
[rosmaster.master][INFO] 2026-06-24 03:51:25,695: +PARAM [/mavros/wheel_odometry/wheel0/radius] by /roslaunch
[rosmaster.master][INFO] 2026-06-24 03:51:25,695: +PARAM [/mavros/wheel_odometry/wheel1/x] by /roslaunch
[rosmaster.master][INFO] 2026-06-24 03:51:25,695: +PARAM [/mavros/wheel_odometry/wheel1/y] by /roslaunch
[rosmaster.master][INFO] 2026-06-24 03:51:25,695: +PARAM [/mavros/wheel_odometry/wheel1/radius] by /roslaunch
[rosmaster.master][INFO] 2026-06-24 03:51:25,695: +PARAM [/mavros/wheel_odometry/send_raw] by /roslaunch
[rosmaster.master][INFO] 2026-06-24 03:51:25,695: +PARAM [/mavros/wheel_odometry/send_twist] by /roslaunch
[rosmaster.master][INFO] 2026-06-24 03:51:25,695: +PARAM [/mavros/wheel_odometry/frame_id] by /roslaunch
[rosmaster.master][INFO] 2026-06-24 03:51:25,695: +PARAM [/mavros/wheel_odometry/child_frame_id] by /roslaunch
[rosmaster.master][INFO] 2026-06-24 03:51:25,695: +PARAM [/mavros/wheel_odometry/vel_error] by /roslaunch
[rosmaster.master][INFO] 2026-06-24 03:51:25,695: +PARAM [/mavros/wheel_odometry/tf/send] by /roslaunch
[rosmaster.master][INFO] 2026-06-24 03:51:25,695: +PARAM [/mavros/wheel_odometry/tf/frame_id] by /roslaunch
[rosmaster.master][INFO] 2026-06-24 03:51:25,695: +PARAM [/mavros/wheel_odometry/tf/child_frame_id] by /roslaunch
[rosmaster.master][INFO] 2026-06-24 03:51:25,695: +PARAM [/mavros/fcu_url] by /roslaunch
[rosmaster.master][INFO] 2026-06-24 03:51:25,695: +PARAM [/mavros/gcs_url] by /roslaunch
[rosmaster.master][INFO] 2026-06-24 03:51:25,695: +PARAM [/mavros/target_system_id] by /roslaunch
[rosmaster.master][INFO] 2026-06-24 03:51:25,695: +PARAM [/mavros/target_component_id] by /roslaunch
[rosmaster.master][INFO] 2026-06-24 03:51:25,695: +PARAM [/mavros/fcu_protocol] by /roslaunch
[rosmaster.master][INFO] 2026-06-24 03:51:25,734: +PUB [/rosout] /mavros http://localhost:36621/
[rosmaster.master][INFO] 2026-06-24 03:51:25,735: +SERVICE [/mavros/get_loggers] /mavros http://localhost:36621/
[rosmaster.master][INFO] 2026-06-24 03:51:25,735: +SERVICE [/mavros/set_logger_level] /mavros http://localhost:36621/
[rosmaster.master][INFO] 2026-06-24 03:51:25,736: +PUB [/diagnostics] /mavros http://localhost:36621/
[rosmaster.master][INFO] 2026-06-24 03:51:25,736: +CACHEDPARAM [/mavros/diagnostic_period] by /mavros
[rosmaster.master][INFO] 2026-06-24 03:51:25,745: +SUB [/tf] /mavros http://localhost:36621/
[rosmaster.master][INFO] 2026-06-24 03:51:25,746: +SUB [/tf_static] /mavros http://localhost:36621/
[rosmaster.master][INFO] 2026-06-24 03:51:25,747: +PUB [/tf] /mavros http://localhost:36621/
[rosmaster.master][INFO] 2026-06-24 03:51:25,747: +PUB [/tf_static] /mavros http://localhost:36621/
[rosmaster.master][INFO] 2026-06-24 03:51:25,771: +CACHEDPARAM [/rosout_disable_topics_generation] by /mavros
[rosmaster.master][INFO] 2026-06-24 03:51:25,773: +PUB [/mavlink/from] /mavros http://localhost:36621/
[rosmaster.master][INFO] 2026-06-24 03:51:25,774: +SUB [/mavlink/to] /mavros http://localhost:36621/
[rosmaster.master][INFO] 2026-06-24 03:51:25,781: +PUB [/mavros/radio_status] /mavros http://localhost:36621/
[rosmaster.master][INFO] 2026-06-24 03:51:25,785: +PUB [/mavros/adsb/vehicle] /mavros http://localhost:36621/
[rosmaster.master][INFO] 2026-06-24 03:51:25,787: +SUB [/mavros/adsb/send] /mavros http://localhost:36621/
[rosmaster.master][INFO] 2026-06-24 03:51:25,788: +PUB [/mavros/cam_imu_sync/cam_imu_stamp] /mavros http://localhost:36621/
[rosmaster.master][INFO] 2026-06-24 03:51:25,788: +PUB [/mavros/camera/image_captured] /mavros http://localhost:36621/
[rosmaster.master][INFO] 2026-06-24 03:51:25,790: +SUB [/mavros/cellular_status/status] /mavros http://localhost:36621/
[rosmaster.master][INFO] 2026-06-24 03:51:25,791: +SERVICE [/mavros/cmd/command] /mavros http://localhost:36621/
[rosmaster.master][INFO] 2026-06-24 03:51:25,791: +SERVICE [/mavros/cmd/command_ack] /mavros http://localhost:36621/
[rosmaster.master][INFO] 2026-06-24 03:51:25,792: +SERVICE [/mavros/cmd/command_int] /mavros http://localhost:36621/
[rosmaster.master][INFO] 2026-06-24 03:51:25,792: +SERVICE [/mavros/cmd/arming] /mavros http://localhost:36621/
[rosmaster.master][INFO] 2026-06-24 03:51:25,792: +SERVICE [/mavros/cmd/set_home] /mavros http://localhost:36621/
[rosmaster.master][INFO] 2026-06-24 03:51:25,792: +SERVICE [/mavros/cmd/takeoff] /mavros http://localhost:36621/
[rosmaster.master][INFO] 2026-06-24 03:51:25,793: +SERVICE [/mavros/cmd/land] /mavros http://localhost:36621/
[rosmaster.master][INFO] 2026-06-24 03:51:25,793: +SERVICE [/mavros/cmd/trigger_control] /mavros http://localhost:36621/
[rosmaster.master][INFO] 2026-06-24 03:51:25,793: +SERVICE [/mavros/cmd/trigger_interval] /mavros http://localhost:36621/
[rosmaster.master][INFO] 2026-06-24 03:51:25,793: +SERVICE [/mavros/cmd/vtol_transition] /mavros http://localhost:36621/
[rosmaster.master][INFO] 2026-06-24 03:51:25,795: +SUB [/mavros/companion_process/status] /mavros http://localhost:36621/
[rosmaster.master][INFO] 2026-06-24 03:51:25,797: +PUB [/mavros/distance_sensor/rangefinder_pub] /mavros http://localhost:36621/
[rosmaster.master][INFO] 2026-06-24 03:51:25,799: publisherUpdate[/rosout] -> http://localhost:45415/ ['http://localhost:36621/']
[rosmaster.master][INFO] 2026-06-24 03:51:25,799: publisherUpdate[/tf] -> http://localhost:36621/ ['http://localhost:36621/']
[rosmaster.master][INFO] 2026-06-24 03:51:25,800: +SUB [/mavros/distance_sensor/rangefinder_sub] /mavros http://localhost:36621/
[rosmaster.master][INFO] 2026-06-24 03:51:25,802: publisherUpdate[/rosout] -> http://localhost:45415/ ['http://localhost:36621/']: sec=0.00, result=[1, '', 0]
[rosmaster.master][INFO] 2026-06-24 03:51:25,802: publisherUpdate[/tf] -> http://localhost:36621/ ['http://localhost:36621/']: sec=0.00, result=[1, '', 0]
[rosmaster.master][INFO] 2026-06-24 03:51:25,802: publisherUpdate[/tf_static] -> http://localhost:36621/ ['http://localhost:36621/']
[rosmaster.master][INFO] 2026-06-24 03:51:25,803: +PUB [/mavros/esc_info] /mavros http://localhost:36621/
[rosmaster.master][INFO] 2026-06-24 03:51:25,803: publisherUpdate[/tf_static] -> http://localhost:36621/ ['http://localhost:36621/']: sec=0.00, result=[1, '', 0]
[rosmaster.master][INFO] 2026-06-24 03:51:25,803: +PUB [/mavros/esc_status] /mavros http://localhost:36621/
[rosmaster.master][INFO] 2026-06-24 03:51:25,804: +PUB [/mavros/esc_telemetry] /mavros http://localhost:36621/
[rosmaster.master][INFO] 2026-06-24 03:51:25,812: +SUB [/mavros/fake_gps/mocap/pose] /mavros http://localhost:36621/
[rosmaster.master][INFO] 2026-06-24 03:51:25,814: +PUB [/mavros/geofence/waypoints] /mavros http://localhost:36621/
[rosmaster.master][INFO] 2026-06-24 03:51:25,814: +SERVICE [/mavros/geofence/pull] /mavros http://localhost:36621/
[rosmaster.master][INFO] 2026-06-24 03:51:25,815: +SERVICE [/mavros/geofence/push] /mavros http://localhost:36621/
[rosmaster.master][INFO] 2026-06-24 03:51:25,815: +SERVICE [/mavros/geofence/clear] /mavros http://localhost:36621/
[rosmaster.master][INFO] 2026-06-24 03:51:25,819: +PUB [/mavros/global_position/raw/fix] /mavros http://localhost:36621/
[rosmaster.master][INFO] 2026-06-24 03:51:25,820: +PUB [/mavros/global_position/raw/gps_vel] /mavros http://localhost:36621/
[rosmaster.master][INFO] 2026-06-24 03:51:25,820: +PUB [/mavros/global_position/raw/satellites] /mavros http://localhost:36621/
[rosmaster.master][INFO] 2026-06-24 03:51:25,820: +PUB [/mavros/global_position/global] /mavros http://localhost:36621/
[rosmaster.master][INFO] 2026-06-24 03:51:25,820: +PUB [/mavros/global_position/local] /mavros http://localhost:36621/
[rosmaster.master][INFO] 2026-06-24 03:51:25,820: +PUB [/mavros/global_position/rel_alt] /mavros http://localhost:36621/
[rosmaster.master][INFO] 2026-06-24 03:51:25,821: +PUB [/mavros/global_position/compass_hdg] /mavros http://localhost:36621/
[rosmaster.master][INFO] 2026-06-24 03:51:25,821: +PUB [/mavros/global_position/gp_origin] /mavros http://localhost:36621/
[rosmaster.master][INFO] 2026-06-24 03:51:25,822: +SUB [/mavros/global_position/set_gp_origin] /mavros http://localhost:36621/
[rosmaster.master][INFO] 2026-06-24 03:51:25,823: +SUB [/mavros/home_position/home] /mavros http://localhost:36621/
[rosmaster.master][INFO] 2026-06-24 03:51:25,824: +PUB [/mavros/global_position/gp_lp_offset] /mavros http://localhost:36621/
[rosmaster.master][INFO] 2026-06-24 03:51:25,825: +SUB [/mavros/gps_input/gps_input] /mavros http://localhost:36621/
[rosmaster.master][INFO] 2026-06-24 03:51:25,827: +SUB [/mavros/gps_rtk/send_rtcm] /mavros http://localhost:36621/
[rosmaster.master][INFO] 2026-06-24 03:51:25,827: +PUB [/mavros/gps_rtk/rtk_baseline] /mavros http://localhost:36621/
[rosmaster.master][INFO] 2026-06-24 03:51:25,827: +PUB [/mavros/gpsstatus/gps1/raw] /mavros http://localhost:36621/
[rosmaster.master][INFO] 2026-06-24 03:51:25,828: +PUB [/mavros/gpsstatus/gps2/raw] /mavros http://localhost:36621/
[rosmaster.master][INFO] 2026-06-24 03:51:25,828: +PUB [/mavros/gpsstatus/gps1/rtk] /mavros http://localhost:36621/
[rosmaster.master][INFO] 2026-06-24 03:51:25,828: +PUB [/mavros/gpsstatus/gps2/rtk] /mavros http://localhost:36621/
[rosmaster.master][INFO] 2026-06-24 03:51:25,830: +PUB [/move_base_simple/goal] /mavros http://localhost:36621/
[rosmaster.master][INFO] 2026-06-24 03:51:25,832: +SUB [/mavros/global_position/gp_origin] /mavros http://localhost:36621/
[rosmaster.master][INFO] 2026-06-24 03:51:25,832: +PUB [/mavros/home_position/home] /mavros http://localhost:36621/
[rosmaster.master][INFO] 2026-06-24 03:51:25,833: +SUB [/mavros/home_position/set] /mavros http://localhost:36621/
[rosmaster.master][INFO] 2026-06-24 03:51:25,834: +SERVICE [/mavros/home_position/req_update] /mavros http://localhost:36621/
[rosmaster.master][INFO] 2026-06-24 03:51:25,837: +PUB [/mavros/imu/data] /mavros http://localhost:36621/
[rosmaster.master][INFO] 2026-06-24 03:51:25,837: +PUB [/mavros/imu/mag] /mavros http://localhost:36621/
[rosmaster.master][INFO] 2026-06-24 03:51:25,837: +PUB [/mavros/imu/temperature_imu] /mavros http://localhost:36621/
[rosmaster.master][INFO] 2026-06-24 03:51:25,837: +PUB [/mavros/imu/temperature_baro] /mavros http://localhost:36621/
[rosmaster.master][INFO] 2026-06-24 03:51:25,838: +PUB [/mavros/imu/static_pressure] /mavros http://localhost:36621/
[rosmaster.master][INFO] 2026-06-24 03:51:25,838: +PUB [/mavros/imu/diff_pressure] /mavros http://localhost:36621/
[rosmaster.master][INFO] 2026-06-24 03:51:25,838: +PUB [/mavros/imu/data_raw] /mavros http://localhost:36621/
[rosmaster.master][INFO] 2026-06-24 03:51:25,844: +PUB [/mavros/landing_target/pose_in] /mavros http://localhost:36621/
[rosmaster.master][INFO] 2026-06-24 03:51:25,844: +PUB [/mavros/landing_target/lt_marker] /mavros http://localhost:36621/
[rosmaster.master][INFO] 2026-06-24 03:51:25,845: +SUB [/mavros/landing_target/pose] /mavros http://localhost:36621/
[rosmaster.master][INFO] 2026-06-24 03:51:25,847: +PUB [/mavros/local_position/pose] /mavros http://localhost:36621/
[rosmaster.master][INFO] 2026-06-24 03:51:25,847: +PUB [/mavros/local_position/pose_cov] /mavros http://localhost:36621/
[rosmaster.master][INFO] 2026-06-24 03:51:25,847: +PUB [/mavros/local_position/velocity_local] /mavros http://localhost:36621/
[rosmaster.master][INFO] 2026-06-24 03:51:25,847: +PUB [/mavros/local_position/velocity_body] /mavros http://localhost:36621/
[rosmaster.master][INFO] 2026-06-24 03:51:25,848: +PUB [/mavros/local_position/velocity_body_cov] /mavros http://localhost:36621/
[rosmaster.master][INFO] 2026-06-24 03:51:25,848: +PUB [/mavros/local_position/accel] /mavros http://localhost:36621/
[rosmaster.master][INFO] 2026-06-24 03:51:25,848: +PUB [/mavros/local_position/odom] /mavros http://localhost:36621/
[rosmaster.master][INFO] 2026-06-24 03:51:25,848: +PUB [/mavros/log_transfer/raw/log_entry] /mavros http://localhost:36621/
[rosmaster.master][INFO] 2026-06-24 03:51:25,849: +PUB [/mavros/log_transfer/raw/log_data] /mavros http://localhost:36621/
[rosmaster.master][INFO] 2026-06-24 03:51:25,849: +SERVICE [/mavros/log_transfer/raw/log_request_list] /mavros http://localhost:36621/
[rosmaster.master][INFO] 2026-06-24 03:51:25,849: +SERVICE [/mavros/log_transfer/raw/log_request_data] /mavros http://localhost:36621/
[rosmaster.master][INFO] 2026-06-24 03:51:25,850: +SERVICE [/mavros/log_transfer/raw/log_request_end] /mavros http://localhost:36621/
[rosmaster.master][INFO] 2026-06-24 03:51:25,850: +SERVICE [/mavros/log_transfer/raw/log_request_erase] /mavros http://localhost:36621/
[rosmaster.master][INFO] 2026-06-24 03:51:25,851: +PUB [/mavros/mag_calibration/status] /mavros http://localhost:36621/
[rosmaster.master][INFO] 2026-06-24 03:51:25,851: +PUB [/mavros/mag_calibration/report] /mavros http://localhost:36621/
[rosmaster.master][INFO] 2026-06-24 03:51:25,852: +PUB [/mavros/manual_control/control] /mavros http://localhost:36621/
[rosmaster.master][INFO] 2026-06-24 03:51:25,853: +SUB [/mavros/manual_control/send] /mavros http://localhost:36621/
[rosmaster.master][INFO] 2026-06-24 03:51:25,855: +SUB [/mavros/mocap/pose] /mavros http://localhost:36621/
[rosmaster.master][INFO] 2026-06-24 03:51:25,856: +SUB [/mavros/mount_control/command] /mavros http://localhost:36621/
[rosmaster.master][INFO] 2026-06-24 03:51:25,857: +PUB [/mavros/mount_control/orientation] /mavros http://localhost:36621/
[rosmaster.master][INFO] 2026-06-24 03:51:25,857: +PUB [/mavros/mount_control/status] /mavros http://localhost:36621/
[rosmaster.master][INFO] 2026-06-24 03:51:25,857: +SERVICE [/mavros/mount_control/configure] /mavros http://localhost:36621/
[rosmaster.master][INFO] 2026-06-24 03:51:25,860: +PUB [/mavros/nav_controller_output] /mavros http://localhost:36621/
[rosmaster.master][INFO] 2026-06-24 03:51:25,862: +SUB [/mavros/obstacle/send] /mavros http://localhost:36621/
[rosmaster.master][INFO] 2026-06-24 03:51:25,863: +PUB [/mavros/odometry/in] /mavros http://localhost:36621/
[rosmaster.master][INFO] 2026-06-24 03:51:25,864: +SUB [/mavros/odometry/out] /mavros http://localhost:36621/
[rosmaster.master][INFO] 2026-06-24 03:51:25,866: +SUB [/mavros/onboard_computer/status] /mavros http://localhost:36621/
[rosmaster.master][INFO] 2026-06-24 03:51:25,867: +SERVICE [/mavros/param/pull] /mavros http://localhost:36621/
[rosmaster.master][INFO] 2026-06-24 03:51:25,868: +SERVICE [/mavros/param/push] /mavros http://localhost:36621/
[rosmaster.master][INFO] 2026-06-24 03:51:25,869: +SERVICE [/mavros/param/set] /mavros http://localhost:36621/
[rosmaster.master][INFO] 2026-06-24 03:51:25,869: +SERVICE [/mavros/param/get] /mavros http://localhost:36621/
[rosmaster.master][INFO] 2026-06-24 03:51:25,869: +PUB [/mavros/param/param_value] /mavros http://localhost:36621/
[rosmaster.master][INFO] 2026-06-24 03:51:25,871: +SUB [/mavros/play_tune] /mavros http://localhost:36621/
[rosmaster.master][INFO] 2026-06-24 03:51:25,872: +PUB [/mavros/rallypoint/waypoints] /mavros http://localhost:36621/
[rosmaster.master][INFO] 2026-06-24 03:51:25,873: +SERVICE [/mavros/rallypoint/pull] /mavros http://localhost:36621/
[rosmaster.master][INFO] 2026-06-24 03:51:25,873: +SERVICE [/mavros/rallypoint/push] /mavros http://localhost:36621/
[rosmaster.master][INFO] 2026-06-24 03:51:25,873: +SERVICE [/mavros/rallypoint/clear] /mavros http://localhost:36621/
[rosmaster.master][INFO] 2026-06-24 03:51:25,874: +PUB [/mavros/rangefinder/rangefinder] /mavros http://localhost:36621/
[rosmaster.master][INFO] 2026-06-24 03:51:25,875: +PUB [/mavros/rc/in] /mavros http://localhost:36621/
[rosmaster.master][INFO] 2026-06-24 03:51:25,875: +PUB [/mavros/rc/out] /mavros http://localhost:36621/
[rosmaster.master][INFO] 2026-06-24 03:51:25,876: +SUB [/mavros/rc/override] /mavros http://localhost:36621/
[rosmaster.master][INFO] 2026-06-24 03:51:25,878: +SUB [/mavros/setpoint_accel/accel] /mavros http://localhost:36621/
[rosmaster.master][INFO] 2026-06-24 03:51:25,882: +SUB [/mavros/setpoint_attitude/thrust] /mavros http://localhost:36621/
[rosmaster.master][INFO] 2026-06-24 03:51:25,883: +SUB [/mavros/setpoint_attitude/cmd_vel] /mavros http://localhost:36621/
[rosmaster.master][INFO] 2026-06-24 03:51:25,888: +SUB [/mavros/setpoint_position/local] /mavros http://localhost:36621/
[rosmaster.master][INFO] 2026-06-24 03:51:25,889: +SUB [/mavros/setpoint_position/global] /mavros http://localhost:36621/
[rosmaster.master][INFO] 2026-06-24 03:51:25,890: +SUB [/mavros/setpoint_position/global_to_local] /mavros http://localhost:36621/
[rosmaster.master][INFO] 2026-06-24 03:51:25,891: +SUB [/mavros/global_position/global] /mavros http://localhost:36621/
[rosmaster.master][INFO] 2026-06-24 03:51:25,892: +SUB [/mavros/local_position/pose] /mavros http://localhost:36621/
[rosmaster.master][INFO] 2026-06-24 03:51:25,892: +SERVICE [/mavros/setpoint_position/mav_frame] /mavros http://localhost:36621/
[rosmaster.master][INFO] 2026-06-24 03:51:25,894: +SUB [/mavros/setpoint_raw/local] /mavros http://localhost:36621/
[rosmaster.master][INFO] 2026-06-24 03:51:25,895: +SUB [/mavros/setpoint_raw/global] /mavros http://localhost:36621/
[rosmaster.master][INFO] 2026-06-24 03:51:25,896: +SUB [/mavros/setpoint_raw/attitude] /mavros http://localhost:36621/
[rosmaster.master][INFO] 2026-06-24 03:51:25,896: +PUB [/mavros/setpoint_raw/target_local] /mavros http://localhost:36621/
[rosmaster.master][INFO] 2026-06-24 03:51:25,896: +PUB [/mavros/setpoint_raw/target_global] /mavros http://localhost:36621/
[rosmaster.master][INFO] 2026-06-24 03:51:25,897: +PUB [/mavros/setpoint_raw/target_attitude] /mavros http://localhost:36621/
[rosmaster.master][INFO] 2026-06-24 03:51:25,898: +SUB [/mavros/setpoint_trajectory/local] /mavros http://localhost:36621/
[rosmaster.master][INFO] 2026-06-24 03:51:25,899: +PUB [/mavros/setpoint_trajectory/desired] /mavros http://localhost:36621/
[rosmaster.master][INFO] 2026-06-24 03:51:25,899: +SERVICE [/mavros/setpoint_trajectory/reset] /mavros http://localhost:36621/
[rosmaster.master][INFO] 2026-06-24 03:51:25,899: publisherUpdate[/mavros/home_position/home] -> http://localhost:36621/ ['http://localhost:36621/']
[rosmaster.master][INFO] 2026-06-24 03:51:25,899: +SERVICE [/mavros/setpoint_trajectory/mav_frame] /mavros http://localhost:36621/
[rosmaster.master][INFO] 2026-06-24 03:51:25,900: publisherUpdate[/mavros/home_position/home] -> http://localhost:36621/ ['http://localhost:36621/']: sec=0.00, result=[1, '', 0]
[rosmaster.master][INFO] 2026-06-24 03:51:25,901: +SUB [/mavros/setpoint_velocity/cmd_vel] /mavros http://localhost:36621/
[rosmaster.master][INFO] 2026-06-24 03:51:25,902: +SUB [/mavros/setpoint_velocity/cmd_vel_unstamped] /mavros http://localhost:36621/
[rosmaster.master][INFO] 2026-06-24 03:51:25,903: +SERVICE [/mavros/setpoint_velocity/mav_frame] /mavros http://localhost:36621/
[rosmaster.master][INFO] 2026-06-24 03:51:25,905: +PUB [/mavros/state] /mavros http://localhost:36621/
[rosmaster.master][INFO] 2026-06-24 03:51:25,906: +PUB [/mavros/extended_state] /mavros http://localhost:36621/
[rosmaster.master][INFO] 2026-06-24 03:51:25,906: +PUB [/mavros/battery] /mavros http://localhost:36621/
[rosmaster.master][INFO] 2026-06-24 03:51:25,906: +PUB [/mavros/estimator_status] /mavros http://localhost:36621/
[rosmaster.master][INFO] 2026-06-24 03:51:25,906: +PUB [/mavros/statustext/recv] /mavros http://localhost:36621/
[rosmaster.master][INFO] 2026-06-24 03:51:25,906: +PUB [/mavros/sys_status] /mavros http://localhost:36621/
[rosmaster.master][INFO] 2026-06-24 03:51:25,907: +SUB [/mavros/statustext/send] /mavros http://localhost:36621/
[rosmaster.master][INFO] 2026-06-24 03:51:25,908: +SERVICE [/mavros/set_stream_rate] /mavros http://localhost:36621/
[rosmaster.master][INFO] 2026-06-24 03:51:25,908: +SERVICE [/mavros/set_mode] /mavros http://localhost:36621/
[rosmaster.master][INFO] 2026-06-24 03:51:25,908: +SERVICE [/mavros/vehicle_info_get] /mavros http://localhost:36621/
[rosmaster.master][INFO] 2026-06-24 03:51:25,909: +SERVICE [/mavros/set_message_interval] /mavros http://localhost:36621/
[rosmaster.master][INFO] 2026-06-24 03:51:25,911: +PUB [/mavros/time_reference] /mavros http://localhost:36621/
[rosmaster.master][INFO] 2026-06-24 03:51:25,912: +PUB [/mavros/timesync_status] /mavros http://localhost:36621/
[rosmaster.master][INFO] 2026-06-24 03:51:25,912: +PUB [/mavros/terrain/report] /mavros http://localhost:36621/
[rosmaster.master][INFO] 2026-06-24 03:51:25,914: +SUB [/mavros/trajectory/generated] /mavros http://localhost:36621/
[rosmaster.master][INFO] 2026-06-24 03:51:25,915: +SUB [/mavros/trajectory/path] /mavros http://localhost:36621/
[rosmaster.master][INFO] 2026-06-24 03:51:25,915: +PUB [/mavros/trajectory/desired] /mavros http://localhost:36621/
[rosmaster.master][INFO] 2026-06-24 03:51:25,917: +SUB [/mavros/tunnel/in] /mavros http://localhost:36621/
[rosmaster.master][INFO] 2026-06-24 03:51:25,917: +PUB [/mavros/tunnel/out] /mavros http://localhost:36621/
[rosmaster.master][INFO] 2026-06-24 03:51:25,918: +PUB [/mavros/vfr_hud] /mavros http://localhost:36621/
[rosmaster.master][INFO] 2026-06-24 03:51:25,920: +SUB [/mavros/vision_pose/pose] /mavros http://localhost:36621/
[rosmaster.master][INFO] 2026-06-24 03:51:25,921: +SUB [/mavros/vision_pose/pose_cov] /mavros http://localhost:36621/
[rosmaster.master][INFO] 2026-06-24 03:51:25,923: +PUB [/mavros/mission/waypoints] /mavros http://localhost:36621/
[rosmaster.master][INFO] 2026-06-24 03:51:25,923: +SERVICE [/mavros/mission/pull] /mavros http://localhost:36621/
[rosmaster.master][INFO] 2026-06-24 03:51:25,923: +SERVICE [/mavros/mission/push] /mavros http://localhost:36621/
[rosmaster.master][INFO] 2026-06-24 03:51:25,923: +SERVICE [/mavros/mission/clear] /mavros http://localhost:36621/
[rosmaster.master][INFO] 2026-06-24 03:51:25,924: +PUB [/mavros/mission/reached] /mavros http://localhost:36621/
[rosmaster.master][INFO] 2026-06-24 03:51:25,924: +SERVICE [/mavros/mission/set_current] /mavros http://localhost:36621/
[rosmaster.master][INFO] 2026-06-24 03:51:25,924: +PUB [/mavros/wind_estimation] /mavros http://localhost:36621/
[rosmaster.master][INFO] 2026-06-24 03:51:26,653: +CACHEDPARAM [/rosout/omit_topics] by /rosout
[rosmaster.master][INFO] 2026-06-24 03:51:26,926: +PUB [/mavlink/gcs_ip] /mavros http://localhost:36621/
[rosmaster.master][INFO] 2026-06-24 03:53:33,179: -PUB [/rosout] /mavros http://localhost:36621/
[rosmaster.master][INFO] 2026-06-24 03:53:33,180: -PUB [/diagnostics] /mavros http://localhost:36621/
[rosmaster.master][INFO] 2026-06-24 03:53:33,180: -PUB [/tf] /mavros http://localhost:36621/
[rosmaster.master][INFO] 2026-06-24 03:53:33,181: -PUB [/tf_static] /mavros http://localhost:36621/
[rosmaster.master][INFO] 2026-06-24 03:53:33,181: -PUB [/mavlink/from] /mavros http://localhost:36621/
[rosmaster.master][INFO] 2026-06-24 03:53:33,181: -PUB [/mavros/radio_status] /mavros http://localhost:36621/
[rosmaster.master][INFO] 2026-06-24 03:53:33,182: -PUB [/mavros/adsb/vehicle] /mavros http://localhost:36621/
[rosmaster.master][INFO] 2026-06-24 03:53:33,182: -PUB [/mavros/cam_imu_sync/cam_imu_stamp] /mavros http://localhost:36621/
[rosmaster.master][INFO] 2026-06-24 03:53:33,182: -PUB [/mavros/camera/image_captured] /mavros http://localhost:36621/
[rosmaster.master][INFO] 2026-06-24 03:53:33,183: -PUB [/mavros/distance_sensor/rangefinder_pub] /mavros http://localhost:36621/
[rosmaster.master][INFO] 2026-06-24 03:53:33,183: -PUB [/mavros/esc_info] /mavros http://localhost:36621/
[rosmaster.master][INFO] 2026-06-24 03:53:33,183: -PUB [/mavros/esc_status] /mavros http://localhost:36621/
[rosmaster.master][INFO] 2026-06-24 03:53:33,183: -PUB [/mavros/esc_telemetry] /mavros http://localhost:36621/
[rosmaster.master][INFO] 2026-06-24 03:53:33,184: -PUB [/mavros/geofence/waypoints] /mavros http://localhost:36621/
[rosmaster.master][INFO] 2026-06-24 03:53:33,184: -PUB [/mavros/global_position/raw/fix] /mavros http://localhost:36621/
[rosmaster.master][INFO] 2026-06-24 03:53:33,185: -PUB [/mavros/global_position/raw/gps_vel] /mavros http://localhost:36621/
[rosmaster.master][INFO] 2026-06-24 03:53:33,185: -PUB [/mavros/global_position/raw/satellites] /mavros http://localhost:36621/
[rosmaster.master][INFO] 2026-06-24 03:53:33,185: -PUB [/mavros/global_position/global] /mavros http://localhost:36621/
[rosmaster.master][INFO] 2026-06-24 03:53:33,186: -PUB [/mavros/global_position/local] /mavros http://localhost:36621/
[rosmaster.master][INFO] 2026-06-24 03:53:33,186: -PUB [/mavros/global_position/rel_alt] /mavros http://localhost:36621/
[rosmaster.master][INFO] 2026-06-24 03:53:33,186: -PUB [/mavros/global_position/compass_hdg] /mavros http://localhost:36621/
[rosmaster.master][INFO] 2026-06-24 03:53:33,187: -PUB [/mavros/global_position/gp_origin] /mavros http://localhost:36621/
[rosmaster.master][INFO] 2026-06-24 03:53:33,187: -PUB [/mavros/global_position/gp_lp_offset] /mavros http://localhost:36621/
[rosmaster.master][INFO] 2026-06-24 03:53:33,187: -PUB [/mavros/gps_rtk/rtk_baseline] /mavros http://localhost:36621/
[rosmaster.master][INFO] 2026-06-24 03:53:33,188: -PUB [/mavros/gpsstatus/gps1/raw] /mavros http://localhost:36621/
[rosmaster.master][INFO] 2026-06-24 03:53:33,188: -PUB [/mavros/gpsstatus/gps2/raw] /mavros http://localhost:36621/
[rosmaster.master][INFO] 2026-06-24 03:53:33,188: -PUB [/mavros/gpsstatus/gps1/rtk] /mavros http://localhost:36621/
[rosmaster.master][INFO] 2026-06-24 03:53:33,189: -PUB [/mavros/gpsstatus/gps2/rtk] /mavros http://localhost:36621/
[rosmaster.master][INFO] 2026-06-24 03:53:33,189: -PUB [/move_base_simple/goal] /mavros http://localhost:36621/
[rosmaster.master][INFO] 2026-06-24 03:53:33,189: -PUB [/mavros/home_position/home] /mavros http://localhost:36621/
[rosmaster.master][INFO] 2026-06-24 03:53:33,190: -PUB [/mavros/imu/data] /mavros http://localhost:36621/
[rosmaster.master][INFO] 2026-06-24 03:53:33,190: -PUB [/mavros/imu/mag] /mavros http://localhost:36621/
[rosmaster.master][INFO] 2026-06-24 03:53:33,190: -PUB [/mavros/imu/temperature_imu] /mavros http://localhost:36621/
[rosmaster.master][INFO] 2026-06-24 03:53:33,191: -PUB [/mavros/imu/temperature_baro] /mavros http://localhost:36621/
[rosmaster.master][INFO] 2026-06-24 03:53:33,191: -PUB [/mavros/imu/static_pressure] /mavros http://localhost:36621/
[rosmaster.master][INFO] 2026-06-24 03:53:33,192: -PUB [/mavros/imu/diff_pressure] /mavros http://localhost:36621/
[rosmaster.master][INFO] 2026-06-24 03:53:33,192: -PUB [/mavros/imu/data_raw] /mavros http://localhost:36621/
[rosmaster.master][INFO] 2026-06-24 03:53:33,193: -PUB [/mavros/landing_target/pose_in] /mavros http://localhost:36621/
[rosmaster.master][INFO] 2026-06-24 03:53:33,193: publisherUpdate[/rosout] -> http://localhost:45415/ []
[rosmaster.master][INFO] 2026-06-24 03:53:33,194: -PUB [/mavros/landing_target/lt_marker] /mavros http://localhost:36621/
[rosmaster.master][INFO] 2026-06-24 03:53:33,194: publisherUpdate[/rosout] -> http://localhost:45415/ []: sec=0.00, result=[1, '', 0]
[rosmaster.master][INFO] 2026-06-24 03:53:33,194: publisherUpdate[/tf] -> http://localhost:36621/ []
[rosmaster.master][INFO] 2026-06-24 03:53:33,194: publisherUpdate[/tf] -> http://localhost:36621/ []: sec=0.00, exception=<Fault -1: 'publisherUpdate: unknown method name'>
[rosmaster.master][INFO] 2026-06-24 03:53:33,194: publisherUpdate[/tf_static] -> http://localhost:36621/ []
[rosmaster.master][INFO] 2026-06-24 03:53:33,195: publisherUpdate[/tf_static] -> http://localhost:36621/ []: sec=0.00, exception=<Fault -1: 'publisherUpdate: unknown method name'>
[rosmaster.master][INFO] 2026-06-24 03:53:33,196: -PUB [/mavros/local_position/pose] /mavros http://localhost:36621/
[rosmaster.master][INFO] 2026-06-24 03:53:33,197: -PUB [/mavros/local_position/pose_cov] /mavros http://localhost:36621/
[rosmaster.master][INFO] 2026-06-24 03:53:33,198: -PUB [/mavros/local_position/velocity_local] /mavros http://localhost:36621/
[rosmaster.master][INFO] 2026-06-24 03:53:33,199: -PUB [/mavros/local_position/velocity_body] /mavros http://localhost:36621/
[rosmaster.threadpool][ERROR] 2026-06-24 03:53:33,199: Traceback (most recent call last):
  File "/opt/ros/noetic/lib/python3/dist-packages/rosmaster/threadpool.py", line 218, in run
    result = cmd(*args)
  File "/opt/ros/noetic/lib/python3/dist-packages/rosmaster/master_api.py", line 210, in publisher_update_task
    ret = xmlrpcapi(api).publisherUpdate('/master', topic, pub_uris)
  File "/usr/lib/python3.8/xmlrpc/client.py", line 1109, in __call__
    return self.__send(self.__name, args)
  File "/usr/lib/python3.8/xmlrpc/client.py", line 1450, in __request
    response = self.__transport.request(
  File "/usr/lib/python3.8/xmlrpc/client.py", line 1153, in request
    return self.single_request(host, handler, request_body, verbose)
  File "/usr/lib/python3.8/xmlrpc/client.py", line 1169, in single_request
    return self.parse_response(resp)
  File "/usr/lib/python3.8/xmlrpc/client.py", line 1341, in parse_response
    return u.close()
  File "/usr/lib/python3.8/xmlrpc/client.py", line 655, in close
    raise Fault(**self._stack[0])
xmlrpc.client.Fault: <Fault -1: 'publisherUpdate: unknown method name'>

[rosmaster.master][INFO] 2026-06-24 03:53:33,199: publisherUpdate[/mavros/global_position/global] -> http://localhost:36621/ []
[rosmaster.master][INFO] 2026-06-24 03:53:33,200: -PUB [/mavros/local_position/velocity_body_cov] /mavros http://localhost:36621/
[rosmaster.threadpool][ERROR] 2026-06-24 03:53:33,200: Traceback (most recent call last):
  File "/opt/ros/noetic/lib/python3/dist-packages/rosmaster/threadpool.py", line 218, in run
    result = cmd(*args)
  File "/opt/ros/noetic/lib/python3/dist-packages/rosmaster/master_api.py", line 210, in publisher_update_task
    ret = xmlrpcapi(api).publisherUpdate('/master', topic, pub_uris)
  File "/usr/lib/python3.8/xmlrpc/client.py", line 1109, in __call__
    return self.__send(self.__name, args)
  File "/usr/lib/python3.8/xmlrpc/client.py", line 1450, in __request
    response = self.__transport.request(
  File "/usr/lib/python3.8/xmlrpc/client.py", line 1153, in request
    return self.single_request(host, handler, request_body, verbose)
  File "/usr/lib/python3.8/xmlrpc/client.py", line 1169, in single_request
    return self.parse_response(resp)
  File "/usr/lib/python3.8/xmlrpc/client.py", line 1341, in parse_response
    return u.close()
  File "/usr/lib/python3.8/xmlrpc/client.py", line 655, in close
    raise Fault(**self._stack[0])
xmlrpc.client.Fault: <Fault -1: 'publisherUpdate: unknown method name'>

[rosmaster.master][INFO] 2026-06-24 03:53:33,201: -PUB [/mavros/local_position/accel] /mavros http://localhost:36621/
[rosmaster.master][INFO] 2026-06-24 03:53:33,201: publisherUpdate[/mavros/global_position/global] -> http://localhost:36621/ []: sec=0.00, exception=<Fault -1: 'publisherUpdate: unknown method name'>
[rosmaster.master][INFO] 2026-06-24 03:53:33,201: -PUB [/mavros/local_position/odom] /mavros http://localhost:36621/
[rosmaster.threadpool][ERROR] 2026-06-24 03:53:33,202: Traceback (most recent call last):
  File "/opt/ros/noetic/lib/python3/dist-packages/rosmaster/threadpool.py", line 218, in run
    result = cmd(*args)
  File "/opt/ros/noetic/lib/python3/dist-packages/rosmaster/master_api.py", line 210, in publisher_update_task
    ret = xmlrpcapi(api).publisherUpdate('/master', topic, pub_uris)
  File "/usr/lib/python3.8/xmlrpc/client.py", line 1109, in __call__
    return self.__send(self.__name, args)
  File "/usr/lib/python3.8/xmlrpc/client.py", line 1450, in __request
    response = self.__transport.request(
  File "/usr/lib/python3.8/xmlrpc/client.py", line 1153, in request
    return self.single_request(host, handler, request_body, verbose)
  File "/usr/lib/python3.8/xmlrpc/client.py", line 1169, in single_request
    return self.parse_response(resp)
  File "/usr/lib/python3.8/xmlrpc/client.py", line 1341, in parse_response
    return u.close()
  File "/usr/lib/python3.8/xmlrpc/client.py", line 655, in close
    raise Fault(**self._stack[0])
xmlrpc.client.Fault: <Fault -1: 'publisherUpdate: unknown method name'>

[rosmaster.master][INFO] 2026-06-24 03:53:33,202: publisherUpdate[/mavros/global_position/gp_origin] -> http://localhost:36621/ []
[rosmaster.master][INFO] 2026-06-24 03:53:33,202: -PUB [/mavros/log_transfer/raw/log_entry] /mavros http://localhost:36621/
[rosmaster.master][INFO] 2026-06-24 03:53:33,203: publisherUpdate[/mavros/global_position/gp_origin] -> http://localhost:36621/ []: sec=0.00, exception=<Fault -1: 'publisherUpdate: unknown method name'>
[rosmaster.threadpool][ERROR] 2026-06-24 03:53:33,203: Traceback (most recent call last):
  File "/opt/ros/noetic/lib/python3/dist-packages/rosmaster/threadpool.py", line 218, in run
    result = cmd(*args)
  File "/opt/ros/noetic/lib/python3/dist-packages/rosmaster/master_api.py", line 210, in publisher_update_task
    ret = xmlrpcapi(api).publisherUpdate('/master', topic, pub_uris)
  File "/usr/lib/python3.8/xmlrpc/client.py", line 1109, in __call__
    return self.__send(self.__name, args)
  File "/usr/lib/python3.8/xmlrpc/client.py", line 1450, in __request
    response = self.__transport.request(
  File "/usr/lib/python3.8/xmlrpc/client.py", line 1153, in request
    return self.single_request(host, handler, request_body, verbose)
  File "/usr/lib/python3.8/xmlrpc/client.py", line 1169, in single_request
    return self.parse_response(resp)
  File "/usr/lib/python3.8/xmlrpc/client.py", line 1341, in parse_response
    return u.close()
  File "/usr/lib/python3.8/xmlrpc/client.py", line 655, in close
    raise Fault(**self._stack[0])
xmlrpc.client.Fault: <Fault -1: 'publisherUpdate: unknown method name'>

[rosmaster.master][INFO] 2026-06-24 03:53:33,203: publisherUpdate[/mavros/home_position/home] -> http://localhost:36621/ []
[rosmaster.master][INFO] 2026-06-24 03:53:33,203: -PUB [/mavros/log_transfer/raw/log_data] /mavros http://localhost:36621/
[rosmaster.master][INFO] 2026-06-24 03:53:33,204: publisherUpdate[/mavros/home_position/home] -> http://localhost:36621/ []: sec=0.00, exception=<Fault -1: 'publisherUpdate: unknown method name'>
[rosmaster.threadpool][ERROR] 2026-06-24 03:53:33,204: Traceback (most recent call last):
  File "/opt/ros/noetic/lib/python3/dist-packages/rosmaster/threadpool.py", line 218, in run
    result = cmd(*args)
  File "/opt/ros/noetic/lib/python3/dist-packages/rosmaster/master_api.py", line 210, in publisher_update_task
    ret = xmlrpcapi(api).publisherUpdate('/master', topic, pub_uris)
  File "/usr/lib/python3.8/xmlrpc/client.py", line 1109, in __call__
    return self.__send(self.__name, args)
  File "/usr/lib/python3.8/xmlrpc/client.py", line 1450, in __request
    response = self.__transport.request(
  File "/usr/lib/python3.8/xmlrpc/client.py", line 1153, in request
    return self.single_request(host, handler, request_body, verbose)
  File "/usr/lib/python3.8/xmlrpc/client.py", line 1169, in single_request
    return self.parse_response(resp)
  File "/usr/lib/python3.8/xmlrpc/client.py", line 1341, in parse_response
    return u.close()
  File "/usr/lib/python3.8/xmlrpc/client.py", line 655, in close
    raise Fault(**self._stack[0])
xmlrpc.client.Fault: <Fault -1: 'publisherUpdate: unknown method name'>

[rosmaster.master][INFO] 2026-06-24 03:53:33,204: publisherUpdate[/mavros/local_position/pose] -> http://localhost:36621/ []
[rosmaster.master][INFO] 2026-06-24 03:53:33,205: -PUB [/mavros/mag_calibration/status] /mavros http://localhost:36621/
[rosmaster.master][INFO] 2026-06-24 03:53:33,205: -PUB [/mavros/mag_calibration/report] /mavros http://localhost:36621/
[rosmaster.master][INFO] 2026-06-24 03:53:33,205: publisherUpdate[/mavros/local_position/pose] -> http://localhost:36621/ []: sec=0.00, exception=<Fault -1: 'publisherUpdate: unknown method name'>
[rosmaster.master][INFO] 2026-06-24 03:53:33,206: -PUB [/mavros/manual_control/control] /mavros http://localhost:36621/
[rosmaster.threadpool][ERROR] 2026-06-24 03:53:33,206: Traceback (most recent call last):
  File "/opt/ros/noetic/lib/python3/dist-packages/rosmaster/threadpool.py", line 218, in run
    result = cmd(*args)
  File "/opt/ros/noetic/lib/python3/dist-packages/rosmaster/master_api.py", line 210, in publisher_update_task
    ret = xmlrpcapi(api).publisherUpdate('/master', topic, pub_uris)
  File "/usr/lib/python3.8/xmlrpc/client.py", line 1109, in __call__
    return self.__send(self.__name, args)
  File "/usr/lib/python3.8/xmlrpc/client.py", line 1450, in __request
    response = self.__transport.request(
  File "/usr/lib/python3.8/xmlrpc/client.py", line 1153, in request
    return self.single_request(host, handler, request_body, verbose)
  File "/usr/lib/python3.8/xmlrpc/client.py", line 1169, in single_request
    return self.parse_response(resp)
  File "/usr/lib/python3.8/xmlrpc/client.py", line 1341, in parse_response
    return u.close()
  File "/usr/lib/python3.8/xmlrpc/client.py", line 655, in close
    raise Fault(**self._stack[0])
xmlrpc.client.Fault: <Fault -1: 'publisherUpdate: unknown method name'>

[rosmaster.master][INFO] 2026-06-24 03:53:33,207: -PUB [/mavros/mount_control/orientation] /mavros http://localhost:36621/
[rosmaster.master][INFO] 2026-06-24 03:53:33,207: -PUB [/mavros/mount_control/status] /mavros http://localhost:36621/
[rosmaster.master][INFO] 2026-06-24 03:53:33,207: -PUB [/mavros/nav_controller_output] /mavros http://localhost:36621/
[rosmaster.master][INFO] 2026-06-24 03:53:33,208: -PUB [/mavros/odometry/in] /mavros http://localhost:36621/
[rosmaster.master][INFO] 2026-06-24 03:53:33,208: -PUB [/mavros/param/param_value] /mavros http://localhost:36621/
[rosmaster.master][INFO] 2026-06-24 03:53:33,209: -PUB [/mavros/rallypoint/waypoints] /mavros http://localhost:36621/
[rosmaster.master][INFO] 2026-06-24 03:53:33,209: -PUB [/mavros/rangefinder/rangefinder] /mavros http://localhost:36621/
[rosmaster.master][INFO] 2026-06-24 03:53:33,210: -PUB [/mavros/rc/in] /mavros http://localhost:36621/
[rosmaster.master][INFO] 2026-06-24 03:53:33,210: -PUB [/mavros/rc/out] /mavros http://localhost:36621/
[rosmaster.master][INFO] 2026-06-24 03:53:33,210: -PUB [/mavros/setpoint_raw/target_local] /mavros http://localhost:36621/
[rosmaster.master][INFO] 2026-06-24 03:53:33,211: -PUB [/mavros/setpoint_raw/target_global] /mavros http://localhost:36621/
[rosmaster.master][INFO] 2026-06-24 03:53:33,211: -PUB [/mavros/setpoint_raw/target_attitude] /mavros http://localhost:36621/
[rosmaster.master][INFO] 2026-06-24 03:53:33,212: -PUB [/mavros/setpoint_trajectory/desired] /mavros http://localhost:36621/
[rosmaster.master][INFO] 2026-06-24 03:53:33,212: -PUB [/mavros/state] /mavros http://localhost:36621/
[rosmaster.master][INFO] 2026-06-24 03:53:33,212: -PUB [/mavros/extended_state] /mavros http://localhost:36621/
[rosmaster.master][INFO] 2026-06-24 03:53:33,213: -PUB [/mavros/battery] /mavros http://localhost:36621/
[rosmaster.master][INFO] 2026-06-24 03:53:33,213: -PUB [/mavros/estimator_status] /mavros http://localhost:36621/
[rosmaster.master][INFO] 2026-06-24 03:53:33,213: -PUB [/mavros/statustext/recv] /mavros http://localhost:36621/
[rosmaster.master][INFO] 2026-06-24 03:53:33,214: -PUB [/mavros/sys_status] /mavros http://localhost:36621/
[rosmaster.master][INFO] 2026-06-24 03:53:33,214: -PUB [/mavros/time_reference] /mavros http://localhost:36621/
[rosmaster.master][INFO] 2026-06-24 03:53:33,214: -PUB [/mavros/timesync_status] /mavros http://localhost:36621/
[rosmaster.master][INFO] 2026-06-24 03:53:33,215: -PUB [/mavros/terrain/report] /mavros http://localhost:36621/
[rosmaster.master][INFO] 2026-06-24 03:53:33,215: -PUB [/mavros/trajectory/desired] /mavros http://localhost:36621/
[rosmaster.master][INFO] 2026-06-24 03:53:33,216: -PUB [/mavros/tunnel/out] /mavros http://localhost:36621/
[rosmaster.master][INFO] 2026-06-24 03:53:33,216: -PUB [/mavros/vfr_hud] /mavros http://localhost:36621/
[rosmaster.master][INFO] 2026-06-24 03:53:33,216: -PUB [/mavros/mission/waypoints] /mavros http://localhost:36621/
[rosmaster.master][INFO] 2026-06-24 03:53:33,217: -PUB [/mavros/mission/reached] /mavros http://localhost:36621/
[rosmaster.master][INFO] 2026-06-24 03:53:33,217: -PUB [/mavros/wind_estimation] /mavros http://localhost:36621/
[rosmaster.master][INFO] 2026-06-24 03:53:33,217: -PUB [/mavlink/gcs_ip] /mavros http://localhost:36621/
[rosmaster.master][INFO] 2026-06-24 03:53:33,218: -SUB [/tf] /mavros http://localhost:36621/
[rosmaster.master][INFO] 2026-06-24 03:53:33,218: -SUB [/tf_static] /mavros http://localhost:36621/
[rosmaster.master][INFO] 2026-06-24 03:53:33,219: -SUB [/mavlink/to] /mavros http://localhost:36621/
[rosmaster.master][INFO] 2026-06-24 03:53:33,219: -SUB [/mavros/adsb/send] /mavros http://localhost:36621/
[rosmaster.master][INFO] 2026-06-24 03:53:33,220: -SUB [/mavros/cellular_status/status] /mavros http://localhost:36621/
[rosmaster.master][INFO] 2026-06-24 03:53:33,220: -SUB [/mavros/companion_process/status] /mavros http://localhost:36621/
[rosmaster.master][INFO] 2026-06-24 03:53:33,220: -SUB [/mavros/distance_sensor/rangefinder_sub] /mavros http://localhost:36621/
[rosmaster.master][INFO] 2026-06-24 03:53:33,221: -SUB [/mavros/fake_gps/mocap/pose] /mavros http://localhost:36621/
[rosmaster.master][INFO] 2026-06-24 03:53:33,221: -SUB [/mavros/global_position/set_gp_origin] /mavros http://localhost:36621/
[rosmaster.master][INFO] 2026-06-24 03:53:33,221: -SUB [/mavros/home_position/home] /mavros http://localhost:36621/
[rosmaster.master][INFO] 2026-06-24 03:53:33,222: -SUB [/mavros/gps_input/gps_input] /mavros http://localhost:36621/
[rosmaster.master][INFO] 2026-06-24 03:53:33,222: -SUB [/mavros/gps_rtk/send_rtcm] /mavros http://localhost:36621/
[rosmaster.master][INFO] 2026-06-24 03:53:33,222: -SUB [/mavros/global_position/gp_origin] /mavros http://localhost:36621/
[rosmaster.master][INFO] 2026-06-24 03:53:33,223: -SUB [/mavros/home_position/set] /mavros http://localhost:36621/
[rosmaster.master][INFO] 2026-06-24 03:53:33,223: -SUB [/mavros/landing_target/pose] /mavros http://localhost:36621/
[rosmaster.master][INFO] 2026-06-24 03:53:33,224: -SUB [/mavros/manual_control/send] /mavros http://localhost:36621/
[rosmaster.master][INFO] 2026-06-24 03:53:33,224: -SUB [/mavros/mocap/pose] /mavros http://localhost:36621/
[rosmaster.master][INFO] 2026-06-24 03:53:33,224: -SUB [/mavros/mount_control/command] /mavros http://localhost:36621/
[rosmaster.master][INFO] 2026-06-24 03:53:33,225: -SUB [/mavros/obstacle/send] /mavros http://localhost:36621/
[rosmaster.master][INFO] 2026-06-24 03:53:33,225: -SUB [/mavros/odometry/out] /mavros http://localhost:36621/
[rosmaster.master][INFO] 2026-06-24 03:53:33,225: -SUB [/mavros/onboard_computer/status] /mavros http://localhost:36621/
[rosmaster.master][INFO] 2026-06-24 03:53:33,226: -SUB [/mavros/play_tune] /mavros http://localhost:36621/
[rosmaster.master][INFO] 2026-06-24 03:53:33,226: -SUB [/mavros/rc/override] /mavros http://localhost:36621/
[rosmaster.master][INFO] 2026-06-24 03:53:33,226: -SUB [/mavros/setpoint_accel/accel] /mavros http://localhost:36621/
[rosmaster.master][INFO] 2026-06-24 03:53:33,227: -SUB [/mavros/setpoint_attitude/thrust] /mavros http://localhost:36621/
[rosmaster.master][INFO] 2026-06-24 03:53:33,227: -SUB [/mavros/setpoint_attitude/cmd_vel] /mavros http://localhost:36621/
[rosmaster.master][INFO] 2026-06-24 03:53:33,228: -SUB [/mavros/setpoint_position/local] /mavros http://localhost:36621/
[rosmaster.master][INFO] 2026-06-24 03:53:33,228: -SUB [/mavros/setpoint_position/global] /mavros http://localhost:36621/
[rosmaster.master][INFO] 2026-06-24 03:53:33,228: -SUB [/mavros/setpoint_position/global_to_local] /mavros http://localhost:36621/
[rosmaster.master][INFO] 2026-06-24 03:53:33,229: -SUB [/mavros/global_position/global] /mavros http://localhost:36621/
[rosmaster.master][INFO] 2026-06-24 03:53:33,229: -SUB [/mavros/local_position/pose] /mavros http://localhost:36621/
[rosmaster.master][INFO] 2026-06-24 03:53:33,230: -SUB [/mavros/setpoint_raw/local] /mavros http://localhost:36621/
[rosmaster.master][INFO] 2026-06-24 03:53:33,230: -SUB [/mavros/setpoint_raw/global] /mavros http://localhost:36621/
[rosmaster.master][INFO] 2026-06-24 03:53:33,230: -SUB [/mavros/setpoint_raw/attitude] /mavros http://localhost:36621/
[rosmaster.master][INFO] 2026-06-24 03:53:33,231: -SUB [/mavros/setpoint_trajectory/local] /mavros http://localhost:36621/
[rosmaster.master][INFO] 2026-06-24 03:53:33,231: -SUB [/mavros/setpoint_velocity/cmd_vel] /mavros http://localhost:36621/
[rosmaster.master][INFO] 2026-06-24 03:53:33,231: -SUB [/mavros/setpoint_velocity/cmd_vel_unstamped] /mavros http://localhost:36621/
[rosmaster.master][INFO] 2026-06-24 03:53:33,232: -SUB [/mavros/statustext/send] /mavros http://localhost:36621/
[rosmaster.master][INFO] 2026-06-24 03:53:33,232: -SUB [/mavros/trajectory/generated] /mavros http://localhost:36621/
[rosmaster.master][INFO] 2026-06-24 03:53:33,233: -SUB [/mavros/trajectory/path] /mavros http://localhost:36621/
[rosmaster.master][INFO] 2026-06-24 03:53:33,233: -SUB [/mavros/tunnel/in] /mavros http://localhost:36621/
[rosmaster.master][INFO] 2026-06-24 03:53:33,234: -SUB [/mavros/vision_pose/pose] /mavros http://localhost:36621/
[rosmaster.master][INFO] 2026-06-24 03:53:33,234: -SUB [/mavros/vision_pose/pose_cov] /mavros http://localhost:36621/
[rosmaster.master][INFO] 2026-06-24 03:53:33,234: -SERVICE [/mavros/get_loggers] /mavros rosrpc://localhost:39021
[rosmaster.master][INFO] 2026-06-24 03:53:33,235: -SERVICE [/mavros/set_logger_level] /mavros rosrpc://localhost:39021
[rosmaster.master][INFO] 2026-06-24 03:53:33,235: -SERVICE [/mavros/cmd/command] /mavros rosrpc://localhost:39021
[rosmaster.master][INFO] 2026-06-24 03:53:33,236: -SERVICE [/mavros/cmd/command_ack] /mavros rosrpc://localhost:39021
[rosmaster.master][INFO] 2026-06-24 03:53:33,236: -SERVICE [/mavros/cmd/command_int] /mavros rosrpc://localhost:39021
[rosmaster.master][INFO] 2026-06-24 03:53:33,236: -SERVICE [/mavros/cmd/arming] /mavros rosrpc://localhost:39021
[rosmaster.master][INFO] 2026-06-24 03:53:33,237: -SERVICE [/mavros/cmd/set_home] /mavros rosrpc://localhost:39021
[rosmaster.master][INFO] 2026-06-24 03:53:33,237: -SERVICE [/mavros/cmd/takeoff] /mavros rosrpc://localhost:39021
[rosmaster.master][INFO] 2026-06-24 03:53:33,237: -SERVICE [/mavros/cmd/land] /mavros rosrpc://localhost:39021
[rosmaster.master][INFO] 2026-06-24 03:53:33,238: -SERVICE [/mavros/cmd/trigger_control] /mavros rosrpc://localhost:39021
[rosmaster.master][INFO] 2026-06-24 03:53:33,238: -SERVICE [/mavros/cmd/trigger_interval] /mavros rosrpc://localhost:39021
[rosmaster.master][INFO] 2026-06-24 03:53:33,239: -SERVICE [/mavros/cmd/vtol_transition] /mavros rosrpc://localhost:39021
[rosmaster.master][INFO] 2026-06-24 03:53:33,239: -SERVICE [/mavros/geofence/pull] /mavros rosrpc://localhost:39021
[rosmaster.master][INFO] 2026-06-24 03:53:33,240: -SERVICE [/mavros/geofence/push] /mavros rosrpc://localhost:39021
[rosmaster.master][INFO] 2026-06-24 03:53:33,240: -SERVICE [/mavros/geofence/clear] /mavros rosrpc://localhost:39021
[rosmaster.master][INFO] 2026-06-24 03:53:33,240: -SERVICE [/mavros/home_position/req_update] /mavros rosrpc://localhost:39021
[rosmaster.master][INFO] 2026-06-24 03:53:33,241: -SERVICE [/mavros/log_transfer/raw/log_request_list] /mavros rosrpc://localhost:39021
[rosmaster.master][INFO] 2026-06-24 03:53:33,241: -SERVICE [/mavros/log_transfer/raw/log_request_data] /mavros rosrpc://localhost:39021
[rosmaster.master][INFO] 2026-06-24 03:53:33,241: -SERVICE [/mavros/log_transfer/raw/log_request_end] /mavros rosrpc://localhost:39021
[rosmaster.master][INFO] 2026-06-24 03:53:33,242: -SERVICE [/mavros/log_transfer/raw/log_request_erase] /mavros rosrpc://localhost:39021
[rosmaster.master][INFO] 2026-06-24 03:53:33,242: -SERVICE [/mavros/mount_control/configure] /mavros rosrpc://localhost:39021
[rosmaster.master][INFO] 2026-06-24 03:53:33,242: -SERVICE [/mavros/param/pull] /mavros rosrpc://localhost:39021
[rosmaster.master][INFO] 2026-06-24 03:53:33,243: -SERVICE [/mavros/param/push] /mavros rosrpc://localhost:39021
[rosmaster.master][INFO] 2026-06-24 03:53:33,243: -SERVICE [/mavros/param/set] /mavros rosrpc://localhost:39021
[rosmaster.master][INFO] 2026-06-24 03:53:33,244: -SERVICE [/mavros/param/get] /mavros rosrpc://localhost:39021
[rosmaster.master][INFO] 2026-06-24 03:53:33,244: -SERVICE [/mavros/rallypoint/pull] /mavros rosrpc://localhost:39021
[rosmaster.master][INFO] 2026-06-24 03:53:33,244: -SERVICE [/mavros/rallypoint/push] /mavros rosrpc://localhost:39021
[rosmaster.master][INFO] 2026-06-24 03:53:33,245: -SERVICE [/mavros/rallypoint/clear] /mavros rosrpc://localhost:39021
[rosmaster.master][INFO] 2026-06-24 03:53:33,245: -SERVICE [/mavros/setpoint_position/mav_frame] /mavros rosrpc://localhost:39021
[rosmaster.master][INFO] 2026-06-24 03:53:33,246: -SERVICE [/mavros/setpoint_trajectory/reset] /mavros rosrpc://localhost:39021
[rosmaster.master][INFO] 2026-06-24 03:53:33,246: -SERVICE [/mavros/setpoint_trajectory/mav_frame] /mavros rosrpc://localhost:39021
[rosmaster.master][INFO] 2026-06-24 03:53:33,246: -SERVICE [/mavros/setpoint_velocity/mav_frame] /mavros rosrpc://localhost:39021
[rosmaster.master][INFO] 2026-06-24 03:53:33,247: -SERVICE [/mavros/set_stream_rate] /mavros rosrpc://localhost:39021
[rosmaster.master][INFO] 2026-06-24 03:53:33,247: -SERVICE [/mavros/set_mode] /mavros rosrpc://localhost:39021
[rosmaster.master][INFO] 2026-06-24 03:53:33,247: -SERVICE [/mavros/vehicle_info_get] /mavros rosrpc://localhost:39021
[rosmaster.master][INFO] 2026-06-24 03:53:33,248: -SERVICE [/mavros/set_message_interval] /mavros rosrpc://localhost:39021
[rosmaster.master][INFO] 2026-06-24 03:53:33,248: -SERVICE [/mavros/mission/pull] /mavros rosrpc://localhost:39021
[rosmaster.master][INFO] 2026-06-24 03:53:33,249: -SERVICE [/mavros/mission/push] /mavros rosrpc://localhost:39021
[rosmaster.master][INFO] 2026-06-24 03:53:33,249: -SERVICE [/mavros/mission/clear] /mavros rosrpc://localhost:39021
[rosmaster.master][INFO] 2026-06-24 03:53:33,249: -SERVICE [/mavros/mission/set_current] /mavros rosrpc://localhost:39021
[rosmaster.master][INFO] 2026-06-24 03:53:33,250: -CACHEDPARAM [/mavros/diagnostic_period] by /mavros
[rosmaster.master][INFO] 2026-06-24 03:53:33,251: -CACHEDPARAM [/rosout_disable_topics_generation] by /mavros
[rosmaster.master][INFO] 2026-06-24 03:53:36,402: -PUB [/rosout_agg] /rosout http://localhost:45415/
[rosmaster.master][INFO] 2026-06-24 03:53:36,403: -SUB [/rosout] /rosout http://localhost:45415/
[rosmaster.master][INFO] 2026-06-24 03:53:36,403: -SERVICE [/rosout/get_loggers] /rosout rosrpc://localhost:59017
[rosmaster.master][INFO] 2026-06-24 03:53:36,403: -SERVICE [/rosout/set_logger_level] /rosout rosrpc://localhost:59017
[rosmaster.master][INFO] 2026-06-24 03:53:36,404: -CACHEDPARAM [/rosout/omit_topics] by /rosout
[rosmaster.main][INFO] 2026-06-24 03:53:36,501: keyboard interrupt, will exit
[rosmaster.main][INFO] 2026-06-24 03:53:36,502: stopping master...
[rospy.core][INFO] 2026-06-24 03:53:36,502: signal_shutdown [atexit]
