[rosmaster.main][INFO] 2026-07-09 04:03:41,820: initialization complete, waiting for shutdown
[rosmaster.main][INFO] 2026-07-09 04:03:41,820: Starting ROS Master Node
[xmlrpc][INFO] 2026-07-09 04:03:41,821: XML-RPC server binding to 127.0.0.1:11311
[xmlrpc][INFO] 2026-07-09 04:03:41,821: Started XML-RPC server [http://localhost:11311/]
[xmlrpc][INFO] 2026-07-09 04:03:41,821: xml rpc node: starting XML-RPC server
[rosmaster.master][INFO] 2026-07-09 04:03:41,822: Master initialized: port[11311], uri[http://localhost:11311/]
[rosmaster.master][INFO] 2026-07-09 04:03:41,927: +PARAM [/run_id] by /roslaunch
[rosmaster.master][INFO] 2026-07-09 04:03:41,929: +PARAM [/roslaunch/uris/host_localhost__46151] by /roslaunch
[rosmaster.master][INFO] 2026-07-09 04:03:41,969: +PARAM [/rosversion] by /roslaunch
[rosmaster.master][INFO] 2026-07-09 04:03:41,969: +PARAM [/rosdistro] by /roslaunch
[rosmaster.master][INFO] 2026-07-09 04:03:41,977: +SERVICE [/rosout/get_loggers] /rosout http://localhost:37529/
[rosmaster.master][INFO] 2026-07-09 04:03:41,978: +SERVICE [/rosout/set_logger_level] /rosout http://localhost:37529/
[rosmaster.master][INFO] 2026-07-09 04:03:41,979: +PUB [/rosout_agg] /rosout http://localhost:37529/
[rosmaster.master][INFO] 2026-07-09 04:03:41,982: +SUB [/rosout] /rosout http://localhost:37529/
[rosmaster.master][INFO] 2026-07-09 04:03:45,985: +PARAM [/roslaunch/uris/host_localhost__39971] by /roslaunch
[rosmaster.master][INFO] 2026-07-09 04:03:45,994: +PARAM [/rosversion] by /roslaunch
[rosmaster.master][INFO] 2026-07-09 04:03:45,994: +PARAM [/rosdistro] by /roslaunch
[rosmaster.master][INFO] 2026-07-09 04:03:45,994: +PARAM [/mavros/plugin_blacklist] by /roslaunch
[rosmaster.master][INFO] 2026-07-09 04:03:45,994: +PARAM [/mavros/plugin_whitelist] by /roslaunch
[rosmaster.master][INFO] 2026-07-09 04:03:45,994: +PARAM [/mavros/startup_px4_usb_quirk] by /roslaunch
[rosmaster.master][INFO] 2026-07-09 04:03:45,994: +PARAM [/mavros/conn/heartbeat_rate] by /roslaunch
[rosmaster.master][INFO] 2026-07-09 04:03:45,994: +PARAM [/mavros/conn/heartbeat_mav_type] by /roslaunch
[rosmaster.master][INFO] 2026-07-09 04:03:45,994: +PARAM [/mavros/conn/timeout] by /roslaunch
[rosmaster.master][INFO] 2026-07-09 04:03:45,994: +PARAM [/mavros/conn/timesync_rate] by /roslaunch
[rosmaster.master][INFO] 2026-07-09 04:03:45,994: +PARAM [/mavros/conn/system_time_rate] by /roslaunch
[rosmaster.master][INFO] 2026-07-09 04:03:45,994: +PARAM [/mavros/sys/min_voltage] by /roslaunch
[rosmaster.master][INFO] 2026-07-09 04:03:45,995: +PARAM [/mavros/sys/disable_diag] by /roslaunch
[rosmaster.master][INFO] 2026-07-09 04:03:45,995: +PARAM [/mavros/time/time_ref_source] by /roslaunch
[rosmaster.master][INFO] 2026-07-09 04:03:45,995: +PARAM [/mavros/time/timesync_mode] by /roslaunch
[rosmaster.master][INFO] 2026-07-09 04:03:45,995: +PARAM [/mavros/time/timesync_avg_alpha] by /roslaunch
[rosmaster.master][INFO] 2026-07-09 04:03:45,995: +PARAM [/mavros/tdr_radio/low_rssi] by /roslaunch
[rosmaster.master][INFO] 2026-07-09 04:03:45,996: +PARAM [/mavros/cmd/use_comp_id_system_control] by /roslaunch
[rosmaster.master][INFO] 2026-07-09 04:03:45,996: +PARAM [/mavros/global_position/frame_id] by /roslaunch
[rosmaster.master][INFO] 2026-07-09 04:03:45,996: +PARAM [/mavros/global_position/child_frame_id] by /roslaunch
[rosmaster.master][INFO] 2026-07-09 04:03:45,996: +PARAM [/mavros/global_position/rot_covariance] by /roslaunch
[rosmaster.master][INFO] 2026-07-09 04:03:45,996: +PARAM [/mavros/global_position/gps_uere] by /roslaunch
[rosmaster.master][INFO] 2026-07-09 04:03:45,996: +PARAM [/mavros/global_position/use_relative_alt] by /roslaunch
[rosmaster.master][INFO] 2026-07-09 04:03:45,996: +PARAM [/mavros/global_position/tf/send] by /roslaunch
[rosmaster.master][INFO] 2026-07-09 04:03:45,996: +PARAM [/mavros/global_position/tf/frame_id] by /roslaunch
[rosmaster.master][INFO] 2026-07-09 04:03:45,996: +PARAM [/mavros/global_position/tf/global_frame_id] by /roslaunch
[rosmaster.master][INFO] 2026-07-09 04:03:45,996: +PARAM [/mavros/global_position/tf/child_frame_id] by /roslaunch
[rosmaster.master][INFO] 2026-07-09 04:03:45,996: +PARAM [/mavros/imu/frame_id] by /roslaunch
[rosmaster.master][INFO] 2026-07-09 04:03:45,996: +PARAM [/mavros/imu/linear_acceleration_stdev] by /roslaunch
[rosmaster.master][INFO] 2026-07-09 04:03:45,996: +PARAM [/mavros/imu/angular_velocity_stdev] by /roslaunch
[rosmaster.master][INFO] 2026-07-09 04:03:45,996: +PARAM [/mavros/imu/orientation_stdev] by /roslaunch
[rosmaster.master][INFO] 2026-07-09 04:03:45,996: +PARAM [/mavros/imu/magnetic_stdev] by /roslaunch
[rosmaster.master][INFO] 2026-07-09 04:03:45,996: +PARAM [/mavros/local_position/frame_id] by /roslaunch
[rosmaster.master][INFO] 2026-07-09 04:03:45,996: +PARAM [/mavros/local_position/tf/send] by /roslaunch
[rosmaster.master][INFO] 2026-07-09 04:03:45,996: +PARAM [/mavros/local_position/tf/frame_id] by /roslaunch
[rosmaster.master][INFO] 2026-07-09 04:03:45,996: +PARAM [/mavros/local_position/tf/child_frame_id] by /roslaunch
[rosmaster.master][INFO] 2026-07-09 04:03:45,996: +PARAM [/mavros/local_position/tf/send_fcu] by /roslaunch
[rosmaster.master][INFO] 2026-07-09 04:03:45,996: +PARAM [/mavros/safety_area/p1/x] by /roslaunch
[rosmaster.master][INFO] 2026-07-09 04:03:45,996: +PARAM [/mavros/safety_area/p1/y] by /roslaunch
[rosmaster.master][INFO] 2026-07-09 04:03:45,997: +PARAM [/mavros/safety_area/p1/z] by /roslaunch
[rosmaster.master][INFO] 2026-07-09 04:03:45,997: +PARAM [/mavros/safety_area/p2/x] by /roslaunch
[rosmaster.master][INFO] 2026-07-09 04:03:45,997: +PARAM [/mavros/safety_area/p2/y] by /roslaunch
[rosmaster.master][INFO] 2026-07-09 04:03:45,997: +PARAM [/mavros/safety_area/p2/z] by /roslaunch
[rosmaster.master][INFO] 2026-07-09 04:03:45,997: +PARAM [/mavros/setpoint_accel/send_force] by /roslaunch
[rosmaster.master][INFO] 2026-07-09 04:03:45,997: +PARAM [/mavros/setpoint_attitude/reverse_thrust] by /roslaunch
[rosmaster.master][INFO] 2026-07-09 04:03:45,997: +PARAM [/mavros/setpoint_attitude/use_quaternion] by /roslaunch
[rosmaster.master][INFO] 2026-07-09 04:03:45,997: +PARAM [/mavros/setpoint_attitude/tf/listen] by /roslaunch
[rosmaster.master][INFO] 2026-07-09 04:03:45,997: +PARAM [/mavros/setpoint_attitude/tf/frame_id] by /roslaunch
[rosmaster.master][INFO] 2026-07-09 04:03:45,997: +PARAM [/mavros/setpoint_attitude/tf/child_frame_id] by /roslaunch
[rosmaster.master][INFO] 2026-07-09 04:03:45,997: +PARAM [/mavros/setpoint_attitude/tf/rate_limit] by /roslaunch
[rosmaster.master][INFO] 2026-07-09 04:03:45,997: +PARAM [/mavros/setpoint_raw/thrust_scaling] by /roslaunch
[rosmaster.master][INFO] 2026-07-09 04:03:45,997: +PARAM [/mavros/setpoint_position/tf/listen] by /roslaunch
[rosmaster.master][INFO] 2026-07-09 04:03:45,997: +PARAM [/mavros/setpoint_position/tf/frame_id] by /roslaunch
[rosmaster.master][INFO] 2026-07-09 04:03:45,997: +PARAM [/mavros/setpoint_position/tf/child_frame_id] by /roslaunch
[rosmaster.master][INFO] 2026-07-09 04:03:45,997: +PARAM [/mavros/setpoint_position/tf/rate_limit] by /roslaunch
[rosmaster.master][INFO] 2026-07-09 04:03:45,997: +PARAM [/mavros/setpoint_position/mav_frame] by /roslaunch
[rosmaster.master][INFO] 2026-07-09 04:03:45,997: +PARAM [/mavros/guided_target/tf/listen] by /roslaunch
[rosmaster.master][INFO] 2026-07-09 04:03:45,997: +PARAM [/mavros/guided_target/tf/frame_id] by /roslaunch
[rosmaster.master][INFO] 2026-07-09 04:03:45,997: +PARAM [/mavros/guided_target/tf/child_frame_id] by /roslaunch
[rosmaster.master][INFO] 2026-07-09 04:03:45,997: +PARAM [/mavros/guided_target/tf/rate_limit] by /roslaunch
[rosmaster.master][INFO] 2026-07-09 04:03:45,997: +PARAM [/mavros/setpoint_velocity/mav_frame] by /roslaunch
[rosmaster.master][INFO] 2026-07-09 04:03:45,997: +PARAM [/mavros/mission/pull_after_gcs] by /roslaunch
[rosmaster.master][INFO] 2026-07-09 04:03:45,997: +PARAM [/mavros/mission/use_mission_item_int] by /roslaunch
[rosmaster.master][INFO] 2026-07-09 04:03:45,997: +PARAM [/mavros/distance_sensor/rangefinder_pub/id] by /roslaunch
[rosmaster.master][INFO] 2026-07-09 04:03:45,997: +PARAM [/mavros/distance_sensor/rangefinder_pub/frame_id] by /roslaunch
[rosmaster.master][INFO] 2026-07-09 04:03:45,997: +PARAM [/mavros/distance_sensor/rangefinder_pub/field_of_view] by /roslaunch
[rosmaster.master][INFO] 2026-07-09 04:03:45,997: +PARAM [/mavros/distance_sensor/rangefinder_pub/send_tf] by /roslaunch
[rosmaster.master][INFO] 2026-07-09 04:03:45,998: +PARAM [/mavros/distance_sensor/rangefinder_pub/sensor_position/x] by /roslaunch
[rosmaster.master][INFO] 2026-07-09 04:03:45,998: +PARAM [/mavros/distance_sensor/rangefinder_pub/sensor_position/y] by /roslaunch
[rosmaster.master][INFO] 2026-07-09 04:03:45,998: +PARAM [/mavros/distance_sensor/rangefinder_pub/sensor_position/z] by /roslaunch
[rosmaster.master][INFO] 2026-07-09 04:03:45,998: +PARAM [/mavros/distance_sensor/rangefinder_sub/subscriber] by /roslaunch
[rosmaster.master][INFO] 2026-07-09 04:03:45,998: +PARAM [/mavros/distance_sensor/rangefinder_sub/id] by /roslaunch
[rosmaster.master][INFO] 2026-07-09 04:03:45,998: +PARAM [/mavros/distance_sensor/rangefinder_sub/orientation] by /roslaunch
[rosmaster.master][INFO] 2026-07-09 04:03:45,998: +PARAM [/mavros/image/frame_id] by /roslaunch
[rosmaster.master][INFO] 2026-07-09 04:03:45,998: +PARAM [/mavros/fake_gps/use_mocap] by /roslaunch
[rosmaster.master][INFO] 2026-07-09 04:03:45,998: +PARAM [/mavros/fake_gps/mocap_transform] by /roslaunch
[rosmaster.master][INFO] 2026-07-09 04:03:45,998: +PARAM [/mavros/fake_gps/mocap_withcovariance] by /roslaunch
[rosmaster.master][INFO] 2026-07-09 04:03:45,998: +PARAM [/mavros/fake_gps/use_vision] by /roslaunch
[rosmaster.master][INFO] 2026-07-09 04:03:45,998: +PARAM [/mavros/fake_gps/use_hil_gps] by /roslaunch
[rosmaster.master][INFO] 2026-07-09 04:03:45,998: +PARAM [/mavros/fake_gps/gps_id] by /roslaunch
[rosmaster.master][INFO] 2026-07-09 04:03:45,998: +PARAM [/mavros/fake_gps/geo_origin/lat] by /roslaunch
[rosmaster.master][INFO] 2026-07-09 04:03:45,998: +PARAM [/mavros/fake_gps/geo_origin/lon] by /roslaunch
[rosmaster.master][INFO] 2026-07-09 04:03:45,998: +PARAM [/mavros/fake_gps/geo_origin/alt] by /roslaunch
[rosmaster.master][INFO] 2026-07-09 04:03:45,998: +PARAM [/mavros/fake_gps/eph] by /roslaunch
[rosmaster.master][INFO] 2026-07-09 04:03:45,998: +PARAM [/mavros/fake_gps/epv] by /roslaunch
[rosmaster.master][INFO] 2026-07-09 04:03:45,998: +PARAM [/mavros/fake_gps/horiz_accuracy] by /roslaunch
[rosmaster.master][INFO] 2026-07-09 04:03:45,998: +PARAM [/mavros/fake_gps/vert_accuracy] by /roslaunch
[rosmaster.master][INFO] 2026-07-09 04:03:45,998: +PARAM [/mavros/fake_gps/speed_accuracy] by /roslaunch
[rosmaster.master][INFO] 2026-07-09 04:03:45,998: +PARAM [/mavros/fake_gps/satellites_visible] by /roslaunch
[rosmaster.master][INFO] 2026-07-09 04:03:45,998: +PARAM [/mavros/fake_gps/fix_type] by /roslaunch
[rosmaster.master][INFO] 2026-07-09 04:03:45,998: +PARAM [/mavros/fake_gps/tf/listen] by /roslaunch
[rosmaster.master][INFO] 2026-07-09 04:03:45,998: +PARAM [/mavros/fake_gps/tf/send] by /roslaunch
[rosmaster.master][INFO] 2026-07-09 04:03:45,998: +PARAM [/mavros/fake_gps/tf/frame_id] by /roslaunch
[rosmaster.master][INFO] 2026-07-09 04:03:45,998: +PARAM [/mavros/fake_gps/tf/child_frame_id] by /roslaunch
[rosmaster.master][INFO] 2026-07-09 04:03:45,998: +PARAM [/mavros/fake_gps/tf/rate_limit] by /roslaunch
[rosmaster.master][INFO] 2026-07-09 04:03:45,998: +PARAM [/mavros/fake_gps/gps_rate] by /roslaunch
[rosmaster.master][INFO] 2026-07-09 04:03:45,998: +PARAM [/mavros/landing_target/listen_lt] by /roslaunch
[rosmaster.master][INFO] 2026-07-09 04:03:45,998: +PARAM [/mavros/landing_target/mav_frame] by /roslaunch
[rosmaster.master][INFO] 2026-07-09 04:03:45,999: +PARAM [/mavros/landing_target/land_target_type] by /roslaunch
[rosmaster.master][INFO] 2026-07-09 04:03:45,999: +PARAM [/mavros/landing_target/image/width] by /roslaunch
[rosmaster.master][INFO] 2026-07-09 04:03:45,999: +PARAM [/mavros/landing_target/image/height] by /roslaunch
[rosmaster.master][INFO] 2026-07-09 04:03:45,999: +PARAM [/mavros/landing_target/camera/fov_x] by /roslaunch
[rosmaster.master][INFO] 2026-07-09 04:03:45,999: +PARAM [/mavros/landing_target/camera/fov_y] by /roslaunch
[rosmaster.master][INFO] 2026-07-09 04:03:45,999: +PARAM [/mavros/landing_target/tf/send] by /roslaunch
[rosmaster.master][INFO] 2026-07-09 04:03:45,999: +PARAM [/mavros/landing_target/tf/listen] by /roslaunch
[rosmaster.master][INFO] 2026-07-09 04:03:45,999: +PARAM [/mavros/landing_target/tf/frame_id] by /roslaunch
[rosmaster.master][INFO] 2026-07-09 04:03:45,999: +PARAM [/mavros/landing_target/tf/child_frame_id] by /roslaunch
[rosmaster.master][INFO] 2026-07-09 04:03:45,999: +PARAM [/mavros/landing_target/tf/rate_limit] by /roslaunch
[rosmaster.master][INFO] 2026-07-09 04:03:45,999: +PARAM [/mavros/landing_target/target_size/x] by /roslaunch
[rosmaster.master][INFO] 2026-07-09 04:03:45,999: +PARAM [/mavros/landing_target/target_size/y] by /roslaunch
[rosmaster.master][INFO] 2026-07-09 04:03:45,999: +PARAM [/mavros/mocap/use_tf] by /roslaunch
[rosmaster.master][INFO] 2026-07-09 04:03:45,999: +PARAM [/mavros/mocap/use_pose] by /roslaunch
[rosmaster.master][INFO] 2026-07-09 04:03:45,999: +PARAM [/mavros/mount/debounce_s] by /roslaunch
[rosmaster.master][INFO] 2026-07-09 04:03:45,999: +PARAM [/mavros/mount/err_threshold_deg] by /roslaunch
[rosmaster.master][INFO] 2026-07-09 04:03:45,999: +PARAM [/mavros/mount/negate_measured_roll] by /roslaunch
[rosmaster.master][INFO] 2026-07-09 04:03:45,999: +PARAM [/mavros/mount/negate_measured_pitch] by /roslaunch
[rosmaster.master][INFO] 2026-07-09 04:03:45,999: +PARAM [/mavros/mount/negate_measured_yaw] by /roslaunch
[rosmaster.master][INFO] 2026-07-09 04:03:45,999: +PARAM [/mavros/odometry/frame_tf/desired_frame] by /roslaunch
[rosmaster.master][INFO] 2026-07-09 04:03:45,999: +PARAM [/mavros/odometry/estimator_type] by /roslaunch
[rosmaster.master][INFO] 2026-07-09 04:03:45,999: +PARAM [/mavros/px4flow/frame_id] by /roslaunch
[rosmaster.master][INFO] 2026-07-09 04:03:45,999: +PARAM [/mavros/px4flow/ranger_fov] by /roslaunch
[rosmaster.master][INFO] 2026-07-09 04:03:45,999: +PARAM [/mavros/px4flow/ranger_min_range] by /roslaunch
[rosmaster.master][INFO] 2026-07-09 04:03:45,999: +PARAM [/mavros/px4flow/ranger_max_range] by /roslaunch
[rosmaster.master][INFO] 2026-07-09 04:03:45,999: +PARAM [/mavros/vision_pose/tf/listen] by /roslaunch
[rosmaster.master][INFO] 2026-07-09 04:03:45,999: +PARAM [/mavros/vision_pose/tf/frame_id] by /roslaunch
[rosmaster.master][INFO] 2026-07-09 04:03:45,999: +PARAM [/mavros/vision_pose/tf/child_frame_id] by /roslaunch
[rosmaster.master][INFO] 2026-07-09 04:03:45,999: +PARAM [/mavros/vision_pose/tf/rate_limit] by /roslaunch
[rosmaster.master][INFO] 2026-07-09 04:03:45,999: +PARAM [/mavros/vision_speed/listen_twist] by /roslaunch
[rosmaster.master][INFO] 2026-07-09 04:03:45,999: +PARAM [/mavros/vision_speed/twist_cov] by /roslaunch
[rosmaster.master][INFO] 2026-07-09 04:03:45,999: +PARAM [/mavros/vibration/frame_id] by /roslaunch
[rosmaster.master][INFO] 2026-07-09 04:03:45,999: +PARAM [/mavros/wheel_odometry/count] by /roslaunch
[rosmaster.master][INFO] 2026-07-09 04:03:46,000: +PARAM [/mavros/wheel_odometry/use_rpm] by /roslaunch
[rosmaster.master][INFO] 2026-07-09 04:03:46,000: +PARAM [/mavros/wheel_odometry/wheel0/x] by /roslaunch
[rosmaster.master][INFO] 2026-07-09 04:03:46,000: +PARAM [/mavros/wheel_odometry/wheel0/y] by /roslaunch
[rosmaster.master][INFO] 2026-07-09 04:03:46,000: +PARAM [/mavros/wheel_odometry/wheel0/radius] by /roslaunch
[rosmaster.master][INFO] 2026-07-09 04:03:46,000: +PARAM [/mavros/wheel_odometry/wheel1/x] by /roslaunch
[rosmaster.master][INFO] 2026-07-09 04:03:46,000: +PARAM [/mavros/wheel_odometry/wheel1/y] by /roslaunch
[rosmaster.master][INFO] 2026-07-09 04:03:46,000: +PARAM [/mavros/wheel_odometry/wheel1/radius] by /roslaunch
[rosmaster.master][INFO] 2026-07-09 04:03:46,000: +PARAM [/mavros/wheel_odometry/send_raw] by /roslaunch
[rosmaster.master][INFO] 2026-07-09 04:03:46,000: +PARAM [/mavros/wheel_odometry/send_twist] by /roslaunch
[rosmaster.master][INFO] 2026-07-09 04:03:46,000: +PARAM [/mavros/wheel_odometry/frame_id] by /roslaunch
[rosmaster.master][INFO] 2026-07-09 04:03:46,000: +PARAM [/mavros/wheel_odometry/child_frame_id] by /roslaunch
[rosmaster.master][INFO] 2026-07-09 04:03:46,000: +PARAM [/mavros/wheel_odometry/vel_error] by /roslaunch
[rosmaster.master][INFO] 2026-07-09 04:03:46,000: +PARAM [/mavros/wheel_odometry/tf/send] by /roslaunch
[rosmaster.master][INFO] 2026-07-09 04:03:46,000: +PARAM [/mavros/wheel_odometry/tf/frame_id] by /roslaunch
[rosmaster.master][INFO] 2026-07-09 04:03:46,000: +PARAM [/mavros/wheel_odometry/tf/child_frame_id] by /roslaunch
[rosmaster.master][INFO] 2026-07-09 04:03:46,000: +PARAM [/mavros/fcu_url] by /roslaunch
[rosmaster.master][INFO] 2026-07-09 04:03:46,000: +PARAM [/mavros/gcs_url] by /roslaunch
[rosmaster.master][INFO] 2026-07-09 04:03:46,000: +PARAM [/mavros/target_system_id] by /roslaunch
[rosmaster.master][INFO] 2026-07-09 04:03:46,000: +PARAM [/mavros/target_component_id] by /roslaunch
[rosmaster.master][INFO] 2026-07-09 04:03:46,000: +PARAM [/mavros/fcu_protocol] by /roslaunch
[rosmaster.master][INFO] 2026-07-09 04:03:46,056: +PUB [/rosout] /mavros http://localhost:37501/
[rosmaster.master][INFO] 2026-07-09 04:03:46,057: +SERVICE [/mavros/get_loggers] /mavros http://localhost:37501/
[rosmaster.master][INFO] 2026-07-09 04:03:46,057: +SERVICE [/mavros/set_logger_level] /mavros http://localhost:37501/
[rosmaster.master][INFO] 2026-07-09 04:03:46,059: +PUB [/diagnostics] /mavros http://localhost:37501/
[rosmaster.master][INFO] 2026-07-09 04:03:46,060: +CACHEDPARAM [/mavros/diagnostic_period] by /mavros
[rosmaster.master][INFO] 2026-07-09 04:03:46,072: +SUB [/tf] /mavros http://localhost:37501/
[rosmaster.master][INFO] 2026-07-09 04:03:46,074: +SUB [/tf_static] /mavros http://localhost:37501/
[rosmaster.master][INFO] 2026-07-09 04:03:46,075: +PUB [/tf] /mavros http://localhost:37501/
[rosmaster.master][INFO] 2026-07-09 04:03:46,075: +PUB [/tf_static] /mavros http://localhost:37501/
[rosmaster.master][INFO] 2026-07-09 04:03:46,116: +CACHEDPARAM [/rosout_disable_topics_generation] by /mavros
[rosmaster.master][INFO] 2026-07-09 04:03:46,122: +PUB [/mavlink/from] /mavros http://localhost:37501/
[rosmaster.master][INFO] 2026-07-09 04:03:46,124: +SUB [/mavlink/to] /mavros http://localhost:37501/
[rosmaster.master][INFO] 2026-07-09 04:03:46,133: publisherUpdate[/rosout] -> http://localhost:37529/ ['http://localhost:37501/']
[rosmaster.master][INFO] 2026-07-09 04:03:46,134: publisherUpdate[/tf] -> http://localhost:37501/ ['http://localhost:37501/']
[rosmaster.master][INFO] 2026-07-09 04:03:46,137: publisherUpdate[/tf] -> http://localhost:37501/ ['http://localhost:37501/']: sec=0.00, result=[1, '', 0]
[rosmaster.master][INFO] 2026-07-09 04:03:46,138: publisherUpdate[/rosout] -> http://localhost:37529/ ['http://localhost:37501/']: sec=0.00, result=[1, '', 0]
[rosmaster.master][INFO] 2026-07-09 04:03:46,138: publisherUpdate[/tf_static] -> http://localhost:37501/ ['http://localhost:37501/']
[rosmaster.master][INFO] 2026-07-09 04:03:46,138: publisherUpdate[/tf_static] -> http://localhost:37501/ ['http://localhost:37501/']: sec=0.00, result=[1, '', 0]
[rosmaster.master][INFO] 2026-07-09 04:03:46,142: +PUB [/mavros/radio_status] /mavros http://localhost:37501/
[rosmaster.master][INFO] 2026-07-09 04:03:46,152: +PUB [/mavros/adsb/vehicle] /mavros http://localhost:37501/
[rosmaster.master][INFO] 2026-07-09 04:03:46,154: +SUB [/mavros/adsb/send] /mavros http://localhost:37501/
[rosmaster.master][INFO] 2026-07-09 04:03:46,155: +PUB [/mavros/cam_imu_sync/cam_imu_stamp] /mavros http://localhost:37501/
[rosmaster.master][INFO] 2026-07-09 04:03:46,156: +PUB [/mavros/camera/image_captured] /mavros http://localhost:37501/
[rosmaster.master][INFO] 2026-07-09 04:03:46,158: +SUB [/mavros/cellular_status/status] /mavros http://localhost:37501/
[rosmaster.master][INFO] 2026-07-09 04:03:46,160: +SERVICE [/mavros/cmd/command] /mavros http://localhost:37501/
[rosmaster.master][INFO] 2026-07-09 04:03:46,161: +SERVICE [/mavros/cmd/command_ack] /mavros http://localhost:37501/
[rosmaster.master][INFO] 2026-07-09 04:03:46,161: +SERVICE [/mavros/cmd/command_int] /mavros http://localhost:37501/
[rosmaster.master][INFO] 2026-07-09 04:03:46,162: +SERVICE [/mavros/cmd/arming] /mavros http://localhost:37501/
[rosmaster.master][INFO] 2026-07-09 04:03:46,163: +SERVICE [/mavros/cmd/set_home] /mavros http://localhost:37501/
[rosmaster.master][INFO] 2026-07-09 04:03:46,163: +SERVICE [/mavros/cmd/takeoff] /mavros http://localhost:37501/
[rosmaster.master][INFO] 2026-07-09 04:03:46,164: +SERVICE [/mavros/cmd/land] /mavros http://localhost:37501/
[rosmaster.master][INFO] 2026-07-09 04:03:46,164: +SERVICE [/mavros/cmd/trigger_control] /mavros http://localhost:37501/
[rosmaster.master][INFO] 2026-07-09 04:03:46,165: +SERVICE [/mavros/cmd/trigger_interval] /mavros http://localhost:37501/
[rosmaster.master][INFO] 2026-07-09 04:03:46,166: +SERVICE [/mavros/cmd/vtol_transition] /mavros http://localhost:37501/
[rosmaster.master][INFO] 2026-07-09 04:03:46,168: +SUB [/mavros/companion_process/status] /mavros http://localhost:37501/
[rosmaster.master][INFO] 2026-07-09 04:03:46,172: +PUB [/mavros/distance_sensor/rangefinder_pub] /mavros http://localhost:37501/
[rosmaster.master][INFO] 2026-07-09 04:03:46,176: +SUB [/mavros/distance_sensor/rangefinder_sub] /mavros http://localhost:37501/
[rosmaster.master][INFO] 2026-07-09 04:03:46,177: +PUB [/mavros/esc_info] /mavros http://localhost:37501/
[rosmaster.master][INFO] 2026-07-09 04:03:46,178: +PUB [/mavros/esc_status] /mavros http://localhost:37501/
[rosmaster.master][INFO] 2026-07-09 04:03:46,179: +PUB [/mavros/esc_telemetry] /mavros http://localhost:37501/
[rosmaster.master][INFO] 2026-07-09 04:03:46,193: +SUB [/mavros/fake_gps/mocap/pose] /mavros http://localhost:37501/
[rosmaster.master][INFO] 2026-07-09 04:03:46,195: +PUB [/mavros/geofence/waypoints] /mavros http://localhost:37501/
[rosmaster.master][INFO] 2026-07-09 04:03:46,196: +SERVICE [/mavros/geofence/pull] /mavros http://localhost:37501/
[rosmaster.master][INFO] 2026-07-09 04:03:46,196: +SERVICE [/mavros/geofence/push] /mavros http://localhost:37501/
[rosmaster.master][INFO] 2026-07-09 04:03:46,197: +SERVICE [/mavros/geofence/clear] /mavros http://localhost:37501/
[rosmaster.master][INFO] 2026-07-09 04:03:46,204: +PUB [/mavros/global_position/raw/fix] /mavros http://localhost:37501/
[rosmaster.master][INFO] 2026-07-09 04:03:46,204: +PUB [/mavros/global_position/raw/gps_vel] /mavros http://localhost:37501/
[rosmaster.master][INFO] 2026-07-09 04:03:46,205: +PUB [/mavros/global_position/raw/satellites] /mavros http://localhost:37501/
[rosmaster.master][INFO] 2026-07-09 04:03:46,205: +PUB [/mavros/global_position/global] /mavros http://localhost:37501/
[rosmaster.master][INFO] 2026-07-09 04:03:46,206: +PUB [/mavros/global_position/local] /mavros http://localhost:37501/
[rosmaster.master][INFO] 2026-07-09 04:03:46,206: +PUB [/mavros/global_position/rel_alt] /mavros http://localhost:37501/
[rosmaster.master][INFO] 2026-07-09 04:03:46,206: +PUB [/mavros/global_position/compass_hdg] /mavros http://localhost:37501/
[rosmaster.master][INFO] 2026-07-09 04:03:46,207: +PUB [/mavros/global_position/gp_origin] /mavros http://localhost:37501/
[rosmaster.master][INFO] 2026-07-09 04:03:46,209: +SUB [/mavros/global_position/set_gp_origin] /mavros http://localhost:37501/
[rosmaster.master][INFO] 2026-07-09 04:03:46,210: +SUB [/mavros/home_position/home] /mavros http://localhost:37501/
[rosmaster.master][INFO] 2026-07-09 04:03:46,211: +PUB [/mavros/global_position/gp_lp_offset] /mavros http://localhost:37501/
[rosmaster.master][INFO] 2026-07-09 04:03:46,214: +SUB [/mavros/gps_input/gps_input] /mavros http://localhost:37501/
[rosmaster.master][INFO] 2026-07-09 04:03:46,216: +SUB [/mavros/gps_rtk/send_rtcm] /mavros http://localhost:37501/
[rosmaster.master][INFO] 2026-07-09 04:03:46,217: +PUB [/mavros/gps_rtk/rtk_baseline] /mavros http://localhost:37501/
[rosmaster.master][INFO] 2026-07-09 04:03:46,218: +PUB [/mavros/gpsstatus/gps1/raw] /mavros http://localhost:37501/
[rosmaster.master][INFO] 2026-07-09 04:03:46,218: +PUB [/mavros/gpsstatus/gps2/raw] /mavros http://localhost:37501/
[rosmaster.master][INFO] 2026-07-09 04:03:46,219: +PUB [/mavros/gpsstatus/gps1/rtk] /mavros http://localhost:37501/
[rosmaster.master][INFO] 2026-07-09 04:03:46,219: +PUB [/mavros/gpsstatus/gps2/rtk] /mavros http://localhost:37501/
[rosmaster.master][INFO] 2026-07-09 04:03:46,223: +PUB [/move_base_simple/goal] /mavros http://localhost:37501/
[rosmaster.master][INFO] 2026-07-09 04:03:46,224: +SUB [/mavros/global_position/gp_origin] /mavros http://localhost:37501/
[rosmaster.master][INFO] 2026-07-09 04:03:46,225: +PUB [/mavros/home_position/home] /mavros http://localhost:37501/
[rosmaster.master][INFO] 2026-07-09 04:03:46,227: +SUB [/mavros/home_position/set] /mavros http://localhost:37501/
[rosmaster.master][INFO] 2026-07-09 04:03:46,228: +SERVICE [/mavros/home_position/req_update] /mavros http://localhost:37501/
[rosmaster.master][INFO] 2026-07-09 04:03:46,232: +PUB [/mavros/imu/data] /mavros http://localhost:37501/
[rosmaster.master][INFO] 2026-07-09 04:03:46,233: +PUB [/mavros/imu/mag] /mavros http://localhost:37501/
[rosmaster.master][INFO] 2026-07-09 04:03:46,233: +PUB [/mavros/imu/temperature_imu] /mavros http://localhost:37501/
[rosmaster.master][INFO] 2026-07-09 04:03:46,234: +PUB [/mavros/imu/temperature_baro] /mavros http://localhost:37501/
[rosmaster.master][INFO] 2026-07-09 04:03:46,234: +PUB [/mavros/imu/static_pressure] /mavros http://localhost:37501/
[rosmaster.master][INFO] 2026-07-09 04:03:46,235: +PUB [/mavros/imu/diff_pressure] /mavros http://localhost:37501/
[rosmaster.master][INFO] 2026-07-09 04:03:46,235: publisherUpdate[/mavros/home_position/home] -> http://localhost:37501/ ['http://localhost:37501/']
[rosmaster.master][INFO] 2026-07-09 04:03:46,235: +PUB [/mavros/imu/data_raw] /mavros http://localhost:37501/
[rosmaster.master][INFO] 2026-07-09 04:03:46,239: publisherUpdate[/mavros/home_position/home] -> http://localhost:37501/ ['http://localhost:37501/']: sec=0.00, result=[1, '', 0]
[rosmaster.master][INFO] 2026-07-09 04:03:46,246: +PUB [/mavros/landing_target/pose_in] /mavros http://localhost:37501/
[rosmaster.master][INFO] 2026-07-09 04:03:46,246: +PUB [/mavros/landing_target/lt_marker] /mavros http://localhost:37501/
[rosmaster.master][INFO] 2026-07-09 04:03:46,248: +SUB [/mavros/landing_target/pose] /mavros http://localhost:37501/
[rosmaster.master][INFO] 2026-07-09 04:03:46,251: +PUB [/mavros/local_position/pose] /mavros http://localhost:37501/
[rosmaster.master][INFO] 2026-07-09 04:03:46,251: +PUB [/mavros/local_position/pose_cov] /mavros http://localhost:37501/
[rosmaster.master][INFO] 2026-07-09 04:03:46,252: +PUB [/mavros/local_position/velocity_local] /mavros http://localhost:37501/
[rosmaster.master][INFO] 2026-07-09 04:03:46,252: +PUB [/mavros/local_position/velocity_body] /mavros http://localhost:37501/
[rosmaster.master][INFO] 2026-07-09 04:03:46,252: +PUB [/mavros/local_position/velocity_body_cov] /mavros http://localhost:37501/
[rosmaster.master][INFO] 2026-07-09 04:03:46,253: +PUB [/mavros/local_position/accel] /mavros http://localhost:37501/
[rosmaster.master][INFO] 2026-07-09 04:03:46,253: +PUB [/mavros/local_position/odom] /mavros http://localhost:37501/
[rosmaster.master][INFO] 2026-07-09 04:03:46,254: +PUB [/mavros/log_transfer/raw/log_entry] /mavros http://localhost:37501/
[rosmaster.master][INFO] 2026-07-09 04:03:46,255: +PUB [/mavros/log_transfer/raw/log_data] /mavros http://localhost:37501/
[rosmaster.master][INFO] 2026-07-09 04:03:46,255: +SERVICE [/mavros/log_transfer/raw/log_request_list] /mavros http://localhost:37501/
[rosmaster.master][INFO] 2026-07-09 04:03:46,256: +SERVICE [/mavros/log_transfer/raw/log_request_data] /mavros http://localhost:37501/
[rosmaster.master][INFO] 2026-07-09 04:03:46,256: +SERVICE [/mavros/log_transfer/raw/log_request_end] /mavros http://localhost:37501/
[rosmaster.master][INFO] 2026-07-09 04:03:46,257: +SERVICE [/mavros/log_transfer/raw/log_request_erase] /mavros http://localhost:37501/
[rosmaster.master][INFO] 2026-07-09 04:03:46,257: +PUB [/mavros/mag_calibration/status] /mavros http://localhost:37501/
[rosmaster.master][INFO] 2026-07-09 04:03:46,258: +PUB [/mavros/mag_calibration/report] /mavros http://localhost:37501/
[rosmaster.master][INFO] 2026-07-09 04:03:46,258: +PUB [/mavros/manual_control/control] /mavros http://localhost:37501/
[rosmaster.master][INFO] 2026-07-09 04:03:46,260: +SUB [/mavros/manual_control/send] /mavros http://localhost:37501/
[rosmaster.master][INFO] 2026-07-09 04:03:46,264: +SUB [/mavros/mocap/pose] /mavros http://localhost:37501/
[rosmaster.master][INFO] 2026-07-09 04:03:46,266: +SUB [/mavros/mount_control/command] /mavros http://localhost:37501/
[rosmaster.master][INFO] 2026-07-09 04:03:46,266: +PUB [/mavros/mount_control/orientation] /mavros http://localhost:37501/
[rosmaster.master][INFO] 2026-07-09 04:03:46,267: +PUB [/mavros/mount_control/status] /mavros http://localhost:37501/
[rosmaster.master][INFO] 2026-07-09 04:03:46,267: +SERVICE [/mavros/mount_control/configure] /mavros http://localhost:37501/
[rosmaster.master][INFO] 2026-07-09 04:03:46,272: +PUB [/mavros/nav_controller_output] /mavros http://localhost:37501/
[rosmaster.master][INFO] 2026-07-09 04:03:46,274: +SUB [/mavros/obstacle/send] /mavros http://localhost:37501/
[rosmaster.master][INFO] 2026-07-09 04:03:46,276: +PUB [/mavros/odometry/in] /mavros http://localhost:37501/
[rosmaster.master][INFO] 2026-07-09 04:03:46,278: +SUB [/mavros/odometry/out] /mavros http://localhost:37501/
[rosmaster.master][INFO] 2026-07-09 04:03:46,280: +SUB [/mavros/onboard_computer/status] /mavros http://localhost:37501/
[rosmaster.master][INFO] 2026-07-09 04:03:46,282: +SERVICE [/mavros/param/pull] /mavros http://localhost:37501/
[rosmaster.master][INFO] 2026-07-09 04:03:46,282: +SERVICE [/mavros/param/push] /mavros http://localhost:37501/
[rosmaster.master][INFO] 2026-07-09 04:03:46,283: +SERVICE [/mavros/param/set] /mavros http://localhost:37501/
[rosmaster.master][INFO] 2026-07-09 04:03:46,283: +SERVICE [/mavros/param/get] /mavros http://localhost:37501/
[rosmaster.master][INFO] 2026-07-09 04:03:46,284: +PUB [/mavros/param/param_value] /mavros http://localhost:37501/
[rosmaster.master][INFO] 2026-07-09 04:03:46,286: +SUB [/mavros/play_tune] /mavros http://localhost:37501/
[rosmaster.master][INFO] 2026-07-09 04:03:46,287: +PUB [/mavros/rallypoint/waypoints] /mavros http://localhost:37501/
[rosmaster.master][INFO] 2026-07-09 04:03:46,287: +SERVICE [/mavros/rallypoint/pull] /mavros http://localhost:37501/
[rosmaster.master][INFO] 2026-07-09 04:03:46,288: +SERVICE [/mavros/rallypoint/push] /mavros http://localhost:37501/
[rosmaster.master][INFO] 2026-07-09 04:03:46,288: +SERVICE [/mavros/rallypoint/clear] /mavros http://localhost:37501/
[rosmaster.master][INFO] 2026-07-09 04:03:46,289: +PUB [/mavros/rangefinder/rangefinder] /mavros http://localhost:37501/
[rosmaster.master][INFO] 2026-07-09 04:03:46,290: +PUB [/mavros/rc/in] /mavros http://localhost:37501/
[rosmaster.master][INFO] 2026-07-09 04:03:46,291: +PUB [/mavros/rc/out] /mavros http://localhost:37501/
[rosmaster.master][INFO] 2026-07-09 04:03:46,293: +SUB [/mavros/rc/override] /mavros http://localhost:37501/
[rosmaster.master][INFO] 2026-07-09 04:03:46,296: +SUB [/mavros/setpoint_accel/accel] /mavros http://localhost:37501/
[rosmaster.master][INFO] 2026-07-09 04:03:46,302: +SUB [/mavros/setpoint_attitude/thrust] /mavros http://localhost:37501/
[rosmaster.master][INFO] 2026-07-09 04:03:46,304: +SUB [/mavros/setpoint_attitude/cmd_vel] /mavros http://localhost:37501/
[rosmaster.master][INFO] 2026-07-09 04:03:46,312: +SUB [/mavros/setpoint_position/local] /mavros http://localhost:37501/
[rosmaster.master][INFO] 2026-07-09 04:03:46,313: +SUB [/mavros/setpoint_position/global] /mavros http://localhost:37501/
[rosmaster.master][INFO] 2026-07-09 04:03:46,315: +SUB [/mavros/setpoint_position/global_to_local] /mavros http://localhost:37501/
[rosmaster.master][INFO] 2026-07-09 04:03:46,317: +SUB [/mavros/global_position/global] /mavros http://localhost:37501/
[rosmaster.master][INFO] 2026-07-09 04:03:46,319: +SUB [/mavros/local_position/pose] /mavros http://localhost:37501/
[rosmaster.master][INFO] 2026-07-09 04:03:46,319: +SERVICE [/mavros/setpoint_position/mav_frame] /mavros http://localhost:37501/
[rosmaster.master][INFO] 2026-07-09 04:03:46,322: +SUB [/mavros/setpoint_raw/local] /mavros http://localhost:37501/
[rosmaster.master][INFO] 2026-07-09 04:03:46,324: +SUB [/mavros/setpoint_raw/global] /mavros http://localhost:37501/
[rosmaster.master][INFO] 2026-07-09 04:03:46,326: +SUB [/mavros/setpoint_raw/attitude] /mavros http://localhost:37501/
[rosmaster.master][INFO] 2026-07-09 04:03:46,326: +PUB [/mavros/setpoint_raw/target_local] /mavros http://localhost:37501/
[rosmaster.master][INFO] 2026-07-09 04:03:46,326: +PUB [/mavros/setpoint_raw/target_global] /mavros http://localhost:37501/
[rosmaster.master][INFO] 2026-07-09 04:03:46,327: +PUB [/mavros/setpoint_raw/target_attitude] /mavros http://localhost:37501/
[rosmaster.master][INFO] 2026-07-09 04:03:46,330: +SUB [/mavros/setpoint_trajectory/local] /mavros http://localhost:37501/
[rosmaster.master][INFO] 2026-07-09 04:03:46,330: +PUB [/mavros/setpoint_trajectory/desired] /mavros http://localhost:37501/
[rosmaster.master][INFO] 2026-07-09 04:03:46,331: +SERVICE [/mavros/setpoint_trajectory/reset] /mavros http://localhost:37501/
[rosmaster.master][INFO] 2026-07-09 04:03:46,331: +SERVICE [/mavros/setpoint_trajectory/mav_frame] /mavros http://localhost:37501/
[rosmaster.master][INFO] 2026-07-09 04:03:46,334: +SUB [/mavros/setpoint_velocity/cmd_vel] /mavros http://localhost:37501/
[rosmaster.master][INFO] 2026-07-09 04:03:46,335: +SUB [/mavros/setpoint_velocity/cmd_vel_unstamped] /mavros http://localhost:37501/
[rosmaster.master][INFO] 2026-07-09 04:03:46,336: +SERVICE [/mavros/setpoint_velocity/mav_frame] /mavros http://localhost:37501/
[rosmaster.master][INFO] 2026-07-09 04:03:46,342: +PUB [/mavros/state] /mavros http://localhost:37501/
[rosmaster.master][INFO] 2026-07-09 04:03:46,342: +PUB [/mavros/extended_state] /mavros http://localhost:37501/
[rosmaster.master][INFO] 2026-07-09 04:03:46,343: +PUB [/mavros/battery] /mavros http://localhost:37501/
[rosmaster.master][INFO] 2026-07-09 04:03:46,344: +PUB [/mavros/estimator_status] /mavros http://localhost:37501/
[rosmaster.master][INFO] 2026-07-09 04:03:46,344: +PUB [/mavros/statustext/recv] /mavros http://localhost:37501/
[rosmaster.master][INFO] 2026-07-09 04:03:46,344: +PUB [/mavros/sys_status] /mavros http://localhost:37501/
[rosmaster.master][INFO] 2026-07-09 04:03:46,347: +SUB [/mavros/statustext/send] /mavros http://localhost:37501/
[rosmaster.master][INFO] 2026-07-09 04:03:46,347: +SERVICE [/mavros/set_stream_rate] /mavros http://localhost:37501/
[rosmaster.master][INFO] 2026-07-09 04:03:46,348: +SERVICE [/mavros/set_mode] /mavros http://localhost:37501/
[rosmaster.master][INFO] 2026-07-09 04:03:46,348: +SERVICE [/mavros/vehicle_info_get] /mavros http://localhost:37501/
[rosmaster.master][INFO] 2026-07-09 04:03:46,348: +SERVICE [/mavros/set_message_interval] /mavros http://localhost:37501/
[rosmaster.master][INFO] 2026-07-09 04:03:46,350: +CACHEDPARAM [/rosout/omit_topics] by /rosout
[rosmaster.master][INFO] 2026-07-09 04:03:46,355: +PUB [/mavros/time_reference] /mavros http://localhost:37501/
[rosmaster.master][INFO] 2026-07-09 04:03:46,356: +PUB [/mavros/timesync_status] /mavros http://localhost:37501/
[rosmaster.master][INFO] 2026-07-09 04:03:46,356: +PUB [/mavros/terrain/report] /mavros http://localhost:37501/
[rosmaster.master][INFO] 2026-07-09 04:03:46,359: +SUB [/mavros/trajectory/generated] /mavros http://localhost:37501/
[rosmaster.master][INFO] 2026-07-09 04:03:46,361: +SUB [/mavros/trajectory/path] /mavros http://localhost:37501/
[rosmaster.master][INFO] 2026-07-09 04:03:46,362: +PUB [/mavros/trajectory/desired] /mavros http://localhost:37501/
[rosmaster.master][INFO] 2026-07-09 04:03:46,364: +SUB [/mavros/tunnel/in] /mavros http://localhost:37501/
[rosmaster.master][INFO] 2026-07-09 04:03:46,364: +PUB [/mavros/tunnel/out] /mavros http://localhost:37501/
[rosmaster.master][INFO] 2026-07-09 04:03:46,365: +PUB [/mavros/vfr_hud] /mavros http://localhost:37501/
[rosmaster.master][INFO] 2026-07-09 04:03:46,370: +SUB [/mavros/vision_pose/pose] /mavros http://localhost:37501/
[rosmaster.master][INFO] 2026-07-09 04:03:46,372: +SUB [/mavros/vision_pose/pose_cov] /mavros http://localhost:37501/
[rosmaster.master][INFO] 2026-07-09 04:03:46,374: +PUB [/mavros/mission/waypoints] /mavros http://localhost:37501/
[rosmaster.master][INFO] 2026-07-09 04:03:46,375: +SERVICE [/mavros/mission/pull] /mavros http://localhost:37501/
[rosmaster.master][INFO] 2026-07-09 04:03:46,375: +SERVICE [/mavros/mission/push] /mavros http://localhost:37501/
[rosmaster.master][INFO] 2026-07-09 04:03:46,376: +SERVICE [/mavros/mission/clear] /mavros http://localhost:37501/
[rosmaster.master][INFO] 2026-07-09 04:03:46,376: +PUB [/mavros/mission/reached] /mavros http://localhost:37501/
[rosmaster.master][INFO] 2026-07-09 04:03:46,377: +SERVICE [/mavros/mission/set_current] /mavros http://localhost:37501/
[rosmaster.master][INFO] 2026-07-09 04:03:46,378: +PUB [/mavros/wind_estimation] /mavros http://localhost:37501/
[rosmaster.master][INFO] 2026-07-09 04:03:47,380: +PUB [/mavlink/gcs_ip] /mavros http://localhost:37501/
[rosmaster.master][INFO] 2026-07-09 04:04:05,584: +PUB [/rosout] /horizontal_flight_logger http://localhost:35441/
[rosmaster.master][INFO] 2026-07-09 04:04:05,588: +SERVICE [/horizontal_flight_logger/get_loggers] /horizontal_flight_logger http://localhost:35441/
[rosmaster.master][INFO] 2026-07-09 04:04:05,590: +SERVICE [/horizontal_flight_logger/set_logger_level] /horizontal_flight_logger http://localhost:35441/
[rosmaster.master][INFO] 2026-07-09 04:04:05,591: +PUB [/mavros/setpoint_raw/local] /horizontal_flight_logger http://localhost:35441/
[rosmaster.master][INFO] 2026-07-09 04:04:05,592: +SUB [/mavros/local_position/velocity_local] /horizontal_flight_logger http://localhost:35441/
[rosmaster.master][INFO] 2026-07-09 04:04:05,594: +SUB [/mavros/battery] /horizontal_flight_logger http://localhost:35441/
[rosmaster.master][INFO] 2026-07-09 04:04:05,601: publisherUpdate[/rosout] -> http://localhost:37529/ ['http://localhost:37501/', 'http://localhost:35441/']
[rosmaster.master][INFO] 2026-07-09 04:04:05,601: publisherUpdate[/mavros/setpoint_raw/local] -> http://localhost:37501/ ['http://localhost:35441/']
[rosmaster.master][INFO] 2026-07-09 04:04:05,602: publisherUpdate[/rosout] -> http://localhost:37529/ ['http://localhost:37501/', 'http://localhost:35441/']: sec=0.00, result=[1, '', 0]
[rosmaster.master][INFO] 2026-07-09 04:04:05,602: publisherUpdate[/mavros/setpoint_raw/local] -> http://localhost:37501/ ['http://localhost:35441/']: sec=0.00, result=[1, '', 0]
[rosmaster.master][INFO] 2026-07-09 04:08:01,050: -SUB [/mavros/local_position/velocity_local] /horizontal_flight_logger http://localhost:35441/
[rosmaster.master][INFO] 2026-07-09 04:08:01,051: -SUB [/mavros/battery] /horizontal_flight_logger http://localhost:35441/
[rosmaster.master][INFO] 2026-07-09 04:08:01,051: -PUB [/rosout] /horizontal_flight_logger http://localhost:35441/
[rosmaster.master][INFO] 2026-07-09 04:08:01,051: -PUB [/mavros/setpoint_raw/local] /horizontal_flight_logger http://localhost:35441/
[rosmaster.master][INFO] 2026-07-09 04:08:01,051: -SERVICE [/horizontal_flight_logger/get_loggers] /horizontal_flight_logger rosrpc://localhost:34733
[rosmaster.master][INFO] 2026-07-09 04:08:01,051: -SERVICE [/horizontal_flight_logger/set_logger_level] /horizontal_flight_logger rosrpc://localhost:34733
[rosmaster.master][INFO] 2026-07-09 04:08:01,092: publisherUpdate[/rosout] -> http://localhost:37529/ ['http://localhost:37501/']
[rosmaster.master][INFO] 2026-07-09 04:08:01,093: publisherUpdate[/mavros/setpoint_raw/local] -> http://localhost:37501/ []
[rosmaster.master][INFO] 2026-07-09 04:08:01,094: publisherUpdate[/rosout] -> http://localhost:37529/ ['http://localhost:37501/']: sec=0.00, result=[1, '', 0]
[rosmaster.master][INFO] 2026-07-09 04:08:01,095: publisherUpdate[/mavros/setpoint_raw/local] -> http://localhost:37501/ []: sec=0.00, result=[1, '', 0]
[rosmaster.master][INFO] 2026-07-09 04:08:35,797: -PUB [/rosout_agg] /rosout http://localhost:37529/
[rosmaster.master][INFO] 2026-07-09 04:08:35,798: -SUB [/rosout] /rosout http://localhost:37529/
[rosmaster.master][INFO] 2026-07-09 04:08:35,798: -SERVICE [/rosout/get_loggers] /rosout rosrpc://localhost:51459
[rosmaster.master][INFO] 2026-07-09 04:08:35,799: -SERVICE [/rosout/set_logger_level] /rosout rosrpc://localhost:51459
[rosmaster.master][INFO] 2026-07-09 04:08:35,799: -CACHEDPARAM [/rosout/omit_topics] by /rosout
[rosmaster.main][INFO] 2026-07-09 04:08:35,877: keyboard interrupt, will exit
[rosmaster.main][INFO] 2026-07-09 04:08:35,877: stopping master...
[rospy.core][INFO] 2026-07-09 04:08:35,877: signal_shutdown [atexit]
