[rosmaster.main][INFO] 2026-06-30 23:14:08,222: initialization complete, waiting for shutdown
[rosmaster.main][INFO] 2026-06-30 23:14:08,222: Starting ROS Master Node
[xmlrpc][INFO] 2026-06-30 23:14:08,223: XML-RPC server binding to 127.0.0.1:11311
[xmlrpc][INFO] 2026-06-30 23:14:08,224: Started XML-RPC server [http://localhost:11311/]
[xmlrpc][INFO] 2026-06-30 23:14:08,224: xml rpc node: starting XML-RPC server
[rosmaster.master][INFO] 2026-06-30 23:14:08,224: Master initialized: port[11311], uri[http://localhost:11311/]
[rosmaster.master][INFO] 2026-06-30 23:14:08,326: +PARAM [/run_id] by /roslaunch
[rosmaster.master][INFO] 2026-06-30 23:14:08,328: +PARAM [/roslaunch/uris/host_localhost__41173] by /roslaunch
[rosmaster.master][INFO] 2026-06-30 23:14:08,365: +PARAM [/rosversion] by /roslaunch
[rosmaster.master][INFO] 2026-06-30 23:14:08,365: +PARAM [/rosdistro] by /roslaunch
[rosmaster.master][INFO] 2026-06-30 23:14:08,428: +SERVICE [/rosout/get_loggers] /rosout http://localhost:35355/
[rosmaster.master][INFO] 2026-06-30 23:14:08,428: +SERVICE [/rosout/set_logger_level] /rosout http://localhost:35355/
[rosmaster.master][INFO] 2026-06-30 23:14:08,431: +PUB [/rosout_agg] /rosout http://localhost:35355/
[rosmaster.master][INFO] 2026-06-30 23:14:08,434: +SUB [/rosout] /rosout http://localhost:35355/
[rosmaster.master][INFO] 2026-06-30 23:14:13,394: +PARAM [/roslaunch/uris/host_localhost__34123] by /roslaunch
[rosmaster.master][INFO] 2026-06-30 23:14:13,400: +PARAM [/rosversion] by /roslaunch
[rosmaster.master][INFO] 2026-06-30 23:14:13,400: +PARAM [/rosdistro] by /roslaunch
[rosmaster.master][INFO] 2026-06-30 23:14:13,401: +PARAM [/mavros/plugin_blacklist] by /roslaunch
[rosmaster.master][INFO] 2026-06-30 23:14:13,401: +PARAM [/mavros/plugin_whitelist] by /roslaunch
[rosmaster.master][INFO] 2026-06-30 23:14:13,401: +PARAM [/mavros/startup_px4_usb_quirk] by /roslaunch
[rosmaster.master][INFO] 2026-06-30 23:14:13,401: +PARAM [/mavros/conn/heartbeat_rate] by /roslaunch
[rosmaster.master][INFO] 2026-06-30 23:14:13,401: +PARAM [/mavros/conn/heartbeat_mav_type] by /roslaunch
[rosmaster.master][INFO] 2026-06-30 23:14:13,401: +PARAM [/mavros/conn/timeout] by /roslaunch
[rosmaster.master][INFO] 2026-06-30 23:14:13,401: +PARAM [/mavros/conn/timesync_rate] by /roslaunch
[rosmaster.master][INFO] 2026-06-30 23:14:13,401: +PARAM [/mavros/conn/system_time_rate] by /roslaunch
[rosmaster.master][INFO] 2026-06-30 23:14:13,401: +PARAM [/mavros/sys/min_voltage] by /roslaunch
[rosmaster.master][INFO] 2026-06-30 23:14:13,401: +PARAM [/mavros/sys/disable_diag] by /roslaunch
[rosmaster.master][INFO] 2026-06-30 23:14:13,401: +PARAM [/mavros/time/time_ref_source] by /roslaunch
[rosmaster.master][INFO] 2026-06-30 23:14:13,401: +PARAM [/mavros/time/timesync_mode] by /roslaunch
[rosmaster.master][INFO] 2026-06-30 23:14:13,402: +PARAM [/mavros/time/timesync_avg_alpha] by /roslaunch
[rosmaster.master][INFO] 2026-06-30 23:14:13,402: +PARAM [/mavros/tdr_radio/low_rssi] by /roslaunch
[rosmaster.master][INFO] 2026-06-30 23:14:13,402: +PARAM [/mavros/cmd/use_comp_id_system_control] by /roslaunch
[rosmaster.master][INFO] 2026-06-30 23:14:13,402: +PARAM [/mavros/global_position/frame_id] by /roslaunch
[rosmaster.master][INFO] 2026-06-30 23:14:13,402: +PARAM [/mavros/global_position/child_frame_id] by /roslaunch
[rosmaster.master][INFO] 2026-06-30 23:14:13,402: +PARAM [/mavros/global_position/rot_covariance] by /roslaunch
[rosmaster.master][INFO] 2026-06-30 23:14:13,402: +PARAM [/mavros/global_position/gps_uere] by /roslaunch
[rosmaster.master][INFO] 2026-06-30 23:14:13,402: +PARAM [/mavros/global_position/use_relative_alt] by /roslaunch
[rosmaster.master][INFO] 2026-06-30 23:14:13,402: +PARAM [/mavros/global_position/tf/send] by /roslaunch
[rosmaster.master][INFO] 2026-06-30 23:14:13,402: +PARAM [/mavros/global_position/tf/frame_id] by /roslaunch
[rosmaster.master][INFO] 2026-06-30 23:14:13,402: +PARAM [/mavros/global_position/tf/global_frame_id] by /roslaunch
[rosmaster.master][INFO] 2026-06-30 23:14:13,402: +PARAM [/mavros/global_position/tf/child_frame_id] by /roslaunch
[rosmaster.master][INFO] 2026-06-30 23:14:13,402: +PARAM [/mavros/imu/frame_id] by /roslaunch
[rosmaster.master][INFO] 2026-06-30 23:14:13,402: +PARAM [/mavros/imu/linear_acceleration_stdev] by /roslaunch
[rosmaster.master][INFO] 2026-06-30 23:14:13,402: +PARAM [/mavros/imu/angular_velocity_stdev] by /roslaunch
[rosmaster.master][INFO] 2026-06-30 23:14:13,402: +PARAM [/mavros/imu/orientation_stdev] by /roslaunch
[rosmaster.master][INFO] 2026-06-30 23:14:13,402: +PARAM [/mavros/imu/magnetic_stdev] by /roslaunch
[rosmaster.master][INFO] 2026-06-30 23:14:13,402: +PARAM [/mavros/local_position/frame_id] by /roslaunch
[rosmaster.master][INFO] 2026-06-30 23:14:13,402: +PARAM [/mavros/local_position/tf/send] by /roslaunch
[rosmaster.master][INFO] 2026-06-30 23:14:13,402: +PARAM [/mavros/local_position/tf/frame_id] by /roslaunch
[rosmaster.master][INFO] 2026-06-30 23:14:13,402: +PARAM [/mavros/local_position/tf/child_frame_id] by /roslaunch
[rosmaster.master][INFO] 2026-06-30 23:14:13,402: +PARAM [/mavros/local_position/tf/send_fcu] by /roslaunch
[rosmaster.master][INFO] 2026-06-30 23:14:13,403: +PARAM [/mavros/safety_area/p1/x] by /roslaunch
[rosmaster.master][INFO] 2026-06-30 23:14:13,403: +PARAM [/mavros/safety_area/p1/y] by /roslaunch
[rosmaster.master][INFO] 2026-06-30 23:14:13,403: +PARAM [/mavros/safety_area/p1/z] by /roslaunch
[rosmaster.master][INFO] 2026-06-30 23:14:13,403: +PARAM [/mavros/safety_area/p2/x] by /roslaunch
[rosmaster.master][INFO] 2026-06-30 23:14:13,403: +PARAM [/mavros/safety_area/p2/y] by /roslaunch
[rosmaster.master][INFO] 2026-06-30 23:14:13,403: +PARAM [/mavros/safety_area/p2/z] by /roslaunch
[rosmaster.master][INFO] 2026-06-30 23:14:13,403: +PARAM [/mavros/setpoint_accel/send_force] by /roslaunch
[rosmaster.master][INFO] 2026-06-30 23:14:13,403: +PARAM [/mavros/setpoint_attitude/reverse_thrust] by /roslaunch
[rosmaster.master][INFO] 2026-06-30 23:14:13,403: +PARAM [/mavros/setpoint_attitude/use_quaternion] by /roslaunch
[rosmaster.master][INFO] 2026-06-30 23:14:13,403: +PARAM [/mavros/setpoint_attitude/tf/listen] by /roslaunch
[rosmaster.master][INFO] 2026-06-30 23:14:13,403: +PARAM [/mavros/setpoint_attitude/tf/frame_id] by /roslaunch
[rosmaster.master][INFO] 2026-06-30 23:14:13,403: +PARAM [/mavros/setpoint_attitude/tf/child_frame_id] by /roslaunch
[rosmaster.master][INFO] 2026-06-30 23:14:13,403: +PARAM [/mavros/setpoint_attitude/tf/rate_limit] by /roslaunch
[rosmaster.master][INFO] 2026-06-30 23:14:13,403: +PARAM [/mavros/setpoint_raw/thrust_scaling] by /roslaunch
[rosmaster.master][INFO] 2026-06-30 23:14:13,403: +PARAM [/mavros/setpoint_position/tf/listen] by /roslaunch
[rosmaster.master][INFO] 2026-06-30 23:14:13,403: +PARAM [/mavros/setpoint_position/tf/frame_id] by /roslaunch
[rosmaster.master][INFO] 2026-06-30 23:14:13,403: +PARAM [/mavros/setpoint_position/tf/child_frame_id] by /roslaunch
[rosmaster.master][INFO] 2026-06-30 23:14:13,403: +PARAM [/mavros/setpoint_position/tf/rate_limit] by /roslaunch
[rosmaster.master][INFO] 2026-06-30 23:14:13,403: +PARAM [/mavros/setpoint_position/mav_frame] by /roslaunch
[rosmaster.master][INFO] 2026-06-30 23:14:13,403: +PARAM [/mavros/guided_target/tf/listen] by /roslaunch
[rosmaster.master][INFO] 2026-06-30 23:14:13,403: +PARAM [/mavros/guided_target/tf/frame_id] by /roslaunch
[rosmaster.master][INFO] 2026-06-30 23:14:13,403: +PARAM [/mavros/guided_target/tf/child_frame_id] by /roslaunch
[rosmaster.master][INFO] 2026-06-30 23:14:13,403: +PARAM [/mavros/guided_target/tf/rate_limit] by /roslaunch
[rosmaster.master][INFO] 2026-06-30 23:14:13,403: +PARAM [/mavros/setpoint_velocity/mav_frame] by /roslaunch
[rosmaster.master][INFO] 2026-06-30 23:14:13,403: +PARAM [/mavros/mission/pull_after_gcs] by /roslaunch
[rosmaster.master][INFO] 2026-06-30 23:14:13,403: +PARAM [/mavros/mission/use_mission_item_int] by /roslaunch
[rosmaster.master][INFO] 2026-06-30 23:14:13,403: +PARAM [/mavros/distance_sensor/rangefinder_pub/id] by /roslaunch
[rosmaster.master][INFO] 2026-06-30 23:14:13,403: +PARAM [/mavros/distance_sensor/rangefinder_pub/frame_id] by /roslaunch
[rosmaster.master][INFO] 2026-06-30 23:14:13,403: +PARAM [/mavros/distance_sensor/rangefinder_pub/field_of_view] by /roslaunch
[rosmaster.master][INFO] 2026-06-30 23:14:13,403: +PARAM [/mavros/distance_sensor/rangefinder_pub/send_tf] by /roslaunch
[rosmaster.master][INFO] 2026-06-30 23:14:13,403: +PARAM [/mavros/distance_sensor/rangefinder_pub/sensor_position/x] by /roslaunch
[rosmaster.master][INFO] 2026-06-30 23:14:13,403: +PARAM [/mavros/distance_sensor/rangefinder_pub/sensor_position/y] by /roslaunch
[rosmaster.master][INFO] 2026-06-30 23:14:13,404: +PARAM [/mavros/distance_sensor/rangefinder_pub/sensor_position/z] by /roslaunch
[rosmaster.master][INFO] 2026-06-30 23:14:13,404: +PARAM [/mavros/distance_sensor/rangefinder_sub/subscriber] by /roslaunch
[rosmaster.master][INFO] 2026-06-30 23:14:13,404: +PARAM [/mavros/distance_sensor/rangefinder_sub/id] by /roslaunch
[rosmaster.master][INFO] 2026-06-30 23:14:13,404: +PARAM [/mavros/distance_sensor/rangefinder_sub/orientation] by /roslaunch
[rosmaster.master][INFO] 2026-06-30 23:14:13,404: +PARAM [/mavros/image/frame_id] by /roslaunch
[rosmaster.master][INFO] 2026-06-30 23:14:13,404: +PARAM [/mavros/fake_gps/use_mocap] by /roslaunch
[rosmaster.master][INFO] 2026-06-30 23:14:13,404: +PARAM [/mavros/fake_gps/mocap_transform] by /roslaunch
[rosmaster.master][INFO] 2026-06-30 23:14:13,404: +PARAM [/mavros/fake_gps/mocap_withcovariance] by /roslaunch
[rosmaster.master][INFO] 2026-06-30 23:14:13,404: +PARAM [/mavros/fake_gps/use_vision] by /roslaunch
[rosmaster.master][INFO] 2026-06-30 23:14:13,404: +PARAM [/mavros/fake_gps/use_hil_gps] by /roslaunch
[rosmaster.master][INFO] 2026-06-30 23:14:13,404: +PARAM [/mavros/fake_gps/gps_id] by /roslaunch
[rosmaster.master][INFO] 2026-06-30 23:14:13,404: +PARAM [/mavros/fake_gps/geo_origin/lat] by /roslaunch
[rosmaster.master][INFO] 2026-06-30 23:14:13,404: +PARAM [/mavros/fake_gps/geo_origin/lon] by /roslaunch
[rosmaster.master][INFO] 2026-06-30 23:14:13,404: +PARAM [/mavros/fake_gps/geo_origin/alt] by /roslaunch
[rosmaster.master][INFO] 2026-06-30 23:14:13,404: +PARAM [/mavros/fake_gps/eph] by /roslaunch
[rosmaster.master][INFO] 2026-06-30 23:14:13,404: +PARAM [/mavros/fake_gps/epv] by /roslaunch
[rosmaster.master][INFO] 2026-06-30 23:14:13,404: +PARAM [/mavros/fake_gps/horiz_accuracy] by /roslaunch
[rosmaster.master][INFO] 2026-06-30 23:14:13,404: +PARAM [/mavros/fake_gps/vert_accuracy] by /roslaunch
[rosmaster.master][INFO] 2026-06-30 23:14:13,404: +PARAM [/mavros/fake_gps/speed_accuracy] by /roslaunch
[rosmaster.master][INFO] 2026-06-30 23:14:13,404: +PARAM [/mavros/fake_gps/satellites_visible] by /roslaunch
[rosmaster.master][INFO] 2026-06-30 23:14:13,404: +PARAM [/mavros/fake_gps/fix_type] by /roslaunch
[rosmaster.master][INFO] 2026-06-30 23:14:13,404: +PARAM [/mavros/fake_gps/tf/listen] by /roslaunch
[rosmaster.master][INFO] 2026-06-30 23:14:13,404: +PARAM [/mavros/fake_gps/tf/send] by /roslaunch
[rosmaster.master][INFO] 2026-06-30 23:14:13,404: +PARAM [/mavros/fake_gps/tf/frame_id] by /roslaunch
[rosmaster.master][INFO] 2026-06-30 23:14:13,404: +PARAM [/mavros/fake_gps/tf/child_frame_id] by /roslaunch
[rosmaster.master][INFO] 2026-06-30 23:14:13,404: +PARAM [/mavros/fake_gps/tf/rate_limit] by /roslaunch
[rosmaster.master][INFO] 2026-06-30 23:14:13,404: +PARAM [/mavros/fake_gps/gps_rate] by /roslaunch
[rosmaster.master][INFO] 2026-06-30 23:14:13,404: +PARAM [/mavros/landing_target/listen_lt] by /roslaunch
[rosmaster.master][INFO] 2026-06-30 23:14:13,404: +PARAM [/mavros/landing_target/mav_frame] by /roslaunch
[rosmaster.master][INFO] 2026-06-30 23:14:13,404: +PARAM [/mavros/landing_target/land_target_type] by /roslaunch
[rosmaster.master][INFO] 2026-06-30 23:14:13,404: +PARAM [/mavros/landing_target/image/width] by /roslaunch
[rosmaster.master][INFO] 2026-06-30 23:14:13,405: +PARAM [/mavros/landing_target/image/height] by /roslaunch
[rosmaster.master][INFO] 2026-06-30 23:14:13,405: +PARAM [/mavros/landing_target/camera/fov_x] by /roslaunch
[rosmaster.master][INFO] 2026-06-30 23:14:13,405: +PARAM [/mavros/landing_target/camera/fov_y] by /roslaunch
[rosmaster.master][INFO] 2026-06-30 23:14:13,405: +PARAM [/mavros/landing_target/tf/send] by /roslaunch
[rosmaster.master][INFO] 2026-06-30 23:14:13,405: +PARAM [/mavros/landing_target/tf/listen] by /roslaunch
[rosmaster.master][INFO] 2026-06-30 23:14:13,405: +PARAM [/mavros/landing_target/tf/frame_id] by /roslaunch
[rosmaster.master][INFO] 2026-06-30 23:14:13,405: +PARAM [/mavros/landing_target/tf/child_frame_id] by /roslaunch
[rosmaster.master][INFO] 2026-06-30 23:14:13,405: +PARAM [/mavros/landing_target/tf/rate_limit] by /roslaunch
[rosmaster.master][INFO] 2026-06-30 23:14:13,405: +PARAM [/mavros/landing_target/target_size/x] by /roslaunch
[rosmaster.master][INFO] 2026-06-30 23:14:13,405: +PARAM [/mavros/landing_target/target_size/y] by /roslaunch
[rosmaster.master][INFO] 2026-06-30 23:14:13,405: +PARAM [/mavros/mocap/use_tf] by /roslaunch
[rosmaster.master][INFO] 2026-06-30 23:14:13,405: +PARAM [/mavros/mocap/use_pose] by /roslaunch
[rosmaster.master][INFO] 2026-06-30 23:14:13,405: +PARAM [/mavros/mount/debounce_s] by /roslaunch
[rosmaster.master][INFO] 2026-06-30 23:14:13,405: +PARAM [/mavros/mount/err_threshold_deg] by /roslaunch
[rosmaster.master][INFO] 2026-06-30 23:14:13,405: +PARAM [/mavros/mount/negate_measured_roll] by /roslaunch
[rosmaster.master][INFO] 2026-06-30 23:14:13,406: +PARAM [/mavros/mount/negate_measured_pitch] by /roslaunch
[rosmaster.master][INFO] 2026-06-30 23:14:13,406: +PARAM [/mavros/mount/negate_measured_yaw] by /roslaunch
[rosmaster.master][INFO] 2026-06-30 23:14:13,406: +PARAM [/mavros/odometry/frame_tf/desired_frame] by /roslaunch
[rosmaster.master][INFO] 2026-06-30 23:14:13,406: +PARAM [/mavros/odometry/estimator_type] by /roslaunch
[rosmaster.master][INFO] 2026-06-30 23:14:13,406: +PARAM [/mavros/px4flow/frame_id] by /roslaunch
[rosmaster.master][INFO] 2026-06-30 23:14:13,406: +PARAM [/mavros/px4flow/ranger_fov] by /roslaunch
[rosmaster.master][INFO] 2026-06-30 23:14:13,406: +PARAM [/mavros/px4flow/ranger_min_range] by /roslaunch
[rosmaster.master][INFO] 2026-06-30 23:14:13,406: +PARAM [/mavros/px4flow/ranger_max_range] by /roslaunch
[rosmaster.master][INFO] 2026-06-30 23:14:13,406: +PARAM [/mavros/vision_pose/tf/listen] by /roslaunch
[rosmaster.master][INFO] 2026-06-30 23:14:13,406: +PARAM [/mavros/vision_pose/tf/frame_id] by /roslaunch
[rosmaster.master][INFO] 2026-06-30 23:14:13,406: +PARAM [/mavros/vision_pose/tf/child_frame_id] by /roslaunch
[rosmaster.master][INFO] 2026-06-30 23:14:13,406: +PARAM [/mavros/vision_pose/tf/rate_limit] by /roslaunch
[rosmaster.master][INFO] 2026-06-30 23:14:13,406: +PARAM [/mavros/vision_speed/listen_twist] by /roslaunch
[rosmaster.master][INFO] 2026-06-30 23:14:13,406: +PARAM [/mavros/vision_speed/twist_cov] by /roslaunch
[rosmaster.master][INFO] 2026-06-30 23:14:13,406: +PARAM [/mavros/vibration/frame_id] by /roslaunch
[rosmaster.master][INFO] 2026-06-30 23:14:13,406: +PARAM [/mavros/wheel_odometry/count] by /roslaunch
[rosmaster.master][INFO] 2026-06-30 23:14:13,406: +PARAM [/mavros/wheel_odometry/use_rpm] by /roslaunch
[rosmaster.master][INFO] 2026-06-30 23:14:13,406: +PARAM [/mavros/wheel_odometry/wheel0/x] by /roslaunch
[rosmaster.master][INFO] 2026-06-30 23:14:13,406: +PARAM [/mavros/wheel_odometry/wheel0/y] by /roslaunch
[rosmaster.master][INFO] 2026-06-30 23:14:13,406: +PARAM [/mavros/wheel_odometry/wheel0/radius] by /roslaunch
[rosmaster.master][INFO] 2026-06-30 23:14:13,406: +PARAM [/mavros/wheel_odometry/wheel1/x] by /roslaunch
[rosmaster.master][INFO] 2026-06-30 23:14:13,406: +PARAM [/mavros/wheel_odometry/wheel1/y] by /roslaunch
[rosmaster.master][INFO] 2026-06-30 23:14:13,406: +PARAM [/mavros/wheel_odometry/wheel1/radius] by /roslaunch
[rosmaster.master][INFO] 2026-06-30 23:14:13,406: +PARAM [/mavros/wheel_odometry/send_raw] by /roslaunch
[rosmaster.master][INFO] 2026-06-30 23:14:13,406: +PARAM [/mavros/wheel_odometry/send_twist] by /roslaunch
[rosmaster.master][INFO] 2026-06-30 23:14:13,407: +PARAM [/mavros/wheel_odometry/frame_id] by /roslaunch
[rosmaster.master][INFO] 2026-06-30 23:14:13,407: +PARAM [/mavros/wheel_odometry/child_frame_id] by /roslaunch
[rosmaster.master][INFO] 2026-06-30 23:14:13,407: +PARAM [/mavros/wheel_odometry/vel_error] by /roslaunch
[rosmaster.master][INFO] 2026-06-30 23:14:13,407: +PARAM [/mavros/wheel_odometry/tf/send] by /roslaunch
[rosmaster.master][INFO] 2026-06-30 23:14:13,407: +PARAM [/mavros/wheel_odometry/tf/frame_id] by /roslaunch
[rosmaster.master][INFO] 2026-06-30 23:14:13,407: +PARAM [/mavros/wheel_odometry/tf/child_frame_id] by /roslaunch
[rosmaster.master][INFO] 2026-06-30 23:14:13,407: +PARAM [/mavros/fcu_url] by /roslaunch
[rosmaster.master][INFO] 2026-06-30 23:14:13,407: +PARAM [/mavros/gcs_url] by /roslaunch
[rosmaster.master][INFO] 2026-06-30 23:14:13,407: +PARAM [/mavros/target_system_id] by /roslaunch
[rosmaster.master][INFO] 2026-06-30 23:14:13,407: +PARAM [/mavros/target_component_id] by /roslaunch
[rosmaster.master][INFO] 2026-06-30 23:14:13,407: +PARAM [/mavros/fcu_protocol] by /roslaunch
[rosmaster.master][INFO] 2026-06-30 23:14:13,523: +PUB [/rosout] /mavros http://localhost:38145/
[rosmaster.master][INFO] 2026-06-30 23:14:13,523: +SERVICE [/mavros/get_loggers] /mavros http://localhost:38145/
[rosmaster.master][INFO] 2026-06-30 23:14:13,524: +SERVICE [/mavros/set_logger_level] /mavros http://localhost:38145/
[rosmaster.master][INFO] 2026-06-30 23:14:13,525: +PUB [/diagnostics] /mavros http://localhost:38145/
[rosmaster.master][INFO] 2026-06-30 23:14:13,525: +CACHEDPARAM [/mavros/diagnostic_period] by /mavros
[rosmaster.master][INFO] 2026-06-30 23:14:13,541: publisherUpdate[/rosout] -> http://localhost:35355/ ['http://localhost:38145/']
[rosmaster.master][INFO] 2026-06-30 23:14:13,546: publisherUpdate[/rosout] -> http://localhost:35355/ ['http://localhost:38145/']: sec=0.00, result=[1, '', 0]
[rosmaster.master][INFO] 2026-06-30 23:14:13,547: +SUB [/tf] /mavros http://localhost:38145/
[rosmaster.master][INFO] 2026-06-30 23:14:13,550: +SUB [/tf_static] /mavros http://localhost:38145/
[rosmaster.master][INFO] 2026-06-30 23:14:13,551: +PUB [/tf] /mavros http://localhost:38145/
[rosmaster.master][INFO] 2026-06-30 23:14:13,552: +PUB [/tf_static] /mavros http://localhost:38145/
[rosmaster.master][INFO] 2026-06-30 23:14:13,622: +CACHEDPARAM [/rosout_disable_topics_generation] by /mavros
[rosmaster.master][INFO] 2026-06-30 23:14:13,627: +PUB [/mavlink/from] /mavros http://localhost:38145/
[rosmaster.master][INFO] 2026-06-30 23:14:13,629: +SUB [/mavlink/to] /mavros http://localhost:38145/
[rosmaster.master][INFO] 2026-06-30 23:14:13,642: publisherUpdate[/tf] -> http://localhost:38145/ ['http://localhost:38145/']
[rosmaster.master][INFO] 2026-06-30 23:14:13,643: publisherUpdate[/tf] -> http://localhost:38145/ ['http://localhost:38145/']: sec=0.00, result=[1, '', 0]
[rosmaster.master][INFO] 2026-06-30 23:14:13,644: publisherUpdate[/tf_static] -> http://localhost:38145/ ['http://localhost:38145/']
[rosmaster.master][INFO] 2026-06-30 23:14:13,644: publisherUpdate[/tf_static] -> http://localhost:38145/ ['http://localhost:38145/']: sec=0.00, result=[1, '', 0]
[rosmaster.master][INFO] 2026-06-30 23:14:13,697: +PUB [/mavros/radio_status] /mavros http://localhost:38145/
[rosmaster.master][INFO] 2026-06-30 23:14:13,741: +PUB [/mavros/adsb/vehicle] /mavros http://localhost:38145/
[rosmaster.master][INFO] 2026-06-30 23:14:13,743: +SUB [/mavros/adsb/send] /mavros http://localhost:38145/
[rosmaster.master][INFO] 2026-06-30 23:14:13,744: +PUB [/mavros/cam_imu_sync/cam_imu_stamp] /mavros http://localhost:38145/
[rosmaster.master][INFO] 2026-06-30 23:14:13,745: +PUB [/mavros/camera/image_captured] /mavros http://localhost:38145/
[rosmaster.master][INFO] 2026-06-30 23:14:13,748: +SUB [/mavros/cellular_status/status] /mavros http://localhost:38145/
[rosmaster.master][INFO] 2026-06-30 23:14:13,748: +CACHEDPARAM [/rosout/omit_topics] by /rosout
[rosmaster.master][INFO] 2026-06-30 23:14:13,750: +SERVICE [/mavros/cmd/command] /mavros http://localhost:38145/
[rosmaster.master][INFO] 2026-06-30 23:14:13,751: +SERVICE [/mavros/cmd/command_ack] /mavros http://localhost:38145/
[rosmaster.master][INFO] 2026-06-30 23:14:13,751: +SERVICE [/mavros/cmd/command_int] /mavros http://localhost:38145/
[rosmaster.master][INFO] 2026-06-30 23:14:13,752: +SERVICE [/mavros/cmd/arming] /mavros http://localhost:38145/
[rosmaster.master][INFO] 2026-06-30 23:14:13,752: +SERVICE [/mavros/cmd/set_home] /mavros http://localhost:38145/
[rosmaster.master][INFO] 2026-06-30 23:14:13,753: +SERVICE [/mavros/cmd/takeoff] /mavros http://localhost:38145/
[rosmaster.master][INFO] 2026-06-30 23:14:13,754: +SERVICE [/mavros/cmd/land] /mavros http://localhost:38145/
[rosmaster.master][INFO] 2026-06-30 23:14:13,754: +SERVICE [/mavros/cmd/trigger_control] /mavros http://localhost:38145/
[rosmaster.master][INFO] 2026-06-30 23:14:13,755: +SERVICE [/mavros/cmd/trigger_interval] /mavros http://localhost:38145/
[rosmaster.master][INFO] 2026-06-30 23:14:13,756: +SERVICE [/mavros/cmd/vtol_transition] /mavros http://localhost:38145/
[rosmaster.master][INFO] 2026-06-30 23:14:13,758: +SUB [/mavros/companion_process/status] /mavros http://localhost:38145/
[rosmaster.master][INFO] 2026-06-30 23:14:13,762: +PUB [/mavros/distance_sensor/rangefinder_pub] /mavros http://localhost:38145/
[rosmaster.master][INFO] 2026-06-30 23:14:13,766: +SUB [/mavros/distance_sensor/rangefinder_sub] /mavros http://localhost:38145/
[rosmaster.master][INFO] 2026-06-30 23:14:13,767: +PUB [/mavros/esc_info] /mavros http://localhost:38145/
[rosmaster.master][INFO] 2026-06-30 23:14:13,768: +PUB [/mavros/esc_status] /mavros http://localhost:38145/
[rosmaster.master][INFO] 2026-06-30 23:14:13,769: +PUB [/mavros/esc_telemetry] /mavros http://localhost:38145/
[rosmaster.master][INFO] 2026-06-30 23:14:13,785: +SUB [/mavros/fake_gps/mocap/pose] /mavros http://localhost:38145/
[rosmaster.master][INFO] 2026-06-30 23:14:13,788: +PUB [/mavros/geofence/waypoints] /mavros http://localhost:38145/
[rosmaster.master][INFO] 2026-06-30 23:14:13,788: +SERVICE [/mavros/geofence/pull] /mavros http://localhost:38145/
[rosmaster.master][INFO] 2026-06-30 23:14:13,789: +SERVICE [/mavros/geofence/push] /mavros http://localhost:38145/
[rosmaster.master][INFO] 2026-06-30 23:14:13,789: +SERVICE [/mavros/geofence/clear] /mavros http://localhost:38145/
[rosmaster.master][INFO] 2026-06-30 23:14:13,795: +PUB [/mavros/global_position/raw/fix] /mavros http://localhost:38145/
[rosmaster.master][INFO] 2026-06-30 23:14:13,796: +PUB [/mavros/global_position/raw/gps_vel] /mavros http://localhost:38145/
[rosmaster.master][INFO] 2026-06-30 23:14:13,796: +PUB [/mavros/global_position/raw/satellites] /mavros http://localhost:38145/
[rosmaster.master][INFO] 2026-06-30 23:14:13,797: +PUB [/mavros/global_position/global] /mavros http://localhost:38145/
[rosmaster.master][INFO] 2026-06-30 23:14:13,797: +PUB [/mavros/global_position/local] /mavros http://localhost:38145/
[rosmaster.master][INFO] 2026-06-30 23:14:13,798: +PUB [/mavros/global_position/rel_alt] /mavros http://localhost:38145/
[rosmaster.master][INFO] 2026-06-30 23:14:13,798: +PUB [/mavros/global_position/compass_hdg] /mavros http://localhost:38145/
[rosmaster.master][INFO] 2026-06-30 23:14:13,798: +PUB [/mavros/global_position/gp_origin] /mavros http://localhost:38145/
[rosmaster.master][INFO] 2026-06-30 23:14:13,800: +SUB [/mavros/global_position/set_gp_origin] /mavros http://localhost:38145/
[rosmaster.master][INFO] 2026-06-30 23:14:13,803: +SUB [/mavros/home_position/home] /mavros http://localhost:38145/
[rosmaster.master][INFO] 2026-06-30 23:14:13,803: +PUB [/mavros/global_position/gp_lp_offset] /mavros http://localhost:38145/
[rosmaster.master][INFO] 2026-06-30 23:14:13,806: +SUB [/mavros/gps_input/gps_input] /mavros http://localhost:38145/
[rosmaster.master][INFO] 2026-06-30 23:14:13,810: +SUB [/mavros/gps_rtk/send_rtcm] /mavros http://localhost:38145/
[rosmaster.master][INFO] 2026-06-30 23:14:13,811: +PUB [/mavros/gps_rtk/rtk_baseline] /mavros http://localhost:38145/
[rosmaster.master][INFO] 2026-06-30 23:14:13,812: +PUB [/mavros/gpsstatus/gps1/raw] /mavros http://localhost:38145/
[rosmaster.master][INFO] 2026-06-30 23:14:13,813: +PUB [/mavros/gpsstatus/gps2/raw] /mavros http://localhost:38145/
[rosmaster.master][INFO] 2026-06-30 23:14:13,813: +PUB [/mavros/gpsstatus/gps1/rtk] /mavros http://localhost:38145/
[rosmaster.master][INFO] 2026-06-30 23:14:13,814: +PUB [/mavros/gpsstatus/gps2/rtk] /mavros http://localhost:38145/
[rosmaster.master][INFO] 2026-06-30 23:14:13,817: +PUB [/move_base_simple/goal] /mavros http://localhost:38145/
[rosmaster.master][INFO] 2026-06-30 23:14:13,819: +SUB [/mavros/global_position/gp_origin] /mavros http://localhost:38145/
[rosmaster.master][INFO] 2026-06-30 23:14:13,820: +PUB [/mavros/home_position/home] /mavros http://localhost:38145/
[rosmaster.master][INFO] 2026-06-30 23:14:13,822: +SUB [/mavros/home_position/set] /mavros http://localhost:38145/
[rosmaster.master][INFO] 2026-06-30 23:14:13,823: +SERVICE [/mavros/home_position/req_update] /mavros http://localhost:38145/
[rosmaster.master][INFO] 2026-06-30 23:14:13,827: +PUB [/mavros/imu/data] /mavros http://localhost:38145/
[rosmaster.master][INFO] 2026-06-30 23:14:13,828: +PUB [/mavros/imu/mag] /mavros http://localhost:38145/
[rosmaster.master][INFO] 2026-06-30 23:14:13,828: +PUB [/mavros/imu/temperature_imu] /mavros http://localhost:38145/
[rosmaster.master][INFO] 2026-06-30 23:14:13,829: +PUB [/mavros/imu/temperature_baro] /mavros http://localhost:38145/
[rosmaster.master][INFO] 2026-06-30 23:14:13,829: +PUB [/mavros/imu/static_pressure] /mavros http://localhost:38145/
[rosmaster.master][INFO] 2026-06-30 23:14:13,829: +PUB [/mavros/imu/diff_pressure] /mavros http://localhost:38145/
[rosmaster.master][INFO] 2026-06-30 23:14:13,830: +PUB [/mavros/imu/data_raw] /mavros http://localhost:38145/
[rosmaster.master][INFO] 2026-06-30 23:14:13,840: +PUB [/mavros/landing_target/pose_in] /mavros http://localhost:38145/
[rosmaster.master][INFO] 2026-06-30 23:14:13,841: +PUB [/mavros/landing_target/lt_marker] /mavros http://localhost:38145/
[rosmaster.master][INFO] 2026-06-30 23:14:13,843: +SUB [/mavros/landing_target/pose] /mavros http://localhost:38145/
[rosmaster.master][INFO] 2026-06-30 23:14:13,845: publisherUpdate[/mavros/home_position/home] -> http://localhost:38145/ ['http://localhost:38145/']
[rosmaster.master][INFO] 2026-06-30 23:14:13,846: publisherUpdate[/mavros/home_position/home] -> http://localhost:38145/ ['http://localhost:38145/']: sec=0.00, result=[1, '', 0]
[rosmaster.master][INFO] 2026-06-30 23:14:13,847: +PUB [/mavros/local_position/pose] /mavros http://localhost:38145/
[rosmaster.master][INFO] 2026-06-30 23:14:13,847: +PUB [/mavros/local_position/pose_cov] /mavros http://localhost:38145/
[rosmaster.master][INFO] 2026-06-30 23:14:13,848: +PUB [/mavros/local_position/velocity_local] /mavros http://localhost:38145/
[rosmaster.master][INFO] 2026-06-30 23:14:13,848: +PUB [/mavros/local_position/velocity_body] /mavros http://localhost:38145/
[rosmaster.master][INFO] 2026-06-30 23:14:13,848: +PUB [/mavros/local_position/velocity_body_cov] /mavros http://localhost:38145/
[rosmaster.master][INFO] 2026-06-30 23:14:13,849: +PUB [/mavros/local_position/accel] /mavros http://localhost:38145/
[rosmaster.master][INFO] 2026-06-30 23:14:13,849: +PUB [/mavros/local_position/odom] /mavros http://localhost:38145/
[rosmaster.master][INFO] 2026-06-30 23:14:13,850: +PUB [/mavros/log_transfer/raw/log_entry] /mavros http://localhost:38145/
[rosmaster.master][INFO] 2026-06-30 23:14:13,850: +PUB [/mavros/log_transfer/raw/log_data] /mavros http://localhost:38145/
[rosmaster.master][INFO] 2026-06-30 23:14:13,851: +SERVICE [/mavros/log_transfer/raw/log_request_list] /mavros http://localhost:38145/
[rosmaster.master][INFO] 2026-06-30 23:14:13,852: +SERVICE [/mavros/log_transfer/raw/log_request_data] /mavros http://localhost:38145/
[rosmaster.master][INFO] 2026-06-30 23:14:13,852: +SERVICE [/mavros/log_transfer/raw/log_request_end] /mavros http://localhost:38145/
[rosmaster.master][INFO] 2026-06-30 23:14:13,853: +SERVICE [/mavros/log_transfer/raw/log_request_erase] /mavros http://localhost:38145/
[rosmaster.master][INFO] 2026-06-30 23:14:13,854: +PUB [/mavros/mag_calibration/status] /mavros http://localhost:38145/
[rosmaster.master][INFO] 2026-06-30 23:14:13,854: +PUB [/mavros/mag_calibration/report] /mavros http://localhost:38145/
[rosmaster.master][INFO] 2026-06-30 23:14:13,855: +PUB [/mavros/manual_control/control] /mavros http://localhost:38145/
[rosmaster.master][INFO] 2026-06-30 23:14:13,857: +SUB [/mavros/manual_control/send] /mavros http://localhost:38145/
[rosmaster.master][INFO] 2026-06-30 23:14:13,860: +SUB [/mavros/mocap/pose] /mavros http://localhost:38145/
[rosmaster.master][INFO] 2026-06-30 23:14:13,863: +SUB [/mavros/mount_control/command] /mavros http://localhost:38145/
[rosmaster.master][INFO] 2026-06-30 23:14:13,863: +PUB [/mavros/mount_control/orientation] /mavros http://localhost:38145/
[rosmaster.master][INFO] 2026-06-30 23:14:13,864: +PUB [/mavros/mount_control/status] /mavros http://localhost:38145/
[rosmaster.master][INFO] 2026-06-30 23:14:13,864: +SERVICE [/mavros/mount_control/configure] /mavros http://localhost:38145/
[rosmaster.master][INFO] 2026-06-30 23:14:13,869: +PUB [/mavros/nav_controller_output] /mavros http://localhost:38145/
[rosmaster.master][INFO] 2026-06-30 23:14:13,873: +SUB [/mavros/obstacle/send] /mavros http://localhost:38145/
[rosmaster.master][INFO] 2026-06-30 23:14:13,875: +PUB [/mavros/odometry/in] /mavros http://localhost:38145/
[rosmaster.master][INFO] 2026-06-30 23:14:13,877: +SUB [/mavros/odometry/out] /mavros http://localhost:38145/
[rosmaster.master][INFO] 2026-06-30 23:14:13,880: +SUB [/mavros/onboard_computer/status] /mavros http://localhost:38145/
[rosmaster.master][INFO] 2026-06-30 23:14:13,881: +SERVICE [/mavros/param/pull] /mavros http://localhost:38145/
[rosmaster.master][INFO] 2026-06-30 23:14:13,882: +SERVICE [/mavros/param/push] /mavros http://localhost:38145/
[rosmaster.master][INFO] 2026-06-30 23:14:13,883: +SERVICE [/mavros/param/set] /mavros http://localhost:38145/
[rosmaster.master][INFO] 2026-06-30 23:14:13,883: +SERVICE [/mavros/param/get] /mavros http://localhost:38145/
[rosmaster.master][INFO] 2026-06-30 23:14:13,883: +PUB [/mavros/param/param_value] /mavros http://localhost:38145/
[rosmaster.master][INFO] 2026-06-30 23:14:13,886: +SUB [/mavros/play_tune] /mavros http://localhost:38145/
[rosmaster.master][INFO] 2026-06-30 23:14:13,888: +PUB [/mavros/rallypoint/waypoints] /mavros http://localhost:38145/
[rosmaster.master][INFO] 2026-06-30 23:14:13,889: +SERVICE [/mavros/rallypoint/pull] /mavros http://localhost:38145/
[rosmaster.master][INFO] 2026-06-30 23:14:13,889: +SERVICE [/mavros/rallypoint/push] /mavros http://localhost:38145/
[rosmaster.master][INFO] 2026-06-30 23:14:13,890: +SERVICE [/mavros/rallypoint/clear] /mavros http://localhost:38145/
[rosmaster.master][INFO] 2026-06-30 23:14:13,891: +PUB [/mavros/rangefinder/rangefinder] /mavros http://localhost:38145/
[rosmaster.master][INFO] 2026-06-30 23:14:13,892: +PUB [/mavros/rc/in] /mavros http://localhost:38145/
[rosmaster.master][INFO] 2026-06-30 23:14:13,892: +PUB [/mavros/rc/out] /mavros http://localhost:38145/
[rosmaster.master][INFO] 2026-06-30 23:14:13,894: +SUB [/mavros/rc/override] /mavros http://localhost:38145/
[rosmaster.master][INFO] 2026-06-30 23:14:13,897: +SUB [/mavros/setpoint_accel/accel] /mavros http://localhost:38145/
[rosmaster.master][INFO] 2026-06-30 23:14:13,904: +SUB [/mavros/setpoint_attitude/thrust] /mavros http://localhost:38145/
[rosmaster.master][INFO] 2026-06-30 23:14:13,906: +SUB [/mavros/setpoint_attitude/cmd_vel] /mavros http://localhost:38145/
[rosmaster.master][INFO] 2026-06-30 23:14:13,915: +SUB [/mavros/setpoint_position/local] /mavros http://localhost:38145/
[rosmaster.master][INFO] 2026-06-30 23:14:13,917: +SUB [/mavros/setpoint_position/global] /mavros http://localhost:38145/
[rosmaster.master][INFO] 2026-06-30 23:14:13,919: +SUB [/mavros/setpoint_position/global_to_local] /mavros http://localhost:38145/
[rosmaster.master][INFO] 2026-06-30 23:14:13,921: +SUB [/mavros/global_position/global] /mavros http://localhost:38145/
[rosmaster.master][INFO] 2026-06-30 23:14:13,923: +SUB [/mavros/local_position/pose] /mavros http://localhost:38145/
[rosmaster.master][INFO] 2026-06-30 23:14:13,924: +SERVICE [/mavros/setpoint_position/mav_frame] /mavros http://localhost:38145/
[rosmaster.master][INFO] 2026-06-30 23:14:13,927: +SUB [/mavros/setpoint_raw/local] /mavros http://localhost:38145/
[rosmaster.master][INFO] 2026-06-30 23:14:13,929: +SUB [/mavros/setpoint_raw/global] /mavros http://localhost:38145/
[rosmaster.master][INFO] 2026-06-30 23:14:13,931: +SUB [/mavros/setpoint_raw/attitude] /mavros http://localhost:38145/
[rosmaster.master][INFO] 2026-06-30 23:14:13,932: +PUB [/mavros/setpoint_raw/target_local] /mavros http://localhost:38145/
[rosmaster.master][INFO] 2026-06-30 23:14:13,932: +PUB [/mavros/setpoint_raw/target_global] /mavros http://localhost:38145/
[rosmaster.master][INFO] 2026-06-30 23:14:13,932: +PUB [/mavros/setpoint_raw/target_attitude] /mavros http://localhost:38145/
[rosmaster.master][INFO] 2026-06-30 23:14:13,936: +SUB [/mavros/setpoint_trajectory/local] /mavros http://localhost:38145/
[rosmaster.master][INFO] 2026-06-30 23:14:13,936: +PUB [/mavros/setpoint_trajectory/desired] /mavros http://localhost:38145/
[rosmaster.master][INFO] 2026-06-30 23:14:13,937: +SERVICE [/mavros/setpoint_trajectory/reset] /mavros http://localhost:38145/
[rosmaster.master][INFO] 2026-06-30 23:14:13,937: +SERVICE [/mavros/setpoint_trajectory/mav_frame] /mavros http://localhost:38145/
[rosmaster.master][INFO] 2026-06-30 23:14:13,940: +SUB [/mavros/setpoint_velocity/cmd_vel] /mavros http://localhost:38145/
[rosmaster.master][INFO] 2026-06-30 23:14:13,942: +SUB [/mavros/setpoint_velocity/cmd_vel_unstamped] /mavros http://localhost:38145/
[rosmaster.master][INFO] 2026-06-30 23:14:13,942: +SERVICE [/mavros/setpoint_velocity/mav_frame] /mavros http://localhost:38145/
[rosmaster.master][INFO] 2026-06-30 23:14:13,947: +PUB [/mavros/state] /mavros http://localhost:38145/
[rosmaster.master][INFO] 2026-06-30 23:14:13,947: +PUB [/mavros/extended_state] /mavros http://localhost:38145/
[rosmaster.master][INFO] 2026-06-30 23:14:13,948: +PUB [/mavros/battery] /mavros http://localhost:38145/
[rosmaster.master][INFO] 2026-06-30 23:14:13,948: +PUB [/mavros/estimator_status] /mavros http://localhost:38145/
[rosmaster.master][INFO] 2026-06-30 23:14:13,949: +PUB [/mavros/statustext/recv] /mavros http://localhost:38145/
[rosmaster.master][INFO] 2026-06-30 23:14:13,949: +PUB [/mavros/sys_status] /mavros http://localhost:38145/
[rosmaster.master][INFO] 2026-06-30 23:14:13,951: +SUB [/mavros/statustext/send] /mavros http://localhost:38145/
[rosmaster.master][INFO] 2026-06-30 23:14:13,952: +SERVICE [/mavros/set_stream_rate] /mavros http://localhost:38145/
[rosmaster.master][INFO] 2026-06-30 23:14:13,952: +SERVICE [/mavros/set_mode] /mavros http://localhost:38145/
[rosmaster.master][INFO] 2026-06-30 23:14:13,953: +SERVICE [/mavros/vehicle_info_get] /mavros http://localhost:38145/
[rosmaster.master][INFO] 2026-06-30 23:14:13,953: +SERVICE [/mavros/set_message_interval] /mavros http://localhost:38145/
[rosmaster.master][INFO] 2026-06-30 23:14:13,959: +PUB [/mavros/time_reference] /mavros http://localhost:38145/
[rosmaster.master][INFO] 2026-06-30 23:14:13,959: +PUB [/mavros/timesync_status] /mavros http://localhost:38145/
[rosmaster.master][INFO] 2026-06-30 23:14:13,960: +PUB [/mavros/terrain/report] /mavros http://localhost:38145/
[rosmaster.master][INFO] 2026-06-30 23:14:13,962: +SUB [/mavros/trajectory/generated] /mavros http://localhost:38145/
[rosmaster.master][INFO] 2026-06-30 23:14:13,964: +SUB [/mavros/trajectory/path] /mavros http://localhost:38145/
[rosmaster.master][INFO] 2026-06-30 23:14:13,964: +PUB [/mavros/trajectory/desired] /mavros http://localhost:38145/
[rosmaster.master][INFO] 2026-06-30 23:14:13,966: +SUB [/mavros/tunnel/in] /mavros http://localhost:38145/
[rosmaster.master][INFO] 2026-06-30 23:14:13,967: +PUB [/mavros/tunnel/out] /mavros http://localhost:38145/
[rosmaster.master][INFO] 2026-06-30 23:14:13,967: +PUB [/mavros/vfr_hud] /mavros http://localhost:38145/
[rosmaster.master][INFO] 2026-06-30 23:14:13,971: +SUB [/mavros/vision_pose/pose] /mavros http://localhost:38145/
[rosmaster.master][INFO] 2026-06-30 23:14:13,973: +SUB [/mavros/vision_pose/pose_cov] /mavros http://localhost:38145/
[rosmaster.master][INFO] 2026-06-30 23:14:13,974: +PUB [/mavros/mission/waypoints] /mavros http://localhost:38145/
[rosmaster.master][INFO] 2026-06-30 23:14:13,975: +SERVICE [/mavros/mission/pull] /mavros http://localhost:38145/
[rosmaster.master][INFO] 2026-06-30 23:14:13,975: +SERVICE [/mavros/mission/push] /mavros http://localhost:38145/
[rosmaster.master][INFO] 2026-06-30 23:14:13,976: +SERVICE [/mavros/mission/clear] /mavros http://localhost:38145/
[rosmaster.master][INFO] 2026-06-30 23:14:13,976: +PUB [/mavros/mission/reached] /mavros http://localhost:38145/
[rosmaster.master][INFO] 2026-06-30 23:14:13,976: +SERVICE [/mavros/mission/set_current] /mavros http://localhost:38145/
[rosmaster.master][INFO] 2026-06-30 23:14:13,977: +PUB [/mavros/wind_estimation] /mavros http://localhost:38145/
[rosmaster.master][INFO] 2026-06-30 23:14:14,979: +PUB [/mavlink/gcs_ip] /mavros http://localhost:38145/
[rosmaster.master][INFO] 2026-06-30 23:14:24,077: +PUB [/rosout] /horizontal_flight_logger http://localhost:39093/
[rosmaster.master][INFO] 2026-06-30 23:14:24,079: publisherUpdate[/rosout] -> http://localhost:35355/ ['http://localhost:38145/', 'http://localhost:39093/']
[rosmaster.master][INFO] 2026-06-30 23:14:24,080: +SERVICE [/horizontal_flight_logger/get_loggers] /horizontal_flight_logger http://localhost:39093/
[rosmaster.master][INFO] 2026-06-30 23:14:24,081: +SERVICE [/horizontal_flight_logger/set_logger_level] /horizontal_flight_logger http://localhost:39093/
[rosmaster.master][INFO] 2026-06-30 23:14:24,081: publisherUpdate[/rosout] -> http://localhost:35355/ ['http://localhost:38145/', 'http://localhost:39093/']: sec=0.00, result=[1, '', 0]
[rosmaster.master][INFO] 2026-06-30 23:14:24,082: +PUB [/mavros/setpoint_raw/local] /horizontal_flight_logger http://localhost:39093/
[rosmaster.master][INFO] 2026-06-30 23:14:24,083: +SUB [/mavros/local_position/velocity_local] /horizontal_flight_logger http://localhost:39093/
[rosmaster.master][INFO] 2026-06-30 23:14:24,084: +SUB [/mavros/battery] /horizontal_flight_logger http://localhost:39093/
[rosmaster.master][INFO] 2026-06-30 23:14:24,180: publisherUpdate[/mavros/setpoint_raw/local] -> http://localhost:38145/ ['http://localhost:39093/']
[rosmaster.master][INFO] 2026-06-30 23:14:24,181: publisherUpdate[/mavros/setpoint_raw/local] -> http://localhost:38145/ ['http://localhost:39093/']: sec=0.00, result=[1, '', 0]
[rosmaster.master][INFO] 2026-06-30 23:17:19,461: -SUB [/mavros/local_position/velocity_local] /horizontal_flight_logger http://localhost:39093/
[rosmaster.master][INFO] 2026-06-30 23:17:19,462: -SUB [/mavros/battery] /horizontal_flight_logger http://localhost:39093/
[rosmaster.master][INFO] 2026-06-30 23:17:19,462: -PUB [/rosout] /horizontal_flight_logger http://localhost:39093/
[rosmaster.master][INFO] 2026-06-30 23:17:19,462: -PUB [/mavros/setpoint_raw/local] /horizontal_flight_logger http://localhost:39093/
[rosmaster.master][INFO] 2026-06-30 23:17:19,462: -SERVICE [/horizontal_flight_logger/get_loggers] /horizontal_flight_logger rosrpc://localhost:35437
[rosmaster.master][INFO] 2026-06-30 23:17:19,462: -SERVICE [/horizontal_flight_logger/set_logger_level] /horizontal_flight_logger rosrpc://localhost:35437
[rosmaster.master][INFO] 2026-06-30 23:17:19,466: publisherUpdate[/rosout] -> http://localhost:35355/ ['http://localhost:38145/']
[rosmaster.master][INFO] 2026-06-30 23:17:19,469: publisherUpdate[/rosout] -> http://localhost:35355/ ['http://localhost:38145/']: sec=0.00, result=[1, '', 0]
[rosmaster.master][INFO] 2026-06-30 23:17:19,469: publisherUpdate[/mavros/setpoint_raw/local] -> http://localhost:38145/ []
[rosmaster.master][INFO] 2026-06-30 23:17:19,470: publisherUpdate[/mavros/setpoint_raw/local] -> http://localhost:38145/ []: sec=0.00, result=[1, '', 0]
[rosmaster.master][INFO] 2026-06-30 23:17:46,052: -PUB [/rosout_agg] /rosout http://localhost:35355/
[rosmaster.master][INFO] 2026-06-30 23:17:46,053: -SUB [/rosout] /rosout http://localhost:35355/
[rosmaster.master][INFO] 2026-06-30 23:17:46,053: -SERVICE [/rosout/get_loggers] /rosout rosrpc://localhost:51293
[rosmaster.master][INFO] 2026-06-30 23:17:46,054: -SERVICE [/rosout/set_logger_level] /rosout rosrpc://localhost:51293
[rosmaster.master][INFO] 2026-06-30 23:17:46,054: -CACHEDPARAM [/rosout/omit_topics] by /rosout
[rosmaster.main][INFO] 2026-06-30 23:17:46,162: keyboard interrupt, will exit
[rosmaster.main][INFO] 2026-06-30 23:17:46,163: stopping master...
[rospy.core][INFO] 2026-06-30 23:17:46,163: signal_shutdown [atexit]
