[rosmaster.main][INFO] 2026-07-08 22:53:08,164: initialization complete, waiting for shutdown
[rosmaster.main][INFO] 2026-07-08 22:53:08,164: Starting ROS Master Node
[xmlrpc][INFO] 2026-07-08 22:53:08,165: XML-RPC server binding to 127.0.0.1:11311
[xmlrpc][INFO] 2026-07-08 22:53:08,165: Started XML-RPC server [http://localhost:11311/]
[xmlrpc][INFO] 2026-07-08 22:53:08,165: xml rpc node: starting XML-RPC server
[rosmaster.master][INFO] 2026-07-08 22:53:08,165: Master initialized: port[11311], uri[http://localhost:11311/]
[rosmaster.master][INFO] 2026-07-08 22:53:08,242: +PARAM [/run_id] by /roslaunch
[rosmaster.master][INFO] 2026-07-08 22:53:08,243: +PARAM [/roslaunch/uris/host_localhost__39879] by /roslaunch
[rosmaster.master][INFO] 2026-07-08 22:53:08,267: +PARAM [/rosversion] by /roslaunch
[rosmaster.master][INFO] 2026-07-08 22:53:08,267: +PARAM [/rosdistro] by /roslaunch
[rosmaster.master][INFO] 2026-07-08 22:53:08,298: +SERVICE [/rosout/get_loggers] /rosout http://localhost:34687/
[rosmaster.master][INFO] 2026-07-08 22:53:08,298: +SERVICE [/rosout/set_logger_level] /rosout http://localhost:34687/
[rosmaster.master][INFO] 2026-07-08 22:53:08,299: +PUB [/rosout_agg] /rosout http://localhost:34687/
[rosmaster.master][INFO] 2026-07-08 22:53:08,300: +SUB [/rosout] /rosout http://localhost:34687/
[rosmaster.master][INFO] 2026-07-08 22:53:11,244: +PARAM [/roslaunch/uris/host_localhost__34673] by /roslaunch
[rosmaster.master][INFO] 2026-07-08 22:53:11,248: +PARAM [/rosversion] by /roslaunch
[rosmaster.master][INFO] 2026-07-08 22:53:11,248: +PARAM [/rosdistro] by /roslaunch
[rosmaster.master][INFO] 2026-07-08 22:53:11,248: +PARAM [/mavros/plugin_blacklist] by /roslaunch
[rosmaster.master][INFO] 2026-07-08 22:53:11,248: +PARAM [/mavros/plugin_whitelist] by /roslaunch
[rosmaster.master][INFO] 2026-07-08 22:53:11,248: +PARAM [/mavros/startup_px4_usb_quirk] by /roslaunch
[rosmaster.master][INFO] 2026-07-08 22:53:11,248: +PARAM [/mavros/conn/heartbeat_rate] by /roslaunch
[rosmaster.master][INFO] 2026-07-08 22:53:11,248: +PARAM [/mavros/conn/heartbeat_mav_type] by /roslaunch
[rosmaster.master][INFO] 2026-07-08 22:53:11,248: +PARAM [/mavros/conn/timeout] by /roslaunch
[rosmaster.master][INFO] 2026-07-08 22:53:11,248: +PARAM [/mavros/conn/timesync_rate] by /roslaunch
[rosmaster.master][INFO] 2026-07-08 22:53:11,248: +PARAM [/mavros/conn/system_time_rate] by /roslaunch
[rosmaster.master][INFO] 2026-07-08 22:53:11,249: +PARAM [/mavros/sys/min_voltage] by /roslaunch
[rosmaster.master][INFO] 2026-07-08 22:53:11,249: +PARAM [/mavros/sys/disable_diag] by /roslaunch
[rosmaster.master][INFO] 2026-07-08 22:53:11,249: +PARAM [/mavros/time/time_ref_source] by /roslaunch
[rosmaster.master][INFO] 2026-07-08 22:53:11,249: +PARAM [/mavros/time/timesync_mode] by /roslaunch
[rosmaster.master][INFO] 2026-07-08 22:53:11,249: +PARAM [/mavros/time/timesync_avg_alpha] by /roslaunch
[rosmaster.master][INFO] 2026-07-08 22:53:11,249: +PARAM [/mavros/tdr_radio/low_rssi] by /roslaunch
[rosmaster.master][INFO] 2026-07-08 22:53:11,249: +PARAM [/mavros/cmd/use_comp_id_system_control] by /roslaunch
[rosmaster.master][INFO] 2026-07-08 22:53:11,249: +PARAM [/mavros/global_position/frame_id] by /roslaunch
[rosmaster.master][INFO] 2026-07-08 22:53:11,249: +PARAM [/mavros/global_position/child_frame_id] by /roslaunch
[rosmaster.master][INFO] 2026-07-08 22:53:11,249: +PARAM [/mavros/global_position/rot_covariance] by /roslaunch
[rosmaster.master][INFO] 2026-07-08 22:53:11,249: +PARAM [/mavros/global_position/gps_uere] by /roslaunch
[rosmaster.master][INFO] 2026-07-08 22:53:11,249: +PARAM [/mavros/global_position/use_relative_alt] by /roslaunch
[rosmaster.master][INFO] 2026-07-08 22:53:11,249: +PARAM [/mavros/global_position/tf/send] by /roslaunch
[rosmaster.master][INFO] 2026-07-08 22:53:11,249: +PARAM [/mavros/global_position/tf/frame_id] by /roslaunch
[rosmaster.master][INFO] 2026-07-08 22:53:11,249: +PARAM [/mavros/global_position/tf/global_frame_id] by /roslaunch
[rosmaster.master][INFO] 2026-07-08 22:53:11,249: +PARAM [/mavros/global_position/tf/child_frame_id] by /roslaunch
[rosmaster.master][INFO] 2026-07-08 22:53:11,250: +PARAM [/mavros/imu/frame_id] by /roslaunch
[rosmaster.master][INFO] 2026-07-08 22:53:11,250: +PARAM [/mavros/imu/linear_acceleration_stdev] by /roslaunch
[rosmaster.master][INFO] 2026-07-08 22:53:11,250: +PARAM [/mavros/imu/angular_velocity_stdev] by /roslaunch
[rosmaster.master][INFO] 2026-07-08 22:53:11,250: +PARAM [/mavros/imu/orientation_stdev] by /roslaunch
[rosmaster.master][INFO] 2026-07-08 22:53:11,250: +PARAM [/mavros/imu/magnetic_stdev] by /roslaunch
[rosmaster.master][INFO] 2026-07-08 22:53:11,250: +PARAM [/mavros/local_position/frame_id] by /roslaunch
[rosmaster.master][INFO] 2026-07-08 22:53:11,250: +PARAM [/mavros/local_position/tf/send] by /roslaunch
[rosmaster.master][INFO] 2026-07-08 22:53:11,250: +PARAM [/mavros/local_position/tf/frame_id] by /roslaunch
[rosmaster.master][INFO] 2026-07-08 22:53:11,250: +PARAM [/mavros/local_position/tf/child_frame_id] by /roslaunch
[rosmaster.master][INFO] 2026-07-08 22:53:11,250: +PARAM [/mavros/local_position/tf/send_fcu] by /roslaunch
[rosmaster.master][INFO] 2026-07-08 22:53:11,250: +PARAM [/mavros/safety_area/p1/x] by /roslaunch
[rosmaster.master][INFO] 2026-07-08 22:53:11,250: +PARAM [/mavros/safety_area/p1/y] by /roslaunch
[rosmaster.master][INFO] 2026-07-08 22:53:11,250: +PARAM [/mavros/safety_area/p1/z] by /roslaunch
[rosmaster.master][INFO] 2026-07-08 22:53:11,250: +PARAM [/mavros/safety_area/p2/x] by /roslaunch
[rosmaster.master][INFO] 2026-07-08 22:53:11,250: +PARAM [/mavros/safety_area/p2/y] by /roslaunch
[rosmaster.master][INFO] 2026-07-08 22:53:11,250: +PARAM [/mavros/safety_area/p2/z] by /roslaunch
[rosmaster.master][INFO] 2026-07-08 22:53:11,250: +PARAM [/mavros/setpoint_accel/send_force] by /roslaunch
[rosmaster.master][INFO] 2026-07-08 22:53:11,250: +PARAM [/mavros/setpoint_attitude/reverse_thrust] by /roslaunch
[rosmaster.master][INFO] 2026-07-08 22:53:11,250: +PARAM [/mavros/setpoint_attitude/use_quaternion] by /roslaunch
[rosmaster.master][INFO] 2026-07-08 22:53:11,250: +PARAM [/mavros/setpoint_attitude/tf/listen] by /roslaunch
[rosmaster.master][INFO] 2026-07-08 22:53:11,250: +PARAM [/mavros/setpoint_attitude/tf/frame_id] by /roslaunch
[rosmaster.master][INFO] 2026-07-08 22:53:11,250: +PARAM [/mavros/setpoint_attitude/tf/child_frame_id] by /roslaunch
[rosmaster.master][INFO] 2026-07-08 22:53:11,250: +PARAM [/mavros/setpoint_attitude/tf/rate_limit] by /roslaunch
[rosmaster.master][INFO] 2026-07-08 22:53:11,250: +PARAM [/mavros/setpoint_raw/thrust_scaling] by /roslaunch
[rosmaster.master][INFO] 2026-07-08 22:53:11,250: +PARAM [/mavros/setpoint_position/tf/listen] by /roslaunch
[rosmaster.master][INFO] 2026-07-08 22:53:11,250: +PARAM [/mavros/setpoint_position/tf/frame_id] by /roslaunch
[rosmaster.master][INFO] 2026-07-08 22:53:11,250: +PARAM [/mavros/setpoint_position/tf/child_frame_id] by /roslaunch
[rosmaster.master][INFO] 2026-07-08 22:53:11,250: +PARAM [/mavros/setpoint_position/tf/rate_limit] by /roslaunch
[rosmaster.master][INFO] 2026-07-08 22:53:11,250: +PARAM [/mavros/setpoint_position/mav_frame] by /roslaunch
[rosmaster.master][INFO] 2026-07-08 22:53:11,250: +PARAM [/mavros/guided_target/tf/listen] by /roslaunch
[rosmaster.master][INFO] 2026-07-08 22:53:11,250: +PARAM [/mavros/guided_target/tf/frame_id] by /roslaunch
[rosmaster.master][INFO] 2026-07-08 22:53:11,250: +PARAM [/mavros/guided_target/tf/child_frame_id] by /roslaunch
[rosmaster.master][INFO] 2026-07-08 22:53:11,250: +PARAM [/mavros/guided_target/tf/rate_limit] by /roslaunch
[rosmaster.master][INFO] 2026-07-08 22:53:11,250: +PARAM [/mavros/setpoint_velocity/mav_frame] by /roslaunch
[rosmaster.master][INFO] 2026-07-08 22:53:11,250: +PARAM [/mavros/mission/pull_after_gcs] by /roslaunch
[rosmaster.master][INFO] 2026-07-08 22:53:11,250: +PARAM [/mavros/mission/use_mission_item_int] by /roslaunch
[rosmaster.master][INFO] 2026-07-08 22:53:11,250: +PARAM [/mavros/distance_sensor/rangefinder_pub/id] by /roslaunch
[rosmaster.master][INFO] 2026-07-08 22:53:11,250: +PARAM [/mavros/distance_sensor/rangefinder_pub/frame_id] by /roslaunch
[rosmaster.master][INFO] 2026-07-08 22:53:11,250: +PARAM [/mavros/distance_sensor/rangefinder_pub/field_of_view] by /roslaunch
[rosmaster.master][INFO] 2026-07-08 22:53:11,250: +PARAM [/mavros/distance_sensor/rangefinder_pub/send_tf] by /roslaunch
[rosmaster.master][INFO] 2026-07-08 22:53:11,250: +PARAM [/mavros/distance_sensor/rangefinder_pub/sensor_position/x] by /roslaunch
[rosmaster.master][INFO] 2026-07-08 22:53:11,250: +PARAM [/mavros/distance_sensor/rangefinder_pub/sensor_position/y] by /roslaunch
[rosmaster.master][INFO] 2026-07-08 22:53:11,250: +PARAM [/mavros/distance_sensor/rangefinder_pub/sensor_position/z] by /roslaunch
[rosmaster.master][INFO] 2026-07-08 22:53:11,250: +PARAM [/mavros/distance_sensor/rangefinder_sub/subscriber] by /roslaunch
[rosmaster.master][INFO] 2026-07-08 22:53:11,250: +PARAM [/mavros/distance_sensor/rangefinder_sub/id] by /roslaunch
[rosmaster.master][INFO] 2026-07-08 22:53:11,250: +PARAM [/mavros/distance_sensor/rangefinder_sub/orientation] by /roslaunch
[rosmaster.master][INFO] 2026-07-08 22:53:11,251: +PARAM [/mavros/image/frame_id] by /roslaunch
[rosmaster.master][INFO] 2026-07-08 22:53:11,251: +PARAM [/mavros/fake_gps/use_mocap] by /roslaunch
[rosmaster.master][INFO] 2026-07-08 22:53:11,251: +PARAM [/mavros/fake_gps/mocap_transform] by /roslaunch
[rosmaster.master][INFO] 2026-07-08 22:53:11,251: +PARAM [/mavros/fake_gps/mocap_withcovariance] by /roslaunch
[rosmaster.master][INFO] 2026-07-08 22:53:11,251: +PARAM [/mavros/fake_gps/use_vision] by /roslaunch
[rosmaster.master][INFO] 2026-07-08 22:53:11,251: +PARAM [/mavros/fake_gps/use_hil_gps] by /roslaunch
[rosmaster.master][INFO] 2026-07-08 22:53:11,251: +PARAM [/mavros/fake_gps/gps_id] by /roslaunch
[rosmaster.master][INFO] 2026-07-08 22:53:11,251: +PARAM [/mavros/fake_gps/geo_origin/lat] by /roslaunch
[rosmaster.master][INFO] 2026-07-08 22:53:11,251: +PARAM [/mavros/fake_gps/geo_origin/lon] by /roslaunch
[rosmaster.master][INFO] 2026-07-08 22:53:11,251: +PARAM [/mavros/fake_gps/geo_origin/alt] by /roslaunch
[rosmaster.master][INFO] 2026-07-08 22:53:11,251: +PARAM [/mavros/fake_gps/eph] by /roslaunch
[rosmaster.master][INFO] 2026-07-08 22:53:11,251: +PARAM [/mavros/fake_gps/epv] by /roslaunch
[rosmaster.master][INFO] 2026-07-08 22:53:11,251: +PARAM [/mavros/fake_gps/horiz_accuracy] by /roslaunch
[rosmaster.master][INFO] 2026-07-08 22:53:11,251: +PARAM [/mavros/fake_gps/vert_accuracy] by /roslaunch
[rosmaster.master][INFO] 2026-07-08 22:53:11,251: +PARAM [/mavros/fake_gps/speed_accuracy] by /roslaunch
[rosmaster.master][INFO] 2026-07-08 22:53:11,251: +PARAM [/mavros/fake_gps/satellites_visible] by /roslaunch
[rosmaster.master][INFO] 2026-07-08 22:53:11,251: +PARAM [/mavros/fake_gps/fix_type] by /roslaunch
[rosmaster.master][INFO] 2026-07-08 22:53:11,251: +PARAM [/mavros/fake_gps/tf/listen] by /roslaunch
[rosmaster.master][INFO] 2026-07-08 22:53:11,251: +PARAM [/mavros/fake_gps/tf/send] by /roslaunch
[rosmaster.master][INFO] 2026-07-08 22:53:11,251: +PARAM [/mavros/fake_gps/tf/frame_id] by /roslaunch
[rosmaster.master][INFO] 2026-07-08 22:53:11,251: +PARAM [/mavros/fake_gps/tf/child_frame_id] by /roslaunch
[rosmaster.master][INFO] 2026-07-08 22:53:11,251: +PARAM [/mavros/fake_gps/tf/rate_limit] by /roslaunch
[rosmaster.master][INFO] 2026-07-08 22:53:11,251: +PARAM [/mavros/fake_gps/gps_rate] by /roslaunch
[rosmaster.master][INFO] 2026-07-08 22:53:11,251: +PARAM [/mavros/landing_target/listen_lt] by /roslaunch
[rosmaster.master][INFO] 2026-07-08 22:53:11,251: +PARAM [/mavros/landing_target/mav_frame] by /roslaunch
[rosmaster.master][INFO] 2026-07-08 22:53:11,251: +PARAM [/mavros/landing_target/land_target_type] by /roslaunch
[rosmaster.master][INFO] 2026-07-08 22:53:11,251: +PARAM [/mavros/landing_target/image/width] by /roslaunch
[rosmaster.master][INFO] 2026-07-08 22:53:11,251: +PARAM [/mavros/landing_target/image/height] by /roslaunch
[rosmaster.master][INFO] 2026-07-08 22:53:11,251: +PARAM [/mavros/landing_target/camera/fov_x] by /roslaunch
[rosmaster.master][INFO] 2026-07-08 22:53:11,251: +PARAM [/mavros/landing_target/camera/fov_y] by /roslaunch
[rosmaster.master][INFO] 2026-07-08 22:53:11,251: +PARAM [/mavros/landing_target/tf/send] by /roslaunch
[rosmaster.master][INFO] 2026-07-08 22:53:11,251: +PARAM [/mavros/landing_target/tf/listen] by /roslaunch
[rosmaster.master][INFO] 2026-07-08 22:53:11,251: +PARAM [/mavros/landing_target/tf/frame_id] by /roslaunch
[rosmaster.master][INFO] 2026-07-08 22:53:11,251: +PARAM [/mavros/landing_target/tf/child_frame_id] by /roslaunch
[rosmaster.master][INFO] 2026-07-08 22:53:11,251: +PARAM [/mavros/landing_target/tf/rate_limit] by /roslaunch
[rosmaster.master][INFO] 2026-07-08 22:53:11,251: +PARAM [/mavros/landing_target/target_size/x] by /roslaunch
[rosmaster.master][INFO] 2026-07-08 22:53:11,251: +PARAM [/mavros/landing_target/target_size/y] by /roslaunch
[rosmaster.master][INFO] 2026-07-08 22:53:11,251: +PARAM [/mavros/mocap/use_tf] by /roslaunch
[rosmaster.master][INFO] 2026-07-08 22:53:11,251: +PARAM [/mavros/mocap/use_pose] by /roslaunch
[rosmaster.master][INFO] 2026-07-08 22:53:11,251: +PARAM [/mavros/mount/debounce_s] by /roslaunch
[rosmaster.master][INFO] 2026-07-08 22:53:11,251: +PARAM [/mavros/mount/err_threshold_deg] by /roslaunch
[rosmaster.master][INFO] 2026-07-08 22:53:11,251: +PARAM [/mavros/mount/negate_measured_roll] by /roslaunch
[rosmaster.master][INFO] 2026-07-08 22:53:11,251: +PARAM [/mavros/mount/negate_measured_pitch] by /roslaunch
[rosmaster.master][INFO] 2026-07-08 22:53:11,251: +PARAM [/mavros/mount/negate_measured_yaw] by /roslaunch
[rosmaster.master][INFO] 2026-07-08 22:53:11,251: +PARAM [/mavros/odometry/frame_tf/desired_frame] by /roslaunch
[rosmaster.master][INFO] 2026-07-08 22:53:11,251: +PARAM [/mavros/odometry/estimator_type] by /roslaunch
[rosmaster.master][INFO] 2026-07-08 22:53:11,251: +PARAM [/mavros/px4flow/frame_id] by /roslaunch
[rosmaster.master][INFO] 2026-07-08 22:53:11,251: +PARAM [/mavros/px4flow/ranger_fov] by /roslaunch
[rosmaster.master][INFO] 2026-07-08 22:53:11,251: +PARAM [/mavros/px4flow/ranger_min_range] by /roslaunch
[rosmaster.master][INFO] 2026-07-08 22:53:11,252: +PARAM [/mavros/px4flow/ranger_max_range] by /roslaunch
[rosmaster.master][INFO] 2026-07-08 22:53:11,252: +PARAM [/mavros/vision_pose/tf/listen] by /roslaunch
[rosmaster.master][INFO] 2026-07-08 22:53:11,252: +PARAM [/mavros/vision_pose/tf/frame_id] by /roslaunch
[rosmaster.master][INFO] 2026-07-08 22:53:11,252: +PARAM [/mavros/vision_pose/tf/child_frame_id] by /roslaunch
[rosmaster.master][INFO] 2026-07-08 22:53:11,252: +PARAM [/mavros/vision_pose/tf/rate_limit] by /roslaunch
[rosmaster.master][INFO] 2026-07-08 22:53:11,252: +PARAM [/mavros/vision_speed/listen_twist] by /roslaunch
[rosmaster.master][INFO] 2026-07-08 22:53:11,252: +PARAM [/mavros/vision_speed/twist_cov] by /roslaunch
[rosmaster.master][INFO] 2026-07-08 22:53:11,252: +PARAM [/mavros/vibration/frame_id] by /roslaunch
[rosmaster.master][INFO] 2026-07-08 22:53:11,252: +PARAM [/mavros/wheel_odometry/count] by /roslaunch
[rosmaster.master][INFO] 2026-07-08 22:53:11,252: +PARAM [/mavros/wheel_odometry/use_rpm] by /roslaunch
[rosmaster.master][INFO] 2026-07-08 22:53:11,252: +PARAM [/mavros/wheel_odometry/wheel0/x] by /roslaunch
[rosmaster.master][INFO] 2026-07-08 22:53:11,252: +PARAM [/mavros/wheel_odometry/wheel0/y] by /roslaunch
[rosmaster.master][INFO] 2026-07-08 22:53:11,252: +PARAM [/mavros/wheel_odometry/wheel0/radius] by /roslaunch
[rosmaster.master][INFO] 2026-07-08 22:53:11,252: +PARAM [/mavros/wheel_odometry/wheel1/x] by /roslaunch
[rosmaster.master][INFO] 2026-07-08 22:53:11,252: +PARAM [/mavros/wheel_odometry/wheel1/y] by /roslaunch
[rosmaster.master][INFO] 2026-07-08 22:53:11,252: +PARAM [/mavros/wheel_odometry/wheel1/radius] by /roslaunch
[rosmaster.master][INFO] 2026-07-08 22:53:11,252: +PARAM [/mavros/wheel_odometry/send_raw] by /roslaunch
[rosmaster.master][INFO] 2026-07-08 22:53:11,252: +PARAM [/mavros/wheel_odometry/send_twist] by /roslaunch
[rosmaster.master][INFO] 2026-07-08 22:53:11,252: +PARAM [/mavros/wheel_odometry/frame_id] by /roslaunch
[rosmaster.master][INFO] 2026-07-08 22:53:11,252: +PARAM [/mavros/wheel_odometry/child_frame_id] by /roslaunch
[rosmaster.master][INFO] 2026-07-08 22:53:11,252: +PARAM [/mavros/wheel_odometry/vel_error] by /roslaunch
[rosmaster.master][INFO] 2026-07-08 22:53:11,252: +PARAM [/mavros/wheel_odometry/tf/send] by /roslaunch
[rosmaster.master][INFO] 2026-07-08 22:53:11,252: +PARAM [/mavros/wheel_odometry/tf/frame_id] by /roslaunch
[rosmaster.master][INFO] 2026-07-08 22:53:11,252: +PARAM [/mavros/wheel_odometry/tf/child_frame_id] by /roslaunch
[rosmaster.master][INFO] 2026-07-08 22:53:11,252: +PARAM [/mavros/fcu_url] by /roslaunch
[rosmaster.master][INFO] 2026-07-08 22:53:11,252: +PARAM [/mavros/gcs_url] by /roslaunch
[rosmaster.master][INFO] 2026-07-08 22:53:11,252: +PARAM [/mavros/target_system_id] by /roslaunch
[rosmaster.master][INFO] 2026-07-08 22:53:11,252: +PARAM [/mavros/target_component_id] by /roslaunch
[rosmaster.master][INFO] 2026-07-08 22:53:11,252: +PARAM [/mavros/fcu_protocol] by /roslaunch
[rosmaster.master][INFO] 2026-07-08 22:53:11,326: +PUB [/rosout] /mavros http://localhost:35781/
[rosmaster.master][INFO] 2026-07-08 22:53:11,326: +SERVICE [/mavros/get_loggers] /mavros http://localhost:35781/
[rosmaster.master][INFO] 2026-07-08 22:53:11,327: +SERVICE [/mavros/set_logger_level] /mavros http://localhost:35781/
[rosmaster.master][INFO] 2026-07-08 22:53:11,328: +PUB [/diagnostics] /mavros http://localhost:35781/
[rosmaster.master][INFO] 2026-07-08 22:53:11,328: +CACHEDPARAM [/mavros/diagnostic_period] by /mavros
[rosmaster.master][INFO] 2026-07-08 22:53:11,337: +SUB [/tf] /mavros http://localhost:35781/
[rosmaster.master][INFO] 2026-07-08 22:53:11,338: +SUB [/tf_static] /mavros http://localhost:35781/
[rosmaster.master][INFO] 2026-07-08 22:53:11,338: +PUB [/tf] /mavros http://localhost:35781/
[rosmaster.master][INFO] 2026-07-08 22:53:11,338: +PUB [/tf_static] /mavros http://localhost:35781/
[rosmaster.master][INFO] 2026-07-08 22:53:11,376: publisherUpdate[/rosout] -> http://localhost:34687/ ['http://localhost:35781/']
[rosmaster.master][INFO] 2026-07-08 22:53:11,376: publisherUpdate[/tf] -> http://localhost:35781/ ['http://localhost:35781/']
[rosmaster.master][INFO] 2026-07-08 22:53:11,379: publisherUpdate[/tf] -> http://localhost:35781/ ['http://localhost:35781/']: sec=0.00, result=[1, '', 0]
[rosmaster.master][INFO] 2026-07-08 22:53:11,380: publisherUpdate[/rosout] -> http://localhost:34687/ ['http://localhost:35781/']: sec=0.00, result=[1, '', 0]
[rosmaster.master][INFO] 2026-07-08 22:53:11,380: publisherUpdate[/tf_static] -> http://localhost:35781/ ['http://localhost:35781/']
[rosmaster.master][INFO] 2026-07-08 22:53:11,381: publisherUpdate[/tf_static] -> http://localhost:35781/ ['http://localhost:35781/']: sec=0.00, result=[1, '', 0]
[rosmaster.master][INFO] 2026-07-08 22:53:11,382: +CACHEDPARAM [/rosout_disable_topics_generation] by /mavros
[rosmaster.master][INFO] 2026-07-08 22:53:11,385: +PUB [/mavlink/from] /mavros http://localhost:35781/
[rosmaster.master][INFO] 2026-07-08 22:53:11,386: +SUB [/mavlink/to] /mavros http://localhost:35781/
[rosmaster.master][INFO] 2026-07-08 22:53:11,428: +PUB [/mavros/radio_status] /mavros http://localhost:35781/
[rosmaster.master][INFO] 2026-07-08 22:53:11,457: +PUB [/mavros/adsb/vehicle] /mavros http://localhost:35781/
[rosmaster.master][INFO] 2026-07-08 22:53:11,458: +SUB [/mavros/adsb/send] /mavros http://localhost:35781/
[rosmaster.master][INFO] 2026-07-08 22:53:11,459: +PUB [/mavros/cam_imu_sync/cam_imu_stamp] /mavros http://localhost:35781/
[rosmaster.master][INFO] 2026-07-08 22:53:11,459: +PUB [/mavros/camera/image_captured] /mavros http://localhost:35781/
[rosmaster.master][INFO] 2026-07-08 22:53:11,461: +SUB [/mavros/cellular_status/status] /mavros http://localhost:35781/
[rosmaster.master][INFO] 2026-07-08 22:53:11,462: +SERVICE [/mavros/cmd/command] /mavros http://localhost:35781/
[rosmaster.master][INFO] 2026-07-08 22:53:11,462: +SERVICE [/mavros/cmd/command_ack] /mavros http://localhost:35781/
[rosmaster.master][INFO] 2026-07-08 22:53:11,462: +SERVICE [/mavros/cmd/command_int] /mavros http://localhost:35781/
[rosmaster.master][INFO] 2026-07-08 22:53:11,463: +SERVICE [/mavros/cmd/arming] /mavros http://localhost:35781/
[rosmaster.master][INFO] 2026-07-08 22:53:11,463: +SERVICE [/mavros/cmd/set_home] /mavros http://localhost:35781/
[rosmaster.master][INFO] 2026-07-08 22:53:11,463: +SERVICE [/mavros/cmd/takeoff] /mavros http://localhost:35781/
[rosmaster.master][INFO] 2026-07-08 22:53:11,463: +SERVICE [/mavros/cmd/land] /mavros http://localhost:35781/
[rosmaster.master][INFO] 2026-07-08 22:53:11,464: +SERVICE [/mavros/cmd/trigger_control] /mavros http://localhost:35781/
[rosmaster.master][INFO] 2026-07-08 22:53:11,464: +SERVICE [/mavros/cmd/trigger_interval] /mavros http://localhost:35781/
[rosmaster.master][INFO] 2026-07-08 22:53:11,464: +SERVICE [/mavros/cmd/vtol_transition] /mavros http://localhost:35781/
[rosmaster.master][INFO] 2026-07-08 22:53:11,465: +SUB [/mavros/companion_process/status] /mavros http://localhost:35781/
[rosmaster.master][INFO] 2026-07-08 22:53:11,467: +PUB [/mavros/distance_sensor/rangefinder_pub] /mavros http://localhost:35781/
[rosmaster.master][INFO] 2026-07-08 22:53:11,469: +SUB [/mavros/distance_sensor/rangefinder_sub] /mavros http://localhost:35781/
[rosmaster.master][INFO] 2026-07-08 22:53:11,469: +PUB [/mavros/esc_info] /mavros http://localhost:35781/
[rosmaster.master][INFO] 2026-07-08 22:53:11,470: +PUB [/mavros/esc_status] /mavros http://localhost:35781/
[rosmaster.master][INFO] 2026-07-08 22:53:11,470: +PUB [/mavros/esc_telemetry] /mavros http://localhost:35781/
[rosmaster.master][INFO] 2026-07-08 22:53:11,483: +SUB [/mavros/fake_gps/mocap/pose] /mavros http://localhost:35781/
[rosmaster.master][INFO] 2026-07-08 22:53:11,485: +PUB [/mavros/geofence/waypoints] /mavros http://localhost:35781/
[rosmaster.master][INFO] 2026-07-08 22:53:11,486: +SERVICE [/mavros/geofence/pull] /mavros http://localhost:35781/
[rosmaster.master][INFO] 2026-07-08 22:53:11,486: +SERVICE [/mavros/geofence/push] /mavros http://localhost:35781/
[rosmaster.master][INFO] 2026-07-08 22:53:11,487: +SERVICE [/mavros/geofence/clear] /mavros http://localhost:35781/
[rosmaster.master][INFO] 2026-07-08 22:53:11,490: +PUB [/mavros/global_position/raw/fix] /mavros http://localhost:35781/
[rosmaster.master][INFO] 2026-07-08 22:53:11,490: +PUB [/mavros/global_position/raw/gps_vel] /mavros http://localhost:35781/
[rosmaster.master][INFO] 2026-07-08 22:53:11,490: +PUB [/mavros/global_position/raw/satellites] /mavros http://localhost:35781/
[rosmaster.master][INFO] 2026-07-08 22:53:11,491: +PUB [/mavros/global_position/global] /mavros http://localhost:35781/
[rosmaster.master][INFO] 2026-07-08 22:53:11,491: +PUB [/mavros/global_position/local] /mavros http://localhost:35781/
[rosmaster.master][INFO] 2026-07-08 22:53:11,491: +PUB [/mavros/global_position/rel_alt] /mavros http://localhost:35781/
[rosmaster.master][INFO] 2026-07-08 22:53:11,492: +PUB [/mavros/global_position/compass_hdg] /mavros http://localhost:35781/
[rosmaster.master][INFO] 2026-07-08 22:53:11,492: +PUB [/mavros/global_position/gp_origin] /mavros http://localhost:35781/
[rosmaster.master][INFO] 2026-07-08 22:53:11,493: +SUB [/mavros/global_position/set_gp_origin] /mavros http://localhost:35781/
[rosmaster.master][INFO] 2026-07-08 22:53:11,493: +SUB [/mavros/home_position/home] /mavros http://localhost:35781/
[rosmaster.master][INFO] 2026-07-08 22:53:11,494: +PUB [/mavros/global_position/gp_lp_offset] /mavros http://localhost:35781/
[rosmaster.master][INFO] 2026-07-08 22:53:11,495: +SUB [/mavros/gps_input/gps_input] /mavros http://localhost:35781/
[rosmaster.master][INFO] 2026-07-08 22:53:11,496: +SUB [/mavros/gps_rtk/send_rtcm] /mavros http://localhost:35781/
[rosmaster.master][INFO] 2026-07-08 22:53:11,496: +PUB [/mavros/gps_rtk/rtk_baseline] /mavros http://localhost:35781/
[rosmaster.master][INFO] 2026-07-08 22:53:11,497: +PUB [/mavros/gpsstatus/gps1/raw] /mavros http://localhost:35781/
[rosmaster.master][INFO] 2026-07-08 22:53:11,497: +PUB [/mavros/gpsstatus/gps2/raw] /mavros http://localhost:35781/
[rosmaster.master][INFO] 2026-07-08 22:53:11,497: +PUB [/mavros/gpsstatus/gps1/rtk] /mavros http://localhost:35781/
[rosmaster.master][INFO] 2026-07-08 22:53:11,498: +PUB [/mavros/gpsstatus/gps2/rtk] /mavros http://localhost:35781/
[rosmaster.master][INFO] 2026-07-08 22:53:11,499: +PUB [/move_base_simple/goal] /mavros http://localhost:35781/
[rosmaster.master][INFO] 2026-07-08 22:53:11,500: +SUB [/mavros/global_position/gp_origin] /mavros http://localhost:35781/
[rosmaster.master][INFO] 2026-07-08 22:53:11,501: +PUB [/mavros/home_position/home] /mavros http://localhost:35781/
[rosmaster.master][INFO] 2026-07-08 22:53:11,501: +SUB [/mavros/home_position/set] /mavros http://localhost:35781/
[rosmaster.master][INFO] 2026-07-08 22:53:11,502: +SERVICE [/mavros/home_position/req_update] /mavros http://localhost:35781/
[rosmaster.master][INFO] 2026-07-08 22:53:11,505: +PUB [/mavros/imu/data] /mavros http://localhost:35781/
[rosmaster.master][INFO] 2026-07-08 22:53:11,505: +PUB [/mavros/imu/mag] /mavros http://localhost:35781/
[rosmaster.master][INFO] 2026-07-08 22:53:11,505: +PUB [/mavros/imu/temperature_imu] /mavros http://localhost:35781/
[rosmaster.master][INFO] 2026-07-08 22:53:11,505: +PUB [/mavros/imu/temperature_baro] /mavros http://localhost:35781/
[rosmaster.master][INFO] 2026-07-08 22:53:11,505: +PUB [/mavros/imu/static_pressure] /mavros http://localhost:35781/
[rosmaster.master][INFO] 2026-07-08 22:53:11,506: +PUB [/mavros/imu/diff_pressure] /mavros http://localhost:35781/
[rosmaster.master][INFO] 2026-07-08 22:53:11,506: +PUB [/mavros/imu/data_raw] /mavros http://localhost:35781/
[rosmaster.master][INFO] 2026-07-08 22:53:11,511: +PUB [/mavros/landing_target/pose_in] /mavros http://localhost:35781/
[rosmaster.master][INFO] 2026-07-08 22:53:11,511: +PUB [/mavros/landing_target/lt_marker] /mavros http://localhost:35781/
[rosmaster.master][INFO] 2026-07-08 22:53:11,512: +SUB [/mavros/landing_target/pose] /mavros http://localhost:35781/
[rosmaster.master][INFO] 2026-07-08 22:53:11,513: +PUB [/mavros/local_position/pose] /mavros http://localhost:35781/
[rosmaster.master][INFO] 2026-07-08 22:53:11,513: +PUB [/mavros/local_position/pose_cov] /mavros http://localhost:35781/
[rosmaster.master][INFO] 2026-07-08 22:53:11,514: +PUB [/mavros/local_position/velocity_local] /mavros http://localhost:35781/
[rosmaster.master][INFO] 2026-07-08 22:53:11,514: +PUB [/mavros/local_position/velocity_body] /mavros http://localhost:35781/
[rosmaster.master][INFO] 2026-07-08 22:53:11,514: +PUB [/mavros/local_position/velocity_body_cov] /mavros http://localhost:35781/
[rosmaster.master][INFO] 2026-07-08 22:53:11,514: +PUB [/mavros/local_position/accel] /mavros http://localhost:35781/
[rosmaster.master][INFO] 2026-07-08 22:53:11,514: +PUB [/mavros/local_position/odom] /mavros http://localhost:35781/
[rosmaster.master][INFO] 2026-07-08 22:53:11,515: +PUB [/mavros/log_transfer/raw/log_entry] /mavros http://localhost:35781/
[rosmaster.master][INFO] 2026-07-08 22:53:11,515: +PUB [/mavros/log_transfer/raw/log_data] /mavros http://localhost:35781/
[rosmaster.master][INFO] 2026-07-08 22:53:11,516: +SERVICE [/mavros/log_transfer/raw/log_request_list] /mavros http://localhost:35781/
[rosmaster.master][INFO] 2026-07-08 22:53:11,516: +SERVICE [/mavros/log_transfer/raw/log_request_data] /mavros http://localhost:35781/
[rosmaster.master][INFO] 2026-07-08 22:53:11,516: +SERVICE [/mavros/log_transfer/raw/log_request_end] /mavros http://localhost:35781/
[rosmaster.master][INFO] 2026-07-08 22:53:11,516: +SERVICE [/mavros/log_transfer/raw/log_request_erase] /mavros http://localhost:35781/
[rosmaster.master][INFO] 2026-07-08 22:53:11,517: +PUB [/mavros/mag_calibration/status] /mavros http://localhost:35781/
[rosmaster.master][INFO] 2026-07-08 22:53:11,517: +PUB [/mavros/mag_calibration/report] /mavros http://localhost:35781/
[rosmaster.master][INFO] 2026-07-08 22:53:11,518: +PUB [/mavros/manual_control/control] /mavros http://localhost:35781/
[rosmaster.master][INFO] 2026-07-08 22:53:11,519: +SUB [/mavros/manual_control/send] /mavros http://localhost:35781/
[rosmaster.master][INFO] 2026-07-08 22:53:11,520: +SUB [/mavros/mocap/pose] /mavros http://localhost:35781/
[rosmaster.master][INFO] 2026-07-08 22:53:11,521: +SUB [/mavros/mount_control/command] /mavros http://localhost:35781/
[rosmaster.master][INFO] 2026-07-08 22:53:11,521: +PUB [/mavros/mount_control/orientation] /mavros http://localhost:35781/
[rosmaster.master][INFO] 2026-07-08 22:53:11,522: +PUB [/mavros/mount_control/status] /mavros http://localhost:35781/
[rosmaster.master][INFO] 2026-07-08 22:53:11,522: +SERVICE [/mavros/mount_control/configure] /mavros http://localhost:35781/
[rosmaster.master][INFO] 2026-07-08 22:53:11,525: +PUB [/mavros/nav_controller_output] /mavros http://localhost:35781/
[rosmaster.master][INFO] 2026-07-08 22:53:11,526: +SUB [/mavros/obstacle/send] /mavros http://localhost:35781/
[rosmaster.master][INFO] 2026-07-08 22:53:11,527: +PUB [/mavros/odometry/in] /mavros http://localhost:35781/
[rosmaster.master][INFO] 2026-07-08 22:53:11,528: +SUB [/mavros/odometry/out] /mavros http://localhost:35781/
[rosmaster.master][INFO] 2026-07-08 22:53:11,530: +SUB [/mavros/onboard_computer/status] /mavros http://localhost:35781/
[rosmaster.master][INFO] 2026-07-08 22:53:11,530: +SERVICE [/mavros/param/pull] /mavros http://localhost:35781/
[rosmaster.master][INFO] 2026-07-08 22:53:11,531: +SERVICE [/mavros/param/push] /mavros http://localhost:35781/
[rosmaster.master][INFO] 2026-07-08 22:53:11,531: +SERVICE [/mavros/param/set] /mavros http://localhost:35781/
[rosmaster.master][INFO] 2026-07-08 22:53:11,531: +SERVICE [/mavros/param/get] /mavros http://localhost:35781/
[rosmaster.master][INFO] 2026-07-08 22:53:11,532: +PUB [/mavros/param/param_value] /mavros http://localhost:35781/
[rosmaster.master][INFO] 2026-07-08 22:53:11,533: +SUB [/mavros/play_tune] /mavros http://localhost:35781/
[rosmaster.master][INFO] 2026-07-08 22:53:11,534: +PUB [/mavros/rallypoint/waypoints] /mavros http://localhost:35781/
[rosmaster.master][INFO] 2026-07-08 22:53:11,534: +SERVICE [/mavros/rallypoint/pull] /mavros http://localhost:35781/
[rosmaster.master][INFO] 2026-07-08 22:53:11,534: +SERVICE [/mavros/rallypoint/push] /mavros http://localhost:35781/
[rosmaster.master][INFO] 2026-07-08 22:53:11,535: +SERVICE [/mavros/rallypoint/clear] /mavros http://localhost:35781/
[rosmaster.master][INFO] 2026-07-08 22:53:11,535: +PUB [/mavros/rangefinder/rangefinder] /mavros http://localhost:35781/
[rosmaster.master][INFO] 2026-07-08 22:53:11,536: +PUB [/mavros/rc/in] /mavros http://localhost:35781/
[rosmaster.master][INFO] 2026-07-08 22:53:11,536: +PUB [/mavros/rc/out] /mavros http://localhost:35781/
[rosmaster.master][INFO] 2026-07-08 22:53:11,537: +SUB [/mavros/rc/override] /mavros http://localhost:35781/
[rosmaster.master][INFO] 2026-07-08 22:53:11,538: +SUB [/mavros/setpoint_accel/accel] /mavros http://localhost:35781/
[rosmaster.master][INFO] 2026-07-08 22:53:11,542: +SUB [/mavros/setpoint_attitude/thrust] /mavros http://localhost:35781/
[rosmaster.master][INFO] 2026-07-08 22:53:11,543: +SUB [/mavros/setpoint_attitude/cmd_vel] /mavros http://localhost:35781/
[rosmaster.master][INFO] 2026-07-08 22:53:11,547: +SUB [/mavros/setpoint_position/local] /mavros http://localhost:35781/
[rosmaster.master][INFO] 2026-07-08 22:53:11,548: +SUB [/mavros/setpoint_position/global] /mavros http://localhost:35781/
[rosmaster.master][INFO] 2026-07-08 22:53:11,549: +SUB [/mavros/setpoint_position/global_to_local] /mavros http://localhost:35781/
[rosmaster.master][INFO] 2026-07-08 22:53:11,550: +SUB [/mavros/global_position/global] /mavros http://localhost:35781/
[rosmaster.master][INFO] 2026-07-08 22:53:11,551: +SUB [/mavros/local_position/pose] /mavros http://localhost:35781/
[rosmaster.master][INFO] 2026-07-08 22:53:11,551: +SERVICE [/mavros/setpoint_position/mav_frame] /mavros http://localhost:35781/
[rosmaster.master][INFO] 2026-07-08 22:53:11,553: +SUB [/mavros/setpoint_raw/local] /mavros http://localhost:35781/
[rosmaster.master][INFO] 2026-07-08 22:53:11,554: +SUB [/mavros/setpoint_raw/global] /mavros http://localhost:35781/
[rosmaster.master][INFO] 2026-07-08 22:53:11,555: +SUB [/mavros/setpoint_raw/attitude] /mavros http://localhost:35781/
[rosmaster.master][INFO] 2026-07-08 22:53:11,555: +PUB [/mavros/setpoint_raw/target_local] /mavros http://localhost:35781/
[rosmaster.master][INFO] 2026-07-08 22:53:11,555: +PUB [/mavros/setpoint_raw/target_global] /mavros http://localhost:35781/
[rosmaster.master][INFO] 2026-07-08 22:53:11,555: +PUB [/mavros/setpoint_raw/target_attitude] /mavros http://localhost:35781/
[rosmaster.master][INFO] 2026-07-08 22:53:11,557: +SUB [/mavros/setpoint_trajectory/local] /mavros http://localhost:35781/
[rosmaster.master][INFO] 2026-07-08 22:53:11,557: +PUB [/mavros/setpoint_trajectory/desired] /mavros http://localhost:35781/
[rosmaster.master][INFO] 2026-07-08 22:53:11,557: +SERVICE [/mavros/setpoint_trajectory/reset] /mavros http://localhost:35781/
[rosmaster.master][INFO] 2026-07-08 22:53:11,558: +SERVICE [/mavros/setpoint_trajectory/mav_frame] /mavros http://localhost:35781/
[rosmaster.master][INFO] 2026-07-08 22:53:11,559: +SUB [/mavros/setpoint_velocity/cmd_vel] /mavros http://localhost:35781/
[rosmaster.master][INFO] 2026-07-08 22:53:11,561: +SUB [/mavros/setpoint_velocity/cmd_vel_unstamped] /mavros http://localhost:35781/
[rosmaster.master][INFO] 2026-07-08 22:53:11,561: +SERVICE [/mavros/setpoint_velocity/mav_frame] /mavros http://localhost:35781/
[rosmaster.master][INFO] 2026-07-08 22:53:11,563: +PUB [/mavros/state] /mavros http://localhost:35781/
[rosmaster.master][INFO] 2026-07-08 22:53:11,564: +PUB [/mavros/extended_state] /mavros http://localhost:35781/
[rosmaster.master][INFO] 2026-07-08 22:53:11,564: +PUB [/mavros/battery] /mavros http://localhost:35781/
[rosmaster.master][INFO] 2026-07-08 22:53:11,564: +PUB [/mavros/estimator_status] /mavros http://localhost:35781/
[rosmaster.master][INFO] 2026-07-08 22:53:11,564: +PUB [/mavros/statustext/recv] /mavros http://localhost:35781/
[rosmaster.master][INFO] 2026-07-08 22:53:11,564: +PUB [/mavros/sys_status] /mavros http://localhost:35781/
[rosmaster.master][INFO] 2026-07-08 22:53:11,565: +SUB [/mavros/statustext/send] /mavros http://localhost:35781/
[rosmaster.master][INFO] 2026-07-08 22:53:11,566: +SERVICE [/mavros/set_stream_rate] /mavros http://localhost:35781/
[rosmaster.master][INFO] 2026-07-08 22:53:11,566: +SERVICE [/mavros/set_mode] /mavros http://localhost:35781/
[rosmaster.master][INFO] 2026-07-08 22:53:11,566: +SERVICE [/mavros/vehicle_info_get] /mavros http://localhost:35781/
[rosmaster.master][INFO] 2026-07-08 22:53:11,567: +SERVICE [/mavros/set_message_interval] /mavros http://localhost:35781/
[rosmaster.master][INFO] 2026-07-08 22:53:11,569: +PUB [/mavros/time_reference] /mavros http://localhost:35781/
[rosmaster.master][INFO] 2026-07-08 22:53:11,570: +PUB [/mavros/timesync_status] /mavros http://localhost:35781/
[rosmaster.master][INFO] 2026-07-08 22:53:11,570: +PUB [/mavros/terrain/report] /mavros http://localhost:35781/
[rosmaster.master][INFO] 2026-07-08 22:53:11,572: +SUB [/mavros/trajectory/generated] /mavros http://localhost:35781/
[rosmaster.master][INFO] 2026-07-08 22:53:11,573: +SUB [/mavros/trajectory/path] /mavros http://localhost:35781/
[rosmaster.master][INFO] 2026-07-08 22:53:11,573: +PUB [/mavros/trajectory/desired] /mavros http://localhost:35781/
[rosmaster.master][INFO] 2026-07-08 22:53:11,575: +SUB [/mavros/tunnel/in] /mavros http://localhost:35781/
[rosmaster.master][INFO] 2026-07-08 22:53:11,575: +PUB [/mavros/tunnel/out] /mavros http://localhost:35781/
[rosmaster.master][INFO] 2026-07-08 22:53:11,575: +PUB [/mavros/vfr_hud] /mavros http://localhost:35781/
[rosmaster.master][INFO] 2026-07-08 22:53:11,577: publisherUpdate[/mavros/home_position/home] -> http://localhost:35781/ ['http://localhost:35781/']
[rosmaster.master][INFO] 2026-07-08 22:53:11,578: +SUB [/mavros/vision_pose/pose] /mavros http://localhost:35781/
[rosmaster.master][INFO] 2026-07-08 22:53:11,578: publisherUpdate[/mavros/home_position/home] -> http://localhost:35781/ ['http://localhost:35781/']: sec=0.00, result=[1, '', 0]
[rosmaster.master][INFO] 2026-07-08 22:53:11,579: +SUB [/mavros/vision_pose/pose_cov] /mavros http://localhost:35781/
[rosmaster.master][INFO] 2026-07-08 22:53:11,580: +PUB [/mavros/mission/waypoints] /mavros http://localhost:35781/
[rosmaster.master][INFO] 2026-07-08 22:53:11,580: +SERVICE [/mavros/mission/pull] /mavros http://localhost:35781/
[rosmaster.master][INFO] 2026-07-08 22:53:11,581: +SERVICE [/mavros/mission/push] /mavros http://localhost:35781/
[rosmaster.master][INFO] 2026-07-08 22:53:11,581: +SERVICE [/mavros/mission/clear] /mavros http://localhost:35781/
[rosmaster.master][INFO] 2026-07-08 22:53:11,581: +PUB [/mavros/mission/reached] /mavros http://localhost:35781/
[rosmaster.master][INFO] 2026-07-08 22:53:11,581: +SERVICE [/mavros/mission/set_current] /mavros http://localhost:35781/
[rosmaster.master][INFO] 2026-07-08 22:53:11,582: +CACHEDPARAM [/rosout/omit_topics] by /rosout
[rosmaster.master][INFO] 2026-07-08 22:53:11,582: +PUB [/mavros/wind_estimation] /mavros http://localhost:35781/
[rosmaster.master][INFO] 2026-07-08 22:53:12,583: +PUB [/mavlink/gcs_ip] /mavros http://localhost:35781/
[rosmaster.master][INFO] 2026-07-08 22:53:31,137: +PUB [/rosout] /horizontal_flight_logger http://localhost:44285/
[rosmaster.master][INFO] 2026-07-08 22:53:31,139: +SERVICE [/horizontal_flight_logger/get_loggers] /horizontal_flight_logger http://localhost:44285/
[rosmaster.master][INFO] 2026-07-08 22:53:31,139: +SERVICE [/horizontal_flight_logger/set_logger_level] /horizontal_flight_logger http://localhost:44285/
[rosmaster.master][INFO] 2026-07-08 22:53:31,139: +PUB [/mavros/setpoint_raw/local] /horizontal_flight_logger http://localhost:44285/
[rosmaster.master][INFO] 2026-07-08 22:53:31,140: +SUB [/mavros/local_position/velocity_local] /horizontal_flight_logger http://localhost:44285/
[rosmaster.master][INFO] 2026-07-08 22:53:31,140: +SUB [/mavros/battery] /horizontal_flight_logger http://localhost:44285/
[rosmaster.master][INFO] 2026-07-08 22:53:31,208: publisherUpdate[/rosout] -> http://localhost:34687/ ['http://localhost:35781/', 'http://localhost:44285/']
[rosmaster.master][INFO] 2026-07-08 22:53:31,208: publisherUpdate[/mavros/setpoint_raw/local] -> http://localhost:35781/ ['http://localhost:44285/']
[rosmaster.master][INFO] 2026-07-08 22:53:31,209: publisherUpdate[/rosout] -> http://localhost:34687/ ['http://localhost:35781/', 'http://localhost:44285/']: sec=0.00, result=[1, '', 0]
[rosmaster.master][INFO] 2026-07-08 22:53:31,209: publisherUpdate[/mavros/setpoint_raw/local] -> http://localhost:35781/ ['http://localhost:44285/']: sec=0.00, result=[1, '', 0]
[rosmaster.master][INFO] 2026-07-08 22:57:06,757: -SUB [/mavros/local_position/velocity_local] /horizontal_flight_logger http://localhost:44285/
[rosmaster.master][INFO] 2026-07-08 22:57:06,758: -SUB [/mavros/battery] /horizontal_flight_logger http://localhost:44285/
[rosmaster.master][INFO] 2026-07-08 22:57:06,758: -PUB [/rosout] /horizontal_flight_logger http://localhost:44285/
[rosmaster.master][INFO] 2026-07-08 22:57:06,758: -PUB [/mavros/setpoint_raw/local] /horizontal_flight_logger http://localhost:44285/
[rosmaster.master][INFO] 2026-07-08 22:57:06,758: -SERVICE [/horizontal_flight_logger/get_loggers] /horizontal_flight_logger rosrpc://localhost:33807
[rosmaster.master][INFO] 2026-07-08 22:57:06,758: -SERVICE [/horizontal_flight_logger/set_logger_level] /horizontal_flight_logger rosrpc://localhost:33807
[rosmaster.master][INFO] 2026-07-08 22:57:06,800: publisherUpdate[/rosout] -> http://localhost:34687/ ['http://localhost:35781/']
[rosmaster.master][INFO] 2026-07-08 22:57:06,801: publisherUpdate[/mavros/setpoint_raw/local] -> http://localhost:35781/ []
[rosmaster.master][INFO] 2026-07-08 22:57:06,801: publisherUpdate[/rosout] -> http://localhost:34687/ ['http://localhost:35781/']: sec=0.00, result=[1, '', 0]
[rosmaster.master][INFO] 2026-07-08 22:57:06,802: publisherUpdate[/mavros/setpoint_raw/local] -> http://localhost:35781/ []: sec=0.00, result=[1, '', 0]
[rosmaster.master][INFO] 2026-07-08 22:57:35,391: -PUB [/rosout_agg] /rosout http://localhost:34687/
[rosmaster.master][INFO] 2026-07-08 22:57:35,391: -SUB [/rosout] /rosout http://localhost:34687/
[rosmaster.master][INFO] 2026-07-08 22:57:35,392: -SERVICE [/rosout/get_loggers] /rosout rosrpc://localhost:48255
[rosmaster.master][INFO] 2026-07-08 22:57:35,392: -SERVICE [/rosout/set_logger_level] /rosout rosrpc://localhost:48255
[rosmaster.master][INFO] 2026-07-08 22:57:35,392: -CACHEDPARAM [/rosout/omit_topics] by /rosout
[rosmaster.main][INFO] 2026-07-08 22:57:35,450: keyboard interrupt, will exit
[rosmaster.main][INFO] 2026-07-08 22:57:35,450: stopping master...
[rospy.core][INFO] 2026-07-08 22:57:35,450: signal_shutdown [atexit]
