[rosmaster.main][INFO] 2026-06-19 15:46:42,418: initialization complete, waiting for shutdown
[rosmaster.main][INFO] 2026-06-19 15:46:42,418: Starting ROS Master Node
[xmlrpc][INFO] 2026-06-19 15:46:42,419: XML-RPC server binding to 127.0.0.1:11311
[xmlrpc][INFO] 2026-06-19 15:46:42,419: Started XML-RPC server [http://localhost:11311/]
[xmlrpc][INFO] 2026-06-19 15:46:42,419: xml rpc node: starting XML-RPC server
[rosmaster.master][INFO] 2026-06-19 15:46:42,419: Master initialized: port[11311], uri[http://localhost:11311/]
[rosmaster.master][INFO] 2026-06-19 15:46:42,517: +PARAM [/run_id] by /roslaunch
[rosmaster.master][INFO] 2026-06-19 15:46:42,517: +PARAM [/roslaunch/uris/host_localhost__37789] by /roslaunch
[rosmaster.master][INFO] 2026-06-19 15:46:42,555: +PARAM [/rosversion] by /roslaunch
[rosmaster.master][INFO] 2026-06-19 15:46:42,556: +PARAM [/rosdistro] by /roslaunch
[rosmaster.master][INFO] 2026-06-19 15:46:42,629: +SERVICE [/rosout/get_loggers] /rosout http://localhost:35839/
[rosmaster.master][INFO] 2026-06-19 15:46:42,629: +SERVICE [/rosout/set_logger_level] /rosout http://localhost:35839/
[rosmaster.master][INFO] 2026-06-19 15:46:42,631: +PUB [/rosout_agg] /rosout http://localhost:35839/
[rosmaster.master][INFO] 2026-06-19 15:46:42,634: +SUB [/rosout] /rosout http://localhost:35839/
[rosmaster.master][INFO] 2026-06-19 15:47:34,433: +PARAM [/roslaunch/uris/host_localhost__40659] by /roslaunch
[rosmaster.master][INFO] 2026-06-19 15:47:34,441: +PARAM [/rosversion] by /roslaunch
[rosmaster.master][INFO] 2026-06-19 15:47:34,441: +PARAM [/rosdistro] by /roslaunch
[rosmaster.master][INFO] 2026-06-19 15:47:34,441: +PARAM [/mavros/plugin_blacklist] by /roslaunch
[rosmaster.master][INFO] 2026-06-19 15:47:34,441: +PARAM [/mavros/plugin_whitelist] by /roslaunch
[rosmaster.master][INFO] 2026-06-19 15:47:34,441: +PARAM [/mavros/startup_px4_usb_quirk] by /roslaunch
[rosmaster.master][INFO] 2026-06-19 15:47:34,441: +PARAM [/mavros/conn/heartbeat_rate] by /roslaunch
[rosmaster.master][INFO] 2026-06-19 15:47:34,441: +PARAM [/mavros/conn/heartbeat_mav_type] by /roslaunch
[rosmaster.master][INFO] 2026-06-19 15:47:34,441: +PARAM [/mavros/conn/timeout] by /roslaunch
[rosmaster.master][INFO] 2026-06-19 15:47:34,441: +PARAM [/mavros/conn/timesync_rate] by /roslaunch
[rosmaster.master][INFO] 2026-06-19 15:47:34,441: +PARAM [/mavros/conn/system_time_rate] by /roslaunch
[rosmaster.master][INFO] 2026-06-19 15:47:34,441: +PARAM [/mavros/sys/min_voltage] by /roslaunch
[rosmaster.master][INFO] 2026-06-19 15:47:34,441: +PARAM [/mavros/sys/disable_diag] by /roslaunch
[rosmaster.master][INFO] 2026-06-19 15:47:34,441: +PARAM [/mavros/time/time_ref_source] by /roslaunch
[rosmaster.master][INFO] 2026-06-19 15:47:34,441: +PARAM [/mavros/time/timesync_mode] by /roslaunch
[rosmaster.master][INFO] 2026-06-19 15:47:34,441: +PARAM [/mavros/time/timesync_avg_alpha] by /roslaunch
[rosmaster.master][INFO] 2026-06-19 15:47:34,444: +PARAM [/mavros/tdr_radio/low_rssi] by /roslaunch
[rosmaster.master][INFO] 2026-06-19 15:47:34,444: +PARAM [/mavros/cmd/use_comp_id_system_control] by /roslaunch
[rosmaster.master][INFO] 2026-06-19 15:47:34,444: +PARAM [/mavros/global_position/frame_id] by /roslaunch
[rosmaster.master][INFO] 2026-06-19 15:47:34,444: +PARAM [/mavros/global_position/child_frame_id] by /roslaunch
[rosmaster.master][INFO] 2026-06-19 15:47:34,444: +PARAM [/mavros/global_position/rot_covariance] by /roslaunch
[rosmaster.master][INFO] 2026-06-19 15:47:34,444: +PARAM [/mavros/global_position/gps_uere] by /roslaunch
[rosmaster.master][INFO] 2026-06-19 15:47:34,444: +PARAM [/mavros/global_position/use_relative_alt] by /roslaunch
[rosmaster.master][INFO] 2026-06-19 15:47:34,444: +PARAM [/mavros/global_position/tf/send] by /roslaunch
[rosmaster.master][INFO] 2026-06-19 15:47:34,444: +PARAM [/mavros/global_position/tf/frame_id] by /roslaunch
[rosmaster.master][INFO] 2026-06-19 15:47:34,444: +PARAM [/mavros/global_position/tf/global_frame_id] by /roslaunch
[rosmaster.master][INFO] 2026-06-19 15:47:34,444: +PARAM [/mavros/global_position/tf/child_frame_id] by /roslaunch
[rosmaster.master][INFO] 2026-06-19 15:47:34,444: +PARAM [/mavros/imu/frame_id] by /roslaunch
[rosmaster.master][INFO] 2026-06-19 15:47:34,444: +PARAM [/mavros/imu/linear_acceleration_stdev] by /roslaunch
[rosmaster.master][INFO] 2026-06-19 15:47:34,444: +PARAM [/mavros/imu/angular_velocity_stdev] by /roslaunch
[rosmaster.master][INFO] 2026-06-19 15:47:34,444: +PARAM [/mavros/imu/orientation_stdev] by /roslaunch
[rosmaster.master][INFO] 2026-06-19 15:47:34,444: +PARAM [/mavros/imu/magnetic_stdev] by /roslaunch
[rosmaster.master][INFO] 2026-06-19 15:47:34,444: +PARAM [/mavros/local_position/frame_id] by /roslaunch
[rosmaster.master][INFO] 2026-06-19 15:47:34,444: +PARAM [/mavros/local_position/tf/send] by /roslaunch
[rosmaster.master][INFO] 2026-06-19 15:47:34,444: +PARAM [/mavros/local_position/tf/frame_id] by /roslaunch
[rosmaster.master][INFO] 2026-06-19 15:47:34,444: +PARAM [/mavros/local_position/tf/child_frame_id] by /roslaunch
[rosmaster.master][INFO] 2026-06-19 15:47:34,444: +PARAM [/mavros/local_position/tf/send_fcu] by /roslaunch
[rosmaster.master][INFO] 2026-06-19 15:47:34,445: +PARAM [/mavros/safety_area/p1/x] by /roslaunch
[rosmaster.master][INFO] 2026-06-19 15:47:34,445: +PARAM [/mavros/safety_area/p1/y] by /roslaunch
[rosmaster.master][INFO] 2026-06-19 15:47:34,445: +PARAM [/mavros/safety_area/p1/z] by /roslaunch
[rosmaster.master][INFO] 2026-06-19 15:47:34,445: +PARAM [/mavros/safety_area/p2/x] by /roslaunch
[rosmaster.master][INFO] 2026-06-19 15:47:34,445: +PARAM [/mavros/safety_area/p2/y] by /roslaunch
[rosmaster.master][INFO] 2026-06-19 15:47:34,445: +PARAM [/mavros/safety_area/p2/z] by /roslaunch
[rosmaster.master][INFO] 2026-06-19 15:47:34,445: +PARAM [/mavros/setpoint_accel/send_force] by /roslaunch
[rosmaster.master][INFO] 2026-06-19 15:47:34,445: +PARAM [/mavros/setpoint_attitude/reverse_thrust] by /roslaunch
[rosmaster.master][INFO] 2026-06-19 15:47:34,445: +PARAM [/mavros/setpoint_attitude/use_quaternion] by /roslaunch
[rosmaster.master][INFO] 2026-06-19 15:47:34,445: +PARAM [/mavros/setpoint_attitude/tf/listen] by /roslaunch
[rosmaster.master][INFO] 2026-06-19 15:47:34,445: +PARAM [/mavros/setpoint_attitude/tf/frame_id] by /roslaunch
[rosmaster.master][INFO] 2026-06-19 15:47:34,445: +PARAM [/mavros/setpoint_attitude/tf/child_frame_id] by /roslaunch
[rosmaster.master][INFO] 2026-06-19 15:47:34,445: +PARAM [/mavros/setpoint_attitude/tf/rate_limit] by /roslaunch
[rosmaster.master][INFO] 2026-06-19 15:47:34,445: +PARAM [/mavros/setpoint_raw/thrust_scaling] by /roslaunch
[rosmaster.master][INFO] 2026-06-19 15:47:34,445: +PARAM [/mavros/setpoint_position/tf/listen] by /roslaunch
[rosmaster.master][INFO] 2026-06-19 15:47:34,445: +PARAM [/mavros/setpoint_position/tf/frame_id] by /roslaunch
[rosmaster.master][INFO] 2026-06-19 15:47:34,445: +PARAM [/mavros/setpoint_position/tf/child_frame_id] by /roslaunch
[rosmaster.master][INFO] 2026-06-19 15:47:34,445: +PARAM [/mavros/setpoint_position/tf/rate_limit] by /roslaunch
[rosmaster.master][INFO] 2026-06-19 15:47:34,445: +PARAM [/mavros/setpoint_position/mav_frame] by /roslaunch
[rosmaster.master][INFO] 2026-06-19 15:47:34,445: +PARAM [/mavros/guided_target/tf/listen] by /roslaunch
[rosmaster.master][INFO] 2026-06-19 15:47:34,445: +PARAM [/mavros/guided_target/tf/frame_id] by /roslaunch
[rosmaster.master][INFO] 2026-06-19 15:47:34,445: +PARAM [/mavros/guided_target/tf/child_frame_id] by /roslaunch
[rosmaster.master][INFO] 2026-06-19 15:47:34,445: +PARAM [/mavros/guided_target/tf/rate_limit] by /roslaunch
[rosmaster.master][INFO] 2026-06-19 15:47:34,445: +PARAM [/mavros/setpoint_velocity/mav_frame] by /roslaunch
[rosmaster.master][INFO] 2026-06-19 15:47:34,445: +PARAM [/mavros/mission/pull_after_gcs] by /roslaunch
[rosmaster.master][INFO] 2026-06-19 15:47:34,445: +PARAM [/mavros/mission/use_mission_item_int] by /roslaunch
[rosmaster.master][INFO] 2026-06-19 15:47:34,445: +PARAM [/mavros/distance_sensor/rangefinder_pub/id] by /roslaunch
[rosmaster.master][INFO] 2026-06-19 15:47:34,445: +PARAM [/mavros/distance_sensor/rangefinder_pub/frame_id] by /roslaunch
[rosmaster.master][INFO] 2026-06-19 15:47:34,445: +PARAM [/mavros/distance_sensor/rangefinder_pub/field_of_view] by /roslaunch
[rosmaster.master][INFO] 2026-06-19 15:47:34,445: +PARAM [/mavros/distance_sensor/rangefinder_pub/send_tf] by /roslaunch
[rosmaster.master][INFO] 2026-06-19 15:47:34,445: +PARAM [/mavros/distance_sensor/rangefinder_pub/sensor_position/x] by /roslaunch
[rosmaster.master][INFO] 2026-06-19 15:47:34,446: +PARAM [/mavros/distance_sensor/rangefinder_pub/sensor_position/y] by /roslaunch
[rosmaster.master][INFO] 2026-06-19 15:47:34,446: +PARAM [/mavros/distance_sensor/rangefinder_pub/sensor_position/z] by /roslaunch
[rosmaster.master][INFO] 2026-06-19 15:47:34,446: +PARAM [/mavros/distance_sensor/rangefinder_sub/subscriber] by /roslaunch
[rosmaster.master][INFO] 2026-06-19 15:47:34,446: +PARAM [/mavros/distance_sensor/rangefinder_sub/id] by /roslaunch
[rosmaster.master][INFO] 2026-06-19 15:47:34,446: +PARAM [/mavros/distance_sensor/rangefinder_sub/orientation] by /roslaunch
[rosmaster.master][INFO] 2026-06-19 15:47:34,446: +PARAM [/mavros/image/frame_id] by /roslaunch
[rosmaster.master][INFO] 2026-06-19 15:47:34,446: +PARAM [/mavros/fake_gps/use_mocap] by /roslaunch
[rosmaster.master][INFO] 2026-06-19 15:47:34,446: +PARAM [/mavros/fake_gps/mocap_transform] by /roslaunch
[rosmaster.master][INFO] 2026-06-19 15:47:34,446: +PARAM [/mavros/fake_gps/mocap_withcovariance] by /roslaunch
[rosmaster.master][INFO] 2026-06-19 15:47:34,446: +PARAM [/mavros/fake_gps/use_vision] by /roslaunch
[rosmaster.master][INFO] 2026-06-19 15:47:34,446: +PARAM [/mavros/fake_gps/use_hil_gps] by /roslaunch
[rosmaster.master][INFO] 2026-06-19 15:47:34,446: +PARAM [/mavros/fake_gps/gps_id] by /roslaunch
[rosmaster.master][INFO] 2026-06-19 15:47:34,446: +PARAM [/mavros/fake_gps/geo_origin/lat] by /roslaunch
[rosmaster.master][INFO] 2026-06-19 15:47:34,446: +PARAM [/mavros/fake_gps/geo_origin/lon] by /roslaunch
[rosmaster.master][INFO] 2026-06-19 15:47:34,446: +PARAM [/mavros/fake_gps/geo_origin/alt] by /roslaunch
[rosmaster.master][INFO] 2026-06-19 15:47:34,446: +PARAM [/mavros/fake_gps/eph] by /roslaunch
[rosmaster.master][INFO] 2026-06-19 15:47:34,446: +PARAM [/mavros/fake_gps/epv] by /roslaunch
[rosmaster.master][INFO] 2026-06-19 15:47:34,446: +PARAM [/mavros/fake_gps/horiz_accuracy] by /roslaunch
[rosmaster.master][INFO] 2026-06-19 15:47:34,446: +PARAM [/mavros/fake_gps/vert_accuracy] by /roslaunch
[rosmaster.master][INFO] 2026-06-19 15:47:34,446: +PARAM [/mavros/fake_gps/speed_accuracy] by /roslaunch
[rosmaster.master][INFO] 2026-06-19 15:47:34,446: +PARAM [/mavros/fake_gps/satellites_visible] by /roslaunch
[rosmaster.master][INFO] 2026-06-19 15:47:34,446: +PARAM [/mavros/fake_gps/fix_type] by /roslaunch
[rosmaster.master][INFO] 2026-06-19 15:47:34,446: +PARAM [/mavros/fake_gps/tf/listen] by /roslaunch
[rosmaster.master][INFO] 2026-06-19 15:47:34,446: +PARAM [/mavros/fake_gps/tf/send] by /roslaunch
[rosmaster.master][INFO] 2026-06-19 15:47:34,446: +PARAM [/mavros/fake_gps/tf/frame_id] by /roslaunch
[rosmaster.master][INFO] 2026-06-19 15:47:34,446: +PARAM [/mavros/fake_gps/tf/child_frame_id] by /roslaunch
[rosmaster.master][INFO] 2026-06-19 15:47:34,446: +PARAM [/mavros/fake_gps/tf/rate_limit] by /roslaunch
[rosmaster.master][INFO] 2026-06-19 15:47:34,446: +PARAM [/mavros/fake_gps/gps_rate] by /roslaunch
[rosmaster.master][INFO] 2026-06-19 15:47:34,446: +PARAM [/mavros/landing_target/listen_lt] by /roslaunch
[rosmaster.master][INFO] 2026-06-19 15:47:34,446: +PARAM [/mavros/landing_target/mav_frame] by /roslaunch
[rosmaster.master][INFO] 2026-06-19 15:47:34,446: +PARAM [/mavros/landing_target/land_target_type] by /roslaunch
[rosmaster.master][INFO] 2026-06-19 15:47:34,446: +PARAM [/mavros/landing_target/image/width] by /roslaunch
[rosmaster.master][INFO] 2026-06-19 15:47:34,446: +PARAM [/mavros/landing_target/image/height] by /roslaunch
[rosmaster.master][INFO] 2026-06-19 15:47:34,446: +PARAM [/mavros/landing_target/camera/fov_x] by /roslaunch
[rosmaster.master][INFO] 2026-06-19 15:47:34,447: +PARAM [/mavros/landing_target/camera/fov_y] by /roslaunch
[rosmaster.master][INFO] 2026-06-19 15:47:34,447: +PARAM [/mavros/landing_target/tf/send] by /roslaunch
[rosmaster.master][INFO] 2026-06-19 15:47:34,447: +PARAM [/mavros/landing_target/tf/listen] by /roslaunch
[rosmaster.master][INFO] 2026-06-19 15:47:34,447: +PARAM [/mavros/landing_target/tf/frame_id] by /roslaunch
[rosmaster.master][INFO] 2026-06-19 15:47:34,447: +PARAM [/mavros/landing_target/tf/child_frame_id] by /roslaunch
[rosmaster.master][INFO] 2026-06-19 15:47:34,447: +PARAM [/mavros/landing_target/tf/rate_limit] by /roslaunch
[rosmaster.master][INFO] 2026-06-19 15:47:34,447: +PARAM [/mavros/landing_target/target_size/x] by /roslaunch
[rosmaster.master][INFO] 2026-06-19 15:47:34,447: +PARAM [/mavros/landing_target/target_size/y] by /roslaunch
[rosmaster.master][INFO] 2026-06-19 15:47:34,447: +PARAM [/mavros/mocap/use_tf] by /roslaunch
[rosmaster.master][INFO] 2026-06-19 15:47:34,447: +PARAM [/mavros/mocap/use_pose] by /roslaunch
[rosmaster.master][INFO] 2026-06-19 15:47:34,447: +PARAM [/mavros/mount/debounce_s] by /roslaunch
[rosmaster.master][INFO] 2026-06-19 15:47:34,447: +PARAM [/mavros/mount/err_threshold_deg] by /roslaunch
[rosmaster.master][INFO] 2026-06-19 15:47:34,447: +PARAM [/mavros/mount/negate_measured_roll] by /roslaunch
[rosmaster.master][INFO] 2026-06-19 15:47:34,447: +PARAM [/mavros/mount/negate_measured_pitch] by /roslaunch
[rosmaster.master][INFO] 2026-06-19 15:47:34,447: +PARAM [/mavros/mount/negate_measured_yaw] by /roslaunch
[rosmaster.master][INFO] 2026-06-19 15:47:34,447: +PARAM [/mavros/odometry/frame_tf/desired_frame] by /roslaunch
[rosmaster.master][INFO] 2026-06-19 15:47:34,447: +PARAM [/mavros/odometry/estimator_type] by /roslaunch
[rosmaster.master][INFO] 2026-06-19 15:47:34,447: +PARAM [/mavros/px4flow/frame_id] by /roslaunch
[rosmaster.master][INFO] 2026-06-19 15:47:34,447: +PARAM [/mavros/px4flow/ranger_fov] by /roslaunch
[rosmaster.master][INFO] 2026-06-19 15:47:34,447: +PARAM [/mavros/px4flow/ranger_min_range] by /roslaunch
[rosmaster.master][INFO] 2026-06-19 15:47:34,447: +PARAM [/mavros/px4flow/ranger_max_range] by /roslaunch
[rosmaster.master][INFO] 2026-06-19 15:47:34,447: +PARAM [/mavros/vision_pose/tf/listen] by /roslaunch
[rosmaster.master][INFO] 2026-06-19 15:47:34,447: +PARAM [/mavros/vision_pose/tf/frame_id] by /roslaunch
[rosmaster.master][INFO] 2026-06-19 15:47:34,447: +PARAM [/mavros/vision_pose/tf/child_frame_id] by /roslaunch
[rosmaster.master][INFO] 2026-06-19 15:47:34,447: +PARAM [/mavros/vision_pose/tf/rate_limit] by /roslaunch
[rosmaster.master][INFO] 2026-06-19 15:47:34,447: +PARAM [/mavros/vision_speed/listen_twist] by /roslaunch
[rosmaster.master][INFO] 2026-06-19 15:47:34,447: +PARAM [/mavros/vision_speed/twist_cov] by /roslaunch
[rosmaster.master][INFO] 2026-06-19 15:47:34,447: +PARAM [/mavros/vibration/frame_id] by /roslaunch
[rosmaster.master][INFO] 2026-06-19 15:47:34,447: +PARAM [/mavros/wheel_odometry/count] by /roslaunch
[rosmaster.master][INFO] 2026-06-19 15:47:34,447: +PARAM [/mavros/wheel_odometry/use_rpm] by /roslaunch
[rosmaster.master][INFO] 2026-06-19 15:47:34,447: +PARAM [/mavros/wheel_odometry/wheel0/x] by /roslaunch
[rosmaster.master][INFO] 2026-06-19 15:47:34,448: +PARAM [/mavros/wheel_odometry/wheel0/y] by /roslaunch
[rosmaster.master][INFO] 2026-06-19 15:47:34,448: +PARAM [/mavros/wheel_odometry/wheel0/radius] by /roslaunch
[rosmaster.master][INFO] 2026-06-19 15:47:34,448: +PARAM [/mavros/wheel_odometry/wheel1/x] by /roslaunch
[rosmaster.master][INFO] 2026-06-19 15:47:34,448: +PARAM [/mavros/wheel_odometry/wheel1/y] by /roslaunch
[rosmaster.master][INFO] 2026-06-19 15:47:34,448: +PARAM [/mavros/wheel_odometry/wheel1/radius] by /roslaunch
[rosmaster.master][INFO] 2026-06-19 15:47:34,448: +PARAM [/mavros/wheel_odometry/send_raw] by /roslaunch
[rosmaster.master][INFO] 2026-06-19 15:47:34,448: +PARAM [/mavros/wheel_odometry/send_twist] by /roslaunch
[rosmaster.master][INFO] 2026-06-19 15:47:34,448: +PARAM [/mavros/wheel_odometry/frame_id] by /roslaunch
[rosmaster.master][INFO] 2026-06-19 15:47:34,448: +PARAM [/mavros/wheel_odometry/child_frame_id] by /roslaunch
[rosmaster.master][INFO] 2026-06-19 15:47:34,448: +PARAM [/mavros/wheel_odometry/vel_error] by /roslaunch
[rosmaster.master][INFO] 2026-06-19 15:47:34,448: +PARAM [/mavros/wheel_odometry/tf/send] by /roslaunch
[rosmaster.master][INFO] 2026-06-19 15:47:34,448: +PARAM [/mavros/wheel_odometry/tf/frame_id] by /roslaunch
[rosmaster.master][INFO] 2026-06-19 15:47:34,448: +PARAM [/mavros/wheel_odometry/tf/child_frame_id] by /roslaunch
[rosmaster.master][INFO] 2026-06-19 15:47:34,449: +PARAM [/mavros/fcu_url] by /roslaunch
[rosmaster.master][INFO] 2026-06-19 15:47:34,449: +PARAM [/mavros/gcs_url] by /roslaunch
[rosmaster.master][INFO] 2026-06-19 15:47:34,449: +PARAM [/mavros/target_system_id] by /roslaunch
[rosmaster.master][INFO] 2026-06-19 15:47:34,449: +PARAM [/mavros/target_component_id] by /roslaunch
[rosmaster.master][INFO] 2026-06-19 15:47:34,449: +PARAM [/mavros/fcu_protocol] by /roslaunch
[rosmaster.master][INFO] 2026-06-19 15:47:34,576: +PUB [/rosout] /mavros http://localhost:38055/
[rosmaster.master][INFO] 2026-06-19 15:47:34,577: +SERVICE [/mavros/get_loggers] /mavros http://localhost:38055/
[rosmaster.master][INFO] 2026-06-19 15:47:34,577: +SERVICE [/mavros/set_logger_level] /mavros http://localhost:38055/
[rosmaster.master][INFO] 2026-06-19 15:47:34,578: publisherUpdate[/rosout] -> http://localhost:35839/ ['http://localhost:38055/']
[rosmaster.master][INFO] 2026-06-19 15:47:34,579: +PUB [/diagnostics] /mavros http://localhost:38055/
[rosmaster.master][INFO] 2026-06-19 15:47:34,581: +CACHEDPARAM [/mavros/diagnostic_period] by /mavros
[rosmaster.master][INFO] 2026-06-19 15:47:34,582: publisherUpdate[/rosout] -> http://localhost:35839/ ['http://localhost:38055/']: sec=0.00, result=[1, '', 0]
[rosmaster.master][INFO] 2026-06-19 15:47:34,595: +SUB [/tf] /mavros http://localhost:38055/
[rosmaster.master][INFO] 2026-06-19 15:47:34,597: +SUB [/tf_static] /mavros http://localhost:38055/
[rosmaster.master][INFO] 2026-06-19 15:47:34,598: +PUB [/tf] /mavros http://localhost:38055/
[rosmaster.master][INFO] 2026-06-19 15:47:34,599: +PUB [/tf_static] /mavros http://localhost:38055/
[rosmaster.master][INFO] 2026-06-19 15:47:34,673: +CACHEDPARAM [/rosout_disable_topics_generation] by /mavros
[rosmaster.master][INFO] 2026-06-19 15:47:34,677: +PUB [/mavlink/from] /mavros http://localhost:38055/
[rosmaster.master][INFO] 2026-06-19 15:47:34,679: publisherUpdate[/tf] -> http://localhost:38055/ ['http://localhost:38055/']
[rosmaster.master][INFO] 2026-06-19 15:47:34,680: +SUB [/mavlink/to] /mavros http://localhost:38055/
[rosmaster.master][INFO] 2026-06-19 15:47:34,681: publisherUpdate[/tf] -> http://localhost:38055/ ['http://localhost:38055/']: sec=0.00, result=[1, '', 0]
[rosmaster.master][INFO] 2026-06-19 15:47:34,681: publisherUpdate[/tf_static] -> http://localhost:38055/ ['http://localhost:38055/']
[rosmaster.master][INFO] 2026-06-19 15:47:34,681: publisherUpdate[/tf_static] -> http://localhost:38055/ ['http://localhost:38055/']: sec=0.00, result=[1, '', 0]
[rosmaster.master][INFO] 2026-06-19 15:47:34,778: +PUB [/mavros/radio_status] /mavros http://localhost:38055/
[rosmaster.master][INFO] 2026-06-19 15:47:34,852: +PUB [/mavros/adsb/vehicle] /mavros http://localhost:38055/
[rosmaster.master][INFO] 2026-06-19 15:47:34,853: +CACHEDPARAM [/rosout/omit_topics] by /rosout
[rosmaster.master][INFO] 2026-06-19 15:47:34,855: +SUB [/mavros/adsb/send] /mavros http://localhost:38055/
[rosmaster.master][INFO] 2026-06-19 15:47:34,856: +PUB [/mavros/cam_imu_sync/cam_imu_stamp] /mavros http://localhost:38055/
[rosmaster.master][INFO] 2026-06-19 15:47:34,857: +PUB [/mavros/camera/image_captured] /mavros http://localhost:38055/
[rosmaster.master][INFO] 2026-06-19 15:47:34,859: +SUB [/mavros/cellular_status/status] /mavros http://localhost:38055/
[rosmaster.master][INFO] 2026-06-19 15:47:34,861: +SERVICE [/mavros/cmd/command] /mavros http://localhost:38055/
[rosmaster.master][INFO] 2026-06-19 15:47:34,862: +SERVICE [/mavros/cmd/command_ack] /mavros http://localhost:38055/
[rosmaster.master][INFO] 2026-06-19 15:47:34,862: +SERVICE [/mavros/cmd/command_int] /mavros http://localhost:38055/
[rosmaster.master][INFO] 2026-06-19 15:47:34,863: +SERVICE [/mavros/cmd/arming] /mavros http://localhost:38055/
[rosmaster.master][INFO] 2026-06-19 15:47:34,863: +SERVICE [/mavros/cmd/set_home] /mavros http://localhost:38055/
[rosmaster.master][INFO] 2026-06-19 15:47:34,864: +SERVICE [/mavros/cmd/takeoff] /mavros http://localhost:38055/
[rosmaster.master][INFO] 2026-06-19 15:47:34,864: +SERVICE [/mavros/cmd/land] /mavros http://localhost:38055/
[rosmaster.master][INFO] 2026-06-19 15:47:34,864: +SERVICE [/mavros/cmd/trigger_control] /mavros http://localhost:38055/
[rosmaster.master][INFO] 2026-06-19 15:47:34,865: +SERVICE [/mavros/cmd/trigger_interval] /mavros http://localhost:38055/
[rosmaster.master][INFO] 2026-06-19 15:47:34,865: +SERVICE [/mavros/cmd/vtol_transition] /mavros http://localhost:38055/
[rosmaster.master][INFO] 2026-06-19 15:47:34,868: +SUB [/mavros/companion_process/status] /mavros http://localhost:38055/
[rosmaster.master][INFO] 2026-06-19 15:47:34,874: +PUB [/mavros/distance_sensor/rangefinder_pub] /mavros http://localhost:38055/
[rosmaster.master][INFO] 2026-06-19 15:47:34,879: +SUB [/mavros/distance_sensor/rangefinder_sub] /mavros http://localhost:38055/
[rosmaster.master][INFO] 2026-06-19 15:47:34,881: +PUB [/mavros/esc_info] /mavros http://localhost:38055/
[rosmaster.master][INFO] 2026-06-19 15:47:34,882: +PUB [/mavros/esc_status] /mavros http://localhost:38055/
[rosmaster.master][INFO] 2026-06-19 15:47:34,883: +PUB [/mavros/esc_telemetry] /mavros http://localhost:38055/
[rosmaster.master][INFO] 2026-06-19 15:47:34,901: +SUB [/mavros/fake_gps/mocap/pose] /mavros http://localhost:38055/
[rosmaster.master][INFO] 2026-06-19 15:47:34,903: +PUB [/mavros/geofence/waypoints] /mavros http://localhost:38055/
[rosmaster.master][INFO] 2026-06-19 15:47:34,903: +SERVICE [/mavros/geofence/pull] /mavros http://localhost:38055/
[rosmaster.master][INFO] 2026-06-19 15:47:34,904: +SERVICE [/mavros/geofence/push] /mavros http://localhost:38055/
[rosmaster.master][INFO] 2026-06-19 15:47:34,904: +SERVICE [/mavros/geofence/clear] /mavros http://localhost:38055/
[rosmaster.master][INFO] 2026-06-19 15:47:34,910: +PUB [/mavros/global_position/raw/fix] /mavros http://localhost:38055/
[rosmaster.master][INFO] 2026-06-19 15:47:34,911: +PUB [/mavros/global_position/raw/gps_vel] /mavros http://localhost:38055/
[rosmaster.master][INFO] 2026-06-19 15:47:34,911: +PUB [/mavros/global_position/raw/satellites] /mavros http://localhost:38055/
[rosmaster.master][INFO] 2026-06-19 15:47:34,912: +PUB [/mavros/global_position/global] /mavros http://localhost:38055/
[rosmaster.master][INFO] 2026-06-19 15:47:34,912: +PUB [/mavros/global_position/local] /mavros http://localhost:38055/
[rosmaster.master][INFO] 2026-06-19 15:47:34,912: +PUB [/mavros/global_position/rel_alt] /mavros http://localhost:38055/
[rosmaster.master][INFO] 2026-06-19 15:47:34,913: +PUB [/mavros/global_position/compass_hdg] /mavros http://localhost:38055/
[rosmaster.master][INFO] 2026-06-19 15:47:34,913: +PUB [/mavros/global_position/gp_origin] /mavros http://localhost:38055/
[rosmaster.master][INFO] 2026-06-19 15:47:34,915: +SUB [/mavros/global_position/set_gp_origin] /mavros http://localhost:38055/
[rosmaster.master][INFO] 2026-06-19 15:47:34,916: +SUB [/mavros/home_position/home] /mavros http://localhost:38055/
[rosmaster.master][INFO] 2026-06-19 15:47:34,917: +PUB [/mavros/global_position/gp_lp_offset] /mavros http://localhost:38055/
[rosmaster.master][INFO] 2026-06-19 15:47:34,919: +SUB [/mavros/gps_input/gps_input] /mavros http://localhost:38055/
[rosmaster.master][INFO] 2026-06-19 15:47:34,921: +SUB [/mavros/gps_rtk/send_rtcm] /mavros http://localhost:38055/
[rosmaster.master][INFO] 2026-06-19 15:47:34,921: +PUB [/mavros/gps_rtk/rtk_baseline] /mavros http://localhost:38055/
[rosmaster.master][INFO] 2026-06-19 15:47:34,922: +PUB [/mavros/gpsstatus/gps1/raw] /mavros http://localhost:38055/
[rosmaster.master][INFO] 2026-06-19 15:47:34,922: +PUB [/mavros/gpsstatus/gps2/raw] /mavros http://localhost:38055/
[rosmaster.master][INFO] 2026-06-19 15:47:34,923: +PUB [/mavros/gpsstatus/gps1/rtk] /mavros http://localhost:38055/
[rosmaster.master][INFO] 2026-06-19 15:47:34,923: +PUB [/mavros/gpsstatus/gps2/rtk] /mavros http://localhost:38055/
[rosmaster.master][INFO] 2026-06-19 15:47:34,926: +PUB [/move_base_simple/goal] /mavros http://localhost:38055/
[rosmaster.master][INFO] 2026-06-19 15:47:34,927: +SUB [/mavros/global_position/gp_origin] /mavros http://localhost:38055/
[rosmaster.master][INFO] 2026-06-19 15:47:34,928: +PUB [/mavros/home_position/home] /mavros http://localhost:38055/
[rosmaster.master][INFO] 2026-06-19 15:47:34,930: +SUB [/mavros/home_position/set] /mavros http://localhost:38055/
[rosmaster.master][INFO] 2026-06-19 15:47:34,931: +SERVICE [/mavros/home_position/req_update] /mavros http://localhost:38055/
[rosmaster.master][INFO] 2026-06-19 15:47:34,934: +PUB [/mavros/imu/data] /mavros http://localhost:38055/
[rosmaster.master][INFO] 2026-06-19 15:47:34,934: +PUB [/mavros/imu/mag] /mavros http://localhost:38055/
[rosmaster.master][INFO] 2026-06-19 15:47:34,935: +PUB [/mavros/imu/temperature_imu] /mavros http://localhost:38055/
[rosmaster.master][INFO] 2026-06-19 15:47:34,935: +PUB [/mavros/imu/temperature_baro] /mavros http://localhost:38055/
[rosmaster.master][INFO] 2026-06-19 15:47:34,935: +PUB [/mavros/imu/static_pressure] /mavros http://localhost:38055/
[rosmaster.master][INFO] 2026-06-19 15:47:34,936: +PUB [/mavros/imu/diff_pressure] /mavros http://localhost:38055/
[rosmaster.master][INFO] 2026-06-19 15:47:34,936: +PUB [/mavros/imu/data_raw] /mavros http://localhost:38055/
[rosmaster.master][INFO] 2026-06-19 15:47:34,944: +PUB [/mavros/landing_target/pose_in] /mavros http://localhost:38055/
[rosmaster.master][INFO] 2026-06-19 15:47:34,944: +PUB [/mavros/landing_target/lt_marker] /mavros http://localhost:38055/
[rosmaster.master][INFO] 2026-06-19 15:47:34,946: +SUB [/mavros/landing_target/pose] /mavros http://localhost:38055/
[rosmaster.master][INFO] 2026-06-19 15:47:34,948: +PUB [/mavros/local_position/pose] /mavros http://localhost:38055/
[rosmaster.master][INFO] 2026-06-19 15:47:34,948: +PUB [/mavros/local_position/pose_cov] /mavros http://localhost:38055/
[rosmaster.master][INFO] 2026-06-19 15:47:34,949: +PUB [/mavros/local_position/velocity_local] /mavros http://localhost:38055/
[rosmaster.master][INFO] 2026-06-19 15:47:34,949: +PUB [/mavros/local_position/velocity_body] /mavros http://localhost:38055/
[rosmaster.master][INFO] 2026-06-19 15:47:34,949: +PUB [/mavros/local_position/velocity_body_cov] /mavros http://localhost:38055/
[rosmaster.master][INFO] 2026-06-19 15:47:34,950: +PUB [/mavros/local_position/accel] /mavros http://localhost:38055/
[rosmaster.master][INFO] 2026-06-19 15:47:34,950: +PUB [/mavros/local_position/odom] /mavros http://localhost:38055/
[rosmaster.master][INFO] 2026-06-19 15:47:34,951: +PUB [/mavros/log_transfer/raw/log_entry] /mavros http://localhost:38055/
[rosmaster.master][INFO] 2026-06-19 15:47:34,952: +PUB [/mavros/log_transfer/raw/log_data] /mavros http://localhost:38055/
[rosmaster.master][INFO] 2026-06-19 15:47:34,952: +SERVICE [/mavros/log_transfer/raw/log_request_list] /mavros http://localhost:38055/
[rosmaster.master][INFO] 2026-06-19 15:47:34,952: +SERVICE [/mavros/log_transfer/raw/log_request_data] /mavros http://localhost:38055/
[rosmaster.master][INFO] 2026-06-19 15:47:34,953: +SERVICE [/mavros/log_transfer/raw/log_request_end] /mavros http://localhost:38055/
[rosmaster.master][INFO] 2026-06-19 15:47:34,953: +SERVICE [/mavros/log_transfer/raw/log_request_erase] /mavros http://localhost:38055/
[rosmaster.master][INFO] 2026-06-19 15:47:34,954: +PUB [/mavros/mag_calibration/status] /mavros http://localhost:38055/
[rosmaster.master][INFO] 2026-06-19 15:47:34,954: +PUB [/mavros/mag_calibration/report] /mavros http://localhost:38055/
[rosmaster.master][INFO] 2026-06-19 15:47:34,955: +PUB [/mavros/manual_control/control] /mavros http://localhost:38055/
[rosmaster.master][INFO] 2026-06-19 15:47:34,957: +SUB [/mavros/manual_control/send] /mavros http://localhost:38055/
[rosmaster.master][INFO] 2026-06-19 15:47:34,960: +SUB [/mavros/mocap/pose] /mavros http://localhost:38055/
[rosmaster.master][INFO] 2026-06-19 15:47:34,962: +SUB [/mavros/mount_control/command] /mavros http://localhost:38055/
[rosmaster.master][INFO] 2026-06-19 15:47:34,962: +PUB [/mavros/mount_control/orientation] /mavros http://localhost:38055/
[rosmaster.master][INFO] 2026-06-19 15:47:34,963: +PUB [/mavros/mount_control/status] /mavros http://localhost:38055/
[rosmaster.master][INFO] 2026-06-19 15:47:34,963: +SERVICE [/mavros/mount_control/configure] /mavros http://localhost:38055/
[rosmaster.master][INFO] 2026-06-19 15:47:34,967: +PUB [/mavros/nav_controller_output] /mavros http://localhost:38055/
[rosmaster.master][INFO] 2026-06-19 15:47:34,969: +SUB [/mavros/obstacle/send] /mavros http://localhost:38055/
[rosmaster.master][INFO] 2026-06-19 15:47:34,970: +PUB [/mavros/odometry/in] /mavros http://localhost:38055/
[rosmaster.master][INFO] 2026-06-19 15:47:34,972: +SUB [/mavros/odometry/out] /mavros http://localhost:38055/
[rosmaster.master][INFO] 2026-06-19 15:47:34,974: +SUB [/mavros/onboard_computer/status] /mavros http://localhost:38055/
[rosmaster.master][INFO] 2026-06-19 15:47:34,975: +SERVICE [/mavros/param/pull] /mavros http://localhost:38055/
[rosmaster.master][INFO] 2026-06-19 15:47:34,976: +SERVICE [/mavros/param/push] /mavros http://localhost:38055/
[rosmaster.master][INFO] 2026-06-19 15:47:34,976: +SERVICE [/mavros/param/set] /mavros http://localhost:38055/
[rosmaster.master][INFO] 2026-06-19 15:47:34,977: +SERVICE [/mavros/param/get] /mavros http://localhost:38055/
[rosmaster.master][INFO] 2026-06-19 15:47:34,977: +PUB [/mavros/param/param_value] /mavros http://localhost:38055/
[rosmaster.master][INFO] 2026-06-19 15:47:34,979: +SUB [/mavros/play_tune] /mavros http://localhost:38055/
[rosmaster.master][INFO] 2026-06-19 15:47:34,980: +PUB [/mavros/rallypoint/waypoints] /mavros http://localhost:38055/
[rosmaster.master][INFO] 2026-06-19 15:47:34,980: +SERVICE [/mavros/rallypoint/pull] /mavros http://localhost:38055/
[rosmaster.master][INFO] 2026-06-19 15:47:34,981: +SERVICE [/mavros/rallypoint/push] /mavros http://localhost:38055/
[rosmaster.master][INFO] 2026-06-19 15:47:34,981: +SERVICE [/mavros/rallypoint/clear] /mavros http://localhost:38055/
[rosmaster.master][INFO] 2026-06-19 15:47:34,981: publisherUpdate[/mavros/home_position/home] -> http://localhost:38055/ ['http://localhost:38055/']
[rosmaster.master][INFO] 2026-06-19 15:47:34,982: +PUB [/mavros/rangefinder/rangefinder] /mavros http://localhost:38055/
[rosmaster.master][INFO] 2026-06-19 15:47:34,982: publisherUpdate[/mavros/home_position/home] -> http://localhost:38055/ ['http://localhost:38055/']: sec=0.00, result=[1, '', 0]
[rosmaster.master][INFO] 2026-06-19 15:47:34,983: +PUB [/mavros/rc/in] /mavros http://localhost:38055/
[rosmaster.master][INFO] 2026-06-19 15:47:34,983: +PUB [/mavros/rc/out] /mavros http://localhost:38055/
[rosmaster.master][INFO] 2026-06-19 15:47:34,985: +SUB [/mavros/rc/override] /mavros http://localhost:38055/
[rosmaster.master][INFO] 2026-06-19 15:47:34,988: +SUB [/mavros/setpoint_accel/accel] /mavros http://localhost:38055/
[rosmaster.master][INFO] 2026-06-19 15:47:34,993: +SUB [/mavros/setpoint_attitude/thrust] /mavros http://localhost:38055/
[rosmaster.master][INFO] 2026-06-19 15:47:34,995: +SUB [/mavros/setpoint_attitude/cmd_vel] /mavros http://localhost:38055/
[rosmaster.master][INFO] 2026-06-19 15:47:35,003: +SUB [/mavros/setpoint_position/local] /mavros http://localhost:38055/
[rosmaster.master][INFO] 2026-06-19 15:47:35,005: +SUB [/mavros/setpoint_position/global] /mavros http://localhost:38055/
[rosmaster.master][INFO] 2026-06-19 15:47:35,007: +SUB [/mavros/setpoint_position/global_to_local] /mavros http://localhost:38055/
[rosmaster.master][INFO] 2026-06-19 15:47:35,009: +SUB [/mavros/global_position/global] /mavros http://localhost:38055/
[rosmaster.master][INFO] 2026-06-19 15:47:35,012: +SUB [/mavros/local_position/pose] /mavros http://localhost:38055/
[rosmaster.master][INFO] 2026-06-19 15:47:35,012: +SERVICE [/mavros/setpoint_position/mav_frame] /mavros http://localhost:38055/
[rosmaster.master][INFO] 2026-06-19 15:47:35,016: +SUB [/mavros/setpoint_raw/local] /mavros http://localhost:38055/
[rosmaster.master][INFO] 2026-06-19 15:47:35,019: +SUB [/mavros/setpoint_raw/global] /mavros http://localhost:38055/
[rosmaster.master][INFO] 2026-06-19 15:47:35,021: +SUB [/mavros/setpoint_raw/attitude] /mavros http://localhost:38055/
[rosmaster.master][INFO] 2026-06-19 15:47:35,022: +PUB [/mavros/setpoint_raw/target_local] /mavros http://localhost:38055/
[rosmaster.master][INFO] 2026-06-19 15:47:35,022: +PUB [/mavros/setpoint_raw/target_global] /mavros http://localhost:38055/
[rosmaster.master][INFO] 2026-06-19 15:47:35,023: +PUB [/mavros/setpoint_raw/target_attitude] /mavros http://localhost:38055/
[rosmaster.master][INFO] 2026-06-19 15:47:35,026: +SUB [/mavros/setpoint_trajectory/local] /mavros http://localhost:38055/
[rosmaster.master][INFO] 2026-06-19 15:47:35,026: +PUB [/mavros/setpoint_trajectory/desired] /mavros http://localhost:38055/
[rosmaster.master][INFO] 2026-06-19 15:47:35,027: +SERVICE [/mavros/setpoint_trajectory/reset] /mavros http://localhost:38055/
[rosmaster.master][INFO] 2026-06-19 15:47:35,027: +SERVICE [/mavros/setpoint_trajectory/mav_frame] /mavros http://localhost:38055/
[rosmaster.master][INFO] 2026-06-19 15:47:35,029: +SUB [/mavros/setpoint_velocity/cmd_vel] /mavros http://localhost:38055/
[rosmaster.master][INFO] 2026-06-19 15:47:35,031: +SUB [/mavros/setpoint_velocity/cmd_vel_unstamped] /mavros http://localhost:38055/
[rosmaster.master][INFO] 2026-06-19 15:47:35,032: +SERVICE [/mavros/setpoint_velocity/mav_frame] /mavros http://localhost:38055/
[rosmaster.master][INFO] 2026-06-19 15:47:35,036: +PUB [/mavros/state] /mavros http://localhost:38055/
[rosmaster.master][INFO] 2026-06-19 15:47:35,036: +PUB [/mavros/extended_state] /mavros http://localhost:38055/
[rosmaster.master][INFO] 2026-06-19 15:47:35,037: +PUB [/mavros/battery] /mavros http://localhost:38055/
[rosmaster.master][INFO] 2026-06-19 15:47:35,037: +PUB [/mavros/estimator_status] /mavros http://localhost:38055/
[rosmaster.master][INFO] 2026-06-19 15:47:35,038: +PUB [/mavros/statustext/recv] /mavros http://localhost:38055/
[rosmaster.master][INFO] 2026-06-19 15:47:35,038: +PUB [/mavros/sys_status] /mavros http://localhost:38055/
[rosmaster.master][INFO] 2026-06-19 15:47:35,040: +SUB [/mavros/statustext/send] /mavros http://localhost:38055/
[rosmaster.master][INFO] 2026-06-19 15:47:35,040: +SERVICE [/mavros/set_stream_rate] /mavros http://localhost:38055/
[rosmaster.master][INFO] 2026-06-19 15:47:35,041: +SERVICE [/mavros/set_mode] /mavros http://localhost:38055/
[rosmaster.master][INFO] 2026-06-19 15:47:35,041: +SERVICE [/mavros/vehicle_info_get] /mavros http://localhost:38055/
[rosmaster.master][INFO] 2026-06-19 15:47:35,042: +SERVICE [/mavros/set_message_interval] /mavros http://localhost:38055/
[rosmaster.master][INFO] 2026-06-19 15:47:35,048: +PUB [/mavros/time_reference] /mavros http://localhost:38055/
[rosmaster.master][INFO] 2026-06-19 15:47:35,048: +PUB [/mavros/timesync_status] /mavros http://localhost:38055/
[rosmaster.master][INFO] 2026-06-19 15:47:35,049: +PUB [/mavros/terrain/report] /mavros http://localhost:38055/
[rosmaster.master][INFO] 2026-06-19 15:47:35,052: +SUB [/mavros/trajectory/generated] /mavros http://localhost:38055/
[rosmaster.master][INFO] 2026-06-19 15:47:35,053: +SUB [/mavros/trajectory/path] /mavros http://localhost:38055/
[rosmaster.master][INFO] 2026-06-19 15:47:35,054: +PUB [/mavros/trajectory/desired] /mavros http://localhost:38055/
[rosmaster.master][INFO] 2026-06-19 15:47:35,056: +SUB [/mavros/tunnel/in] /mavros http://localhost:38055/
[rosmaster.master][INFO] 2026-06-19 15:47:35,057: +PUB [/mavros/tunnel/out] /mavros http://localhost:38055/
[rosmaster.master][INFO] 2026-06-19 15:47:35,058: +PUB [/mavros/vfr_hud] /mavros http://localhost:38055/
[rosmaster.master][INFO] 2026-06-19 15:47:35,062: +SUB [/mavros/vision_pose/pose] /mavros http://localhost:38055/
[rosmaster.master][INFO] 2026-06-19 15:47:35,064: +SUB [/mavros/vision_pose/pose_cov] /mavros http://localhost:38055/
[rosmaster.master][INFO] 2026-06-19 15:47:35,066: +PUB [/mavros/mission/waypoints] /mavros http://localhost:38055/
[rosmaster.master][INFO] 2026-06-19 15:47:35,067: +SERVICE [/mavros/mission/pull] /mavros http://localhost:38055/
[rosmaster.master][INFO] 2026-06-19 15:47:35,067: +SERVICE [/mavros/mission/push] /mavros http://localhost:38055/
[rosmaster.master][INFO] 2026-06-19 15:47:35,068: +SERVICE [/mavros/mission/clear] /mavros http://localhost:38055/
[rosmaster.master][INFO] 2026-06-19 15:47:35,068: +PUB [/mavros/mission/reached] /mavros http://localhost:38055/
[rosmaster.master][INFO] 2026-06-19 15:47:35,069: +SERVICE [/mavros/mission/set_current] /mavros http://localhost:38055/
[rosmaster.master][INFO] 2026-06-19 15:47:35,070: +PUB [/mavros/wind_estimation] /mavros http://localhost:38055/
[rosmaster.master][INFO] 2026-06-19 15:47:36,075: +PUB [/mavlink/gcs_ip] /mavros http://localhost:38055/
[rosmaster.master][INFO] 2026-06-19 15:47:53,904: +PUB [/rosout] /vertical_ascent_logger http://localhost:46013/
[rosmaster.master][INFO] 2026-06-19 15:47:53,908: +SERVICE [/vertical_ascent_logger/get_loggers] /vertical_ascent_logger http://localhost:46013/
[rosmaster.master][INFO] 2026-06-19 15:47:53,909: +SERVICE [/vertical_ascent_logger/set_logger_level] /vertical_ascent_logger http://localhost:46013/
[rosmaster.master][INFO] 2026-06-19 15:47:53,910: +PUB [/mavros/setpoint_raw/local] /vertical_ascent_logger http://localhost:46013/
[rosmaster.master][INFO] 2026-06-19 15:47:53,912: +SUB [/mavros/local_position/velocity_body] /vertical_ascent_logger http://localhost:46013/
[rosmaster.master][INFO] 2026-06-19 15:47:53,915: +SUB [/mavros/battery] /vertical_ascent_logger http://localhost:46013/
[rosmaster.master][INFO] 2026-06-19 15:47:53,940: publisherUpdate[/rosout] -> http://localhost:35839/ ['http://localhost:38055/', 'http://localhost:46013/']
[rosmaster.master][INFO] 2026-06-19 15:47:53,940: publisherUpdate[/mavros/setpoint_raw/local] -> http://localhost:38055/ ['http://localhost:46013/']
[rosmaster.master][INFO] 2026-06-19 15:47:53,942: publisherUpdate[/mavros/setpoint_raw/local] -> http://localhost:38055/ ['http://localhost:46013/']: sec=0.00, result=[1, '', 0]
[rosmaster.master][INFO] 2026-06-19 15:47:53,943: publisherUpdate[/rosout] -> http://localhost:35839/ ['http://localhost:38055/', 'http://localhost:46013/']: sec=0.00, result=[1, '', 0]
[rosmaster.master][INFO] 2026-06-19 15:50:44,938: -SUB [/mavros/local_position/velocity_body] /vertical_ascent_logger http://localhost:46013/
[rosmaster.master][INFO] 2026-06-19 15:50:44,939: -SUB [/mavros/battery] /vertical_ascent_logger http://localhost:46013/
[rosmaster.master][INFO] 2026-06-19 15:50:44,939: -PUB [/rosout] /vertical_ascent_logger http://localhost:46013/
[rosmaster.master][INFO] 2026-06-19 15:50:44,939: -PUB [/mavros/setpoint_raw/local] /vertical_ascent_logger http://localhost:46013/
[rosmaster.master][INFO] 2026-06-19 15:50:44,939: -SERVICE [/vertical_ascent_logger/get_loggers] /vertical_ascent_logger rosrpc://localhost:37961
[rosmaster.master][INFO] 2026-06-19 15:50:44,939: -SERVICE [/vertical_ascent_logger/set_logger_level] /vertical_ascent_logger rosrpc://localhost:37961
[rosmaster.master][INFO] 2026-06-19 15:50:45,019: publisherUpdate[/rosout] -> http://localhost:35839/ ['http://localhost:38055/']
[rosmaster.master][INFO] 2026-06-19 15:50:45,020: publisherUpdate[/mavros/setpoint_raw/local] -> http://localhost:38055/ []
[rosmaster.master][INFO] 2026-06-19 15:50:45,021: publisherUpdate[/rosout] -> http://localhost:35839/ ['http://localhost:38055/']: sec=0.00, result=[1, '', 0]
[rosmaster.master][INFO] 2026-06-19 15:50:45,022: publisherUpdate[/mavros/setpoint_raw/local] -> http://localhost:38055/ []: sec=0.00, result=[1, '', 0]
[rosmaster.master][INFO] 2026-06-19 15:54:22,807: -PUB [/rosout_agg] /rosout http://localhost:35839/
[rosmaster.master][INFO] 2026-06-19 15:54:22,809: -SUB [/rosout] /rosout http://localhost:35839/
[rosmaster.master][INFO] 2026-06-19 15:54:22,809: -SERVICE [/rosout/get_loggers] /rosout rosrpc://localhost:48831
[rosmaster.master][INFO] 2026-06-19 15:54:22,810: -SERVICE [/rosout/set_logger_level] /rosout rosrpc://localhost:48831
[rosmaster.master][INFO] 2026-06-19 15:54:22,810: -CACHEDPARAM [/rosout/omit_topics] by /rosout
[rosmaster.main][INFO] 2026-06-19 15:54:22,911: keyboard interrupt, will exit
[rosmaster.main][INFO] 2026-06-19 15:54:22,911: stopping master...
[rospy.core][INFO] 2026-06-19 15:54:22,911: signal_shutdown [atexit]
