[rosmaster.main][INFO] 2026-04-07 02:58:04,504: initialization complete, waiting for shutdown
[rosmaster.main][INFO] 2026-04-07 02:58:04,505: Starting ROS Master Node
[xmlrpc][INFO] 2026-04-07 02:58:04,506: XML-RPC server binding to 127.0.0.1:11311
[xmlrpc][INFO] 2026-04-07 02:58:04,507: Started XML-RPC server [http://localhost:11311/]
[xmlrpc][INFO] 2026-04-07 02:58:04,507: xml rpc node: starting XML-RPC server
[rosmaster.master][INFO] 2026-04-07 02:58:04,507: Master initialized: port[11311], uri[http://localhost:11311/]
[rosmaster.master][INFO] 2026-04-07 02:58:04,519: +PARAM [/run_id] by /roslaunch
[rosmaster.master][INFO] 2026-04-07 02:58:04,520: +PARAM [/roslaunch/uris/host_localhost__35651] by /roslaunch
[rosmaster.master][INFO] 2026-04-07 02:58:04,563: +PARAM [/rosversion] by /roslaunch
[rosmaster.master][INFO] 2026-04-07 02:58:04,563: +PARAM [/rosdistro] by /roslaunch
[rosmaster.master][INFO] 2026-04-07 02:58:04,650: +SERVICE [/rosout/get_loggers] /rosout http://localhost:33201/
[rosmaster.master][INFO] 2026-04-07 02:58:04,651: +SERVICE [/rosout/set_logger_level] /rosout http://localhost:33201/
[rosmaster.master][INFO] 2026-04-07 02:58:04,653: +PUB [/rosout_agg] /rosout http://localhost:33201/
[rosmaster.master][INFO] 2026-04-07 02:58:04,658: +SUB [/rosout] /rosout http://localhost:33201/
[rosmaster.master][INFO] 2026-04-07 03:04:19,461: +PARAM [/roslaunch/uris/host_localhost__38623] by /roslaunch
[rosmaster.master][INFO] 2026-04-07 03:04:19,469: +PARAM [/rosversion] by /roslaunch
[rosmaster.master][INFO] 2026-04-07 03:04:19,470: +PARAM [/rosdistro] by /roslaunch
[rosmaster.master][INFO] 2026-04-07 03:04:19,470: +PARAM [/mavros/plugin_blacklist] by /roslaunch
[rosmaster.master][INFO] 2026-04-07 03:04:19,470: +PARAM [/mavros/plugin_whitelist] by /roslaunch
[rosmaster.master][INFO] 2026-04-07 03:04:19,470: +PARAM [/mavros/startup_px4_usb_quirk] by /roslaunch
[rosmaster.master][INFO] 2026-04-07 03:04:19,470: +PARAM [/mavros/conn/heartbeat_rate] by /roslaunch
[rosmaster.master][INFO] 2026-04-07 03:04:19,470: +PARAM [/mavros/conn/heartbeat_mav_type] by /roslaunch
[rosmaster.master][INFO] 2026-04-07 03:04:19,470: +PARAM [/mavros/conn/timeout] by /roslaunch
[rosmaster.master][INFO] 2026-04-07 03:04:19,470: +PARAM [/mavros/conn/timesync_rate] by /roslaunch
[rosmaster.master][INFO] 2026-04-07 03:04:19,470: +PARAM [/mavros/conn/system_time_rate] by /roslaunch
[rosmaster.master][INFO] 2026-04-07 03:04:19,470: +PARAM [/mavros/sys/min_voltage] by /roslaunch
[rosmaster.master][INFO] 2026-04-07 03:04:19,470: +PARAM [/mavros/sys/disable_diag] by /roslaunch
[rosmaster.master][INFO] 2026-04-07 03:04:19,470: +PARAM [/mavros/time/time_ref_source] by /roslaunch
[rosmaster.master][INFO] 2026-04-07 03:04:19,470: +PARAM [/mavros/time/timesync_mode] by /roslaunch
[rosmaster.master][INFO] 2026-04-07 03:04:19,471: +PARAM [/mavros/time/timesync_avg_alpha] by /roslaunch
[rosmaster.master][INFO] 2026-04-07 03:04:19,472: +PARAM [/mavros/tdr_radio/low_rssi] by /roslaunch
[rosmaster.master][INFO] 2026-04-07 03:04:19,472: +PARAM [/mavros/cmd/use_comp_id_system_control] by /roslaunch
[rosmaster.master][INFO] 2026-04-07 03:04:19,472: +PARAM [/mavros/global_position/frame_id] by /roslaunch
[rosmaster.master][INFO] 2026-04-07 03:04:19,472: +PARAM [/mavros/global_position/child_frame_id] by /roslaunch
[rosmaster.master][INFO] 2026-04-07 03:04:19,472: +PARAM [/mavros/global_position/rot_covariance] by /roslaunch
[rosmaster.master][INFO] 2026-04-07 03:04:19,472: +PARAM [/mavros/global_position/gps_uere] by /roslaunch
[rosmaster.master][INFO] 2026-04-07 03:04:19,472: +PARAM [/mavros/global_position/use_relative_alt] by /roslaunch
[rosmaster.master][INFO] 2026-04-07 03:04:19,472: +PARAM [/mavros/global_position/tf/send] by /roslaunch
[rosmaster.master][INFO] 2026-04-07 03:04:19,472: +PARAM [/mavros/global_position/tf/frame_id] by /roslaunch
[rosmaster.master][INFO] 2026-04-07 03:04:19,472: +PARAM [/mavros/global_position/tf/global_frame_id] by /roslaunch
[rosmaster.master][INFO] 2026-04-07 03:04:19,472: +PARAM [/mavros/global_position/tf/child_frame_id] by /roslaunch
[rosmaster.master][INFO] 2026-04-07 03:04:19,472: +PARAM [/mavros/imu/frame_id] by /roslaunch
[rosmaster.master][INFO] 2026-04-07 03:04:19,472: +PARAM [/mavros/imu/linear_acceleration_stdev] by /roslaunch
[rosmaster.master][INFO] 2026-04-07 03:04:19,472: +PARAM [/mavros/imu/angular_velocity_stdev] by /roslaunch
[rosmaster.master][INFO] 2026-04-07 03:04:19,472: +PARAM [/mavros/imu/orientation_stdev] by /roslaunch
[rosmaster.master][INFO] 2026-04-07 03:04:19,472: +PARAM [/mavros/imu/magnetic_stdev] by /roslaunch
[rosmaster.master][INFO] 2026-04-07 03:04:19,472: +PARAM [/mavros/local_position/frame_id] by /roslaunch
[rosmaster.master][INFO] 2026-04-07 03:04:19,472: +PARAM [/mavros/local_position/tf/send] by /roslaunch
[rosmaster.master][INFO] 2026-04-07 03:04:19,472: +PARAM [/mavros/local_position/tf/frame_id] by /roslaunch
[rosmaster.master][INFO] 2026-04-07 03:04:19,472: +PARAM [/mavros/local_position/tf/child_frame_id] by /roslaunch
[rosmaster.master][INFO] 2026-04-07 03:04:19,472: +PARAM [/mavros/local_position/tf/send_fcu] by /roslaunch
[rosmaster.master][INFO] 2026-04-07 03:04:19,472: +PARAM [/mavros/safety_area/p1/x] by /roslaunch
[rosmaster.master][INFO] 2026-04-07 03:04:19,472: +PARAM [/mavros/safety_area/p1/y] by /roslaunch
[rosmaster.master][INFO] 2026-04-07 03:04:19,472: +PARAM [/mavros/safety_area/p1/z] by /roslaunch
[rosmaster.master][INFO] 2026-04-07 03:04:19,472: +PARAM [/mavros/safety_area/p2/x] by /roslaunch
[rosmaster.master][INFO] 2026-04-07 03:04:19,473: +PARAM [/mavros/safety_area/p2/y] by /roslaunch
[rosmaster.master][INFO] 2026-04-07 03:04:19,473: +PARAM [/mavros/safety_area/p2/z] by /roslaunch
[rosmaster.master][INFO] 2026-04-07 03:04:19,473: +PARAM [/mavros/setpoint_accel/send_force] by /roslaunch
[rosmaster.master][INFO] 2026-04-07 03:04:19,473: +PARAM [/mavros/setpoint_attitude/reverse_thrust] by /roslaunch
[rosmaster.master][INFO] 2026-04-07 03:04:19,473: +PARAM [/mavros/setpoint_attitude/use_quaternion] by /roslaunch
[rosmaster.master][INFO] 2026-04-07 03:04:19,473: +PARAM [/mavros/setpoint_attitude/tf/listen] by /roslaunch
[rosmaster.master][INFO] 2026-04-07 03:04:19,473: +PARAM [/mavros/setpoint_attitude/tf/frame_id] by /roslaunch
[rosmaster.master][INFO] 2026-04-07 03:04:19,473: +PARAM [/mavros/setpoint_attitude/tf/child_frame_id] by /roslaunch
[rosmaster.master][INFO] 2026-04-07 03:04:19,473: +PARAM [/mavros/setpoint_attitude/tf/rate_limit] by /roslaunch
[rosmaster.master][INFO] 2026-04-07 03:04:19,473: +PARAM [/mavros/setpoint_raw/thrust_scaling] by /roslaunch
[rosmaster.master][INFO] 2026-04-07 03:04:19,473: +PARAM [/mavros/setpoint_position/tf/listen] by /roslaunch
[rosmaster.master][INFO] 2026-04-07 03:04:19,473: +PARAM [/mavros/setpoint_position/tf/frame_id] by /roslaunch
[rosmaster.master][INFO] 2026-04-07 03:04:19,473: +PARAM [/mavros/setpoint_position/tf/child_frame_id] by /roslaunch
[rosmaster.master][INFO] 2026-04-07 03:04:19,473: +PARAM [/mavros/setpoint_position/tf/rate_limit] by /roslaunch
[rosmaster.master][INFO] 2026-04-07 03:04:19,473: +PARAM [/mavros/setpoint_position/mav_frame] by /roslaunch
[rosmaster.master][INFO] 2026-04-07 03:04:19,473: +PARAM [/mavros/guided_target/tf/listen] by /roslaunch
[rosmaster.master][INFO] 2026-04-07 03:04:19,473: +PARAM [/mavros/guided_target/tf/frame_id] by /roslaunch
[rosmaster.master][INFO] 2026-04-07 03:04:19,473: +PARAM [/mavros/guided_target/tf/child_frame_id] by /roslaunch
[rosmaster.master][INFO] 2026-04-07 03:04:19,473: +PARAM [/mavros/guided_target/tf/rate_limit] by /roslaunch
[rosmaster.master][INFO] 2026-04-07 03:04:19,473: +PARAM [/mavros/setpoint_velocity/mav_frame] by /roslaunch
[rosmaster.master][INFO] 2026-04-07 03:04:19,473: +PARAM [/mavros/mission/pull_after_gcs] by /roslaunch
[rosmaster.master][INFO] 2026-04-07 03:04:19,473: +PARAM [/mavros/mission/use_mission_item_int] by /roslaunch
[rosmaster.master][INFO] 2026-04-07 03:04:19,473: +PARAM [/mavros/distance_sensor/rangefinder_pub/id] by /roslaunch
[rosmaster.master][INFO] 2026-04-07 03:04:19,473: +PARAM [/mavros/distance_sensor/rangefinder_pub/frame_id] by /roslaunch
[rosmaster.master][INFO] 2026-04-07 03:04:19,473: +PARAM [/mavros/distance_sensor/rangefinder_pub/field_of_view] by /roslaunch
[rosmaster.master][INFO] 2026-04-07 03:04:19,473: +PARAM [/mavros/distance_sensor/rangefinder_pub/send_tf] by /roslaunch
[rosmaster.master][INFO] 2026-04-07 03:04:19,473: +PARAM [/mavros/distance_sensor/rangefinder_pub/sensor_position/x] by /roslaunch
[rosmaster.master][INFO] 2026-04-07 03:04:19,473: +PARAM [/mavros/distance_sensor/rangefinder_pub/sensor_position/y] by /roslaunch
[rosmaster.master][INFO] 2026-04-07 03:04:19,473: +PARAM [/mavros/distance_sensor/rangefinder_pub/sensor_position/z] by /roslaunch
[rosmaster.master][INFO] 2026-04-07 03:04:19,473: +PARAM [/mavros/distance_sensor/rangefinder_sub/subscriber] by /roslaunch
[rosmaster.master][INFO] 2026-04-07 03:04:19,474: +PARAM [/mavros/distance_sensor/rangefinder_sub/id] by /roslaunch
[rosmaster.master][INFO] 2026-04-07 03:04:19,474: +PARAM [/mavros/distance_sensor/rangefinder_sub/orientation] by /roslaunch
[rosmaster.master][INFO] 2026-04-07 03:04:19,474: +PARAM [/mavros/image/frame_id] by /roslaunch
[rosmaster.master][INFO] 2026-04-07 03:04:19,474: +PARAM [/mavros/fake_gps/use_mocap] by /roslaunch
[rosmaster.master][INFO] 2026-04-07 03:04:19,474: +PARAM [/mavros/fake_gps/mocap_transform] by /roslaunch
[rosmaster.master][INFO] 2026-04-07 03:04:19,474: +PARAM [/mavros/fake_gps/mocap_withcovariance] by /roslaunch
[rosmaster.master][INFO] 2026-04-07 03:04:19,474: +PARAM [/mavros/fake_gps/use_vision] by /roslaunch
[rosmaster.master][INFO] 2026-04-07 03:04:19,474: +PARAM [/mavros/fake_gps/use_hil_gps] by /roslaunch
[rosmaster.master][INFO] 2026-04-07 03:04:19,474: +PARAM [/mavros/fake_gps/gps_id] by /roslaunch
[rosmaster.master][INFO] 2026-04-07 03:04:19,474: +PARAM [/mavros/fake_gps/geo_origin/lat] by /roslaunch
[rosmaster.master][INFO] 2026-04-07 03:04:19,474: +PARAM [/mavros/fake_gps/geo_origin/lon] by /roslaunch
[rosmaster.master][INFO] 2026-04-07 03:04:19,474: +PARAM [/mavros/fake_gps/geo_origin/alt] by /roslaunch
[rosmaster.master][INFO] 2026-04-07 03:04:19,474: +PARAM [/mavros/fake_gps/eph] by /roslaunch
[rosmaster.master][INFO] 2026-04-07 03:04:19,474: +PARAM [/mavros/fake_gps/epv] by /roslaunch
[rosmaster.master][INFO] 2026-04-07 03:04:19,474: +PARAM [/mavros/fake_gps/horiz_accuracy] by /roslaunch
[rosmaster.master][INFO] 2026-04-07 03:04:19,474: +PARAM [/mavros/fake_gps/vert_accuracy] by /roslaunch
[rosmaster.master][INFO] 2026-04-07 03:04:19,474: +PARAM [/mavros/fake_gps/speed_accuracy] by /roslaunch
[rosmaster.master][INFO] 2026-04-07 03:04:19,474: +PARAM [/mavros/fake_gps/satellites_visible] by /roslaunch
[rosmaster.master][INFO] 2026-04-07 03:04:19,474: +PARAM [/mavros/fake_gps/fix_type] by /roslaunch
[rosmaster.master][INFO] 2026-04-07 03:04:19,474: +PARAM [/mavros/fake_gps/tf/listen] by /roslaunch
[rosmaster.master][INFO] 2026-04-07 03:04:19,474: +PARAM [/mavros/fake_gps/tf/send] by /roslaunch
[rosmaster.master][INFO] 2026-04-07 03:04:19,474: +PARAM [/mavros/fake_gps/tf/frame_id] by /roslaunch
[rosmaster.master][INFO] 2026-04-07 03:04:19,474: +PARAM [/mavros/fake_gps/tf/child_frame_id] by /roslaunch
[rosmaster.master][INFO] 2026-04-07 03:04:19,474: +PARAM [/mavros/fake_gps/tf/rate_limit] by /roslaunch
[rosmaster.master][INFO] 2026-04-07 03:04:19,475: +PARAM [/mavros/fake_gps/gps_rate] by /roslaunch
[rosmaster.master][INFO] 2026-04-07 03:04:19,475: +PARAM [/mavros/landing_target/listen_lt] by /roslaunch
[rosmaster.master][INFO] 2026-04-07 03:04:19,475: +PARAM [/mavros/landing_target/mav_frame] by /roslaunch
[rosmaster.master][INFO] 2026-04-07 03:04:19,475: +PARAM [/mavros/landing_target/land_target_type] by /roslaunch
[rosmaster.master][INFO] 2026-04-07 03:04:19,475: +PARAM [/mavros/landing_target/image/width] by /roslaunch
[rosmaster.master][INFO] 2026-04-07 03:04:19,475: +PARAM [/mavros/landing_target/image/height] by /roslaunch
[rosmaster.master][INFO] 2026-04-07 03:04:19,475: +PARAM [/mavros/landing_target/camera/fov_x] by /roslaunch
[rosmaster.master][INFO] 2026-04-07 03:04:19,475: +PARAM [/mavros/landing_target/camera/fov_y] by /roslaunch
[rosmaster.master][INFO] 2026-04-07 03:04:19,475: +PARAM [/mavros/landing_target/tf/send] by /roslaunch
[rosmaster.master][INFO] 2026-04-07 03:04:19,475: +PARAM [/mavros/landing_target/tf/listen] by /roslaunch
[rosmaster.master][INFO] 2026-04-07 03:04:19,475: +PARAM [/mavros/landing_target/tf/frame_id] by /roslaunch
[rosmaster.master][INFO] 2026-04-07 03:04:19,475: +PARAM [/mavros/landing_target/tf/child_frame_id] by /roslaunch
[rosmaster.master][INFO] 2026-04-07 03:04:19,475: +PARAM [/mavros/landing_target/tf/rate_limit] by /roslaunch
[rosmaster.master][INFO] 2026-04-07 03:04:19,475: +PARAM [/mavros/landing_target/target_size/x] by /roslaunch
[rosmaster.master][INFO] 2026-04-07 03:04:19,475: +PARAM [/mavros/landing_target/target_size/y] by /roslaunch
[rosmaster.master][INFO] 2026-04-07 03:04:19,475: +PARAM [/mavros/mocap/use_tf] by /roslaunch
[rosmaster.master][INFO] 2026-04-07 03:04:19,475: +PARAM [/mavros/mocap/use_pose] by /roslaunch
[rosmaster.master][INFO] 2026-04-07 03:04:19,475: +PARAM [/mavros/mount/debounce_s] by /roslaunch
[rosmaster.master][INFO] 2026-04-07 03:04:19,475: +PARAM [/mavros/mount/err_threshold_deg] by /roslaunch
[rosmaster.master][INFO] 2026-04-07 03:04:19,475: +PARAM [/mavros/mount/negate_measured_roll] by /roslaunch
[rosmaster.master][INFO] 2026-04-07 03:04:19,475: +PARAM [/mavros/mount/negate_measured_pitch] by /roslaunch
[rosmaster.master][INFO] 2026-04-07 03:04:19,475: +PARAM [/mavros/mount/negate_measured_yaw] by /roslaunch
[rosmaster.master][INFO] 2026-04-07 03:04:19,475: +PARAM [/mavros/odometry/frame_tf/desired_frame] by /roslaunch
[rosmaster.master][INFO] 2026-04-07 03:04:19,475: +PARAM [/mavros/odometry/estimator_type] by /roslaunch
[rosmaster.master][INFO] 2026-04-07 03:04:19,475: +PARAM [/mavros/px4flow/frame_id] by /roslaunch
[rosmaster.master][INFO] 2026-04-07 03:04:19,475: +PARAM [/mavros/px4flow/ranger_fov] by /roslaunch
[rosmaster.master][INFO] 2026-04-07 03:04:19,475: +PARAM [/mavros/px4flow/ranger_min_range] by /roslaunch
[rosmaster.master][INFO] 2026-04-07 03:04:19,476: +PARAM [/mavros/px4flow/ranger_max_range] by /roslaunch
[rosmaster.master][INFO] 2026-04-07 03:04:19,476: +PARAM [/mavros/vision_pose/tf/listen] by /roslaunch
[rosmaster.master][INFO] 2026-04-07 03:04:19,476: +PARAM [/mavros/vision_pose/tf/frame_id] by /roslaunch
[rosmaster.master][INFO] 2026-04-07 03:04:19,476: +PARAM [/mavros/vision_pose/tf/child_frame_id] by /roslaunch
[rosmaster.master][INFO] 2026-04-07 03:04:19,476: +PARAM [/mavros/vision_pose/tf/rate_limit] by /roslaunch
[rosmaster.master][INFO] 2026-04-07 03:04:19,476: +PARAM [/mavros/vision_speed/listen_twist] by /roslaunch
[rosmaster.master][INFO] 2026-04-07 03:04:19,476: +PARAM [/mavros/vision_speed/twist_cov] by /roslaunch
[rosmaster.master][INFO] 2026-04-07 03:04:19,476: +PARAM [/mavros/vibration/frame_id] by /roslaunch
[rosmaster.master][INFO] 2026-04-07 03:04:19,476: +PARAM [/mavros/wheel_odometry/count] by /roslaunch
[rosmaster.master][INFO] 2026-04-07 03:04:19,476: +PARAM [/mavros/wheel_odometry/use_rpm] by /roslaunch
[rosmaster.master][INFO] 2026-04-07 03:04:19,476: +PARAM [/mavros/wheel_odometry/wheel0/x] by /roslaunch
[rosmaster.master][INFO] 2026-04-07 03:04:19,476: +PARAM [/mavros/wheel_odometry/wheel0/y] by /roslaunch
[rosmaster.master][INFO] 2026-04-07 03:04:19,476: +PARAM [/mavros/wheel_odometry/wheel0/radius] by /roslaunch
[rosmaster.master][INFO] 2026-04-07 03:04:19,476: +PARAM [/mavros/wheel_odometry/wheel1/x] by /roslaunch
[rosmaster.master][INFO] 2026-04-07 03:04:19,476: +PARAM [/mavros/wheel_odometry/wheel1/y] by /roslaunch
[rosmaster.master][INFO] 2026-04-07 03:04:19,476: +PARAM [/mavros/wheel_odometry/wheel1/radius] by /roslaunch
[rosmaster.master][INFO] 2026-04-07 03:04:19,476: +PARAM [/mavros/wheel_odometry/send_raw] by /roslaunch
[rosmaster.master][INFO] 2026-04-07 03:04:19,476: +PARAM [/mavros/wheel_odometry/send_twist] by /roslaunch
[rosmaster.master][INFO] 2026-04-07 03:04:19,476: +PARAM [/mavros/wheel_odometry/frame_id] by /roslaunch
[rosmaster.master][INFO] 2026-04-07 03:04:19,476: +PARAM [/mavros/wheel_odometry/child_frame_id] by /roslaunch
[rosmaster.master][INFO] 2026-04-07 03:04:19,476: +PARAM [/mavros/wheel_odometry/vel_error] by /roslaunch
[rosmaster.master][INFO] 2026-04-07 03:04:19,476: +PARAM [/mavros/wheel_odometry/tf/send] by /roslaunch
[rosmaster.master][INFO] 2026-04-07 03:04:19,476: +PARAM [/mavros/wheel_odometry/tf/frame_id] by /roslaunch
[rosmaster.master][INFO] 2026-04-07 03:04:19,476: +PARAM [/mavros/wheel_odometry/tf/child_frame_id] by /roslaunch
[rosmaster.master][INFO] 2026-04-07 03:04:19,476: +PARAM [/mavros/fcu_url] by /roslaunch
[rosmaster.master][INFO] 2026-04-07 03:04:19,476: +PARAM [/mavros/gcs_url] by /roslaunch
[rosmaster.master][INFO] 2026-04-07 03:04:19,476: +PARAM [/mavros/target_system_id] by /roslaunch
[rosmaster.master][INFO] 2026-04-07 03:04:19,477: +PARAM [/mavros/target_component_id] by /roslaunch
[rosmaster.master][INFO] 2026-04-07 03:04:19,477: +PARAM [/mavros/fcu_protocol] by /roslaunch
[rosmaster.master][INFO] 2026-04-07 03:04:19,655: +PUB [/rosout] /mavros http://localhost:33365/
[rosmaster.master][INFO] 2026-04-07 03:04:19,656: +SERVICE [/mavros/get_loggers] /mavros http://localhost:33365/
[rosmaster.master][INFO] 2026-04-07 03:04:19,657: +SERVICE [/mavros/set_logger_level] /mavros http://localhost:33365/
[rosmaster.master][INFO] 2026-04-07 03:04:19,658: +PUB [/diagnostics] /mavros http://localhost:33365/
[rosmaster.master][INFO] 2026-04-07 03:04:19,659: +CACHEDPARAM [/mavros/diagnostic_period] by /mavros
[rosmaster.master][INFO] 2026-04-07 03:04:19,711: +SUB [/tf] /mavros http://localhost:33365/
[rosmaster.master][INFO] 2026-04-07 03:04:19,715: +SUB [/tf_static] /mavros http://localhost:33365/
[rosmaster.master][INFO] 2026-04-07 03:04:19,716: +PUB [/tf] /mavros http://localhost:33365/
[rosmaster.master][INFO] 2026-04-07 03:04:19,717: +PUB [/tf_static] /mavros http://localhost:33365/
[rosmaster.master][INFO] 2026-04-07 03:04:19,734: publisherUpdate[/rosout] -> http://localhost:33201/ ['http://localhost:33365/']
[rosmaster.master][INFO] 2026-04-07 03:04:19,738: publisherUpdate[/rosout] -> http://localhost:33201/ ['http://localhost:33365/']: sec=0.00, result=[1, '', 0]
[rosmaster.master][INFO] 2026-04-07 03:04:19,738: publisherUpdate[/tf] -> http://localhost:33365/ ['http://localhost:33365/']
[rosmaster.master][INFO] 2026-04-07 03:04:19,739: publisherUpdate[/tf] -> http://localhost:33365/ ['http://localhost:33365/']: sec=0.00, result=[1, '', 0]
[rosmaster.master][INFO] 2026-04-07 03:04:19,739: publisherUpdate[/tf_static] -> http://localhost:33365/ ['http://localhost:33365/']
[rosmaster.master][INFO] 2026-04-07 03:04:19,739: publisherUpdate[/tf_static] -> http://localhost:33365/ ['http://localhost:33365/']: sec=0.00, result=[1, '', 0]
[rosmaster.master][INFO] 2026-04-07 03:04:19,780: +CACHEDPARAM [/rosout_disable_topics_generation] by /mavros
[rosmaster.master][INFO] 2026-04-07 03:04:19,783: +PUB [/mavlink/from] /mavros http://localhost:33365/
[rosmaster.master][INFO] 2026-04-07 03:04:19,785: +SUB [/mavlink/to] /mavros http://localhost:33365/
[rosmaster.master][INFO] 2026-04-07 03:04:19,851: +PUB [/mavros/radio_status] /mavros http://localhost:33365/
[rosmaster.master][INFO] 2026-04-07 03:04:19,888: +PUB [/mavros/adsb/vehicle] /mavros http://localhost:33365/
[rosmaster.master][INFO] 2026-04-07 03:04:19,890: +SUB [/mavros/adsb/send] /mavros http://localhost:33365/
[rosmaster.master][INFO] 2026-04-07 03:04:19,891: +PUB [/mavros/cam_imu_sync/cam_imu_stamp] /mavros http://localhost:33365/
[rosmaster.master][INFO] 2026-04-07 03:04:19,891: +PUB [/mavros/camera/image_captured] /mavros http://localhost:33365/
[rosmaster.master][INFO] 2026-04-07 03:04:19,893: +SUB [/mavros/cellular_status/status] /mavros http://localhost:33365/
[rosmaster.master][INFO] 2026-04-07 03:04:19,895: +SERVICE [/mavros/cmd/command] /mavros http://localhost:33365/
[rosmaster.master][INFO] 2026-04-07 03:04:19,895: +SERVICE [/mavros/cmd/command_ack] /mavros http://localhost:33365/
[rosmaster.master][INFO] 2026-04-07 03:04:19,896: +SERVICE [/mavros/cmd/command_int] /mavros http://localhost:33365/
[rosmaster.master][INFO] 2026-04-07 03:04:19,896: +SERVICE [/mavros/cmd/arming] /mavros http://localhost:33365/
[rosmaster.master][INFO] 2026-04-07 03:04:19,897: +SERVICE [/mavros/cmd/set_home] /mavros http://localhost:33365/
[rosmaster.master][INFO] 2026-04-07 03:04:19,897: +SERVICE [/mavros/cmd/takeoff] /mavros http://localhost:33365/
[rosmaster.master][INFO] 2026-04-07 03:04:19,898: +SERVICE [/mavros/cmd/land] /mavros http://localhost:33365/
[rosmaster.master][INFO] 2026-04-07 03:04:19,898: +SERVICE [/mavros/cmd/trigger_control] /mavros http://localhost:33365/
[rosmaster.master][INFO] 2026-04-07 03:04:19,899: +SERVICE [/mavros/cmd/trigger_interval] /mavros http://localhost:33365/
[rosmaster.master][INFO] 2026-04-07 03:04:19,899: +SERVICE [/mavros/cmd/vtol_transition] /mavros http://localhost:33365/
[rosmaster.master][INFO] 2026-04-07 03:04:19,901: +SUB [/mavros/companion_process/status] /mavros http://localhost:33365/
[rosmaster.master][INFO] 2026-04-07 03:04:19,905: +PUB [/mavros/distance_sensor/rangefinder_pub] /mavros http://localhost:33365/
[rosmaster.master][INFO] 2026-04-07 03:04:19,912: +SUB [/mavros/distance_sensor/rangefinder_sub] /mavros http://localhost:33365/
[rosmaster.master][INFO] 2026-04-07 03:04:19,913: +PUB [/mavros/esc_info] /mavros http://localhost:33365/
[rosmaster.master][INFO] 2026-04-07 03:04:19,913: +PUB [/mavros/esc_status] /mavros http://localhost:33365/
[rosmaster.master][INFO] 2026-04-07 03:04:19,914: +PUB [/mavros/esc_telemetry] /mavros http://localhost:33365/
[rosmaster.master][INFO] 2026-04-07 03:04:19,933: +SUB [/mavros/fake_gps/mocap/pose] /mavros http://localhost:33365/
[rosmaster.master][INFO] 2026-04-07 03:04:19,936: +PUB [/mavros/geofence/waypoints] /mavros http://localhost:33365/
[rosmaster.master][INFO] 2026-04-07 03:04:19,937: +SERVICE [/mavros/geofence/pull] /mavros http://localhost:33365/
[rosmaster.master][INFO] 2026-04-07 03:04:19,937: +SERVICE [/mavros/geofence/push] /mavros http://localhost:33365/
[rosmaster.master][INFO] 2026-04-07 03:04:19,938: +SERVICE [/mavros/geofence/clear] /mavros http://localhost:33365/
[rosmaster.master][INFO] 2026-04-07 03:04:19,948: +PUB [/mavros/global_position/raw/fix] /mavros http://localhost:33365/
[rosmaster.master][INFO] 2026-04-07 03:04:19,948: +PUB [/mavros/global_position/raw/gps_vel] /mavros http://localhost:33365/
[rosmaster.master][INFO] 2026-04-07 03:04:19,949: +PUB [/mavros/global_position/raw/satellites] /mavros http://localhost:33365/
[rosmaster.master][INFO] 2026-04-07 03:04:19,950: +PUB [/mavros/global_position/global] /mavros http://localhost:33365/
[rosmaster.master][INFO] 2026-04-07 03:04:19,950: +PUB [/mavros/global_position/local] /mavros http://localhost:33365/
[rosmaster.master][INFO] 2026-04-07 03:04:19,951: +PUB [/mavros/global_position/rel_alt] /mavros http://localhost:33365/
[rosmaster.master][INFO] 2026-04-07 03:04:19,951: +PUB [/mavros/global_position/compass_hdg] /mavros http://localhost:33365/
[rosmaster.master][INFO] 2026-04-07 03:04:19,952: +PUB [/mavros/global_position/gp_origin] /mavros http://localhost:33365/
[rosmaster.master][INFO] 2026-04-07 03:04:19,955: +SUB [/mavros/global_position/set_gp_origin] /mavros http://localhost:33365/
[rosmaster.master][INFO] 2026-04-07 03:04:19,957: +SUB [/mavros/home_position/home] /mavros http://localhost:33365/
[rosmaster.master][INFO] 2026-04-07 03:04:19,958: +PUB [/mavros/global_position/gp_lp_offset] /mavros http://localhost:33365/
[rosmaster.master][INFO] 2026-04-07 03:04:19,959: +CACHEDPARAM [/rosout/omit_topics] by /rosout
[rosmaster.master][INFO] 2026-04-07 03:04:19,962: +SUB [/mavros/gps_input/gps_input] /mavros http://localhost:33365/
[rosmaster.master][INFO] 2026-04-07 03:04:19,965: +SUB [/mavros/gps_rtk/send_rtcm] /mavros http://localhost:33365/
[rosmaster.master][INFO] 2026-04-07 03:04:19,965: +PUB [/mavros/gps_rtk/rtk_baseline] /mavros http://localhost:33365/
[rosmaster.master][INFO] 2026-04-07 03:04:19,966: +PUB [/mavros/gpsstatus/gps1/raw] /mavros http://localhost:33365/
[rosmaster.master][INFO] 2026-04-07 03:04:19,967: +PUB [/mavros/gpsstatus/gps2/raw] /mavros http://localhost:33365/
[rosmaster.master][INFO] 2026-04-07 03:04:19,967: +PUB [/mavros/gpsstatus/gps1/rtk] /mavros http://localhost:33365/
[rosmaster.master][INFO] 2026-04-07 03:04:19,968: +PUB [/mavros/gpsstatus/gps2/rtk] /mavros http://localhost:33365/
[rosmaster.master][INFO] 2026-04-07 03:04:19,971: +PUB [/move_base_simple/goal] /mavros http://localhost:33365/
[rosmaster.master][INFO] 2026-04-07 03:04:19,973: +SUB [/mavros/global_position/gp_origin] /mavros http://localhost:33365/
[rosmaster.master][INFO] 2026-04-07 03:04:19,974: +PUB [/mavros/home_position/home] /mavros http://localhost:33365/
[rosmaster.master][INFO] 2026-04-07 03:04:19,977: +SUB [/mavros/home_position/set] /mavros http://localhost:33365/
[rosmaster.master][INFO] 2026-04-07 03:04:19,977: +SERVICE [/mavros/home_position/req_update] /mavros http://localhost:33365/
[rosmaster.master][INFO] 2026-04-07 03:04:19,983: +PUB [/mavros/imu/data] /mavros http://localhost:33365/
[rosmaster.master][INFO] 2026-04-07 03:04:19,983: +PUB [/mavros/imu/mag] /mavros http://localhost:33365/
[rosmaster.master][INFO] 2026-04-07 03:04:19,984: +PUB [/mavros/imu/temperature_imu] /mavros http://localhost:33365/
[rosmaster.master][INFO] 2026-04-07 03:04:19,984: +PUB [/mavros/imu/temperature_baro] /mavros http://localhost:33365/
[rosmaster.master][INFO] 2026-04-07 03:04:19,985: +PUB [/mavros/imu/static_pressure] /mavros http://localhost:33365/
[rosmaster.master][INFO] 2026-04-07 03:04:19,985: +PUB [/mavros/imu/diff_pressure] /mavros http://localhost:33365/
[rosmaster.master][INFO] 2026-04-07 03:04:19,986: +PUB [/mavros/imu/data_raw] /mavros http://localhost:33365/
[rosmaster.master][INFO] 2026-04-07 03:04:20,000: +PUB [/mavros/landing_target/pose_in] /mavros http://localhost:33365/
[rosmaster.master][INFO] 2026-04-07 03:04:20,000: +PUB [/mavros/landing_target/lt_marker] /mavros http://localhost:33365/
[rosmaster.master][INFO] 2026-04-07 03:04:20,004: +SUB [/mavros/landing_target/pose] /mavros http://localhost:33365/
[rosmaster.master][INFO] 2026-04-07 03:04:20,008: +PUB [/mavros/local_position/pose] /mavros http://localhost:33365/
[rosmaster.master][INFO] 2026-04-07 03:04:20,009: +PUB [/mavros/local_position/pose_cov] /mavros http://localhost:33365/
[rosmaster.master][INFO] 2026-04-07 03:04:20,009: +PUB [/mavros/local_position/velocity_local] /mavros http://localhost:33365/
[rosmaster.master][INFO] 2026-04-07 03:04:20,010: +PUB [/mavros/local_position/velocity_body] /mavros http://localhost:33365/
[rosmaster.master][INFO] 2026-04-07 03:04:20,010: +PUB [/mavros/local_position/velocity_body_cov] /mavros http://localhost:33365/
[rosmaster.master][INFO] 2026-04-07 03:04:20,010: +PUB [/mavros/local_position/accel] /mavros http://localhost:33365/
[rosmaster.master][INFO] 2026-04-07 03:04:20,011: +PUB [/mavros/local_position/odom] /mavros http://localhost:33365/
[rosmaster.master][INFO] 2026-04-07 03:04:20,012: +PUB [/mavros/log_transfer/raw/log_entry] /mavros http://localhost:33365/
[rosmaster.master][INFO] 2026-04-07 03:04:20,013: +PUB [/mavros/log_transfer/raw/log_data] /mavros http://localhost:33365/
[rosmaster.master][INFO] 2026-04-07 03:04:20,013: +SERVICE [/mavros/log_transfer/raw/log_request_list] /mavros http://localhost:33365/
[rosmaster.master][INFO] 2026-04-07 03:04:20,014: +SERVICE [/mavros/log_transfer/raw/log_request_data] /mavros http://localhost:33365/
[rosmaster.master][INFO] 2026-04-07 03:04:20,015: +SERVICE [/mavros/log_transfer/raw/log_request_end] /mavros http://localhost:33365/
[rosmaster.master][INFO] 2026-04-07 03:04:20,016: +SERVICE [/mavros/log_transfer/raw/log_request_erase] /mavros http://localhost:33365/
[rosmaster.master][INFO] 2026-04-07 03:04:20,016: +PUB [/mavros/mag_calibration/status] /mavros http://localhost:33365/
[rosmaster.master][INFO] 2026-04-07 03:04:20,017: +PUB [/mavros/mag_calibration/report] /mavros http://localhost:33365/
[rosmaster.master][INFO] 2026-04-07 03:04:20,018: +PUB [/mavros/manual_control/control] /mavros http://localhost:33365/
[rosmaster.master][INFO] 2026-04-07 03:04:20,021: +SUB [/mavros/manual_control/send] /mavros http://localhost:33365/
[rosmaster.master][INFO] 2026-04-07 03:04:20,025: +SUB [/mavros/mocap/pose] /mavros http://localhost:33365/
[rosmaster.master][INFO] 2026-04-07 03:04:20,028: +SUB [/mavros/mount_control/command] /mavros http://localhost:33365/
[rosmaster.master][INFO] 2026-04-07 03:04:20,028: +PUB [/mavros/mount_control/orientation] /mavros http://localhost:33365/
[rosmaster.master][INFO] 2026-04-07 03:04:20,029: +PUB [/mavros/mount_control/status] /mavros http://localhost:33365/
[rosmaster.master][INFO] 2026-04-07 03:04:20,030: +SERVICE [/mavros/mount_control/configure] /mavros http://localhost:33365/
[rosmaster.master][INFO] 2026-04-07 03:04:20,035: +PUB [/mavros/nav_controller_output] /mavros http://localhost:33365/
[rosmaster.master][INFO] 2026-04-07 03:04:20,038: +SUB [/mavros/obstacle/send] /mavros http://localhost:33365/
[rosmaster.master][INFO] 2026-04-07 03:04:20,039: +PUB [/mavros/odometry/in] /mavros http://localhost:33365/
[rosmaster.master][INFO] 2026-04-07 03:04:20,040: publisherUpdate[/mavros/home_position/home] -> http://localhost:33365/ ['http://localhost:33365/']
[rosmaster.master][INFO] 2026-04-07 03:04:20,042: +SUB [/mavros/odometry/out] /mavros http://localhost:33365/
[rosmaster.master][INFO] 2026-04-07 03:04:20,043: publisherUpdate[/mavros/home_position/home] -> http://localhost:33365/ ['http://localhost:33365/']: sec=0.00, result=[1, '', 0]
[rosmaster.master][INFO] 2026-04-07 03:04:20,045: +SUB [/mavros/onboard_computer/status] /mavros http://localhost:33365/
[rosmaster.master][INFO] 2026-04-07 03:04:20,046: +SERVICE [/mavros/param/pull] /mavros http://localhost:33365/
[rosmaster.master][INFO] 2026-04-07 03:04:20,047: +SERVICE [/mavros/param/push] /mavros http://localhost:33365/
[rosmaster.master][INFO] 2026-04-07 03:04:20,047: +SERVICE [/mavros/param/set] /mavros http://localhost:33365/
[rosmaster.master][INFO] 2026-04-07 03:04:20,048: +SERVICE [/mavros/param/get] /mavros http://localhost:33365/
[rosmaster.master][INFO] 2026-04-07 03:04:20,049: +PUB [/mavros/param/param_value] /mavros http://localhost:33365/
[rosmaster.master][INFO] 2026-04-07 03:04:20,051: +SUB [/mavros/play_tune] /mavros http://localhost:33365/
[rosmaster.master][INFO] 2026-04-07 03:04:20,053: +PUB [/mavros/rallypoint/waypoints] /mavros http://localhost:33365/
[rosmaster.master][INFO] 2026-04-07 03:04:20,053: +SERVICE [/mavros/rallypoint/pull] /mavros http://localhost:33365/
[rosmaster.master][INFO] 2026-04-07 03:04:20,054: +SERVICE [/mavros/rallypoint/push] /mavros http://localhost:33365/
[rosmaster.master][INFO] 2026-04-07 03:04:20,054: +SERVICE [/mavros/rallypoint/clear] /mavros http://localhost:33365/
[rosmaster.master][INFO] 2026-04-07 03:04:20,055: +PUB [/mavros/rangefinder/rangefinder] /mavros http://localhost:33365/
[rosmaster.master][INFO] 2026-04-07 03:04:20,056: +PUB [/mavros/rc/in] /mavros http://localhost:33365/
[rosmaster.master][INFO] 2026-04-07 03:04:20,056: +PUB [/mavros/rc/out] /mavros http://localhost:33365/
[rosmaster.master][INFO] 2026-04-07 03:04:20,058: +SUB [/mavros/rc/override] /mavros http://localhost:33365/
[rosmaster.master][INFO] 2026-04-07 03:04:20,061: +SUB [/mavros/setpoint_accel/accel] /mavros http://localhost:33365/
[rosmaster.master][INFO] 2026-04-07 03:04:20,067: +SUB [/mavros/setpoint_attitude/thrust] /mavros http://localhost:33365/
[rosmaster.master][INFO] 2026-04-07 03:04:20,069: +SUB [/mavros/setpoint_attitude/cmd_vel] /mavros http://localhost:33365/
[rosmaster.master][INFO] 2026-04-07 03:04:20,079: +SUB [/mavros/setpoint_position/local] /mavros http://localhost:33365/
[rosmaster.master][INFO] 2026-04-07 03:04:20,080: +SUB [/mavros/setpoint_position/global] /mavros http://localhost:33365/
[rosmaster.master][INFO] 2026-04-07 03:04:20,083: +SUB [/mavros/setpoint_position/global_to_local] /mavros http://localhost:33365/
[rosmaster.master][INFO] 2026-04-07 03:04:20,085: +SUB [/mavros/global_position/global] /mavros http://localhost:33365/
[rosmaster.master][INFO] 2026-04-07 03:04:20,087: +SUB [/mavros/local_position/pose] /mavros http://localhost:33365/
[rosmaster.master][INFO] 2026-04-07 03:04:20,087: +SERVICE [/mavros/setpoint_position/mav_frame] /mavros http://localhost:33365/
[rosmaster.master][INFO] 2026-04-07 03:04:20,090: +SUB [/mavros/setpoint_raw/local] /mavros http://localhost:33365/
[rosmaster.master][INFO] 2026-04-07 03:04:20,092: +SUB [/mavros/setpoint_raw/global] /mavros http://localhost:33365/
[rosmaster.master][INFO] 2026-04-07 03:04:20,094: +SUB [/mavros/setpoint_raw/attitude] /mavros http://localhost:33365/
[rosmaster.master][INFO] 2026-04-07 03:04:20,095: +PUB [/mavros/setpoint_raw/target_local] /mavros http://localhost:33365/
[rosmaster.master][INFO] 2026-04-07 03:04:20,095: +PUB [/mavros/setpoint_raw/target_global] /mavros http://localhost:33365/
[rosmaster.master][INFO] 2026-04-07 03:04:20,096: +PUB [/mavros/setpoint_raw/target_attitude] /mavros http://localhost:33365/
[rosmaster.master][INFO] 2026-04-07 03:04:20,099: +SUB [/mavros/setpoint_trajectory/local] /mavros http://localhost:33365/
[rosmaster.master][INFO] 2026-04-07 03:04:20,100: +PUB [/mavros/setpoint_trajectory/desired] /mavros http://localhost:33365/
[rosmaster.master][INFO] 2026-04-07 03:04:20,100: +SERVICE [/mavros/setpoint_trajectory/reset] /mavros http://localhost:33365/
[rosmaster.master][INFO] 2026-04-07 03:04:20,101: +SERVICE [/mavros/setpoint_trajectory/mav_frame] /mavros http://localhost:33365/
[rosmaster.master][INFO] 2026-04-07 03:04:20,104: +SUB [/mavros/setpoint_velocity/cmd_vel] /mavros http://localhost:33365/
[rosmaster.master][INFO] 2026-04-07 03:04:20,107: +SUB [/mavros/setpoint_velocity/cmd_vel_unstamped] /mavros http://localhost:33365/
[rosmaster.master][INFO] 2026-04-07 03:04:20,107: +SERVICE [/mavros/setpoint_velocity/mav_frame] /mavros http://localhost:33365/
[rosmaster.master][INFO] 2026-04-07 03:04:20,116: +PUB [/mavros/state] /mavros http://localhost:33365/
[rosmaster.master][INFO] 2026-04-07 03:04:20,117: +PUB [/mavros/extended_state] /mavros http://localhost:33365/
[rosmaster.master][INFO] 2026-04-07 03:04:20,118: +PUB [/mavros/battery] /mavros http://localhost:33365/
[rosmaster.master][INFO] 2026-04-07 03:04:20,118: +PUB [/mavros/estimator_status] /mavros http://localhost:33365/
[rosmaster.master][INFO] 2026-04-07 03:04:20,119: +PUB [/mavros/statustext/recv] /mavros http://localhost:33365/
[rosmaster.master][INFO] 2026-04-07 03:04:20,119: +PUB [/mavros/sys_status] /mavros http://localhost:33365/
[rosmaster.master][INFO] 2026-04-07 03:04:20,122: +SUB [/mavros/statustext/send] /mavros http://localhost:33365/
[rosmaster.master][INFO] 2026-04-07 03:04:20,123: +SERVICE [/mavros/set_stream_rate] /mavros http://localhost:33365/
[rosmaster.master][INFO] 2026-04-07 03:04:20,124: +SERVICE [/mavros/set_mode] /mavros http://localhost:33365/
[rosmaster.master][INFO] 2026-04-07 03:04:20,124: +SERVICE [/mavros/vehicle_info_get] /mavros http://localhost:33365/
[rosmaster.master][INFO] 2026-04-07 03:04:20,125: +SERVICE [/mavros/set_message_interval] /mavros http://localhost:33365/
[rosmaster.master][INFO] 2026-04-07 03:04:20,133: +PUB [/mavros/time_reference] /mavros http://localhost:33365/
[rosmaster.master][INFO] 2026-04-07 03:04:20,133: +PUB [/mavros/timesync_status] /mavros http://localhost:33365/
[rosmaster.master][INFO] 2026-04-07 03:04:20,134: +PUB [/mavros/terrain/report] /mavros http://localhost:33365/
[rosmaster.master][INFO] 2026-04-07 03:04:20,137: +SUB [/mavros/trajectory/generated] /mavros http://localhost:33365/
[rosmaster.master][INFO] 2026-04-07 03:04:20,139: +SUB [/mavros/trajectory/path] /mavros http://localhost:33365/
[rosmaster.master][INFO] 2026-04-07 03:04:20,140: +PUB [/mavros/trajectory/desired] /mavros http://localhost:33365/
[rosmaster.master][INFO] 2026-04-07 03:04:20,143: +SUB [/mavros/tunnel/in] /mavros http://localhost:33365/
[rosmaster.master][INFO] 2026-04-07 03:04:20,143: +PUB [/mavros/tunnel/out] /mavros http://localhost:33365/
[rosmaster.master][INFO] 2026-04-07 03:04:20,144: +PUB [/mavros/vfr_hud] /mavros http://localhost:33365/
[rosmaster.master][INFO] 2026-04-07 03:04:20,150: +SUB [/mavros/vision_pose/pose] /mavros http://localhost:33365/
[rosmaster.master][INFO] 2026-04-07 03:04:20,152: +SUB [/mavros/vision_pose/pose_cov] /mavros http://localhost:33365/
[rosmaster.master][INFO] 2026-04-07 03:04:20,154: +PUB [/mavros/mission/waypoints] /mavros http://localhost:33365/
[rosmaster.master][INFO] 2026-04-07 03:04:20,155: +SERVICE [/mavros/mission/pull] /mavros http://localhost:33365/
[rosmaster.master][INFO] 2026-04-07 03:04:20,155: +SERVICE [/mavros/mission/push] /mavros http://localhost:33365/
[rosmaster.master][INFO] 2026-04-07 03:04:20,156: +SERVICE [/mavros/mission/clear] /mavros http://localhost:33365/
[rosmaster.master][INFO] 2026-04-07 03:04:20,156: +PUB [/mavros/mission/reached] /mavros http://localhost:33365/
[rosmaster.master][INFO] 2026-04-07 03:04:20,157: +SERVICE [/mavros/mission/set_current] /mavros http://localhost:33365/
[rosmaster.master][INFO] 2026-04-07 03:04:20,158: +PUB [/mavros/wind_estimation] /mavros http://localhost:33365/
[rosmaster.master][INFO] 2026-04-07 03:04:21,160: +PUB [/mavlink/gcs_ip] /mavros http://localhost:33365/
[rosmaster.master][INFO] 2026-04-07 03:07:46,717: +PUB [/rosout] /uav_experiment_clean http://localhost:44485/
[rosmaster.master][INFO] 2026-04-07 03:07:46,720: +SERVICE [/uav_experiment_clean/get_loggers] /uav_experiment_clean http://localhost:44485/
[rosmaster.master][INFO] 2026-04-07 03:07:46,721: +SERVICE [/uav_experiment_clean/set_logger_level] /uav_experiment_clean http://localhost:44485/
[rosmaster.master][INFO] 2026-04-07 03:07:46,722: +PUB [/mavros/setpoint_velocity/cmd_vel] /uav_experiment_clean http://localhost:44485/
[rosmaster.master][INFO] 2026-04-07 03:07:46,723: +PUB [/mavros/setpoint_position/local] /uav_experiment_clean http://localhost:44485/
[rosmaster.master][INFO] 2026-04-07 03:07:46,724: +SUB [/mavros/battery] /uav_experiment_clean http://localhost:44485/
[rosmaster.master][INFO] 2026-04-07 03:07:46,726: +SUB [/mavros/local_position/velocity_local] /uav_experiment_clean http://localhost:44485/
[rosmaster.master][INFO] 2026-04-07 03:07:46,734: publisherUpdate[/rosout] -> http://localhost:33201/ ['http://localhost:33365/', 'http://localhost:44485/']
[rosmaster.master][INFO] 2026-04-07 03:07:46,735: publisherUpdate[/rosout] -> http://localhost:33201/ ['http://localhost:33365/', 'http://localhost:44485/']: sec=0.00, result=[1, '', 0]
[rosmaster.master][INFO] 2026-04-07 03:07:46,735: publisherUpdate[/mavros/setpoint_velocity/cmd_vel] -> http://localhost:33365/ ['http://localhost:44485/']
[rosmaster.master][INFO] 2026-04-07 03:07:46,736: publisherUpdate[/mavros/setpoint_velocity/cmd_vel] -> http://localhost:33365/ ['http://localhost:44485/']: sec=0.00, result=[1, '', 0]
[rosmaster.master][INFO] 2026-04-07 03:07:46,736: publisherUpdate[/mavros/setpoint_position/local] -> http://localhost:33365/ ['http://localhost:44485/']
[rosmaster.master][INFO] 2026-04-07 03:07:46,737: publisherUpdate[/mavros/setpoint_position/local] -> http://localhost:33365/ ['http://localhost:44485/']: sec=0.00, result=[1, '', 0]
[rosmaster.master][INFO] 2026-04-07 03:13:21,732: -SUB [/mavros/battery] /uav_experiment_clean http://localhost:44485/
[rosmaster.master][INFO] 2026-04-07 03:13:21,733: -SUB [/mavros/local_position/velocity_local] /uav_experiment_clean http://localhost:44485/
[rosmaster.master][INFO] 2026-04-07 03:13:21,733: -PUB [/rosout] /uav_experiment_clean http://localhost:44485/
[rosmaster.master][INFO] 2026-04-07 03:13:21,733: -PUB [/mavros/setpoint_velocity/cmd_vel] /uav_experiment_clean http://localhost:44485/
[rosmaster.master][INFO] 2026-04-07 03:13:21,733: -PUB [/mavros/setpoint_position/local] /uav_experiment_clean http://localhost:44485/
[rosmaster.master][INFO] 2026-04-07 03:13:21,733: -SERVICE [/uav_experiment_clean/get_loggers] /uav_experiment_clean rosrpc://localhost:35399
[rosmaster.master][INFO] 2026-04-07 03:13:21,733: -SERVICE [/uav_experiment_clean/set_logger_level] /uav_experiment_clean rosrpc://localhost:35399
[rosmaster.master][INFO] 2026-04-07 03:13:21,749: publisherUpdate[/rosout] -> http://localhost:33201/ ['http://localhost:33365/']
[rosmaster.master][INFO] 2026-04-07 03:13:21,750: publisherUpdate[/rosout] -> http://localhost:33201/ ['http://localhost:33365/']: sec=0.00, result=[1, '', 0]
[rosmaster.master][INFO] 2026-04-07 03:13:21,750: publisherUpdate[/mavros/setpoint_velocity/cmd_vel] -> http://localhost:33365/ []
[rosmaster.master][INFO] 2026-04-07 03:13:21,751: publisherUpdate[/mavros/setpoint_velocity/cmd_vel] -> http://localhost:33365/ []: sec=0.00, result=[1, '', 0]
[rosmaster.master][INFO] 2026-04-07 03:13:21,751: publisherUpdate[/mavros/setpoint_position/local] -> http://localhost:33365/ []
[rosmaster.master][INFO] 2026-04-07 03:13:21,752: publisherUpdate[/mavros/setpoint_position/local] -> http://localhost:33365/ []: sec=0.00, result=[1, '', 0]
[rosmaster.master][INFO] 2026-04-07 03:13:54,925: -PUB [/rosout_agg] /rosout http://localhost:33201/
[rosmaster.master][INFO] 2026-04-07 03:13:54,926: -SUB [/rosout] /rosout http://localhost:33201/
[rosmaster.master][INFO] 2026-04-07 03:13:54,927: -SERVICE [/rosout/get_loggers] /rosout rosrpc://localhost:41557
[rosmaster.master][INFO] 2026-04-07 03:13:54,928: -SERVICE [/rosout/set_logger_level] /rosout rosrpc://localhost:41557
[rosmaster.master][INFO] 2026-04-07 03:13:54,929: -CACHEDPARAM [/rosout/omit_topics] by /rosout
[rosmaster.main][INFO] 2026-04-07 03:13:54,974: keyboard interrupt, will exit
[rosmaster.main][INFO] 2026-04-07 03:13:54,975: stopping master...
[rospy.core][INFO] 2026-04-07 03:13:54,975: signal_shutdown [atexit]
