[rosmaster.main][INFO] 2026-06-18 16:04:52,001: initialization complete, waiting for shutdown
[rosmaster.main][INFO] 2026-06-18 16:04:52,001: Starting ROS Master Node
[xmlrpc][INFO] 2026-06-18 16:04:52,002: XML-RPC server binding to 127.0.0.1:11311
[xmlrpc][INFO] 2026-06-18 16:04:52,002: Started XML-RPC server [http://localhost:11311/]
[xmlrpc][INFO] 2026-06-18 16:04:52,002: xml rpc node: starting XML-RPC server
[rosmaster.master][INFO] 2026-06-18 16:04:52,002: Master initialized: port[11311], uri[http://localhost:11311/]
[rosmaster.master][INFO] 2026-06-18 16:04:52,077: +PARAM [/run_id] by /roslaunch
[rosmaster.master][INFO] 2026-06-18 16:04:52,078: +PARAM [/roslaunch/uris/host_localhost__33409] by /roslaunch
[rosmaster.master][INFO] 2026-06-18 16:04:52,104: +PARAM [/rosversion] by /roslaunch
[rosmaster.master][INFO] 2026-06-18 16:04:52,104: +PARAM [/rosdistro] by /roslaunch
[rosmaster.master][INFO] 2026-06-18 16:04:52,148: +SERVICE [/rosout/get_loggers] /rosout http://localhost:39695/
[rosmaster.master][INFO] 2026-06-18 16:04:52,148: +SERVICE [/rosout/set_logger_level] /rosout http://localhost:39695/
[rosmaster.master][INFO] 2026-06-18 16:04:52,149: +PUB [/rosout_agg] /rosout http://localhost:39695/
[rosmaster.master][INFO] 2026-06-18 16:04:52,150: +SUB [/rosout] /rosout http://localhost:39695/
[rosmaster.master][INFO] 2026-06-18 16:05:06,502: +PARAM [/roslaunch/uris/host_localhost__44061] by /roslaunch
[rosmaster.master][INFO] 2026-06-18 16:05:06,506: +PARAM [/rosversion] by /roslaunch
[rosmaster.master][INFO] 2026-06-18 16:05:06,506: +PARAM [/rosdistro] by /roslaunch
[rosmaster.master][INFO] 2026-06-18 16:05:06,506: +PARAM [/mavros/plugin_blacklist] by /roslaunch
[rosmaster.master][INFO] 2026-06-18 16:05:06,506: +PARAM [/mavros/plugin_whitelist] by /roslaunch
[rosmaster.master][INFO] 2026-06-18 16:05:06,506: +PARAM [/mavros/startup_px4_usb_quirk] by /roslaunch
[rosmaster.master][INFO] 2026-06-18 16:05:06,506: +PARAM [/mavros/conn/heartbeat_rate] by /roslaunch
[rosmaster.master][INFO] 2026-06-18 16:05:06,506: +PARAM [/mavros/conn/heartbeat_mav_type] by /roslaunch
[rosmaster.master][INFO] 2026-06-18 16:05:06,506: +PARAM [/mavros/conn/timeout] by /roslaunch
[rosmaster.master][INFO] 2026-06-18 16:05:06,506: +PARAM [/mavros/conn/timesync_rate] by /roslaunch
[rosmaster.master][INFO] 2026-06-18 16:05:06,506: +PARAM [/mavros/conn/system_time_rate] by /roslaunch
[rosmaster.master][INFO] 2026-06-18 16:05:06,506: +PARAM [/mavros/sys/min_voltage] by /roslaunch
[rosmaster.master][INFO] 2026-06-18 16:05:06,506: +PARAM [/mavros/sys/disable_diag] by /roslaunch
[rosmaster.master][INFO] 2026-06-18 16:05:06,506: +PARAM [/mavros/time/time_ref_source] by /roslaunch
[rosmaster.master][INFO] 2026-06-18 16:05:06,506: +PARAM [/mavros/time/timesync_mode] by /roslaunch
[rosmaster.master][INFO] 2026-06-18 16:05:06,506: +PARAM [/mavros/time/timesync_avg_alpha] by /roslaunch
[rosmaster.master][INFO] 2026-06-18 16:05:06,507: +PARAM [/mavros/tdr_radio/low_rssi] by /roslaunch
[rosmaster.master][INFO] 2026-06-18 16:05:06,507: +PARAM [/mavros/cmd/use_comp_id_system_control] by /roslaunch
[rosmaster.master][INFO] 2026-06-18 16:05:06,507: +PARAM [/mavros/global_position/frame_id] by /roslaunch
[rosmaster.master][INFO] 2026-06-18 16:05:06,507: +PARAM [/mavros/global_position/child_frame_id] by /roslaunch
[rosmaster.master][INFO] 2026-06-18 16:05:06,507: +PARAM [/mavros/global_position/rot_covariance] by /roslaunch
[rosmaster.master][INFO] 2026-06-18 16:05:06,507: +PARAM [/mavros/global_position/gps_uere] by /roslaunch
[rosmaster.master][INFO] 2026-06-18 16:05:06,507: +PARAM [/mavros/global_position/use_relative_alt] by /roslaunch
[rosmaster.master][INFO] 2026-06-18 16:05:06,507: +PARAM [/mavros/global_position/tf/send] by /roslaunch
[rosmaster.master][INFO] 2026-06-18 16:05:06,507: +PARAM [/mavros/global_position/tf/frame_id] by /roslaunch
[rosmaster.master][INFO] 2026-06-18 16:05:06,507: +PARAM [/mavros/global_position/tf/global_frame_id] by /roslaunch
[rosmaster.master][INFO] 2026-06-18 16:05:06,508: +PARAM [/mavros/global_position/tf/child_frame_id] by /roslaunch
[rosmaster.master][INFO] 2026-06-18 16:05:06,508: +PARAM [/mavros/imu/frame_id] by /roslaunch
[rosmaster.master][INFO] 2026-06-18 16:05:06,508: +PARAM [/mavros/imu/linear_acceleration_stdev] by /roslaunch
[rosmaster.master][INFO] 2026-06-18 16:05:06,508: +PARAM [/mavros/imu/angular_velocity_stdev] by /roslaunch
[rosmaster.master][INFO] 2026-06-18 16:05:06,508: +PARAM [/mavros/imu/orientation_stdev] by /roslaunch
[rosmaster.master][INFO] 2026-06-18 16:05:06,508: +PARAM [/mavros/imu/magnetic_stdev] by /roslaunch
[rosmaster.master][INFO] 2026-06-18 16:05:06,508: +PARAM [/mavros/local_position/frame_id] by /roslaunch
[rosmaster.master][INFO] 2026-06-18 16:05:06,508: +PARAM [/mavros/local_position/tf/send] by /roslaunch
[rosmaster.master][INFO] 2026-06-18 16:05:06,508: +PARAM [/mavros/local_position/tf/frame_id] by /roslaunch
[rosmaster.master][INFO] 2026-06-18 16:05:06,508: +PARAM [/mavros/local_position/tf/child_frame_id] by /roslaunch
[rosmaster.master][INFO] 2026-06-18 16:05:06,508: +PARAM [/mavros/local_position/tf/send_fcu] by /roslaunch
[rosmaster.master][INFO] 2026-06-18 16:05:06,508: +PARAM [/mavros/safety_area/p1/x] by /roslaunch
[rosmaster.master][INFO] 2026-06-18 16:05:06,508: +PARAM [/mavros/safety_area/p1/y] by /roslaunch
[rosmaster.master][INFO] 2026-06-18 16:05:06,508: +PARAM [/mavros/safety_area/p1/z] by /roslaunch
[rosmaster.master][INFO] 2026-06-18 16:05:06,508: +PARAM [/mavros/safety_area/p2/x] by /roslaunch
[rosmaster.master][INFO] 2026-06-18 16:05:06,508: +PARAM [/mavros/safety_area/p2/y] by /roslaunch
[rosmaster.master][INFO] 2026-06-18 16:05:06,508: +PARAM [/mavros/safety_area/p2/z] by /roslaunch
[rosmaster.master][INFO] 2026-06-18 16:05:06,508: +PARAM [/mavros/setpoint_accel/send_force] by /roslaunch
[rosmaster.master][INFO] 2026-06-18 16:05:06,508: +PARAM [/mavros/setpoint_attitude/reverse_thrust] by /roslaunch
[rosmaster.master][INFO] 2026-06-18 16:05:06,508: +PARAM [/mavros/setpoint_attitude/use_quaternion] by /roslaunch
[rosmaster.master][INFO] 2026-06-18 16:05:06,508: +PARAM [/mavros/setpoint_attitude/tf/listen] by /roslaunch
[rosmaster.master][INFO] 2026-06-18 16:05:06,508: +PARAM [/mavros/setpoint_attitude/tf/frame_id] by /roslaunch
[rosmaster.master][INFO] 2026-06-18 16:05:06,508: +PARAM [/mavros/setpoint_attitude/tf/child_frame_id] by /roslaunch
[rosmaster.master][INFO] 2026-06-18 16:05:06,508: +PARAM [/mavros/setpoint_attitude/tf/rate_limit] by /roslaunch
[rosmaster.master][INFO] 2026-06-18 16:05:06,508: +PARAM [/mavros/setpoint_raw/thrust_scaling] by /roslaunch
[rosmaster.master][INFO] 2026-06-18 16:05:06,508: +PARAM [/mavros/setpoint_position/tf/listen] by /roslaunch
[rosmaster.master][INFO] 2026-06-18 16:05:06,508: +PARAM [/mavros/setpoint_position/tf/frame_id] by /roslaunch
[rosmaster.master][INFO] 2026-06-18 16:05:06,508: +PARAM [/mavros/setpoint_position/tf/child_frame_id] by /roslaunch
[rosmaster.master][INFO] 2026-06-18 16:05:06,508: +PARAM [/mavros/setpoint_position/tf/rate_limit] by /roslaunch
[rosmaster.master][INFO] 2026-06-18 16:05:06,508: +PARAM [/mavros/setpoint_position/mav_frame] by /roslaunch
[rosmaster.master][INFO] 2026-06-18 16:05:06,508: +PARAM [/mavros/guided_target/tf/listen] by /roslaunch
[rosmaster.master][INFO] 2026-06-18 16:05:06,508: +PARAM [/mavros/guided_target/tf/frame_id] by /roslaunch
[rosmaster.master][INFO] 2026-06-18 16:05:06,508: +PARAM [/mavros/guided_target/tf/child_frame_id] by /roslaunch
[rosmaster.master][INFO] 2026-06-18 16:05:06,508: +PARAM [/mavros/guided_target/tf/rate_limit] by /roslaunch
[rosmaster.master][INFO] 2026-06-18 16:05:06,508: +PARAM [/mavros/setpoint_velocity/mav_frame] by /roslaunch
[rosmaster.master][INFO] 2026-06-18 16:05:06,508: +PARAM [/mavros/mission/pull_after_gcs] by /roslaunch
[rosmaster.master][INFO] 2026-06-18 16:05:06,508: +PARAM [/mavros/mission/use_mission_item_int] by /roslaunch
[rosmaster.master][INFO] 2026-06-18 16:05:06,508: +PARAM [/mavros/distance_sensor/rangefinder_pub/id] by /roslaunch
[rosmaster.master][INFO] 2026-06-18 16:05:06,508: +PARAM [/mavros/distance_sensor/rangefinder_pub/frame_id] by /roslaunch
[rosmaster.master][INFO] 2026-06-18 16:05:06,508: +PARAM [/mavros/distance_sensor/rangefinder_pub/field_of_view] by /roslaunch
[rosmaster.master][INFO] 2026-06-18 16:05:06,508: +PARAM [/mavros/distance_sensor/rangefinder_pub/send_tf] by /roslaunch
[rosmaster.master][INFO] 2026-06-18 16:05:06,508: +PARAM [/mavros/distance_sensor/rangefinder_pub/sensor_position/x] by /roslaunch
[rosmaster.master][INFO] 2026-06-18 16:05:06,508: +PARAM [/mavros/distance_sensor/rangefinder_pub/sensor_position/y] by /roslaunch
[rosmaster.master][INFO] 2026-06-18 16:05:06,508: +PARAM [/mavros/distance_sensor/rangefinder_pub/sensor_position/z] by /roslaunch
[rosmaster.master][INFO] 2026-06-18 16:05:06,508: +PARAM [/mavros/distance_sensor/rangefinder_sub/subscriber] by /roslaunch
[rosmaster.master][INFO] 2026-06-18 16:05:06,508: +PARAM [/mavros/distance_sensor/rangefinder_sub/id] by /roslaunch
[rosmaster.master][INFO] 2026-06-18 16:05:06,509: +PARAM [/mavros/distance_sensor/rangefinder_sub/orientation] by /roslaunch
[rosmaster.master][INFO] 2026-06-18 16:05:06,509: +PARAM [/mavros/image/frame_id] by /roslaunch
[rosmaster.master][INFO] 2026-06-18 16:05:06,509: +PARAM [/mavros/fake_gps/use_mocap] by /roslaunch
[rosmaster.master][INFO] 2026-06-18 16:05:06,509: +PARAM [/mavros/fake_gps/mocap_transform] by /roslaunch
[rosmaster.master][INFO] 2026-06-18 16:05:06,509: +PARAM [/mavros/fake_gps/mocap_withcovariance] by /roslaunch
[rosmaster.master][INFO] 2026-06-18 16:05:06,509: +PARAM [/mavros/fake_gps/use_vision] by /roslaunch
[rosmaster.master][INFO] 2026-06-18 16:05:06,509: +PARAM [/mavros/fake_gps/use_hil_gps] by /roslaunch
[rosmaster.master][INFO] 2026-06-18 16:05:06,509: +PARAM [/mavros/fake_gps/gps_id] by /roslaunch
[rosmaster.master][INFO] 2026-06-18 16:05:06,509: +PARAM [/mavros/fake_gps/geo_origin/lat] by /roslaunch
[rosmaster.master][INFO] 2026-06-18 16:05:06,509: +PARAM [/mavros/fake_gps/geo_origin/lon] by /roslaunch
[rosmaster.master][INFO] 2026-06-18 16:05:06,509: +PARAM [/mavros/fake_gps/geo_origin/alt] by /roslaunch
[rosmaster.master][INFO] 2026-06-18 16:05:06,509: +PARAM [/mavros/fake_gps/eph] by /roslaunch
[rosmaster.master][INFO] 2026-06-18 16:05:06,509: +PARAM [/mavros/fake_gps/epv] by /roslaunch
[rosmaster.master][INFO] 2026-06-18 16:05:06,509: +PARAM [/mavros/fake_gps/horiz_accuracy] by /roslaunch
[rosmaster.master][INFO] 2026-06-18 16:05:06,509: +PARAM [/mavros/fake_gps/vert_accuracy] by /roslaunch
[rosmaster.master][INFO] 2026-06-18 16:05:06,509: +PARAM [/mavros/fake_gps/speed_accuracy] by /roslaunch
[rosmaster.master][INFO] 2026-06-18 16:05:06,509: +PARAM [/mavros/fake_gps/satellites_visible] by /roslaunch
[rosmaster.master][INFO] 2026-06-18 16:05:06,509: +PARAM [/mavros/fake_gps/fix_type] by /roslaunch
[rosmaster.master][INFO] 2026-06-18 16:05:06,509: +PARAM [/mavros/fake_gps/tf/listen] by /roslaunch
[rosmaster.master][INFO] 2026-06-18 16:05:06,509: +PARAM [/mavros/fake_gps/tf/send] by /roslaunch
[rosmaster.master][INFO] 2026-06-18 16:05:06,509: +PARAM [/mavros/fake_gps/tf/frame_id] by /roslaunch
[rosmaster.master][INFO] 2026-06-18 16:05:06,509: +PARAM [/mavros/fake_gps/tf/child_frame_id] by /roslaunch
[rosmaster.master][INFO] 2026-06-18 16:05:06,509: +PARAM [/mavros/fake_gps/tf/rate_limit] by /roslaunch
[rosmaster.master][INFO] 2026-06-18 16:05:06,509: +PARAM [/mavros/fake_gps/gps_rate] by /roslaunch
[rosmaster.master][INFO] 2026-06-18 16:05:06,509: +PARAM [/mavros/landing_target/listen_lt] by /roslaunch
[rosmaster.master][INFO] 2026-06-18 16:05:06,509: +PARAM [/mavros/landing_target/mav_frame] by /roslaunch
[rosmaster.master][INFO] 2026-06-18 16:05:06,509: +PARAM [/mavros/landing_target/land_target_type] by /roslaunch
[rosmaster.master][INFO] 2026-06-18 16:05:06,509: +PARAM [/mavros/landing_target/image/width] by /roslaunch
[rosmaster.master][INFO] 2026-06-18 16:05:06,509: +PARAM [/mavros/landing_target/image/height] by /roslaunch
[rosmaster.master][INFO] 2026-06-18 16:05:06,509: +PARAM [/mavros/landing_target/camera/fov_x] by /roslaunch
[rosmaster.master][INFO] 2026-06-18 16:05:06,509: +PARAM [/mavros/landing_target/camera/fov_y] by /roslaunch
[rosmaster.master][INFO] 2026-06-18 16:05:06,509: +PARAM [/mavros/landing_target/tf/send] by /roslaunch
[rosmaster.master][INFO] 2026-06-18 16:05:06,509: +PARAM [/mavros/landing_target/tf/listen] by /roslaunch
[rosmaster.master][INFO] 2026-06-18 16:05:06,509: +PARAM [/mavros/landing_target/tf/frame_id] by /roslaunch
[rosmaster.master][INFO] 2026-06-18 16:05:06,509: +PARAM [/mavros/landing_target/tf/child_frame_id] by /roslaunch
[rosmaster.master][INFO] 2026-06-18 16:05:06,509: +PARAM [/mavros/landing_target/tf/rate_limit] by /roslaunch
[rosmaster.master][INFO] 2026-06-18 16:05:06,509: +PARAM [/mavros/landing_target/target_size/x] by /roslaunch
[rosmaster.master][INFO] 2026-06-18 16:05:06,509: +PARAM [/mavros/landing_target/target_size/y] by /roslaunch
[rosmaster.master][INFO] 2026-06-18 16:05:06,509: +PARAM [/mavros/mocap/use_tf] by /roslaunch
[rosmaster.master][INFO] 2026-06-18 16:05:06,509: +PARAM [/mavros/mocap/use_pose] by /roslaunch
[rosmaster.master][INFO] 2026-06-18 16:05:06,509: +PARAM [/mavros/mount/debounce_s] by /roslaunch
[rosmaster.master][INFO] 2026-06-18 16:05:06,509: +PARAM [/mavros/mount/err_threshold_deg] by /roslaunch
[rosmaster.master][INFO] 2026-06-18 16:05:06,509: +PARAM [/mavros/mount/negate_measured_roll] by /roslaunch
[rosmaster.master][INFO] 2026-06-18 16:05:06,509: +PARAM [/mavros/mount/negate_measured_pitch] by /roslaunch
[rosmaster.master][INFO] 2026-06-18 16:05:06,509: +PARAM [/mavros/mount/negate_measured_yaw] by /roslaunch
[rosmaster.master][INFO] 2026-06-18 16:05:06,509: +PARAM [/mavros/odometry/frame_tf/desired_frame] by /roslaunch
[rosmaster.master][INFO] 2026-06-18 16:05:06,509: +PARAM [/mavros/odometry/estimator_type] by /roslaunch
[rosmaster.master][INFO] 2026-06-18 16:05:06,509: +PARAM [/mavros/px4flow/frame_id] by /roslaunch
[rosmaster.master][INFO] 2026-06-18 16:05:06,510: +PARAM [/mavros/px4flow/ranger_fov] by /roslaunch
[rosmaster.master][INFO] 2026-06-18 16:05:06,510: +PARAM [/mavros/px4flow/ranger_min_range] by /roslaunch
[rosmaster.master][INFO] 2026-06-18 16:05:06,510: +PARAM [/mavros/px4flow/ranger_max_range] by /roslaunch
[rosmaster.master][INFO] 2026-06-18 16:05:06,510: +PARAM [/mavros/vision_pose/tf/listen] by /roslaunch
[rosmaster.master][INFO] 2026-06-18 16:05:06,510: +PARAM [/mavros/vision_pose/tf/frame_id] by /roslaunch
[rosmaster.master][INFO] 2026-06-18 16:05:06,510: +PARAM [/mavros/vision_pose/tf/child_frame_id] by /roslaunch
[rosmaster.master][INFO] 2026-06-18 16:05:06,510: +PARAM [/mavros/vision_pose/tf/rate_limit] by /roslaunch
[rosmaster.master][INFO] 2026-06-18 16:05:06,510: +PARAM [/mavros/vision_speed/listen_twist] by /roslaunch
[rosmaster.master][INFO] 2026-06-18 16:05:06,510: +PARAM [/mavros/vision_speed/twist_cov] by /roslaunch
[rosmaster.master][INFO] 2026-06-18 16:05:06,510: +PARAM [/mavros/vibration/frame_id] by /roslaunch
[rosmaster.master][INFO] 2026-06-18 16:05:06,510: +PARAM [/mavros/wheel_odometry/count] by /roslaunch
[rosmaster.master][INFO] 2026-06-18 16:05:06,510: +PARAM [/mavros/wheel_odometry/use_rpm] by /roslaunch
[rosmaster.master][INFO] 2026-06-18 16:05:06,510: +PARAM [/mavros/wheel_odometry/wheel0/x] by /roslaunch
[rosmaster.master][INFO] 2026-06-18 16:05:06,510: +PARAM [/mavros/wheel_odometry/wheel0/y] by /roslaunch
[rosmaster.master][INFO] 2026-06-18 16:05:06,510: +PARAM [/mavros/wheel_odometry/wheel0/radius] by /roslaunch
[rosmaster.master][INFO] 2026-06-18 16:05:06,510: +PARAM [/mavros/wheel_odometry/wheel1/x] by /roslaunch
[rosmaster.master][INFO] 2026-06-18 16:05:06,510: +PARAM [/mavros/wheel_odometry/wheel1/y] by /roslaunch
[rosmaster.master][INFO] 2026-06-18 16:05:06,510: +PARAM [/mavros/wheel_odometry/wheel1/radius] by /roslaunch
[rosmaster.master][INFO] 2026-06-18 16:05:06,510: +PARAM [/mavros/wheel_odometry/send_raw] by /roslaunch
[rosmaster.master][INFO] 2026-06-18 16:05:06,510: +PARAM [/mavros/wheel_odometry/send_twist] by /roslaunch
[rosmaster.master][INFO] 2026-06-18 16:05:06,510: +PARAM [/mavros/wheel_odometry/frame_id] by /roslaunch
[rosmaster.master][INFO] 2026-06-18 16:05:06,510: +PARAM [/mavros/wheel_odometry/child_frame_id] by /roslaunch
[rosmaster.master][INFO] 2026-06-18 16:05:06,510: +PARAM [/mavros/wheel_odometry/vel_error] by /roslaunch
[rosmaster.master][INFO] 2026-06-18 16:05:06,510: +PARAM [/mavros/wheel_odometry/tf/send] by /roslaunch
[rosmaster.master][INFO] 2026-06-18 16:05:06,510: +PARAM [/mavros/wheel_odometry/tf/frame_id] by /roslaunch
[rosmaster.master][INFO] 2026-06-18 16:05:06,510: +PARAM [/mavros/wheel_odometry/tf/child_frame_id] by /roslaunch
[rosmaster.master][INFO] 2026-06-18 16:05:06,510: +PARAM [/mavros/fcu_url] by /roslaunch
[rosmaster.master][INFO] 2026-06-18 16:05:06,510: +PARAM [/mavros/gcs_url] by /roslaunch
[rosmaster.master][INFO] 2026-06-18 16:05:06,510: +PARAM [/mavros/target_system_id] by /roslaunch
[rosmaster.master][INFO] 2026-06-18 16:05:06,510: +PARAM [/mavros/target_component_id] by /roslaunch
[rosmaster.master][INFO] 2026-06-18 16:05:06,510: +PARAM [/mavros/fcu_protocol] by /roslaunch
[rosmaster.master][INFO] 2026-06-18 16:05:06,594: +PUB [/rosout] /mavros http://localhost:45765/
[rosmaster.master][INFO] 2026-06-18 16:05:06,594: +SERVICE [/mavros/get_loggers] /mavros http://localhost:45765/
[rosmaster.master][INFO] 2026-06-18 16:05:06,594: +SERVICE [/mavros/set_logger_level] /mavros http://localhost:45765/
[rosmaster.master][INFO] 2026-06-18 16:05:06,595: +PUB [/diagnostics] /mavros http://localhost:45765/
[rosmaster.master][INFO] 2026-06-18 16:05:06,595: +CACHEDPARAM [/mavros/diagnostic_period] by /mavros
[rosmaster.master][INFO] 2026-06-18 16:05:06,603: +SUB [/tf] /mavros http://localhost:45765/
[rosmaster.master][INFO] 2026-06-18 16:05:06,604: +SUB [/tf_static] /mavros http://localhost:45765/
[rosmaster.master][INFO] 2026-06-18 16:05:06,604: +PUB [/tf] /mavros http://localhost:45765/
[rosmaster.master][INFO] 2026-06-18 16:05:06,605: +PUB [/tf_static] /mavros http://localhost:45765/
[rosmaster.master][INFO] 2026-06-18 16:05:06,631: publisherUpdate[/rosout] -> http://localhost:39695/ ['http://localhost:45765/']
[rosmaster.master][INFO] 2026-06-18 16:05:06,633: publisherUpdate[/rosout] -> http://localhost:39695/ ['http://localhost:45765/']: sec=0.00, result=[1, '', 0]
[rosmaster.master][INFO] 2026-06-18 16:05:06,633: publisherUpdate[/tf] -> http://localhost:45765/ ['http://localhost:45765/']
[rosmaster.master][INFO] 2026-06-18 16:05:06,634: publisherUpdate[/tf] -> http://localhost:45765/ ['http://localhost:45765/']: sec=0.00, result=[1, '', 0]
[rosmaster.master][INFO] 2026-06-18 16:05:06,634: publisherUpdate[/tf_static] -> http://localhost:45765/ ['http://localhost:45765/']
[rosmaster.master][INFO] 2026-06-18 16:05:06,634: publisherUpdate[/tf_static] -> http://localhost:45765/ ['http://localhost:45765/']: sec=0.00, result=[1, '', 0]
[rosmaster.master][INFO] 2026-06-18 16:05:06,648: +CACHEDPARAM [/rosout_disable_topics_generation] by /mavros
[rosmaster.master][INFO] 2026-06-18 16:05:06,651: +PUB [/mavlink/from] /mavros http://localhost:45765/
[rosmaster.master][INFO] 2026-06-18 16:05:06,652: +SUB [/mavlink/to] /mavros http://localhost:45765/
[rosmaster.master][INFO] 2026-06-18 16:05:06,697: +PUB [/mavros/radio_status] /mavros http://localhost:45765/
[rosmaster.master][INFO] 2026-06-18 16:05:06,734: +PUB [/mavros/adsb/vehicle] /mavros http://localhost:45765/
[rosmaster.master][INFO] 2026-06-18 16:05:06,735: +SUB [/mavros/adsb/send] /mavros http://localhost:45765/
[rosmaster.master][INFO] 2026-06-18 16:05:06,736: +PUB [/mavros/cam_imu_sync/cam_imu_stamp] /mavros http://localhost:45765/
[rosmaster.master][INFO] 2026-06-18 16:05:06,736: +PUB [/mavros/camera/image_captured] /mavros http://localhost:45765/
[rosmaster.master][INFO] 2026-06-18 16:05:06,737: +SUB [/mavros/cellular_status/status] /mavros http://localhost:45765/
[rosmaster.master][INFO] 2026-06-18 16:05:06,739: +SERVICE [/mavros/cmd/command] /mavros http://localhost:45765/
[rosmaster.master][INFO] 2026-06-18 16:05:06,739: +SERVICE [/mavros/cmd/command_ack] /mavros http://localhost:45765/
[rosmaster.master][INFO] 2026-06-18 16:05:06,739: +SERVICE [/mavros/cmd/command_int] /mavros http://localhost:45765/
[rosmaster.master][INFO] 2026-06-18 16:05:06,740: +SERVICE [/mavros/cmd/arming] /mavros http://localhost:45765/
[rosmaster.master][INFO] 2026-06-18 16:05:06,740: +SERVICE [/mavros/cmd/set_home] /mavros http://localhost:45765/
[rosmaster.master][INFO] 2026-06-18 16:05:06,740: +SERVICE [/mavros/cmd/takeoff] /mavros http://localhost:45765/
[rosmaster.master][INFO] 2026-06-18 16:05:06,741: +SERVICE [/mavros/cmd/land] /mavros http://localhost:45765/
[rosmaster.master][INFO] 2026-06-18 16:05:06,741: +SERVICE [/mavros/cmd/trigger_control] /mavros http://localhost:45765/
[rosmaster.master][INFO] 2026-06-18 16:05:06,741: +SERVICE [/mavros/cmd/trigger_interval] /mavros http://localhost:45765/
[rosmaster.master][INFO] 2026-06-18 16:05:06,742: +SERVICE [/mavros/cmd/vtol_transition] /mavros http://localhost:45765/
[rosmaster.master][INFO] 2026-06-18 16:05:06,743: +SUB [/mavros/companion_process/status] /mavros http://localhost:45765/
[rosmaster.master][INFO] 2026-06-18 16:05:06,745: +PUB [/mavros/distance_sensor/rangefinder_pub] /mavros http://localhost:45765/
[rosmaster.master][INFO] 2026-06-18 16:05:06,747: +SUB [/mavros/distance_sensor/rangefinder_sub] /mavros http://localhost:45765/
[rosmaster.master][INFO] 2026-06-18 16:05:06,748: +PUB [/mavros/esc_info] /mavros http://localhost:45765/
[rosmaster.master][INFO] 2026-06-18 16:05:06,748: +PUB [/mavros/esc_status] /mavros http://localhost:45765/
[rosmaster.master][INFO] 2026-06-18 16:05:06,749: +PUB [/mavros/esc_telemetry] /mavros http://localhost:45765/
[rosmaster.master][INFO] 2026-06-18 16:05:06,757: +SUB [/mavros/fake_gps/mocap/pose] /mavros http://localhost:45765/
[rosmaster.master][INFO] 2026-06-18 16:05:06,758: +PUB [/mavros/geofence/waypoints] /mavros http://localhost:45765/
[rosmaster.master][INFO] 2026-06-18 16:05:06,759: +SERVICE [/mavros/geofence/pull] /mavros http://localhost:45765/
[rosmaster.master][INFO] 2026-06-18 16:05:06,759: +SERVICE [/mavros/geofence/push] /mavros http://localhost:45765/
[rosmaster.master][INFO] 2026-06-18 16:05:06,759: +SERVICE [/mavros/geofence/clear] /mavros http://localhost:45765/
[rosmaster.master][INFO] 2026-06-18 16:05:06,763: +PUB [/mavros/global_position/raw/fix] /mavros http://localhost:45765/
[rosmaster.master][INFO] 2026-06-18 16:05:06,763: +PUB [/mavros/global_position/raw/gps_vel] /mavros http://localhost:45765/
[rosmaster.master][INFO] 2026-06-18 16:05:06,763: +PUB [/mavros/global_position/raw/satellites] /mavros http://localhost:45765/
[rosmaster.master][INFO] 2026-06-18 16:05:06,763: +PUB [/mavros/global_position/global] /mavros http://localhost:45765/
[rosmaster.master][INFO] 2026-06-18 16:05:06,764: +PUB [/mavros/global_position/local] /mavros http://localhost:45765/
[rosmaster.master][INFO] 2026-06-18 16:05:06,764: +PUB [/mavros/global_position/rel_alt] /mavros http://localhost:45765/
[rosmaster.master][INFO] 2026-06-18 16:05:06,764: +PUB [/mavros/global_position/compass_hdg] /mavros http://localhost:45765/
[rosmaster.master][INFO] 2026-06-18 16:05:06,764: +PUB [/mavros/global_position/gp_origin] /mavros http://localhost:45765/
[rosmaster.master][INFO] 2026-06-18 16:05:06,765: +SUB [/mavros/global_position/set_gp_origin] /mavros http://localhost:45765/
[rosmaster.master][INFO] 2026-06-18 16:05:06,766: +SUB [/mavros/home_position/home] /mavros http://localhost:45765/
[rosmaster.master][INFO] 2026-06-18 16:05:06,767: +PUB [/mavros/global_position/gp_lp_offset] /mavros http://localhost:45765/
[rosmaster.master][INFO] 2026-06-18 16:05:06,768: +SUB [/mavros/gps_input/gps_input] /mavros http://localhost:45765/
[rosmaster.master][INFO] 2026-06-18 16:05:06,769: +SUB [/mavros/gps_rtk/send_rtcm] /mavros http://localhost:45765/
[rosmaster.master][INFO] 2026-06-18 16:05:06,770: +PUB [/mavros/gps_rtk/rtk_baseline] /mavros http://localhost:45765/
[rosmaster.master][INFO] 2026-06-18 16:05:06,770: +PUB [/mavros/gpsstatus/gps1/raw] /mavros http://localhost:45765/
[rosmaster.master][INFO] 2026-06-18 16:05:06,771: +PUB [/mavros/gpsstatus/gps2/raw] /mavros http://localhost:45765/
[rosmaster.master][INFO] 2026-06-18 16:05:06,771: +PUB [/mavros/gpsstatus/gps1/rtk] /mavros http://localhost:45765/
[rosmaster.master][INFO] 2026-06-18 16:05:06,771: +PUB [/mavros/gpsstatus/gps2/rtk] /mavros http://localhost:45765/
[rosmaster.master][INFO] 2026-06-18 16:05:06,773: +PUB [/move_base_simple/goal] /mavros http://localhost:45765/
[rosmaster.master][INFO] 2026-06-18 16:05:06,774: +SUB [/mavros/global_position/gp_origin] /mavros http://localhost:45765/
[rosmaster.master][INFO] 2026-06-18 16:05:06,775: +PUB [/mavros/home_position/home] /mavros http://localhost:45765/
[rosmaster.master][INFO] 2026-06-18 16:05:06,776: +SUB [/mavros/home_position/set] /mavros http://localhost:45765/
[rosmaster.master][INFO] 2026-06-18 16:05:06,776: +SERVICE [/mavros/home_position/req_update] /mavros http://localhost:45765/
[rosmaster.master][INFO] 2026-06-18 16:05:06,779: +PUB [/mavros/imu/data] /mavros http://localhost:45765/
[rosmaster.master][INFO] 2026-06-18 16:05:06,779: +PUB [/mavros/imu/mag] /mavros http://localhost:45765/
[rosmaster.master][INFO] 2026-06-18 16:05:06,779: +PUB [/mavros/imu/temperature_imu] /mavros http://localhost:45765/
[rosmaster.master][INFO] 2026-06-18 16:05:06,780: +PUB [/mavros/imu/temperature_baro] /mavros http://localhost:45765/
[rosmaster.master][INFO] 2026-06-18 16:05:06,780: +PUB [/mavros/imu/static_pressure] /mavros http://localhost:45765/
[rosmaster.master][INFO] 2026-06-18 16:05:06,780: +PUB [/mavros/imu/diff_pressure] /mavros http://localhost:45765/
[rosmaster.master][INFO] 2026-06-18 16:05:06,781: +PUB [/mavros/imu/data_raw] /mavros http://localhost:45765/
[rosmaster.master][INFO] 2026-06-18 16:05:06,786: +PUB [/mavros/landing_target/pose_in] /mavros http://localhost:45765/
[rosmaster.master][INFO] 2026-06-18 16:05:06,787: +PUB [/mavros/landing_target/lt_marker] /mavros http://localhost:45765/
[rosmaster.master][INFO] 2026-06-18 16:05:06,788: +SUB [/mavros/landing_target/pose] /mavros http://localhost:45765/
[rosmaster.master][INFO] 2026-06-18 16:05:06,789: +PUB [/mavros/local_position/pose] /mavros http://localhost:45765/
[rosmaster.master][INFO] 2026-06-18 16:05:06,790: +PUB [/mavros/local_position/pose_cov] /mavros http://localhost:45765/
[rosmaster.master][INFO] 2026-06-18 16:05:06,790: +PUB [/mavros/local_position/velocity_local] /mavros http://localhost:45765/
[rosmaster.master][INFO] 2026-06-18 16:05:06,790: +PUB [/mavros/local_position/velocity_body] /mavros http://localhost:45765/
[rosmaster.master][INFO] 2026-06-18 16:05:06,790: +PUB [/mavros/local_position/velocity_body_cov] /mavros http://localhost:45765/
[rosmaster.master][INFO] 2026-06-18 16:05:06,790: +PUB [/mavros/local_position/accel] /mavros http://localhost:45765/
[rosmaster.master][INFO] 2026-06-18 16:05:06,791: +PUB [/mavros/local_position/odom] /mavros http://localhost:45765/
[rosmaster.master][INFO] 2026-06-18 16:05:06,791: +PUB [/mavros/log_transfer/raw/log_entry] /mavros http://localhost:45765/
[rosmaster.master][INFO] 2026-06-18 16:05:06,791: +PUB [/mavros/log_transfer/raw/log_data] /mavros http://localhost:45765/
[rosmaster.master][INFO] 2026-06-18 16:05:06,792: +SERVICE [/mavros/log_transfer/raw/log_request_list] /mavros http://localhost:45765/
[rosmaster.master][INFO] 2026-06-18 16:05:06,793: +SERVICE [/mavros/log_transfer/raw/log_request_data] /mavros http://localhost:45765/
[rosmaster.master][INFO] 2026-06-18 16:05:06,793: +SERVICE [/mavros/log_transfer/raw/log_request_end] /mavros http://localhost:45765/
[rosmaster.master][INFO] 2026-06-18 16:05:06,793: +SERVICE [/mavros/log_transfer/raw/log_request_erase] /mavros http://localhost:45765/
[rosmaster.master][INFO] 2026-06-18 16:05:06,794: +PUB [/mavros/mag_calibration/status] /mavros http://localhost:45765/
[rosmaster.master][INFO] 2026-06-18 16:05:06,794: +PUB [/mavros/mag_calibration/report] /mavros http://localhost:45765/
[rosmaster.master][INFO] 2026-06-18 16:05:06,795: +PUB [/mavros/manual_control/control] /mavros http://localhost:45765/
[rosmaster.master][INFO] 2026-06-18 16:05:06,796: +SUB [/mavros/manual_control/send] /mavros http://localhost:45765/
[rosmaster.master][INFO] 2026-06-18 16:05:06,798: +SUB [/mavros/mocap/pose] /mavros http://localhost:45765/
[rosmaster.master][INFO] 2026-06-18 16:05:06,799: +SUB [/mavros/mount_control/command] /mavros http://localhost:45765/
[rosmaster.master][INFO] 2026-06-18 16:05:06,800: +PUB [/mavros/mount_control/orientation] /mavros http://localhost:45765/
[rosmaster.master][INFO] 2026-06-18 16:05:06,800: +PUB [/mavros/mount_control/status] /mavros http://localhost:45765/
[rosmaster.master][INFO] 2026-06-18 16:05:06,800: +SERVICE [/mavros/mount_control/configure] /mavros http://localhost:45765/
[rosmaster.master][INFO] 2026-06-18 16:05:06,803: +PUB [/mavros/nav_controller_output] /mavros http://localhost:45765/
[rosmaster.master][INFO] 2026-06-18 16:05:06,804: +SUB [/mavros/obstacle/send] /mavros http://localhost:45765/
[rosmaster.master][INFO] 2026-06-18 16:05:06,806: +PUB [/mavros/odometry/in] /mavros http://localhost:45765/
[rosmaster.master][INFO] 2026-06-18 16:05:06,808: +SUB [/mavros/odometry/out] /mavros http://localhost:45765/
[rosmaster.master][INFO] 2026-06-18 16:05:06,809: +SUB [/mavros/onboard_computer/status] /mavros http://localhost:45765/
[rosmaster.master][INFO] 2026-06-18 16:05:06,810: +SERVICE [/mavros/param/pull] /mavros http://localhost:45765/
[rosmaster.master][INFO] 2026-06-18 16:05:06,810: +SERVICE [/mavros/param/push] /mavros http://localhost:45765/
[rosmaster.master][INFO] 2026-06-18 16:05:06,811: +SERVICE [/mavros/param/set] /mavros http://localhost:45765/
[rosmaster.master][INFO] 2026-06-18 16:05:06,811: +SERVICE [/mavros/param/get] /mavros http://localhost:45765/
[rosmaster.master][INFO] 2026-06-18 16:05:06,812: +PUB [/mavros/param/param_value] /mavros http://localhost:45765/
[rosmaster.master][INFO] 2026-06-18 16:05:06,813: +SUB [/mavros/play_tune] /mavros http://localhost:45765/
[rosmaster.master][INFO] 2026-06-18 16:05:06,814: +PUB [/mavros/rallypoint/waypoints] /mavros http://localhost:45765/
[rosmaster.master][INFO] 2026-06-18 16:05:06,814: +SERVICE [/mavros/rallypoint/pull] /mavros http://localhost:45765/
[rosmaster.master][INFO] 2026-06-18 16:05:06,815: +SERVICE [/mavros/rallypoint/push] /mavros http://localhost:45765/
[rosmaster.master][INFO] 2026-06-18 16:05:06,815: +SERVICE [/mavros/rallypoint/clear] /mavros http://localhost:45765/
[rosmaster.master][INFO] 2026-06-18 16:05:06,815: +PUB [/mavros/rangefinder/rangefinder] /mavros http://localhost:45765/
[rosmaster.master][INFO] 2026-06-18 16:05:06,816: +PUB [/mavros/rc/in] /mavros http://localhost:45765/
[rosmaster.master][INFO] 2026-06-18 16:05:06,816: +PUB [/mavros/rc/out] /mavros http://localhost:45765/
[rosmaster.master][INFO] 2026-06-18 16:05:06,817: +SUB [/mavros/rc/override] /mavros http://localhost:45765/
[rosmaster.master][INFO] 2026-06-18 16:05:06,819: +SUB [/mavros/setpoint_accel/accel] /mavros http://localhost:45765/
[rosmaster.master][INFO] 2026-06-18 16:05:06,822: +SUB [/mavros/setpoint_attitude/thrust] /mavros http://localhost:45765/
[rosmaster.master][INFO] 2026-06-18 16:05:06,823: +SUB [/mavros/setpoint_attitude/cmd_vel] /mavros http://localhost:45765/
[rosmaster.master][INFO] 2026-06-18 16:05:06,827: +SUB [/mavros/setpoint_position/local] /mavros http://localhost:45765/
[rosmaster.master][INFO] 2026-06-18 16:05:06,828: +SUB [/mavros/setpoint_position/global] /mavros http://localhost:45765/
[rosmaster.master][INFO] 2026-06-18 16:05:06,829: +SUB [/mavros/setpoint_position/global_to_local] /mavros http://localhost:45765/
[rosmaster.master][INFO] 2026-06-18 16:05:06,831: +SUB [/mavros/global_position/global] /mavros http://localhost:45765/
[rosmaster.master][INFO] 2026-06-18 16:05:06,832: +SUB [/mavros/local_position/pose] /mavros http://localhost:45765/
[rosmaster.master][INFO] 2026-06-18 16:05:06,832: +SERVICE [/mavros/setpoint_position/mav_frame] /mavros http://localhost:45765/
[rosmaster.master][INFO] 2026-06-18 16:05:06,834: +SUB [/mavros/setpoint_raw/local] /mavros http://localhost:45765/
[rosmaster.master][INFO] 2026-06-18 16:05:06,834: publisherUpdate[/mavros/home_position/home] -> http://localhost:45765/ ['http://localhost:45765/']
[rosmaster.master][INFO] 2026-06-18 16:05:06,835: +SUB [/mavros/setpoint_raw/global] /mavros http://localhost:45765/
[rosmaster.master][INFO] 2026-06-18 16:05:06,835: publisherUpdate[/mavros/home_position/home] -> http://localhost:45765/ ['http://localhost:45765/']: sec=0.00, result=[1, '', 0]
[rosmaster.master][INFO] 2026-06-18 16:05:06,836: +SUB [/mavros/setpoint_raw/attitude] /mavros http://localhost:45765/
[rosmaster.master][INFO] 2026-06-18 16:05:06,836: +PUB [/mavros/setpoint_raw/target_local] /mavros http://localhost:45765/
[rosmaster.master][INFO] 2026-06-18 16:05:06,837: +PUB [/mavros/setpoint_raw/target_global] /mavros http://localhost:45765/
[rosmaster.master][INFO] 2026-06-18 16:05:06,837: +PUB [/mavros/setpoint_raw/target_attitude] /mavros http://localhost:45765/
[rosmaster.master][INFO] 2026-06-18 16:05:06,837: +CACHEDPARAM [/rosout/omit_topics] by /rosout
[rosmaster.master][INFO] 2026-06-18 16:05:06,839: +SUB [/mavros/setpoint_trajectory/local] /mavros http://localhost:45765/
[rosmaster.master][INFO] 2026-06-18 16:05:06,839: +PUB [/mavros/setpoint_trajectory/desired] /mavros http://localhost:45765/
[rosmaster.master][INFO] 2026-06-18 16:05:06,839: +SERVICE [/mavros/setpoint_trajectory/reset] /mavros http://localhost:45765/
[rosmaster.master][INFO] 2026-06-18 16:05:06,840: +SERVICE [/mavros/setpoint_trajectory/mav_frame] /mavros http://localhost:45765/
[rosmaster.master][INFO] 2026-06-18 16:05:06,841: +SUB [/mavros/setpoint_velocity/cmd_vel] /mavros http://localhost:45765/
[rosmaster.master][INFO] 2026-06-18 16:05:06,842: +SUB [/mavros/setpoint_velocity/cmd_vel_unstamped] /mavros http://localhost:45765/
[rosmaster.master][INFO] 2026-06-18 16:05:06,842: +SERVICE [/mavros/setpoint_velocity/mav_frame] /mavros http://localhost:45765/
[rosmaster.master][INFO] 2026-06-18 16:05:06,846: +PUB [/mavros/state] /mavros http://localhost:45765/
[rosmaster.master][INFO] 2026-06-18 16:05:06,846: +PUB [/mavros/extended_state] /mavros http://localhost:45765/
[rosmaster.master][INFO] 2026-06-18 16:05:06,846: +PUB [/mavros/battery] /mavros http://localhost:45765/
[rosmaster.master][INFO] 2026-06-18 16:05:06,846: +PUB [/mavros/estimator_status] /mavros http://localhost:45765/
[rosmaster.master][INFO] 2026-06-18 16:05:06,847: +PUB [/mavros/statustext/recv] /mavros http://localhost:45765/
[rosmaster.master][INFO] 2026-06-18 16:05:06,847: +PUB [/mavros/sys_status] /mavros http://localhost:45765/
[rosmaster.master][INFO] 2026-06-18 16:05:06,848: +SUB [/mavros/statustext/send] /mavros http://localhost:45765/
[rosmaster.master][INFO] 2026-06-18 16:05:06,848: +SERVICE [/mavros/set_stream_rate] /mavros http://localhost:45765/
[rosmaster.master][INFO] 2026-06-18 16:05:06,849: +SERVICE [/mavros/set_mode] /mavros http://localhost:45765/
[rosmaster.master][INFO] 2026-06-18 16:05:06,849: +SERVICE [/mavros/vehicle_info_get] /mavros http://localhost:45765/
[rosmaster.master][INFO] 2026-06-18 16:05:06,849: +SERVICE [/mavros/set_message_interval] /mavros http://localhost:45765/
[rosmaster.master][INFO] 2026-06-18 16:05:06,853: +PUB [/mavros/time_reference] /mavros http://localhost:45765/
[rosmaster.master][INFO] 2026-06-18 16:05:06,853: +PUB [/mavros/timesync_status] /mavros http://localhost:45765/
[rosmaster.master][INFO] 2026-06-18 16:05:06,854: +PUB [/mavros/terrain/report] /mavros http://localhost:45765/
[rosmaster.master][INFO] 2026-06-18 16:05:06,855: +SUB [/mavros/trajectory/generated] /mavros http://localhost:45765/
[rosmaster.master][INFO] 2026-06-18 16:05:06,856: +SUB [/mavros/trajectory/path] /mavros http://localhost:45765/
[rosmaster.master][INFO] 2026-06-18 16:05:06,857: +PUB [/mavros/trajectory/desired] /mavros http://localhost:45765/
[rosmaster.master][INFO] 2026-06-18 16:05:06,858: +SUB [/mavros/tunnel/in] /mavros http://localhost:45765/
[rosmaster.master][INFO] 2026-06-18 16:05:06,858: +PUB [/mavros/tunnel/out] /mavros http://localhost:45765/
[rosmaster.master][INFO] 2026-06-18 16:05:06,859: +PUB [/mavros/vfr_hud] /mavros http://localhost:45765/
[rosmaster.master][INFO] 2026-06-18 16:05:06,863: +SUB [/mavros/vision_pose/pose] /mavros http://localhost:45765/
[rosmaster.master][INFO] 2026-06-18 16:05:06,864: +SUB [/mavros/vision_pose/pose_cov] /mavros http://localhost:45765/
[rosmaster.master][INFO] 2026-06-18 16:05:06,866: +PUB [/mavros/mission/waypoints] /mavros http://localhost:45765/
[rosmaster.master][INFO] 2026-06-18 16:05:06,866: +SERVICE [/mavros/mission/pull] /mavros http://localhost:45765/
[rosmaster.master][INFO] 2026-06-18 16:05:06,866: +SERVICE [/mavros/mission/push] /mavros http://localhost:45765/
[rosmaster.master][INFO] 2026-06-18 16:05:06,866: +SERVICE [/mavros/mission/clear] /mavros http://localhost:45765/
[rosmaster.master][INFO] 2026-06-18 16:05:06,866: +PUB [/mavros/mission/reached] /mavros http://localhost:45765/
[rosmaster.master][INFO] 2026-06-18 16:05:06,867: +SERVICE [/mavros/mission/set_current] /mavros http://localhost:45765/
[rosmaster.master][INFO] 2026-06-18 16:05:06,867: +PUB [/mavros/wind_estimation] /mavros http://localhost:45765/
[rosmaster.master][INFO] 2026-06-18 16:05:07,870: +PUB [/mavlink/gcs_ip] /mavros http://localhost:45765/
[rosmaster.master][INFO] 2026-06-18 16:05:44,340: +PUB [/rosout] /vertical_ascent_experiment http://localhost:40819/
[rosmaster.master][INFO] 2026-06-18 16:05:44,342: +SERVICE [/vertical_ascent_experiment/get_loggers] /vertical_ascent_experiment http://localhost:40819/
[rosmaster.master][INFO] 2026-06-18 16:05:44,342: +SERVICE [/vertical_ascent_experiment/set_logger_level] /vertical_ascent_experiment http://localhost:40819/
[rosmaster.master][INFO] 2026-06-18 16:05:44,343: +PUB [/mavros/setpoint_position/local] /vertical_ascent_experiment http://localhost:40819/
[rosmaster.master][INFO] 2026-06-18 16:05:44,343: +PUB [/mavros/setpoint_velocity/cmd_vel] /vertical_ascent_experiment http://localhost:40819/
[rosmaster.master][INFO] 2026-06-18 16:05:44,344: +SUB [/mavros/battery] /vertical_ascent_experiment http://localhost:40819/
[rosmaster.master][INFO] 2026-06-18 16:05:44,345: +SUB [/mavros/local_position/velocity_body] /vertical_ascent_experiment http://localhost:40819/
[rosmaster.master][INFO] 2026-06-18 16:05:44,352: publisherUpdate[/rosout] -> http://localhost:39695/ ['http://localhost:45765/', 'http://localhost:40819/']
[rosmaster.master][INFO] 2026-06-18 16:05:44,353: publisherUpdate[/rosout] -> http://localhost:39695/ ['http://localhost:45765/', 'http://localhost:40819/']: sec=0.00, result=[1, '', 0]
[rosmaster.master][INFO] 2026-06-18 16:05:44,353: publisherUpdate[/mavros/setpoint_position/local] -> http://localhost:45765/ ['http://localhost:40819/']
[rosmaster.master][INFO] 2026-06-18 16:05:44,353: publisherUpdate[/mavros/setpoint_position/local] -> http://localhost:45765/ ['http://localhost:40819/']: sec=0.00, result=[1, '', 0]
[rosmaster.master][INFO] 2026-06-18 16:05:44,354: publisherUpdate[/mavros/setpoint_velocity/cmd_vel] -> http://localhost:45765/ ['http://localhost:40819/']
[rosmaster.master][INFO] 2026-06-18 16:05:44,354: publisherUpdate[/mavros/setpoint_velocity/cmd_vel] -> http://localhost:45765/ ['http://localhost:40819/']: sec=0.00, result=[1, '', 0]
[rosmaster.master][INFO] 2026-06-18 16:09:47,145: -PUB [/rosout] /mavros http://localhost:45765/
[rosmaster.master][INFO] 2026-06-18 16:09:47,145: publisherUpdate[/rosout] -> http://localhost:39695/ ['http://localhost:40819/']
[rosmaster.master][INFO] 2026-06-18 16:09:47,145: -PUB [/diagnostics] /mavros http://localhost:45765/
[rosmaster.master][INFO] 2026-06-18 16:09:47,146: -PUB [/tf] /mavros http://localhost:45765/
[rosmaster.master][INFO] 2026-06-18 16:09:47,146: publisherUpdate[/rosout] -> http://localhost:39695/ ['http://localhost:40819/']: sec=0.00, result=[1, '', 0]
[rosmaster.master][INFO] 2026-06-18 16:09:47,146: publisherUpdate[/tf] -> http://localhost:45765/ []
[rosmaster.master][INFO] 2026-06-18 16:09:47,146: -PUB [/tf_static] /mavros http://localhost:45765/
[rosmaster.master][INFO] 2026-06-18 16:09:47,147: -PUB [/mavlink/from] /mavros http://localhost:45765/
[rosmaster.master][INFO] 2026-06-18 16:09:47,148: -PUB [/mavros/radio_status] /mavros http://localhost:45765/
[rosmaster.master][INFO] 2026-06-18 16:09:47,148: -PUB [/mavros/adsb/vehicle] /mavros http://localhost:45765/
[rosmaster.master][INFO] 2026-06-18 16:09:47,149: -PUB [/mavros/cam_imu_sync/cam_imu_stamp] /mavros http://localhost:45765/
[rosmaster.master][INFO] 2026-06-18 16:09:47,149: -PUB [/mavros/camera/image_captured] /mavros http://localhost:45765/
[rosmaster.master][INFO] 2026-06-18 16:09:47,149: -PUB [/mavros/distance_sensor/rangefinder_pub] /mavros http://localhost:45765/
[rosmaster.master][INFO] 2026-06-18 16:09:47,150: -PUB [/mavros/esc_info] /mavros http://localhost:45765/
[rosmaster.master][INFO] 2026-06-18 16:09:47,150: -PUB [/mavros/esc_status] /mavros http://localhost:45765/
[rosmaster.master][INFO] 2026-06-18 16:09:47,151: -PUB [/mavros/esc_telemetry] /mavros http://localhost:45765/
[rosmaster.master][INFO] 2026-06-18 16:09:47,151: -PUB [/mavros/geofence/waypoints] /mavros http://localhost:45765/
[rosmaster.master][INFO] 2026-06-18 16:09:47,152: -PUB [/mavros/global_position/raw/fix] /mavros http://localhost:45765/
[rosmaster.master][INFO] 2026-06-18 16:09:47,153: -PUB [/mavros/global_position/raw/gps_vel] /mavros http://localhost:45765/
[rosmaster.master][INFO] 2026-06-18 16:09:47,153: -PUB [/mavros/global_position/raw/satellites] /mavros http://localhost:45765/
[rosmaster.master][INFO] 2026-06-18 16:09:47,153: -PUB [/mavros/global_position/global] /mavros http://localhost:45765/
[rosmaster.master][INFO] 2026-06-18 16:09:47,154: -PUB [/mavros/global_position/local] /mavros http://localhost:45765/
[rosmaster.master][INFO] 2026-06-18 16:09:47,154: -PUB [/mavros/global_position/rel_alt] /mavros http://localhost:45765/
[rosmaster.master][INFO] 2026-06-18 16:09:47,154: publisherUpdate[/tf] -> http://localhost:45765/ []: sec=0.01, exception=<Fault -1: 'publisherUpdate: unknown method name'>
[rosmaster.master][INFO] 2026-06-18 16:09:47,155: -PUB [/mavros/global_position/compass_hdg] /mavros http://localhost:45765/
[rosmaster.master][INFO] 2026-06-18 16:09:47,156: -PUB [/mavros/global_position/gp_origin] /mavros http://localhost:45765/
[rosmaster.master][INFO] 2026-06-18 16:09:47,156: -PUB [/mavros/global_position/gp_lp_offset] /mavros http://localhost:45765/
[rosmaster.master][INFO] 2026-06-18 16:09:47,157: -PUB [/mavros/gps_rtk/rtk_baseline] /mavros http://localhost:45765/
[rosmaster.master][INFO] 2026-06-18 16:09:47,157: -PUB [/mavros/gpsstatus/gps1/raw] /mavros http://localhost:45765/
[rosmaster.master][INFO] 2026-06-18 16:09:47,158: -PUB [/mavros/gpsstatus/gps2/raw] /mavros http://localhost:45765/
[rosmaster.master][INFO] 2026-06-18 16:09:47,158: -PUB [/mavros/gpsstatus/gps1/rtk] /mavros http://localhost:45765/
[rosmaster.master][INFO] 2026-06-18 16:09:47,159: -PUB [/mavros/gpsstatus/gps2/rtk] /mavros http://localhost:45765/
[rosmaster.master][INFO] 2026-06-18 16:09:47,159: -PUB [/move_base_simple/goal] /mavros http://localhost:45765/
[rosmaster.master][INFO] 2026-06-18 16:09:47,159: -PUB [/mavros/home_position/home] /mavros http://localhost:45765/
[rosmaster.master][INFO] 2026-06-18 16:09:47,159: -PUB [/mavros/imu/data] /mavros http://localhost:45765/
[rosmaster.master][INFO] 2026-06-18 16:09:47,160: -PUB [/mavros/imu/mag] /mavros http://localhost:45765/
[rosmaster.master][INFO] 2026-06-18 16:09:47,160: -PUB [/mavros/imu/temperature_imu] /mavros http://localhost:45765/
[rosmaster.threadpool][ERROR] 2026-06-18 16:09:47,162: Traceback (most recent call last):
  File "/opt/ros/noetic/lib/python3/dist-packages/rosmaster/threadpool.py", line 218, in run
    result = cmd(*args)
  File "/opt/ros/noetic/lib/python3/dist-packages/rosmaster/master_api.py", line 210, in publisher_update_task
    ret = xmlrpcapi(api).publisherUpdate('/master', topic, pub_uris)
  File "/usr/lib/python3.8/xmlrpc/client.py", line 1109, in __call__
    return self.__send(self.__name, args)
  File "/usr/lib/python3.8/xmlrpc/client.py", line 1450, in __request
    response = self.__transport.request(
  File "/usr/lib/python3.8/xmlrpc/client.py", line 1153, in request
    return self.single_request(host, handler, request_body, verbose)
  File "/usr/lib/python3.8/xmlrpc/client.py", line 1169, in single_request
    return self.parse_response(resp)
  File "/usr/lib/python3.8/xmlrpc/client.py", line 1341, in parse_response
    return u.close()
  File "/usr/lib/python3.8/xmlrpc/client.py", line 655, in close
    raise Fault(**self._stack[0])
xmlrpc.client.Fault: <Fault -1: 'publisherUpdate: unknown method name'>

[rosmaster.master][INFO] 2026-06-18 16:09:47,162: publisherUpdate[/tf_static] -> http://localhost:45765/ []
[rosmaster.master][INFO] 2026-06-18 16:09:47,162: -PUB [/mavros/imu/temperature_baro] /mavros http://localhost:45765/
[rosmaster.master][INFO] 2026-06-18 16:09:47,163: -PUB [/mavros/imu/static_pressure] /mavros http://localhost:45765/
[rosmaster.master][INFO] 2026-06-18 16:09:47,163: publisherUpdate[/tf_static] -> http://localhost:45765/ []: sec=0.00, exception=<Fault -1: 'publisherUpdate: unknown method name'>
[rosmaster.threadpool][ERROR] 2026-06-18 16:09:47,163: Traceback (most recent call last):
  File "/opt/ros/noetic/lib/python3/dist-packages/rosmaster/threadpool.py", line 218, in run
    result = cmd(*args)
  File "/opt/ros/noetic/lib/python3/dist-packages/rosmaster/master_api.py", line 210, in publisher_update_task
    ret = xmlrpcapi(api).publisherUpdate('/master', topic, pub_uris)
  File "/usr/lib/python3.8/xmlrpc/client.py", line 1109, in __call__
    return self.__send(self.__name, args)
  File "/usr/lib/python3.8/xmlrpc/client.py", line 1450, in __request
    response = self.__transport.request(
  File "/usr/lib/python3.8/xmlrpc/client.py", line 1153, in request
    return self.single_request(host, handler, request_body, verbose)
  File "/usr/lib/python3.8/xmlrpc/client.py", line 1169, in single_request
    return self.parse_response(resp)
  File "/usr/lib/python3.8/xmlrpc/client.py", line 1341, in parse_response
    return u.close()
  File "/usr/lib/python3.8/xmlrpc/client.py", line 655, in close
    raise Fault(**self._stack[0])
xmlrpc.client.Fault: <Fault -1: 'publisherUpdate: unknown method name'>

[rosmaster.master][INFO] 2026-06-18 16:09:47,164: publisherUpdate[/mavros/global_position/global] -> http://localhost:45765/ []
[rosmaster.master][INFO] 2026-06-18 16:09:47,164: publisherUpdate[/mavros/global_position/global] -> http://localhost:45765/ []: sec=0.00, exception=<Fault -1: 'publisherUpdate: unknown method name'>
[rosmaster.threadpool][ERROR] 2026-06-18 16:09:47,164: Traceback (most recent call last):
  File "/opt/ros/noetic/lib/python3/dist-packages/rosmaster/threadpool.py", line 218, in run
    result = cmd(*args)
  File "/opt/ros/noetic/lib/python3/dist-packages/rosmaster/master_api.py", line 210, in publisher_update_task
    ret = xmlrpcapi(api).publisherUpdate('/master', topic, pub_uris)
  File "/usr/lib/python3.8/xmlrpc/client.py", line 1109, in __call__
    return self.__send(self.__name, args)
  File "/usr/lib/python3.8/xmlrpc/client.py", line 1450, in __request
    response = self.__transport.request(
  File "/usr/lib/python3.8/xmlrpc/client.py", line 1153, in request
    return self.single_request(host, handler, request_body, verbose)
  File "/usr/lib/python3.8/xmlrpc/client.py", line 1169, in single_request
    return self.parse_response(resp)
  File "/usr/lib/python3.8/xmlrpc/client.py", line 1341, in parse_response
    return u.close()
  File "/usr/lib/python3.8/xmlrpc/client.py", line 655, in close
    raise Fault(**self._stack[0])
xmlrpc.client.Fault: <Fault -1: 'publisherUpdate: unknown method name'>

[rosmaster.master][INFO] 2026-06-18 16:09:47,164: publisherUpdate[/mavros/global_position/gp_origin] -> http://localhost:45765/ []
[rosmaster.master][INFO] 2026-06-18 16:09:47,165: -PUB [/mavros/imu/diff_pressure] /mavros http://localhost:45765/
[rosmaster.master][INFO] 2026-06-18 16:09:47,165: publisherUpdate[/mavros/global_position/gp_origin] -> http://localhost:45765/ []: sec=0.00, exception=<Fault -1: 'publisherUpdate: unknown method name'>
[rosmaster.master][INFO] 2026-06-18 16:09:47,165: publisherUpdate[/mavros/home_position/home] -> http://localhost:45765/ []
[rosmaster.master][INFO] 2026-06-18 16:09:47,166: -PUB [/mavros/imu/data_raw] /mavros http://localhost:45765/
[rosmaster.master][INFO] 2026-06-18 16:09:47,166: publisherUpdate[/mavros/home_position/home] -> http://localhost:45765/ []: sec=0.00, exception=<Fault -1: 'publisherUpdate: unknown method name'>
[rosmaster.threadpool][ERROR] 2026-06-18 16:09:47,166: Traceback (most recent call last):
  File "/opt/ros/noetic/lib/python3/dist-packages/rosmaster/threadpool.py", line 218, in run
    result = cmd(*args)
  File "/opt/ros/noetic/lib/python3/dist-packages/rosmaster/master_api.py", line 210, in publisher_update_task
    ret = xmlrpcapi(api).publisherUpdate('/master', topic, pub_uris)
  File "/usr/lib/python3.8/xmlrpc/client.py", line 1109, in __call__
    return self.__send(self.__name, args)
  File "/usr/lib/python3.8/xmlrpc/client.py", line 1450, in __request
    response = self.__transport.request(
  File "/usr/lib/python3.8/xmlrpc/client.py", line 1153, in request
    return self.single_request(host, handler, request_body, verbose)
  File "/usr/lib/python3.8/xmlrpc/client.py", line 1169, in single_request
    return self.parse_response(resp)
  File "/usr/lib/python3.8/xmlrpc/client.py", line 1341, in parse_response
    return u.close()
  File "/usr/lib/python3.8/xmlrpc/client.py", line 655, in close
    raise Fault(**self._stack[0])
xmlrpc.client.Fault: <Fault -1: 'publisherUpdate: unknown method name'>

[rosmaster.threadpool][ERROR] 2026-06-18 16:09:47,167: Traceback (most recent call last):
  File "/opt/ros/noetic/lib/python3/dist-packages/rosmaster/threadpool.py", line 218, in run
    result = cmd(*args)
  File "/opt/ros/noetic/lib/python3/dist-packages/rosmaster/master_api.py", line 210, in publisher_update_task
    ret = xmlrpcapi(api).publisherUpdate('/master', topic, pub_uris)
  File "/usr/lib/python3.8/xmlrpc/client.py", line 1109, in __call__
    return self.__send(self.__name, args)
  File "/usr/lib/python3.8/xmlrpc/client.py", line 1450, in __request
    response = self.__transport.request(
  File "/usr/lib/python3.8/xmlrpc/client.py", line 1153, in request
    return self.single_request(host, handler, request_body, verbose)
  File "/usr/lib/python3.8/xmlrpc/client.py", line 1169, in single_request
    return self.parse_response(resp)
  File "/usr/lib/python3.8/xmlrpc/client.py", line 1341, in parse_response
    return u.close()
  File "/usr/lib/python3.8/xmlrpc/client.py", line 655, in close
    raise Fault(**self._stack[0])
xmlrpc.client.Fault: <Fault -1: 'publisherUpdate: unknown method name'>

[rosmaster.master][INFO] 2026-06-18 16:09:47,167: -PUB [/mavros/landing_target/pose_in] /mavros http://localhost:45765/
[rosmaster.master][INFO] 2026-06-18 16:09:47,167: -PUB [/mavros/landing_target/lt_marker] /mavros http://localhost:45765/
[rosmaster.master][INFO] 2026-06-18 16:09:47,168: -PUB [/mavros/local_position/pose] /mavros http://localhost:45765/
[rosmaster.master][INFO] 2026-06-18 16:09:47,168: -PUB [/mavros/local_position/pose_cov] /mavros http://localhost:45765/
[rosmaster.master][INFO] 2026-06-18 16:09:47,169: -PUB [/mavros/local_position/velocity_local] /mavros http://localhost:45765/
[rosmaster.master][INFO] 2026-06-18 16:09:47,169: -PUB [/mavros/local_position/velocity_body] /mavros http://localhost:45765/
[rosmaster.master][INFO] 2026-06-18 16:09:47,169: -PUB [/mavros/local_position/velocity_body_cov] /mavros http://localhost:45765/
[rosmaster.master][INFO] 2026-06-18 16:09:47,170: -PUB [/mavros/local_position/accel] /mavros http://localhost:45765/
[rosmaster.master][INFO] 2026-06-18 16:09:47,170: -PUB [/mavros/local_position/odom] /mavros http://localhost:45765/
[rosmaster.master][INFO] 2026-06-18 16:09:47,170: -PUB [/mavros/log_transfer/raw/log_entry] /mavros http://localhost:45765/
[rosmaster.master][INFO] 2026-06-18 16:09:47,171: -PUB [/mavros/log_transfer/raw/log_data] /mavros http://localhost:45765/
[rosmaster.master][INFO] 2026-06-18 16:09:47,171: -PUB [/mavros/mag_calibration/status] /mavros http://localhost:45765/
[rosmaster.master][INFO] 2026-06-18 16:09:47,171: -PUB [/mavros/mag_calibration/report] /mavros http://localhost:45765/
[rosmaster.master][INFO] 2026-06-18 16:09:47,172: -PUB [/mavros/manual_control/control] /mavros http://localhost:45765/
[rosmaster.master][INFO] 2026-06-18 16:09:47,172: -PUB [/mavros/mount_control/orientation] /mavros http://localhost:45765/
[rosmaster.master][INFO] 2026-06-18 16:09:47,172: -PUB [/mavros/mount_control/status] /mavros http://localhost:45765/
[rosmaster.master][INFO] 2026-06-18 16:09:47,173: -PUB [/mavros/nav_controller_output] /mavros http://localhost:45765/
[rosmaster.master][INFO] 2026-06-18 16:09:47,173: -PUB [/mavros/odometry/in] /mavros http://localhost:45765/
[rosmaster.master][INFO] 2026-06-18 16:09:47,173: -PUB [/mavros/param/param_value] /mavros http://localhost:45765/
[rosmaster.master][INFO] 2026-06-18 16:09:47,173: -PUB [/mavros/rallypoint/waypoints] /mavros http://localhost:45765/
[rosmaster.master][INFO] 2026-06-18 16:09:47,174: -PUB [/mavros/rangefinder/rangefinder] /mavros http://localhost:45765/
[rosmaster.master][INFO] 2026-06-18 16:09:47,174: -PUB [/mavros/rc/in] /mavros http://localhost:45765/
[rosmaster.master][INFO] 2026-06-18 16:09:47,174: -PUB [/mavros/rc/out] /mavros http://localhost:45765/
[rosmaster.master][INFO] 2026-06-18 16:09:47,175: -PUB [/mavros/setpoint_raw/target_local] /mavros http://localhost:45765/
[rosmaster.master][INFO] 2026-06-18 16:09:47,175: -PUB [/mavros/setpoint_raw/target_global] /mavros http://localhost:45765/
[rosmaster.master][INFO] 2026-06-18 16:09:47,175: -PUB [/mavros/setpoint_raw/target_attitude] /mavros http://localhost:45765/
[rosmaster.master][INFO] 2026-06-18 16:09:47,176: -PUB [/mavros/setpoint_trajectory/desired] /mavros http://localhost:45765/
[rosmaster.master][INFO] 2026-06-18 16:09:47,176: -PUB [/mavros/state] /mavros http://localhost:45765/
[rosmaster.master][INFO] 2026-06-18 16:09:47,177: -PUB [/mavros/extended_state] /mavros http://localhost:45765/
[rosmaster.master][INFO] 2026-06-18 16:09:47,177: -PUB [/mavros/battery] /mavros http://localhost:45765/
[rosmaster.master][INFO] 2026-06-18 16:09:47,178: -PUB [/mavros/estimator_status] /mavros http://localhost:45765/
[rosmaster.master][INFO] 2026-06-18 16:09:47,178: -PUB [/mavros/statustext/recv] /mavros http://localhost:45765/
[rosmaster.master][INFO] 2026-06-18 16:09:47,178: -PUB [/mavros/sys_status] /mavros http://localhost:45765/
[rosmaster.master][INFO] 2026-06-18 16:09:47,179: -PUB [/mavros/time_reference] /mavros http://localhost:45765/
[rosmaster.master][INFO] 2026-06-18 16:09:47,179: -PUB [/mavros/timesync_status] /mavros http://localhost:45765/
[rosmaster.master][INFO] 2026-06-18 16:09:47,179: -PUB [/mavros/terrain/report] /mavros http://localhost:45765/
[rosmaster.master][INFO] 2026-06-18 16:09:47,180: -PUB [/mavros/trajectory/desired] /mavros http://localhost:45765/
[rosmaster.master][INFO] 2026-06-18 16:09:47,180: -PUB [/mavros/tunnel/out] /mavros http://localhost:45765/
[rosmaster.master][INFO] 2026-06-18 16:09:47,181: -PUB [/mavros/vfr_hud] /mavros http://localhost:45765/
[rosmaster.master][INFO] 2026-06-18 16:09:47,181: -PUB [/mavros/mission/waypoints] /mavros http://localhost:45765/
[rosmaster.master][INFO] 2026-06-18 16:09:47,181: -PUB [/mavros/mission/reached] /mavros http://localhost:45765/
[rosmaster.master][INFO] 2026-06-18 16:09:47,181: -PUB [/mavros/wind_estimation] /mavros http://localhost:45765/
[rosmaster.master][INFO] 2026-06-18 16:09:47,182: -PUB [/mavlink/gcs_ip] /mavros http://localhost:45765/
[rosmaster.master][INFO] 2026-06-18 16:09:47,182: -SUB [/tf] /mavros http://localhost:45765/
[rosmaster.master][INFO] 2026-06-18 16:09:47,182: -SUB [/tf_static] /mavros http://localhost:45765/
[rosmaster.master][INFO] 2026-06-18 16:09:47,183: -SUB [/mavlink/to] /mavros http://localhost:45765/
[rosmaster.master][INFO] 2026-06-18 16:09:47,183: -SUB [/mavros/adsb/send] /mavros http://localhost:45765/
[rosmaster.master][INFO] 2026-06-18 16:09:47,184: -SUB [/mavros/cellular_status/status] /mavros http://localhost:45765/
[rosmaster.master][INFO] 2026-06-18 16:09:47,184: -SUB [/mavros/companion_process/status] /mavros http://localhost:45765/
[rosmaster.master][INFO] 2026-06-18 16:09:47,184: -SUB [/mavros/distance_sensor/rangefinder_sub] /mavros http://localhost:45765/
[rosmaster.master][INFO] 2026-06-18 16:09:47,185: -SUB [/mavros/fake_gps/mocap/pose] /mavros http://localhost:45765/
[rosmaster.master][INFO] 2026-06-18 16:09:47,185: -SUB [/mavros/global_position/set_gp_origin] /mavros http://localhost:45765/
[rosmaster.master][INFO] 2026-06-18 16:09:47,185: -SUB [/mavros/home_position/home] /mavros http://localhost:45765/
[rosmaster.master][INFO] 2026-06-18 16:09:47,186: -SUB [/mavros/gps_input/gps_input] /mavros http://localhost:45765/
[rosmaster.master][INFO] 2026-06-18 16:09:47,186: -SUB [/mavros/gps_rtk/send_rtcm] /mavros http://localhost:45765/
[rosmaster.master][INFO] 2026-06-18 16:09:47,186: -SUB [/mavros/global_position/gp_origin] /mavros http://localhost:45765/
[rosmaster.master][INFO] 2026-06-18 16:09:47,187: -SUB [/mavros/home_position/set] /mavros http://localhost:45765/
[rosmaster.master][INFO] 2026-06-18 16:09:47,187: -SUB [/mavros/landing_target/pose] /mavros http://localhost:45765/
[rosmaster.master][INFO] 2026-06-18 16:09:47,187: -SUB [/mavros/manual_control/send] /mavros http://localhost:45765/
[rosmaster.master][INFO] 2026-06-18 16:09:47,188: -SUB [/mavros/mocap/pose] /mavros http://localhost:45765/
[rosmaster.master][INFO] 2026-06-18 16:09:47,188: -SUB [/mavros/mount_control/command] /mavros http://localhost:45765/
[rosmaster.master][INFO] 2026-06-18 16:09:47,188: -SUB [/mavros/obstacle/send] /mavros http://localhost:45765/
[rosmaster.master][INFO] 2026-06-18 16:09:47,188: -SUB [/mavros/odometry/out] /mavros http://localhost:45765/
[rosmaster.master][INFO] 2026-06-18 16:09:47,189: -SUB [/mavros/onboard_computer/status] /mavros http://localhost:45765/
[rosmaster.master][INFO] 2026-06-18 16:09:47,189: -SUB [/mavros/play_tune] /mavros http://localhost:45765/
[rosmaster.master][INFO] 2026-06-18 16:09:47,189: -SUB [/mavros/rc/override] /mavros http://localhost:45765/
[rosmaster.master][INFO] 2026-06-18 16:09:47,189: -SUB [/mavros/setpoint_accel/accel] /mavros http://localhost:45765/
[rosmaster.master][INFO] 2026-06-18 16:09:47,190: -SUB [/mavros/setpoint_attitude/thrust] /mavros http://localhost:45765/
[rosmaster.master][INFO] 2026-06-18 16:09:47,190: -SUB [/mavros/setpoint_attitude/cmd_vel] /mavros http://localhost:45765/
[rosmaster.master][INFO] 2026-06-18 16:09:47,190: -SUB [/mavros/setpoint_position/local] /mavros http://localhost:45765/
[rosmaster.master][INFO] 2026-06-18 16:09:47,190: -SUB [/mavros/setpoint_position/global] /mavros http://localhost:45765/
[rosmaster.master][INFO] 2026-06-18 16:09:47,191: -SUB [/mavros/setpoint_position/global_to_local] /mavros http://localhost:45765/
[rosmaster.master][INFO] 2026-06-18 16:09:47,191: -SUB [/mavros/global_position/global] /mavros http://localhost:45765/
[rosmaster.master][INFO] 2026-06-18 16:09:47,191: -SUB [/mavros/local_position/pose] /mavros http://localhost:45765/
[rosmaster.master][INFO] 2026-06-18 16:09:47,191: -SUB [/mavros/setpoint_raw/local] /mavros http://localhost:45765/
[rosmaster.master][INFO] 2026-06-18 16:09:47,192: -SUB [/mavros/setpoint_raw/global] /mavros http://localhost:45765/
[rosmaster.master][INFO] 2026-06-18 16:09:47,192: -SUB [/mavros/setpoint_raw/attitude] /mavros http://localhost:45765/
[rosmaster.master][INFO] 2026-06-18 16:09:47,192: -SUB [/mavros/setpoint_trajectory/local] /mavros http://localhost:45765/
[rosmaster.master][INFO] 2026-06-18 16:09:47,193: -SUB [/mavros/setpoint_velocity/cmd_vel] /mavros http://localhost:45765/
[rosmaster.master][INFO] 2026-06-18 16:09:47,193: -SUB [/mavros/setpoint_velocity/cmd_vel_unstamped] /mavros http://localhost:45765/
[rosmaster.master][INFO] 2026-06-18 16:09:47,193: -SUB [/mavros/statustext/send] /mavros http://localhost:45765/
[rosmaster.master][INFO] 2026-06-18 16:09:47,193: -SUB [/mavros/trajectory/generated] /mavros http://localhost:45765/
[rosmaster.master][INFO] 2026-06-18 16:09:47,194: -SUB [/mavros/trajectory/path] /mavros http://localhost:45765/
[rosmaster.master][INFO] 2026-06-18 16:09:47,194: -SUB [/mavros/tunnel/in] /mavros http://localhost:45765/
[rosmaster.master][INFO] 2026-06-18 16:09:47,194: -SUB [/mavros/vision_pose/pose] /mavros http://localhost:45765/
[rosmaster.master][INFO] 2026-06-18 16:09:47,195: -SUB [/mavros/vision_pose/pose_cov] /mavros http://localhost:45765/
[rosmaster.master][INFO] 2026-06-18 16:09:47,195: -SERVICE [/mavros/get_loggers] /mavros rosrpc://localhost:58959
[rosmaster.master][INFO] 2026-06-18 16:09:47,195: -SERVICE [/mavros/set_logger_level] /mavros rosrpc://localhost:58959
[rosmaster.master][INFO] 2026-06-18 16:09:47,196: -SERVICE [/mavros/cmd/command] /mavros rosrpc://localhost:58959
[rosmaster.master][INFO] 2026-06-18 16:09:47,196: -SERVICE [/mavros/cmd/command_ack] /mavros rosrpc://localhost:58959
[rosmaster.master][INFO] 2026-06-18 16:09:47,197: -SERVICE [/mavros/cmd/command_int] /mavros rosrpc://localhost:58959
[rosmaster.master][INFO] 2026-06-18 16:09:47,197: -SERVICE [/mavros/cmd/arming] /mavros rosrpc://localhost:58959
[rosmaster.master][INFO] 2026-06-18 16:09:47,198: -SERVICE [/mavros/cmd/set_home] /mavros rosrpc://localhost:58959
[rosmaster.master][INFO] 2026-06-18 16:09:47,198: -SERVICE [/mavros/cmd/takeoff] /mavros rosrpc://localhost:58959
[rosmaster.master][INFO] 2026-06-18 16:09:47,198: -SERVICE [/mavros/cmd/land] /mavros rosrpc://localhost:58959
[rosmaster.master][INFO] 2026-06-18 16:09:47,198: -SERVICE [/mavros/cmd/trigger_control] /mavros rosrpc://localhost:58959
[rosmaster.master][INFO] 2026-06-18 16:09:47,199: -SERVICE [/mavros/cmd/trigger_interval] /mavros rosrpc://localhost:58959
[rosmaster.master][INFO] 2026-06-18 16:09:47,199: -SERVICE [/mavros/cmd/vtol_transition] /mavros rosrpc://localhost:58959
[rosmaster.master][INFO] 2026-06-18 16:09:47,200: -SERVICE [/mavros/geofence/pull] /mavros rosrpc://localhost:58959
[rosmaster.master][INFO] 2026-06-18 16:09:47,200: -SERVICE [/mavros/geofence/push] /mavros rosrpc://localhost:58959
[rosmaster.master][INFO] 2026-06-18 16:09:47,200: -SERVICE [/mavros/geofence/clear] /mavros rosrpc://localhost:58959
[rosmaster.master][INFO] 2026-06-18 16:09:47,200: -SERVICE [/mavros/home_position/req_update] /mavros rosrpc://localhost:58959
[rosmaster.master][INFO] 2026-06-18 16:09:47,201: -SERVICE [/mavros/log_transfer/raw/log_request_list] /mavros rosrpc://localhost:58959
[rosmaster.master][INFO] 2026-06-18 16:09:47,201: -SERVICE [/mavros/log_transfer/raw/log_request_data] /mavros rosrpc://localhost:58959
[rosmaster.master][INFO] 2026-06-18 16:09:47,201: -SERVICE [/mavros/log_transfer/raw/log_request_end] /mavros rosrpc://localhost:58959
[rosmaster.master][INFO] 2026-06-18 16:09:47,202: -SERVICE [/mavros/log_transfer/raw/log_request_erase] /mavros rosrpc://localhost:58959
[rosmaster.master][INFO] 2026-06-18 16:09:47,202: -SERVICE [/mavros/mount_control/configure] /mavros rosrpc://localhost:58959
[rosmaster.master][INFO] 2026-06-18 16:09:47,202: -SERVICE [/mavros/param/pull] /mavros rosrpc://localhost:58959
[rosmaster.master][INFO] 2026-06-18 16:09:47,202: -SERVICE [/mavros/param/push] /mavros rosrpc://localhost:58959
[rosmaster.master][INFO] 2026-06-18 16:09:47,203: -SERVICE [/mavros/param/set] /mavros rosrpc://localhost:58959
[rosmaster.master][INFO] 2026-06-18 16:09:47,203: -SERVICE [/mavros/param/get] /mavros rosrpc://localhost:58959
[rosmaster.master][INFO] 2026-06-18 16:09:47,203: -SERVICE [/mavros/rallypoint/pull] /mavros rosrpc://localhost:58959
[rosmaster.master][INFO] 2026-06-18 16:09:47,204: -SERVICE [/mavros/rallypoint/push] /mavros rosrpc://localhost:58959
[rosmaster.master][INFO] 2026-06-18 16:09:47,204: -SERVICE [/mavros/rallypoint/clear] /mavros rosrpc://localhost:58959
[rosmaster.master][INFO] 2026-06-18 16:09:47,205: -SERVICE [/mavros/setpoint_position/mav_frame] /mavros rosrpc://localhost:58959
[rosmaster.master][INFO] 2026-06-18 16:09:47,205: -SERVICE [/mavros/setpoint_trajectory/reset] /mavros rosrpc://localhost:58959
[rosmaster.master][INFO] 2026-06-18 16:09:47,205: -SERVICE [/mavros/setpoint_trajectory/mav_frame] /mavros rosrpc://localhost:58959
[rosmaster.master][INFO] 2026-06-18 16:09:47,205: -SERVICE [/mavros/setpoint_velocity/mav_frame] /mavros rosrpc://localhost:58959
[rosmaster.master][INFO] 2026-06-18 16:09:47,206: -SERVICE [/mavros/set_stream_rate] /mavros rosrpc://localhost:58959
[rosmaster.master][INFO] 2026-06-18 16:09:47,206: -SERVICE [/mavros/set_mode] /mavros rosrpc://localhost:58959
[rosmaster.master][INFO] 2026-06-18 16:09:47,207: -SERVICE [/mavros/vehicle_info_get] /mavros rosrpc://localhost:58959
[rosmaster.master][INFO] 2026-06-18 16:09:47,207: -SERVICE [/mavros/set_message_interval] /mavros rosrpc://localhost:58959
[rosmaster.master][INFO] 2026-06-18 16:09:47,207: -SERVICE [/mavros/mission/pull] /mavros rosrpc://localhost:58959
[rosmaster.master][INFO] 2026-06-18 16:09:47,208: -SERVICE [/mavros/mission/push] /mavros rosrpc://localhost:58959
[rosmaster.master][INFO] 2026-06-18 16:09:47,208: -SERVICE [/mavros/mission/clear] /mavros rosrpc://localhost:58959
[rosmaster.master][INFO] 2026-06-18 16:09:47,208: -SERVICE [/mavros/mission/set_current] /mavros rosrpc://localhost:58959
[rosmaster.master][INFO] 2026-06-18 16:09:47,210: -CACHEDPARAM [/mavros/diagnostic_period] by /mavros
[rosmaster.master][INFO] 2026-06-18 16:09:47,210: -CACHEDPARAM [/rosout_disable_topics_generation] by /mavros
[rosmaster.master][INFO] 2026-06-18 16:09:47,247: publisherUpdate[/mavros/local_position/pose] -> http://localhost:45765/ []
[rosmaster.master][INFO] 2026-06-18 16:09:47,248: publisherUpdate[/mavros/local_position/pose] -> http://localhost:45765/ []: sec=0.00, exception=<Fault -1: 'publisherUpdate: unknown method name'>
[rosmaster.threadpool][ERROR] 2026-06-18 16:09:47,248: Traceback (most recent call last):
  File "/opt/ros/noetic/lib/python3/dist-packages/rosmaster/threadpool.py", line 218, in run
    result = cmd(*args)
  File "/opt/ros/noetic/lib/python3/dist-packages/rosmaster/master_api.py", line 210, in publisher_update_task
    ret = xmlrpcapi(api).publisherUpdate('/master', topic, pub_uris)
  File "/usr/lib/python3.8/xmlrpc/client.py", line 1109, in __call__
    return self.__send(self.__name, args)
  File "/usr/lib/python3.8/xmlrpc/client.py", line 1450, in __request
    response = self.__transport.request(
  File "/usr/lib/python3.8/xmlrpc/client.py", line 1153, in request
    return self.single_request(host, handler, request_body, verbose)
  File "/usr/lib/python3.8/xmlrpc/client.py", line 1169, in single_request
    return self.parse_response(resp)
  File "/usr/lib/python3.8/xmlrpc/client.py", line 1341, in parse_response
    return u.close()
  File "/usr/lib/python3.8/xmlrpc/client.py", line 655, in close
    raise Fault(**self._stack[0])
xmlrpc.client.Fault: <Fault -1: 'publisherUpdate: unknown method name'>

[rosmaster.master][INFO] 2026-06-18 16:09:47,248: publisherUpdate[/mavros/local_position/velocity_body] -> http://localhost:40819/ []
[rosmaster.master][INFO] 2026-06-18 16:09:47,248: publisherUpdate[/mavros/local_position/velocity_body] -> http://localhost:40819/ []: sec=0.00, exception=[Errno 111] Connection refused
[rosmaster.threadpool][ERROR] 2026-06-18 16:09:47,254: Traceback (most recent call last):
  File "/opt/ros/noetic/lib/python3/dist-packages/rosmaster/threadpool.py", line 218, in run
    result = cmd(*args)
  File "/opt/ros/noetic/lib/python3/dist-packages/rosmaster/master_api.py", line 210, in publisher_update_task
    ret = xmlrpcapi(api).publisherUpdate('/master', topic, pub_uris)
  File "/usr/lib/python3.8/xmlrpc/client.py", line 1109, in __call__
    return self.__send(self.__name, args)
  File "/usr/lib/python3.8/xmlrpc/client.py", line 1450, in __request
    response = self.__transport.request(
  File "/usr/lib/python3.8/xmlrpc/client.py", line 1153, in request
    return self.single_request(host, handler, request_body, verbose)
  File "/usr/lib/python3.8/xmlrpc/client.py", line 1165, in single_request
    http_conn = self.send_request(host, handler, request_body, verbose)
  File "/usr/lib/python3.8/xmlrpc/client.py", line 1278, in send_request
    self.send_content(connection, request_body)
  File "/usr/lib/python3.8/xmlrpc/client.py", line 1308, in send_content
    connection.endheaders(request_body)
  File "/usr/lib/python3.8/http/client.py", line 1251, in endheaders
    self._send_output(message_body, encode_chunked=encode_chunked)
  File "/usr/lib/python3.8/http/client.py", line 1011, in _send_output
    self.send(msg)
  File "/usr/lib/python3.8/http/client.py", line 951, in send
    self.connect()
  File "/usr/lib/python3.8/http/client.py", line 922, in connect
    self.sock = self._create_connection(
  File "/usr/lib/python3.8/socket.py", line 808, in create_connection
    raise err
  File "/usr/lib/python3.8/socket.py", line 796, in create_connection
    sock.connect(sa)
ConnectionRefusedError: [Errno 111] Connection refused

[rosmaster.master][INFO] 2026-06-18 16:09:47,254: publisherUpdate[/mavros/battery] -> http://localhost:40819/ []
[rosmaster.master][INFO] 2026-06-18 16:09:47,254: publisherUpdate[/mavros/battery] -> http://localhost:40819/ []: sec=0.00, exception=[Errno 111] Connection refused
[rosmaster.threadpool][ERROR] 2026-06-18 16:09:47,254: Traceback (most recent call last):
  File "/opt/ros/noetic/lib/python3/dist-packages/rosmaster/threadpool.py", line 218, in run
    result = cmd(*args)
  File "/opt/ros/noetic/lib/python3/dist-packages/rosmaster/master_api.py", line 210, in publisher_update_task
    ret = xmlrpcapi(api).publisherUpdate('/master', topic, pub_uris)
  File "/usr/lib/python3.8/xmlrpc/client.py", line 1109, in __call__
    return self.__send(self.__name, args)
  File "/usr/lib/python3.8/xmlrpc/client.py", line 1450, in __request
    response = self.__transport.request(
  File "/usr/lib/python3.8/xmlrpc/client.py", line 1153, in request
    return self.single_request(host, handler, request_body, verbose)
  File "/usr/lib/python3.8/xmlrpc/client.py", line 1165, in single_request
    http_conn = self.send_request(host, handler, request_body, verbose)
  File "/usr/lib/python3.8/xmlrpc/client.py", line 1278, in send_request
    self.send_content(connection, request_body)
  File "/usr/lib/python3.8/xmlrpc/client.py", line 1308, in send_content
    connection.endheaders(request_body)
  File "/usr/lib/python3.8/http/client.py", line 1251, in endheaders
    self._send_output(message_body, encode_chunked=encode_chunked)
  File "/usr/lib/python3.8/http/client.py", line 1011, in _send_output
    self.send(msg)
  File "/usr/lib/python3.8/http/client.py", line 951, in send
    self.connect()
  File "/usr/lib/python3.8/http/client.py", line 922, in connect
    self.sock = self._create_connection(
  File "/usr/lib/python3.8/socket.py", line 808, in create_connection
    raise err
  File "/usr/lib/python3.8/socket.py", line 796, in create_connection
    sock.connect(sa)
ConnectionRefusedError: [Errno 111] Connection refused

[rosmaster.master][INFO] 2026-06-18 16:09:56,945: -PUB [/rosout_agg] /rosout http://localhost:39695/
[rosmaster.master][INFO] 2026-06-18 16:09:56,946: -SUB [/rosout] /rosout http://localhost:39695/
[rosmaster.master][INFO] 2026-06-18 16:09:56,946: -SERVICE [/rosout/get_loggers] /rosout rosrpc://localhost:35977
[rosmaster.master][INFO] 2026-06-18 16:09:56,947: -SERVICE [/rosout/set_logger_level] /rosout rosrpc://localhost:35977
[rosmaster.master][INFO] 2026-06-18 16:09:56,947: -CACHEDPARAM [/rosout/omit_topics] by /rosout
[rosmaster.main][INFO] 2026-06-18 16:09:57,035: keyboard interrupt, will exit
[rosmaster.main][INFO] 2026-06-18 16:09:57,035: stopping master...
[rospy.core][INFO] 2026-06-18 16:09:57,035: signal_shutdown [atexit]
