[rosmaster.main][INFO] 2026-06-20 22:57:50,929: initialization complete, waiting for shutdown
[rosmaster.main][INFO] 2026-06-20 22:57:50,929: Starting ROS Master Node
[xmlrpc][INFO] 2026-06-20 22:57:50,934: XML-RPC server binding to 127.0.0.1:11311
[xmlrpc][INFO] 2026-06-20 22:57:50,934: Started XML-RPC server [http://localhost:11311/]
[xmlrpc][INFO] 2026-06-20 22:57:50,934: xml rpc node: starting XML-RPC server
[rosmaster.master][INFO] 2026-06-20 22:57:50,934: Master initialized: port[11311], uri[http://localhost:11311/]
[rosmaster.master][INFO] 2026-06-20 22:57:50,948: +PARAM [/run_id] by /roslaunch
[rosmaster.master][INFO] 2026-06-20 22:57:50,949: +PARAM [/roslaunch/uris/host_localhost__35593] by /roslaunch
[rosmaster.master][INFO] 2026-06-20 22:57:50,985: +PARAM [/rosversion] by /roslaunch
[rosmaster.master][INFO] 2026-06-20 22:57:50,985: +PARAM [/rosdistro] by /roslaunch
[rosmaster.master][INFO] 2026-06-20 22:57:51,069: +SERVICE [/rosout/get_loggers] /rosout http://localhost:34665/
[rosmaster.master][INFO] 2026-06-20 22:57:51,070: +SERVICE [/rosout/set_logger_level] /rosout http://localhost:34665/
[rosmaster.master][INFO] 2026-06-20 22:57:51,071: +PUB [/rosout_agg] /rosout http://localhost:34665/
[rosmaster.master][INFO] 2026-06-20 22:57:51,073: +SUB [/rosout] /rosout http://localhost:34665/
[rosmaster.master][INFO] 2026-06-20 22:58:25,159: +PARAM [/roslaunch/uris/host_localhost__41173] by /roslaunch
[rosmaster.master][INFO] 2026-06-20 22:58:25,167: +PARAM [/rosversion] by /roslaunch
[rosmaster.master][INFO] 2026-06-20 22:58:25,168: +PARAM [/rosdistro] by /roslaunch
[rosmaster.master][INFO] 2026-06-20 22:58:25,168: +PARAM [/mavros/plugin_blacklist] by /roslaunch
[rosmaster.master][INFO] 2026-06-20 22:58:25,168: +PARAM [/mavros/plugin_whitelist] by /roslaunch
[rosmaster.master][INFO] 2026-06-20 22:58:25,168: +PARAM [/mavros/startup_px4_usb_quirk] by /roslaunch
[rosmaster.master][INFO] 2026-06-20 22:58:25,168: +PARAM [/mavros/conn/heartbeat_rate] by /roslaunch
[rosmaster.master][INFO] 2026-06-20 22:58:25,168: +PARAM [/mavros/conn/heartbeat_mav_type] by /roslaunch
[rosmaster.master][INFO] 2026-06-20 22:58:25,168: +PARAM [/mavros/conn/timeout] by /roslaunch
[rosmaster.master][INFO] 2026-06-20 22:58:25,168: +PARAM [/mavros/conn/timesync_rate] by /roslaunch
[rosmaster.master][INFO] 2026-06-20 22:58:25,168: +PARAM [/mavros/conn/system_time_rate] by /roslaunch
[rosmaster.master][INFO] 2026-06-20 22:58:25,168: +PARAM [/mavros/sys/min_voltage] by /roslaunch
[rosmaster.master][INFO] 2026-06-20 22:58:25,168: +PARAM [/mavros/sys/disable_diag] by /roslaunch
[rosmaster.master][INFO] 2026-06-20 22:58:25,168: +PARAM [/mavros/time/time_ref_source] by /roslaunch
[rosmaster.master][INFO] 2026-06-20 22:58:25,168: +PARAM [/mavros/time/timesync_mode] by /roslaunch
[rosmaster.master][INFO] 2026-06-20 22:58:25,169: +PARAM [/mavros/time/timesync_avg_alpha] by /roslaunch
[rosmaster.master][INFO] 2026-06-20 22:58:25,169: +PARAM [/mavros/tdr_radio/low_rssi] by /roslaunch
[rosmaster.master][INFO] 2026-06-20 22:58:25,169: +PARAM [/mavros/cmd/use_comp_id_system_control] by /roslaunch
[rosmaster.master][INFO] 2026-06-20 22:58:25,169: +PARAM [/mavros/global_position/frame_id] by /roslaunch
[rosmaster.master][INFO] 2026-06-20 22:58:25,169: +PARAM [/mavros/global_position/child_frame_id] by /roslaunch
[rosmaster.master][INFO] 2026-06-20 22:58:25,169: +PARAM [/mavros/global_position/rot_covariance] by /roslaunch
[rosmaster.master][INFO] 2026-06-20 22:58:25,169: +PARAM [/mavros/global_position/gps_uere] by /roslaunch
[rosmaster.master][INFO] 2026-06-20 22:58:25,169: +PARAM [/mavros/global_position/use_relative_alt] by /roslaunch
[rosmaster.master][INFO] 2026-06-20 22:58:25,169: +PARAM [/mavros/global_position/tf/send] by /roslaunch
[rosmaster.master][INFO] 2026-06-20 22:58:25,169: +PARAM [/mavros/global_position/tf/frame_id] by /roslaunch
[rosmaster.master][INFO] 2026-06-20 22:58:25,169: +PARAM [/mavros/global_position/tf/global_frame_id] by /roslaunch
[rosmaster.master][INFO] 2026-06-20 22:58:25,169: +PARAM [/mavros/global_position/tf/child_frame_id] by /roslaunch
[rosmaster.master][INFO] 2026-06-20 22:58:25,169: +PARAM [/mavros/imu/frame_id] by /roslaunch
[rosmaster.master][INFO] 2026-06-20 22:58:25,169: +PARAM [/mavros/imu/linear_acceleration_stdev] by /roslaunch
[rosmaster.master][INFO] 2026-06-20 22:58:25,169: +PARAM [/mavros/imu/angular_velocity_stdev] by /roslaunch
[rosmaster.master][INFO] 2026-06-20 22:58:25,169: +PARAM [/mavros/imu/orientation_stdev] by /roslaunch
[rosmaster.master][INFO] 2026-06-20 22:58:25,170: +PARAM [/mavros/imu/magnetic_stdev] by /roslaunch
[rosmaster.master][INFO] 2026-06-20 22:58:25,170: +PARAM [/mavros/local_position/frame_id] by /roslaunch
[rosmaster.master][INFO] 2026-06-20 22:58:25,170: +PARAM [/mavros/local_position/tf/send] by /roslaunch
[rosmaster.master][INFO] 2026-06-20 22:58:25,170: +PARAM [/mavros/local_position/tf/frame_id] by /roslaunch
[rosmaster.master][INFO] 2026-06-20 22:58:25,170: +PARAM [/mavros/local_position/tf/child_frame_id] by /roslaunch
[rosmaster.master][INFO] 2026-06-20 22:58:25,170: +PARAM [/mavros/local_position/tf/send_fcu] by /roslaunch
[rosmaster.master][INFO] 2026-06-20 22:58:25,170: +PARAM [/mavros/safety_area/p1/x] by /roslaunch
[rosmaster.master][INFO] 2026-06-20 22:58:25,170: +PARAM [/mavros/safety_area/p1/y] by /roslaunch
[rosmaster.master][INFO] 2026-06-20 22:58:25,170: +PARAM [/mavros/safety_area/p1/z] by /roslaunch
[rosmaster.master][INFO] 2026-06-20 22:58:25,170: +PARAM [/mavros/safety_area/p2/x] by /roslaunch
[rosmaster.master][INFO] 2026-06-20 22:58:25,170: +PARAM [/mavros/safety_area/p2/y] by /roslaunch
[rosmaster.master][INFO] 2026-06-20 22:58:25,170: +PARAM [/mavros/safety_area/p2/z] by /roslaunch
[rosmaster.master][INFO] 2026-06-20 22:58:25,170: +PARAM [/mavros/setpoint_accel/send_force] by /roslaunch
[rosmaster.master][INFO] 2026-06-20 22:58:25,170: +PARAM [/mavros/setpoint_attitude/reverse_thrust] by /roslaunch
[rosmaster.master][INFO] 2026-06-20 22:58:25,170: +PARAM [/mavros/setpoint_attitude/use_quaternion] by /roslaunch
[rosmaster.master][INFO] 2026-06-20 22:58:25,170: +PARAM [/mavros/setpoint_attitude/tf/listen] by /roslaunch
[rosmaster.master][INFO] 2026-06-20 22:58:25,170: +PARAM [/mavros/setpoint_attitude/tf/frame_id] by /roslaunch
[rosmaster.master][INFO] 2026-06-20 22:58:25,170: +PARAM [/mavros/setpoint_attitude/tf/child_frame_id] by /roslaunch
[rosmaster.master][INFO] 2026-06-20 22:58:25,170: +PARAM [/mavros/setpoint_attitude/tf/rate_limit] by /roslaunch
[rosmaster.master][INFO] 2026-06-20 22:58:25,170: +PARAM [/mavros/setpoint_raw/thrust_scaling] by /roslaunch
[rosmaster.master][INFO] 2026-06-20 22:58:25,170: +PARAM [/mavros/setpoint_position/tf/listen] by /roslaunch
[rosmaster.master][INFO] 2026-06-20 22:58:25,170: +PARAM [/mavros/setpoint_position/tf/frame_id] by /roslaunch
[rosmaster.master][INFO] 2026-06-20 22:58:25,170: +PARAM [/mavros/setpoint_position/tf/child_frame_id] by /roslaunch
[rosmaster.master][INFO] 2026-06-20 22:58:25,170: +PARAM [/mavros/setpoint_position/tf/rate_limit] by /roslaunch
[rosmaster.master][INFO] 2026-06-20 22:58:25,170: +PARAM [/mavros/setpoint_position/mav_frame] by /roslaunch
[rosmaster.master][INFO] 2026-06-20 22:58:25,170: +PARAM [/mavros/guided_target/tf/listen] by /roslaunch
[rosmaster.master][INFO] 2026-06-20 22:58:25,170: +PARAM [/mavros/guided_target/tf/frame_id] by /roslaunch
[rosmaster.master][INFO] 2026-06-20 22:58:25,170: +PARAM [/mavros/guided_target/tf/child_frame_id] by /roslaunch
[rosmaster.master][INFO] 2026-06-20 22:58:25,170: +PARAM [/mavros/guided_target/tf/rate_limit] by /roslaunch
[rosmaster.master][INFO] 2026-06-20 22:58:25,170: +PARAM [/mavros/setpoint_velocity/mav_frame] by /roslaunch
[rosmaster.master][INFO] 2026-06-20 22:58:25,170: +PARAM [/mavros/mission/pull_after_gcs] by /roslaunch
[rosmaster.master][INFO] 2026-06-20 22:58:25,170: +PARAM [/mavros/mission/use_mission_item_int] by /roslaunch
[rosmaster.master][INFO] 2026-06-20 22:58:25,170: +PARAM [/mavros/distance_sensor/rangefinder_pub/id] by /roslaunch
[rosmaster.master][INFO] 2026-06-20 22:58:25,171: +PARAM [/mavros/distance_sensor/rangefinder_pub/frame_id] by /roslaunch
[rosmaster.master][INFO] 2026-06-20 22:58:25,171: +PARAM [/mavros/distance_sensor/rangefinder_pub/field_of_view] by /roslaunch
[rosmaster.master][INFO] 2026-06-20 22:58:25,171: +PARAM [/mavros/distance_sensor/rangefinder_pub/send_tf] by /roslaunch
[rosmaster.master][INFO] 2026-06-20 22:58:25,171: +PARAM [/mavros/distance_sensor/rangefinder_pub/sensor_position/x] by /roslaunch
[rosmaster.master][INFO] 2026-06-20 22:58:25,171: +PARAM [/mavros/distance_sensor/rangefinder_pub/sensor_position/y] by /roslaunch
[rosmaster.master][INFO] 2026-06-20 22:58:25,171: +PARAM [/mavros/distance_sensor/rangefinder_pub/sensor_position/z] by /roslaunch
[rosmaster.master][INFO] 2026-06-20 22:58:25,171: +PARAM [/mavros/distance_sensor/rangefinder_sub/subscriber] by /roslaunch
[rosmaster.master][INFO] 2026-06-20 22:58:25,171: +PARAM [/mavros/distance_sensor/rangefinder_sub/id] by /roslaunch
[rosmaster.master][INFO] 2026-06-20 22:58:25,171: +PARAM [/mavros/distance_sensor/rangefinder_sub/orientation] by /roslaunch
[rosmaster.master][INFO] 2026-06-20 22:58:25,171: +PARAM [/mavros/image/frame_id] by /roslaunch
[rosmaster.master][INFO] 2026-06-20 22:58:25,171: +PARAM [/mavros/fake_gps/use_mocap] by /roslaunch
[rosmaster.master][INFO] 2026-06-20 22:58:25,171: +PARAM [/mavros/fake_gps/mocap_transform] by /roslaunch
[rosmaster.master][INFO] 2026-06-20 22:58:25,171: +PARAM [/mavros/fake_gps/mocap_withcovariance] by /roslaunch
[rosmaster.master][INFO] 2026-06-20 22:58:25,171: +PARAM [/mavros/fake_gps/use_vision] by /roslaunch
[rosmaster.master][INFO] 2026-06-20 22:58:25,171: +PARAM [/mavros/fake_gps/use_hil_gps] by /roslaunch
[rosmaster.master][INFO] 2026-06-20 22:58:25,171: +PARAM [/mavros/fake_gps/gps_id] by /roslaunch
[rosmaster.master][INFO] 2026-06-20 22:58:25,171: +PARAM [/mavros/fake_gps/geo_origin/lat] by /roslaunch
[rosmaster.master][INFO] 2026-06-20 22:58:25,171: +PARAM [/mavros/fake_gps/geo_origin/lon] by /roslaunch
[rosmaster.master][INFO] 2026-06-20 22:58:25,171: +PARAM [/mavros/fake_gps/geo_origin/alt] by /roslaunch
[rosmaster.master][INFO] 2026-06-20 22:58:25,171: +PARAM [/mavros/fake_gps/eph] by /roslaunch
[rosmaster.master][INFO] 2026-06-20 22:58:25,171: +PARAM [/mavros/fake_gps/epv] by /roslaunch
[rosmaster.master][INFO] 2026-06-20 22:58:25,171: +PARAM [/mavros/fake_gps/horiz_accuracy] by /roslaunch
[rosmaster.master][INFO] 2026-06-20 22:58:25,171: +PARAM [/mavros/fake_gps/vert_accuracy] by /roslaunch
[rosmaster.master][INFO] 2026-06-20 22:58:25,171: +PARAM [/mavros/fake_gps/speed_accuracy] by /roslaunch
[rosmaster.master][INFO] 2026-06-20 22:58:25,172: +PARAM [/mavros/fake_gps/satellites_visible] by /roslaunch
[rosmaster.master][INFO] 2026-06-20 22:58:25,172: +PARAM [/mavros/fake_gps/fix_type] by /roslaunch
[rosmaster.master][INFO] 2026-06-20 22:58:25,172: +PARAM [/mavros/fake_gps/tf/listen] by /roslaunch
[rosmaster.master][INFO] 2026-06-20 22:58:25,172: +PARAM [/mavros/fake_gps/tf/send] by /roslaunch
[rosmaster.master][INFO] 2026-06-20 22:58:25,172: +PARAM [/mavros/fake_gps/tf/frame_id] by /roslaunch
[rosmaster.master][INFO] 2026-06-20 22:58:25,172: +PARAM [/mavros/fake_gps/tf/child_frame_id] by /roslaunch
[rosmaster.master][INFO] 2026-06-20 22:58:25,172: +PARAM [/mavros/fake_gps/tf/rate_limit] by /roslaunch
[rosmaster.master][INFO] 2026-06-20 22:58:25,172: +PARAM [/mavros/fake_gps/gps_rate] by /roslaunch
[rosmaster.master][INFO] 2026-06-20 22:58:25,172: +PARAM [/mavros/landing_target/listen_lt] by /roslaunch
[rosmaster.master][INFO] 2026-06-20 22:58:25,172: +PARAM [/mavros/landing_target/mav_frame] by /roslaunch
[rosmaster.master][INFO] 2026-06-20 22:58:25,172: +PARAM [/mavros/landing_target/land_target_type] by /roslaunch
[rosmaster.master][INFO] 2026-06-20 22:58:25,172: +PARAM [/mavros/landing_target/image/width] by /roslaunch
[rosmaster.master][INFO] 2026-06-20 22:58:25,172: +PARAM [/mavros/landing_target/image/height] by /roslaunch
[rosmaster.master][INFO] 2026-06-20 22:58:25,172: +PARAM [/mavros/landing_target/camera/fov_x] by /roslaunch
[rosmaster.master][INFO] 2026-06-20 22:58:25,172: +PARAM [/mavros/landing_target/camera/fov_y] by /roslaunch
[rosmaster.master][INFO] 2026-06-20 22:58:25,172: +PARAM [/mavros/landing_target/tf/send] by /roslaunch
[rosmaster.master][INFO] 2026-06-20 22:58:25,172: +PARAM [/mavros/landing_target/tf/listen] by /roslaunch
[rosmaster.master][INFO] 2026-06-20 22:58:25,172: +PARAM [/mavros/landing_target/tf/frame_id] by /roslaunch
[rosmaster.master][INFO] 2026-06-20 22:58:25,172: +PARAM [/mavros/landing_target/tf/child_frame_id] by /roslaunch
[rosmaster.master][INFO] 2026-06-20 22:58:25,172: +PARAM [/mavros/landing_target/tf/rate_limit] by /roslaunch
[rosmaster.master][INFO] 2026-06-20 22:58:25,172: +PARAM [/mavros/landing_target/target_size/x] by /roslaunch
[rosmaster.master][INFO] 2026-06-20 22:58:25,172: +PARAM [/mavros/landing_target/target_size/y] by /roslaunch
[rosmaster.master][INFO] 2026-06-20 22:58:25,172: +PARAM [/mavros/mocap/use_tf] by /roslaunch
[rosmaster.master][INFO] 2026-06-20 22:58:25,172: +PARAM [/mavros/mocap/use_pose] by /roslaunch
[rosmaster.master][INFO] 2026-06-20 22:58:25,172: +PARAM [/mavros/mount/debounce_s] by /roslaunch
[rosmaster.master][INFO] 2026-06-20 22:58:25,172: +PARAM [/mavros/mount/err_threshold_deg] by /roslaunch
[rosmaster.master][INFO] 2026-06-20 22:58:25,172: +PARAM [/mavros/mount/negate_measured_roll] by /roslaunch
[rosmaster.master][INFO] 2026-06-20 22:58:25,172: +PARAM [/mavros/mount/negate_measured_pitch] by /roslaunch
[rosmaster.master][INFO] 2026-06-20 22:58:25,173: +PARAM [/mavros/mount/negate_measured_yaw] by /roslaunch
[rosmaster.master][INFO] 2026-06-20 22:58:25,173: +PARAM [/mavros/odometry/frame_tf/desired_frame] by /roslaunch
[rosmaster.master][INFO] 2026-06-20 22:58:25,173: +PARAM [/mavros/odometry/estimator_type] by /roslaunch
[rosmaster.master][INFO] 2026-06-20 22:58:25,173: +PARAM [/mavros/px4flow/frame_id] by /roslaunch
[rosmaster.master][INFO] 2026-06-20 22:58:25,173: +PARAM [/mavros/px4flow/ranger_fov] by /roslaunch
[rosmaster.master][INFO] 2026-06-20 22:58:25,173: +PARAM [/mavros/px4flow/ranger_min_range] by /roslaunch
[rosmaster.master][INFO] 2026-06-20 22:58:25,173: +PARAM [/mavros/px4flow/ranger_max_range] by /roslaunch
[rosmaster.master][INFO] 2026-06-20 22:58:25,173: +PARAM [/mavros/vision_pose/tf/listen] by /roslaunch
[rosmaster.master][INFO] 2026-06-20 22:58:25,173: +PARAM [/mavros/vision_pose/tf/frame_id] by /roslaunch
[rosmaster.master][INFO] 2026-06-20 22:58:25,173: +PARAM [/mavros/vision_pose/tf/child_frame_id] by /roslaunch
[rosmaster.master][INFO] 2026-06-20 22:58:25,173: +PARAM [/mavros/vision_pose/tf/rate_limit] by /roslaunch
[rosmaster.master][INFO] 2026-06-20 22:58:25,173: +PARAM [/mavros/vision_speed/listen_twist] by /roslaunch
[rosmaster.master][INFO] 2026-06-20 22:58:25,173: +PARAM [/mavros/vision_speed/twist_cov] by /roslaunch
[rosmaster.master][INFO] 2026-06-20 22:58:25,173: +PARAM [/mavros/vibration/frame_id] by /roslaunch
[rosmaster.master][INFO] 2026-06-20 22:58:25,173: +PARAM [/mavros/wheel_odometry/count] by /roslaunch
[rosmaster.master][INFO] 2026-06-20 22:58:25,173: +PARAM [/mavros/wheel_odometry/use_rpm] by /roslaunch
[rosmaster.master][INFO] 2026-06-20 22:58:25,173: +PARAM [/mavros/wheel_odometry/wheel0/x] by /roslaunch
[rosmaster.master][INFO] 2026-06-20 22:58:25,173: +PARAM [/mavros/wheel_odometry/wheel0/y] by /roslaunch
[rosmaster.master][INFO] 2026-06-20 22:58:25,173: +PARAM [/mavros/wheel_odometry/wheel0/radius] by /roslaunch
[rosmaster.master][INFO] 2026-06-20 22:58:25,173: +PARAM [/mavros/wheel_odometry/wheel1/x] by /roslaunch
[rosmaster.master][INFO] 2026-06-20 22:58:25,173: +PARAM [/mavros/wheel_odometry/wheel1/y] by /roslaunch
[rosmaster.master][INFO] 2026-06-20 22:58:25,173: +PARAM [/mavros/wheel_odometry/wheel1/radius] by /roslaunch
[rosmaster.master][INFO] 2026-06-20 22:58:25,173: +PARAM [/mavros/wheel_odometry/send_raw] by /roslaunch
[rosmaster.master][INFO] 2026-06-20 22:58:25,173: +PARAM [/mavros/wheel_odometry/send_twist] by /roslaunch
[rosmaster.master][INFO] 2026-06-20 22:58:25,173: +PARAM [/mavros/wheel_odometry/frame_id] by /roslaunch
[rosmaster.master][INFO] 2026-06-20 22:58:25,173: +PARAM [/mavros/wheel_odometry/child_frame_id] by /roslaunch
[rosmaster.master][INFO] 2026-06-20 22:58:25,173: +PARAM [/mavros/wheel_odometry/vel_error] by /roslaunch
[rosmaster.master][INFO] 2026-06-20 22:58:25,174: +PARAM [/mavros/wheel_odometry/tf/send] by /roslaunch
[rosmaster.master][INFO] 2026-06-20 22:58:25,174: +PARAM [/mavros/wheel_odometry/tf/frame_id] by /roslaunch
[rosmaster.master][INFO] 2026-06-20 22:58:25,174: +PARAM [/mavros/wheel_odometry/tf/child_frame_id] by /roslaunch
[rosmaster.master][INFO] 2026-06-20 22:58:25,174: +PARAM [/mavros/fcu_url] by /roslaunch
[rosmaster.master][INFO] 2026-06-20 22:58:25,174: +PARAM [/mavros/gcs_url] by /roslaunch
[rosmaster.master][INFO] 2026-06-20 22:58:25,174: +PARAM [/mavros/target_system_id] by /roslaunch
[rosmaster.master][INFO] 2026-06-20 22:58:25,174: +PARAM [/mavros/target_component_id] by /roslaunch
[rosmaster.master][INFO] 2026-06-20 22:58:25,174: +PARAM [/mavros/fcu_protocol] by /roslaunch
[rosmaster.master][INFO] 2026-06-20 22:58:25,332: +PUB [/rosout] /mavros http://localhost:33089/
[rosmaster.master][INFO] 2026-06-20 22:58:25,333: +SERVICE [/mavros/get_loggers] /mavros http://localhost:33089/
[rosmaster.master][INFO] 2026-06-20 22:58:25,334: +SERVICE [/mavros/set_logger_level] /mavros http://localhost:33089/
[rosmaster.master][INFO] 2026-06-20 22:58:25,335: +PUB [/diagnostics] /mavros http://localhost:33089/
[rosmaster.master][INFO] 2026-06-20 22:58:25,336: +CACHEDPARAM [/mavros/diagnostic_period] by /mavros
[rosmaster.master][INFO] 2026-06-20 22:58:25,351: +SUB [/tf] /mavros http://localhost:33089/
[rosmaster.master][INFO] 2026-06-20 22:58:25,353: +SUB [/tf_static] /mavros http://localhost:33089/
[rosmaster.master][INFO] 2026-06-20 22:58:25,353: +PUB [/tf] /mavros http://localhost:33089/
[rosmaster.master][INFO] 2026-06-20 22:58:25,354: +PUB [/tf_static] /mavros http://localhost:33089/
[rosmaster.master][INFO] 2026-06-20 22:58:25,406: +CACHEDPARAM [/rosout_disable_topics_generation] by /mavros
[rosmaster.master][INFO] 2026-06-20 22:58:25,409: +PUB [/mavlink/from] /mavros http://localhost:33089/
[rosmaster.master][INFO] 2026-06-20 22:58:25,411: +SUB [/mavlink/to] /mavros http://localhost:33089/
[rosmaster.master][INFO] 2026-06-20 22:58:25,420: publisherUpdate[/rosout] -> http://localhost:34665/ ['http://localhost:33089/']
[rosmaster.master][INFO] 2026-06-20 22:58:25,421: publisherUpdate[/tf] -> http://localhost:33089/ ['http://localhost:33089/']
[rosmaster.master][INFO] 2026-06-20 22:58:25,424: publisherUpdate[/tf] -> http://localhost:33089/ ['http://localhost:33089/']: sec=0.00, result=[1, '', 0]
[rosmaster.master][INFO] 2026-06-20 22:58:25,424: publisherUpdate[/tf_static] -> http://localhost:33089/ ['http://localhost:33089/']
[rosmaster.master][INFO] 2026-06-20 22:58:25,425: publisherUpdate[/rosout] -> http://localhost:34665/ ['http://localhost:33089/']: sec=0.00, result=[1, '', 0]
[rosmaster.master][INFO] 2026-06-20 22:58:25,425: publisherUpdate[/tf_static] -> http://localhost:33089/ ['http://localhost:33089/']: sec=0.00, result=[1, '', 0]
[rosmaster.master][INFO] 2026-06-20 22:58:25,469: +PUB [/mavros/radio_status] /mavros http://localhost:33089/
[rosmaster.master][INFO] 2026-06-20 22:58:25,521: +PUB [/mavros/adsb/vehicle] /mavros http://localhost:33089/
[rosmaster.master][INFO] 2026-06-20 22:58:25,524: +SUB [/mavros/adsb/send] /mavros http://localhost:33089/
[rosmaster.master][INFO] 2026-06-20 22:58:25,525: +PUB [/mavros/cam_imu_sync/cam_imu_stamp] /mavros http://localhost:33089/
[rosmaster.master][INFO] 2026-06-20 22:58:25,525: +PUB [/mavros/camera/image_captured] /mavros http://localhost:33089/
[rosmaster.master][INFO] 2026-06-20 22:58:25,528: +SUB [/mavros/cellular_status/status] /mavros http://localhost:33089/
[rosmaster.master][INFO] 2026-06-20 22:58:25,530: +SERVICE [/mavros/cmd/command] /mavros http://localhost:33089/
[rosmaster.master][INFO] 2026-06-20 22:58:25,530: +SERVICE [/mavros/cmd/command_ack] /mavros http://localhost:33089/
[rosmaster.master][INFO] 2026-06-20 22:58:25,531: +SERVICE [/mavros/cmd/command_int] /mavros http://localhost:33089/
[rosmaster.master][INFO] 2026-06-20 22:58:25,531: +SERVICE [/mavros/cmd/arming] /mavros http://localhost:33089/
[rosmaster.master][INFO] 2026-06-20 22:58:25,532: +SERVICE [/mavros/cmd/set_home] /mavros http://localhost:33089/
[rosmaster.master][INFO] 2026-06-20 22:58:25,532: +SERVICE [/mavros/cmd/takeoff] /mavros http://localhost:33089/
[rosmaster.master][INFO] 2026-06-20 22:58:25,533: +SERVICE [/mavros/cmd/land] /mavros http://localhost:33089/
[rosmaster.master][INFO] 2026-06-20 22:58:25,533: +SERVICE [/mavros/cmd/trigger_control] /mavros http://localhost:33089/
[rosmaster.master][INFO] 2026-06-20 22:58:25,534: +SERVICE [/mavros/cmd/trigger_interval] /mavros http://localhost:33089/
[rosmaster.master][INFO] 2026-06-20 22:58:25,534: +SERVICE [/mavros/cmd/vtol_transition] /mavros http://localhost:33089/
[rosmaster.master][INFO] 2026-06-20 22:58:25,537: +SUB [/mavros/companion_process/status] /mavros http://localhost:33089/
[rosmaster.master][INFO] 2026-06-20 22:58:25,541: +PUB [/mavros/distance_sensor/rangefinder_pub] /mavros http://localhost:33089/
[rosmaster.master][INFO] 2026-06-20 22:58:25,546: +SUB [/mavros/distance_sensor/rangefinder_sub] /mavros http://localhost:33089/
[rosmaster.master][INFO] 2026-06-20 22:58:25,547: +PUB [/mavros/esc_info] /mavros http://localhost:33089/
[rosmaster.master][INFO] 2026-06-20 22:58:25,547: +PUB [/mavros/esc_status] /mavros http://localhost:33089/
[rosmaster.master][INFO] 2026-06-20 22:58:25,549: +PUB [/mavros/esc_telemetry] /mavros http://localhost:33089/
[rosmaster.master][INFO] 2026-06-20 22:58:25,564: +SUB [/mavros/fake_gps/mocap/pose] /mavros http://localhost:33089/
[rosmaster.master][INFO] 2026-06-20 22:58:25,566: +PUB [/mavros/geofence/waypoints] /mavros http://localhost:33089/
[rosmaster.master][INFO] 2026-06-20 22:58:25,567: +SERVICE [/mavros/geofence/pull] /mavros http://localhost:33089/
[rosmaster.master][INFO] 2026-06-20 22:58:25,567: +SERVICE [/mavros/geofence/push] /mavros http://localhost:33089/
[rosmaster.master][INFO] 2026-06-20 22:58:25,567: +SERVICE [/mavros/geofence/clear] /mavros http://localhost:33089/
[rosmaster.master][INFO] 2026-06-20 22:58:25,573: +PUB [/mavros/global_position/raw/fix] /mavros http://localhost:33089/
[rosmaster.master][INFO] 2026-06-20 22:58:25,574: +PUB [/mavros/global_position/raw/gps_vel] /mavros http://localhost:33089/
[rosmaster.master][INFO] 2026-06-20 22:58:25,574: +PUB [/mavros/global_position/raw/satellites] /mavros http://localhost:33089/
[rosmaster.master][INFO] 2026-06-20 22:58:25,574: +PUB [/mavros/global_position/global] /mavros http://localhost:33089/
[rosmaster.master][INFO] 2026-06-20 22:58:25,575: +PUB [/mavros/global_position/local] /mavros http://localhost:33089/
[rosmaster.master][INFO] 2026-06-20 22:58:25,575: +PUB [/mavros/global_position/rel_alt] /mavros http://localhost:33089/
[rosmaster.master][INFO] 2026-06-20 22:58:25,575: +PUB [/mavros/global_position/compass_hdg] /mavros http://localhost:33089/
[rosmaster.master][INFO] 2026-06-20 22:58:25,576: +PUB [/mavros/global_position/gp_origin] /mavros http://localhost:33089/
[rosmaster.master][INFO] 2026-06-20 22:58:25,577: +SUB [/mavros/global_position/set_gp_origin] /mavros http://localhost:33089/
[rosmaster.master][INFO] 2026-06-20 22:58:25,579: +SUB [/mavros/home_position/home] /mavros http://localhost:33089/
[rosmaster.master][INFO] 2026-06-20 22:58:25,580: +PUB [/mavros/global_position/gp_lp_offset] /mavros http://localhost:33089/
[rosmaster.master][INFO] 2026-06-20 22:58:25,582: +SUB [/mavros/gps_input/gps_input] /mavros http://localhost:33089/
[rosmaster.master][INFO] 2026-06-20 22:58:25,584: +SUB [/mavros/gps_rtk/send_rtcm] /mavros http://localhost:33089/
[rosmaster.master][INFO] 2026-06-20 22:58:25,585: +PUB [/mavros/gps_rtk/rtk_baseline] /mavros http://localhost:33089/
[rosmaster.master][INFO] 2026-06-20 22:58:25,586: +PUB [/mavros/gpsstatus/gps1/raw] /mavros http://localhost:33089/
[rosmaster.master][INFO] 2026-06-20 22:58:25,586: +PUB [/mavros/gpsstatus/gps2/raw] /mavros http://localhost:33089/
[rosmaster.master][INFO] 2026-06-20 22:58:25,587: +PUB [/mavros/gpsstatus/gps1/rtk] /mavros http://localhost:33089/
[rosmaster.master][INFO] 2026-06-20 22:58:25,587: +PUB [/mavros/gpsstatus/gps2/rtk] /mavros http://localhost:33089/
[rosmaster.master][INFO] 2026-06-20 22:58:25,590: +PUB [/move_base_simple/goal] /mavros http://localhost:33089/
[rosmaster.master][INFO] 2026-06-20 22:58:25,592: +SUB [/mavros/global_position/gp_origin] /mavros http://localhost:33089/
[rosmaster.master][INFO] 2026-06-20 22:58:25,592: +PUB [/mavros/home_position/home] /mavros http://localhost:33089/
[rosmaster.master][INFO] 2026-06-20 22:58:25,594: +SUB [/mavros/home_position/set] /mavros http://localhost:33089/
[rosmaster.master][INFO] 2026-06-20 22:58:25,595: +SERVICE [/mavros/home_position/req_update] /mavros http://localhost:33089/
[rosmaster.master][INFO] 2026-06-20 22:58:25,599: +PUB [/mavros/imu/data] /mavros http://localhost:33089/
[rosmaster.master][INFO] 2026-06-20 22:58:25,599: +PUB [/mavros/imu/mag] /mavros http://localhost:33089/
[rosmaster.master][INFO] 2026-06-20 22:58:25,600: +PUB [/mavros/imu/temperature_imu] /mavros http://localhost:33089/
[rosmaster.master][INFO] 2026-06-20 22:58:25,600: +PUB [/mavros/imu/temperature_baro] /mavros http://localhost:33089/
[rosmaster.master][INFO] 2026-06-20 22:58:25,601: +PUB [/mavros/imu/static_pressure] /mavros http://localhost:33089/
[rosmaster.master][INFO] 2026-06-20 22:58:25,601: +PUB [/mavros/imu/diff_pressure] /mavros http://localhost:33089/
[rosmaster.master][INFO] 2026-06-20 22:58:25,601: +PUB [/mavros/imu/data_raw] /mavros http://localhost:33089/
[rosmaster.master][INFO] 2026-06-20 22:58:25,611: +PUB [/mavros/landing_target/pose_in] /mavros http://localhost:33089/
[rosmaster.master][INFO] 2026-06-20 22:58:25,611: +PUB [/mavros/landing_target/lt_marker] /mavros http://localhost:33089/
[rosmaster.master][INFO] 2026-06-20 22:58:25,613: +SUB [/mavros/landing_target/pose] /mavros http://localhost:33089/
[rosmaster.master][INFO] 2026-06-20 22:58:25,616: +PUB [/mavros/local_position/pose] /mavros http://localhost:33089/
[rosmaster.master][INFO] 2026-06-20 22:58:25,616: +PUB [/mavros/local_position/pose_cov] /mavros http://localhost:33089/
[rosmaster.master][INFO] 2026-06-20 22:58:25,617: +PUB [/mavros/local_position/velocity_local] /mavros http://localhost:33089/
[rosmaster.master][INFO] 2026-06-20 22:58:25,617: +PUB [/mavros/local_position/velocity_body] /mavros http://localhost:33089/
[rosmaster.master][INFO] 2026-06-20 22:58:25,618: +PUB [/mavros/local_position/velocity_body_cov] /mavros http://localhost:33089/
[rosmaster.master][INFO] 2026-06-20 22:58:25,618: +PUB [/mavros/local_position/accel] /mavros http://localhost:33089/
[rosmaster.master][INFO] 2026-06-20 22:58:25,619: +PUB [/mavros/local_position/odom] /mavros http://localhost:33089/
[rosmaster.master][INFO] 2026-06-20 22:58:25,619: +PUB [/mavros/log_transfer/raw/log_entry] /mavros http://localhost:33089/
[rosmaster.master][INFO] 2026-06-20 22:58:25,620: +PUB [/mavros/log_transfer/raw/log_data] /mavros http://localhost:33089/
[rosmaster.master][INFO] 2026-06-20 22:58:25,620: +SERVICE [/mavros/log_transfer/raw/log_request_list] /mavros http://localhost:33089/
[rosmaster.master][INFO] 2026-06-20 22:58:25,621: +SERVICE [/mavros/log_transfer/raw/log_request_data] /mavros http://localhost:33089/
[rosmaster.master][INFO] 2026-06-20 22:58:25,621: publisherUpdate[/mavros/home_position/home] -> http://localhost:33089/ ['http://localhost:33089/']
[rosmaster.master][INFO] 2026-06-20 22:58:25,621: +SERVICE [/mavros/log_transfer/raw/log_request_end] /mavros http://localhost:33089/
[rosmaster.master][INFO] 2026-06-20 22:58:25,622: +SERVICE [/mavros/log_transfer/raw/log_request_erase] /mavros http://localhost:33089/
[rosmaster.master][INFO] 2026-06-20 22:58:25,622: publisherUpdate[/mavros/home_position/home] -> http://localhost:33089/ ['http://localhost:33089/']: sec=0.00, result=[1, '', 0]
[rosmaster.master][INFO] 2026-06-20 22:58:25,623: +PUB [/mavros/mag_calibration/status] /mavros http://localhost:33089/
[rosmaster.master][INFO] 2026-06-20 22:58:25,623: +PUB [/mavros/mag_calibration/report] /mavros http://localhost:33089/
[rosmaster.master][INFO] 2026-06-20 22:58:25,624: +PUB [/mavros/manual_control/control] /mavros http://localhost:33089/
[rosmaster.master][INFO] 2026-06-20 22:58:25,626: +SUB [/mavros/manual_control/send] /mavros http://localhost:33089/
[rosmaster.master][INFO] 2026-06-20 22:58:25,627: +CACHEDPARAM [/rosout/omit_topics] by /rosout
[rosmaster.master][INFO] 2026-06-20 22:58:25,630: +SUB [/mavros/mocap/pose] /mavros http://localhost:33089/
[rosmaster.master][INFO] 2026-06-20 22:58:25,632: +SUB [/mavros/mount_control/command] /mavros http://localhost:33089/
[rosmaster.master][INFO] 2026-06-20 22:58:25,632: +PUB [/mavros/mount_control/orientation] /mavros http://localhost:33089/
[rosmaster.master][INFO] 2026-06-20 22:58:25,633: +PUB [/mavros/mount_control/status] /mavros http://localhost:33089/
[rosmaster.master][INFO] 2026-06-20 22:58:25,633: +SERVICE [/mavros/mount_control/configure] /mavros http://localhost:33089/
[rosmaster.master][INFO] 2026-06-20 22:58:25,638: +PUB [/mavros/nav_controller_output] /mavros http://localhost:33089/
[rosmaster.master][INFO] 2026-06-20 22:58:25,641: +SUB [/mavros/obstacle/send] /mavros http://localhost:33089/
[rosmaster.master][INFO] 2026-06-20 22:58:25,643: +PUB [/mavros/odometry/in] /mavros http://localhost:33089/
[rosmaster.master][INFO] 2026-06-20 22:58:25,645: +SUB [/mavros/odometry/out] /mavros http://localhost:33089/
[rosmaster.master][INFO] 2026-06-20 22:58:25,647: +SUB [/mavros/onboard_computer/status] /mavros http://localhost:33089/
[rosmaster.master][INFO] 2026-06-20 22:58:25,648: +SERVICE [/mavros/param/pull] /mavros http://localhost:33089/
[rosmaster.master][INFO] 2026-06-20 22:58:25,649: +SERVICE [/mavros/param/push] /mavros http://localhost:33089/
[rosmaster.master][INFO] 2026-06-20 22:58:25,649: +SERVICE [/mavros/param/set] /mavros http://localhost:33089/
[rosmaster.master][INFO] 2026-06-20 22:58:25,650: +SERVICE [/mavros/param/get] /mavros http://localhost:33089/
[rosmaster.master][INFO] 2026-06-20 22:58:25,650: +PUB [/mavros/param/param_value] /mavros http://localhost:33089/
[rosmaster.master][INFO] 2026-06-20 22:58:25,652: +SUB [/mavros/play_tune] /mavros http://localhost:33089/
[rosmaster.master][INFO] 2026-06-20 22:58:25,654: +PUB [/mavros/rallypoint/waypoints] /mavros http://localhost:33089/
[rosmaster.master][INFO] 2026-06-20 22:58:25,655: +SERVICE [/mavros/rallypoint/pull] /mavros http://localhost:33089/
[rosmaster.master][INFO] 2026-06-20 22:58:25,655: +SERVICE [/mavros/rallypoint/push] /mavros http://localhost:33089/
[rosmaster.master][INFO] 2026-06-20 22:58:25,656: +SERVICE [/mavros/rallypoint/clear] /mavros http://localhost:33089/
[rosmaster.master][INFO] 2026-06-20 22:58:25,657: +PUB [/mavros/rangefinder/rangefinder] /mavros http://localhost:33089/
[rosmaster.master][INFO] 2026-06-20 22:58:25,658: +PUB [/mavros/rc/in] /mavros http://localhost:33089/
[rosmaster.master][INFO] 2026-06-20 22:58:25,658: +PUB [/mavros/rc/out] /mavros http://localhost:33089/
[rosmaster.master][INFO] 2026-06-20 22:58:25,660: +SUB [/mavros/rc/override] /mavros http://localhost:33089/
[rosmaster.master][INFO] 2026-06-20 22:58:25,663: +SUB [/mavros/setpoint_accel/accel] /mavros http://localhost:33089/
[rosmaster.master][INFO] 2026-06-20 22:58:25,670: +SUB [/mavros/setpoint_attitude/thrust] /mavros http://localhost:33089/
[rosmaster.master][INFO] 2026-06-20 22:58:25,672: +SUB [/mavros/setpoint_attitude/cmd_vel] /mavros http://localhost:33089/
[rosmaster.master][INFO] 2026-06-20 22:58:25,680: +SUB [/mavros/setpoint_position/local] /mavros http://localhost:33089/
[rosmaster.master][INFO] 2026-06-20 22:58:25,682: +SUB [/mavros/setpoint_position/global] /mavros http://localhost:33089/
[rosmaster.master][INFO] 2026-06-20 22:58:25,684: +SUB [/mavros/setpoint_position/global_to_local] /mavros http://localhost:33089/
[rosmaster.master][INFO] 2026-06-20 22:58:25,686: +SUB [/mavros/global_position/global] /mavros http://localhost:33089/
[rosmaster.master][INFO] 2026-06-20 22:58:25,688: +SUB [/mavros/local_position/pose] /mavros http://localhost:33089/
[rosmaster.master][INFO] 2026-06-20 22:58:25,688: +SERVICE [/mavros/setpoint_position/mav_frame] /mavros http://localhost:33089/
[rosmaster.master][INFO] 2026-06-20 22:58:25,691: +SUB [/mavros/setpoint_raw/local] /mavros http://localhost:33089/
[rosmaster.master][INFO] 2026-06-20 22:58:25,692: +SUB [/mavros/setpoint_raw/global] /mavros http://localhost:33089/
[rosmaster.master][INFO] 2026-06-20 22:58:25,694: +SUB [/mavros/setpoint_raw/attitude] /mavros http://localhost:33089/
[rosmaster.master][INFO] 2026-06-20 22:58:25,695: +PUB [/mavros/setpoint_raw/target_local] /mavros http://localhost:33089/
[rosmaster.master][INFO] 2026-06-20 22:58:25,695: +PUB [/mavros/setpoint_raw/target_global] /mavros http://localhost:33089/
[rosmaster.master][INFO] 2026-06-20 22:58:25,696: +PUB [/mavros/setpoint_raw/target_attitude] /mavros http://localhost:33089/
[rosmaster.master][INFO] 2026-06-20 22:58:25,698: +SUB [/mavros/setpoint_trajectory/local] /mavros http://localhost:33089/
[rosmaster.master][INFO] 2026-06-20 22:58:25,699: +PUB [/mavros/setpoint_trajectory/desired] /mavros http://localhost:33089/
[rosmaster.master][INFO] 2026-06-20 22:58:25,699: +SERVICE [/mavros/setpoint_trajectory/reset] /mavros http://localhost:33089/
[rosmaster.master][INFO] 2026-06-20 22:58:25,700: +SERVICE [/mavros/setpoint_trajectory/mav_frame] /mavros http://localhost:33089/
[rosmaster.master][INFO] 2026-06-20 22:58:25,702: +SUB [/mavros/setpoint_velocity/cmd_vel] /mavros http://localhost:33089/
[rosmaster.master][INFO] 2026-06-20 22:58:25,704: +SUB [/mavros/setpoint_velocity/cmd_vel_unstamped] /mavros http://localhost:33089/
[rosmaster.master][INFO] 2026-06-20 22:58:25,704: +SERVICE [/mavros/setpoint_velocity/mav_frame] /mavros http://localhost:33089/
[rosmaster.master][INFO] 2026-06-20 22:58:25,709: +PUB [/mavros/state] /mavros http://localhost:33089/
[rosmaster.master][INFO] 2026-06-20 22:58:25,709: +PUB [/mavros/extended_state] /mavros http://localhost:33089/
[rosmaster.master][INFO] 2026-06-20 22:58:25,710: +PUB [/mavros/battery] /mavros http://localhost:33089/
[rosmaster.master][INFO] 2026-06-20 22:58:25,710: +PUB [/mavros/estimator_status] /mavros http://localhost:33089/
[rosmaster.master][INFO] 2026-06-20 22:58:25,710: +PUB [/mavros/statustext/recv] /mavros http://localhost:33089/
[rosmaster.master][INFO] 2026-06-20 22:58:25,711: +PUB [/mavros/sys_status] /mavros http://localhost:33089/
[rosmaster.master][INFO] 2026-06-20 22:58:25,712: +SUB [/mavros/statustext/send] /mavros http://localhost:33089/
[rosmaster.master][INFO] 2026-06-20 22:58:25,713: +SERVICE [/mavros/set_stream_rate] /mavros http://localhost:33089/
[rosmaster.master][INFO] 2026-06-20 22:58:25,713: +SERVICE [/mavros/set_mode] /mavros http://localhost:33089/
[rosmaster.master][INFO] 2026-06-20 22:58:25,714: +SERVICE [/mavros/vehicle_info_get] /mavros http://localhost:33089/
[rosmaster.master][INFO] 2026-06-20 22:58:25,714: +SERVICE [/mavros/set_message_interval] /mavros http://localhost:33089/
[rosmaster.master][INFO] 2026-06-20 22:58:25,720: +PUB [/mavros/time_reference] /mavros http://localhost:33089/
[rosmaster.master][INFO] 2026-06-20 22:58:25,720: +PUB [/mavros/timesync_status] /mavros http://localhost:33089/
[rosmaster.master][INFO] 2026-06-20 22:58:25,721: +PUB [/mavros/terrain/report] /mavros http://localhost:33089/
[rosmaster.master][INFO] 2026-06-20 22:58:25,724: +SUB [/mavros/trajectory/generated] /mavros http://localhost:33089/
[rosmaster.master][INFO] 2026-06-20 22:58:25,725: +SUB [/mavros/trajectory/path] /mavros http://localhost:33089/
[rosmaster.master][INFO] 2026-06-20 22:58:25,726: +PUB [/mavros/trajectory/desired] /mavros http://localhost:33089/
[rosmaster.master][INFO] 2026-06-20 22:58:25,728: +SUB [/mavros/tunnel/in] /mavros http://localhost:33089/
[rosmaster.master][INFO] 2026-06-20 22:58:25,729: +PUB [/mavros/tunnel/out] /mavros http://localhost:33089/
[rosmaster.master][INFO] 2026-06-20 22:58:25,730: +PUB [/mavros/vfr_hud] /mavros http://localhost:33089/
[rosmaster.master][INFO] 2026-06-20 22:58:25,734: +SUB [/mavros/vision_pose/pose] /mavros http://localhost:33089/
[rosmaster.master][INFO] 2026-06-20 22:58:25,736: +SUB [/mavros/vision_pose/pose_cov] /mavros http://localhost:33089/
[rosmaster.master][INFO] 2026-06-20 22:58:25,738: +PUB [/mavros/mission/waypoints] /mavros http://localhost:33089/
[rosmaster.master][INFO] 2026-06-20 22:58:25,739: +SERVICE [/mavros/mission/pull] /mavros http://localhost:33089/
[rosmaster.master][INFO] 2026-06-20 22:58:25,739: +SERVICE [/mavros/mission/push] /mavros http://localhost:33089/
[rosmaster.master][INFO] 2026-06-20 22:58:25,740: +SERVICE [/mavros/mission/clear] /mavros http://localhost:33089/
[rosmaster.master][INFO] 2026-06-20 22:58:25,740: +PUB [/mavros/mission/reached] /mavros http://localhost:33089/
[rosmaster.master][INFO] 2026-06-20 22:58:25,740: +SERVICE [/mavros/mission/set_current] /mavros http://localhost:33089/
[rosmaster.master][INFO] 2026-06-20 22:58:25,742: +PUB [/mavros/wind_estimation] /mavros http://localhost:33089/
[rosmaster.master][INFO] 2026-06-20 22:58:26,744: +PUB [/mavlink/gcs_ip] /mavros http://localhost:33089/
[rosmaster.master][INFO] 2026-06-20 22:58:49,893: +PUB [/rosout] /vertical_ascent_logger http://localhost:36635/
[rosmaster.master][INFO] 2026-06-20 22:58:49,896: +SERVICE [/vertical_ascent_logger/get_loggers] /vertical_ascent_logger http://localhost:36635/
[rosmaster.master][INFO] 2026-06-20 22:58:49,896: +SERVICE [/vertical_ascent_logger/set_logger_level] /vertical_ascent_logger http://localhost:36635/
[rosmaster.master][INFO] 2026-06-20 22:58:49,897: +PUB [/mavros/setpoint_raw/local] /vertical_ascent_logger http://localhost:36635/
[rosmaster.master][INFO] 2026-06-20 22:58:49,898: +SUB [/mavros/local_position/velocity_body] /vertical_ascent_logger http://localhost:36635/
[rosmaster.master][INFO] 2026-06-20 22:58:49,899: +SUB [/mavros/battery] /vertical_ascent_logger http://localhost:36635/
[rosmaster.master][INFO] 2026-06-20 22:58:49,901: +SUB [/mavros/local_position/pose] /vertical_ascent_logger http://localhost:36635/
[rosmaster.master][INFO] 2026-06-20 22:58:49,919: publisherUpdate[/rosout] -> http://localhost:34665/ ['http://localhost:33089/', 'http://localhost:36635/']
[rosmaster.master][INFO] 2026-06-20 22:58:49,920: publisherUpdate[/rosout] -> http://localhost:34665/ ['http://localhost:33089/', 'http://localhost:36635/']: sec=0.00, result=[1, '', 0]
[rosmaster.master][INFO] 2026-06-20 22:58:49,920: publisherUpdate[/mavros/setpoint_raw/local] -> http://localhost:33089/ ['http://localhost:36635/']
[rosmaster.master][INFO] 2026-06-20 22:58:49,921: publisherUpdate[/mavros/setpoint_raw/local] -> http://localhost:33089/ ['http://localhost:36635/']: sec=0.00, result=[1, '', 0]
[rosmaster.master][INFO] 2026-06-20 23:00:37,825: -SUB [/mavros/local_position/velocity_body] /vertical_ascent_logger http://localhost:36635/
[rosmaster.master][INFO] 2026-06-20 23:00:37,825: -SUB [/mavros/battery] /vertical_ascent_logger http://localhost:36635/
[rosmaster.master][INFO] 2026-06-20 23:00:37,825: -SUB [/mavros/local_position/pose] /vertical_ascent_logger http://localhost:36635/
[rosmaster.master][INFO] 2026-06-20 23:00:37,826: -PUB [/rosout] /vertical_ascent_logger http://localhost:36635/
[rosmaster.master][INFO] 2026-06-20 23:00:37,826: -PUB [/mavros/setpoint_raw/local] /vertical_ascent_logger http://localhost:36635/
[rosmaster.master][INFO] 2026-06-20 23:00:37,826: -SERVICE [/vertical_ascent_logger/get_loggers] /vertical_ascent_logger rosrpc://localhost:33091
[rosmaster.master][INFO] 2026-06-20 23:00:37,826: -SERVICE [/vertical_ascent_logger/set_logger_level] /vertical_ascent_logger rosrpc://localhost:33091
[rosmaster.master][INFO] 2026-06-20 23:00:37,861: publisherUpdate[/rosout] -> http://localhost:34665/ ['http://localhost:33089/']
[rosmaster.master][INFO] 2026-06-20 23:00:37,861: publisherUpdate[/mavros/setpoint_raw/local] -> http://localhost:33089/ []
[rosmaster.master][INFO] 2026-06-20 23:00:37,863: publisherUpdate[/rosout] -> http://localhost:34665/ ['http://localhost:33089/']: sec=0.00, result=[1, '', 0]
[rosmaster.master][INFO] 2026-06-20 23:00:37,864: publisherUpdate[/mavros/setpoint_raw/local] -> http://localhost:33089/ []: sec=0.00, result=[1, '', 0]
[rosmaster.master][INFO] 2026-06-20 23:09:59,027: -PUB [/rosout_agg] /rosout http://localhost:34665/
[rosmaster.master][INFO] 2026-06-20 23:09:59,029: -SUB [/rosout] /rosout http://localhost:34665/
[rosmaster.master][INFO] 2026-06-20 23:09:59,030: -SERVICE [/rosout/get_loggers] /rosout rosrpc://localhost:51881
[rosmaster.master][INFO] 2026-06-20 23:09:59,031: -SERVICE [/rosout/set_logger_level] /rosout rosrpc://localhost:51881
[rosmaster.master][INFO] 2026-06-20 23:09:59,031: -CACHEDPARAM [/rosout/omit_topics] by /rosout
[rosmaster.main][INFO] 2026-06-20 23:09:59,120: keyboard interrupt, will exit
[rosmaster.main][INFO] 2026-06-20 23:09:59,120: stopping master...
[rospy.core][INFO] 2026-06-20 23:09:59,121: signal_shutdown [atexit]
