[rosmaster.main][INFO] 2026-06-01 18:47:11,617: initialization complete, waiting for shutdown
[rosmaster.main][INFO] 2026-06-01 18:47:11,618: Starting ROS Master Node
[xmlrpc][INFO] 2026-06-01 18:47:11,619: XML-RPC server binding to 127.0.0.1:11311
[xmlrpc][INFO] 2026-06-01 18:47:11,619: Started XML-RPC server [http://localhost:11311/]
[xmlrpc][INFO] 2026-06-01 18:47:11,619: xml rpc node: starting XML-RPC server
[rosmaster.master][INFO] 2026-06-01 18:47:11,619: Master initialized: port[11311], uri[http://localhost:11311/]
[rosmaster.master][INFO] 2026-06-01 18:47:11,697: +PARAM [/run_id] by /roslaunch
[rosmaster.master][INFO] 2026-06-01 18:47:11,697: +PARAM [/roslaunch/uris/host_localhost__39115] by /roslaunch
[rosmaster.master][INFO] 2026-06-01 18:47:11,721: +PARAM [/rosversion] by /roslaunch
[rosmaster.master][INFO] 2026-06-01 18:47:11,721: +PARAM [/rosdistro] by /roslaunch
[rosmaster.master][INFO] 2026-06-01 18:47:11,751: +SERVICE [/rosout/get_loggers] /rosout http://localhost:40483/
[rosmaster.master][INFO] 2026-06-01 18:47:11,751: +SERVICE [/rosout/set_logger_level] /rosout http://localhost:40483/
[rosmaster.master][INFO] 2026-06-01 18:47:11,752: +PUB [/rosout_agg] /rosout http://localhost:40483/
[rosmaster.master][INFO] 2026-06-01 18:47:11,753: +SUB [/rosout] /rosout http://localhost:40483/
[rosmaster.master][INFO] 2026-06-01 18:47:27,989: +PARAM [/roslaunch/uris/host_localhost__39277] by /roslaunch
[rosmaster.master][INFO] 2026-06-01 18:47:27,993: +PARAM [/rosversion] by /roslaunch
[rosmaster.master][INFO] 2026-06-01 18:47:27,993: +PARAM [/rosdistro] by /roslaunch
[rosmaster.master][INFO] 2026-06-01 18:47:27,993: +PARAM [/mavros/plugin_blacklist] by /roslaunch
[rosmaster.master][INFO] 2026-06-01 18:47:27,993: +PARAM [/mavros/plugin_whitelist] by /roslaunch
[rosmaster.master][INFO] 2026-06-01 18:47:27,993: +PARAM [/mavros/startup_px4_usb_quirk] by /roslaunch
[rosmaster.master][INFO] 2026-06-01 18:47:27,993: +PARAM [/mavros/conn/heartbeat_rate] by /roslaunch
[rosmaster.master][INFO] 2026-06-01 18:47:27,993: +PARAM [/mavros/conn/heartbeat_mav_type] by /roslaunch
[rosmaster.master][INFO] 2026-06-01 18:47:27,993: +PARAM [/mavros/conn/timeout] by /roslaunch
[rosmaster.master][INFO] 2026-06-01 18:47:27,993: +PARAM [/mavros/conn/timesync_rate] by /roslaunch
[rosmaster.master][INFO] 2026-06-01 18:47:27,993: +PARAM [/mavros/conn/system_time_rate] by /roslaunch
[rosmaster.master][INFO] 2026-06-01 18:47:27,993: +PARAM [/mavros/sys/min_voltage] by /roslaunch
[rosmaster.master][INFO] 2026-06-01 18:47:27,993: +PARAM [/mavros/sys/disable_diag] by /roslaunch
[rosmaster.master][INFO] 2026-06-01 18:47:27,993: +PARAM [/mavros/time/time_ref_source] by /roslaunch
[rosmaster.master][INFO] 2026-06-01 18:47:27,993: +PARAM [/mavros/time/timesync_mode] by /roslaunch
[rosmaster.master][INFO] 2026-06-01 18:47:27,994: +PARAM [/mavros/time/timesync_avg_alpha] by /roslaunch
[rosmaster.master][INFO] 2026-06-01 18:47:27,994: +PARAM [/mavros/tdr_radio/low_rssi] by /roslaunch
[rosmaster.master][INFO] 2026-06-01 18:47:27,994: +PARAM [/mavros/cmd/use_comp_id_system_control] by /roslaunch
[rosmaster.master][INFO] 2026-06-01 18:47:27,994: +PARAM [/mavros/global_position/frame_id] by /roslaunch
[rosmaster.master][INFO] 2026-06-01 18:47:27,994: +PARAM [/mavros/global_position/child_frame_id] by /roslaunch
[rosmaster.master][INFO] 2026-06-01 18:47:27,994: +PARAM [/mavros/global_position/rot_covariance] by /roslaunch
[rosmaster.master][INFO] 2026-06-01 18:47:27,994: +PARAM [/mavros/global_position/gps_uere] by /roslaunch
[rosmaster.master][INFO] 2026-06-01 18:47:27,994: +PARAM [/mavros/global_position/use_relative_alt] by /roslaunch
[rosmaster.master][INFO] 2026-06-01 18:47:27,994: +PARAM [/mavros/global_position/tf/send] by /roslaunch
[rosmaster.master][INFO] 2026-06-01 18:47:27,994: +PARAM [/mavros/global_position/tf/frame_id] by /roslaunch
[rosmaster.master][INFO] 2026-06-01 18:47:27,994: +PARAM [/mavros/global_position/tf/global_frame_id] by /roslaunch
[rosmaster.master][INFO] 2026-06-01 18:47:27,994: +PARAM [/mavros/global_position/tf/child_frame_id] by /roslaunch
[rosmaster.master][INFO] 2026-06-01 18:47:27,994: +PARAM [/mavros/imu/frame_id] by /roslaunch
[rosmaster.master][INFO] 2026-06-01 18:47:27,994: +PARAM [/mavros/imu/linear_acceleration_stdev] by /roslaunch
[rosmaster.master][INFO] 2026-06-01 18:47:27,994: +PARAM [/mavros/imu/angular_velocity_stdev] by /roslaunch
[rosmaster.master][INFO] 2026-06-01 18:47:27,994: +PARAM [/mavros/imu/orientation_stdev] by /roslaunch
[rosmaster.master][INFO] 2026-06-01 18:47:27,994: +PARAM [/mavros/imu/magnetic_stdev] by /roslaunch
[rosmaster.master][INFO] 2026-06-01 18:47:27,994: +PARAM [/mavros/local_position/frame_id] by /roslaunch
[rosmaster.master][INFO] 2026-06-01 18:47:27,994: +PARAM [/mavros/local_position/tf/send] by /roslaunch
[rosmaster.master][INFO] 2026-06-01 18:47:27,994: +PARAM [/mavros/local_position/tf/frame_id] by /roslaunch
[rosmaster.master][INFO] 2026-06-01 18:47:27,994: +PARAM [/mavros/local_position/tf/child_frame_id] by /roslaunch
[rosmaster.master][INFO] 2026-06-01 18:47:27,994: +PARAM [/mavros/local_position/tf/send_fcu] by /roslaunch
[rosmaster.master][INFO] 2026-06-01 18:47:27,994: +PARAM [/mavros/safety_area/p1/x] by /roslaunch
[rosmaster.master][INFO] 2026-06-01 18:47:27,994: +PARAM [/mavros/safety_area/p1/y] by /roslaunch
[rosmaster.master][INFO] 2026-06-01 18:47:27,994: +PARAM [/mavros/safety_area/p1/z] by /roslaunch
[rosmaster.master][INFO] 2026-06-01 18:47:27,994: +PARAM [/mavros/safety_area/p2/x] by /roslaunch
[rosmaster.master][INFO] 2026-06-01 18:47:27,994: +PARAM [/mavros/safety_area/p2/y] by /roslaunch
[rosmaster.master][INFO] 2026-06-01 18:47:27,994: +PARAM [/mavros/safety_area/p2/z] by /roslaunch
[rosmaster.master][INFO] 2026-06-01 18:47:27,995: +PARAM [/mavros/setpoint_accel/send_force] by /roslaunch
[rosmaster.master][INFO] 2026-06-01 18:47:27,995: +PARAM [/mavros/setpoint_attitude/reverse_thrust] by /roslaunch
[rosmaster.master][INFO] 2026-06-01 18:47:27,995: +PARAM [/mavros/setpoint_attitude/use_quaternion] by /roslaunch
[rosmaster.master][INFO] 2026-06-01 18:47:27,995: +PARAM [/mavros/setpoint_attitude/tf/listen] by /roslaunch
[rosmaster.master][INFO] 2026-06-01 18:47:27,995: +PARAM [/mavros/setpoint_attitude/tf/frame_id] by /roslaunch
[rosmaster.master][INFO] 2026-06-01 18:47:27,995: +PARAM [/mavros/setpoint_attitude/tf/child_frame_id] by /roslaunch
[rosmaster.master][INFO] 2026-06-01 18:47:27,995: +PARAM [/mavros/setpoint_attitude/tf/rate_limit] by /roslaunch
[rosmaster.master][INFO] 2026-06-01 18:47:27,995: +PARAM [/mavros/setpoint_raw/thrust_scaling] by /roslaunch
[rosmaster.master][INFO] 2026-06-01 18:47:27,995: +PARAM [/mavros/setpoint_position/tf/listen] by /roslaunch
[rosmaster.master][INFO] 2026-06-01 18:47:27,995: +PARAM [/mavros/setpoint_position/tf/frame_id] by /roslaunch
[rosmaster.master][INFO] 2026-06-01 18:47:27,995: +PARAM [/mavros/setpoint_position/tf/child_frame_id] by /roslaunch
[rosmaster.master][INFO] 2026-06-01 18:47:27,995: +PARAM [/mavros/setpoint_position/tf/rate_limit] by /roslaunch
[rosmaster.master][INFO] 2026-06-01 18:47:27,995: +PARAM [/mavros/setpoint_position/mav_frame] by /roslaunch
[rosmaster.master][INFO] 2026-06-01 18:47:27,995: +PARAM [/mavros/guided_target/tf/listen] by /roslaunch
[rosmaster.master][INFO] 2026-06-01 18:47:27,995: +PARAM [/mavros/guided_target/tf/frame_id] by /roslaunch
[rosmaster.master][INFO] 2026-06-01 18:47:27,995: +PARAM [/mavros/guided_target/tf/child_frame_id] by /roslaunch
[rosmaster.master][INFO] 2026-06-01 18:47:27,995: +PARAM [/mavros/guided_target/tf/rate_limit] by /roslaunch
[rosmaster.master][INFO] 2026-06-01 18:47:27,995: +PARAM [/mavros/setpoint_velocity/mav_frame] by /roslaunch
[rosmaster.master][INFO] 2026-06-01 18:47:27,995: +PARAM [/mavros/mission/pull_after_gcs] by /roslaunch
[rosmaster.master][INFO] 2026-06-01 18:47:27,995: +PARAM [/mavros/mission/use_mission_item_int] by /roslaunch
[rosmaster.master][INFO] 2026-06-01 18:47:27,995: +PARAM [/mavros/distance_sensor/rangefinder_pub/id] by /roslaunch
[rosmaster.master][INFO] 2026-06-01 18:47:27,995: +PARAM [/mavros/distance_sensor/rangefinder_pub/frame_id] by /roslaunch
[rosmaster.master][INFO] 2026-06-01 18:47:27,995: +PARAM [/mavros/distance_sensor/rangefinder_pub/field_of_view] by /roslaunch
[rosmaster.master][INFO] 2026-06-01 18:47:27,995: +PARAM [/mavros/distance_sensor/rangefinder_pub/send_tf] by /roslaunch
[rosmaster.master][INFO] 2026-06-01 18:47:27,995: +PARAM [/mavros/distance_sensor/rangefinder_pub/sensor_position/x] by /roslaunch
[rosmaster.master][INFO] 2026-06-01 18:47:27,995: +PARAM [/mavros/distance_sensor/rangefinder_pub/sensor_position/y] by /roslaunch
[rosmaster.master][INFO] 2026-06-01 18:47:27,995: +PARAM [/mavros/distance_sensor/rangefinder_pub/sensor_position/z] by /roslaunch
[rosmaster.master][INFO] 2026-06-01 18:47:27,995: +PARAM [/mavros/distance_sensor/rangefinder_sub/subscriber] by /roslaunch
[rosmaster.master][INFO] 2026-06-01 18:47:27,995: +PARAM [/mavros/distance_sensor/rangefinder_sub/id] by /roslaunch
[rosmaster.master][INFO] 2026-06-01 18:47:27,995: +PARAM [/mavros/distance_sensor/rangefinder_sub/orientation] by /roslaunch
[rosmaster.master][INFO] 2026-06-01 18:47:27,995: +PARAM [/mavros/image/frame_id] by /roslaunch
[rosmaster.master][INFO] 2026-06-01 18:47:27,995: +PARAM [/mavros/fake_gps/use_mocap] by /roslaunch
[rosmaster.master][INFO] 2026-06-01 18:47:27,995: +PARAM [/mavros/fake_gps/mocap_transform] by /roslaunch
[rosmaster.master][INFO] 2026-06-01 18:47:27,995: +PARAM [/mavros/fake_gps/mocap_withcovariance] by /roslaunch
[rosmaster.master][INFO] 2026-06-01 18:47:27,995: +PARAM [/mavros/fake_gps/use_vision] by /roslaunch
[rosmaster.master][INFO] 2026-06-01 18:47:27,995: +PARAM [/mavros/fake_gps/use_hil_gps] by /roslaunch
[rosmaster.master][INFO] 2026-06-01 18:47:27,995: +PARAM [/mavros/fake_gps/gps_id] by /roslaunch
[rosmaster.master][INFO] 2026-06-01 18:47:27,995: +PARAM [/mavros/fake_gps/geo_origin/lat] by /roslaunch
[rosmaster.master][INFO] 2026-06-01 18:47:27,995: +PARAM [/mavros/fake_gps/geo_origin/lon] by /roslaunch
[rosmaster.master][INFO] 2026-06-01 18:47:27,995: +PARAM [/mavros/fake_gps/geo_origin/alt] by /roslaunch
[rosmaster.master][INFO] 2026-06-01 18:47:27,995: +PARAM [/mavros/fake_gps/eph] by /roslaunch
[rosmaster.master][INFO] 2026-06-01 18:47:27,995: +PARAM [/mavros/fake_gps/epv] by /roslaunch
[rosmaster.master][INFO] 2026-06-01 18:47:27,995: +PARAM [/mavros/fake_gps/horiz_accuracy] by /roslaunch
[rosmaster.master][INFO] 2026-06-01 18:47:27,995: +PARAM [/mavros/fake_gps/vert_accuracy] by /roslaunch
[rosmaster.master][INFO] 2026-06-01 18:47:27,995: +PARAM [/mavros/fake_gps/speed_accuracy] by /roslaunch
[rosmaster.master][INFO] 2026-06-01 18:47:27,995: +PARAM [/mavros/fake_gps/satellites_visible] by /roslaunch
[rosmaster.master][INFO] 2026-06-01 18:47:27,995: +PARAM [/mavros/fake_gps/fix_type] by /roslaunch
[rosmaster.master][INFO] 2026-06-01 18:47:27,996: +PARAM [/mavros/fake_gps/tf/listen] by /roslaunch
[rosmaster.master][INFO] 2026-06-01 18:47:27,996: +PARAM [/mavros/fake_gps/tf/send] by /roslaunch
[rosmaster.master][INFO] 2026-06-01 18:47:27,996: +PARAM [/mavros/fake_gps/tf/frame_id] by /roslaunch
[rosmaster.master][INFO] 2026-06-01 18:47:27,996: +PARAM [/mavros/fake_gps/tf/child_frame_id] by /roslaunch
[rosmaster.master][INFO] 2026-06-01 18:47:27,996: +PARAM [/mavros/fake_gps/tf/rate_limit] by /roslaunch
[rosmaster.master][INFO] 2026-06-01 18:47:27,996: +PARAM [/mavros/fake_gps/gps_rate] by /roslaunch
[rosmaster.master][INFO] 2026-06-01 18:47:27,996: +PARAM [/mavros/landing_target/listen_lt] by /roslaunch
[rosmaster.master][INFO] 2026-06-01 18:47:27,996: +PARAM [/mavros/landing_target/mav_frame] by /roslaunch
[rosmaster.master][INFO] 2026-06-01 18:47:27,996: +PARAM [/mavros/landing_target/land_target_type] by /roslaunch
[rosmaster.master][INFO] 2026-06-01 18:47:27,996: +PARAM [/mavros/landing_target/image/width] by /roslaunch
[rosmaster.master][INFO] 2026-06-01 18:47:27,996: +PARAM [/mavros/landing_target/image/height] by /roslaunch
[rosmaster.master][INFO] 2026-06-01 18:47:27,996: +PARAM [/mavros/landing_target/camera/fov_x] by /roslaunch
[rosmaster.master][INFO] 2026-06-01 18:47:27,996: +PARAM [/mavros/landing_target/camera/fov_y] by /roslaunch
[rosmaster.master][INFO] 2026-06-01 18:47:27,996: +PARAM [/mavros/landing_target/tf/send] by /roslaunch
[rosmaster.master][INFO] 2026-06-01 18:47:27,996: +PARAM [/mavros/landing_target/tf/listen] by /roslaunch
[rosmaster.master][INFO] 2026-06-01 18:47:27,996: +PARAM [/mavros/landing_target/tf/frame_id] by /roslaunch
[rosmaster.master][INFO] 2026-06-01 18:47:27,996: +PARAM [/mavros/landing_target/tf/child_frame_id] by /roslaunch
[rosmaster.master][INFO] 2026-06-01 18:47:27,996: +PARAM [/mavros/landing_target/tf/rate_limit] by /roslaunch
[rosmaster.master][INFO] 2026-06-01 18:47:27,996: +PARAM [/mavros/landing_target/target_size/x] by /roslaunch
[rosmaster.master][INFO] 2026-06-01 18:47:27,996: +PARAM [/mavros/landing_target/target_size/y] by /roslaunch
[rosmaster.master][INFO] 2026-06-01 18:47:27,996: +PARAM [/mavros/mocap/use_tf] by /roslaunch
[rosmaster.master][INFO] 2026-06-01 18:47:27,996: +PARAM [/mavros/mocap/use_pose] by /roslaunch
[rosmaster.master][INFO] 2026-06-01 18:47:27,996: +PARAM [/mavros/mount/debounce_s] by /roslaunch
[rosmaster.master][INFO] 2026-06-01 18:47:27,996: +PARAM [/mavros/mount/err_threshold_deg] by /roslaunch
[rosmaster.master][INFO] 2026-06-01 18:47:27,996: +PARAM [/mavros/mount/negate_measured_roll] by /roslaunch
[rosmaster.master][INFO] 2026-06-01 18:47:27,996: +PARAM [/mavros/mount/negate_measured_pitch] by /roslaunch
[rosmaster.master][INFO] 2026-06-01 18:47:27,996: +PARAM [/mavros/mount/negate_measured_yaw] by /roslaunch
[rosmaster.master][INFO] 2026-06-01 18:47:27,996: +PARAM [/mavros/odometry/frame_tf/desired_frame] by /roslaunch
[rosmaster.master][INFO] 2026-06-01 18:47:27,996: +PARAM [/mavros/odometry/estimator_type] by /roslaunch
[rosmaster.master][INFO] 2026-06-01 18:47:27,996: +PARAM [/mavros/px4flow/frame_id] by /roslaunch
[rosmaster.master][INFO] 2026-06-01 18:47:27,996: +PARAM [/mavros/px4flow/ranger_fov] by /roslaunch
[rosmaster.master][INFO] 2026-06-01 18:47:27,996: +PARAM [/mavros/px4flow/ranger_min_range] by /roslaunch
[rosmaster.master][INFO] 2026-06-01 18:47:27,996: +PARAM [/mavros/px4flow/ranger_max_range] by /roslaunch
[rosmaster.master][INFO] 2026-06-01 18:47:27,996: +PARAM [/mavros/vision_pose/tf/listen] by /roslaunch
[rosmaster.master][INFO] 2026-06-01 18:47:27,996: +PARAM [/mavros/vision_pose/tf/frame_id] by /roslaunch
[rosmaster.master][INFO] 2026-06-01 18:47:27,996: +PARAM [/mavros/vision_pose/tf/child_frame_id] by /roslaunch
[rosmaster.master][INFO] 2026-06-01 18:47:27,996: +PARAM [/mavros/vision_pose/tf/rate_limit] by /roslaunch
[rosmaster.master][INFO] 2026-06-01 18:47:27,996: +PARAM [/mavros/vision_speed/listen_twist] by /roslaunch
[rosmaster.master][INFO] 2026-06-01 18:47:27,996: +PARAM [/mavros/vision_speed/twist_cov] by /roslaunch
[rosmaster.master][INFO] 2026-06-01 18:47:27,996: +PARAM [/mavros/vibration/frame_id] by /roslaunch
[rosmaster.master][INFO] 2026-06-01 18:47:27,996: +PARAM [/mavros/wheel_odometry/count] by /roslaunch
[rosmaster.master][INFO] 2026-06-01 18:47:27,996: +PARAM [/mavros/wheel_odometry/use_rpm] by /roslaunch
[rosmaster.master][INFO] 2026-06-01 18:47:27,996: +PARAM [/mavros/wheel_odometry/wheel0/x] by /roslaunch
[rosmaster.master][INFO] 2026-06-01 18:47:27,996: +PARAM [/mavros/wheel_odometry/wheel0/y] by /roslaunch
[rosmaster.master][INFO] 2026-06-01 18:47:27,996: +PARAM [/mavros/wheel_odometry/wheel0/radius] by /roslaunch
[rosmaster.master][INFO] 2026-06-01 18:47:27,996: +PARAM [/mavros/wheel_odometry/wheel1/x] by /roslaunch
[rosmaster.master][INFO] 2026-06-01 18:47:27,996: +PARAM [/mavros/wheel_odometry/wheel1/y] by /roslaunch
[rosmaster.master][INFO] 2026-06-01 18:47:27,996: +PARAM [/mavros/wheel_odometry/wheel1/radius] by /roslaunch
[rosmaster.master][INFO] 2026-06-01 18:47:27,996: +PARAM [/mavros/wheel_odometry/send_raw] by /roslaunch
[rosmaster.master][INFO] 2026-06-01 18:47:27,997: +PARAM [/mavros/wheel_odometry/send_twist] by /roslaunch
[rosmaster.master][INFO] 2026-06-01 18:47:27,997: +PARAM [/mavros/wheel_odometry/frame_id] by /roslaunch
[rosmaster.master][INFO] 2026-06-01 18:47:28,003: +PARAM [/mavros/wheel_odometry/child_frame_id] by /roslaunch
[rosmaster.master][INFO] 2026-06-01 18:47:28,004: +PARAM [/mavros/wheel_odometry/vel_error] by /roslaunch
[rosmaster.master][INFO] 2026-06-01 18:47:28,004: +PARAM [/mavros/wheel_odometry/tf/send] by /roslaunch
[rosmaster.master][INFO] 2026-06-01 18:47:28,004: +PARAM [/mavros/wheel_odometry/tf/frame_id] by /roslaunch
[rosmaster.master][INFO] 2026-06-01 18:47:28,004: +PARAM [/mavros/wheel_odometry/tf/child_frame_id] by /roslaunch
[rosmaster.master][INFO] 2026-06-01 18:47:28,004: +PARAM [/mavros/fcu_url] by /roslaunch
[rosmaster.master][INFO] 2026-06-01 18:47:28,004: +PARAM [/mavros/gcs_url] by /roslaunch
[rosmaster.master][INFO] 2026-06-01 18:47:28,004: +PARAM [/mavros/target_system_id] by /roslaunch
[rosmaster.master][INFO] 2026-06-01 18:47:28,004: +PARAM [/mavros/target_component_id] by /roslaunch
[rosmaster.master][INFO] 2026-06-01 18:47:28,004: +PARAM [/mavros/fcu_protocol] by /roslaunch
[rosmaster.master][INFO] 2026-06-01 18:47:28,093: +PUB [/rosout] /mavros http://localhost:35367/
[rosmaster.master][INFO] 2026-06-01 18:47:28,094: +SERVICE [/mavros/get_loggers] /mavros http://localhost:35367/
[rosmaster.master][INFO] 2026-06-01 18:47:28,094: +SERVICE [/mavros/set_logger_level] /mavros http://localhost:35367/
[rosmaster.master][INFO] 2026-06-01 18:47:28,095: +PUB [/diagnostics] /mavros http://localhost:35367/
[rosmaster.master][INFO] 2026-06-01 18:47:28,095: +CACHEDPARAM [/mavros/diagnostic_period] by /mavros
[rosmaster.master][INFO] 2026-06-01 18:47:28,104: +SUB [/tf] /mavros http://localhost:35367/
[rosmaster.master][INFO] 2026-06-01 18:47:28,105: +SUB [/tf_static] /mavros http://localhost:35367/
[rosmaster.master][INFO] 2026-06-01 18:47:28,105: +PUB [/tf] /mavros http://localhost:35367/
[rosmaster.master][INFO] 2026-06-01 18:47:28,105: +PUB [/tf_static] /mavros http://localhost:35367/
[rosmaster.master][INFO] 2026-06-01 18:47:28,154: publisherUpdate[/rosout] -> http://localhost:40483/ ['http://localhost:35367/']
[rosmaster.master][INFO] 2026-06-01 18:47:28,156: publisherUpdate[/tf] -> http://localhost:35367/ ['http://localhost:35367/']
[rosmaster.master][INFO] 2026-06-01 18:47:28,158: publisherUpdate[/tf] -> http://localhost:35367/ ['http://localhost:35367/']: sec=0.00, result=[1, '', 0]
[rosmaster.master][INFO] 2026-06-01 18:47:28,158: publisherUpdate[/rosout] -> http://localhost:40483/ ['http://localhost:35367/']: sec=0.00, result=[1, '', 0]
[rosmaster.master][INFO] 2026-06-01 18:47:28,159: publisherUpdate[/tf_static] -> http://localhost:35367/ ['http://localhost:35367/']
[rosmaster.master][INFO] 2026-06-01 18:47:28,160: publisherUpdate[/tf_static] -> http://localhost:35367/ ['http://localhost:35367/']: sec=0.00, result=[1, '', 0]
[rosmaster.master][INFO] 2026-06-01 18:47:28,161: +CACHEDPARAM [/rosout_disable_topics_generation] by /mavros
[rosmaster.master][INFO] 2026-06-01 18:47:28,164: +PUB [/mavlink/from] /mavros http://localhost:35367/
[rosmaster.master][INFO] 2026-06-01 18:47:28,165: +SUB [/mavlink/to] /mavros http://localhost:35367/
[rosmaster.master][INFO] 2026-06-01 18:47:28,212: +PUB [/mavros/radio_status] /mavros http://localhost:35367/
[rosmaster.master][INFO] 2026-06-01 18:47:28,251: +PUB [/mavros/adsb/vehicle] /mavros http://localhost:35367/
[rosmaster.master][INFO] 2026-06-01 18:47:28,252: +SUB [/mavros/adsb/send] /mavros http://localhost:35367/
[rosmaster.master][INFO] 2026-06-01 18:47:28,253: +PUB [/mavros/cam_imu_sync/cam_imu_stamp] /mavros http://localhost:35367/
[rosmaster.master][INFO] 2026-06-01 18:47:28,253: +PUB [/mavros/camera/image_captured] /mavros http://localhost:35367/
[rosmaster.master][INFO] 2026-06-01 18:47:28,254: +SUB [/mavros/cellular_status/status] /mavros http://localhost:35367/
[rosmaster.master][INFO] 2026-06-01 18:47:28,256: +SERVICE [/mavros/cmd/command] /mavros http://localhost:35367/
[rosmaster.master][INFO] 2026-06-01 18:47:28,256: +SERVICE [/mavros/cmd/command_ack] /mavros http://localhost:35367/
[rosmaster.master][INFO] 2026-06-01 18:47:28,257: +SERVICE [/mavros/cmd/command_int] /mavros http://localhost:35367/
[rosmaster.master][INFO] 2026-06-01 18:47:28,257: +SERVICE [/mavros/cmd/arming] /mavros http://localhost:35367/
[rosmaster.master][INFO] 2026-06-01 18:47:28,258: +SERVICE [/mavros/cmd/set_home] /mavros http://localhost:35367/
[rosmaster.master][INFO] 2026-06-01 18:47:28,259: +SERVICE [/mavros/cmd/takeoff] /mavros http://localhost:35367/
[rosmaster.master][INFO] 2026-06-01 18:47:28,259: +SERVICE [/mavros/cmd/land] /mavros http://localhost:35367/
[rosmaster.master][INFO] 2026-06-01 18:47:28,259: +SERVICE [/mavros/cmd/trigger_control] /mavros http://localhost:35367/
[rosmaster.master][INFO] 2026-06-01 18:47:28,260: +SERVICE [/mavros/cmd/trigger_interval] /mavros http://localhost:35367/
[rosmaster.master][INFO] 2026-06-01 18:47:28,260: +SERVICE [/mavros/cmd/vtol_transition] /mavros http://localhost:35367/
[rosmaster.master][INFO] 2026-06-01 18:47:28,261: +SUB [/mavros/companion_process/status] /mavros http://localhost:35367/
[rosmaster.master][INFO] 2026-06-01 18:47:28,263: +PUB [/mavros/distance_sensor/rangefinder_pub] /mavros http://localhost:35367/
[rosmaster.master][INFO] 2026-06-01 18:47:28,266: +SUB [/mavros/distance_sensor/rangefinder_sub] /mavros http://localhost:35367/
[rosmaster.master][INFO] 2026-06-01 18:47:28,267: +PUB [/mavros/esc_info] /mavros http://localhost:35367/
[rosmaster.master][INFO] 2026-06-01 18:47:28,267: +PUB [/mavros/esc_status] /mavros http://localhost:35367/
[rosmaster.master][INFO] 2026-06-01 18:47:28,268: +PUB [/mavros/esc_telemetry] /mavros http://localhost:35367/
[rosmaster.master][INFO] 2026-06-01 18:47:28,277: +SUB [/mavros/fake_gps/mocap/pose] /mavros http://localhost:35367/
[rosmaster.master][INFO] 2026-06-01 18:47:28,279: +PUB [/mavros/geofence/waypoints] /mavros http://localhost:35367/
[rosmaster.master][INFO] 2026-06-01 18:47:28,279: +SERVICE [/mavros/geofence/pull] /mavros http://localhost:35367/
[rosmaster.master][INFO] 2026-06-01 18:47:28,280: +SERVICE [/mavros/geofence/push] /mavros http://localhost:35367/
[rosmaster.master][INFO] 2026-06-01 18:47:28,280: +SERVICE [/mavros/geofence/clear] /mavros http://localhost:35367/
[rosmaster.master][INFO] 2026-06-01 18:47:28,283: +PUB [/mavros/global_position/raw/fix] /mavros http://localhost:35367/
[rosmaster.master][INFO] 2026-06-01 18:47:28,284: +PUB [/mavros/global_position/raw/gps_vel] /mavros http://localhost:35367/
[rosmaster.master][INFO] 2026-06-01 18:47:28,284: +PUB [/mavros/global_position/raw/satellites] /mavros http://localhost:35367/
[rosmaster.master][INFO] 2026-06-01 18:47:28,284: +PUB [/mavros/global_position/global] /mavros http://localhost:35367/
[rosmaster.master][INFO] 2026-06-01 18:47:28,285: +PUB [/mavros/global_position/local] /mavros http://localhost:35367/
[rosmaster.master][INFO] 2026-06-01 18:47:28,285: +PUB [/mavros/global_position/rel_alt] /mavros http://localhost:35367/
[rosmaster.master][INFO] 2026-06-01 18:47:28,285: +PUB [/mavros/global_position/compass_hdg] /mavros http://localhost:35367/
[rosmaster.master][INFO] 2026-06-01 18:47:28,285: +PUB [/mavros/global_position/gp_origin] /mavros http://localhost:35367/
[rosmaster.master][INFO] 2026-06-01 18:47:28,286: +SUB [/mavros/global_position/set_gp_origin] /mavros http://localhost:35367/
[rosmaster.master][INFO] 2026-06-01 18:47:28,287: +SUB [/mavros/home_position/home] /mavros http://localhost:35367/
[rosmaster.master][INFO] 2026-06-01 18:47:28,288: +PUB [/mavros/global_position/gp_lp_offset] /mavros http://localhost:35367/
[rosmaster.master][INFO] 2026-06-01 18:47:28,289: +SUB [/mavros/gps_input/gps_input] /mavros http://localhost:35367/
[rosmaster.master][INFO] 2026-06-01 18:47:28,290: +SUB [/mavros/gps_rtk/send_rtcm] /mavros http://localhost:35367/
[rosmaster.master][INFO] 2026-06-01 18:47:28,291: +PUB [/mavros/gps_rtk/rtk_baseline] /mavros http://localhost:35367/
[rosmaster.master][INFO] 2026-06-01 18:47:28,291: +PUB [/mavros/gpsstatus/gps1/raw] /mavros http://localhost:35367/
[rosmaster.master][INFO] 2026-06-01 18:47:28,292: +PUB [/mavros/gpsstatus/gps2/raw] /mavros http://localhost:35367/
[rosmaster.master][INFO] 2026-06-01 18:47:28,292: +PUB [/mavros/gpsstatus/gps1/rtk] /mavros http://localhost:35367/
[rosmaster.master][INFO] 2026-06-01 18:47:28,292: +PUB [/mavros/gpsstatus/gps2/rtk] /mavros http://localhost:35367/
[rosmaster.master][INFO] 2026-06-01 18:47:28,294: +PUB [/move_base_simple/goal] /mavros http://localhost:35367/
[rosmaster.master][INFO] 2026-06-01 18:47:28,295: +SUB [/mavros/global_position/gp_origin] /mavros http://localhost:35367/
[rosmaster.master][INFO] 2026-06-01 18:47:28,296: +PUB [/mavros/home_position/home] /mavros http://localhost:35367/
[rosmaster.master][INFO] 2026-06-01 18:47:28,297: +SUB [/mavros/home_position/set] /mavros http://localhost:35367/
[rosmaster.master][INFO] 2026-06-01 18:47:28,297: +SERVICE [/mavros/home_position/req_update] /mavros http://localhost:35367/
[rosmaster.master][INFO] 2026-06-01 18:47:28,300: +PUB [/mavros/imu/data] /mavros http://localhost:35367/
[rosmaster.master][INFO] 2026-06-01 18:47:28,300: +PUB [/mavros/imu/mag] /mavros http://localhost:35367/
[rosmaster.master][INFO] 2026-06-01 18:47:28,300: +PUB [/mavros/imu/temperature_imu] /mavros http://localhost:35367/
[rosmaster.master][INFO] 2026-06-01 18:47:28,300: +PUB [/mavros/imu/temperature_baro] /mavros http://localhost:35367/
[rosmaster.master][INFO] 2026-06-01 18:47:28,301: +PUB [/mavros/imu/static_pressure] /mavros http://localhost:35367/
[rosmaster.master][INFO] 2026-06-01 18:47:28,301: +PUB [/mavros/imu/diff_pressure] /mavros http://localhost:35367/
[rosmaster.master][INFO] 2026-06-01 18:47:28,301: +PUB [/mavros/imu/data_raw] /mavros http://localhost:35367/
[rosmaster.master][INFO] 2026-06-01 18:47:28,311: +PUB [/mavros/landing_target/pose_in] /mavros http://localhost:35367/
[rosmaster.master][INFO] 2026-06-01 18:47:28,311: +PUB [/mavros/landing_target/lt_marker] /mavros http://localhost:35367/
[rosmaster.master][INFO] 2026-06-01 18:47:28,312: +SUB [/mavros/landing_target/pose] /mavros http://localhost:35367/
[rosmaster.master][INFO] 2026-06-01 18:47:28,314: +PUB [/mavros/local_position/pose] /mavros http://localhost:35367/
[rosmaster.master][INFO] 2026-06-01 18:47:28,315: +PUB [/mavros/local_position/pose_cov] /mavros http://localhost:35367/
[rosmaster.master][INFO] 2026-06-01 18:47:28,315: +PUB [/mavros/local_position/velocity_local] /mavros http://localhost:35367/
[rosmaster.master][INFO] 2026-06-01 18:47:28,315: +PUB [/mavros/local_position/velocity_body] /mavros http://localhost:35367/
[rosmaster.master][INFO] 2026-06-01 18:47:28,315: +PUB [/mavros/local_position/velocity_body_cov] /mavros http://localhost:35367/
[rosmaster.master][INFO] 2026-06-01 18:47:28,315: +PUB [/mavros/local_position/accel] /mavros http://localhost:35367/
[rosmaster.master][INFO] 2026-06-01 18:47:28,316: +PUB [/mavros/local_position/odom] /mavros http://localhost:35367/
[rosmaster.master][INFO] 2026-06-01 18:47:28,316: +PUB [/mavros/log_transfer/raw/log_entry] /mavros http://localhost:35367/
[rosmaster.master][INFO] 2026-06-01 18:47:28,317: +PUB [/mavros/log_transfer/raw/log_data] /mavros http://localhost:35367/
[rosmaster.master][INFO] 2026-06-01 18:47:28,317: +SERVICE [/mavros/log_transfer/raw/log_request_list] /mavros http://localhost:35367/
[rosmaster.master][INFO] 2026-06-01 18:47:28,318: +SERVICE [/mavros/log_transfer/raw/log_request_data] /mavros http://localhost:35367/
[rosmaster.master][INFO] 2026-06-01 18:47:28,318: +SERVICE [/mavros/log_transfer/raw/log_request_end] /mavros http://localhost:35367/
[rosmaster.master][INFO] 2026-06-01 18:47:28,318: +SERVICE [/mavros/log_transfer/raw/log_request_erase] /mavros http://localhost:35367/
[rosmaster.master][INFO] 2026-06-01 18:47:28,319: +PUB [/mavros/mag_calibration/status] /mavros http://localhost:35367/
[rosmaster.master][INFO] 2026-06-01 18:47:28,319: +PUB [/mavros/mag_calibration/report] /mavros http://localhost:35367/
[rosmaster.master][INFO] 2026-06-01 18:47:28,320: +PUB [/mavros/manual_control/control] /mavros http://localhost:35367/
[rosmaster.master][INFO] 2026-06-01 18:47:28,321: +SUB [/mavros/manual_control/send] /mavros http://localhost:35367/
[rosmaster.master][INFO] 2026-06-01 18:47:28,323: +SUB [/mavros/mocap/pose] /mavros http://localhost:35367/
[rosmaster.master][INFO] 2026-06-01 18:47:28,325: +SUB [/mavros/mount_control/command] /mavros http://localhost:35367/
[rosmaster.master][INFO] 2026-06-01 18:47:28,325: +PUB [/mavros/mount_control/orientation] /mavros http://localhost:35367/
[rosmaster.master][INFO] 2026-06-01 18:47:28,325: +PUB [/mavros/mount_control/status] /mavros http://localhost:35367/
[rosmaster.master][INFO] 2026-06-01 18:47:28,326: +SERVICE [/mavros/mount_control/configure] /mavros http://localhost:35367/
[rosmaster.master][INFO] 2026-06-01 18:47:28,328: +PUB [/mavros/nav_controller_output] /mavros http://localhost:35367/
[rosmaster.master][INFO] 2026-06-01 18:47:28,330: +SUB [/mavros/obstacle/send] /mavros http://localhost:35367/
[rosmaster.master][INFO] 2026-06-01 18:47:28,331: +PUB [/mavros/odometry/in] /mavros http://localhost:35367/
[rosmaster.master][INFO] 2026-06-01 18:47:28,332: +SUB [/mavros/odometry/out] /mavros http://localhost:35367/
[rosmaster.master][INFO] 2026-06-01 18:47:28,334: +SUB [/mavros/onboard_computer/status] /mavros http://localhost:35367/
[rosmaster.master][INFO] 2026-06-01 18:47:28,334: +SERVICE [/mavros/param/pull] /mavros http://localhost:35367/
[rosmaster.master][INFO] 2026-06-01 18:47:28,335: +SERVICE [/mavros/param/push] /mavros http://localhost:35367/
[rosmaster.master][INFO] 2026-06-01 18:47:28,335: +SERVICE [/mavros/param/set] /mavros http://localhost:35367/
[rosmaster.master][INFO] 2026-06-01 18:47:28,335: +SERVICE [/mavros/param/get] /mavros http://localhost:35367/
[rosmaster.master][INFO] 2026-06-01 18:47:28,336: +PUB [/mavros/param/param_value] /mavros http://localhost:35367/
[rosmaster.master][INFO] 2026-06-01 18:47:28,337: +SUB [/mavros/play_tune] /mavros http://localhost:35367/
[rosmaster.master][INFO] 2026-06-01 18:47:28,338: +PUB [/mavros/rallypoint/waypoints] /mavros http://localhost:35367/
[rosmaster.master][INFO] 2026-06-01 18:47:28,338: +SERVICE [/mavros/rallypoint/pull] /mavros http://localhost:35367/
[rosmaster.master][INFO] 2026-06-01 18:47:28,338: +SERVICE [/mavros/rallypoint/push] /mavros http://localhost:35367/
[rosmaster.master][INFO] 2026-06-01 18:47:28,338: +SERVICE [/mavros/rallypoint/clear] /mavros http://localhost:35367/
[rosmaster.master][INFO] 2026-06-01 18:47:28,339: +PUB [/mavros/rangefinder/rangefinder] /mavros http://localhost:35367/
[rosmaster.master][INFO] 2026-06-01 18:47:28,340: +PUB [/mavros/rc/in] /mavros http://localhost:35367/
[rosmaster.master][INFO] 2026-06-01 18:47:28,340: +PUB [/mavros/rc/out] /mavros http://localhost:35367/
[rosmaster.master][INFO] 2026-06-01 18:47:28,341: +SUB [/mavros/rc/override] /mavros http://localhost:35367/
[rosmaster.master][INFO] 2026-06-01 18:47:28,342: +SUB [/mavros/setpoint_accel/accel] /mavros http://localhost:35367/
[rosmaster.master][INFO] 2026-06-01 18:47:28,347: +SUB [/mavros/setpoint_attitude/thrust] /mavros http://localhost:35367/
[rosmaster.master][INFO] 2026-06-01 18:47:28,348: +SUB [/mavros/setpoint_attitude/cmd_vel] /mavros http://localhost:35367/
[rosmaster.master][INFO] 2026-06-01 18:47:28,357: +SUB [/mavros/setpoint_position/local] /mavros http://localhost:35367/
[rosmaster.master][INFO] 2026-06-01 18:47:28,357: publisherUpdate[/mavros/home_position/home] -> http://localhost:35367/ ['http://localhost:35367/']
[rosmaster.master][INFO] 2026-06-01 18:47:28,358: +SUB [/mavros/setpoint_position/global] /mavros http://localhost:35367/
[rosmaster.master][INFO] 2026-06-01 18:47:28,359: publisherUpdate[/mavros/home_position/home] -> http://localhost:35367/ ['http://localhost:35367/']: sec=0.00, result=[1, '', 0]
[rosmaster.master][INFO] 2026-06-01 18:47:28,360: +SUB [/mavros/setpoint_position/global_to_local] /mavros http://localhost:35367/
[rosmaster.master][INFO] 2026-06-01 18:47:28,361: +SUB [/mavros/global_position/global] /mavros http://localhost:35367/
[rosmaster.master][INFO] 2026-06-01 18:47:28,362: +SUB [/mavros/local_position/pose] /mavros http://localhost:35367/
[rosmaster.master][INFO] 2026-06-01 18:47:28,362: +SERVICE [/mavros/setpoint_position/mav_frame] /mavros http://localhost:35367/
[rosmaster.master][INFO] 2026-06-01 18:47:28,363: +CACHEDPARAM [/rosout/omit_topics] by /rosout
[rosmaster.master][INFO] 2026-06-01 18:47:28,364: +SUB [/mavros/setpoint_raw/local] /mavros http://localhost:35367/
[rosmaster.master][INFO] 2026-06-01 18:47:28,365: +SUB [/mavros/setpoint_raw/global] /mavros http://localhost:35367/
[rosmaster.master][INFO] 2026-06-01 18:47:28,367: +SUB [/mavros/setpoint_raw/attitude] /mavros http://localhost:35367/
[rosmaster.master][INFO] 2026-06-01 18:47:28,367: +PUB [/mavros/setpoint_raw/target_local] /mavros http://localhost:35367/
[rosmaster.master][INFO] 2026-06-01 18:47:28,367: +PUB [/mavros/setpoint_raw/target_global] /mavros http://localhost:35367/
[rosmaster.master][INFO] 2026-06-01 18:47:28,367: +PUB [/mavros/setpoint_raw/target_attitude] /mavros http://localhost:35367/
[rosmaster.master][INFO] 2026-06-01 18:47:28,369: +SUB [/mavros/setpoint_trajectory/local] /mavros http://localhost:35367/
[rosmaster.master][INFO] 2026-06-01 18:47:28,369: +PUB [/mavros/setpoint_trajectory/desired] /mavros http://localhost:35367/
[rosmaster.master][INFO] 2026-06-01 18:47:28,369: +SERVICE [/mavros/setpoint_trajectory/reset] /mavros http://localhost:35367/
[rosmaster.master][INFO] 2026-06-01 18:47:28,369: +SERVICE [/mavros/setpoint_trajectory/mav_frame] /mavros http://localhost:35367/
[rosmaster.master][INFO] 2026-06-01 18:47:28,371: +SUB [/mavros/setpoint_velocity/cmd_vel] /mavros http://localhost:35367/
[rosmaster.master][INFO] 2026-06-01 18:47:28,372: +SUB [/mavros/setpoint_velocity/cmd_vel_unstamped] /mavros http://localhost:35367/
[rosmaster.master][INFO] 2026-06-01 18:47:28,372: +SERVICE [/mavros/setpoint_velocity/mav_frame] /mavros http://localhost:35367/
[rosmaster.master][INFO] 2026-06-01 18:47:28,375: +PUB [/mavros/state] /mavros http://localhost:35367/
[rosmaster.master][INFO] 2026-06-01 18:47:28,375: +PUB [/mavros/extended_state] /mavros http://localhost:35367/
[rosmaster.master][INFO] 2026-06-01 18:47:28,376: +PUB [/mavros/battery] /mavros http://localhost:35367/
[rosmaster.master][INFO] 2026-06-01 18:47:28,376: +PUB [/mavros/estimator_status] /mavros http://localhost:35367/
[rosmaster.master][INFO] 2026-06-01 18:47:28,376: +PUB [/mavros/statustext/recv] /mavros http://localhost:35367/
[rosmaster.master][INFO] 2026-06-01 18:47:28,377: +PUB [/mavros/sys_status] /mavros http://localhost:35367/
[rosmaster.master][INFO] 2026-06-01 18:47:28,378: +SUB [/mavros/statustext/send] /mavros http://localhost:35367/
[rosmaster.master][INFO] 2026-06-01 18:47:28,378: +SERVICE [/mavros/set_stream_rate] /mavros http://localhost:35367/
[rosmaster.master][INFO] 2026-06-01 18:47:28,379: +SERVICE [/mavros/set_mode] /mavros http://localhost:35367/
[rosmaster.master][INFO] 2026-06-01 18:47:28,379: +SERVICE [/mavros/vehicle_info_get] /mavros http://localhost:35367/
[rosmaster.master][INFO] 2026-06-01 18:47:28,379: +SERVICE [/mavros/set_message_interval] /mavros http://localhost:35367/
[rosmaster.master][INFO] 2026-06-01 18:47:28,383: +PUB [/mavros/time_reference] /mavros http://localhost:35367/
[rosmaster.master][INFO] 2026-06-01 18:47:28,383: +PUB [/mavros/timesync_status] /mavros http://localhost:35367/
[rosmaster.master][INFO] 2026-06-01 18:47:28,384: +PUB [/mavros/terrain/report] /mavros http://localhost:35367/
[rosmaster.master][INFO] 2026-06-01 18:47:28,385: +SUB [/mavros/trajectory/generated] /mavros http://localhost:35367/
[rosmaster.master][INFO] 2026-06-01 18:47:28,386: +SUB [/mavros/trajectory/path] /mavros http://localhost:35367/
[rosmaster.master][INFO] 2026-06-01 18:47:28,387: +PUB [/mavros/trajectory/desired] /mavros http://localhost:35367/
[rosmaster.master][INFO] 2026-06-01 18:47:28,388: +SUB [/mavros/tunnel/in] /mavros http://localhost:35367/
[rosmaster.master][INFO] 2026-06-01 18:47:28,388: +PUB [/mavros/tunnel/out] /mavros http://localhost:35367/
[rosmaster.master][INFO] 2026-06-01 18:47:28,389: +PUB [/mavros/vfr_hud] /mavros http://localhost:35367/
[rosmaster.master][INFO] 2026-06-01 18:47:28,391: +SUB [/mavros/vision_pose/pose] /mavros http://localhost:35367/
[rosmaster.master][INFO] 2026-06-01 18:47:28,393: +SUB [/mavros/vision_pose/pose_cov] /mavros http://localhost:35367/
[rosmaster.master][INFO] 2026-06-01 18:47:28,394: +PUB [/mavros/mission/waypoints] /mavros http://localhost:35367/
[rosmaster.master][INFO] 2026-06-01 18:47:28,394: +SERVICE [/mavros/mission/pull] /mavros http://localhost:35367/
[rosmaster.master][INFO] 2026-06-01 18:47:28,395: +SERVICE [/mavros/mission/push] /mavros http://localhost:35367/
[rosmaster.master][INFO] 2026-06-01 18:47:28,395: +SERVICE [/mavros/mission/clear] /mavros http://localhost:35367/
[rosmaster.master][INFO] 2026-06-01 18:47:28,395: +PUB [/mavros/mission/reached] /mavros http://localhost:35367/
[rosmaster.master][INFO] 2026-06-01 18:47:28,396: +SERVICE [/mavros/mission/set_current] /mavros http://localhost:35367/
[rosmaster.master][INFO] 2026-06-01 18:47:28,396: +PUB [/mavros/wind_estimation] /mavros http://localhost:35367/
[rosmaster.master][INFO] 2026-06-01 18:47:30,816: +PUB [/mavlink/gcs_ip] /mavros http://localhost:35367/
[rosmaster.master][INFO] 2026-06-01 18:50:43,442: +PUB [/rosout] /rostopic_1622_1780320043427 http://localhost:43307/
[rosmaster.master][INFO] 2026-06-01 18:50:43,444: +SERVICE [/rostopic_1622_1780320043427/get_loggers] /rostopic_1622_1780320043427 http://localhost:43307/
[rosmaster.master][INFO] 2026-06-01 18:50:43,445: +SERVICE [/rostopic_1622_1780320043427/set_logger_level] /rostopic_1622_1780320043427 http://localhost:43307/
[rosmaster.master][INFO] 2026-06-01 18:50:43,461: publisherUpdate[/rosout] -> http://localhost:40483/ ['http://localhost:35367/', 'http://localhost:43307/']
[rosmaster.master][INFO] 2026-06-01 18:50:43,462: publisherUpdate[/rosout] -> http://localhost:40483/ ['http://localhost:35367/', 'http://localhost:43307/']: sec=0.00, result=[1, '', 0]
[rosmaster.master][INFO] 2026-06-01 18:50:43,506: +SUB [/mavros/state] /rostopic_1622_1780320043427 http://localhost:43307/
[rosmaster.master][INFO] 2026-06-01 18:58:31,093: -PUB [/rosout_agg] /rosout http://localhost:40483/
[rosmaster.master][INFO] 2026-06-01 18:58:31,094: -SUB [/rosout] /rosout http://localhost:40483/
[rosmaster.master][INFO] 2026-06-01 18:58:31,094: -SERVICE [/rosout/get_loggers] /rosout rosrpc://localhost:38483
[rosmaster.master][INFO] 2026-06-01 18:58:31,095: -SERVICE [/rosout/set_logger_level] /rosout rosrpc://localhost:38483
[rosmaster.master][INFO] 2026-06-01 18:58:31,095: -CACHEDPARAM [/rosout/omit_topics] by /rosout
[rosmaster.main][INFO] 2026-06-01 18:58:31,140: keyboard interrupt, will exit
[rosmaster.main][INFO] 2026-06-01 18:58:31,140: stopping master...
[rospy.core][INFO] 2026-06-01 18:58:31,141: signal_shutdown [atexit]
