[rosmaster.main][INFO] 2026-06-24 15:42:57,696: initialization complete, waiting for shutdown
[rosmaster.main][INFO] 2026-06-24 15:42:57,696: Starting ROS Master Node
[xmlrpc][INFO] 2026-06-24 15:42:57,697: XML-RPC server binding to 127.0.0.1:11311
[xmlrpc][INFO] 2026-06-24 15:42:57,697: Started XML-RPC server [http://localhost:11311/]
[xmlrpc][INFO] 2026-06-24 15:42:57,697: xml rpc node: starting XML-RPC server
[rosmaster.master][INFO] 2026-06-24 15:42:57,697: Master initialized: port[11311], uri[http://localhost:11311/]
[rosmaster.master][INFO] 2026-06-24 15:42:57,709: +PARAM [/run_id] by /roslaunch
[rosmaster.master][INFO] 2026-06-24 15:42:57,710: +PARAM [/roslaunch/uris/host_localhost__40217] by /roslaunch
[rosmaster.master][INFO] 2026-06-24 15:42:57,752: +PARAM [/rosversion] by /roslaunch
[rosmaster.master][INFO] 2026-06-24 15:42:57,752: +PARAM [/rosdistro] by /roslaunch
[rosmaster.master][INFO] 2026-06-24 15:42:57,831: +SERVICE [/rosout/get_loggers] /rosout http://localhost:38129/
[rosmaster.master][INFO] 2026-06-24 15:42:57,831: +SERVICE [/rosout/set_logger_level] /rosout http://localhost:38129/
[rosmaster.master][INFO] 2026-06-24 15:42:57,833: +PUB [/rosout_agg] /rosout http://localhost:38129/
[rosmaster.master][INFO] 2026-06-24 15:42:57,835: +SUB [/rosout] /rosout http://localhost:38129/
[rosmaster.master][INFO] 2026-06-24 15:43:04,126: +PARAM [/roslaunch/uris/host_localhost__44533] by /roslaunch
[rosmaster.master][INFO] 2026-06-24 15:43:04,132: +PARAM [/rosversion] by /roslaunch
[rosmaster.master][INFO] 2026-06-24 15:43:04,133: +PARAM [/rosdistro] by /roslaunch
[rosmaster.master][INFO] 2026-06-24 15:43:04,133: +PARAM [/mavros/plugin_blacklist] by /roslaunch
[rosmaster.master][INFO] 2026-06-24 15:43:04,133: +PARAM [/mavros/plugin_whitelist] by /roslaunch
[rosmaster.master][INFO] 2026-06-24 15:43:04,133: +PARAM [/mavros/startup_px4_usb_quirk] by /roslaunch
[rosmaster.master][INFO] 2026-06-24 15:43:04,133: +PARAM [/mavros/conn/heartbeat_rate] by /roslaunch
[rosmaster.master][INFO] 2026-06-24 15:43:04,133: +PARAM [/mavros/conn/heartbeat_mav_type] by /roslaunch
[rosmaster.master][INFO] 2026-06-24 15:43:04,133: +PARAM [/mavros/conn/timeout] by /roslaunch
[rosmaster.master][INFO] 2026-06-24 15:43:04,133: +PARAM [/mavros/conn/timesync_rate] by /roslaunch
[rosmaster.master][INFO] 2026-06-24 15:43:04,133: +PARAM [/mavros/conn/system_time_rate] by /roslaunch
[rosmaster.master][INFO] 2026-06-24 15:43:04,133: +PARAM [/mavros/sys/min_voltage] by /roslaunch
[rosmaster.master][INFO] 2026-06-24 15:43:04,133: +PARAM [/mavros/sys/disable_diag] by /roslaunch
[rosmaster.master][INFO] 2026-06-24 15:43:04,133: +PARAM [/mavros/time/time_ref_source] by /roslaunch
[rosmaster.master][INFO] 2026-06-24 15:43:04,133: +PARAM [/mavros/time/timesync_mode] by /roslaunch
[rosmaster.master][INFO] 2026-06-24 15:43:04,133: +PARAM [/mavros/time/timesync_avg_alpha] by /roslaunch
[rosmaster.master][INFO] 2026-06-24 15:43:04,134: +PARAM [/mavros/tdr_radio/low_rssi] by /roslaunch
[rosmaster.master][INFO] 2026-06-24 15:43:04,134: +PARAM [/mavros/cmd/use_comp_id_system_control] by /roslaunch
[rosmaster.master][INFO] 2026-06-24 15:43:04,134: +PARAM [/mavros/global_position/frame_id] by /roslaunch
[rosmaster.master][INFO] 2026-06-24 15:43:04,135: +PARAM [/mavros/global_position/child_frame_id] by /roslaunch
[rosmaster.master][INFO] 2026-06-24 15:43:04,135: +PARAM [/mavros/global_position/rot_covariance] by /roslaunch
[rosmaster.master][INFO] 2026-06-24 15:43:04,135: +PARAM [/mavros/global_position/gps_uere] by /roslaunch
[rosmaster.master][INFO] 2026-06-24 15:43:04,135: +PARAM [/mavros/global_position/use_relative_alt] by /roslaunch
[rosmaster.master][INFO] 2026-06-24 15:43:04,135: +PARAM [/mavros/global_position/tf/send] by /roslaunch
[rosmaster.master][INFO] 2026-06-24 15:43:04,135: +PARAM [/mavros/global_position/tf/frame_id] by /roslaunch
[rosmaster.master][INFO] 2026-06-24 15:43:04,135: +PARAM [/mavros/global_position/tf/global_frame_id] by /roslaunch
[rosmaster.master][INFO] 2026-06-24 15:43:04,135: +PARAM [/mavros/global_position/tf/child_frame_id] by /roslaunch
[rosmaster.master][INFO] 2026-06-24 15:43:04,135: +PARAM [/mavros/imu/frame_id] by /roslaunch
[rosmaster.master][INFO] 2026-06-24 15:43:04,135: +PARAM [/mavros/imu/linear_acceleration_stdev] by /roslaunch
[rosmaster.master][INFO] 2026-06-24 15:43:04,135: +PARAM [/mavros/imu/angular_velocity_stdev] by /roslaunch
[rosmaster.master][INFO] 2026-06-24 15:43:04,135: +PARAM [/mavros/imu/orientation_stdev] by /roslaunch
[rosmaster.master][INFO] 2026-06-24 15:43:04,135: +PARAM [/mavros/imu/magnetic_stdev] by /roslaunch
[rosmaster.master][INFO] 2026-06-24 15:43:04,135: +PARAM [/mavros/local_position/frame_id] by /roslaunch
[rosmaster.master][INFO] 2026-06-24 15:43:04,135: +PARAM [/mavros/local_position/tf/send] by /roslaunch
[rosmaster.master][INFO] 2026-06-24 15:43:04,135: +PARAM [/mavros/local_position/tf/frame_id] by /roslaunch
[rosmaster.master][INFO] 2026-06-24 15:43:04,135: +PARAM [/mavros/local_position/tf/child_frame_id] by /roslaunch
[rosmaster.master][INFO] 2026-06-24 15:43:04,135: +PARAM [/mavros/local_position/tf/send_fcu] by /roslaunch
[rosmaster.master][INFO] 2026-06-24 15:43:04,135: +PARAM [/mavros/safety_area/p1/x] by /roslaunch
[rosmaster.master][INFO] 2026-06-24 15:43:04,136: +PARAM [/mavros/safety_area/p1/y] by /roslaunch
[rosmaster.master][INFO] 2026-06-24 15:43:04,136: +PARAM [/mavros/safety_area/p1/z] by /roslaunch
[rosmaster.master][INFO] 2026-06-24 15:43:04,136: +PARAM [/mavros/safety_area/p2/x] by /roslaunch
[rosmaster.master][INFO] 2026-06-24 15:43:04,136: +PARAM [/mavros/safety_area/p2/y] by /roslaunch
[rosmaster.master][INFO] 2026-06-24 15:43:04,136: +PARAM [/mavros/safety_area/p2/z] by /roslaunch
[rosmaster.master][INFO] 2026-06-24 15:43:04,136: +PARAM [/mavros/setpoint_accel/send_force] by /roslaunch
[rosmaster.master][INFO] 2026-06-24 15:43:04,136: +PARAM [/mavros/setpoint_attitude/reverse_thrust] by /roslaunch
[rosmaster.master][INFO] 2026-06-24 15:43:04,136: +PARAM [/mavros/setpoint_attitude/use_quaternion] by /roslaunch
[rosmaster.master][INFO] 2026-06-24 15:43:04,136: +PARAM [/mavros/setpoint_attitude/tf/listen] by /roslaunch
[rosmaster.master][INFO] 2026-06-24 15:43:04,136: +PARAM [/mavros/setpoint_attitude/tf/frame_id] by /roslaunch
[rosmaster.master][INFO] 2026-06-24 15:43:04,136: +PARAM [/mavros/setpoint_attitude/tf/child_frame_id] by /roslaunch
[rosmaster.master][INFO] 2026-06-24 15:43:04,136: +PARAM [/mavros/setpoint_attitude/tf/rate_limit] by /roslaunch
[rosmaster.master][INFO] 2026-06-24 15:43:04,136: +PARAM [/mavros/setpoint_raw/thrust_scaling] by /roslaunch
[rosmaster.master][INFO] 2026-06-24 15:43:04,136: +PARAM [/mavros/setpoint_position/tf/listen] by /roslaunch
[rosmaster.master][INFO] 2026-06-24 15:43:04,136: +PARAM [/mavros/setpoint_position/tf/frame_id] by /roslaunch
[rosmaster.master][INFO] 2026-06-24 15:43:04,136: +PARAM [/mavros/setpoint_position/tf/child_frame_id] by /roslaunch
[rosmaster.master][INFO] 2026-06-24 15:43:04,136: +PARAM [/mavros/setpoint_position/tf/rate_limit] by /roslaunch
[rosmaster.master][INFO] 2026-06-24 15:43:04,136: +PARAM [/mavros/setpoint_position/mav_frame] by /roslaunch
[rosmaster.master][INFO] 2026-06-24 15:43:04,136: +PARAM [/mavros/guided_target/tf/listen] by /roslaunch
[rosmaster.master][INFO] 2026-06-24 15:43:04,136: +PARAM [/mavros/guided_target/tf/frame_id] by /roslaunch
[rosmaster.master][INFO] 2026-06-24 15:43:04,136: +PARAM [/mavros/guided_target/tf/child_frame_id] by /roslaunch
[rosmaster.master][INFO] 2026-06-24 15:43:04,136: +PARAM [/mavros/guided_target/tf/rate_limit] by /roslaunch
[rosmaster.master][INFO] 2026-06-24 15:43:04,136: +PARAM [/mavros/setpoint_velocity/mav_frame] by /roslaunch
[rosmaster.master][INFO] 2026-06-24 15:43:04,136: +PARAM [/mavros/mission/pull_after_gcs] by /roslaunch
[rosmaster.master][INFO] 2026-06-24 15:43:04,136: +PARAM [/mavros/mission/use_mission_item_int] by /roslaunch
[rosmaster.master][INFO] 2026-06-24 15:43:04,136: +PARAM [/mavros/distance_sensor/rangefinder_pub/id] by /roslaunch
[rosmaster.master][INFO] 2026-06-24 15:43:04,136: +PARAM [/mavros/distance_sensor/rangefinder_pub/frame_id] by /roslaunch
[rosmaster.master][INFO] 2026-06-24 15:43:04,136: +PARAM [/mavros/distance_sensor/rangefinder_pub/field_of_view] by /roslaunch
[rosmaster.master][INFO] 2026-06-24 15:43:04,136: +PARAM [/mavros/distance_sensor/rangefinder_pub/send_tf] by /roslaunch
[rosmaster.master][INFO] 2026-06-24 15:43:04,136: +PARAM [/mavros/distance_sensor/rangefinder_pub/sensor_position/x] by /roslaunch
[rosmaster.master][INFO] 2026-06-24 15:43:04,136: +PARAM [/mavros/distance_sensor/rangefinder_pub/sensor_position/y] by /roslaunch
[rosmaster.master][INFO] 2026-06-24 15:43:04,136: +PARAM [/mavros/distance_sensor/rangefinder_pub/sensor_position/z] by /roslaunch
[rosmaster.master][INFO] 2026-06-24 15:43:04,136: +PARAM [/mavros/distance_sensor/rangefinder_sub/subscriber] by /roslaunch
[rosmaster.master][INFO] 2026-06-24 15:43:04,136: +PARAM [/mavros/distance_sensor/rangefinder_sub/id] by /roslaunch
[rosmaster.master][INFO] 2026-06-24 15:43:04,137: +PARAM [/mavros/distance_sensor/rangefinder_sub/orientation] by /roslaunch
[rosmaster.master][INFO] 2026-06-24 15:43:04,137: +PARAM [/mavros/image/frame_id] by /roslaunch
[rosmaster.master][INFO] 2026-06-24 15:43:04,137: +PARAM [/mavros/fake_gps/use_mocap] by /roslaunch
[rosmaster.master][INFO] 2026-06-24 15:43:04,137: +PARAM [/mavros/fake_gps/mocap_transform] by /roslaunch
[rosmaster.master][INFO] 2026-06-24 15:43:04,137: +PARAM [/mavros/fake_gps/mocap_withcovariance] by /roslaunch
[rosmaster.master][INFO] 2026-06-24 15:43:04,137: +PARAM [/mavros/fake_gps/use_vision] by /roslaunch
[rosmaster.master][INFO] 2026-06-24 15:43:04,137: +PARAM [/mavros/fake_gps/use_hil_gps] by /roslaunch
[rosmaster.master][INFO] 2026-06-24 15:43:04,137: +PARAM [/mavros/fake_gps/gps_id] by /roslaunch
[rosmaster.master][INFO] 2026-06-24 15:43:04,137: +PARAM [/mavros/fake_gps/geo_origin/lat] by /roslaunch
[rosmaster.master][INFO] 2026-06-24 15:43:04,137: +PARAM [/mavros/fake_gps/geo_origin/lon] by /roslaunch
[rosmaster.master][INFO] 2026-06-24 15:43:04,137: +PARAM [/mavros/fake_gps/geo_origin/alt] by /roslaunch
[rosmaster.master][INFO] 2026-06-24 15:43:04,137: +PARAM [/mavros/fake_gps/eph] by /roslaunch
[rosmaster.master][INFO] 2026-06-24 15:43:04,137: +PARAM [/mavros/fake_gps/epv] by /roslaunch
[rosmaster.master][INFO] 2026-06-24 15:43:04,137: +PARAM [/mavros/fake_gps/horiz_accuracy] by /roslaunch
[rosmaster.master][INFO] 2026-06-24 15:43:04,137: +PARAM [/mavros/fake_gps/vert_accuracy] by /roslaunch
[rosmaster.master][INFO] 2026-06-24 15:43:04,137: +PARAM [/mavros/fake_gps/speed_accuracy] by /roslaunch
[rosmaster.master][INFO] 2026-06-24 15:43:04,137: +PARAM [/mavros/fake_gps/satellites_visible] by /roslaunch
[rosmaster.master][INFO] 2026-06-24 15:43:04,137: +PARAM [/mavros/fake_gps/fix_type] by /roslaunch
[rosmaster.master][INFO] 2026-06-24 15:43:04,137: +PARAM [/mavros/fake_gps/tf/listen] by /roslaunch
[rosmaster.master][INFO] 2026-06-24 15:43:04,137: +PARAM [/mavros/fake_gps/tf/send] by /roslaunch
[rosmaster.master][INFO] 2026-06-24 15:43:04,137: +PARAM [/mavros/fake_gps/tf/frame_id] by /roslaunch
[rosmaster.master][INFO] 2026-06-24 15:43:04,137: +PARAM [/mavros/fake_gps/tf/child_frame_id] by /roslaunch
[rosmaster.master][INFO] 2026-06-24 15:43:04,137: +PARAM [/mavros/fake_gps/tf/rate_limit] by /roslaunch
[rosmaster.master][INFO] 2026-06-24 15:43:04,137: +PARAM [/mavros/fake_gps/gps_rate] by /roslaunch
[rosmaster.master][INFO] 2026-06-24 15:43:04,137: +PARAM [/mavros/landing_target/listen_lt] by /roslaunch
[rosmaster.master][INFO] 2026-06-24 15:43:04,137: +PARAM [/mavros/landing_target/mav_frame] by /roslaunch
[rosmaster.master][INFO] 2026-06-24 15:43:04,138: +PARAM [/mavros/landing_target/land_target_type] by /roslaunch
[rosmaster.master][INFO] 2026-06-24 15:43:04,138: +PARAM [/mavros/landing_target/image/width] by /roslaunch
[rosmaster.master][INFO] 2026-06-24 15:43:04,138: +PARAM [/mavros/landing_target/image/height] by /roslaunch
[rosmaster.master][INFO] 2026-06-24 15:43:04,138: +PARAM [/mavros/landing_target/camera/fov_x] by /roslaunch
[rosmaster.master][INFO] 2026-06-24 15:43:04,138: +PARAM [/mavros/landing_target/camera/fov_y] by /roslaunch
[rosmaster.master][INFO] 2026-06-24 15:43:04,138: +PARAM [/mavros/landing_target/tf/send] by /roslaunch
[rosmaster.master][INFO] 2026-06-24 15:43:04,138: +PARAM [/mavros/landing_target/tf/listen] by /roslaunch
[rosmaster.master][INFO] 2026-06-24 15:43:04,138: +PARAM [/mavros/landing_target/tf/frame_id] by /roslaunch
[rosmaster.master][INFO] 2026-06-24 15:43:04,138: +PARAM [/mavros/landing_target/tf/child_frame_id] by /roslaunch
[rosmaster.master][INFO] 2026-06-24 15:43:04,138: +PARAM [/mavros/landing_target/tf/rate_limit] by /roslaunch
[rosmaster.master][INFO] 2026-06-24 15:43:04,138: +PARAM [/mavros/landing_target/target_size/x] by /roslaunch
[rosmaster.master][INFO] 2026-06-24 15:43:04,138: +PARAM [/mavros/landing_target/target_size/y] by /roslaunch
[rosmaster.master][INFO] 2026-06-24 15:43:04,138: +PARAM [/mavros/mocap/use_tf] by /roslaunch
[rosmaster.master][INFO] 2026-06-24 15:43:04,138: +PARAM [/mavros/mocap/use_pose] by /roslaunch
[rosmaster.master][INFO] 2026-06-24 15:43:04,138: +PARAM [/mavros/mount/debounce_s] by /roslaunch
[rosmaster.master][INFO] 2026-06-24 15:43:04,138: +PARAM [/mavros/mount/err_threshold_deg] by /roslaunch
[rosmaster.master][INFO] 2026-06-24 15:43:04,138: +PARAM [/mavros/mount/negate_measured_roll] by /roslaunch
[rosmaster.master][INFO] 2026-06-24 15:43:04,138: +PARAM [/mavros/mount/negate_measured_pitch] by /roslaunch
[rosmaster.master][INFO] 2026-06-24 15:43:04,138: +PARAM [/mavros/mount/negate_measured_yaw] by /roslaunch
[rosmaster.master][INFO] 2026-06-24 15:43:04,138: +PARAM [/mavros/odometry/frame_tf/desired_frame] by /roslaunch
[rosmaster.master][INFO] 2026-06-24 15:43:04,138: +PARAM [/mavros/odometry/estimator_type] by /roslaunch
[rosmaster.master][INFO] 2026-06-24 15:43:04,138: +PARAM [/mavros/px4flow/frame_id] by /roslaunch
[rosmaster.master][INFO] 2026-06-24 15:43:04,138: +PARAM [/mavros/px4flow/ranger_fov] by /roslaunch
[rosmaster.master][INFO] 2026-06-24 15:43:04,138: +PARAM [/mavros/px4flow/ranger_min_range] by /roslaunch
[rosmaster.master][INFO] 2026-06-24 15:43:04,138: +PARAM [/mavros/px4flow/ranger_max_range] by /roslaunch
[rosmaster.master][INFO] 2026-06-24 15:43:04,138: +PARAM [/mavros/vision_pose/tf/listen] by /roslaunch
[rosmaster.master][INFO] 2026-06-24 15:43:04,138: +PARAM [/mavros/vision_pose/tf/frame_id] by /roslaunch
[rosmaster.master][INFO] 2026-06-24 15:43:04,138: +PARAM [/mavros/vision_pose/tf/child_frame_id] by /roslaunch
[rosmaster.master][INFO] 2026-06-24 15:43:04,138: +PARAM [/mavros/vision_pose/tf/rate_limit] by /roslaunch
[rosmaster.master][INFO] 2026-06-24 15:43:04,138: +PARAM [/mavros/vision_speed/listen_twist] by /roslaunch
[rosmaster.master][INFO] 2026-06-24 15:43:04,138: +PARAM [/mavros/vision_speed/twist_cov] by /roslaunch
[rosmaster.master][INFO] 2026-06-24 15:43:04,138: +PARAM [/mavros/vibration/frame_id] by /roslaunch
[rosmaster.master][INFO] 2026-06-24 15:43:04,139: +PARAM [/mavros/wheel_odometry/count] by /roslaunch
[rosmaster.master][INFO] 2026-06-24 15:43:04,139: +PARAM [/mavros/wheel_odometry/use_rpm] by /roslaunch
[rosmaster.master][INFO] 2026-06-24 15:43:04,139: +PARAM [/mavros/wheel_odometry/wheel0/x] by /roslaunch
[rosmaster.master][INFO] 2026-06-24 15:43:04,139: +PARAM [/mavros/wheel_odometry/wheel0/y] by /roslaunch
[rosmaster.master][INFO] 2026-06-24 15:43:04,139: +PARAM [/mavros/wheel_odometry/wheel0/radius] by /roslaunch
[rosmaster.master][INFO] 2026-06-24 15:43:04,139: +PARAM [/mavros/wheel_odometry/wheel1/x] by /roslaunch
[rosmaster.master][INFO] 2026-06-24 15:43:04,139: +PARAM [/mavros/wheel_odometry/wheel1/y] by /roslaunch
[rosmaster.master][INFO] 2026-06-24 15:43:04,139: +PARAM [/mavros/wheel_odometry/wheel1/radius] by /roslaunch
[rosmaster.master][INFO] 2026-06-24 15:43:04,139: +PARAM [/mavros/wheel_odometry/send_raw] by /roslaunch
[rosmaster.master][INFO] 2026-06-24 15:43:04,139: +PARAM [/mavros/wheel_odometry/send_twist] by /roslaunch
[rosmaster.master][INFO] 2026-06-24 15:43:04,139: +PARAM [/mavros/wheel_odometry/frame_id] by /roslaunch
[rosmaster.master][INFO] 2026-06-24 15:43:04,139: +PARAM [/mavros/wheel_odometry/child_frame_id] by /roslaunch
[rosmaster.master][INFO] 2026-06-24 15:43:04,139: +PARAM [/mavros/wheel_odometry/vel_error] by /roslaunch
[rosmaster.master][INFO] 2026-06-24 15:43:04,139: +PARAM [/mavros/wheel_odometry/tf/send] by /roslaunch
[rosmaster.master][INFO] 2026-06-24 15:43:04,139: +PARAM [/mavros/wheel_odometry/tf/frame_id] by /roslaunch
[rosmaster.master][INFO] 2026-06-24 15:43:04,139: +PARAM [/mavros/wheel_odometry/tf/child_frame_id] by /roslaunch
[rosmaster.master][INFO] 2026-06-24 15:43:04,139: +PARAM [/mavros/fcu_url] by /roslaunch
[rosmaster.master][INFO] 2026-06-24 15:43:04,139: +PARAM [/mavros/gcs_url] by /roslaunch
[rosmaster.master][INFO] 2026-06-24 15:43:04,139: +PARAM [/mavros/target_system_id] by /roslaunch
[rosmaster.master][INFO] 2026-06-24 15:43:04,139: +PARAM [/mavros/target_component_id] by /roslaunch
[rosmaster.master][INFO] 2026-06-24 15:43:04,139: +PARAM [/mavros/fcu_protocol] by /roslaunch
[rosmaster.master][INFO] 2026-06-24 15:43:04,274: +PUB [/rosout] /mavros http://localhost:43857/
[rosmaster.master][INFO] 2026-06-24 15:43:04,275: +SERVICE [/mavros/get_loggers] /mavros http://localhost:43857/
[rosmaster.master][INFO] 2026-06-24 15:43:04,275: +SERVICE [/mavros/set_logger_level] /mavros http://localhost:43857/
[rosmaster.master][INFO] 2026-06-24 15:43:04,276: +PUB [/diagnostics] /mavros http://localhost:43857/
[rosmaster.master][INFO] 2026-06-24 15:43:04,277: +CACHEDPARAM [/mavros/diagnostic_period] by /mavros
[rosmaster.master][INFO] 2026-06-24 15:43:04,291: +SUB [/tf] /mavros http://localhost:43857/
[rosmaster.master][INFO] 2026-06-24 15:43:04,293: +SUB [/tf_static] /mavros http://localhost:43857/
[rosmaster.master][INFO] 2026-06-24 15:43:04,294: +PUB [/tf] /mavros http://localhost:43857/
[rosmaster.master][INFO] 2026-06-24 15:43:04,294: +PUB [/tf_static] /mavros http://localhost:43857/
[rosmaster.master][INFO] 2026-06-24 15:43:04,310: publisherUpdate[/rosout] -> http://localhost:38129/ ['http://localhost:43857/']
[rosmaster.master][INFO] 2026-06-24 15:43:04,312: publisherUpdate[/tf] -> http://localhost:43857/ ['http://localhost:43857/']
[rosmaster.master][INFO] 2026-06-24 15:43:04,313: publisherUpdate[/tf] -> http://localhost:43857/ ['http://localhost:43857/']: sec=0.00, result=[1, '', 0]
[rosmaster.master][INFO] 2026-06-24 15:43:04,313: publisherUpdate[/tf_static] -> http://localhost:43857/ ['http://localhost:43857/']
[rosmaster.master][INFO] 2026-06-24 15:43:04,313: publisherUpdate[/rosout] -> http://localhost:38129/ ['http://localhost:43857/']: sec=0.00, result=[1, '', 0]
[rosmaster.master][INFO] 2026-06-24 15:43:04,314: publisherUpdate[/tf_static] -> http://localhost:43857/ ['http://localhost:43857/']: sec=0.00, result=[1, '', 0]
[rosmaster.master][INFO] 2026-06-24 15:43:04,363: +CACHEDPARAM [/rosout_disable_topics_generation] by /mavros
[rosmaster.master][INFO] 2026-06-24 15:43:04,368: +PUB [/mavlink/from] /mavros http://localhost:43857/
[rosmaster.master][INFO] 2026-06-24 15:43:04,371: +SUB [/mavlink/to] /mavros http://localhost:43857/
[rosmaster.master][INFO] 2026-06-24 15:43:04,483: +PUB [/mavros/radio_status] /mavros http://localhost:43857/
[rosmaster.master][INFO] 2026-06-24 15:43:04,563: +PUB [/mavros/adsb/vehicle] /mavros http://localhost:43857/
[rosmaster.master][INFO] 2026-06-24 15:43:04,564: +CACHEDPARAM [/rosout/omit_topics] by /rosout
[rosmaster.master][INFO] 2026-06-24 15:43:04,568: +SUB [/mavros/adsb/send] /mavros http://localhost:43857/
[rosmaster.master][INFO] 2026-06-24 15:43:04,569: +PUB [/mavros/cam_imu_sync/cam_imu_stamp] /mavros http://localhost:43857/
[rosmaster.master][INFO] 2026-06-24 15:43:04,570: +PUB [/mavros/camera/image_captured] /mavros http://localhost:43857/
[rosmaster.master][INFO] 2026-06-24 15:43:04,573: +SUB [/mavros/cellular_status/status] /mavros http://localhost:43857/
[rosmaster.master][INFO] 2026-06-24 15:43:04,575: +SERVICE [/mavros/cmd/command] /mavros http://localhost:43857/
[rosmaster.master][INFO] 2026-06-24 15:43:04,576: +SERVICE [/mavros/cmd/command_ack] /mavros http://localhost:43857/
[rosmaster.master][INFO] 2026-06-24 15:43:04,576: +SERVICE [/mavros/cmd/command_int] /mavros http://localhost:43857/
[rosmaster.master][INFO] 2026-06-24 15:43:04,577: +SERVICE [/mavros/cmd/arming] /mavros http://localhost:43857/
[rosmaster.master][INFO] 2026-06-24 15:43:04,578: +SERVICE [/mavros/cmd/set_home] /mavros http://localhost:43857/
[rosmaster.master][INFO] 2026-06-24 15:43:04,578: +SERVICE [/mavros/cmd/takeoff] /mavros http://localhost:43857/
[rosmaster.master][INFO] 2026-06-24 15:43:04,579: +SERVICE [/mavros/cmd/land] /mavros http://localhost:43857/
[rosmaster.master][INFO] 2026-06-24 15:43:04,579: +SERVICE [/mavros/cmd/trigger_control] /mavros http://localhost:43857/
[rosmaster.master][INFO] 2026-06-24 15:43:04,580: +SERVICE [/mavros/cmd/trigger_interval] /mavros http://localhost:43857/
[rosmaster.master][INFO] 2026-06-24 15:43:04,581: +SERVICE [/mavros/cmd/vtol_transition] /mavros http://localhost:43857/
[rosmaster.master][INFO] 2026-06-24 15:43:04,584: +SUB [/mavros/companion_process/status] /mavros http://localhost:43857/
[rosmaster.master][INFO] 2026-06-24 15:43:04,588: +PUB [/mavros/distance_sensor/rangefinder_pub] /mavros http://localhost:43857/
[rosmaster.master][INFO] 2026-06-24 15:43:04,593: +SUB [/mavros/distance_sensor/rangefinder_sub] /mavros http://localhost:43857/
[rosmaster.master][INFO] 2026-06-24 15:43:04,594: +PUB [/mavros/esc_info] /mavros http://localhost:43857/
[rosmaster.master][INFO] 2026-06-24 15:43:04,595: +PUB [/mavros/esc_status] /mavros http://localhost:43857/
[rosmaster.master][INFO] 2026-06-24 15:43:04,596: +PUB [/mavros/esc_telemetry] /mavros http://localhost:43857/
[rosmaster.master][INFO] 2026-06-24 15:43:04,611: +SUB [/mavros/fake_gps/mocap/pose] /mavros http://localhost:43857/
[rosmaster.master][INFO] 2026-06-24 15:43:04,613: +PUB [/mavros/geofence/waypoints] /mavros http://localhost:43857/
[rosmaster.master][INFO] 2026-06-24 15:43:04,614: +SERVICE [/mavros/geofence/pull] /mavros http://localhost:43857/
[rosmaster.master][INFO] 2026-06-24 15:43:04,614: +SERVICE [/mavros/geofence/push] /mavros http://localhost:43857/
[rosmaster.master][INFO] 2026-06-24 15:43:04,615: +SERVICE [/mavros/geofence/clear] /mavros http://localhost:43857/
[rosmaster.master][INFO] 2026-06-24 15:43:04,621: +PUB [/mavros/global_position/raw/fix] /mavros http://localhost:43857/
[rosmaster.master][INFO] 2026-06-24 15:43:04,621: +PUB [/mavros/global_position/raw/gps_vel] /mavros http://localhost:43857/
[rosmaster.master][INFO] 2026-06-24 15:43:04,622: +PUB [/mavros/global_position/raw/satellites] /mavros http://localhost:43857/
[rosmaster.master][INFO] 2026-06-24 15:43:04,622: +PUB [/mavros/global_position/global] /mavros http://localhost:43857/
[rosmaster.master][INFO] 2026-06-24 15:43:04,623: +PUB [/mavros/global_position/local] /mavros http://localhost:43857/
[rosmaster.master][INFO] 2026-06-24 15:43:04,623: +PUB [/mavros/global_position/rel_alt] /mavros http://localhost:43857/
[rosmaster.master][INFO] 2026-06-24 15:43:04,623: +PUB [/mavros/global_position/compass_hdg] /mavros http://localhost:43857/
[rosmaster.master][INFO] 2026-06-24 15:43:04,624: +PUB [/mavros/global_position/gp_origin] /mavros http://localhost:43857/
[rosmaster.master][INFO] 2026-06-24 15:43:04,626: +SUB [/mavros/global_position/set_gp_origin] /mavros http://localhost:43857/
[rosmaster.master][INFO] 2026-06-24 15:43:04,628: +SUB [/mavros/home_position/home] /mavros http://localhost:43857/
[rosmaster.master][INFO] 2026-06-24 15:43:04,628: +PUB [/mavros/global_position/gp_lp_offset] /mavros http://localhost:43857/
[rosmaster.master][INFO] 2026-06-24 15:43:04,631: +SUB [/mavros/gps_input/gps_input] /mavros http://localhost:43857/
[rosmaster.master][INFO] 2026-06-24 15:43:04,633: +SUB [/mavros/gps_rtk/send_rtcm] /mavros http://localhost:43857/
[rosmaster.master][INFO] 2026-06-24 15:43:04,634: +PUB [/mavros/gps_rtk/rtk_baseline] /mavros http://localhost:43857/
[rosmaster.master][INFO] 2026-06-24 15:43:04,635: +PUB [/mavros/gpsstatus/gps1/raw] /mavros http://localhost:43857/
[rosmaster.master][INFO] 2026-06-24 15:43:04,635: +PUB [/mavros/gpsstatus/gps2/raw] /mavros http://localhost:43857/
[rosmaster.master][INFO] 2026-06-24 15:43:04,635: +PUB [/mavros/gpsstatus/gps1/rtk] /mavros http://localhost:43857/
[rosmaster.master][INFO] 2026-06-24 15:43:04,636: +PUB [/mavros/gpsstatus/gps2/rtk] /mavros http://localhost:43857/
[rosmaster.master][INFO] 2026-06-24 15:43:04,639: +PUB [/move_base_simple/goal] /mavros http://localhost:43857/
[rosmaster.master][INFO] 2026-06-24 15:43:04,641: +SUB [/mavros/global_position/gp_origin] /mavros http://localhost:43857/
[rosmaster.master][INFO] 2026-06-24 15:43:04,643: +PUB [/mavros/home_position/home] /mavros http://localhost:43857/
[rosmaster.master][INFO] 2026-06-24 15:43:04,644: +SUB [/mavros/home_position/set] /mavros http://localhost:43857/
[rosmaster.master][INFO] 2026-06-24 15:43:04,645: +SERVICE [/mavros/home_position/req_update] /mavros http://localhost:43857/
[rosmaster.master][INFO] 2026-06-24 15:43:04,649: +PUB [/mavros/imu/data] /mavros http://localhost:43857/
[rosmaster.master][INFO] 2026-06-24 15:43:04,650: +PUB [/mavros/imu/mag] /mavros http://localhost:43857/
[rosmaster.master][INFO] 2026-06-24 15:43:04,650: +PUB [/mavros/imu/temperature_imu] /mavros http://localhost:43857/
[rosmaster.master][INFO] 2026-06-24 15:43:04,651: +PUB [/mavros/imu/temperature_baro] /mavros http://localhost:43857/
[rosmaster.master][INFO] 2026-06-24 15:43:04,651: +PUB [/mavros/imu/static_pressure] /mavros http://localhost:43857/
[rosmaster.master][INFO] 2026-06-24 15:43:04,652: +PUB [/mavros/imu/diff_pressure] /mavros http://localhost:43857/
[rosmaster.master][INFO] 2026-06-24 15:43:04,652: +PUB [/mavros/imu/data_raw] /mavros http://localhost:43857/
[rosmaster.master][INFO] 2026-06-24 15:43:04,662: +PUB [/mavros/landing_target/pose_in] /mavros http://localhost:43857/
[rosmaster.master][INFO] 2026-06-24 15:43:04,663: +PUB [/mavros/landing_target/lt_marker] /mavros http://localhost:43857/
[rosmaster.master][INFO] 2026-06-24 15:43:04,665: +SUB [/mavros/landing_target/pose] /mavros http://localhost:43857/
[rosmaster.master][INFO] 2026-06-24 15:43:04,668: +PUB [/mavros/local_position/pose] /mavros http://localhost:43857/
[rosmaster.master][INFO] 2026-06-24 15:43:04,668: +PUB [/mavros/local_position/pose_cov] /mavros http://localhost:43857/
[rosmaster.master][INFO] 2026-06-24 15:43:04,669: +PUB [/mavros/local_position/velocity_local] /mavros http://localhost:43857/
[rosmaster.master][INFO] 2026-06-24 15:43:04,669: +PUB [/mavros/local_position/velocity_body] /mavros http://localhost:43857/
[rosmaster.master][INFO] 2026-06-24 15:43:04,670: +PUB [/mavros/local_position/velocity_body_cov] /mavros http://localhost:43857/
[rosmaster.master][INFO] 2026-06-24 15:43:04,670: +PUB [/mavros/local_position/accel] /mavros http://localhost:43857/
[rosmaster.master][INFO] 2026-06-24 15:43:04,671: +PUB [/mavros/local_position/odom] /mavros http://localhost:43857/
[rosmaster.master][INFO] 2026-06-24 15:43:04,671: +PUB [/mavros/log_transfer/raw/log_entry] /mavros http://localhost:43857/
[rosmaster.master][INFO] 2026-06-24 15:43:04,672: +PUB [/mavros/log_transfer/raw/log_data] /mavros http://localhost:43857/
[rosmaster.master][INFO] 2026-06-24 15:43:04,672: +SERVICE [/mavros/log_transfer/raw/log_request_list] /mavros http://localhost:43857/
[rosmaster.master][INFO] 2026-06-24 15:43:04,673: +SERVICE [/mavros/log_transfer/raw/log_request_data] /mavros http://localhost:43857/
[rosmaster.master][INFO] 2026-06-24 15:43:04,673: +SERVICE [/mavros/log_transfer/raw/log_request_end] /mavros http://localhost:43857/
[rosmaster.master][INFO] 2026-06-24 15:43:04,674: +SERVICE [/mavros/log_transfer/raw/log_request_erase] /mavros http://localhost:43857/
[rosmaster.master][INFO] 2026-06-24 15:43:04,675: +PUB [/mavros/mag_calibration/status] /mavros http://localhost:43857/
[rosmaster.master][INFO] 2026-06-24 15:43:04,675: +PUB [/mavros/mag_calibration/report] /mavros http://localhost:43857/
[rosmaster.master][INFO] 2026-06-24 15:43:04,676: +PUB [/mavros/manual_control/control] /mavros http://localhost:43857/
[rosmaster.master][INFO] 2026-06-24 15:43:04,678: +SUB [/mavros/manual_control/send] /mavros http://localhost:43857/
[rosmaster.master][INFO] 2026-06-24 15:43:04,682: +SUB [/mavros/mocap/pose] /mavros http://localhost:43857/
[rosmaster.master][INFO] 2026-06-24 15:43:04,685: +SUB [/mavros/mount_control/command] /mavros http://localhost:43857/
[rosmaster.master][INFO] 2026-06-24 15:43:04,685: +PUB [/mavros/mount_control/orientation] /mavros http://localhost:43857/
[rosmaster.master][INFO] 2026-06-24 15:43:04,685: +PUB [/mavros/mount_control/status] /mavros http://localhost:43857/
[rosmaster.master][INFO] 2026-06-24 15:43:04,686: +SERVICE [/mavros/mount_control/configure] /mavros http://localhost:43857/
[rosmaster.master][INFO] 2026-06-24 15:43:04,690: +PUB [/mavros/nav_controller_output] /mavros http://localhost:43857/
[rosmaster.master][INFO] 2026-06-24 15:43:04,693: +SUB [/mavros/obstacle/send] /mavros http://localhost:43857/
[rosmaster.master][INFO] 2026-06-24 15:43:04,694: +PUB [/mavros/odometry/in] /mavros http://localhost:43857/
[rosmaster.master][INFO] 2026-06-24 15:43:04,696: +SUB [/mavros/odometry/out] /mavros http://localhost:43857/
[rosmaster.master][INFO] 2026-06-24 15:43:04,699: +SUB [/mavros/onboard_computer/status] /mavros http://localhost:43857/
[rosmaster.master][INFO] 2026-06-24 15:43:04,700: +SERVICE [/mavros/param/pull] /mavros http://localhost:43857/
[rosmaster.master][INFO] 2026-06-24 15:43:04,700: +SERVICE [/mavros/param/push] /mavros http://localhost:43857/
[rosmaster.master][INFO] 2026-06-24 15:43:04,701: +SERVICE [/mavros/param/set] /mavros http://localhost:43857/
[rosmaster.master][INFO] 2026-06-24 15:43:04,702: +SERVICE [/mavros/param/get] /mavros http://localhost:43857/
[rosmaster.master][INFO] 2026-06-24 15:43:04,702: +PUB [/mavros/param/param_value] /mavros http://localhost:43857/
[rosmaster.master][INFO] 2026-06-24 15:43:04,704: +SUB [/mavros/play_tune] /mavros http://localhost:43857/
[rosmaster.master][INFO] 2026-06-24 15:43:04,706: +PUB [/mavros/rallypoint/waypoints] /mavros http://localhost:43857/
[rosmaster.master][INFO] 2026-06-24 15:43:04,707: +SERVICE [/mavros/rallypoint/pull] /mavros http://localhost:43857/
[rosmaster.master][INFO] 2026-06-24 15:43:04,707: +SERVICE [/mavros/rallypoint/push] /mavros http://localhost:43857/
[rosmaster.master][INFO] 2026-06-24 15:43:04,707: +SERVICE [/mavros/rallypoint/clear] /mavros http://localhost:43857/
[rosmaster.master][INFO] 2026-06-24 15:43:04,709: +PUB [/mavros/rangefinder/rangefinder] /mavros http://localhost:43857/
[rosmaster.master][INFO] 2026-06-24 15:43:04,710: +PUB [/mavros/rc/in] /mavros http://localhost:43857/
[rosmaster.master][INFO] 2026-06-24 15:43:04,710: +PUB [/mavros/rc/out] /mavros http://localhost:43857/
[rosmaster.master][INFO] 2026-06-24 15:43:04,712: +SUB [/mavros/rc/override] /mavros http://localhost:43857/
[rosmaster.master][INFO] 2026-06-24 15:43:04,714: publisherUpdate[/mavros/home_position/home] -> http://localhost:43857/ ['http://localhost:43857/']
[rosmaster.master][INFO] 2026-06-24 15:43:04,716: +SUB [/mavros/setpoint_accel/accel] /mavros http://localhost:43857/
[rosmaster.master][INFO] 2026-06-24 15:43:04,716: publisherUpdate[/mavros/home_position/home] -> http://localhost:43857/ ['http://localhost:43857/']: sec=0.00, result=[1, '', 0]
[rosmaster.master][INFO] 2026-06-24 15:43:04,722: +SUB [/mavros/setpoint_attitude/thrust] /mavros http://localhost:43857/
[rosmaster.master][INFO] 2026-06-24 15:43:04,724: +SUB [/mavros/setpoint_attitude/cmd_vel] /mavros http://localhost:43857/
[rosmaster.master][INFO] 2026-06-24 15:43:04,734: +SUB [/mavros/setpoint_position/local] /mavros http://localhost:43857/
[rosmaster.master][INFO] 2026-06-24 15:43:04,736: +SUB [/mavros/setpoint_position/global] /mavros http://localhost:43857/
[rosmaster.master][INFO] 2026-06-24 15:43:04,738: +SUB [/mavros/setpoint_position/global_to_local] /mavros http://localhost:43857/
[rosmaster.master][INFO] 2026-06-24 15:43:04,740: +SUB [/mavros/global_position/global] /mavros http://localhost:43857/
[rosmaster.master][INFO] 2026-06-24 15:43:04,741: +SUB [/mavros/local_position/pose] /mavros http://localhost:43857/
[rosmaster.master][INFO] 2026-06-24 15:43:04,742: +SERVICE [/mavros/setpoint_position/mav_frame] /mavros http://localhost:43857/
[rosmaster.master][INFO] 2026-06-24 15:43:04,745: +SUB [/mavros/setpoint_raw/local] /mavros http://localhost:43857/
[rosmaster.master][INFO] 2026-06-24 15:43:04,747: +SUB [/mavros/setpoint_raw/global] /mavros http://localhost:43857/
[rosmaster.master][INFO] 2026-06-24 15:43:04,749: +SUB [/mavros/setpoint_raw/attitude] /mavros http://localhost:43857/
[rosmaster.master][INFO] 2026-06-24 15:43:04,749: +PUB [/mavros/setpoint_raw/target_local] /mavros http://localhost:43857/
[rosmaster.master][INFO] 2026-06-24 15:43:04,750: +PUB [/mavros/setpoint_raw/target_global] /mavros http://localhost:43857/
[rosmaster.master][INFO] 2026-06-24 15:43:04,750: +PUB [/mavros/setpoint_raw/target_attitude] /mavros http://localhost:43857/
[rosmaster.master][INFO] 2026-06-24 15:43:04,753: +SUB [/mavros/setpoint_trajectory/local] /mavros http://localhost:43857/
[rosmaster.master][INFO] 2026-06-24 15:43:04,754: +PUB [/mavros/setpoint_trajectory/desired] /mavros http://localhost:43857/
[rosmaster.master][INFO] 2026-06-24 15:43:04,754: +SERVICE [/mavros/setpoint_trajectory/reset] /mavros http://localhost:43857/
[rosmaster.master][INFO] 2026-06-24 15:43:04,754: +SERVICE [/mavros/setpoint_trajectory/mav_frame] /mavros http://localhost:43857/
[rosmaster.master][INFO] 2026-06-24 15:43:04,757: +SUB [/mavros/setpoint_velocity/cmd_vel] /mavros http://localhost:43857/
[rosmaster.master][INFO] 2026-06-24 15:43:04,759: +SUB [/mavros/setpoint_velocity/cmd_vel_unstamped] /mavros http://localhost:43857/
[rosmaster.master][INFO] 2026-06-24 15:43:04,759: +SERVICE [/mavros/setpoint_velocity/mav_frame] /mavros http://localhost:43857/
[rosmaster.master][INFO] 2026-06-24 15:43:04,763: +PUB [/mavros/state] /mavros http://localhost:43857/
[rosmaster.master][INFO] 2026-06-24 15:43:04,764: +PUB [/mavros/extended_state] /mavros http://localhost:43857/
[rosmaster.master][INFO] 2026-06-24 15:43:04,764: +PUB [/mavros/battery] /mavros http://localhost:43857/
[rosmaster.master][INFO] 2026-06-24 15:43:04,764: +PUB [/mavros/estimator_status] /mavros http://localhost:43857/
[rosmaster.master][INFO] 2026-06-24 15:43:04,765: +PUB [/mavros/statustext/recv] /mavros http://localhost:43857/
[rosmaster.master][INFO] 2026-06-24 15:43:04,765: +PUB [/mavros/sys_status] /mavros http://localhost:43857/
[rosmaster.master][INFO] 2026-06-24 15:43:04,767: +SUB [/mavros/statustext/send] /mavros http://localhost:43857/
[rosmaster.master][INFO] 2026-06-24 15:43:04,767: +SERVICE [/mavros/set_stream_rate] /mavros http://localhost:43857/
[rosmaster.master][INFO] 2026-06-24 15:43:04,768: +SERVICE [/mavros/set_mode] /mavros http://localhost:43857/
[rosmaster.master][INFO] 2026-06-24 15:43:04,768: +SERVICE [/mavros/vehicle_info_get] /mavros http://localhost:43857/
[rosmaster.master][INFO] 2026-06-24 15:43:04,769: +SERVICE [/mavros/set_message_interval] /mavros http://localhost:43857/
[rosmaster.master][INFO] 2026-06-24 15:43:04,774: +PUB [/mavros/time_reference] /mavros http://localhost:43857/
[rosmaster.master][INFO] 2026-06-24 15:43:04,775: +PUB [/mavros/timesync_status] /mavros http://localhost:43857/
[rosmaster.master][INFO] 2026-06-24 15:43:04,775: +PUB [/mavros/terrain/report] /mavros http://localhost:43857/
[rosmaster.master][INFO] 2026-06-24 15:43:04,778: +SUB [/mavros/trajectory/generated] /mavros http://localhost:43857/
[rosmaster.master][INFO] 2026-06-24 15:43:04,780: +SUB [/mavros/trajectory/path] /mavros http://localhost:43857/
[rosmaster.master][INFO] 2026-06-24 15:43:04,780: +PUB [/mavros/trajectory/desired] /mavros http://localhost:43857/
[rosmaster.master][INFO] 2026-06-24 15:43:04,783: +SUB [/mavros/tunnel/in] /mavros http://localhost:43857/
[rosmaster.master][INFO] 2026-06-24 15:43:04,783: +PUB [/mavros/tunnel/out] /mavros http://localhost:43857/
[rosmaster.master][INFO] 2026-06-24 15:43:04,784: +PUB [/mavros/vfr_hud] /mavros http://localhost:43857/
[rosmaster.master][INFO] 2026-06-24 15:43:04,788: +SUB [/mavros/vision_pose/pose] /mavros http://localhost:43857/
[rosmaster.master][INFO] 2026-06-24 15:43:04,790: +SUB [/mavros/vision_pose/pose_cov] /mavros http://localhost:43857/
[rosmaster.master][INFO] 2026-06-24 15:43:04,792: +PUB [/mavros/mission/waypoints] /mavros http://localhost:43857/
[rosmaster.master][INFO] 2026-06-24 15:43:04,792: +SERVICE [/mavros/mission/pull] /mavros http://localhost:43857/
[rosmaster.master][INFO] 2026-06-24 15:43:04,793: +SERVICE [/mavros/mission/push] /mavros http://localhost:43857/
[rosmaster.master][INFO] 2026-06-24 15:43:04,793: +SERVICE [/mavros/mission/clear] /mavros http://localhost:43857/
[rosmaster.master][INFO] 2026-06-24 15:43:04,793: +PUB [/mavros/mission/reached] /mavros http://localhost:43857/
[rosmaster.master][INFO] 2026-06-24 15:43:04,794: +SERVICE [/mavros/mission/set_current] /mavros http://localhost:43857/
[rosmaster.master][INFO] 2026-06-24 15:43:04,795: +PUB [/mavros/wind_estimation] /mavros http://localhost:43857/
[rosmaster.master][INFO] 2026-06-24 15:43:05,797: +PUB [/mavlink/gcs_ip] /mavros http://localhost:43857/
[rosmaster.master][INFO] 2026-06-24 15:43:25,456: +PUB [/rosout] /vertical_descent_logger http://localhost:34225/
[rosmaster.master][INFO] 2026-06-24 15:43:25,459: +SERVICE [/vertical_descent_logger/get_loggers] /vertical_descent_logger http://localhost:34225/
[rosmaster.master][INFO] 2026-06-24 15:43:25,459: +SERVICE [/vertical_descent_logger/set_logger_level] /vertical_descent_logger http://localhost:34225/
[rosmaster.master][INFO] 2026-06-24 15:43:25,459: publisherUpdate[/rosout] -> http://localhost:38129/ ['http://localhost:43857/', 'http://localhost:34225/']
[rosmaster.master][INFO] 2026-06-24 15:43:25,460: +PUB [/mavros/setpoint_raw/local] /vertical_descent_logger http://localhost:34225/
[rosmaster.master][INFO] 2026-06-24 15:43:25,461: publisherUpdate[/rosout] -> http://localhost:38129/ ['http://localhost:43857/', 'http://localhost:34225/']: sec=0.00, result=[1, '', 0]
[rosmaster.master][INFO] 2026-06-24 15:43:25,461: publisherUpdate[/mavros/setpoint_raw/local] -> http://localhost:43857/ ['http://localhost:34225/']
[rosmaster.master][INFO] 2026-06-24 15:43:25,461: publisherUpdate[/mavros/setpoint_raw/local] -> http://localhost:43857/ ['http://localhost:34225/']: sec=0.00, result=[1, '', 0]
[rosmaster.master][INFO] 2026-06-24 15:43:25,462: +SUB [/mavros/local_position/velocity_body] /vertical_descent_logger http://localhost:34225/
[rosmaster.master][INFO] 2026-06-24 15:43:25,463: +SUB [/mavros/battery] /vertical_descent_logger http://localhost:34225/
[rosmaster.master][INFO] 2026-06-24 15:43:25,464: +SUB [/mavros/local_position/pose] /vertical_descent_logger http://localhost:34225/
[rosmaster.master][INFO] 2026-06-24 15:46:54,457: -SUB [/mavros/local_position/velocity_body] /vertical_descent_logger http://localhost:34225/
[rosmaster.master][INFO] 2026-06-24 15:46:54,457: -SUB [/mavros/battery] /vertical_descent_logger http://localhost:34225/
[rosmaster.master][INFO] 2026-06-24 15:46:54,458: -SUB [/mavros/local_position/pose] /vertical_descent_logger http://localhost:34225/
[rosmaster.master][INFO] 2026-06-24 15:46:54,458: -PUB [/rosout] /vertical_descent_logger http://localhost:34225/
[rosmaster.master][INFO] 2026-06-24 15:46:54,458: -PUB [/mavros/setpoint_raw/local] /vertical_descent_logger http://localhost:34225/
[rosmaster.master][INFO] 2026-06-24 15:46:54,458: -SERVICE [/vertical_descent_logger/get_loggers] /vertical_descent_logger rosrpc://localhost:36899
[rosmaster.master][INFO] 2026-06-24 15:46:54,458: -SERVICE [/vertical_descent_logger/set_logger_level] /vertical_descent_logger rosrpc://localhost:36899
[rosmaster.master][INFO] 2026-06-24 15:46:54,474: publisherUpdate[/rosout] -> http://localhost:38129/ ['http://localhost:43857/']
[rosmaster.master][INFO] 2026-06-24 15:46:54,475: publisherUpdate[/rosout] -> http://localhost:38129/ ['http://localhost:43857/']: sec=0.00, result=[1, '', 0]
[rosmaster.master][INFO] 2026-06-24 15:46:54,475: publisherUpdate[/mavros/setpoint_raw/local] -> http://localhost:43857/ []
[rosmaster.master][INFO] 2026-06-24 15:46:54,475: publisherUpdate[/mavros/setpoint_raw/local] -> http://localhost:43857/ []: sec=0.00, result=[1, '', 0]
[rosmaster.master][INFO] 2026-06-24 15:47:42,003: -PUB [/rosout_agg] /rosout http://localhost:38129/
[rosmaster.master][INFO] 2026-06-24 15:47:42,003: -SUB [/rosout] /rosout http://localhost:38129/
[rosmaster.master][INFO] 2026-06-24 15:47:42,004: -SERVICE [/rosout/get_loggers] /rosout rosrpc://localhost:36587
[rosmaster.master][INFO] 2026-06-24 15:47:42,004: -SERVICE [/rosout/set_logger_level] /rosout rosrpc://localhost:36587
[rosmaster.master][INFO] 2026-06-24 15:47:42,004: -CACHEDPARAM [/rosout/omit_topics] by /rosout
[rosmaster.main][INFO] 2026-06-24 15:47:42,070: keyboard interrupt, will exit
[rosmaster.main][INFO] 2026-06-24 15:47:42,070: stopping master...
[rospy.core][INFO] 2026-06-24 15:47:42,071: signal_shutdown [atexit]
