[rosmaster.main][INFO] 2026-07-04 00:14:19,841: initialization complete, waiting for shutdown
[rosmaster.main][INFO] 2026-07-04 00:14:19,841: Starting ROS Master Node
[xmlrpc][INFO] 2026-07-04 00:14:19,843: XML-RPC server binding to 127.0.0.1:11311
[xmlrpc][INFO] 2026-07-04 00:14:19,843: Started XML-RPC server [http://localhost:11311/]
[xmlrpc][INFO] 2026-07-04 00:14:19,843: xml rpc node: starting XML-RPC server
[rosmaster.master][INFO] 2026-07-04 00:14:19,843: Master initialized: port[11311], uri[http://localhost:11311/]
[rosmaster.master][INFO] 2026-07-04 00:14:19,924: +PARAM [/run_id] by /roslaunch
[rosmaster.master][INFO] 2026-07-04 00:14:19,926: +PARAM [/roslaunch/uris/host_localhost__34139] by /roslaunch
[rosmaster.master][INFO] 2026-07-04 00:14:19,972: +PARAM [/rosversion] by /roslaunch
[rosmaster.master][INFO] 2026-07-04 00:14:19,972: +PARAM [/rosdistro] by /roslaunch
[rosmaster.master][INFO] 2026-07-04 00:14:20,021: +SERVICE [/rosout/get_loggers] /rosout http://localhost:45789/
[rosmaster.master][INFO] 2026-07-04 00:14:20,021: +SERVICE [/rosout/set_logger_level] /rosout http://localhost:45789/
[rosmaster.master][INFO] 2026-07-04 00:14:20,022: +PUB [/rosout_agg] /rosout http://localhost:45789/
[rosmaster.master][INFO] 2026-07-04 00:14:20,025: +SUB [/rosout] /rosout http://localhost:45789/
[rosmaster.master][INFO] 2026-07-04 00:14:34,703: +PARAM [/roslaunch/uris/host_localhost__46239] by /roslaunch
[rosmaster.master][INFO] 2026-07-04 00:14:34,713: +PARAM [/rosversion] by /roslaunch
[rosmaster.master][INFO] 2026-07-04 00:14:34,713: +PARAM [/rosdistro] by /roslaunch
[rosmaster.master][INFO] 2026-07-04 00:14:34,713: +PARAM [/mavros/plugin_blacklist] by /roslaunch
[rosmaster.master][INFO] 2026-07-04 00:14:34,714: +PARAM [/mavros/plugin_whitelist] by /roslaunch
[rosmaster.master][INFO] 2026-07-04 00:14:34,714: +PARAM [/mavros/startup_px4_usb_quirk] by /roslaunch
[rosmaster.master][INFO] 2026-07-04 00:14:34,714: +PARAM [/mavros/conn/heartbeat_rate] by /roslaunch
[rosmaster.master][INFO] 2026-07-04 00:14:34,714: +PARAM [/mavros/conn/heartbeat_mav_type] by /roslaunch
[rosmaster.master][INFO] 2026-07-04 00:14:34,714: +PARAM [/mavros/conn/timeout] by /roslaunch
[rosmaster.master][INFO] 2026-07-04 00:14:34,714: +PARAM [/mavros/conn/timesync_rate] by /roslaunch
[rosmaster.master][INFO] 2026-07-04 00:14:34,714: +PARAM [/mavros/conn/system_time_rate] by /roslaunch
[rosmaster.master][INFO] 2026-07-04 00:14:34,714: +PARAM [/mavros/sys/min_voltage] by /roslaunch
[rosmaster.master][INFO] 2026-07-04 00:14:34,714: +PARAM [/mavros/sys/disable_diag] by /roslaunch
[rosmaster.master][INFO] 2026-07-04 00:14:34,714: +PARAM [/mavros/time/time_ref_source] by /roslaunch
[rosmaster.master][INFO] 2026-07-04 00:14:34,714: +PARAM [/mavros/time/timesync_mode] by /roslaunch
[rosmaster.master][INFO] 2026-07-04 00:14:34,714: +PARAM [/mavros/time/timesync_avg_alpha] by /roslaunch
[rosmaster.master][INFO] 2026-07-04 00:14:34,716: +PARAM [/mavros/tdr_radio/low_rssi] by /roslaunch
[rosmaster.master][INFO] 2026-07-04 00:14:34,716: +PARAM [/mavros/cmd/use_comp_id_system_control] by /roslaunch
[rosmaster.master][INFO] 2026-07-04 00:14:34,716: +PARAM [/mavros/global_position/frame_id] by /roslaunch
[rosmaster.master][INFO] 2026-07-04 00:14:34,716: +PARAM [/mavros/global_position/child_frame_id] by /roslaunch
[rosmaster.master][INFO] 2026-07-04 00:14:34,716: +PARAM [/mavros/global_position/rot_covariance] by /roslaunch
[rosmaster.master][INFO] 2026-07-04 00:14:34,716: +PARAM [/mavros/global_position/gps_uere] by /roslaunch
[rosmaster.master][INFO] 2026-07-04 00:14:34,716: +PARAM [/mavros/global_position/use_relative_alt] by /roslaunch
[rosmaster.master][INFO] 2026-07-04 00:14:34,716: +PARAM [/mavros/global_position/tf/send] by /roslaunch
[rosmaster.master][INFO] 2026-07-04 00:14:34,716: +PARAM [/mavros/global_position/tf/frame_id] by /roslaunch
[rosmaster.master][INFO] 2026-07-04 00:14:34,716: +PARAM [/mavros/global_position/tf/global_frame_id] by /roslaunch
[rosmaster.master][INFO] 2026-07-04 00:14:34,716: +PARAM [/mavros/global_position/tf/child_frame_id] by /roslaunch
[rosmaster.master][INFO] 2026-07-04 00:14:34,716: +PARAM [/mavros/imu/frame_id] by /roslaunch
[rosmaster.master][INFO] 2026-07-04 00:14:34,716: +PARAM [/mavros/imu/linear_acceleration_stdev] by /roslaunch
[rosmaster.master][INFO] 2026-07-04 00:14:34,716: +PARAM [/mavros/imu/angular_velocity_stdev] by /roslaunch
[rosmaster.master][INFO] 2026-07-04 00:14:34,717: +PARAM [/mavros/imu/orientation_stdev] by /roslaunch
[rosmaster.master][INFO] 2026-07-04 00:14:34,717: +PARAM [/mavros/imu/magnetic_stdev] by /roslaunch
[rosmaster.master][INFO] 2026-07-04 00:14:34,717: +PARAM [/mavros/local_position/frame_id] by /roslaunch
[rosmaster.master][INFO] 2026-07-04 00:14:34,717: +PARAM [/mavros/local_position/tf/send] by /roslaunch
[rosmaster.master][INFO] 2026-07-04 00:14:34,717: +PARAM [/mavros/local_position/tf/frame_id] by /roslaunch
[rosmaster.master][INFO] 2026-07-04 00:14:34,717: +PARAM [/mavros/local_position/tf/child_frame_id] by /roslaunch
[rosmaster.master][INFO] 2026-07-04 00:14:34,717: +PARAM [/mavros/local_position/tf/send_fcu] by /roslaunch
[rosmaster.master][INFO] 2026-07-04 00:14:34,717: +PARAM [/mavros/safety_area/p1/x] by /roslaunch
[rosmaster.master][INFO] 2026-07-04 00:14:34,717: +PARAM [/mavros/safety_area/p1/y] by /roslaunch
[rosmaster.master][INFO] 2026-07-04 00:14:34,717: +PARAM [/mavros/safety_area/p1/z] by /roslaunch
[rosmaster.master][INFO] 2026-07-04 00:14:34,717: +PARAM [/mavros/safety_area/p2/x] by /roslaunch
[rosmaster.master][INFO] 2026-07-04 00:14:34,717: +PARAM [/mavros/safety_area/p2/y] by /roslaunch
[rosmaster.master][INFO] 2026-07-04 00:14:34,717: +PARAM [/mavros/safety_area/p2/z] by /roslaunch
[rosmaster.master][INFO] 2026-07-04 00:14:34,717: +PARAM [/mavros/setpoint_accel/send_force] by /roslaunch
[rosmaster.master][INFO] 2026-07-04 00:14:34,717: +PARAM [/mavros/setpoint_attitude/reverse_thrust] by /roslaunch
[rosmaster.master][INFO] 2026-07-04 00:14:34,717: +PARAM [/mavros/setpoint_attitude/use_quaternion] by /roslaunch
[rosmaster.master][INFO] 2026-07-04 00:14:34,717: +PARAM [/mavros/setpoint_attitude/tf/listen] by /roslaunch
[rosmaster.master][INFO] 2026-07-04 00:14:34,717: +PARAM [/mavros/setpoint_attitude/tf/frame_id] by /roslaunch
[rosmaster.master][INFO] 2026-07-04 00:14:34,717: +PARAM [/mavros/setpoint_attitude/tf/child_frame_id] by /roslaunch
[rosmaster.master][INFO] 2026-07-04 00:14:34,717: +PARAM [/mavros/setpoint_attitude/tf/rate_limit] by /roslaunch
[rosmaster.master][INFO] 2026-07-04 00:14:34,717: +PARAM [/mavros/setpoint_raw/thrust_scaling] by /roslaunch
[rosmaster.master][INFO] 2026-07-04 00:14:34,717: +PARAM [/mavros/setpoint_position/tf/listen] by /roslaunch
[rosmaster.master][INFO] 2026-07-04 00:14:34,717: +PARAM [/mavros/setpoint_position/tf/frame_id] by /roslaunch
[rosmaster.master][INFO] 2026-07-04 00:14:34,717: +PARAM [/mavros/setpoint_position/tf/child_frame_id] by /roslaunch
[rosmaster.master][INFO] 2026-07-04 00:14:34,717: +PARAM [/mavros/setpoint_position/tf/rate_limit] by /roslaunch
[rosmaster.master][INFO] 2026-07-04 00:14:34,717: +PARAM [/mavros/setpoint_position/mav_frame] by /roslaunch
[rosmaster.master][INFO] 2026-07-04 00:14:34,718: +PARAM [/mavros/guided_target/tf/listen] by /roslaunch
[rosmaster.master][INFO] 2026-07-04 00:14:34,718: +PARAM [/mavros/guided_target/tf/frame_id] by /roslaunch
[rosmaster.master][INFO] 2026-07-04 00:14:34,718: +PARAM [/mavros/guided_target/tf/child_frame_id] by /roslaunch
[rosmaster.master][INFO] 2026-07-04 00:14:34,718: +PARAM [/mavros/guided_target/tf/rate_limit] by /roslaunch
[rosmaster.master][INFO] 2026-07-04 00:14:34,718: +PARAM [/mavros/setpoint_velocity/mav_frame] by /roslaunch
[rosmaster.master][INFO] 2026-07-04 00:14:34,718: +PARAM [/mavros/mission/pull_after_gcs] by /roslaunch
[rosmaster.master][INFO] 2026-07-04 00:14:34,718: +PARAM [/mavros/mission/use_mission_item_int] by /roslaunch
[rosmaster.master][INFO] 2026-07-04 00:14:34,718: +PARAM [/mavros/distance_sensor/rangefinder_pub/id] by /roslaunch
[rosmaster.master][INFO] 2026-07-04 00:14:34,718: +PARAM [/mavros/distance_sensor/rangefinder_pub/frame_id] by /roslaunch
[rosmaster.master][INFO] 2026-07-04 00:14:34,718: +PARAM [/mavros/distance_sensor/rangefinder_pub/field_of_view] by /roslaunch
[rosmaster.master][INFO] 2026-07-04 00:14:34,718: +PARAM [/mavros/distance_sensor/rangefinder_pub/send_tf] by /roslaunch
[rosmaster.master][INFO] 2026-07-04 00:14:34,718: +PARAM [/mavros/distance_sensor/rangefinder_pub/sensor_position/x] by /roslaunch
[rosmaster.master][INFO] 2026-07-04 00:14:34,718: +PARAM [/mavros/distance_sensor/rangefinder_pub/sensor_position/y] by /roslaunch
[rosmaster.master][INFO] 2026-07-04 00:14:34,718: +PARAM [/mavros/distance_sensor/rangefinder_pub/sensor_position/z] by /roslaunch
[rosmaster.master][INFO] 2026-07-04 00:14:34,718: +PARAM [/mavros/distance_sensor/rangefinder_sub/subscriber] by /roslaunch
[rosmaster.master][INFO] 2026-07-04 00:14:34,718: +PARAM [/mavros/distance_sensor/rangefinder_sub/id] by /roslaunch
[rosmaster.master][INFO] 2026-07-04 00:14:34,718: +PARAM [/mavros/distance_sensor/rangefinder_sub/orientation] by /roslaunch
[rosmaster.master][INFO] 2026-07-04 00:14:34,718: +PARAM [/mavros/image/frame_id] by /roslaunch
[rosmaster.master][INFO] 2026-07-04 00:14:34,718: +PARAM [/mavros/fake_gps/use_mocap] by /roslaunch
[rosmaster.master][INFO] 2026-07-04 00:14:34,718: +PARAM [/mavros/fake_gps/mocap_transform] by /roslaunch
[rosmaster.master][INFO] 2026-07-04 00:14:34,718: +PARAM [/mavros/fake_gps/mocap_withcovariance] by /roslaunch
[rosmaster.master][INFO] 2026-07-04 00:14:34,718: +PARAM [/mavros/fake_gps/use_vision] by /roslaunch
[rosmaster.master][INFO] 2026-07-04 00:14:34,718: +PARAM [/mavros/fake_gps/use_hil_gps] by /roslaunch
[rosmaster.master][INFO] 2026-07-04 00:14:34,718: +PARAM [/mavros/fake_gps/gps_id] by /roslaunch
[rosmaster.master][INFO] 2026-07-04 00:14:34,718: +PARAM [/mavros/fake_gps/geo_origin/lat] by /roslaunch
[rosmaster.master][INFO] 2026-07-04 00:14:34,718: +PARAM [/mavros/fake_gps/geo_origin/lon] by /roslaunch
[rosmaster.master][INFO] 2026-07-04 00:14:34,719: +PARAM [/mavros/fake_gps/geo_origin/alt] by /roslaunch
[rosmaster.master][INFO] 2026-07-04 00:14:34,719: +PARAM [/mavros/fake_gps/eph] by /roslaunch
[rosmaster.master][INFO] 2026-07-04 00:14:34,719: +PARAM [/mavros/fake_gps/epv] by /roslaunch
[rosmaster.master][INFO] 2026-07-04 00:14:34,719: +PARAM [/mavros/fake_gps/horiz_accuracy] by /roslaunch
[rosmaster.master][INFO] 2026-07-04 00:14:34,719: +PARAM [/mavros/fake_gps/vert_accuracy] by /roslaunch
[rosmaster.master][INFO] 2026-07-04 00:14:34,719: +PARAM [/mavros/fake_gps/speed_accuracy] by /roslaunch
[rosmaster.master][INFO] 2026-07-04 00:14:34,719: +PARAM [/mavros/fake_gps/satellites_visible] by /roslaunch
[rosmaster.master][INFO] 2026-07-04 00:14:34,719: +PARAM [/mavros/fake_gps/fix_type] by /roslaunch
[rosmaster.master][INFO] 2026-07-04 00:14:34,719: +PARAM [/mavros/fake_gps/tf/listen] by /roslaunch
[rosmaster.master][INFO] 2026-07-04 00:14:34,719: +PARAM [/mavros/fake_gps/tf/send] by /roslaunch
[rosmaster.master][INFO] 2026-07-04 00:14:34,719: +PARAM [/mavros/fake_gps/tf/frame_id] by /roslaunch
[rosmaster.master][INFO] 2026-07-04 00:14:34,719: +PARAM [/mavros/fake_gps/tf/child_frame_id] by /roslaunch
[rosmaster.master][INFO] 2026-07-04 00:14:34,719: +PARAM [/mavros/fake_gps/tf/rate_limit] by /roslaunch
[rosmaster.master][INFO] 2026-07-04 00:14:34,719: +PARAM [/mavros/fake_gps/gps_rate] by /roslaunch
[rosmaster.master][INFO] 2026-07-04 00:14:34,719: +PARAM [/mavros/landing_target/listen_lt] by /roslaunch
[rosmaster.master][INFO] 2026-07-04 00:14:34,719: +PARAM [/mavros/landing_target/mav_frame] by /roslaunch
[rosmaster.master][INFO] 2026-07-04 00:14:34,719: +PARAM [/mavros/landing_target/land_target_type] by /roslaunch
[rosmaster.master][INFO] 2026-07-04 00:14:34,719: +PARAM [/mavros/landing_target/image/width] by /roslaunch
[rosmaster.master][INFO] 2026-07-04 00:14:34,719: +PARAM [/mavros/landing_target/image/height] by /roslaunch
[rosmaster.master][INFO] 2026-07-04 00:14:34,719: +PARAM [/mavros/landing_target/camera/fov_x] by /roslaunch
[rosmaster.master][INFO] 2026-07-04 00:14:34,719: +PARAM [/mavros/landing_target/camera/fov_y] by /roslaunch
[rosmaster.master][INFO] 2026-07-04 00:14:34,719: +PARAM [/mavros/landing_target/tf/send] by /roslaunch
[rosmaster.master][INFO] 2026-07-04 00:14:34,719: +PARAM [/mavros/landing_target/tf/listen] by /roslaunch
[rosmaster.master][INFO] 2026-07-04 00:14:34,719: +PARAM [/mavros/landing_target/tf/frame_id] by /roslaunch
[rosmaster.master][INFO] 2026-07-04 00:14:34,719: +PARAM [/mavros/landing_target/tf/child_frame_id] by /roslaunch
[rosmaster.master][INFO] 2026-07-04 00:14:34,719: +PARAM [/mavros/landing_target/tf/rate_limit] by /roslaunch
[rosmaster.master][INFO] 2026-07-04 00:14:34,720: +PARAM [/mavros/landing_target/target_size/x] by /roslaunch
[rosmaster.master][INFO] 2026-07-04 00:14:34,720: +PARAM [/mavros/landing_target/target_size/y] by /roslaunch
[rosmaster.master][INFO] 2026-07-04 00:14:34,720: +PARAM [/mavros/mocap/use_tf] by /roslaunch
[rosmaster.master][INFO] 2026-07-04 00:14:34,720: +PARAM [/mavros/mocap/use_pose] by /roslaunch
[rosmaster.master][INFO] 2026-07-04 00:14:34,720: +PARAM [/mavros/mount/debounce_s] by /roslaunch
[rosmaster.master][INFO] 2026-07-04 00:14:34,720: +PARAM [/mavros/mount/err_threshold_deg] by /roslaunch
[rosmaster.master][INFO] 2026-07-04 00:14:34,720: +PARAM [/mavros/mount/negate_measured_roll] by /roslaunch
[rosmaster.master][INFO] 2026-07-04 00:14:34,720: +PARAM [/mavros/mount/negate_measured_pitch] by /roslaunch
[rosmaster.master][INFO] 2026-07-04 00:14:34,720: +PARAM [/mavros/mount/negate_measured_yaw] by /roslaunch
[rosmaster.master][INFO] 2026-07-04 00:14:34,720: +PARAM [/mavros/odometry/frame_tf/desired_frame] by /roslaunch
[rosmaster.master][INFO] 2026-07-04 00:14:34,720: +PARAM [/mavros/odometry/estimator_type] by /roslaunch
[rosmaster.master][INFO] 2026-07-04 00:14:34,720: +PARAM [/mavros/px4flow/frame_id] by /roslaunch
[rosmaster.master][INFO] 2026-07-04 00:14:34,720: +PARAM [/mavros/px4flow/ranger_fov] by /roslaunch
[rosmaster.master][INFO] 2026-07-04 00:14:34,720: +PARAM [/mavros/px4flow/ranger_min_range] by /roslaunch
[rosmaster.master][INFO] 2026-07-04 00:14:34,720: +PARAM [/mavros/px4flow/ranger_max_range] by /roslaunch
[rosmaster.master][INFO] 2026-07-04 00:14:34,720: +PARAM [/mavros/vision_pose/tf/listen] by /roslaunch
[rosmaster.master][INFO] 2026-07-04 00:14:34,720: +PARAM [/mavros/vision_pose/tf/frame_id] by /roslaunch
[rosmaster.master][INFO] 2026-07-04 00:14:34,720: +PARAM [/mavros/vision_pose/tf/child_frame_id] by /roslaunch
[rosmaster.master][INFO] 2026-07-04 00:14:34,720: +PARAM [/mavros/vision_pose/tf/rate_limit] by /roslaunch
[rosmaster.master][INFO] 2026-07-04 00:14:34,720: +PARAM [/mavros/vision_speed/listen_twist] by /roslaunch
[rosmaster.master][INFO] 2026-07-04 00:14:34,720: +PARAM [/mavros/vision_speed/twist_cov] by /roslaunch
[rosmaster.master][INFO] 2026-07-04 00:14:34,720: +PARAM [/mavros/vibration/frame_id] by /roslaunch
[rosmaster.master][INFO] 2026-07-04 00:14:34,721: +PARAM [/mavros/wheel_odometry/count] by /roslaunch
[rosmaster.master][INFO] 2026-07-04 00:14:34,721: +PARAM [/mavros/wheel_odometry/use_rpm] by /roslaunch
[rosmaster.master][INFO] 2026-07-04 00:14:34,721: +PARAM [/mavros/wheel_odometry/wheel0/x] by /roslaunch
[rosmaster.master][INFO] 2026-07-04 00:14:34,721: +PARAM [/mavros/wheel_odometry/wheel0/y] by /roslaunch
[rosmaster.master][INFO] 2026-07-04 00:14:34,721: +PARAM [/mavros/wheel_odometry/wheel0/radius] by /roslaunch
[rosmaster.master][INFO] 2026-07-04 00:14:34,721: +PARAM [/mavros/wheel_odometry/wheel1/x] by /roslaunch
[rosmaster.master][INFO] 2026-07-04 00:14:34,721: +PARAM [/mavros/wheel_odometry/wheel1/y] by /roslaunch
[rosmaster.master][INFO] 2026-07-04 00:14:34,722: +PARAM [/mavros/wheel_odometry/wheel1/radius] by /roslaunch
[rosmaster.master][INFO] 2026-07-04 00:14:34,722: +PARAM [/mavros/wheel_odometry/send_raw] by /roslaunch
[rosmaster.master][INFO] 2026-07-04 00:14:34,722: +PARAM [/mavros/wheel_odometry/send_twist] by /roslaunch
[rosmaster.master][INFO] 2026-07-04 00:14:34,722: +PARAM [/mavros/wheel_odometry/frame_id] by /roslaunch
[rosmaster.master][INFO] 2026-07-04 00:14:34,722: +PARAM [/mavros/wheel_odometry/child_frame_id] by /roslaunch
[rosmaster.master][INFO] 2026-07-04 00:14:34,722: +PARAM [/mavros/wheel_odometry/vel_error] by /roslaunch
[rosmaster.master][INFO] 2026-07-04 00:14:34,722: +PARAM [/mavros/wheel_odometry/tf/send] by /roslaunch
[rosmaster.master][INFO] 2026-07-04 00:14:34,722: +PARAM [/mavros/wheel_odometry/tf/frame_id] by /roslaunch
[rosmaster.master][INFO] 2026-07-04 00:14:34,722: +PARAM [/mavros/wheel_odometry/tf/child_frame_id] by /roslaunch
[rosmaster.master][INFO] 2026-07-04 00:14:34,722: +PARAM [/mavros/fcu_url] by /roslaunch
[rosmaster.master][INFO] 2026-07-04 00:14:34,722: +PARAM [/mavros/gcs_url] by /roslaunch
[rosmaster.master][INFO] 2026-07-04 00:14:34,722: +PARAM [/mavros/target_system_id] by /roslaunch
[rosmaster.master][INFO] 2026-07-04 00:14:34,722: +PARAM [/mavros/target_component_id] by /roslaunch
[rosmaster.master][INFO] 2026-07-04 00:14:34,722: +PARAM [/mavros/fcu_protocol] by /roslaunch
[rosmaster.master][INFO] 2026-07-04 00:14:34,872: +PUB [/rosout] /mavros http://localhost:35959/
[rosmaster.master][INFO] 2026-07-04 00:14:34,874: +SERVICE [/mavros/get_loggers] /mavros http://localhost:35959/
[rosmaster.master][INFO] 2026-07-04 00:14:34,874: +SERVICE [/mavros/set_logger_level] /mavros http://localhost:35959/
[rosmaster.master][INFO] 2026-07-04 00:14:34,876: +PUB [/diagnostics] /mavros http://localhost:35959/
[rosmaster.master][INFO] 2026-07-04 00:14:34,876: +CACHEDPARAM [/mavros/diagnostic_period] by /mavros
[rosmaster.master][INFO] 2026-07-04 00:14:34,891: publisherUpdate[/rosout] -> http://localhost:45789/ ['http://localhost:35959/']
[rosmaster.master][INFO] 2026-07-04 00:14:34,895: publisherUpdate[/rosout] -> http://localhost:45789/ ['http://localhost:35959/']: sec=0.00, result=[1, '', 0]
[rosmaster.master][INFO] 2026-07-04 00:14:34,896: +SUB [/tf] /mavros http://localhost:35959/
[rosmaster.master][INFO] 2026-07-04 00:14:34,897: +SUB [/tf_static] /mavros http://localhost:35959/
[rosmaster.master][INFO] 2026-07-04 00:14:34,898: +PUB [/tf] /mavros http://localhost:35959/
[rosmaster.master][INFO] 2026-07-04 00:14:34,898: +PUB [/tf_static] /mavros http://localhost:35959/
[rosmaster.master][INFO] 2026-07-04 00:14:34,978: +CACHEDPARAM [/rosout_disable_topics_generation] by /mavros
[rosmaster.master][INFO] 2026-07-04 00:14:34,983: +PUB [/mavlink/from] /mavros http://localhost:35959/
[rosmaster.master][INFO] 2026-07-04 00:14:34,986: +SUB [/mavlink/to] /mavros http://localhost:35959/
[rosmaster.master][INFO] 2026-07-04 00:14:34,993: publisherUpdate[/tf] -> http://localhost:35959/ ['http://localhost:35959/']
[rosmaster.master][INFO] 2026-07-04 00:14:34,995: publisherUpdate[/tf] -> http://localhost:35959/ ['http://localhost:35959/']: sec=0.00, result=[1, '', 0]
[rosmaster.master][INFO] 2026-07-04 00:14:34,995: publisherUpdate[/tf_static] -> http://localhost:35959/ ['http://localhost:35959/']
[rosmaster.master][INFO] 2026-07-04 00:14:34,995: publisherUpdate[/tf_static] -> http://localhost:35959/ ['http://localhost:35959/']: sec=0.00, result=[1, '', 0]
[rosmaster.master][INFO] 2026-07-04 00:14:35,096: +PUB [/mavros/radio_status] /mavros http://localhost:35959/
[rosmaster.master][INFO] 2026-07-04 00:14:35,098: +CACHEDPARAM [/rosout/omit_topics] by /rosout
[rosmaster.master][INFO] 2026-07-04 00:14:35,189: +PUB [/mavros/adsb/vehicle] /mavros http://localhost:35959/
[rosmaster.master][INFO] 2026-07-04 00:14:35,193: +SUB [/mavros/adsb/send] /mavros http://localhost:35959/
[rosmaster.master][INFO] 2026-07-04 00:14:35,195: +PUB [/mavros/cam_imu_sync/cam_imu_stamp] /mavros http://localhost:35959/
[rosmaster.master][INFO] 2026-07-04 00:14:35,196: +PUB [/mavros/camera/image_captured] /mavros http://localhost:35959/
[rosmaster.master][INFO] 2026-07-04 00:14:35,201: +SUB [/mavros/cellular_status/status] /mavros http://localhost:35959/
[rosmaster.master][INFO] 2026-07-04 00:14:35,204: +SERVICE [/mavros/cmd/command] /mavros http://localhost:35959/
[rosmaster.master][INFO] 2026-07-04 00:14:35,205: +SERVICE [/mavros/cmd/command_ack] /mavros http://localhost:35959/
[rosmaster.master][INFO] 2026-07-04 00:14:35,206: +SERVICE [/mavros/cmd/command_int] /mavros http://localhost:35959/
[rosmaster.master][INFO] 2026-07-04 00:14:35,207: +SERVICE [/mavros/cmd/arming] /mavros http://localhost:35959/
[rosmaster.master][INFO] 2026-07-04 00:14:35,208: +SERVICE [/mavros/cmd/set_home] /mavros http://localhost:35959/
[rosmaster.master][INFO] 2026-07-04 00:14:35,208: +SERVICE [/mavros/cmd/takeoff] /mavros http://localhost:35959/
[rosmaster.master][INFO] 2026-07-04 00:14:35,209: +SERVICE [/mavros/cmd/land] /mavros http://localhost:35959/
[rosmaster.master][INFO] 2026-07-04 00:14:35,210: +SERVICE [/mavros/cmd/trigger_control] /mavros http://localhost:35959/
[rosmaster.master][INFO] 2026-07-04 00:14:35,210: +SERVICE [/mavros/cmd/trigger_interval] /mavros http://localhost:35959/
[rosmaster.master][INFO] 2026-07-04 00:14:35,211: +SERVICE [/mavros/cmd/vtol_transition] /mavros http://localhost:35959/
[rosmaster.master][INFO] 2026-07-04 00:14:35,214: +SUB [/mavros/companion_process/status] /mavros http://localhost:35959/
[rosmaster.master][INFO] 2026-07-04 00:14:35,219: +PUB [/mavros/distance_sensor/rangefinder_pub] /mavros http://localhost:35959/
[rosmaster.master][INFO] 2026-07-04 00:14:35,225: +SUB [/mavros/distance_sensor/rangefinder_sub] /mavros http://localhost:35959/
[rosmaster.master][INFO] 2026-07-04 00:14:35,226: +PUB [/mavros/esc_info] /mavros http://localhost:35959/
[rosmaster.master][INFO] 2026-07-04 00:14:35,227: +PUB [/mavros/esc_status] /mavros http://localhost:35959/
[rosmaster.master][INFO] 2026-07-04 00:14:35,228: +PUB [/mavros/esc_telemetry] /mavros http://localhost:35959/
[rosmaster.master][INFO] 2026-07-04 00:14:35,246: +SUB [/mavros/fake_gps/mocap/pose] /mavros http://localhost:35959/
[rosmaster.master][INFO] 2026-07-04 00:14:35,249: +PUB [/mavros/geofence/waypoints] /mavros http://localhost:35959/
[rosmaster.master][INFO] 2026-07-04 00:14:35,249: +SERVICE [/mavros/geofence/pull] /mavros http://localhost:35959/
[rosmaster.master][INFO] 2026-07-04 00:14:35,250: +SERVICE [/mavros/geofence/push] /mavros http://localhost:35959/
[rosmaster.master][INFO] 2026-07-04 00:14:35,250: +SERVICE [/mavros/geofence/clear] /mavros http://localhost:35959/
[rosmaster.master][INFO] 2026-07-04 00:14:35,258: +PUB [/mavros/global_position/raw/fix] /mavros http://localhost:35959/
[rosmaster.master][INFO] 2026-07-04 00:14:35,258: +PUB [/mavros/global_position/raw/gps_vel] /mavros http://localhost:35959/
[rosmaster.master][INFO] 2026-07-04 00:14:35,259: +PUB [/mavros/global_position/raw/satellites] /mavros http://localhost:35959/
[rosmaster.master][INFO] 2026-07-04 00:14:35,259: +PUB [/mavros/global_position/global] /mavros http://localhost:35959/
[rosmaster.master][INFO] 2026-07-04 00:14:35,259: +PUB [/mavros/global_position/local] /mavros http://localhost:35959/
[rosmaster.master][INFO] 2026-07-04 00:14:35,260: +PUB [/mavros/global_position/rel_alt] /mavros http://localhost:35959/
[rosmaster.master][INFO] 2026-07-04 00:14:35,260: +PUB [/mavros/global_position/compass_hdg] /mavros http://localhost:35959/
[rosmaster.master][INFO] 2026-07-04 00:14:35,260: +PUB [/mavros/global_position/gp_origin] /mavros http://localhost:35959/
[rosmaster.master][INFO] 2026-07-04 00:14:35,262: +SUB [/mavros/global_position/set_gp_origin] /mavros http://localhost:35959/
[rosmaster.master][INFO] 2026-07-04 00:14:35,265: +SUB [/mavros/home_position/home] /mavros http://localhost:35959/
[rosmaster.master][INFO] 2026-07-04 00:14:35,265: +PUB [/mavros/global_position/gp_lp_offset] /mavros http://localhost:35959/
[rosmaster.master][INFO] 2026-07-04 00:14:35,268: +SUB [/mavros/gps_input/gps_input] /mavros http://localhost:35959/
[rosmaster.master][INFO] 2026-07-04 00:14:35,272: +SUB [/mavros/gps_rtk/send_rtcm] /mavros http://localhost:35959/
[rosmaster.master][INFO] 2026-07-04 00:14:35,272: +PUB [/mavros/gps_rtk/rtk_baseline] /mavros http://localhost:35959/
[rosmaster.master][INFO] 2026-07-04 00:14:35,274: +PUB [/mavros/gpsstatus/gps1/raw] /mavros http://localhost:35959/
[rosmaster.master][INFO] 2026-07-04 00:14:35,274: +PUB [/mavros/gpsstatus/gps2/raw] /mavros http://localhost:35959/
[rosmaster.master][INFO] 2026-07-04 00:14:35,275: +PUB [/mavros/gpsstatus/gps1/rtk] /mavros http://localhost:35959/
[rosmaster.master][INFO] 2026-07-04 00:14:35,275: +PUB [/mavros/gpsstatus/gps2/rtk] /mavros http://localhost:35959/
[rosmaster.master][INFO] 2026-07-04 00:14:35,279: +PUB [/move_base_simple/goal] /mavros http://localhost:35959/
[rosmaster.master][INFO] 2026-07-04 00:14:35,281: +SUB [/mavros/global_position/gp_origin] /mavros http://localhost:35959/
[rosmaster.master][INFO] 2026-07-04 00:14:35,282: +PUB [/mavros/home_position/home] /mavros http://localhost:35959/
[rosmaster.master][INFO] 2026-07-04 00:14:35,285: +SUB [/mavros/home_position/set] /mavros http://localhost:35959/
[rosmaster.master][INFO] 2026-07-04 00:14:35,286: +SERVICE [/mavros/home_position/req_update] /mavros http://localhost:35959/
[rosmaster.master][INFO] 2026-07-04 00:14:35,290: +PUB [/mavros/imu/data] /mavros http://localhost:35959/
[rosmaster.master][INFO] 2026-07-04 00:14:35,291: +PUB [/mavros/imu/mag] /mavros http://localhost:35959/
[rosmaster.master][INFO] 2026-07-04 00:14:35,292: +PUB [/mavros/imu/temperature_imu] /mavros http://localhost:35959/
[rosmaster.master][INFO] 2026-07-04 00:14:35,292: +PUB [/mavros/imu/temperature_baro] /mavros http://localhost:35959/
[rosmaster.master][INFO] 2026-07-04 00:14:35,293: +PUB [/mavros/imu/static_pressure] /mavros http://localhost:35959/
[rosmaster.master][INFO] 2026-07-04 00:14:35,293: +PUB [/mavros/imu/diff_pressure] /mavros http://localhost:35959/
[rosmaster.master][INFO] 2026-07-04 00:14:35,293: +PUB [/mavros/imu/data_raw] /mavros http://localhost:35959/
[rosmaster.master][INFO] 2026-07-04 00:14:35,294: publisherUpdate[/mavros/home_position/home] -> http://localhost:35959/ ['http://localhost:35959/']
[rosmaster.master][INFO] 2026-07-04 00:14:35,295: publisherUpdate[/mavros/home_position/home] -> http://localhost:35959/ ['http://localhost:35959/']: sec=0.00, result=[1, '', 0]
[rosmaster.master][INFO] 2026-07-04 00:14:35,305: +PUB [/mavros/landing_target/pose_in] /mavros http://localhost:35959/
[rosmaster.master][INFO] 2026-07-04 00:14:35,305: +PUB [/mavros/landing_target/lt_marker] /mavros http://localhost:35959/
[rosmaster.master][INFO] 2026-07-04 00:14:35,307: +SUB [/mavros/landing_target/pose] /mavros http://localhost:35959/
[rosmaster.master][INFO] 2026-07-04 00:14:35,310: +PUB [/mavros/local_position/pose] /mavros http://localhost:35959/
[rosmaster.master][INFO] 2026-07-04 00:14:35,311: +PUB [/mavros/local_position/pose_cov] /mavros http://localhost:35959/
[rosmaster.master][INFO] 2026-07-04 00:14:35,311: +PUB [/mavros/local_position/velocity_local] /mavros http://localhost:35959/
[rosmaster.master][INFO] 2026-07-04 00:14:35,312: +PUB [/mavros/local_position/velocity_body] /mavros http://localhost:35959/
[rosmaster.master][INFO] 2026-07-04 00:14:35,312: +PUB [/mavros/local_position/velocity_body_cov] /mavros http://localhost:35959/
[rosmaster.master][INFO] 2026-07-04 00:14:35,313: +PUB [/mavros/local_position/accel] /mavros http://localhost:35959/
[rosmaster.master][INFO] 2026-07-04 00:14:35,313: +PUB [/mavros/local_position/odom] /mavros http://localhost:35959/
[rosmaster.master][INFO] 2026-07-04 00:14:35,314: +PUB [/mavros/log_transfer/raw/log_entry] /mavros http://localhost:35959/
[rosmaster.master][INFO] 2026-07-04 00:14:35,314: +PUB [/mavros/log_transfer/raw/log_data] /mavros http://localhost:35959/
[rosmaster.master][INFO] 2026-07-04 00:14:35,315: +SERVICE [/mavros/log_transfer/raw/log_request_list] /mavros http://localhost:35959/
[rosmaster.master][INFO] 2026-07-04 00:14:35,316: +SERVICE [/mavros/log_transfer/raw/log_request_data] /mavros http://localhost:35959/
[rosmaster.master][INFO] 2026-07-04 00:14:35,316: +SERVICE [/mavros/log_transfer/raw/log_request_end] /mavros http://localhost:35959/
[rosmaster.master][INFO] 2026-07-04 00:14:35,316: +SERVICE [/mavros/log_transfer/raw/log_request_erase] /mavros http://localhost:35959/
[rosmaster.master][INFO] 2026-07-04 00:14:35,317: +PUB [/mavros/mag_calibration/status] /mavros http://localhost:35959/
[rosmaster.master][INFO] 2026-07-04 00:14:35,318: +PUB [/mavros/mag_calibration/report] /mavros http://localhost:35959/
[rosmaster.master][INFO] 2026-07-04 00:14:35,319: +PUB [/mavros/manual_control/control] /mavros http://localhost:35959/
[rosmaster.master][INFO] 2026-07-04 00:14:35,321: +SUB [/mavros/manual_control/send] /mavros http://localhost:35959/
[rosmaster.master][INFO] 2026-07-04 00:14:35,324: +SUB [/mavros/mocap/pose] /mavros http://localhost:35959/
[rosmaster.master][INFO] 2026-07-04 00:14:35,327: +SUB [/mavros/mount_control/command] /mavros http://localhost:35959/
[rosmaster.master][INFO] 2026-07-04 00:14:35,327: +PUB [/mavros/mount_control/orientation] /mavros http://localhost:35959/
[rosmaster.master][INFO] 2026-07-04 00:14:35,328: +PUB [/mavros/mount_control/status] /mavros http://localhost:35959/
[rosmaster.master][INFO] 2026-07-04 00:14:35,328: +SERVICE [/mavros/mount_control/configure] /mavros http://localhost:35959/
[rosmaster.master][INFO] 2026-07-04 00:14:35,333: +PUB [/mavros/nav_controller_output] /mavros http://localhost:35959/
[rosmaster.master][INFO] 2026-07-04 00:14:35,336: +SUB [/mavros/obstacle/send] /mavros http://localhost:35959/
[rosmaster.master][INFO] 2026-07-04 00:14:35,338: +PUB [/mavros/odometry/in] /mavros http://localhost:35959/
[rosmaster.master][INFO] 2026-07-04 00:14:35,340: +SUB [/mavros/odometry/out] /mavros http://localhost:35959/
[rosmaster.master][INFO] 2026-07-04 00:14:35,343: +SUB [/mavros/onboard_computer/status] /mavros http://localhost:35959/
[rosmaster.master][INFO] 2026-07-04 00:14:35,344: +SERVICE [/mavros/param/pull] /mavros http://localhost:35959/
[rosmaster.master][INFO] 2026-07-04 00:14:35,344: +SERVICE [/mavros/param/push] /mavros http://localhost:35959/
[rosmaster.master][INFO] 2026-07-04 00:14:35,345: +SERVICE [/mavros/param/set] /mavros http://localhost:35959/
[rosmaster.master][INFO] 2026-07-04 00:14:35,345: +SERVICE [/mavros/param/get] /mavros http://localhost:35959/
[rosmaster.master][INFO] 2026-07-04 00:14:35,346: +PUB [/mavros/param/param_value] /mavros http://localhost:35959/
[rosmaster.master][INFO] 2026-07-04 00:14:35,348: +SUB [/mavros/play_tune] /mavros http://localhost:35959/
[rosmaster.master][INFO] 2026-07-04 00:14:35,349: +PUB [/mavros/rallypoint/waypoints] /mavros http://localhost:35959/
[rosmaster.master][INFO] 2026-07-04 00:14:35,350: +SERVICE [/mavros/rallypoint/pull] /mavros http://localhost:35959/
[rosmaster.master][INFO] 2026-07-04 00:14:35,350: +SERVICE [/mavros/rallypoint/push] /mavros http://localhost:35959/
[rosmaster.master][INFO] 2026-07-04 00:14:35,351: +SERVICE [/mavros/rallypoint/clear] /mavros http://localhost:35959/
[rosmaster.master][INFO] 2026-07-04 00:14:35,352: +PUB [/mavros/rangefinder/rangefinder] /mavros http://localhost:35959/
[rosmaster.master][INFO] 2026-07-04 00:14:35,353: +PUB [/mavros/rc/in] /mavros http://localhost:35959/
[rosmaster.master][INFO] 2026-07-04 00:14:35,353: +PUB [/mavros/rc/out] /mavros http://localhost:35959/
[rosmaster.master][INFO] 2026-07-04 00:14:35,355: +SUB [/mavros/rc/override] /mavros http://localhost:35959/
[rosmaster.master][INFO] 2026-07-04 00:14:35,358: +SUB [/mavros/setpoint_accel/accel] /mavros http://localhost:35959/
[rosmaster.master][INFO] 2026-07-04 00:14:35,364: +SUB [/mavros/setpoint_attitude/thrust] /mavros http://localhost:35959/
[rosmaster.master][INFO] 2026-07-04 00:14:35,367: +SUB [/mavros/setpoint_attitude/cmd_vel] /mavros http://localhost:35959/
[rosmaster.master][INFO] 2026-07-04 00:14:35,376: +SUB [/mavros/setpoint_position/local] /mavros http://localhost:35959/
[rosmaster.master][INFO] 2026-07-04 00:14:35,378: +SUB [/mavros/setpoint_position/global] /mavros http://localhost:35959/
[rosmaster.master][INFO] 2026-07-04 00:14:35,380: +SUB [/mavros/setpoint_position/global_to_local] /mavros http://localhost:35959/
[rosmaster.master][INFO] 2026-07-04 00:14:35,382: +SUB [/mavros/global_position/global] /mavros http://localhost:35959/
[rosmaster.master][INFO] 2026-07-04 00:14:35,384: +SUB [/mavros/local_position/pose] /mavros http://localhost:35959/
[rosmaster.master][INFO] 2026-07-04 00:14:35,384: +SERVICE [/mavros/setpoint_position/mav_frame] /mavros http://localhost:35959/
[rosmaster.master][INFO] 2026-07-04 00:14:35,387: +SUB [/mavros/setpoint_raw/local] /mavros http://localhost:35959/
[rosmaster.master][INFO] 2026-07-04 00:14:35,389: +SUB [/mavros/setpoint_raw/global] /mavros http://localhost:35959/
[rosmaster.master][INFO] 2026-07-04 00:14:35,391: +SUB [/mavros/setpoint_raw/attitude] /mavros http://localhost:35959/
[rosmaster.master][INFO] 2026-07-04 00:14:35,392: +PUB [/mavros/setpoint_raw/target_local] /mavros http://localhost:35959/
[rosmaster.master][INFO] 2026-07-04 00:14:35,392: +PUB [/mavros/setpoint_raw/target_global] /mavros http://localhost:35959/
[rosmaster.master][INFO] 2026-07-04 00:14:35,392: +PUB [/mavros/setpoint_raw/target_attitude] /mavros http://localhost:35959/
[rosmaster.master][INFO] 2026-07-04 00:14:35,396: +SUB [/mavros/setpoint_trajectory/local] /mavros http://localhost:35959/
[rosmaster.master][INFO] 2026-07-04 00:14:35,396: +PUB [/mavros/setpoint_trajectory/desired] /mavros http://localhost:35959/
[rosmaster.master][INFO] 2026-07-04 00:14:35,397: +SERVICE [/mavros/setpoint_trajectory/reset] /mavros http://localhost:35959/
[rosmaster.master][INFO] 2026-07-04 00:14:35,397: +SERVICE [/mavros/setpoint_trajectory/mav_frame] /mavros http://localhost:35959/
[rosmaster.master][INFO] 2026-07-04 00:14:35,399: +SUB [/mavros/setpoint_velocity/cmd_vel] /mavros http://localhost:35959/
[rosmaster.master][INFO] 2026-07-04 00:14:35,402: +SUB [/mavros/setpoint_velocity/cmd_vel_unstamped] /mavros http://localhost:35959/
[rosmaster.master][INFO] 2026-07-04 00:14:35,402: +SERVICE [/mavros/setpoint_velocity/mav_frame] /mavros http://localhost:35959/
[rosmaster.master][INFO] 2026-07-04 00:14:35,407: +PUB [/mavros/state] /mavros http://localhost:35959/
[rosmaster.master][INFO] 2026-07-04 00:14:35,407: +PUB [/mavros/extended_state] /mavros http://localhost:35959/
[rosmaster.master][INFO] 2026-07-04 00:14:35,408: +PUB [/mavros/battery] /mavros http://localhost:35959/
[rosmaster.master][INFO] 2026-07-04 00:14:35,408: +PUB [/mavros/estimator_status] /mavros http://localhost:35959/
[rosmaster.master][INFO] 2026-07-04 00:14:35,408: +PUB [/mavros/statustext/recv] /mavros http://localhost:35959/
[rosmaster.master][INFO] 2026-07-04 00:14:35,409: +PUB [/mavros/sys_status] /mavros http://localhost:35959/
[rosmaster.master][INFO] 2026-07-04 00:14:35,411: +SUB [/mavros/statustext/send] /mavros http://localhost:35959/
[rosmaster.master][INFO] 2026-07-04 00:14:35,412: +SERVICE [/mavros/set_stream_rate] /mavros http://localhost:35959/
[rosmaster.master][INFO] 2026-07-04 00:14:35,412: +SERVICE [/mavros/set_mode] /mavros http://localhost:35959/
[rosmaster.master][INFO] 2026-07-04 00:14:35,412: +SERVICE [/mavros/vehicle_info_get] /mavros http://localhost:35959/
[rosmaster.master][INFO] 2026-07-04 00:14:35,413: +SERVICE [/mavros/set_message_interval] /mavros http://localhost:35959/
[rosmaster.master][INFO] 2026-07-04 00:14:35,419: +PUB [/mavros/time_reference] /mavros http://localhost:35959/
[rosmaster.master][INFO] 2026-07-04 00:14:35,420: +PUB [/mavros/timesync_status] /mavros http://localhost:35959/
[rosmaster.master][INFO] 2026-07-04 00:14:35,421: +PUB [/mavros/terrain/report] /mavros http://localhost:35959/
[rosmaster.master][INFO] 2026-07-04 00:14:35,423: +SUB [/mavros/trajectory/generated] /mavros http://localhost:35959/
[rosmaster.master][INFO] 2026-07-04 00:14:35,426: +SUB [/mavros/trajectory/path] /mavros http://localhost:35959/
[rosmaster.master][INFO] 2026-07-04 00:14:35,426: +PUB [/mavros/trajectory/desired] /mavros http://localhost:35959/
[rosmaster.master][INFO] 2026-07-04 00:14:35,428: +SUB [/mavros/tunnel/in] /mavros http://localhost:35959/
[rosmaster.master][INFO] 2026-07-04 00:14:35,429: +PUB [/mavros/tunnel/out] /mavros http://localhost:35959/
[rosmaster.master][INFO] 2026-07-04 00:14:35,430: +PUB [/mavros/vfr_hud] /mavros http://localhost:35959/
[rosmaster.master][INFO] 2026-07-04 00:14:35,434: +SUB [/mavros/vision_pose/pose] /mavros http://localhost:35959/
[rosmaster.master][INFO] 2026-07-04 00:14:35,437: +SUB [/mavros/vision_pose/pose_cov] /mavros http://localhost:35959/
[rosmaster.master][INFO] 2026-07-04 00:14:35,439: +PUB [/mavros/mission/waypoints] /mavros http://localhost:35959/
[rosmaster.master][INFO] 2026-07-04 00:14:35,440: +SERVICE [/mavros/mission/pull] /mavros http://localhost:35959/
[rosmaster.master][INFO] 2026-07-04 00:14:35,440: +SERVICE [/mavros/mission/push] /mavros http://localhost:35959/
[rosmaster.master][INFO] 2026-07-04 00:14:35,440: +SERVICE [/mavros/mission/clear] /mavros http://localhost:35959/
[rosmaster.master][INFO] 2026-07-04 00:14:35,441: +PUB [/mavros/mission/reached] /mavros http://localhost:35959/
[rosmaster.master][INFO] 2026-07-04 00:14:35,441: +SERVICE [/mavros/mission/set_current] /mavros http://localhost:35959/
[rosmaster.master][INFO] 2026-07-04 00:14:35,442: +PUB [/mavros/wind_estimation] /mavros http://localhost:35959/
[rosmaster.master][INFO] 2026-07-04 00:14:36,444: +PUB [/mavlink/gcs_ip] /mavros http://localhost:35959/
[rosmaster.master][INFO] 2026-07-04 00:15:20,529: +PUB [/rosout] /horizontal_flight_logger http://localhost:39719/
[rosmaster.master][INFO] 2026-07-04 00:15:20,531: +SERVICE [/horizontal_flight_logger/get_loggers] /horizontal_flight_logger http://localhost:39719/
[rosmaster.master][INFO] 2026-07-04 00:15:20,532: +SERVICE [/horizontal_flight_logger/set_logger_level] /horizontal_flight_logger http://localhost:39719/
[rosmaster.master][INFO] 2026-07-04 00:15:20,532: +PUB [/mavros/setpoint_raw/local] /horizontal_flight_logger http://localhost:39719/
[rosmaster.master][INFO] 2026-07-04 00:15:20,533: +SUB [/mavros/local_position/velocity_local] /horizontal_flight_logger http://localhost:39719/
[rosmaster.master][INFO] 2026-07-04 00:15:20,534: +SUB [/mavros/battery] /horizontal_flight_logger http://localhost:39719/
[rosmaster.master][INFO] 2026-07-04 00:15:20,537: publisherUpdate[/rosout] -> http://localhost:45789/ ['http://localhost:35959/', 'http://localhost:39719/']
[rosmaster.master][INFO] 2026-07-04 00:15:20,537: publisherUpdate[/rosout] -> http://localhost:45789/ ['http://localhost:35959/', 'http://localhost:39719/']: sec=0.00, result=[1, '', 0]
[rosmaster.master][INFO] 2026-07-04 00:15:20,537: publisherUpdate[/mavros/setpoint_raw/local] -> http://localhost:35959/ ['http://localhost:39719/']
[rosmaster.master][INFO] 2026-07-04 00:15:20,538: publisherUpdate[/mavros/setpoint_raw/local] -> http://localhost:35959/ ['http://localhost:39719/']: sec=0.00, result=[1, '', 0]
[rosmaster.master][INFO] 2026-07-04 00:18:15,895: -SUB [/mavros/local_position/velocity_local] /horizontal_flight_logger http://localhost:39719/
[rosmaster.master][INFO] 2026-07-04 00:18:15,895: -SUB [/mavros/battery] /horizontal_flight_logger http://localhost:39719/
[rosmaster.master][INFO] 2026-07-04 00:18:15,895: -PUB [/rosout] /horizontal_flight_logger http://localhost:39719/
[rosmaster.master][INFO] 2026-07-04 00:18:15,896: -PUB [/mavros/setpoint_raw/local] /horizontal_flight_logger http://localhost:39719/
[rosmaster.master][INFO] 2026-07-04 00:18:15,896: -SERVICE [/horizontal_flight_logger/get_loggers] /horizontal_flight_logger rosrpc://localhost:38031
[rosmaster.master][INFO] 2026-07-04 00:18:15,896: -SERVICE [/horizontal_flight_logger/set_logger_level] /horizontal_flight_logger rosrpc://localhost:38031
[rosmaster.master][INFO] 2026-07-04 00:18:15,910: publisherUpdate[/rosout] -> http://localhost:45789/ ['http://localhost:35959/']
[rosmaster.master][INFO] 2026-07-04 00:18:15,911: publisherUpdate[/mavros/setpoint_raw/local] -> http://localhost:35959/ []
[rosmaster.master][INFO] 2026-07-04 00:18:15,912: publisherUpdate[/rosout] -> http://localhost:45789/ ['http://localhost:35959/']: sec=0.00, result=[1, '', 0]
[rosmaster.master][INFO] 2026-07-04 00:18:15,912: publisherUpdate[/mavros/setpoint_raw/local] -> http://localhost:35959/ []: sec=0.00, result=[1, '', 0]
[rosmaster.master][INFO] 2026-07-04 00:18:41,791: -PUB [/rosout_agg] /rosout http://localhost:45789/
[rosmaster.master][INFO] 2026-07-04 00:18:41,792: -SUB [/rosout] /rosout http://localhost:45789/
[rosmaster.master][INFO] 2026-07-04 00:18:41,792: -SERVICE [/rosout/get_loggers] /rosout rosrpc://localhost:51505
[rosmaster.master][INFO] 2026-07-04 00:18:41,793: -SERVICE [/rosout/set_logger_level] /rosout rosrpc://localhost:51505
[rosmaster.master][INFO] 2026-07-04 00:18:41,793: -CACHEDPARAM [/rosout/omit_topics] by /rosout
[rosmaster.main][INFO] 2026-07-04 00:18:41,811: keyboard interrupt, will exit
[rosmaster.main][INFO] 2026-07-04 00:18:41,811: stopping master...
[rospy.core][INFO] 2026-07-04 00:18:41,811: signal_shutdown [atexit]
