[rosmaster.main][INFO] 2026-07-09 18:53:47,874: initialization complete, waiting for shutdown
[rosmaster.main][INFO] 2026-07-09 18:53:47,874: Starting ROS Master Node
[xmlrpc][INFO] 2026-07-09 18:53:47,875: XML-RPC server binding to 127.0.0.1:11311
[xmlrpc][INFO] 2026-07-09 18:53:47,875: Started XML-RPC server [http://localhost:11311/]
[xmlrpc][INFO] 2026-07-09 18:53:47,875: xml rpc node: starting XML-RPC server
[rosmaster.master][INFO] 2026-07-09 18:53:47,875: Master initialized: port[11311], uri[http://localhost:11311/]
[rosmaster.master][INFO] 2026-07-09 18:53:47,947: +PARAM [/run_id] by /roslaunch
[rosmaster.master][INFO] 2026-07-09 18:53:47,948: +PARAM [/roslaunch/uris/host_localhost__33437] by /roslaunch
[rosmaster.master][INFO] 2026-07-09 18:53:47,977: +PARAM [/rosversion] by /roslaunch
[rosmaster.master][INFO] 2026-07-09 18:53:47,977: +PARAM [/rosdistro] by /roslaunch
[rosmaster.master][INFO] 2026-07-09 18:53:48,007: +SERVICE [/rosout/get_loggers] /rosout http://localhost:33771/
[rosmaster.master][INFO] 2026-07-09 18:53:48,007: +SERVICE [/rosout/set_logger_level] /rosout http://localhost:33771/
[rosmaster.master][INFO] 2026-07-09 18:53:48,008: +PUB [/rosout_agg] /rosout http://localhost:33771/
[rosmaster.master][INFO] 2026-07-09 18:53:48,009: +SUB [/rosout] /rosout http://localhost:33771/
[rosmaster.master][INFO] 2026-07-09 18:53:52,448: +PARAM [/roslaunch/uris/host_localhost__42995] by /roslaunch
[rosmaster.master][INFO] 2026-07-09 18:53:52,453: +PARAM [/rosversion] by /roslaunch
[rosmaster.master][INFO] 2026-07-09 18:53:52,454: +PARAM [/rosdistro] by /roslaunch
[rosmaster.master][INFO] 2026-07-09 18:53:52,454: +PARAM [/mavros/plugin_blacklist] by /roslaunch
[rosmaster.master][INFO] 2026-07-09 18:53:52,454: +PARAM [/mavros/plugin_whitelist] by /roslaunch
[rosmaster.master][INFO] 2026-07-09 18:53:52,454: +PARAM [/mavros/startup_px4_usb_quirk] by /roslaunch
[rosmaster.master][INFO] 2026-07-09 18:53:52,454: +PARAM [/mavros/conn/heartbeat_rate] by /roslaunch
[rosmaster.master][INFO] 2026-07-09 18:53:52,454: +PARAM [/mavros/conn/heartbeat_mav_type] by /roslaunch
[rosmaster.master][INFO] 2026-07-09 18:53:52,454: +PARAM [/mavros/conn/timeout] by /roslaunch
[rosmaster.master][INFO] 2026-07-09 18:53:52,454: +PARAM [/mavros/conn/timesync_rate] by /roslaunch
[rosmaster.master][INFO] 2026-07-09 18:53:52,454: +PARAM [/mavros/conn/system_time_rate] by /roslaunch
[rosmaster.master][INFO] 2026-07-09 18:53:52,454: +PARAM [/mavros/sys/min_voltage] by /roslaunch
[rosmaster.master][INFO] 2026-07-09 18:53:52,454: +PARAM [/mavros/sys/disable_diag] by /roslaunch
[rosmaster.master][INFO] 2026-07-09 18:53:52,454: +PARAM [/mavros/time/time_ref_source] by /roslaunch
[rosmaster.master][INFO] 2026-07-09 18:53:52,454: +PARAM [/mavros/time/timesync_mode] by /roslaunch
[rosmaster.master][INFO] 2026-07-09 18:53:52,455: +PARAM [/mavros/time/timesync_avg_alpha] by /roslaunch
[rosmaster.master][INFO] 2026-07-09 18:53:52,455: +PARAM [/mavros/tdr_radio/low_rssi] by /roslaunch
[rosmaster.master][INFO] 2026-07-09 18:53:52,455: +PARAM [/mavros/cmd/use_comp_id_system_control] by /roslaunch
[rosmaster.master][INFO] 2026-07-09 18:53:52,455: +PARAM [/mavros/global_position/frame_id] by /roslaunch
[rosmaster.master][INFO] 2026-07-09 18:53:52,455: +PARAM [/mavros/global_position/child_frame_id] by /roslaunch
[rosmaster.master][INFO] 2026-07-09 18:53:52,455: +PARAM [/mavros/global_position/rot_covariance] by /roslaunch
[rosmaster.master][INFO] 2026-07-09 18:53:52,455: +PARAM [/mavros/global_position/gps_uere] by /roslaunch
[rosmaster.master][INFO] 2026-07-09 18:53:52,455: +PARAM [/mavros/global_position/use_relative_alt] by /roslaunch
[rosmaster.master][INFO] 2026-07-09 18:53:52,455: +PARAM [/mavros/global_position/tf/send] by /roslaunch
[rosmaster.master][INFO] 2026-07-09 18:53:52,455: +PARAM [/mavros/global_position/tf/frame_id] by /roslaunch
[rosmaster.master][INFO] 2026-07-09 18:53:52,455: +PARAM [/mavros/global_position/tf/global_frame_id] by /roslaunch
[rosmaster.master][INFO] 2026-07-09 18:53:52,455: +PARAM [/mavros/global_position/tf/child_frame_id] by /roslaunch
[rosmaster.master][INFO] 2026-07-09 18:53:52,455: +PARAM [/mavros/imu/frame_id] by /roslaunch
[rosmaster.master][INFO] 2026-07-09 18:53:52,455: +PARAM [/mavros/imu/linear_acceleration_stdev] by /roslaunch
[rosmaster.master][INFO] 2026-07-09 18:53:52,455: +PARAM [/mavros/imu/angular_velocity_stdev] by /roslaunch
[rosmaster.master][INFO] 2026-07-09 18:53:52,455: +PARAM [/mavros/imu/orientation_stdev] by /roslaunch
[rosmaster.master][INFO] 2026-07-09 18:53:52,455: +PARAM [/mavros/imu/magnetic_stdev] by /roslaunch
[rosmaster.master][INFO] 2026-07-09 18:53:52,455: +PARAM [/mavros/local_position/frame_id] by /roslaunch
[rosmaster.master][INFO] 2026-07-09 18:53:52,455: +PARAM [/mavros/local_position/tf/send] by /roslaunch
[rosmaster.master][INFO] 2026-07-09 18:53:52,455: +PARAM [/mavros/local_position/tf/frame_id] by /roslaunch
[rosmaster.master][INFO] 2026-07-09 18:53:52,455: +PARAM [/mavros/local_position/tf/child_frame_id] by /roslaunch
[rosmaster.master][INFO] 2026-07-09 18:53:52,455: +PARAM [/mavros/local_position/tf/send_fcu] by /roslaunch
[rosmaster.master][INFO] 2026-07-09 18:53:52,455: +PARAM [/mavros/safety_area/p1/x] by /roslaunch
[rosmaster.master][INFO] 2026-07-09 18:53:52,455: +PARAM [/mavros/safety_area/p1/y] by /roslaunch
[rosmaster.master][INFO] 2026-07-09 18:53:52,455: +PARAM [/mavros/safety_area/p1/z] by /roslaunch
[rosmaster.master][INFO] 2026-07-09 18:53:52,455: +PARAM [/mavros/safety_area/p2/x] by /roslaunch
[rosmaster.master][INFO] 2026-07-09 18:53:52,455: +PARAM [/mavros/safety_area/p2/y] by /roslaunch
[rosmaster.master][INFO] 2026-07-09 18:53:52,455: +PARAM [/mavros/safety_area/p2/z] by /roslaunch
[rosmaster.master][INFO] 2026-07-09 18:53:52,455: +PARAM [/mavros/setpoint_accel/send_force] by /roslaunch
[rosmaster.master][INFO] 2026-07-09 18:53:52,456: +PARAM [/mavros/setpoint_attitude/reverse_thrust] by /roslaunch
[rosmaster.master][INFO] 2026-07-09 18:53:52,456: +PARAM [/mavros/setpoint_attitude/use_quaternion] by /roslaunch
[rosmaster.master][INFO] 2026-07-09 18:53:52,456: +PARAM [/mavros/setpoint_attitude/tf/listen] by /roslaunch
[rosmaster.master][INFO] 2026-07-09 18:53:52,456: +PARAM [/mavros/setpoint_attitude/tf/frame_id] by /roslaunch
[rosmaster.master][INFO] 2026-07-09 18:53:52,456: +PARAM [/mavros/setpoint_attitude/tf/child_frame_id] by /roslaunch
[rosmaster.master][INFO] 2026-07-09 18:53:52,456: +PARAM [/mavros/setpoint_attitude/tf/rate_limit] by /roslaunch
[rosmaster.master][INFO] 2026-07-09 18:53:52,456: +PARAM [/mavros/setpoint_raw/thrust_scaling] by /roslaunch
[rosmaster.master][INFO] 2026-07-09 18:53:52,456: +PARAM [/mavros/setpoint_position/tf/listen] by /roslaunch
[rosmaster.master][INFO] 2026-07-09 18:53:52,456: +PARAM [/mavros/setpoint_position/tf/frame_id] by /roslaunch
[rosmaster.master][INFO] 2026-07-09 18:53:52,456: +PARAM [/mavros/setpoint_position/tf/child_frame_id] by /roslaunch
[rosmaster.master][INFO] 2026-07-09 18:53:52,456: +PARAM [/mavros/setpoint_position/tf/rate_limit] by /roslaunch
[rosmaster.master][INFO] 2026-07-09 18:53:52,456: +PARAM [/mavros/setpoint_position/mav_frame] by /roslaunch
[rosmaster.master][INFO] 2026-07-09 18:53:52,456: +PARAM [/mavros/guided_target/tf/listen] by /roslaunch
[rosmaster.master][INFO] 2026-07-09 18:53:52,456: +PARAM [/mavros/guided_target/tf/frame_id] by /roslaunch
[rosmaster.master][INFO] 2026-07-09 18:53:52,456: +PARAM [/mavros/guided_target/tf/child_frame_id] by /roslaunch
[rosmaster.master][INFO] 2026-07-09 18:53:52,456: +PARAM [/mavros/guided_target/tf/rate_limit] by /roslaunch
[rosmaster.master][INFO] 2026-07-09 18:53:52,456: +PARAM [/mavros/setpoint_velocity/mav_frame] by /roslaunch
[rosmaster.master][INFO] 2026-07-09 18:53:52,456: +PARAM [/mavros/mission/pull_after_gcs] by /roslaunch
[rosmaster.master][INFO] 2026-07-09 18:53:52,456: +PARAM [/mavros/mission/use_mission_item_int] by /roslaunch
[rosmaster.master][INFO] 2026-07-09 18:53:52,456: +PARAM [/mavros/distance_sensor/rangefinder_pub/id] by /roslaunch
[rosmaster.master][INFO] 2026-07-09 18:53:52,456: +PARAM [/mavros/distance_sensor/rangefinder_pub/frame_id] by /roslaunch
[rosmaster.master][INFO] 2026-07-09 18:53:52,456: +PARAM [/mavros/distance_sensor/rangefinder_pub/field_of_view] by /roslaunch
[rosmaster.master][INFO] 2026-07-09 18:53:52,456: +PARAM [/mavros/distance_sensor/rangefinder_pub/send_tf] by /roslaunch
[rosmaster.master][INFO] 2026-07-09 18:53:52,456: +PARAM [/mavros/distance_sensor/rangefinder_pub/sensor_position/x] by /roslaunch
[rosmaster.master][INFO] 2026-07-09 18:53:52,456: +PARAM [/mavros/distance_sensor/rangefinder_pub/sensor_position/y] by /roslaunch
[rosmaster.master][INFO] 2026-07-09 18:53:52,456: +PARAM [/mavros/distance_sensor/rangefinder_pub/sensor_position/z] by /roslaunch
[rosmaster.master][INFO] 2026-07-09 18:53:52,456: +PARAM [/mavros/distance_sensor/rangefinder_sub/subscriber] by /roslaunch
[rosmaster.master][INFO] 2026-07-09 18:53:52,456: +PARAM [/mavros/distance_sensor/rangefinder_sub/id] by /roslaunch
[rosmaster.master][INFO] 2026-07-09 18:53:52,456: +PARAM [/mavros/distance_sensor/rangefinder_sub/orientation] by /roslaunch
[rosmaster.master][INFO] 2026-07-09 18:53:52,456: +PARAM [/mavros/image/frame_id] by /roslaunch
[rosmaster.master][INFO] 2026-07-09 18:53:52,456: +PARAM [/mavros/fake_gps/use_mocap] by /roslaunch
[rosmaster.master][INFO] 2026-07-09 18:53:52,456: +PARAM [/mavros/fake_gps/mocap_transform] by /roslaunch
[rosmaster.master][INFO] 2026-07-09 18:53:52,456: +PARAM [/mavros/fake_gps/mocap_withcovariance] by /roslaunch
[rosmaster.master][INFO] 2026-07-09 18:53:52,456: +PARAM [/mavros/fake_gps/use_vision] by /roslaunch
[rosmaster.master][INFO] 2026-07-09 18:53:52,456: +PARAM [/mavros/fake_gps/use_hil_gps] by /roslaunch
[rosmaster.master][INFO] 2026-07-09 18:53:52,456: +PARAM [/mavros/fake_gps/gps_id] by /roslaunch
[rosmaster.master][INFO] 2026-07-09 18:53:52,456: +PARAM [/mavros/fake_gps/geo_origin/lat] by /roslaunch
[rosmaster.master][INFO] 2026-07-09 18:53:52,456: +PARAM [/mavros/fake_gps/geo_origin/lon] by /roslaunch
[rosmaster.master][INFO] 2026-07-09 18:53:52,457: +PARAM [/mavros/fake_gps/geo_origin/alt] by /roslaunch
[rosmaster.master][INFO] 2026-07-09 18:53:52,457: +PARAM [/mavros/fake_gps/eph] by /roslaunch
[rosmaster.master][INFO] 2026-07-09 18:53:52,457: +PARAM [/mavros/fake_gps/epv] by /roslaunch
[rosmaster.master][INFO] 2026-07-09 18:53:52,457: +PARAM [/mavros/fake_gps/horiz_accuracy] by /roslaunch
[rosmaster.master][INFO] 2026-07-09 18:53:52,457: +PARAM [/mavros/fake_gps/vert_accuracy] by /roslaunch
[rosmaster.master][INFO] 2026-07-09 18:53:52,457: +PARAM [/mavros/fake_gps/speed_accuracy] by /roslaunch
[rosmaster.master][INFO] 2026-07-09 18:53:52,457: +PARAM [/mavros/fake_gps/satellites_visible] by /roslaunch
[rosmaster.master][INFO] 2026-07-09 18:53:52,457: +PARAM [/mavros/fake_gps/fix_type] by /roslaunch
[rosmaster.master][INFO] 2026-07-09 18:53:52,457: +PARAM [/mavros/fake_gps/tf/listen] by /roslaunch
[rosmaster.master][INFO] 2026-07-09 18:53:52,457: +PARAM [/mavros/fake_gps/tf/send] by /roslaunch
[rosmaster.master][INFO] 2026-07-09 18:53:52,457: +PARAM [/mavros/fake_gps/tf/frame_id] by /roslaunch
[rosmaster.master][INFO] 2026-07-09 18:53:52,457: +PARAM [/mavros/fake_gps/tf/child_frame_id] by /roslaunch
[rosmaster.master][INFO] 2026-07-09 18:53:52,457: +PARAM [/mavros/fake_gps/tf/rate_limit] by /roslaunch
[rosmaster.master][INFO] 2026-07-09 18:53:52,457: +PARAM [/mavros/fake_gps/gps_rate] by /roslaunch
[rosmaster.master][INFO] 2026-07-09 18:53:52,457: +PARAM [/mavros/landing_target/listen_lt] by /roslaunch
[rosmaster.master][INFO] 2026-07-09 18:53:52,457: +PARAM [/mavros/landing_target/mav_frame] by /roslaunch
[rosmaster.master][INFO] 2026-07-09 18:53:52,457: +PARAM [/mavros/landing_target/land_target_type] by /roslaunch
[rosmaster.master][INFO] 2026-07-09 18:53:52,457: +PARAM [/mavros/landing_target/image/width] by /roslaunch
[rosmaster.master][INFO] 2026-07-09 18:53:52,457: +PARAM [/mavros/landing_target/image/height] by /roslaunch
[rosmaster.master][INFO] 2026-07-09 18:53:52,457: +PARAM [/mavros/landing_target/camera/fov_x] by /roslaunch
[rosmaster.master][INFO] 2026-07-09 18:53:52,457: +PARAM [/mavros/landing_target/camera/fov_y] by /roslaunch
[rosmaster.master][INFO] 2026-07-09 18:53:52,457: +PARAM [/mavros/landing_target/tf/send] by /roslaunch
[rosmaster.master][INFO] 2026-07-09 18:53:52,457: +PARAM [/mavros/landing_target/tf/listen] by /roslaunch
[rosmaster.master][INFO] 2026-07-09 18:53:52,457: +PARAM [/mavros/landing_target/tf/frame_id] by /roslaunch
[rosmaster.master][INFO] 2026-07-09 18:53:52,457: +PARAM [/mavros/landing_target/tf/child_frame_id] by /roslaunch
[rosmaster.master][INFO] 2026-07-09 18:53:52,457: +PARAM [/mavros/landing_target/tf/rate_limit] by /roslaunch
[rosmaster.master][INFO] 2026-07-09 18:53:52,457: +PARAM [/mavros/landing_target/target_size/x] by /roslaunch
[rosmaster.master][INFO] 2026-07-09 18:53:52,457: +PARAM [/mavros/landing_target/target_size/y] by /roslaunch
[rosmaster.master][INFO] 2026-07-09 18:53:52,457: +PARAM [/mavros/mocap/use_tf] by /roslaunch
[rosmaster.master][INFO] 2026-07-09 18:53:52,457: +PARAM [/mavros/mocap/use_pose] by /roslaunch
[rosmaster.master][INFO] 2026-07-09 18:53:52,457: +PARAM [/mavros/mount/debounce_s] by /roslaunch
[rosmaster.master][INFO] 2026-07-09 18:53:52,457: +PARAM [/mavros/mount/err_threshold_deg] by /roslaunch
[rosmaster.master][INFO] 2026-07-09 18:53:52,457: +PARAM [/mavros/mount/negate_measured_roll] by /roslaunch
[rosmaster.master][INFO] 2026-07-09 18:53:52,457: +PARAM [/mavros/mount/negate_measured_pitch] by /roslaunch
[rosmaster.master][INFO] 2026-07-09 18:53:52,457: +PARAM [/mavros/mount/negate_measured_yaw] by /roslaunch
[rosmaster.master][INFO] 2026-07-09 18:53:52,457: +PARAM [/mavros/odometry/frame_tf/desired_frame] by /roslaunch
[rosmaster.master][INFO] 2026-07-09 18:53:52,457: +PARAM [/mavros/odometry/estimator_type] by /roslaunch
[rosmaster.master][INFO] 2026-07-09 18:53:52,457: +PARAM [/mavros/px4flow/frame_id] by /roslaunch
[rosmaster.master][INFO] 2026-07-09 18:53:52,457: +PARAM [/mavros/px4flow/ranger_fov] by /roslaunch
[rosmaster.master][INFO] 2026-07-09 18:53:52,457: +PARAM [/mavros/px4flow/ranger_min_range] by /roslaunch
[rosmaster.master][INFO] 2026-07-09 18:53:52,457: +PARAM [/mavros/px4flow/ranger_max_range] by /roslaunch
[rosmaster.master][INFO] 2026-07-09 18:53:52,458: +PARAM [/mavros/vision_pose/tf/listen] by /roslaunch
[rosmaster.master][INFO] 2026-07-09 18:53:52,458: +PARAM [/mavros/vision_pose/tf/frame_id] by /roslaunch
[rosmaster.master][INFO] 2026-07-09 18:53:52,458: +PARAM [/mavros/vision_pose/tf/child_frame_id] by /roslaunch
[rosmaster.master][INFO] 2026-07-09 18:53:52,458: +PARAM [/mavros/vision_pose/tf/rate_limit] by /roslaunch
[rosmaster.master][INFO] 2026-07-09 18:53:52,458: +PARAM [/mavros/vision_speed/listen_twist] by /roslaunch
[rosmaster.master][INFO] 2026-07-09 18:53:52,458: +PARAM [/mavros/vision_speed/twist_cov] by /roslaunch
[rosmaster.master][INFO] 2026-07-09 18:53:52,458: +PARAM [/mavros/vibration/frame_id] by /roslaunch
[rosmaster.master][INFO] 2026-07-09 18:53:52,458: +PARAM [/mavros/wheel_odometry/count] by /roslaunch
[rosmaster.master][INFO] 2026-07-09 18:53:52,458: +PARAM [/mavros/wheel_odometry/use_rpm] by /roslaunch
[rosmaster.master][INFO] 2026-07-09 18:53:52,458: +PARAM [/mavros/wheel_odometry/wheel0/x] by /roslaunch
[rosmaster.master][INFO] 2026-07-09 18:53:52,458: +PARAM [/mavros/wheel_odometry/wheel0/y] by /roslaunch
[rosmaster.master][INFO] 2026-07-09 18:53:52,458: +PARAM [/mavros/wheel_odometry/wheel0/radius] by /roslaunch
[rosmaster.master][INFO] 2026-07-09 18:53:52,458: +PARAM [/mavros/wheel_odometry/wheel1/x] by /roslaunch
[rosmaster.master][INFO] 2026-07-09 18:53:52,458: +PARAM [/mavros/wheel_odometry/wheel1/y] by /roslaunch
[rosmaster.master][INFO] 2026-07-09 18:53:52,458: +PARAM [/mavros/wheel_odometry/wheel1/radius] by /roslaunch
[rosmaster.master][INFO] 2026-07-09 18:53:52,458: +PARAM [/mavros/wheel_odometry/send_raw] by /roslaunch
[rosmaster.master][INFO] 2026-07-09 18:53:52,458: +PARAM [/mavros/wheel_odometry/send_twist] by /roslaunch
[rosmaster.master][INFO] 2026-07-09 18:53:52,458: +PARAM [/mavros/wheel_odometry/frame_id] by /roslaunch
[rosmaster.master][INFO] 2026-07-09 18:53:52,458: +PARAM [/mavros/wheel_odometry/child_frame_id] by /roslaunch
[rosmaster.master][INFO] 2026-07-09 18:53:52,458: +PARAM [/mavros/wheel_odometry/vel_error] by /roslaunch
[rosmaster.master][INFO] 2026-07-09 18:53:52,458: +PARAM [/mavros/wheel_odometry/tf/send] by /roslaunch
[rosmaster.master][INFO] 2026-07-09 18:53:52,458: +PARAM [/mavros/wheel_odometry/tf/frame_id] by /roslaunch
[rosmaster.master][INFO] 2026-07-09 18:53:52,458: +PARAM [/mavros/wheel_odometry/tf/child_frame_id] by /roslaunch
[rosmaster.master][INFO] 2026-07-09 18:53:52,458: +PARAM [/mavros/fcu_url] by /roslaunch
[rosmaster.master][INFO] 2026-07-09 18:53:52,458: +PARAM [/mavros/gcs_url] by /roslaunch
[rosmaster.master][INFO] 2026-07-09 18:53:52,458: +PARAM [/mavros/target_system_id] by /roslaunch
[rosmaster.master][INFO] 2026-07-09 18:53:52,458: +PARAM [/mavros/target_component_id] by /roslaunch
[rosmaster.master][INFO] 2026-07-09 18:53:52,458: +PARAM [/mavros/fcu_protocol] by /roslaunch
[rosmaster.master][INFO] 2026-07-09 18:53:52,553: +PUB [/rosout] /mavros http://localhost:41567/
[rosmaster.master][INFO] 2026-07-09 18:53:52,554: +SERVICE [/mavros/get_loggers] /mavros http://localhost:41567/
[rosmaster.master][INFO] 2026-07-09 18:53:52,554: +SERVICE [/mavros/set_logger_level] /mavros http://localhost:41567/
[rosmaster.master][INFO] 2026-07-09 18:53:52,555: +PUB [/diagnostics] /mavros http://localhost:41567/
[rosmaster.master][INFO] 2026-07-09 18:53:52,555: +CACHEDPARAM [/mavros/diagnostic_period] by /mavros
[rosmaster.master][INFO] 2026-07-09 18:53:52,565: +SUB [/tf] /mavros http://localhost:41567/
[rosmaster.master][INFO] 2026-07-09 18:53:52,566: +SUB [/tf_static] /mavros http://localhost:41567/
[rosmaster.master][INFO] 2026-07-09 18:53:52,566: +PUB [/tf] /mavros http://localhost:41567/
[rosmaster.master][INFO] 2026-07-09 18:53:52,567: +PUB [/tf_static] /mavros http://localhost:41567/
[rosmaster.master][INFO] 2026-07-09 18:53:52,592: publisherUpdate[/rosout] -> http://localhost:33771/ ['http://localhost:41567/']
[rosmaster.master][INFO] 2026-07-09 18:53:52,594: publisherUpdate[/rosout] -> http://localhost:33771/ ['http://localhost:41567/']: sec=0.00, result=[1, '', 0]
[rosmaster.master][INFO] 2026-07-09 18:53:52,594: publisherUpdate[/tf] -> http://localhost:41567/ ['http://localhost:41567/']
[rosmaster.master][INFO] 2026-07-09 18:53:52,595: publisherUpdate[/tf] -> http://localhost:41567/ ['http://localhost:41567/']: sec=0.00, result=[1, '', 0]
[rosmaster.master][INFO] 2026-07-09 18:53:52,595: publisherUpdate[/tf_static] -> http://localhost:41567/ ['http://localhost:41567/']
[rosmaster.master][INFO] 2026-07-09 18:53:52,595: publisherUpdate[/tf_static] -> http://localhost:41567/ ['http://localhost:41567/']: sec=0.00, result=[1, '', 0]
[rosmaster.master][INFO] 2026-07-09 18:53:52,623: +CACHEDPARAM [/rosout_disable_topics_generation] by /mavros
[rosmaster.master][INFO] 2026-07-09 18:53:52,626: +PUB [/mavlink/from] /mavros http://localhost:41567/
[rosmaster.master][INFO] 2026-07-09 18:53:52,628: +SUB [/mavlink/to] /mavros http://localhost:41567/
[rosmaster.master][INFO] 2026-07-09 18:53:52,676: +PUB [/mavros/radio_status] /mavros http://localhost:41567/
[rosmaster.master][INFO] 2026-07-09 18:53:52,707: +PUB [/mavros/adsb/vehicle] /mavros http://localhost:41567/
[rosmaster.master][INFO] 2026-07-09 18:53:52,708: +SUB [/mavros/adsb/send] /mavros http://localhost:41567/
[rosmaster.master][INFO] 2026-07-09 18:53:52,709: +PUB [/mavros/cam_imu_sync/cam_imu_stamp] /mavros http://localhost:41567/
[rosmaster.master][INFO] 2026-07-09 18:53:52,709: +PUB [/mavros/camera/image_captured] /mavros http://localhost:41567/
[rosmaster.master][INFO] 2026-07-09 18:53:52,711: +SUB [/mavros/cellular_status/status] /mavros http://localhost:41567/
[rosmaster.master][INFO] 2026-07-09 18:53:52,712: +SERVICE [/mavros/cmd/command] /mavros http://localhost:41567/
[rosmaster.master][INFO] 2026-07-09 18:53:52,712: +SERVICE [/mavros/cmd/command_ack] /mavros http://localhost:41567/
[rosmaster.master][INFO] 2026-07-09 18:53:52,713: +SERVICE [/mavros/cmd/command_int] /mavros http://localhost:41567/
[rosmaster.master][INFO] 2026-07-09 18:53:52,713: +SERVICE [/mavros/cmd/arming] /mavros http://localhost:41567/
[rosmaster.master][INFO] 2026-07-09 18:53:52,714: +SERVICE [/mavros/cmd/set_home] /mavros http://localhost:41567/
[rosmaster.master][INFO] 2026-07-09 18:53:52,714: +SERVICE [/mavros/cmd/takeoff] /mavros http://localhost:41567/
[rosmaster.master][INFO] 2026-07-09 18:53:52,714: +SERVICE [/mavros/cmd/land] /mavros http://localhost:41567/
[rosmaster.master][INFO] 2026-07-09 18:53:52,715: +SERVICE [/mavros/cmd/trigger_control] /mavros http://localhost:41567/
[rosmaster.master][INFO] 2026-07-09 18:53:52,715: +SERVICE [/mavros/cmd/trigger_interval] /mavros http://localhost:41567/
[rosmaster.master][INFO] 2026-07-09 18:53:52,715: +SERVICE [/mavros/cmd/vtol_transition] /mavros http://localhost:41567/
[rosmaster.master][INFO] 2026-07-09 18:53:52,716: +SUB [/mavros/companion_process/status] /mavros http://localhost:41567/
[rosmaster.master][INFO] 2026-07-09 18:53:52,719: +PUB [/mavros/distance_sensor/rangefinder_pub] /mavros http://localhost:41567/
[rosmaster.master][INFO] 2026-07-09 18:53:52,722: +SUB [/mavros/distance_sensor/rangefinder_sub] /mavros http://localhost:41567/
[rosmaster.master][INFO] 2026-07-09 18:53:52,723: +PUB [/mavros/esc_info] /mavros http://localhost:41567/
[rosmaster.master][INFO] 2026-07-09 18:53:52,724: +PUB [/mavros/esc_status] /mavros http://localhost:41567/
[rosmaster.master][INFO] 2026-07-09 18:53:52,724: +PUB [/mavros/esc_telemetry] /mavros http://localhost:41567/
[rosmaster.master][INFO] 2026-07-09 18:53:52,735: +SUB [/mavros/fake_gps/mocap/pose] /mavros http://localhost:41567/
[rosmaster.master][INFO] 2026-07-09 18:53:52,737: +PUB [/mavros/geofence/waypoints] /mavros http://localhost:41567/
[rosmaster.master][INFO] 2026-07-09 18:53:52,737: +SERVICE [/mavros/geofence/pull] /mavros http://localhost:41567/
[rosmaster.master][INFO] 2026-07-09 18:53:52,737: +SERVICE [/mavros/geofence/push] /mavros http://localhost:41567/
[rosmaster.master][INFO] 2026-07-09 18:53:52,738: +SERVICE [/mavros/geofence/clear] /mavros http://localhost:41567/
[rosmaster.master][INFO] 2026-07-09 18:53:52,742: +PUB [/mavros/global_position/raw/fix] /mavros http://localhost:41567/
[rosmaster.master][INFO] 2026-07-09 18:53:52,742: +PUB [/mavros/global_position/raw/gps_vel] /mavros http://localhost:41567/
[rosmaster.master][INFO] 2026-07-09 18:53:52,742: +PUB [/mavros/global_position/raw/satellites] /mavros http://localhost:41567/
[rosmaster.master][INFO] 2026-07-09 18:53:52,743: +PUB [/mavros/global_position/global] /mavros http://localhost:41567/
[rosmaster.master][INFO] 2026-07-09 18:53:52,743: +PUB [/mavros/global_position/local] /mavros http://localhost:41567/
[rosmaster.master][INFO] 2026-07-09 18:53:52,743: +PUB [/mavros/global_position/rel_alt] /mavros http://localhost:41567/
[rosmaster.master][INFO] 2026-07-09 18:53:52,743: +PUB [/mavros/global_position/compass_hdg] /mavros http://localhost:41567/
[rosmaster.master][INFO] 2026-07-09 18:53:52,744: +PUB [/mavros/global_position/gp_origin] /mavros http://localhost:41567/
[rosmaster.master][INFO] 2026-07-09 18:53:52,745: +SUB [/mavros/global_position/set_gp_origin] /mavros http://localhost:41567/
[rosmaster.master][INFO] 2026-07-09 18:53:52,746: +SUB [/mavros/home_position/home] /mavros http://localhost:41567/
[rosmaster.master][INFO] 2026-07-09 18:53:52,746: +PUB [/mavros/global_position/gp_lp_offset] /mavros http://localhost:41567/
[rosmaster.master][INFO] 2026-07-09 18:53:52,748: +SUB [/mavros/gps_input/gps_input] /mavros http://localhost:41567/
[rosmaster.master][INFO] 2026-07-09 18:53:52,749: +SUB [/mavros/gps_rtk/send_rtcm] /mavros http://localhost:41567/
[rosmaster.master][INFO] 2026-07-09 18:53:52,750: +PUB [/mavros/gps_rtk/rtk_baseline] /mavros http://localhost:41567/
[rosmaster.master][INFO] 2026-07-09 18:53:52,750: +PUB [/mavros/gpsstatus/gps1/raw] /mavros http://localhost:41567/
[rosmaster.master][INFO] 2026-07-09 18:53:52,751: +PUB [/mavros/gpsstatus/gps2/raw] /mavros http://localhost:41567/
[rosmaster.master][INFO] 2026-07-09 18:53:52,751: +PUB [/mavros/gpsstatus/gps1/rtk] /mavros http://localhost:41567/
[rosmaster.master][INFO] 2026-07-09 18:53:52,751: +PUB [/mavros/gpsstatus/gps2/rtk] /mavros http://localhost:41567/
[rosmaster.master][INFO] 2026-07-09 18:53:52,753: +PUB [/move_base_simple/goal] /mavros http://localhost:41567/
[rosmaster.master][INFO] 2026-07-09 18:53:52,754: +SUB [/mavros/global_position/gp_origin] /mavros http://localhost:41567/
[rosmaster.master][INFO] 2026-07-09 18:53:52,755: +PUB [/mavros/home_position/home] /mavros http://localhost:41567/
[rosmaster.master][INFO] 2026-07-09 18:53:52,756: +SUB [/mavros/home_position/set] /mavros http://localhost:41567/
[rosmaster.master][INFO] 2026-07-09 18:53:52,756: +SERVICE [/mavros/home_position/req_update] /mavros http://localhost:41567/
[rosmaster.master][INFO] 2026-07-09 18:53:52,759: +PUB [/mavros/imu/data] /mavros http://localhost:41567/
[rosmaster.master][INFO] 2026-07-09 18:53:52,759: +PUB [/mavros/imu/mag] /mavros http://localhost:41567/
[rosmaster.master][INFO] 2026-07-09 18:53:52,760: +PUB [/mavros/imu/temperature_imu] /mavros http://localhost:41567/
[rosmaster.master][INFO] 2026-07-09 18:53:52,760: +PUB [/mavros/imu/temperature_baro] /mavros http://localhost:41567/
[rosmaster.master][INFO] 2026-07-09 18:53:52,760: +PUB [/mavros/imu/static_pressure] /mavros http://localhost:41567/
[rosmaster.master][INFO] 2026-07-09 18:53:52,760: +PUB [/mavros/imu/diff_pressure] /mavros http://localhost:41567/
[rosmaster.master][INFO] 2026-07-09 18:53:52,761: +PUB [/mavros/imu/data_raw] /mavros http://localhost:41567/
[rosmaster.master][INFO] 2026-07-09 18:53:52,766: +PUB [/mavros/landing_target/pose_in] /mavros http://localhost:41567/
[rosmaster.master][INFO] 2026-07-09 18:53:52,766: +PUB [/mavros/landing_target/lt_marker] /mavros http://localhost:41567/
[rosmaster.master][INFO] 2026-07-09 18:53:52,767: +SUB [/mavros/landing_target/pose] /mavros http://localhost:41567/
[rosmaster.master][INFO] 2026-07-09 18:53:52,769: +PUB [/mavros/local_position/pose] /mavros http://localhost:41567/
[rosmaster.master][INFO] 2026-07-09 18:53:52,770: +PUB [/mavros/local_position/pose_cov] /mavros http://localhost:41567/
[rosmaster.master][INFO] 2026-07-09 18:53:52,770: +PUB [/mavros/local_position/velocity_local] /mavros http://localhost:41567/
[rosmaster.master][INFO] 2026-07-09 18:53:52,770: +PUB [/mavros/local_position/velocity_body] /mavros http://localhost:41567/
[rosmaster.master][INFO] 2026-07-09 18:53:52,771: +PUB [/mavros/local_position/velocity_body_cov] /mavros http://localhost:41567/
[rosmaster.master][INFO] 2026-07-09 18:53:52,771: +PUB [/mavros/local_position/accel] /mavros http://localhost:41567/
[rosmaster.master][INFO] 2026-07-09 18:53:52,771: +PUB [/mavros/local_position/odom] /mavros http://localhost:41567/
[rosmaster.master][INFO] 2026-07-09 18:53:52,772: +PUB [/mavros/log_transfer/raw/log_entry] /mavros http://localhost:41567/
[rosmaster.master][INFO] 2026-07-09 18:53:52,772: +PUB [/mavros/log_transfer/raw/log_data] /mavros http://localhost:41567/
[rosmaster.master][INFO] 2026-07-09 18:53:52,773: +SERVICE [/mavros/log_transfer/raw/log_request_list] /mavros http://localhost:41567/
[rosmaster.master][INFO] 2026-07-09 18:53:52,773: +SERVICE [/mavros/log_transfer/raw/log_request_data] /mavros http://localhost:41567/
[rosmaster.master][INFO] 2026-07-09 18:53:52,774: +SERVICE [/mavros/log_transfer/raw/log_request_end] /mavros http://localhost:41567/
[rosmaster.master][INFO] 2026-07-09 18:53:52,774: +SERVICE [/mavros/log_transfer/raw/log_request_erase] /mavros http://localhost:41567/
[rosmaster.master][INFO] 2026-07-09 18:53:52,775: +PUB [/mavros/mag_calibration/status] /mavros http://localhost:41567/
[rosmaster.master][INFO] 2026-07-09 18:53:52,775: +PUB [/mavros/mag_calibration/report] /mavros http://localhost:41567/
[rosmaster.master][INFO] 2026-07-09 18:53:52,775: +PUB [/mavros/manual_control/control] /mavros http://localhost:41567/
[rosmaster.master][INFO] 2026-07-09 18:53:52,776: +SUB [/mavros/manual_control/send] /mavros http://localhost:41567/
[rosmaster.master][INFO] 2026-07-09 18:53:52,779: +SUB [/mavros/mocap/pose] /mavros http://localhost:41567/
[rosmaster.master][INFO] 2026-07-09 18:53:52,781: +SUB [/mavros/mount_control/command] /mavros http://localhost:41567/
[rosmaster.master][INFO] 2026-07-09 18:53:52,781: +PUB [/mavros/mount_control/orientation] /mavros http://localhost:41567/
[rosmaster.master][INFO] 2026-07-09 18:53:52,781: +PUB [/mavros/mount_control/status] /mavros http://localhost:41567/
[rosmaster.master][INFO] 2026-07-09 18:53:52,781: +SERVICE [/mavros/mount_control/configure] /mavros http://localhost:41567/
[rosmaster.master][INFO] 2026-07-09 18:53:52,784: +PUB [/mavros/nav_controller_output] /mavros http://localhost:41567/
[rosmaster.master][INFO] 2026-07-09 18:53:52,787: +SUB [/mavros/obstacle/send] /mavros http://localhost:41567/
[rosmaster.master][INFO] 2026-07-09 18:53:52,789: +PUB [/mavros/odometry/in] /mavros http://localhost:41567/
[rosmaster.master][INFO] 2026-07-09 18:53:52,790: +SUB [/mavros/odometry/out] /mavros http://localhost:41567/
[rosmaster.master][INFO] 2026-07-09 18:53:52,792: +SUB [/mavros/onboard_computer/status] /mavros http://localhost:41567/
[rosmaster.master][INFO] 2026-07-09 18:53:52,792: +SERVICE [/mavros/param/pull] /mavros http://localhost:41567/
[rosmaster.master][INFO] 2026-07-09 18:53:52,793: +SERVICE [/mavros/param/push] /mavros http://localhost:41567/
[rosmaster.master][INFO] 2026-07-09 18:53:52,793: +SERVICE [/mavros/param/set] /mavros http://localhost:41567/
[rosmaster.master][INFO] 2026-07-09 18:53:52,794: +SERVICE [/mavros/param/get] /mavros http://localhost:41567/
[rosmaster.master][INFO] 2026-07-09 18:53:52,794: +PUB [/mavros/param/param_value] /mavros http://localhost:41567/
[rosmaster.master][INFO] 2026-07-09 18:53:52,795: +SUB [/mavros/play_tune] /mavros http://localhost:41567/
[rosmaster.master][INFO] 2026-07-09 18:53:52,796: publisherUpdate[/mavros/home_position/home] -> http://localhost:41567/ ['http://localhost:41567/']
[rosmaster.master][INFO] 2026-07-09 18:53:52,796: publisherUpdate[/mavros/home_position/home] -> http://localhost:41567/ ['http://localhost:41567/']: sec=0.00, result=[1, '', 0]
[rosmaster.master][INFO] 2026-07-09 18:53:52,797: +PUB [/mavros/rallypoint/waypoints] /mavros http://localhost:41567/
[rosmaster.master][INFO] 2026-07-09 18:53:52,797: +SERVICE [/mavros/rallypoint/pull] /mavros http://localhost:41567/
[rosmaster.master][INFO] 2026-07-09 18:53:52,797: +SERVICE [/mavros/rallypoint/push] /mavros http://localhost:41567/
[rosmaster.master][INFO] 2026-07-09 18:53:52,797: +SERVICE [/mavros/rallypoint/clear] /mavros http://localhost:41567/
[rosmaster.master][INFO] 2026-07-09 18:53:52,798: +CACHEDPARAM [/rosout/omit_topics] by /rosout
[rosmaster.master][INFO] 2026-07-09 18:53:52,798: +PUB [/mavros/rangefinder/rangefinder] /mavros http://localhost:41567/
[rosmaster.master][INFO] 2026-07-09 18:53:52,799: +PUB [/mavros/rc/in] /mavros http://localhost:41567/
[rosmaster.master][INFO] 2026-07-09 18:53:52,799: +PUB [/mavros/rc/out] /mavros http://localhost:41567/
[rosmaster.master][INFO] 2026-07-09 18:53:52,801: +SUB [/mavros/rc/override] /mavros http://localhost:41567/
[rosmaster.master][INFO] 2026-07-09 18:53:52,802: +SUB [/mavros/setpoint_accel/accel] /mavros http://localhost:41567/
[rosmaster.master][INFO] 2026-07-09 18:53:52,806: +SUB [/mavros/setpoint_attitude/thrust] /mavros http://localhost:41567/
[rosmaster.master][INFO] 2026-07-09 18:53:52,808: +SUB [/mavros/setpoint_attitude/cmd_vel] /mavros http://localhost:41567/
[rosmaster.master][INFO] 2026-07-09 18:53:52,815: +SUB [/mavros/setpoint_position/local] /mavros http://localhost:41567/
[rosmaster.master][INFO] 2026-07-09 18:53:52,817: +SUB [/mavros/setpoint_position/global] /mavros http://localhost:41567/
[rosmaster.master][INFO] 2026-07-09 18:53:52,818: +SUB [/mavros/setpoint_position/global_to_local] /mavros http://localhost:41567/
[rosmaster.master][INFO] 2026-07-09 18:53:52,819: +SUB [/mavros/global_position/global] /mavros http://localhost:41567/
[rosmaster.master][INFO] 2026-07-09 18:53:52,821: +SUB [/mavros/local_position/pose] /mavros http://localhost:41567/
[rosmaster.master][INFO] 2026-07-09 18:53:52,821: +SERVICE [/mavros/setpoint_position/mav_frame] /mavros http://localhost:41567/
[rosmaster.master][INFO] 2026-07-09 18:53:52,824: +SUB [/mavros/setpoint_raw/local] /mavros http://localhost:41567/
[rosmaster.master][INFO] 2026-07-09 18:53:52,825: +SUB [/mavros/setpoint_raw/global] /mavros http://localhost:41567/
[rosmaster.master][INFO] 2026-07-09 18:53:52,827: +SUB [/mavros/setpoint_raw/attitude] /mavros http://localhost:41567/
[rosmaster.master][INFO] 2026-07-09 18:53:52,827: +PUB [/mavros/setpoint_raw/target_local] /mavros http://localhost:41567/
[rosmaster.master][INFO] 2026-07-09 18:53:52,827: +PUB [/mavros/setpoint_raw/target_global] /mavros http://localhost:41567/
[rosmaster.master][INFO] 2026-07-09 18:53:52,828: +PUB [/mavros/setpoint_raw/target_attitude] /mavros http://localhost:41567/
[rosmaster.master][INFO] 2026-07-09 18:53:52,830: +SUB [/mavros/setpoint_trajectory/local] /mavros http://localhost:41567/
[rosmaster.master][INFO] 2026-07-09 18:53:52,830: +PUB [/mavros/setpoint_trajectory/desired] /mavros http://localhost:41567/
[rosmaster.master][INFO] 2026-07-09 18:53:52,831: +SERVICE [/mavros/setpoint_trajectory/reset] /mavros http://localhost:41567/
[rosmaster.master][INFO] 2026-07-09 18:53:52,831: +SERVICE [/mavros/setpoint_trajectory/mav_frame] /mavros http://localhost:41567/
[rosmaster.master][INFO] 2026-07-09 18:53:52,833: +SUB [/mavros/setpoint_velocity/cmd_vel] /mavros http://localhost:41567/
[rosmaster.master][INFO] 2026-07-09 18:53:52,834: +SUB [/mavros/setpoint_velocity/cmd_vel_unstamped] /mavros http://localhost:41567/
[rosmaster.master][INFO] 2026-07-09 18:53:52,834: +SERVICE [/mavros/setpoint_velocity/mav_frame] /mavros http://localhost:41567/
[rosmaster.master][INFO] 2026-07-09 18:53:52,838: +PUB [/mavros/state] /mavros http://localhost:41567/
[rosmaster.master][INFO] 2026-07-09 18:53:52,838: +PUB [/mavros/extended_state] /mavros http://localhost:41567/
[rosmaster.master][INFO] 2026-07-09 18:53:52,838: +PUB [/mavros/battery] /mavros http://localhost:41567/
[rosmaster.master][INFO] 2026-07-09 18:53:52,839: +PUB [/mavros/estimator_status] /mavros http://localhost:41567/
[rosmaster.master][INFO] 2026-07-09 18:53:52,839: +PUB [/mavros/statustext/recv] /mavros http://localhost:41567/
[rosmaster.master][INFO] 2026-07-09 18:53:52,839: +PUB [/mavros/sys_status] /mavros http://localhost:41567/
[rosmaster.master][INFO] 2026-07-09 18:53:52,840: +SUB [/mavros/statustext/send] /mavros http://localhost:41567/
[rosmaster.master][INFO] 2026-07-09 18:53:52,841: +SERVICE [/mavros/set_stream_rate] /mavros http://localhost:41567/
[rosmaster.master][INFO] 2026-07-09 18:53:52,841: +SERVICE [/mavros/set_mode] /mavros http://localhost:41567/
[rosmaster.master][INFO] 2026-07-09 18:53:52,841: +SERVICE [/mavros/vehicle_info_get] /mavros http://localhost:41567/
[rosmaster.master][INFO] 2026-07-09 18:53:52,842: +SERVICE [/mavros/set_message_interval] /mavros http://localhost:41567/
[rosmaster.master][INFO] 2026-07-09 18:53:52,846: +PUB [/mavros/time_reference] /mavros http://localhost:41567/
[rosmaster.master][INFO] 2026-07-09 18:53:52,846: +PUB [/mavros/timesync_status] /mavros http://localhost:41567/
[rosmaster.master][INFO] 2026-07-09 18:53:52,847: +PUB [/mavros/terrain/report] /mavros http://localhost:41567/
[rosmaster.master][INFO] 2026-07-09 18:53:52,848: +SUB [/mavros/trajectory/generated] /mavros http://localhost:41567/
[rosmaster.master][INFO] 2026-07-09 18:53:52,849: +SUB [/mavros/trajectory/path] /mavros http://localhost:41567/
[rosmaster.master][INFO] 2026-07-09 18:53:52,849: +PUB [/mavros/trajectory/desired] /mavros http://localhost:41567/
[rosmaster.master][INFO] 2026-07-09 18:53:52,851: +SUB [/mavros/tunnel/in] /mavros http://localhost:41567/
[rosmaster.master][INFO] 2026-07-09 18:53:52,851: +PUB [/mavros/tunnel/out] /mavros http://localhost:41567/
[rosmaster.master][INFO] 2026-07-09 18:53:52,852: +PUB [/mavros/vfr_hud] /mavros http://localhost:41567/
[rosmaster.master][INFO] 2026-07-09 18:53:52,855: +SUB [/mavros/vision_pose/pose] /mavros http://localhost:41567/
[rosmaster.master][INFO] 2026-07-09 18:53:52,856: +SUB [/mavros/vision_pose/pose_cov] /mavros http://localhost:41567/
[rosmaster.master][INFO] 2026-07-09 18:53:52,857: +PUB [/mavros/mission/waypoints] /mavros http://localhost:41567/
[rosmaster.master][INFO] 2026-07-09 18:53:52,858: +SERVICE [/mavros/mission/pull] /mavros http://localhost:41567/
[rosmaster.master][INFO] 2026-07-09 18:53:52,858: +SERVICE [/mavros/mission/push] /mavros http://localhost:41567/
[rosmaster.master][INFO] 2026-07-09 18:53:52,858: +SERVICE [/mavros/mission/clear] /mavros http://localhost:41567/
[rosmaster.master][INFO] 2026-07-09 18:53:52,859: +PUB [/mavros/mission/reached] /mavros http://localhost:41567/
[rosmaster.master][INFO] 2026-07-09 18:53:52,859: +SERVICE [/mavros/mission/set_current] /mavros http://localhost:41567/
[rosmaster.master][INFO] 2026-07-09 18:53:52,859: +PUB [/mavros/wind_estimation] /mavros http://localhost:41567/
[rosmaster.master][INFO] 2026-07-09 18:53:53,863: +PUB [/mavlink/gcs_ip] /mavros http://localhost:41567/
[rosmaster.master][INFO] 2026-07-09 18:54:17,345: +PUB [/rosout] /horizontal_flight_logger_15 http://localhost:45715/
[rosmaster.master][INFO] 2026-07-09 18:54:17,347: +SERVICE [/horizontal_flight_logger_15/get_loggers] /horizontal_flight_logger_15 http://localhost:45715/
[rosmaster.master][INFO] 2026-07-09 18:54:17,347: +SERVICE [/horizontal_flight_logger_15/set_logger_level] /horizontal_flight_logger_15 http://localhost:45715/
[rosmaster.master][INFO] 2026-07-09 18:54:17,348: +PUB [/mavros/setpoint_raw/local] /horizontal_flight_logger_15 http://localhost:45715/
[rosmaster.master][INFO] 2026-07-09 18:54:17,349: +SUB [/mavros/local_position/velocity_local] /horizontal_flight_logger_15 http://localhost:45715/
[rosmaster.master][INFO] 2026-07-09 18:54:17,349: +SUB [/mavros/battery] /horizontal_flight_logger_15 http://localhost:45715/
[rosmaster.master][INFO] 2026-07-09 18:54:17,357: +PARAM [/mavros/param/WPNAV_SPEED] by /mavros
[rosmaster.master][INFO] 2026-07-09 18:54:17,402: publisherUpdate[/rosout] -> http://localhost:33771/ ['http://localhost:41567/', 'http://localhost:45715/']
[rosmaster.master][INFO] 2026-07-09 18:54:17,403: publisherUpdate[/mavros/setpoint_raw/local] -> http://localhost:41567/ ['http://localhost:45715/']
[rosmaster.master][INFO] 2026-07-09 18:54:17,404: publisherUpdate[/rosout] -> http://localhost:33771/ ['http://localhost:41567/', 'http://localhost:45715/']: sec=0.00, result=[1, '', 0]
[rosmaster.master][INFO] 2026-07-09 18:54:17,405: publisherUpdate[/mavros/setpoint_raw/local] -> http://localhost:41567/ ['http://localhost:45715/']: sec=0.00, result=[1, '', 0]
[rosmaster.master][INFO] 2026-07-09 18:59:46,576: -PUB [/rosout_agg] /rosout http://localhost:33771/
[rosmaster.master][INFO] 2026-07-09 18:59:46,577: -SUB [/rosout] /rosout http://localhost:33771/
[rosmaster.master][INFO] 2026-07-09 18:59:46,577: -SERVICE [/rosout/get_loggers] /rosout rosrpc://localhost:51027
[rosmaster.master][INFO] 2026-07-09 18:59:46,578: -SERVICE [/rosout/set_logger_level] /rosout rosrpc://localhost:51027
[rosmaster.master][INFO] 2026-07-09 18:59:46,578: -CACHEDPARAM [/rosout/omit_topics] by /rosout
[rosmaster.main][INFO] 2026-07-09 18:59:46,609: keyboard interrupt, will exit
[rosmaster.main][INFO] 2026-07-09 18:59:46,609: stopping master...
[rospy.core][INFO] 2026-07-09 18:59:46,609: signal_shutdown [atexit]
