[rosmaster.main][INFO] 2026-06-01 19:18:30,182: initialization complete, waiting for shutdown
[rosmaster.main][INFO] 2026-06-01 19:18:30,182: Starting ROS Master Node
[xmlrpc][INFO] 2026-06-01 19:18:30,183: XML-RPC server binding to 127.0.0.1:11311
[xmlrpc][INFO] 2026-06-01 19:18:30,183: Started XML-RPC server [http://localhost:11311/]
[xmlrpc][INFO] 2026-06-01 19:18:30,183: xml rpc node: starting XML-RPC server
[rosmaster.master][INFO] 2026-06-01 19:18:30,183: Master initialized: port[11311], uri[http://localhost:11311/]
[rosmaster.master][INFO] 2026-06-01 19:18:30,256: +PARAM [/run_id] by /roslaunch
[rosmaster.master][INFO] 2026-06-01 19:18:30,257: +PARAM [/roslaunch/uris/host_localhost__46557] by /roslaunch
[rosmaster.master][INFO] 2026-06-01 19:18:30,285: +PARAM [/rosversion] by /roslaunch
[rosmaster.master][INFO] 2026-06-01 19:18:30,285: +PARAM [/rosdistro] by /roslaunch
[rosmaster.master][INFO] 2026-06-01 19:18:30,321: +SERVICE [/rosout/get_loggers] /rosout http://localhost:39611/
[rosmaster.master][INFO] 2026-06-01 19:18:30,321: +SERVICE [/rosout/set_logger_level] /rosout http://localhost:39611/
[rosmaster.master][INFO] 2026-06-01 19:18:30,322: +PUB [/rosout_agg] /rosout http://localhost:39611/
[rosmaster.master][INFO] 2026-06-01 19:18:30,323: +SUB [/rosout] /rosout http://localhost:39611/
[rosmaster.master][INFO] 2026-06-01 19:18:43,380: +PARAM [/roslaunch/uris/host_localhost__46737] by /roslaunch
[rosmaster.master][INFO] 2026-06-01 19:18:43,384: +PARAM [/rosversion] by /roslaunch
[rosmaster.master][INFO] 2026-06-01 19:18:43,384: +PARAM [/rosdistro] by /roslaunch
[rosmaster.master][INFO] 2026-06-01 19:18:43,384: +PARAM [/mavros/plugin_blacklist] by /roslaunch
[rosmaster.master][INFO] 2026-06-01 19:18:43,384: +PARAM [/mavros/plugin_whitelist] by /roslaunch
[rosmaster.master][INFO] 2026-06-01 19:18:43,384: +PARAM [/mavros/startup_px4_usb_quirk] by /roslaunch
[rosmaster.master][INFO] 2026-06-01 19:18:43,384: +PARAM [/mavros/conn/heartbeat_rate] by /roslaunch
[rosmaster.master][INFO] 2026-06-01 19:18:43,384: +PARAM [/mavros/conn/heartbeat_mav_type] by /roslaunch
[rosmaster.master][INFO] 2026-06-01 19:18:43,384: +PARAM [/mavros/conn/timeout] by /roslaunch
[rosmaster.master][INFO] 2026-06-01 19:18:43,384: +PARAM [/mavros/conn/timesync_rate] by /roslaunch
[rosmaster.master][INFO] 2026-06-01 19:18:43,384: +PARAM [/mavros/conn/system_time_rate] by /roslaunch
[rosmaster.master][INFO] 2026-06-01 19:18:43,384: +PARAM [/mavros/sys/min_voltage] by /roslaunch
[rosmaster.master][INFO] 2026-06-01 19:18:43,384: +PARAM [/mavros/sys/disable_diag] by /roslaunch
[rosmaster.master][INFO] 2026-06-01 19:18:43,384: +PARAM [/mavros/time/time_ref_source] by /roslaunch
[rosmaster.master][INFO] 2026-06-01 19:18:43,384: +PARAM [/mavros/time/timesync_mode] by /roslaunch
[rosmaster.master][INFO] 2026-06-01 19:18:43,385: +PARAM [/mavros/time/timesync_avg_alpha] by /roslaunch
[rosmaster.master][INFO] 2026-06-01 19:18:43,385: +PARAM [/mavros/tdr_radio/low_rssi] by /roslaunch
[rosmaster.master][INFO] 2026-06-01 19:18:43,385: +PARAM [/mavros/cmd/use_comp_id_system_control] by /roslaunch
[rosmaster.master][INFO] 2026-06-01 19:18:43,385: +PARAM [/mavros/global_position/frame_id] by /roslaunch
[rosmaster.master][INFO] 2026-06-01 19:18:43,385: +PARAM [/mavros/global_position/child_frame_id] by /roslaunch
[rosmaster.master][INFO] 2026-06-01 19:18:43,385: +PARAM [/mavros/global_position/rot_covariance] by /roslaunch
[rosmaster.master][INFO] 2026-06-01 19:18:43,385: +PARAM [/mavros/global_position/gps_uere] by /roslaunch
[rosmaster.master][INFO] 2026-06-01 19:18:43,385: +PARAM [/mavros/global_position/use_relative_alt] by /roslaunch
[rosmaster.master][INFO] 2026-06-01 19:18:43,385: +PARAM [/mavros/global_position/tf/send] by /roslaunch
[rosmaster.master][INFO] 2026-06-01 19:18:43,385: +PARAM [/mavros/global_position/tf/frame_id] by /roslaunch
[rosmaster.master][INFO] 2026-06-01 19:18:43,385: +PARAM [/mavros/global_position/tf/global_frame_id] by /roslaunch
[rosmaster.master][INFO] 2026-06-01 19:18:43,385: +PARAM [/mavros/global_position/tf/child_frame_id] by /roslaunch
[rosmaster.master][INFO] 2026-06-01 19:18:43,385: +PARAM [/mavros/imu/frame_id] by /roslaunch
[rosmaster.master][INFO] 2026-06-01 19:18:43,385: +PARAM [/mavros/imu/linear_acceleration_stdev] by /roslaunch
[rosmaster.master][INFO] 2026-06-01 19:18:43,385: +PARAM [/mavros/imu/angular_velocity_stdev] by /roslaunch
[rosmaster.master][INFO] 2026-06-01 19:18:43,385: +PARAM [/mavros/imu/orientation_stdev] by /roslaunch
[rosmaster.master][INFO] 2026-06-01 19:18:43,385: +PARAM [/mavros/imu/magnetic_stdev] by /roslaunch
[rosmaster.master][INFO] 2026-06-01 19:18:43,385: +PARAM [/mavros/local_position/frame_id] by /roslaunch
[rosmaster.master][INFO] 2026-06-01 19:18:43,385: +PARAM [/mavros/local_position/tf/send] by /roslaunch
[rosmaster.master][INFO] 2026-06-01 19:18:43,385: +PARAM [/mavros/local_position/tf/frame_id] by /roslaunch
[rosmaster.master][INFO] 2026-06-01 19:18:43,385: +PARAM [/mavros/local_position/tf/child_frame_id] by /roslaunch
[rosmaster.master][INFO] 2026-06-01 19:18:43,385: +PARAM [/mavros/local_position/tf/send_fcu] by /roslaunch
[rosmaster.master][INFO] 2026-06-01 19:18:43,386: +PARAM [/mavros/safety_area/p1/x] by /roslaunch
[rosmaster.master][INFO] 2026-06-01 19:18:43,386: +PARAM [/mavros/safety_area/p1/y] by /roslaunch
[rosmaster.master][INFO] 2026-06-01 19:18:43,386: +PARAM [/mavros/safety_area/p1/z] by /roslaunch
[rosmaster.master][INFO] 2026-06-01 19:18:43,386: +PARAM [/mavros/safety_area/p2/x] by /roslaunch
[rosmaster.master][INFO] 2026-06-01 19:18:43,386: +PARAM [/mavros/safety_area/p2/y] by /roslaunch
[rosmaster.master][INFO] 2026-06-01 19:18:43,386: +PARAM [/mavros/safety_area/p2/z] by /roslaunch
[rosmaster.master][INFO] 2026-06-01 19:18:43,386: +PARAM [/mavros/setpoint_accel/send_force] by /roslaunch
[rosmaster.master][INFO] 2026-06-01 19:18:43,386: +PARAM [/mavros/setpoint_attitude/reverse_thrust] by /roslaunch
[rosmaster.master][INFO] 2026-06-01 19:18:43,386: +PARAM [/mavros/setpoint_attitude/use_quaternion] by /roslaunch
[rosmaster.master][INFO] 2026-06-01 19:18:43,386: +PARAM [/mavros/setpoint_attitude/tf/listen] by /roslaunch
[rosmaster.master][INFO] 2026-06-01 19:18:43,386: +PARAM [/mavros/setpoint_attitude/tf/frame_id] by /roslaunch
[rosmaster.master][INFO] 2026-06-01 19:18:43,386: +PARAM [/mavros/setpoint_attitude/tf/child_frame_id] by /roslaunch
[rosmaster.master][INFO] 2026-06-01 19:18:43,386: +PARAM [/mavros/setpoint_attitude/tf/rate_limit] by /roslaunch
[rosmaster.master][INFO] 2026-06-01 19:18:43,386: +PARAM [/mavros/setpoint_raw/thrust_scaling] by /roslaunch
[rosmaster.master][INFO] 2026-06-01 19:18:43,386: +PARAM [/mavros/setpoint_position/tf/listen] by /roslaunch
[rosmaster.master][INFO] 2026-06-01 19:18:43,386: +PARAM [/mavros/setpoint_position/tf/frame_id] by /roslaunch
[rosmaster.master][INFO] 2026-06-01 19:18:43,386: +PARAM [/mavros/setpoint_position/tf/child_frame_id] by /roslaunch
[rosmaster.master][INFO] 2026-06-01 19:18:43,386: +PARAM [/mavros/setpoint_position/tf/rate_limit] by /roslaunch
[rosmaster.master][INFO] 2026-06-01 19:18:43,386: +PARAM [/mavros/setpoint_position/mav_frame] by /roslaunch
[rosmaster.master][INFO] 2026-06-01 19:18:43,386: +PARAM [/mavros/guided_target/tf/listen] by /roslaunch
[rosmaster.master][INFO] 2026-06-01 19:18:43,386: +PARAM [/mavros/guided_target/tf/frame_id] by /roslaunch
[rosmaster.master][INFO] 2026-06-01 19:18:43,386: +PARAM [/mavros/guided_target/tf/child_frame_id] by /roslaunch
[rosmaster.master][INFO] 2026-06-01 19:18:43,386: +PARAM [/mavros/guided_target/tf/rate_limit] by /roslaunch
[rosmaster.master][INFO] 2026-06-01 19:18:43,386: +PARAM [/mavros/setpoint_velocity/mav_frame] by /roslaunch
[rosmaster.master][INFO] 2026-06-01 19:18:43,386: +PARAM [/mavros/mission/pull_after_gcs] by /roslaunch
[rosmaster.master][INFO] 2026-06-01 19:18:43,386: +PARAM [/mavros/mission/use_mission_item_int] by /roslaunch
[rosmaster.master][INFO] 2026-06-01 19:18:43,386: +PARAM [/mavros/distance_sensor/rangefinder_pub/id] by /roslaunch
[rosmaster.master][INFO] 2026-06-01 19:18:43,386: +PARAM [/mavros/distance_sensor/rangefinder_pub/frame_id] by /roslaunch
[rosmaster.master][INFO] 2026-06-01 19:18:43,386: +PARAM [/mavros/distance_sensor/rangefinder_pub/field_of_view] by /roslaunch
[rosmaster.master][INFO] 2026-06-01 19:18:43,386: +PARAM [/mavros/distance_sensor/rangefinder_pub/send_tf] by /roslaunch
[rosmaster.master][INFO] 2026-06-01 19:18:43,386: +PARAM [/mavros/distance_sensor/rangefinder_pub/sensor_position/x] by /roslaunch
[rosmaster.master][INFO] 2026-06-01 19:18:43,386: +PARAM [/mavros/distance_sensor/rangefinder_pub/sensor_position/y] by /roslaunch
[rosmaster.master][INFO] 2026-06-01 19:18:43,386: +PARAM [/mavros/distance_sensor/rangefinder_pub/sensor_position/z] by /roslaunch
[rosmaster.master][INFO] 2026-06-01 19:18:43,386: +PARAM [/mavros/distance_sensor/rangefinder_sub/subscriber] by /roslaunch
[rosmaster.master][INFO] 2026-06-01 19:18:43,386: +PARAM [/mavros/distance_sensor/rangefinder_sub/id] by /roslaunch
[rosmaster.master][INFO] 2026-06-01 19:18:43,386: +PARAM [/mavros/distance_sensor/rangefinder_sub/orientation] by /roslaunch
[rosmaster.master][INFO] 2026-06-01 19:18:43,386: +PARAM [/mavros/image/frame_id] by /roslaunch
[rosmaster.master][INFO] 2026-06-01 19:18:43,386: +PARAM [/mavros/fake_gps/use_mocap] by /roslaunch
[rosmaster.master][INFO] 2026-06-01 19:18:43,386: +PARAM [/mavros/fake_gps/mocap_transform] by /roslaunch
[rosmaster.master][INFO] 2026-06-01 19:18:43,386: +PARAM [/mavros/fake_gps/mocap_withcovariance] by /roslaunch
[rosmaster.master][INFO] 2026-06-01 19:18:43,386: +PARAM [/mavros/fake_gps/use_vision] by /roslaunch
[rosmaster.master][INFO] 2026-06-01 19:18:43,386: +PARAM [/mavros/fake_gps/use_hil_gps] by /roslaunch
[rosmaster.master][INFO] 2026-06-01 19:18:43,386: +PARAM [/mavros/fake_gps/gps_id] by /roslaunch
[rosmaster.master][INFO] 2026-06-01 19:18:43,387: +PARAM [/mavros/fake_gps/geo_origin/lat] by /roslaunch
[rosmaster.master][INFO] 2026-06-01 19:18:43,387: +PARAM [/mavros/fake_gps/geo_origin/lon] by /roslaunch
[rosmaster.master][INFO] 2026-06-01 19:18:43,387: +PARAM [/mavros/fake_gps/geo_origin/alt] by /roslaunch
[rosmaster.master][INFO] 2026-06-01 19:18:43,387: +PARAM [/mavros/fake_gps/eph] by /roslaunch
[rosmaster.master][INFO] 2026-06-01 19:18:43,387: +PARAM [/mavros/fake_gps/epv] by /roslaunch
[rosmaster.master][INFO] 2026-06-01 19:18:43,387: +PARAM [/mavros/fake_gps/horiz_accuracy] by /roslaunch
[rosmaster.master][INFO] 2026-06-01 19:18:43,387: +PARAM [/mavros/fake_gps/vert_accuracy] by /roslaunch
[rosmaster.master][INFO] 2026-06-01 19:18:43,387: +PARAM [/mavros/fake_gps/speed_accuracy] by /roslaunch
[rosmaster.master][INFO] 2026-06-01 19:18:43,387: +PARAM [/mavros/fake_gps/satellites_visible] by /roslaunch
[rosmaster.master][INFO] 2026-06-01 19:18:43,387: +PARAM [/mavros/fake_gps/fix_type] by /roslaunch
[rosmaster.master][INFO] 2026-06-01 19:18:43,387: +PARAM [/mavros/fake_gps/tf/listen] by /roslaunch
[rosmaster.master][INFO] 2026-06-01 19:18:43,387: +PARAM [/mavros/fake_gps/tf/send] by /roslaunch
[rosmaster.master][INFO] 2026-06-01 19:18:43,387: +PARAM [/mavros/fake_gps/tf/frame_id] by /roslaunch
[rosmaster.master][INFO] 2026-06-01 19:18:43,387: +PARAM [/mavros/fake_gps/tf/child_frame_id] by /roslaunch
[rosmaster.master][INFO] 2026-06-01 19:18:43,387: +PARAM [/mavros/fake_gps/tf/rate_limit] by /roslaunch
[rosmaster.master][INFO] 2026-06-01 19:18:43,387: +PARAM [/mavros/fake_gps/gps_rate] by /roslaunch
[rosmaster.master][INFO] 2026-06-01 19:18:43,387: +PARAM [/mavros/landing_target/listen_lt] by /roslaunch
[rosmaster.master][INFO] 2026-06-01 19:18:43,387: +PARAM [/mavros/landing_target/mav_frame] by /roslaunch
[rosmaster.master][INFO] 2026-06-01 19:18:43,387: +PARAM [/mavros/landing_target/land_target_type] by /roslaunch
[rosmaster.master][INFO] 2026-06-01 19:18:43,387: +PARAM [/mavros/landing_target/image/width] by /roslaunch
[rosmaster.master][INFO] 2026-06-01 19:18:43,387: +PARAM [/mavros/landing_target/image/height] by /roslaunch
[rosmaster.master][INFO] 2026-06-01 19:18:43,387: +PARAM [/mavros/landing_target/camera/fov_x] by /roslaunch
[rosmaster.master][INFO] 2026-06-01 19:18:43,387: +PARAM [/mavros/landing_target/camera/fov_y] by /roslaunch
[rosmaster.master][INFO] 2026-06-01 19:18:43,387: +PARAM [/mavros/landing_target/tf/send] by /roslaunch
[rosmaster.master][INFO] 2026-06-01 19:18:43,387: +PARAM [/mavros/landing_target/tf/listen] by /roslaunch
[rosmaster.master][INFO] 2026-06-01 19:18:43,387: +PARAM [/mavros/landing_target/tf/frame_id] by /roslaunch
[rosmaster.master][INFO] 2026-06-01 19:18:43,387: +PARAM [/mavros/landing_target/tf/child_frame_id] by /roslaunch
[rosmaster.master][INFO] 2026-06-01 19:18:43,387: +PARAM [/mavros/landing_target/tf/rate_limit] by /roslaunch
[rosmaster.master][INFO] 2026-06-01 19:18:43,387: +PARAM [/mavros/landing_target/target_size/x] by /roslaunch
[rosmaster.master][INFO] 2026-06-01 19:18:43,387: +PARAM [/mavros/landing_target/target_size/y] by /roslaunch
[rosmaster.master][INFO] 2026-06-01 19:18:43,387: +PARAM [/mavros/mocap/use_tf] by /roslaunch
[rosmaster.master][INFO] 2026-06-01 19:18:43,387: +PARAM [/mavros/mocap/use_pose] by /roslaunch
[rosmaster.master][INFO] 2026-06-01 19:18:43,387: +PARAM [/mavros/mount/debounce_s] by /roslaunch
[rosmaster.master][INFO] 2026-06-01 19:18:43,387: +PARAM [/mavros/mount/err_threshold_deg] by /roslaunch
[rosmaster.master][INFO] 2026-06-01 19:18:43,387: +PARAM [/mavros/mount/negate_measured_roll] by /roslaunch
[rosmaster.master][INFO] 2026-06-01 19:18:43,387: +PARAM [/mavros/mount/negate_measured_pitch] by /roslaunch
[rosmaster.master][INFO] 2026-06-01 19:18:43,387: +PARAM [/mavros/mount/negate_measured_yaw] by /roslaunch
[rosmaster.master][INFO] 2026-06-01 19:18:43,387: +PARAM [/mavros/odometry/frame_tf/desired_frame] by /roslaunch
[rosmaster.master][INFO] 2026-06-01 19:18:43,387: +PARAM [/mavros/odometry/estimator_type] by /roslaunch
[rosmaster.master][INFO] 2026-06-01 19:18:43,387: +PARAM [/mavros/px4flow/frame_id] by /roslaunch
[rosmaster.master][INFO] 2026-06-01 19:18:43,387: +PARAM [/mavros/px4flow/ranger_fov] by /roslaunch
[rosmaster.master][INFO] 2026-06-01 19:18:43,387: +PARAM [/mavros/px4flow/ranger_min_range] by /roslaunch
[rosmaster.master][INFO] 2026-06-01 19:18:43,387: +PARAM [/mavros/px4flow/ranger_max_range] by /roslaunch
[rosmaster.master][INFO] 2026-06-01 19:18:43,388: +PARAM [/mavros/vision_pose/tf/listen] by /roslaunch
[rosmaster.master][INFO] 2026-06-01 19:18:43,388: +PARAM [/mavros/vision_pose/tf/frame_id] by /roslaunch
[rosmaster.master][INFO] 2026-06-01 19:18:43,388: +PARAM [/mavros/vision_pose/tf/child_frame_id] by /roslaunch
[rosmaster.master][INFO] 2026-06-01 19:18:43,388: +PARAM [/mavros/vision_pose/tf/rate_limit] by /roslaunch
[rosmaster.master][INFO] 2026-06-01 19:18:43,388: +PARAM [/mavros/vision_speed/listen_twist] by /roslaunch
[rosmaster.master][INFO] 2026-06-01 19:18:43,388: +PARAM [/mavros/vision_speed/twist_cov] by /roslaunch
[rosmaster.master][INFO] 2026-06-01 19:18:43,388: +PARAM [/mavros/vibration/frame_id] by /roslaunch
[rosmaster.master][INFO] 2026-06-01 19:18:43,388: +PARAM [/mavros/wheel_odometry/count] by /roslaunch
[rosmaster.master][INFO] 2026-06-01 19:18:43,388: +PARAM [/mavros/wheel_odometry/use_rpm] by /roslaunch
[rosmaster.master][INFO] 2026-06-01 19:18:43,388: +PARAM [/mavros/wheel_odometry/wheel0/x] by /roslaunch
[rosmaster.master][INFO] 2026-06-01 19:18:43,388: +PARAM [/mavros/wheel_odometry/wheel0/y] by /roslaunch
[rosmaster.master][INFO] 2026-06-01 19:18:43,388: +PARAM [/mavros/wheel_odometry/wheel0/radius] by /roslaunch
[rosmaster.master][INFO] 2026-06-01 19:18:43,388: +PARAM [/mavros/wheel_odometry/wheel1/x] by /roslaunch
[rosmaster.master][INFO] 2026-06-01 19:18:43,388: +PARAM [/mavros/wheel_odometry/wheel1/y] by /roslaunch
[rosmaster.master][INFO] 2026-06-01 19:18:43,388: +PARAM [/mavros/wheel_odometry/wheel1/radius] by /roslaunch
[rosmaster.master][INFO] 2026-06-01 19:18:43,388: +PARAM [/mavros/wheel_odometry/send_raw] by /roslaunch
[rosmaster.master][INFO] 2026-06-01 19:18:43,388: +PARAM [/mavros/wheel_odometry/send_twist] by /roslaunch
[rosmaster.master][INFO] 2026-06-01 19:18:43,388: +PARAM [/mavros/wheel_odometry/frame_id] by /roslaunch
[rosmaster.master][INFO] 2026-06-01 19:18:43,388: +PARAM [/mavros/wheel_odometry/child_frame_id] by /roslaunch
[rosmaster.master][INFO] 2026-06-01 19:18:43,388: +PARAM [/mavros/wheel_odometry/vel_error] by /roslaunch
[rosmaster.master][INFO] 2026-06-01 19:18:43,388: +PARAM [/mavros/wheel_odometry/tf/send] by /roslaunch
[rosmaster.master][INFO] 2026-06-01 19:18:43,388: +PARAM [/mavros/wheel_odometry/tf/frame_id] by /roslaunch
[rosmaster.master][INFO] 2026-06-01 19:18:43,388: +PARAM [/mavros/wheel_odometry/tf/child_frame_id] by /roslaunch
[rosmaster.master][INFO] 2026-06-01 19:18:43,388: +PARAM [/mavros/fcu_url] by /roslaunch
[rosmaster.master][INFO] 2026-06-01 19:18:43,388: +PARAM [/mavros/gcs_url] by /roslaunch
[rosmaster.master][INFO] 2026-06-01 19:18:43,388: +PARAM [/mavros/target_system_id] by /roslaunch
[rosmaster.master][INFO] 2026-06-01 19:18:43,388: +PARAM [/mavros/target_component_id] by /roslaunch
[rosmaster.master][INFO] 2026-06-01 19:18:43,388: +PARAM [/mavros/fcu_protocol] by /roslaunch
[rosmaster.master][INFO] 2026-06-01 19:18:43,463: +PUB [/rosout] /mavros http://localhost:40827/
[rosmaster.master][INFO] 2026-06-01 19:18:43,463: +SERVICE [/mavros/get_loggers] /mavros http://localhost:40827/
[rosmaster.master][INFO] 2026-06-01 19:18:43,463: +SERVICE [/mavros/set_logger_level] /mavros http://localhost:40827/
[rosmaster.master][INFO] 2026-06-01 19:18:43,464: +PUB [/diagnostics] /mavros http://localhost:40827/
[rosmaster.master][INFO] 2026-06-01 19:18:43,464: +CACHEDPARAM [/mavros/diagnostic_period] by /mavros
[rosmaster.master][INFO] 2026-06-01 19:18:43,473: +SUB [/tf] /mavros http://localhost:40827/
[rosmaster.master][INFO] 2026-06-01 19:18:43,474: +SUB [/tf_static] /mavros http://localhost:40827/
[rosmaster.master][INFO] 2026-06-01 19:18:43,474: +PUB [/tf] /mavros http://localhost:40827/
[rosmaster.master][INFO] 2026-06-01 19:18:43,474: +PUB [/tf_static] /mavros http://localhost:40827/
[rosmaster.master][INFO] 2026-06-01 19:18:43,502: publisherUpdate[/rosout] -> http://localhost:39611/ ['http://localhost:40827/']
[rosmaster.master][INFO] 2026-06-01 19:18:43,505: publisherUpdate[/rosout] -> http://localhost:39611/ ['http://localhost:40827/']: sec=0.00, result=[1, '', 0]
[rosmaster.master][INFO] 2026-06-01 19:18:43,505: publisherUpdate[/tf] -> http://localhost:40827/ ['http://localhost:40827/']
[rosmaster.master][INFO] 2026-06-01 19:18:43,506: publisherUpdate[/tf] -> http://localhost:40827/ ['http://localhost:40827/']: sec=0.00, result=[1, '', 0]
[rosmaster.master][INFO] 2026-06-01 19:18:43,506: publisherUpdate[/tf_static] -> http://localhost:40827/ ['http://localhost:40827/']
[rosmaster.master][INFO] 2026-06-01 19:18:43,506: publisherUpdate[/tf_static] -> http://localhost:40827/ ['http://localhost:40827/']: sec=0.00, result=[1, '', 0]
[rosmaster.master][INFO] 2026-06-01 19:18:43,531: +CACHEDPARAM [/rosout_disable_topics_generation] by /mavros
[rosmaster.master][INFO] 2026-06-01 19:18:43,534: +PUB [/mavlink/from] /mavros http://localhost:40827/
[rosmaster.master][INFO] 2026-06-01 19:18:43,535: +SUB [/mavlink/to] /mavros http://localhost:40827/
[rosmaster.master][INFO] 2026-06-01 19:18:43,577: +PUB [/mavros/radio_status] /mavros http://localhost:40827/
[rosmaster.master][INFO] 2026-06-01 19:18:43,605: +PUB [/mavros/adsb/vehicle] /mavros http://localhost:40827/
[rosmaster.master][INFO] 2026-06-01 19:18:43,607: +SUB [/mavros/adsb/send] /mavros http://localhost:40827/
[rosmaster.master][INFO] 2026-06-01 19:18:43,607: +PUB [/mavros/cam_imu_sync/cam_imu_stamp] /mavros http://localhost:40827/
[rosmaster.master][INFO] 2026-06-01 19:18:43,608: +PUB [/mavros/camera/image_captured] /mavros http://localhost:40827/
[rosmaster.master][INFO] 2026-06-01 19:18:43,609: +SUB [/mavros/cellular_status/status] /mavros http://localhost:40827/
[rosmaster.master][INFO] 2026-06-01 19:18:43,610: +SERVICE [/mavros/cmd/command] /mavros http://localhost:40827/
[rosmaster.master][INFO] 2026-06-01 19:18:43,611: +SERVICE [/mavros/cmd/command_ack] /mavros http://localhost:40827/
[rosmaster.master][INFO] 2026-06-01 19:18:43,611: +SERVICE [/mavros/cmd/command_int] /mavros http://localhost:40827/
[rosmaster.master][INFO] 2026-06-01 19:18:43,611: +SERVICE [/mavros/cmd/arming] /mavros http://localhost:40827/
[rosmaster.master][INFO] 2026-06-01 19:18:43,612: +SERVICE [/mavros/cmd/set_home] /mavros http://localhost:40827/
[rosmaster.master][INFO] 2026-06-01 19:18:43,612: +SERVICE [/mavros/cmd/takeoff] /mavros http://localhost:40827/
[rosmaster.master][INFO] 2026-06-01 19:18:43,612: +SERVICE [/mavros/cmd/land] /mavros http://localhost:40827/
[rosmaster.master][INFO] 2026-06-01 19:18:43,613: +SERVICE [/mavros/cmd/trigger_control] /mavros http://localhost:40827/
[rosmaster.master][INFO] 2026-06-01 19:18:43,613: +SERVICE [/mavros/cmd/trigger_interval] /mavros http://localhost:40827/
[rosmaster.master][INFO] 2026-06-01 19:18:43,613: +SERVICE [/mavros/cmd/vtol_transition] /mavros http://localhost:40827/
[rosmaster.master][INFO] 2026-06-01 19:18:43,614: +SUB [/mavros/companion_process/status] /mavros http://localhost:40827/
[rosmaster.master][INFO] 2026-06-01 19:18:43,616: +PUB [/mavros/distance_sensor/rangefinder_pub] /mavros http://localhost:40827/
[rosmaster.master][INFO] 2026-06-01 19:18:43,619: +SUB [/mavros/distance_sensor/rangefinder_sub] /mavros http://localhost:40827/
[rosmaster.master][INFO] 2026-06-01 19:18:43,619: +PUB [/mavros/esc_info] /mavros http://localhost:40827/
[rosmaster.master][INFO] 2026-06-01 19:18:43,619: +PUB [/mavros/esc_status] /mavros http://localhost:40827/
[rosmaster.master][INFO] 2026-06-01 19:18:43,620: +PUB [/mavros/esc_telemetry] /mavros http://localhost:40827/
[rosmaster.master][INFO] 2026-06-01 19:18:43,628: +SUB [/mavros/fake_gps/mocap/pose] /mavros http://localhost:40827/
[rosmaster.master][INFO] 2026-06-01 19:18:43,630: +PUB [/mavros/geofence/waypoints] /mavros http://localhost:40827/
[rosmaster.master][INFO] 2026-06-01 19:18:43,630: +SERVICE [/mavros/geofence/pull] /mavros http://localhost:40827/
[rosmaster.master][INFO] 2026-06-01 19:18:43,630: +SERVICE [/mavros/geofence/push] /mavros http://localhost:40827/
[rosmaster.master][INFO] 2026-06-01 19:18:43,631: +SERVICE [/mavros/geofence/clear] /mavros http://localhost:40827/
[rosmaster.master][INFO] 2026-06-01 19:18:43,634: +PUB [/mavros/global_position/raw/fix] /mavros http://localhost:40827/
[rosmaster.master][INFO] 2026-06-01 19:18:43,634: +PUB [/mavros/global_position/raw/gps_vel] /mavros http://localhost:40827/
[rosmaster.master][INFO] 2026-06-01 19:18:43,634: +PUB [/mavros/global_position/raw/satellites] /mavros http://localhost:40827/
[rosmaster.master][INFO] 2026-06-01 19:18:43,635: +PUB [/mavros/global_position/global] /mavros http://localhost:40827/
[rosmaster.master][INFO] 2026-06-01 19:18:43,635: +PUB [/mavros/global_position/local] /mavros http://localhost:40827/
[rosmaster.master][INFO] 2026-06-01 19:18:43,635: +PUB [/mavros/global_position/rel_alt] /mavros http://localhost:40827/
[rosmaster.master][INFO] 2026-06-01 19:18:43,635: +PUB [/mavros/global_position/compass_hdg] /mavros http://localhost:40827/
[rosmaster.master][INFO] 2026-06-01 19:18:43,636: +PUB [/mavros/global_position/gp_origin] /mavros http://localhost:40827/
[rosmaster.master][INFO] 2026-06-01 19:18:43,637: +SUB [/mavros/global_position/set_gp_origin] /mavros http://localhost:40827/
[rosmaster.master][INFO] 2026-06-01 19:18:43,638: +SUB [/mavros/home_position/home] /mavros http://localhost:40827/
[rosmaster.master][INFO] 2026-06-01 19:18:43,638: +PUB [/mavros/global_position/gp_lp_offset] /mavros http://localhost:40827/
[rosmaster.master][INFO] 2026-06-01 19:18:43,640: +SUB [/mavros/gps_input/gps_input] /mavros http://localhost:40827/
[rosmaster.master][INFO] 2026-06-01 19:18:43,641: +SUB [/mavros/gps_rtk/send_rtcm] /mavros http://localhost:40827/
[rosmaster.master][INFO] 2026-06-01 19:18:43,641: +PUB [/mavros/gps_rtk/rtk_baseline] /mavros http://localhost:40827/
[rosmaster.master][INFO] 2026-06-01 19:18:43,642: +PUB [/mavros/gpsstatus/gps1/raw] /mavros http://localhost:40827/
[rosmaster.master][INFO] 2026-06-01 19:18:43,642: +PUB [/mavros/gpsstatus/gps2/raw] /mavros http://localhost:40827/
[rosmaster.master][INFO] 2026-06-01 19:18:43,642: +PUB [/mavros/gpsstatus/gps1/rtk] /mavros http://localhost:40827/
[rosmaster.master][INFO] 2026-06-01 19:18:43,643: +PUB [/mavros/gpsstatus/gps2/rtk] /mavros http://localhost:40827/
[rosmaster.master][INFO] 2026-06-01 19:18:43,644: +PUB [/move_base_simple/goal] /mavros http://localhost:40827/
[rosmaster.master][INFO] 2026-06-01 19:18:43,645: +SUB [/mavros/global_position/gp_origin] /mavros http://localhost:40827/
[rosmaster.master][INFO] 2026-06-01 19:18:43,646: +PUB [/mavros/home_position/home] /mavros http://localhost:40827/
[rosmaster.master][INFO] 2026-06-01 19:18:43,647: +SUB [/mavros/home_position/set] /mavros http://localhost:40827/
[rosmaster.master][INFO] 2026-06-01 19:18:43,648: +SERVICE [/mavros/home_position/req_update] /mavros http://localhost:40827/
[rosmaster.master][INFO] 2026-06-01 19:18:43,650: +PUB [/mavros/imu/data] /mavros http://localhost:40827/
[rosmaster.master][INFO] 2026-06-01 19:18:43,650: +PUB [/mavros/imu/mag] /mavros http://localhost:40827/
[rosmaster.master][INFO] 2026-06-01 19:18:43,651: +PUB [/mavros/imu/temperature_imu] /mavros http://localhost:40827/
[rosmaster.master][INFO] 2026-06-01 19:18:43,651: +PUB [/mavros/imu/temperature_baro] /mavros http://localhost:40827/
[rosmaster.master][INFO] 2026-06-01 19:18:43,651: +PUB [/mavros/imu/static_pressure] /mavros http://localhost:40827/
[rosmaster.master][INFO] 2026-06-01 19:18:43,652: +PUB [/mavros/imu/diff_pressure] /mavros http://localhost:40827/
[rosmaster.master][INFO] 2026-06-01 19:18:43,652: +PUB [/mavros/imu/data_raw] /mavros http://localhost:40827/
[rosmaster.master][INFO] 2026-06-01 19:18:43,656: +PUB [/mavros/landing_target/pose_in] /mavros http://localhost:40827/
[rosmaster.master][INFO] 2026-06-01 19:18:43,657: +PUB [/mavros/landing_target/lt_marker] /mavros http://localhost:40827/
[rosmaster.master][INFO] 2026-06-01 19:18:43,658: +SUB [/mavros/landing_target/pose] /mavros http://localhost:40827/
[rosmaster.master][INFO] 2026-06-01 19:18:43,659: +PUB [/mavros/local_position/pose] /mavros http://localhost:40827/
[rosmaster.master][INFO] 2026-06-01 19:18:43,659: +PUB [/mavros/local_position/pose_cov] /mavros http://localhost:40827/
[rosmaster.master][INFO] 2026-06-01 19:18:43,660: +PUB [/mavros/local_position/velocity_local] /mavros http://localhost:40827/
[rosmaster.master][INFO] 2026-06-01 19:18:43,660: +PUB [/mavros/local_position/velocity_body] /mavros http://localhost:40827/
[rosmaster.master][INFO] 2026-06-01 19:18:43,660: +PUB [/mavros/local_position/velocity_body_cov] /mavros http://localhost:40827/
[rosmaster.master][INFO] 2026-06-01 19:18:43,660: +PUB [/mavros/local_position/accel] /mavros http://localhost:40827/
[rosmaster.master][INFO] 2026-06-01 19:18:43,660: +PUB [/mavros/local_position/odom] /mavros http://localhost:40827/
[rosmaster.master][INFO] 2026-06-01 19:18:43,661: +PUB [/mavros/log_transfer/raw/log_entry] /mavros http://localhost:40827/
[rosmaster.master][INFO] 2026-06-01 19:18:43,661: +PUB [/mavros/log_transfer/raw/log_data] /mavros http://localhost:40827/
[rosmaster.master][INFO] 2026-06-01 19:18:43,661: +SERVICE [/mavros/log_transfer/raw/log_request_list] /mavros http://localhost:40827/
[rosmaster.master][INFO] 2026-06-01 19:18:43,662: +SERVICE [/mavros/log_transfer/raw/log_request_data] /mavros http://localhost:40827/
[rosmaster.master][INFO] 2026-06-01 19:18:43,662: +SERVICE [/mavros/log_transfer/raw/log_request_end] /mavros http://localhost:40827/
[rosmaster.master][INFO] 2026-06-01 19:18:43,662: +SERVICE [/mavros/log_transfer/raw/log_request_erase] /mavros http://localhost:40827/
[rosmaster.master][INFO] 2026-06-01 19:18:43,663: +PUB [/mavros/mag_calibration/status] /mavros http://localhost:40827/
[rosmaster.master][INFO] 2026-06-01 19:18:43,663: +PUB [/mavros/mag_calibration/report] /mavros http://localhost:40827/
[rosmaster.master][INFO] 2026-06-01 19:18:43,664: +PUB [/mavros/manual_control/control] /mavros http://localhost:40827/
[rosmaster.master][INFO] 2026-06-01 19:18:43,665: +SUB [/mavros/manual_control/send] /mavros http://localhost:40827/
[rosmaster.master][INFO] 2026-06-01 19:18:43,666: +SUB [/mavros/mocap/pose] /mavros http://localhost:40827/
[rosmaster.master][INFO] 2026-06-01 19:18:43,668: +SUB [/mavros/mount_control/command] /mavros http://localhost:40827/
[rosmaster.master][INFO] 2026-06-01 19:18:43,668: +PUB [/mavros/mount_control/orientation] /mavros http://localhost:40827/
[rosmaster.master][INFO] 2026-06-01 19:18:43,668: +PUB [/mavros/mount_control/status] /mavros http://localhost:40827/
[rosmaster.master][INFO] 2026-06-01 19:18:43,668: +SERVICE [/mavros/mount_control/configure] /mavros http://localhost:40827/
[rosmaster.master][INFO] 2026-06-01 19:18:43,671: +PUB [/mavros/nav_controller_output] /mavros http://localhost:40827/
[rosmaster.master][INFO] 2026-06-01 19:18:43,673: +SUB [/mavros/obstacle/send] /mavros http://localhost:40827/
[rosmaster.master][INFO] 2026-06-01 19:18:43,673: +PUB [/mavros/odometry/in] /mavros http://localhost:40827/
[rosmaster.master][INFO] 2026-06-01 19:18:43,674: +SUB [/mavros/odometry/out] /mavros http://localhost:40827/
[rosmaster.master][INFO] 2026-06-01 19:18:43,675: +SUB [/mavros/onboard_computer/status] /mavros http://localhost:40827/
[rosmaster.master][INFO] 2026-06-01 19:18:43,676: +SERVICE [/mavros/param/pull] /mavros http://localhost:40827/
[rosmaster.master][INFO] 2026-06-01 19:18:43,677: +SERVICE [/mavros/param/push] /mavros http://localhost:40827/
[rosmaster.master][INFO] 2026-06-01 19:18:43,677: +SERVICE [/mavros/param/set] /mavros http://localhost:40827/
[rosmaster.master][INFO] 2026-06-01 19:18:43,677: +SERVICE [/mavros/param/get] /mavros http://localhost:40827/
[rosmaster.master][INFO] 2026-06-01 19:18:43,678: +PUB [/mavros/param/param_value] /mavros http://localhost:40827/
[rosmaster.master][INFO] 2026-06-01 19:18:43,679: +SUB [/mavros/play_tune] /mavros http://localhost:40827/
[rosmaster.master][INFO] 2026-06-01 19:18:43,680: +PUB [/mavros/rallypoint/waypoints] /mavros http://localhost:40827/
[rosmaster.master][INFO] 2026-06-01 19:18:43,680: +SERVICE [/mavros/rallypoint/pull] /mavros http://localhost:40827/
[rosmaster.master][INFO] 2026-06-01 19:18:43,681: +SERVICE [/mavros/rallypoint/push] /mavros http://localhost:40827/
[rosmaster.master][INFO] 2026-06-01 19:18:43,681: +SERVICE [/mavros/rallypoint/clear] /mavros http://localhost:40827/
[rosmaster.master][INFO] 2026-06-01 19:18:43,681: +PUB [/mavros/rangefinder/rangefinder] /mavros http://localhost:40827/
[rosmaster.master][INFO] 2026-06-01 19:18:43,682: +PUB [/mavros/rc/in] /mavros http://localhost:40827/
[rosmaster.master][INFO] 2026-06-01 19:18:43,683: +PUB [/mavros/rc/out] /mavros http://localhost:40827/
[rosmaster.master][INFO] 2026-06-01 19:18:43,684: +SUB [/mavros/rc/override] /mavros http://localhost:40827/
[rosmaster.master][INFO] 2026-06-01 19:18:43,685: +SUB [/mavros/setpoint_accel/accel] /mavros http://localhost:40827/
[rosmaster.master][INFO] 2026-06-01 19:18:43,688: +SUB [/mavros/setpoint_attitude/thrust] /mavros http://localhost:40827/
[rosmaster.master][INFO] 2026-06-01 19:18:43,690: +SUB [/mavros/setpoint_attitude/cmd_vel] /mavros http://localhost:40827/
[rosmaster.master][INFO] 2026-06-01 19:18:43,698: +SUB [/mavros/setpoint_position/local] /mavros http://localhost:40827/
[rosmaster.master][INFO] 2026-06-01 19:18:43,699: +SUB [/mavros/setpoint_position/global] /mavros http://localhost:40827/
[rosmaster.master][INFO] 2026-06-01 19:18:43,700: +SUB [/mavros/setpoint_position/global_to_local] /mavros http://localhost:40827/
[rosmaster.master][INFO] 2026-06-01 19:18:43,701: +SUB [/mavros/global_position/global] /mavros http://localhost:40827/
[rosmaster.master][INFO] 2026-06-01 19:18:43,702: +SUB [/mavros/local_position/pose] /mavros http://localhost:40827/
[rosmaster.master][INFO] 2026-06-01 19:18:43,702: +SERVICE [/mavros/setpoint_position/mav_frame] /mavros http://localhost:40827/
[rosmaster.master][INFO] 2026-06-01 19:18:43,704: +SUB [/mavros/setpoint_raw/local] /mavros http://localhost:40827/
[rosmaster.master][INFO] 2026-06-01 19:18:43,705: +SUB [/mavros/setpoint_raw/global] /mavros http://localhost:40827/
[rosmaster.master][INFO] 2026-06-01 19:18:43,706: +SUB [/mavros/setpoint_raw/attitude] /mavros http://localhost:40827/
[rosmaster.master][INFO] 2026-06-01 19:18:43,706: +PUB [/mavros/setpoint_raw/target_local] /mavros http://localhost:40827/
[rosmaster.master][INFO] 2026-06-01 19:18:43,706: publisherUpdate[/mavros/home_position/home] -> http://localhost:40827/ ['http://localhost:40827/']
[rosmaster.master][INFO] 2026-06-01 19:18:43,706: +PUB [/mavros/setpoint_raw/target_global] /mavros http://localhost:40827/
[rosmaster.master][INFO] 2026-06-01 19:18:43,707: +PUB [/mavros/setpoint_raw/target_attitude] /mavros http://localhost:40827/
[rosmaster.master][INFO] 2026-06-01 19:18:43,707: publisherUpdate[/mavros/home_position/home] -> http://localhost:40827/ ['http://localhost:40827/']: sec=0.00, result=[1, '', 0]
[rosmaster.master][INFO] 2026-06-01 19:18:43,708: +CACHEDPARAM [/rosout/omit_topics] by /rosout
[rosmaster.master][INFO] 2026-06-01 19:18:43,709: +SUB [/mavros/setpoint_trajectory/local] /mavros http://localhost:40827/
[rosmaster.master][INFO] 2026-06-01 19:18:43,709: +PUB [/mavros/setpoint_trajectory/desired] /mavros http://localhost:40827/
[rosmaster.master][INFO] 2026-06-01 19:18:43,709: +SERVICE [/mavros/setpoint_trajectory/reset] /mavros http://localhost:40827/
[rosmaster.master][INFO] 2026-06-01 19:18:43,710: +SERVICE [/mavros/setpoint_trajectory/mav_frame] /mavros http://localhost:40827/
[rosmaster.master][INFO] 2026-06-01 19:18:43,711: +SUB [/mavros/setpoint_velocity/cmd_vel] /mavros http://localhost:40827/
[rosmaster.master][INFO] 2026-06-01 19:18:43,713: +SUB [/mavros/setpoint_velocity/cmd_vel_unstamped] /mavros http://localhost:40827/
[rosmaster.master][INFO] 2026-06-01 19:18:43,713: +SERVICE [/mavros/setpoint_velocity/mav_frame] /mavros http://localhost:40827/
[rosmaster.master][INFO] 2026-06-01 19:18:43,716: +PUB [/mavros/state] /mavros http://localhost:40827/
[rosmaster.master][INFO] 2026-06-01 19:18:43,716: +PUB [/mavros/extended_state] /mavros http://localhost:40827/
[rosmaster.master][INFO] 2026-06-01 19:18:43,716: +PUB [/mavros/battery] /mavros http://localhost:40827/
[rosmaster.master][INFO] 2026-06-01 19:18:43,716: +PUB [/mavros/estimator_status] /mavros http://localhost:40827/
[rosmaster.master][INFO] 2026-06-01 19:18:43,717: +PUB [/mavros/statustext/recv] /mavros http://localhost:40827/
[rosmaster.master][INFO] 2026-06-01 19:18:43,717: +PUB [/mavros/sys_status] /mavros http://localhost:40827/
[rosmaster.master][INFO] 2026-06-01 19:18:43,718: +SUB [/mavros/statustext/send] /mavros http://localhost:40827/
[rosmaster.master][INFO] 2026-06-01 19:18:43,718: +SERVICE [/mavros/set_stream_rate] /mavros http://localhost:40827/
[rosmaster.master][INFO] 2026-06-01 19:18:43,718: +SERVICE [/mavros/set_mode] /mavros http://localhost:40827/
[rosmaster.master][INFO] 2026-06-01 19:18:43,719: +SERVICE [/mavros/vehicle_info_get] /mavros http://localhost:40827/
[rosmaster.master][INFO] 2026-06-01 19:18:43,719: +SERVICE [/mavros/set_message_interval] /mavros http://localhost:40827/
[rosmaster.master][INFO] 2026-06-01 19:18:43,722: +PUB [/mavros/time_reference] /mavros http://localhost:40827/
[rosmaster.master][INFO] 2026-06-01 19:18:43,722: +PUB [/mavros/timesync_status] /mavros http://localhost:40827/
[rosmaster.master][INFO] 2026-06-01 19:18:43,723: +PUB [/mavros/terrain/report] /mavros http://localhost:40827/
[rosmaster.master][INFO] 2026-06-01 19:18:43,724: +SUB [/mavros/trajectory/generated] /mavros http://localhost:40827/
[rosmaster.master][INFO] 2026-06-01 19:18:43,725: +SUB [/mavros/trajectory/path] /mavros http://localhost:40827/
[rosmaster.master][INFO] 2026-06-01 19:18:43,726: +PUB [/mavros/trajectory/desired] /mavros http://localhost:40827/
[rosmaster.master][INFO] 2026-06-01 19:18:43,727: +SUB [/mavros/tunnel/in] /mavros http://localhost:40827/
[rosmaster.master][INFO] 2026-06-01 19:18:43,727: +PUB [/mavros/tunnel/out] /mavros http://localhost:40827/
[rosmaster.master][INFO] 2026-06-01 19:18:43,728: +PUB [/mavros/vfr_hud] /mavros http://localhost:40827/
[rosmaster.master][INFO] 2026-06-01 19:18:43,730: +SUB [/mavros/vision_pose/pose] /mavros http://localhost:40827/
[rosmaster.master][INFO] 2026-06-01 19:18:43,731: +SUB [/mavros/vision_pose/pose_cov] /mavros http://localhost:40827/
[rosmaster.master][INFO] 2026-06-01 19:18:43,733: +PUB [/mavros/mission/waypoints] /mavros http://localhost:40827/
[rosmaster.master][INFO] 2026-06-01 19:18:43,733: +SERVICE [/mavros/mission/pull] /mavros http://localhost:40827/
[rosmaster.master][INFO] 2026-06-01 19:18:43,733: +SERVICE [/mavros/mission/push] /mavros http://localhost:40827/
[rosmaster.master][INFO] 2026-06-01 19:18:43,733: +SERVICE [/mavros/mission/clear] /mavros http://localhost:40827/
[rosmaster.master][INFO] 2026-06-01 19:18:43,734: +PUB [/mavros/mission/reached] /mavros http://localhost:40827/
[rosmaster.master][INFO] 2026-06-01 19:18:43,734: +SERVICE [/mavros/mission/set_current] /mavros http://localhost:40827/
[rosmaster.master][INFO] 2026-06-01 19:18:43,735: +PUB [/mavros/wind_estimation] /mavros http://localhost:40827/
[rosmaster.master][INFO] 2026-06-01 19:18:44,736: +PUB [/mavlink/gcs_ip] /mavros http://localhost:40827/
[rosmaster.master][INFO] 2026-06-01 19:19:53,928: +PUB [/rosout] /rostopic_2480_1780321793913 http://localhost:45081/
[rosmaster.master][INFO] 2026-06-01 19:19:53,930: +SERVICE [/rostopic_2480_1780321793913/get_loggers] /rostopic_2480_1780321793913 http://localhost:45081/
[rosmaster.master][INFO] 2026-06-01 19:19:53,930: +SERVICE [/rostopic_2480_1780321793913/set_logger_level] /rostopic_2480_1780321793913 http://localhost:45081/
[rosmaster.master][INFO] 2026-06-01 19:19:53,932: publisherUpdate[/rosout] -> http://localhost:39611/ ['http://localhost:40827/', 'http://localhost:45081/']
[rosmaster.master][INFO] 2026-06-01 19:19:53,932: publisherUpdate[/rosout] -> http://localhost:39611/ ['http://localhost:40827/', 'http://localhost:45081/']: sec=0.00, result=[1, '', 0]
[rosmaster.master][INFO] 2026-06-01 19:19:53,981: +SUB [/mavros/state] /rostopic_2480_1780321793913 http://localhost:45081/
[rosmaster.master][INFO] 2026-06-01 19:22:15,120: -SUB [/mavros/state] /rostopic_2480_1780321793913 http://localhost:45081/
[rosmaster.master][INFO] 2026-06-01 19:22:15,120: -PUB [/rosout] /rostopic_2480_1780321793913 http://localhost:45081/
[rosmaster.master][INFO] 2026-06-01 19:22:15,120: -SERVICE [/rostopic_2480_1780321793913/get_loggers] /rostopic_2480_1780321793913 rosrpc://localhost:37639
[rosmaster.master][INFO] 2026-06-01 19:22:15,120: -SERVICE [/rostopic_2480_1780321793913/set_logger_level] /rostopic_2480_1780321793913 rosrpc://localhost:37639
[rosmaster.master][INFO] 2026-06-01 19:22:15,159: publisherUpdate[/rosout] -> http://localhost:39611/ ['http://localhost:40827/']
[rosmaster.master][INFO] 2026-06-01 19:22:15,160: publisherUpdate[/rosout] -> http://localhost:39611/ ['http://localhost:40827/']: sec=0.00, result=[1, '', 0]
[rosmaster.master][INFO] 2026-06-01 19:24:19,271: -PUB [/rosout_agg] /rosout http://localhost:39611/
[rosmaster.master][INFO] 2026-06-01 19:24:19,272: -SUB [/rosout] /rosout http://localhost:39611/
[rosmaster.master][INFO] 2026-06-01 19:24:19,272: -SERVICE [/rosout/get_loggers] /rosout rosrpc://localhost:38515
[rosmaster.master][INFO] 2026-06-01 19:24:19,272: -SERVICE [/rosout/set_logger_level] /rosout rosrpc://localhost:38515
[rosmaster.master][INFO] 2026-06-01 19:24:19,273: -CACHEDPARAM [/rosout/omit_topics] by /rosout
[rosmaster.main][INFO] 2026-06-01 19:24:19,343: keyboard interrupt, will exit
[rosmaster.main][INFO] 2026-06-01 19:24:19,343: stopping master...
[rospy.core][INFO] 2026-06-01 19:24:19,343: signal_shutdown [atexit]
