[rosmaster.main][INFO] 2026-06-24 14:35:21,590: initialization complete, waiting for shutdown
[rosmaster.main][INFO] 2026-06-24 14:35:21,590: Starting ROS Master Node
[xmlrpc][INFO] 2026-06-24 14:35:21,591: XML-RPC server binding to 127.0.0.1:11311
[xmlrpc][INFO] 2026-06-24 14:35:21,591: Started XML-RPC server [http://localhost:11311/]
[xmlrpc][INFO] 2026-06-24 14:35:21,592: xml rpc node: starting XML-RPC server
[rosmaster.master][INFO] 2026-06-24 14:35:21,592: Master initialized: port[11311], uri[http://localhost:11311/]
[rosmaster.master][INFO] 2026-06-24 14:35:21,603: +PARAM [/run_id] by /roslaunch
[rosmaster.master][INFO] 2026-06-24 14:35:21,604: +PARAM [/roslaunch/uris/host_localhost__43509] by /roslaunch
[rosmaster.master][INFO] 2026-06-24 14:35:21,642: +PARAM [/rosversion] by /roslaunch
[rosmaster.master][INFO] 2026-06-24 14:35:21,643: +PARAM [/rosdistro] by /roslaunch
[rosmaster.master][INFO] 2026-06-24 14:35:21,727: +SERVICE [/rosout/get_loggers] /rosout http://localhost:37881/
[rosmaster.master][INFO] 2026-06-24 14:35:21,727: +SERVICE [/rosout/set_logger_level] /rosout http://localhost:37881/
[rosmaster.master][INFO] 2026-06-24 14:35:21,730: +PUB [/rosout_agg] /rosout http://localhost:37881/
[rosmaster.master][INFO] 2026-06-24 14:35:21,734: +SUB [/rosout] /rosout http://localhost:37881/
[rosmaster.master][INFO] 2026-06-24 14:35:35,999: +PARAM [/roslaunch/uris/host_localhost__39507] by /roslaunch
[rosmaster.master][INFO] 2026-06-24 14:35:36,004: +PARAM [/rosversion] by /roslaunch
[rosmaster.master][INFO] 2026-06-24 14:35:36,005: +PARAM [/rosdistro] by /roslaunch
[rosmaster.master][INFO] 2026-06-24 14:35:36,005: +PARAM [/mavros/plugin_blacklist] by /roslaunch
[rosmaster.master][INFO] 2026-06-24 14:35:36,005: +PARAM [/mavros/plugin_whitelist] by /roslaunch
[rosmaster.master][INFO] 2026-06-24 14:35:36,005: +PARAM [/mavros/startup_px4_usb_quirk] by /roslaunch
[rosmaster.master][INFO] 2026-06-24 14:35:36,005: +PARAM [/mavros/conn/heartbeat_rate] by /roslaunch
[rosmaster.master][INFO] 2026-06-24 14:35:36,005: +PARAM [/mavros/conn/heartbeat_mav_type] by /roslaunch
[rosmaster.master][INFO] 2026-06-24 14:35:36,005: +PARAM [/mavros/conn/timeout] by /roslaunch
[rosmaster.master][INFO] 2026-06-24 14:35:36,005: +PARAM [/mavros/conn/timesync_rate] by /roslaunch
[rosmaster.master][INFO] 2026-06-24 14:35:36,005: +PARAM [/mavros/conn/system_time_rate] by /roslaunch
[rosmaster.master][INFO] 2026-06-24 14:35:36,005: +PARAM [/mavros/sys/min_voltage] by /roslaunch
[rosmaster.master][INFO] 2026-06-24 14:35:36,005: +PARAM [/mavros/sys/disable_diag] by /roslaunch
[rosmaster.master][INFO] 2026-06-24 14:35:36,005: +PARAM [/mavros/time/time_ref_source] by /roslaunch
[rosmaster.master][INFO] 2026-06-24 14:35:36,005: +PARAM [/mavros/time/timesync_mode] by /roslaunch
[rosmaster.master][INFO] 2026-06-24 14:35:36,006: +PARAM [/mavros/time/timesync_avg_alpha] by /roslaunch
[rosmaster.master][INFO] 2026-06-24 14:35:36,006: +PARAM [/mavros/tdr_radio/low_rssi] by /roslaunch
[rosmaster.master][INFO] 2026-06-24 14:35:36,006: +PARAM [/mavros/cmd/use_comp_id_system_control] by /roslaunch
[rosmaster.master][INFO] 2026-06-24 14:35:36,006: +PARAM [/mavros/global_position/frame_id] by /roslaunch
[rosmaster.master][INFO] 2026-06-24 14:35:36,006: +PARAM [/mavros/global_position/child_frame_id] by /roslaunch
[rosmaster.master][INFO] 2026-06-24 14:35:36,006: +PARAM [/mavros/global_position/rot_covariance] by /roslaunch
[rosmaster.master][INFO] 2026-06-24 14:35:36,006: +PARAM [/mavros/global_position/gps_uere] by /roslaunch
[rosmaster.master][INFO] 2026-06-24 14:35:36,006: +PARAM [/mavros/global_position/use_relative_alt] by /roslaunch
[rosmaster.master][INFO] 2026-06-24 14:35:36,006: +PARAM [/mavros/global_position/tf/send] by /roslaunch
[rosmaster.master][INFO] 2026-06-24 14:35:36,006: +PARAM [/mavros/global_position/tf/frame_id] by /roslaunch
[rosmaster.master][INFO] 2026-06-24 14:35:36,006: +PARAM [/mavros/global_position/tf/global_frame_id] by /roslaunch
[rosmaster.master][INFO] 2026-06-24 14:35:36,006: +PARAM [/mavros/global_position/tf/child_frame_id] by /roslaunch
[rosmaster.master][INFO] 2026-06-24 14:35:36,007: +PARAM [/mavros/imu/frame_id] by /roslaunch
[rosmaster.master][INFO] 2026-06-24 14:35:36,007: +PARAM [/mavros/imu/linear_acceleration_stdev] by /roslaunch
[rosmaster.master][INFO] 2026-06-24 14:35:36,007: +PARAM [/mavros/imu/angular_velocity_stdev] by /roslaunch
[rosmaster.master][INFO] 2026-06-24 14:35:36,007: +PARAM [/mavros/imu/orientation_stdev] by /roslaunch
[rosmaster.master][INFO] 2026-06-24 14:35:36,007: +PARAM [/mavros/imu/magnetic_stdev] by /roslaunch
[rosmaster.master][INFO] 2026-06-24 14:35:36,007: +PARAM [/mavros/local_position/frame_id] by /roslaunch
[rosmaster.master][INFO] 2026-06-24 14:35:36,007: +PARAM [/mavros/local_position/tf/send] by /roslaunch
[rosmaster.master][INFO] 2026-06-24 14:35:36,007: +PARAM [/mavros/local_position/tf/frame_id] by /roslaunch
[rosmaster.master][INFO] 2026-06-24 14:35:36,007: +PARAM [/mavros/local_position/tf/child_frame_id] by /roslaunch
[rosmaster.master][INFO] 2026-06-24 14:35:36,007: +PARAM [/mavros/local_position/tf/send_fcu] by /roslaunch
[rosmaster.master][INFO] 2026-06-24 14:35:36,007: +PARAM [/mavros/safety_area/p1/x] by /roslaunch
[rosmaster.master][INFO] 2026-06-24 14:35:36,007: +PARAM [/mavros/safety_area/p1/y] by /roslaunch
[rosmaster.master][INFO] 2026-06-24 14:35:36,007: +PARAM [/mavros/safety_area/p1/z] by /roslaunch
[rosmaster.master][INFO] 2026-06-24 14:35:36,007: +PARAM [/mavros/safety_area/p2/x] by /roslaunch
[rosmaster.master][INFO] 2026-06-24 14:35:36,007: +PARAM [/mavros/safety_area/p2/y] by /roslaunch
[rosmaster.master][INFO] 2026-06-24 14:35:36,007: +PARAM [/mavros/safety_area/p2/z] by /roslaunch
[rosmaster.master][INFO] 2026-06-24 14:35:36,007: +PARAM [/mavros/setpoint_accel/send_force] by /roslaunch
[rosmaster.master][INFO] 2026-06-24 14:35:36,007: +PARAM [/mavros/setpoint_attitude/reverse_thrust] by /roslaunch
[rosmaster.master][INFO] 2026-06-24 14:35:36,007: +PARAM [/mavros/setpoint_attitude/use_quaternion] by /roslaunch
[rosmaster.master][INFO] 2026-06-24 14:35:36,007: +PARAM [/mavros/setpoint_attitude/tf/listen] by /roslaunch
[rosmaster.master][INFO] 2026-06-24 14:35:36,007: +PARAM [/mavros/setpoint_attitude/tf/frame_id] by /roslaunch
[rosmaster.master][INFO] 2026-06-24 14:35:36,007: +PARAM [/mavros/setpoint_attitude/tf/child_frame_id] by /roslaunch
[rosmaster.master][INFO] 2026-06-24 14:35:36,007: +PARAM [/mavros/setpoint_attitude/tf/rate_limit] by /roslaunch
[rosmaster.master][INFO] 2026-06-24 14:35:36,007: +PARAM [/mavros/setpoint_raw/thrust_scaling] by /roslaunch
[rosmaster.master][INFO] 2026-06-24 14:35:36,007: +PARAM [/mavros/setpoint_position/tf/listen] by /roslaunch
[rosmaster.master][INFO] 2026-06-24 14:35:36,007: +PARAM [/mavros/setpoint_position/tf/frame_id] by /roslaunch
[rosmaster.master][INFO] 2026-06-24 14:35:36,007: +PARAM [/mavros/setpoint_position/tf/child_frame_id] by /roslaunch
[rosmaster.master][INFO] 2026-06-24 14:35:36,007: +PARAM [/mavros/setpoint_position/tf/rate_limit] by /roslaunch
[rosmaster.master][INFO] 2026-06-24 14:35:36,007: +PARAM [/mavros/setpoint_position/mav_frame] by /roslaunch
[rosmaster.master][INFO] 2026-06-24 14:35:36,007: +PARAM [/mavros/guided_target/tf/listen] by /roslaunch
[rosmaster.master][INFO] 2026-06-24 14:35:36,007: +PARAM [/mavros/guided_target/tf/frame_id] by /roslaunch
[rosmaster.master][INFO] 2026-06-24 14:35:36,007: +PARAM [/mavros/guided_target/tf/child_frame_id] by /roslaunch
[rosmaster.master][INFO] 2026-06-24 14:35:36,007: +PARAM [/mavros/guided_target/tf/rate_limit] by /roslaunch
[rosmaster.master][INFO] 2026-06-24 14:35:36,007: +PARAM [/mavros/setpoint_velocity/mav_frame] by /roslaunch
[rosmaster.master][INFO] 2026-06-24 14:35:36,008: +PARAM [/mavros/mission/pull_after_gcs] by /roslaunch
[rosmaster.master][INFO] 2026-06-24 14:35:36,008: +PARAM [/mavros/mission/use_mission_item_int] by /roslaunch
[rosmaster.master][INFO] 2026-06-24 14:35:36,008: +PARAM [/mavros/distance_sensor/rangefinder_pub/id] by /roslaunch
[rosmaster.master][INFO] 2026-06-24 14:35:36,008: +PARAM [/mavros/distance_sensor/rangefinder_pub/frame_id] by /roslaunch
[rosmaster.master][INFO] 2026-06-24 14:35:36,008: +PARAM [/mavros/distance_sensor/rangefinder_pub/field_of_view] by /roslaunch
[rosmaster.master][INFO] 2026-06-24 14:35:36,008: +PARAM [/mavros/distance_sensor/rangefinder_pub/send_tf] by /roslaunch
[rosmaster.master][INFO] 2026-06-24 14:35:36,008: +PARAM [/mavros/distance_sensor/rangefinder_pub/sensor_position/x] by /roslaunch
[rosmaster.master][INFO] 2026-06-24 14:35:36,008: +PARAM [/mavros/distance_sensor/rangefinder_pub/sensor_position/y] by /roslaunch
[rosmaster.master][INFO] 2026-06-24 14:35:36,008: +PARAM [/mavros/distance_sensor/rangefinder_pub/sensor_position/z] by /roslaunch
[rosmaster.master][INFO] 2026-06-24 14:35:36,008: +PARAM [/mavros/distance_sensor/rangefinder_sub/subscriber] by /roslaunch
[rosmaster.master][INFO] 2026-06-24 14:35:36,008: +PARAM [/mavros/distance_sensor/rangefinder_sub/id] by /roslaunch
[rosmaster.master][INFO] 2026-06-24 14:35:36,008: +PARAM [/mavros/distance_sensor/rangefinder_sub/orientation] by /roslaunch
[rosmaster.master][INFO] 2026-06-24 14:35:36,008: +PARAM [/mavros/image/frame_id] by /roslaunch
[rosmaster.master][INFO] 2026-06-24 14:35:36,008: +PARAM [/mavros/fake_gps/use_mocap] by /roslaunch
[rosmaster.master][INFO] 2026-06-24 14:35:36,008: +PARAM [/mavros/fake_gps/mocap_transform] by /roslaunch
[rosmaster.master][INFO] 2026-06-24 14:35:36,008: +PARAM [/mavros/fake_gps/mocap_withcovariance] by /roslaunch
[rosmaster.master][INFO] 2026-06-24 14:35:36,008: +PARAM [/mavros/fake_gps/use_vision] by /roslaunch
[rosmaster.master][INFO] 2026-06-24 14:35:36,008: +PARAM [/mavros/fake_gps/use_hil_gps] by /roslaunch
[rosmaster.master][INFO] 2026-06-24 14:35:36,008: +PARAM [/mavros/fake_gps/gps_id] by /roslaunch
[rosmaster.master][INFO] 2026-06-24 14:35:36,008: +PARAM [/mavros/fake_gps/geo_origin/lat] by /roslaunch
[rosmaster.master][INFO] 2026-06-24 14:35:36,008: +PARAM [/mavros/fake_gps/geo_origin/lon] by /roslaunch
[rosmaster.master][INFO] 2026-06-24 14:35:36,008: +PARAM [/mavros/fake_gps/geo_origin/alt] by /roslaunch
[rosmaster.master][INFO] 2026-06-24 14:35:36,008: +PARAM [/mavros/fake_gps/eph] by /roslaunch
[rosmaster.master][INFO] 2026-06-24 14:35:36,008: +PARAM [/mavros/fake_gps/epv] by /roslaunch
[rosmaster.master][INFO] 2026-06-24 14:35:36,008: +PARAM [/mavros/fake_gps/horiz_accuracy] by /roslaunch
[rosmaster.master][INFO] 2026-06-24 14:35:36,008: +PARAM [/mavros/fake_gps/vert_accuracy] by /roslaunch
[rosmaster.master][INFO] 2026-06-24 14:35:36,008: +PARAM [/mavros/fake_gps/speed_accuracy] by /roslaunch
[rosmaster.master][INFO] 2026-06-24 14:35:36,008: +PARAM [/mavros/fake_gps/satellites_visible] by /roslaunch
[rosmaster.master][INFO] 2026-06-24 14:35:36,008: +PARAM [/mavros/fake_gps/fix_type] by /roslaunch
[rosmaster.master][INFO] 2026-06-24 14:35:36,008: +PARAM [/mavros/fake_gps/tf/listen] by /roslaunch
[rosmaster.master][INFO] 2026-06-24 14:35:36,008: +PARAM [/mavros/fake_gps/tf/send] by /roslaunch
[rosmaster.master][INFO] 2026-06-24 14:35:36,008: +PARAM [/mavros/fake_gps/tf/frame_id] by /roslaunch
[rosmaster.master][INFO] 2026-06-24 14:35:36,008: +PARAM [/mavros/fake_gps/tf/child_frame_id] by /roslaunch
[rosmaster.master][INFO] 2026-06-24 14:35:36,008: +PARAM [/mavros/fake_gps/tf/rate_limit] by /roslaunch
[rosmaster.master][INFO] 2026-06-24 14:35:36,009: +PARAM [/mavros/fake_gps/gps_rate] by /roslaunch
[rosmaster.master][INFO] 2026-06-24 14:35:36,009: +PARAM [/mavros/landing_target/listen_lt] by /roslaunch
[rosmaster.master][INFO] 2026-06-24 14:35:36,009: +PARAM [/mavros/landing_target/mav_frame] by /roslaunch
[rosmaster.master][INFO] 2026-06-24 14:35:36,009: +PARAM [/mavros/landing_target/land_target_type] by /roslaunch
[rosmaster.master][INFO] 2026-06-24 14:35:36,009: +PARAM [/mavros/landing_target/image/width] by /roslaunch
[rosmaster.master][INFO] 2026-06-24 14:35:36,009: +PARAM [/mavros/landing_target/image/height] by /roslaunch
[rosmaster.master][INFO] 2026-06-24 14:35:36,009: +PARAM [/mavros/landing_target/camera/fov_x] by /roslaunch
[rosmaster.master][INFO] 2026-06-24 14:35:36,009: +PARAM [/mavros/landing_target/camera/fov_y] by /roslaunch
[rosmaster.master][INFO] 2026-06-24 14:35:36,009: +PARAM [/mavros/landing_target/tf/send] by /roslaunch
[rosmaster.master][INFO] 2026-06-24 14:35:36,009: +PARAM [/mavros/landing_target/tf/listen] by /roslaunch
[rosmaster.master][INFO] 2026-06-24 14:35:36,009: +PARAM [/mavros/landing_target/tf/frame_id] by /roslaunch
[rosmaster.master][INFO] 2026-06-24 14:35:36,009: +PARAM [/mavros/landing_target/tf/child_frame_id] by /roslaunch
[rosmaster.master][INFO] 2026-06-24 14:35:36,009: +PARAM [/mavros/landing_target/tf/rate_limit] by /roslaunch
[rosmaster.master][INFO] 2026-06-24 14:35:36,009: +PARAM [/mavros/landing_target/target_size/x] by /roslaunch
[rosmaster.master][INFO] 2026-06-24 14:35:36,009: +PARAM [/mavros/landing_target/target_size/y] by /roslaunch
[rosmaster.master][INFO] 2026-06-24 14:35:36,009: +PARAM [/mavros/mocap/use_tf] by /roslaunch
[rosmaster.master][INFO] 2026-06-24 14:35:36,009: +PARAM [/mavros/mocap/use_pose] by /roslaunch
[rosmaster.master][INFO] 2026-06-24 14:35:36,009: +PARAM [/mavros/mount/debounce_s] by /roslaunch
[rosmaster.master][INFO] 2026-06-24 14:35:36,009: +PARAM [/mavros/mount/err_threshold_deg] by /roslaunch
[rosmaster.master][INFO] 2026-06-24 14:35:36,009: +PARAM [/mavros/mount/negate_measured_roll] by /roslaunch
[rosmaster.master][INFO] 2026-06-24 14:35:36,009: +PARAM [/mavros/mount/negate_measured_pitch] by /roslaunch
[rosmaster.master][INFO] 2026-06-24 14:35:36,009: +PARAM [/mavros/mount/negate_measured_yaw] by /roslaunch
[rosmaster.master][INFO] 2026-06-24 14:35:36,009: +PARAM [/mavros/odometry/frame_tf/desired_frame] by /roslaunch
[rosmaster.master][INFO] 2026-06-24 14:35:36,009: +PARAM [/mavros/odometry/estimator_type] by /roslaunch
[rosmaster.master][INFO] 2026-06-24 14:35:36,009: +PARAM [/mavros/px4flow/frame_id] by /roslaunch
[rosmaster.master][INFO] 2026-06-24 14:35:36,009: +PARAM [/mavros/px4flow/ranger_fov] by /roslaunch
[rosmaster.master][INFO] 2026-06-24 14:35:36,009: +PARAM [/mavros/px4flow/ranger_min_range] by /roslaunch
[rosmaster.master][INFO] 2026-06-24 14:35:36,009: +PARAM [/mavros/px4flow/ranger_max_range] by /roslaunch
[rosmaster.master][INFO] 2026-06-24 14:35:36,009: +PARAM [/mavros/vision_pose/tf/listen] by /roslaunch
[rosmaster.master][INFO] 2026-06-24 14:35:36,009: +PARAM [/mavros/vision_pose/tf/frame_id] by /roslaunch
[rosmaster.master][INFO] 2026-06-24 14:35:36,009: +PARAM [/mavros/vision_pose/tf/child_frame_id] by /roslaunch
[rosmaster.master][INFO] 2026-06-24 14:35:36,009: +PARAM [/mavros/vision_pose/tf/rate_limit] by /roslaunch
[rosmaster.master][INFO] 2026-06-24 14:35:36,010: +PARAM [/mavros/vision_speed/listen_twist] by /roslaunch
[rosmaster.master][INFO] 2026-06-24 14:35:36,010: +PARAM [/mavros/vision_speed/twist_cov] by /roslaunch
[rosmaster.master][INFO] 2026-06-24 14:35:36,010: +PARAM [/mavros/vibration/frame_id] by /roslaunch
[rosmaster.master][INFO] 2026-06-24 14:35:36,010: +PARAM [/mavros/wheel_odometry/count] by /roslaunch
[rosmaster.master][INFO] 2026-06-24 14:35:36,010: +PARAM [/mavros/wheel_odometry/use_rpm] by /roslaunch
[rosmaster.master][INFO] 2026-06-24 14:35:36,010: +PARAM [/mavros/wheel_odometry/wheel0/x] by /roslaunch
[rosmaster.master][INFO] 2026-06-24 14:35:36,010: +PARAM [/mavros/wheel_odometry/wheel0/y] by /roslaunch
[rosmaster.master][INFO] 2026-06-24 14:35:36,010: +PARAM [/mavros/wheel_odometry/wheel0/radius] by /roslaunch
[rosmaster.master][INFO] 2026-06-24 14:35:36,010: +PARAM [/mavros/wheel_odometry/wheel1/x] by /roslaunch
[rosmaster.master][INFO] 2026-06-24 14:35:36,010: +PARAM [/mavros/wheel_odometry/wheel1/y] by /roslaunch
[rosmaster.master][INFO] 2026-06-24 14:35:36,010: +PARAM [/mavros/wheel_odometry/wheel1/radius] by /roslaunch
[rosmaster.master][INFO] 2026-06-24 14:35:36,010: +PARAM [/mavros/wheel_odometry/send_raw] by /roslaunch
[rosmaster.master][INFO] 2026-06-24 14:35:36,010: +PARAM [/mavros/wheel_odometry/send_twist] by /roslaunch
[rosmaster.master][INFO] 2026-06-24 14:35:36,010: +PARAM [/mavros/wheel_odometry/frame_id] by /roslaunch
[rosmaster.master][INFO] 2026-06-24 14:35:36,010: +PARAM [/mavros/wheel_odometry/child_frame_id] by /roslaunch
[rosmaster.master][INFO] 2026-06-24 14:35:36,010: +PARAM [/mavros/wheel_odometry/vel_error] by /roslaunch
[rosmaster.master][INFO] 2026-06-24 14:35:36,010: +PARAM [/mavros/wheel_odometry/tf/send] by /roslaunch
[rosmaster.master][INFO] 2026-06-24 14:35:36,010: +PARAM [/mavros/wheel_odometry/tf/frame_id] by /roslaunch
[rosmaster.master][INFO] 2026-06-24 14:35:36,010: +PARAM [/mavros/wheel_odometry/tf/child_frame_id] by /roslaunch
[rosmaster.master][INFO] 2026-06-24 14:35:36,010: +PARAM [/mavros/fcu_url] by /roslaunch
[rosmaster.master][INFO] 2026-06-24 14:35:36,010: +PARAM [/mavros/gcs_url] by /roslaunch
[rosmaster.master][INFO] 2026-06-24 14:35:36,010: +PARAM [/mavros/target_system_id] by /roslaunch
[rosmaster.master][INFO] 2026-06-24 14:35:36,010: +PARAM [/mavros/target_component_id] by /roslaunch
[rosmaster.master][INFO] 2026-06-24 14:35:36,010: +PARAM [/mavros/fcu_protocol] by /roslaunch
[rosmaster.master][INFO] 2026-06-24 14:35:36,123: +PUB [/rosout] /mavros http://localhost:46395/
[rosmaster.master][INFO] 2026-06-24 14:35:36,123: +SERVICE [/mavros/get_loggers] /mavros http://localhost:46395/
[rosmaster.master][INFO] 2026-06-24 14:35:36,124: +SERVICE [/mavros/set_logger_level] /mavros http://localhost:46395/
[rosmaster.master][INFO] 2026-06-24 14:35:36,125: +PUB [/diagnostics] /mavros http://localhost:46395/
[rosmaster.master][INFO] 2026-06-24 14:35:36,125: +CACHEDPARAM [/mavros/diagnostic_period] by /mavros
[rosmaster.master][INFO] 2026-06-24 14:35:36,140: +SUB [/tf] /mavros http://localhost:46395/
[rosmaster.master][INFO] 2026-06-24 14:35:36,141: +SUB [/tf_static] /mavros http://localhost:46395/
[rosmaster.master][INFO] 2026-06-24 14:35:36,142: +PUB [/tf] /mavros http://localhost:46395/
[rosmaster.master][INFO] 2026-06-24 14:35:36,142: +PUB [/tf_static] /mavros http://localhost:46395/
[rosmaster.master][INFO] 2026-06-24 14:35:36,189: publisherUpdate[/rosout] -> http://localhost:37881/ ['http://localhost:46395/']
[rosmaster.master][INFO] 2026-06-24 14:35:36,192: publisherUpdate[/tf] -> http://localhost:46395/ ['http://localhost:46395/']
[rosmaster.master][INFO] 2026-06-24 14:35:36,193: publisherUpdate[/tf] -> http://localhost:46395/ ['http://localhost:46395/']: sec=0.00, result=[1, '', 0]
[rosmaster.master][INFO] 2026-06-24 14:35:36,193: publisherUpdate[/rosout] -> http://localhost:37881/ ['http://localhost:46395/']: sec=0.00, result=[1, '', 0]
[rosmaster.master][INFO] 2026-06-24 14:35:36,193: publisherUpdate[/tf_static] -> http://localhost:46395/ ['http://localhost:46395/']
[rosmaster.master][INFO] 2026-06-24 14:35:36,194: publisherUpdate[/tf_static] -> http://localhost:46395/ ['http://localhost:46395/']: sec=0.00, result=[1, '', 0]
[rosmaster.master][INFO] 2026-06-24 14:35:36,207: +CACHEDPARAM [/rosout_disable_topics_generation] by /mavros
[rosmaster.master][INFO] 2026-06-24 14:35:36,211: +PUB [/mavlink/from] /mavros http://localhost:46395/
[rosmaster.master][INFO] 2026-06-24 14:35:36,213: +SUB [/mavlink/to] /mavros http://localhost:46395/
[rosmaster.master][INFO] 2026-06-24 14:35:36,285: +PUB [/mavros/radio_status] /mavros http://localhost:46395/
[rosmaster.master][INFO] 2026-06-24 14:35:36,365: +PUB [/mavros/adsb/vehicle] /mavros http://localhost:46395/
[rosmaster.master][INFO] 2026-06-24 14:35:36,369: +SUB [/mavros/adsb/send] /mavros http://localhost:46395/
[rosmaster.master][INFO] 2026-06-24 14:35:36,371: +PUB [/mavros/cam_imu_sync/cam_imu_stamp] /mavros http://localhost:46395/
[rosmaster.master][INFO] 2026-06-24 14:35:36,372: +PUB [/mavros/camera/image_captured] /mavros http://localhost:46395/
[rosmaster.master][INFO] 2026-06-24 14:35:36,376: +SUB [/mavros/cellular_status/status] /mavros http://localhost:46395/
[rosmaster.master][INFO] 2026-06-24 14:35:36,379: +SERVICE [/mavros/cmd/command] /mavros http://localhost:46395/
[rosmaster.master][INFO] 2026-06-24 14:35:36,380: +SERVICE [/mavros/cmd/command_ack] /mavros http://localhost:46395/
[rosmaster.master][INFO] 2026-06-24 14:35:36,380: +SERVICE [/mavros/cmd/command_int] /mavros http://localhost:46395/
[rosmaster.master][INFO] 2026-06-24 14:35:36,381: +SERVICE [/mavros/cmd/arming] /mavros http://localhost:46395/
[rosmaster.master][INFO] 2026-06-24 14:35:36,382: +SERVICE [/mavros/cmd/set_home] /mavros http://localhost:46395/
[rosmaster.master][INFO] 2026-06-24 14:35:36,383: +SERVICE [/mavros/cmd/takeoff] /mavros http://localhost:46395/
[rosmaster.master][INFO] 2026-06-24 14:35:36,384: +SERVICE [/mavros/cmd/land] /mavros http://localhost:46395/
[rosmaster.master][INFO] 2026-06-24 14:35:36,385: +SERVICE [/mavros/cmd/trigger_control] /mavros http://localhost:46395/
[rosmaster.master][INFO] 2026-06-24 14:35:36,385: +SERVICE [/mavros/cmd/trigger_interval] /mavros http://localhost:46395/
[rosmaster.master][INFO] 2026-06-24 14:35:36,386: +SERVICE [/mavros/cmd/vtol_transition] /mavros http://localhost:46395/
[rosmaster.master][INFO] 2026-06-24 14:35:36,389: +SUB [/mavros/companion_process/status] /mavros http://localhost:46395/
[rosmaster.master][INFO] 2026-06-24 14:35:36,394: +PUB [/mavros/distance_sensor/rangefinder_pub] /mavros http://localhost:46395/
[rosmaster.master][INFO] 2026-06-24 14:35:36,399: +SUB [/mavros/distance_sensor/rangefinder_sub] /mavros http://localhost:46395/
[rosmaster.master][INFO] 2026-06-24 14:35:36,400: +PUB [/mavros/esc_info] /mavros http://localhost:46395/
[rosmaster.master][INFO] 2026-06-24 14:35:36,401: +CACHEDPARAM [/rosout/omit_topics] by /rosout
[rosmaster.master][INFO] 2026-06-24 14:35:36,401: +PUB [/mavros/esc_status] /mavros http://localhost:46395/
[rosmaster.master][INFO] 2026-06-24 14:35:36,402: +PUB [/mavros/esc_telemetry] /mavros http://localhost:46395/
[rosmaster.master][INFO] 2026-06-24 14:35:36,418: +SUB [/mavros/fake_gps/mocap/pose] /mavros http://localhost:46395/
[rosmaster.master][INFO] 2026-06-24 14:35:36,420: +PUB [/mavros/geofence/waypoints] /mavros http://localhost:46395/
[rosmaster.master][INFO] 2026-06-24 14:35:36,421: +SERVICE [/mavros/geofence/pull] /mavros http://localhost:46395/
[rosmaster.master][INFO] 2026-06-24 14:35:36,421: +SERVICE [/mavros/geofence/push] /mavros http://localhost:46395/
[rosmaster.master][INFO] 2026-06-24 14:35:36,422: +SERVICE [/mavros/geofence/clear] /mavros http://localhost:46395/
[rosmaster.master][INFO] 2026-06-24 14:35:36,428: +PUB [/mavros/global_position/raw/fix] /mavros http://localhost:46395/
[rosmaster.master][INFO] 2026-06-24 14:35:36,428: +PUB [/mavros/global_position/raw/gps_vel] /mavros http://localhost:46395/
[rosmaster.master][INFO] 2026-06-24 14:35:36,429: +PUB [/mavros/global_position/raw/satellites] /mavros http://localhost:46395/
[rosmaster.master][INFO] 2026-06-24 14:35:36,429: +PUB [/mavros/global_position/global] /mavros http://localhost:46395/
[rosmaster.master][INFO] 2026-06-24 14:35:36,430: +PUB [/mavros/global_position/local] /mavros http://localhost:46395/
[rosmaster.master][INFO] 2026-06-24 14:35:36,430: +PUB [/mavros/global_position/rel_alt] /mavros http://localhost:46395/
[rosmaster.master][INFO] 2026-06-24 14:35:36,430: +PUB [/mavros/global_position/compass_hdg] /mavros http://localhost:46395/
[rosmaster.master][INFO] 2026-06-24 14:35:36,431: +PUB [/mavros/global_position/gp_origin] /mavros http://localhost:46395/
[rosmaster.master][INFO] 2026-06-24 14:35:36,433: +SUB [/mavros/global_position/set_gp_origin] /mavros http://localhost:46395/
[rosmaster.master][INFO] 2026-06-24 14:35:36,435: +SUB [/mavros/home_position/home] /mavros http://localhost:46395/
[rosmaster.master][INFO] 2026-06-24 14:35:36,436: +PUB [/mavros/global_position/gp_lp_offset] /mavros http://localhost:46395/
[rosmaster.master][INFO] 2026-06-24 14:35:36,438: +SUB [/mavros/gps_input/gps_input] /mavros http://localhost:46395/
[rosmaster.master][INFO] 2026-06-24 14:35:36,441: +SUB [/mavros/gps_rtk/send_rtcm] /mavros http://localhost:46395/
[rosmaster.master][INFO] 2026-06-24 14:35:36,441: +PUB [/mavros/gps_rtk/rtk_baseline] /mavros http://localhost:46395/
[rosmaster.master][INFO] 2026-06-24 14:35:36,442: +PUB [/mavros/gpsstatus/gps1/raw] /mavros http://localhost:46395/
[rosmaster.master][INFO] 2026-06-24 14:35:36,443: +PUB [/mavros/gpsstatus/gps2/raw] /mavros http://localhost:46395/
[rosmaster.master][INFO] 2026-06-24 14:35:36,443: +PUB [/mavros/gpsstatus/gps1/rtk] /mavros http://localhost:46395/
[rosmaster.master][INFO] 2026-06-24 14:35:36,443: +PUB [/mavros/gpsstatus/gps2/rtk] /mavros http://localhost:46395/
[rosmaster.master][INFO] 2026-06-24 14:35:36,446: +PUB [/move_base_simple/goal] /mavros http://localhost:46395/
[rosmaster.master][INFO] 2026-06-24 14:35:36,448: +SUB [/mavros/global_position/gp_origin] /mavros http://localhost:46395/
[rosmaster.master][INFO] 2026-06-24 14:35:36,449: +PUB [/mavros/home_position/home] /mavros http://localhost:46395/
[rosmaster.master][INFO] 2026-06-24 14:35:36,451: +SUB [/mavros/home_position/set] /mavros http://localhost:46395/
[rosmaster.master][INFO] 2026-06-24 14:35:36,452: +SERVICE [/mavros/home_position/req_update] /mavros http://localhost:46395/
[rosmaster.master][INFO] 2026-06-24 14:35:36,455: +PUB [/mavros/imu/data] /mavros http://localhost:46395/
[rosmaster.master][INFO] 2026-06-24 14:35:36,456: +PUB [/mavros/imu/mag] /mavros http://localhost:46395/
[rosmaster.master][INFO] 2026-06-24 14:35:36,456: +PUB [/mavros/imu/temperature_imu] /mavros http://localhost:46395/
[rosmaster.master][INFO] 2026-06-24 14:35:36,457: +PUB [/mavros/imu/temperature_baro] /mavros http://localhost:46395/
[rosmaster.master][INFO] 2026-06-24 14:35:36,457: +PUB [/mavros/imu/static_pressure] /mavros http://localhost:46395/
[rosmaster.master][INFO] 2026-06-24 14:35:36,458: +PUB [/mavros/imu/diff_pressure] /mavros http://localhost:46395/
[rosmaster.master][INFO] 2026-06-24 14:35:36,458: +PUB [/mavros/imu/data_raw] /mavros http://localhost:46395/
[rosmaster.master][INFO] 2026-06-24 14:35:36,468: +PUB [/mavros/landing_target/pose_in] /mavros http://localhost:46395/
[rosmaster.master][INFO] 2026-06-24 14:35:36,468: +PUB [/mavros/landing_target/lt_marker] /mavros http://localhost:46395/
[rosmaster.master][INFO] 2026-06-24 14:35:36,470: +SUB [/mavros/landing_target/pose] /mavros http://localhost:46395/
[rosmaster.master][INFO] 2026-06-24 14:35:36,473: +PUB [/mavros/local_position/pose] /mavros http://localhost:46395/
[rosmaster.master][INFO] 2026-06-24 14:35:36,474: +PUB [/mavros/local_position/pose_cov] /mavros http://localhost:46395/
[rosmaster.master][INFO] 2026-06-24 14:35:36,474: +PUB [/mavros/local_position/velocity_local] /mavros http://localhost:46395/
[rosmaster.master][INFO] 2026-06-24 14:35:36,474: +PUB [/mavros/local_position/velocity_body] /mavros http://localhost:46395/
[rosmaster.master][INFO] 2026-06-24 14:35:36,475: +PUB [/mavros/local_position/velocity_body_cov] /mavros http://localhost:46395/
[rosmaster.master][INFO] 2026-06-24 14:35:36,475: +PUB [/mavros/local_position/accel] /mavros http://localhost:46395/
[rosmaster.master][INFO] 2026-06-24 14:35:36,475: +PUB [/mavros/local_position/odom] /mavros http://localhost:46395/
[rosmaster.master][INFO] 2026-06-24 14:35:36,476: +PUB [/mavros/log_transfer/raw/log_entry] /mavros http://localhost:46395/
[rosmaster.master][INFO] 2026-06-24 14:35:36,477: +PUB [/mavros/log_transfer/raw/log_data] /mavros http://localhost:46395/
[rosmaster.master][INFO] 2026-06-24 14:35:36,477: +SERVICE [/mavros/log_transfer/raw/log_request_list] /mavros http://localhost:46395/
[rosmaster.master][INFO] 2026-06-24 14:35:36,477: +SERVICE [/mavros/log_transfer/raw/log_request_data] /mavros http://localhost:46395/
[rosmaster.master][INFO] 2026-06-24 14:35:36,478: +SERVICE [/mavros/log_transfer/raw/log_request_end] /mavros http://localhost:46395/
[rosmaster.master][INFO] 2026-06-24 14:35:36,478: +SERVICE [/mavros/log_transfer/raw/log_request_erase] /mavros http://localhost:46395/
[rosmaster.master][INFO] 2026-06-24 14:35:36,479: +PUB [/mavros/mag_calibration/status] /mavros http://localhost:46395/
[rosmaster.master][INFO] 2026-06-24 14:35:36,480: +PUB [/mavros/mag_calibration/report] /mavros http://localhost:46395/
[rosmaster.master][INFO] 2026-06-24 14:35:36,480: +PUB [/mavros/manual_control/control] /mavros http://localhost:46395/
[rosmaster.master][INFO] 2026-06-24 14:35:36,482: +SUB [/mavros/manual_control/send] /mavros http://localhost:46395/
[rosmaster.master][INFO] 2026-06-24 14:35:36,485: +SUB [/mavros/mocap/pose] /mavros http://localhost:46395/
[rosmaster.master][INFO] 2026-06-24 14:35:36,488: +SUB [/mavros/mount_control/command] /mavros http://localhost:46395/
[rosmaster.master][INFO] 2026-06-24 14:35:36,488: +PUB [/mavros/mount_control/orientation] /mavros http://localhost:46395/
[rosmaster.master][INFO] 2026-06-24 14:35:36,489: +PUB [/mavros/mount_control/status] /mavros http://localhost:46395/
[rosmaster.master][INFO] 2026-06-24 14:35:36,489: +SERVICE [/mavros/mount_control/configure] /mavros http://localhost:46395/
[rosmaster.master][INFO] 2026-06-24 14:35:36,493: publisherUpdate[/mavros/home_position/home] -> http://localhost:46395/ ['http://localhost:46395/']
[rosmaster.master][INFO] 2026-06-24 14:35:36,494: publisherUpdate[/mavros/home_position/home] -> http://localhost:46395/ ['http://localhost:46395/']: sec=0.00, result=[1, '', 0]
[rosmaster.master][INFO] 2026-06-24 14:35:36,494: +PUB [/mavros/nav_controller_output] /mavros http://localhost:46395/
[rosmaster.master][INFO] 2026-06-24 14:35:36,497: +SUB [/mavros/obstacle/send] /mavros http://localhost:46395/
[rosmaster.master][INFO] 2026-06-24 14:35:36,498: +PUB [/mavros/odometry/in] /mavros http://localhost:46395/
[rosmaster.master][INFO] 2026-06-24 14:35:36,501: +SUB [/mavros/odometry/out] /mavros http://localhost:46395/
[rosmaster.master][INFO] 2026-06-24 14:35:36,503: +SUB [/mavros/onboard_computer/status] /mavros http://localhost:46395/
[rosmaster.master][INFO] 2026-06-24 14:35:36,504: +SERVICE [/mavros/param/pull] /mavros http://localhost:46395/
[rosmaster.master][INFO] 2026-06-24 14:35:36,504: +SERVICE [/mavros/param/push] /mavros http://localhost:46395/
[rosmaster.master][INFO] 2026-06-24 14:35:36,505: +SERVICE [/mavros/param/set] /mavros http://localhost:46395/
[rosmaster.master][INFO] 2026-06-24 14:35:36,505: +SERVICE [/mavros/param/get] /mavros http://localhost:46395/
[rosmaster.master][INFO] 2026-06-24 14:35:36,506: +PUB [/mavros/param/param_value] /mavros http://localhost:46395/
[rosmaster.master][INFO] 2026-06-24 14:35:36,508: +SUB [/mavros/play_tune] /mavros http://localhost:46395/
[rosmaster.master][INFO] 2026-06-24 14:35:36,509: +PUB [/mavros/rallypoint/waypoints] /mavros http://localhost:46395/
[rosmaster.master][INFO] 2026-06-24 14:35:36,510: +SERVICE [/mavros/rallypoint/pull] /mavros http://localhost:46395/
[rosmaster.master][INFO] 2026-06-24 14:35:36,510: +SERVICE [/mavros/rallypoint/push] /mavros http://localhost:46395/
[rosmaster.master][INFO] 2026-06-24 14:35:36,511: +SERVICE [/mavros/rallypoint/clear] /mavros http://localhost:46395/
[rosmaster.master][INFO] 2026-06-24 14:35:36,512: +PUB [/mavros/rangefinder/rangefinder] /mavros http://localhost:46395/
[rosmaster.master][INFO] 2026-06-24 14:35:36,513: +PUB [/mavros/rc/in] /mavros http://localhost:46395/
[rosmaster.master][INFO] 2026-06-24 14:35:36,513: +PUB [/mavros/rc/out] /mavros http://localhost:46395/
[rosmaster.master][INFO] 2026-06-24 14:35:36,515: +SUB [/mavros/rc/override] /mavros http://localhost:46395/
[rosmaster.master][INFO] 2026-06-24 14:35:36,518: +SUB [/mavros/setpoint_accel/accel] /mavros http://localhost:46395/
[rosmaster.master][INFO] 2026-06-24 14:35:36,523: +SUB [/mavros/setpoint_attitude/thrust] /mavros http://localhost:46395/
[rosmaster.master][INFO] 2026-06-24 14:35:36,526: +SUB [/mavros/setpoint_attitude/cmd_vel] /mavros http://localhost:46395/
[rosmaster.master][INFO] 2026-06-24 14:35:36,534: +SUB [/mavros/setpoint_position/local] /mavros http://localhost:46395/
[rosmaster.master][INFO] 2026-06-24 14:35:36,536: +SUB [/mavros/setpoint_position/global] /mavros http://localhost:46395/
[rosmaster.master][INFO] 2026-06-24 14:35:36,538: +SUB [/mavros/setpoint_position/global_to_local] /mavros http://localhost:46395/
[rosmaster.master][INFO] 2026-06-24 14:35:36,540: +SUB [/mavros/global_position/global] /mavros http://localhost:46395/
[rosmaster.master][INFO] 2026-06-24 14:35:36,542: +SUB [/mavros/local_position/pose] /mavros http://localhost:46395/
[rosmaster.master][INFO] 2026-06-24 14:35:36,543: +SERVICE [/mavros/setpoint_position/mav_frame] /mavros http://localhost:46395/
[rosmaster.master][INFO] 2026-06-24 14:35:36,545: +SUB [/mavros/setpoint_raw/local] /mavros http://localhost:46395/
[rosmaster.master][INFO] 2026-06-24 14:35:36,547: +SUB [/mavros/setpoint_raw/global] /mavros http://localhost:46395/
[rosmaster.master][INFO] 2026-06-24 14:35:36,549: +SUB [/mavros/setpoint_raw/attitude] /mavros http://localhost:46395/
[rosmaster.master][INFO] 2026-06-24 14:35:36,550: +PUB [/mavros/setpoint_raw/target_local] /mavros http://localhost:46395/
[rosmaster.master][INFO] 2026-06-24 14:35:36,550: +PUB [/mavros/setpoint_raw/target_global] /mavros http://localhost:46395/
[rosmaster.master][INFO] 2026-06-24 14:35:36,550: +PUB [/mavros/setpoint_raw/target_attitude] /mavros http://localhost:46395/
[rosmaster.master][INFO] 2026-06-24 14:35:36,553: +SUB [/mavros/setpoint_trajectory/local] /mavros http://localhost:46395/
[rosmaster.master][INFO] 2026-06-24 14:35:36,554: +PUB [/mavros/setpoint_trajectory/desired] /mavros http://localhost:46395/
[rosmaster.master][INFO] 2026-06-24 14:35:36,554: +SERVICE [/mavros/setpoint_trajectory/reset] /mavros http://localhost:46395/
[rosmaster.master][INFO] 2026-06-24 14:35:36,555: +SERVICE [/mavros/setpoint_trajectory/mav_frame] /mavros http://localhost:46395/
[rosmaster.master][INFO] 2026-06-24 14:35:36,557: +SUB [/mavros/setpoint_velocity/cmd_vel] /mavros http://localhost:46395/
[rosmaster.master][INFO] 2026-06-24 14:35:36,560: +SUB [/mavros/setpoint_velocity/cmd_vel_unstamped] /mavros http://localhost:46395/
[rosmaster.master][INFO] 2026-06-24 14:35:36,560: +SERVICE [/mavros/setpoint_velocity/mav_frame] /mavros http://localhost:46395/
[rosmaster.master][INFO] 2026-06-24 14:35:36,565: +PUB [/mavros/state] /mavros http://localhost:46395/
[rosmaster.master][INFO] 2026-06-24 14:35:36,565: +PUB [/mavros/extended_state] /mavros http://localhost:46395/
[rosmaster.master][INFO] 2026-06-24 14:35:36,566: +PUB [/mavros/battery] /mavros http://localhost:46395/
[rosmaster.master][INFO] 2026-06-24 14:35:36,566: +PUB [/mavros/estimator_status] /mavros http://localhost:46395/
[rosmaster.master][INFO] 2026-06-24 14:35:36,567: +PUB [/mavros/statustext/recv] /mavros http://localhost:46395/
[rosmaster.master][INFO] 2026-06-24 14:35:36,567: +PUB [/mavros/sys_status] /mavros http://localhost:46395/
[rosmaster.master][INFO] 2026-06-24 14:35:36,569: +SUB [/mavros/statustext/send] /mavros http://localhost:46395/
[rosmaster.master][INFO] 2026-06-24 14:35:36,570: +SERVICE [/mavros/set_stream_rate] /mavros http://localhost:46395/
[rosmaster.master][INFO] 2026-06-24 14:35:36,570: +SERVICE [/mavros/set_mode] /mavros http://localhost:46395/
[rosmaster.master][INFO] 2026-06-24 14:35:36,571: +SERVICE [/mavros/vehicle_info_get] /mavros http://localhost:46395/
[rosmaster.master][INFO] 2026-06-24 14:35:36,571: +SERVICE [/mavros/set_message_interval] /mavros http://localhost:46395/
[rosmaster.master][INFO] 2026-06-24 14:35:36,578: +PUB [/mavros/time_reference] /mavros http://localhost:46395/
[rosmaster.master][INFO] 2026-06-24 14:35:36,578: +PUB [/mavros/timesync_status] /mavros http://localhost:46395/
[rosmaster.master][INFO] 2026-06-24 14:35:36,579: +PUB [/mavros/terrain/report] /mavros http://localhost:46395/
[rosmaster.master][INFO] 2026-06-24 14:35:36,582: +SUB [/mavros/trajectory/generated] /mavros http://localhost:46395/
[rosmaster.master][INFO] 2026-06-24 14:35:36,584: +SUB [/mavros/trajectory/path] /mavros http://localhost:46395/
[rosmaster.master][INFO] 2026-06-24 14:35:36,585: +PUB [/mavros/trajectory/desired] /mavros http://localhost:46395/
[rosmaster.master][INFO] 2026-06-24 14:35:36,588: +SUB [/mavros/tunnel/in] /mavros http://localhost:46395/
[rosmaster.master][INFO] 2026-06-24 14:35:36,588: +PUB [/mavros/tunnel/out] /mavros http://localhost:46395/
[rosmaster.master][INFO] 2026-06-24 14:35:36,589: +PUB [/mavros/vfr_hud] /mavros http://localhost:46395/
[rosmaster.master][INFO] 2026-06-24 14:35:36,594: +SUB [/mavros/vision_pose/pose] /mavros http://localhost:46395/
[rosmaster.master][INFO] 2026-06-24 14:35:36,596: +SUB [/mavros/vision_pose/pose_cov] /mavros http://localhost:46395/
[rosmaster.master][INFO] 2026-06-24 14:35:36,598: +PUB [/mavros/mission/waypoints] /mavros http://localhost:46395/
[rosmaster.master][INFO] 2026-06-24 14:35:36,599: +SERVICE [/mavros/mission/pull] /mavros http://localhost:46395/
[rosmaster.master][INFO] 2026-06-24 14:35:36,600: +SERVICE [/mavros/mission/push] /mavros http://localhost:46395/
[rosmaster.master][INFO] 2026-06-24 14:35:36,600: +SERVICE [/mavros/mission/clear] /mavros http://localhost:46395/
[rosmaster.master][INFO] 2026-06-24 14:35:36,600: +PUB [/mavros/mission/reached] /mavros http://localhost:46395/
[rosmaster.master][INFO] 2026-06-24 14:35:36,601: +SERVICE [/mavros/mission/set_current] /mavros http://localhost:46395/
[rosmaster.master][INFO] 2026-06-24 14:35:36,602: +PUB [/mavros/wind_estimation] /mavros http://localhost:46395/
[rosmaster.master][INFO] 2026-06-24 14:35:37,605: +PUB [/mavlink/gcs_ip] /mavros http://localhost:46395/
[rosmaster.master][INFO] 2026-06-24 14:35:48,899: +PUB [/rosout] /vertical_descent_logger http://localhost:36539/
[rosmaster.master][INFO] 2026-06-24 14:35:48,903: +SERVICE [/vertical_descent_logger/get_loggers] /vertical_descent_logger http://localhost:36539/
[rosmaster.master][INFO] 2026-06-24 14:35:48,904: +SERVICE [/vertical_descent_logger/set_logger_level] /vertical_descent_logger http://localhost:36539/
[rosmaster.master][INFO] 2026-06-24 14:35:48,905: +PUB [/mavros/setpoint_raw/local] /vertical_descent_logger http://localhost:36539/
[rosmaster.master][INFO] 2026-06-24 14:35:48,908: +SUB [/mavros/local_position/velocity_body] /vertical_descent_logger http://localhost:36539/
[rosmaster.master][INFO] 2026-06-24 14:35:48,909: +SUB [/mavros/battery] /vertical_descent_logger http://localhost:36539/
[rosmaster.master][INFO] 2026-06-24 14:35:48,911: +SUB [/mavros/local_position/pose] /vertical_descent_logger http://localhost:36539/
[rosmaster.master][INFO] 2026-06-24 14:35:48,922: publisherUpdate[/rosout] -> http://localhost:37881/ ['http://localhost:46395/', 'http://localhost:36539/']
[rosmaster.master][INFO] 2026-06-24 14:35:48,924: publisherUpdate[/rosout] -> http://localhost:37881/ ['http://localhost:46395/', 'http://localhost:36539/']: sec=0.00, result=[1, '', 0]
[rosmaster.master][INFO] 2026-06-24 14:35:48,924: publisherUpdate[/mavros/setpoint_raw/local] -> http://localhost:46395/ ['http://localhost:36539/']
[rosmaster.master][INFO] 2026-06-24 14:35:48,926: publisherUpdate[/mavros/setpoint_raw/local] -> http://localhost:46395/ ['http://localhost:36539/']: sec=0.00, result=[1, '', 0]
[rosmaster.master][INFO] 2026-06-24 14:40:47,268: -SUB [/mavros/local_position/velocity_body] /vertical_descent_logger http://localhost:36539/
[rosmaster.master][INFO] 2026-06-24 14:40:47,268: -SUB [/mavros/battery] /vertical_descent_logger http://localhost:36539/
[rosmaster.master][INFO] 2026-06-24 14:40:47,268: -SUB [/mavros/local_position/pose] /vertical_descent_logger http://localhost:36539/
[rosmaster.master][INFO] 2026-06-24 14:40:47,269: -PUB [/rosout] /vertical_descent_logger http://localhost:36539/
[rosmaster.master][INFO] 2026-06-24 14:40:47,269: -PUB [/mavros/setpoint_raw/local] /vertical_descent_logger http://localhost:36539/
[rosmaster.master][INFO] 2026-06-24 14:40:47,269: -SERVICE [/vertical_descent_logger/get_loggers] /vertical_descent_logger rosrpc://localhost:37009
[rosmaster.master][INFO] 2026-06-24 14:40:47,269: -SERVICE [/vertical_descent_logger/set_logger_level] /vertical_descent_logger rosrpc://localhost:37009
[rosmaster.master][INFO] 2026-06-24 14:40:47,272: publisherUpdate[/rosout] -> http://localhost:37881/ ['http://localhost:46395/']
[rosmaster.master][INFO] 2026-06-24 14:40:47,276: publisherUpdate[/rosout] -> http://localhost:37881/ ['http://localhost:46395/']: sec=0.00, result=[1, '', 0]
[rosmaster.master][INFO] 2026-06-24 14:40:47,276: publisherUpdate[/mavros/setpoint_raw/local] -> http://localhost:46395/ []
[rosmaster.master][INFO] 2026-06-24 14:40:47,277: publisherUpdate[/mavros/setpoint_raw/local] -> http://localhost:46395/ []: sec=0.00, result=[1, '', 0]
[rosmaster.master][INFO] 2026-06-24 14:41:05,014: -PUB [/rosout_agg] /rosout http://localhost:37881/
[rosmaster.master][INFO] 2026-06-24 14:41:05,015: -SUB [/rosout] /rosout http://localhost:37881/
[rosmaster.master][INFO] 2026-06-24 14:41:05,015: -SERVICE [/rosout/get_loggers] /rosout rosrpc://localhost:49125
[rosmaster.master][INFO] 2026-06-24 14:41:05,015: -SERVICE [/rosout/set_logger_level] /rosout rosrpc://localhost:49125
[rosmaster.master][INFO] 2026-06-24 14:41:05,016: -CACHEDPARAM [/rosout/omit_topics] by /rosout
[rosmaster.main][INFO] 2026-06-24 14:41:05,043: keyboard interrupt, will exit
[rosmaster.main][INFO] 2026-06-24 14:41:05,043: stopping master...
[rospy.core][INFO] 2026-06-24 14:41:05,044: signal_shutdown [atexit]
