[rosmaster.main][INFO] 2026-07-02 15:47:21,708: initialization complete, waiting for shutdown
[rosmaster.main][INFO] 2026-07-02 15:47:21,709: Starting ROS Master Node
[xmlrpc][INFO] 2026-07-02 15:47:21,711: XML-RPC server binding to 127.0.0.1:11311
[xmlrpc][INFO] 2026-07-02 15:47:21,711: Started XML-RPC server [http://localhost:11311/]
[xmlrpc][INFO] 2026-07-02 15:47:21,711: xml rpc node: starting XML-RPC server
[rosmaster.master][INFO] 2026-07-02 15:47:21,712: Master initialized: port[11311], uri[http://localhost:11311/]
[rosmaster.master][INFO] 2026-07-02 15:47:21,810: +PARAM [/run_id] by /roslaunch
[rosmaster.master][INFO] 2026-07-02 15:47:21,813: +PARAM [/roslaunch/uris/host_localhost__33383] by /roslaunch
[rosmaster.master][INFO] 2026-07-02 15:47:21,856: +PARAM [/rosversion] by /roslaunch
[rosmaster.master][INFO] 2026-07-02 15:47:21,856: +PARAM [/rosdistro] by /roslaunch
[rosmaster.master][INFO] 2026-07-02 15:47:21,922: +SERVICE [/rosout/get_loggers] /rosout http://localhost:37489/
[rosmaster.master][INFO] 2026-07-02 15:47:21,922: +SERVICE [/rosout/set_logger_level] /rosout http://localhost:37489/
[rosmaster.master][INFO] 2026-07-02 15:47:21,923: +PUB [/rosout_agg] /rosout http://localhost:37489/
[rosmaster.master][INFO] 2026-07-02 15:47:21,926: +SUB [/rosout] /rosout http://localhost:37489/
[rosmaster.master][INFO] 2026-07-02 15:47:36,065: +PARAM [/roslaunch/uris/host_localhost__43665] by /roslaunch
[rosmaster.master][INFO] 2026-07-02 15:47:36,072: +PARAM [/rosversion] by /roslaunch
[rosmaster.master][INFO] 2026-07-02 15:47:36,072: +PARAM [/rosdistro] by /roslaunch
[rosmaster.master][INFO] 2026-07-02 15:47:36,072: +PARAM [/mavros/plugin_blacklist] by /roslaunch
[rosmaster.master][INFO] 2026-07-02 15:47:36,072: +PARAM [/mavros/plugin_whitelist] by /roslaunch
[rosmaster.master][INFO] 2026-07-02 15:47:36,072: +PARAM [/mavros/startup_px4_usb_quirk] by /roslaunch
[rosmaster.master][INFO] 2026-07-02 15:47:36,072: +PARAM [/mavros/conn/heartbeat_rate] by /roslaunch
[rosmaster.master][INFO] 2026-07-02 15:47:36,072: +PARAM [/mavros/conn/heartbeat_mav_type] by /roslaunch
[rosmaster.master][INFO] 2026-07-02 15:47:36,072: +PARAM [/mavros/conn/timeout] by /roslaunch
[rosmaster.master][INFO] 2026-07-02 15:47:36,072: +PARAM [/mavros/conn/timesync_rate] by /roslaunch
[rosmaster.master][INFO] 2026-07-02 15:47:36,072: +PARAM [/mavros/conn/system_time_rate] by /roslaunch
[rosmaster.master][INFO] 2026-07-02 15:47:36,072: +PARAM [/mavros/sys/min_voltage] by /roslaunch
[rosmaster.master][INFO] 2026-07-02 15:47:36,072: +PARAM [/mavros/sys/disable_diag] by /roslaunch
[rosmaster.master][INFO] 2026-07-02 15:47:36,072: +PARAM [/mavros/time/time_ref_source] by /roslaunch
[rosmaster.master][INFO] 2026-07-02 15:47:36,072: +PARAM [/mavros/time/timesync_mode] by /roslaunch
[rosmaster.master][INFO] 2026-07-02 15:47:36,073: +PARAM [/mavros/time/timesync_avg_alpha] by /roslaunch
[rosmaster.master][INFO] 2026-07-02 15:47:36,073: +PARAM [/mavros/tdr_radio/low_rssi] by /roslaunch
[rosmaster.master][INFO] 2026-07-02 15:47:36,073: +PARAM [/mavros/cmd/use_comp_id_system_control] by /roslaunch
[rosmaster.master][INFO] 2026-07-02 15:47:36,073: +PARAM [/mavros/global_position/frame_id] by /roslaunch
[rosmaster.master][INFO] 2026-07-02 15:47:36,073: +PARAM [/mavros/global_position/child_frame_id] by /roslaunch
[rosmaster.master][INFO] 2026-07-02 15:47:36,073: +PARAM [/mavros/global_position/rot_covariance] by /roslaunch
[rosmaster.master][INFO] 2026-07-02 15:47:36,073: +PARAM [/mavros/global_position/gps_uere] by /roslaunch
[rosmaster.master][INFO] 2026-07-02 15:47:36,073: +PARAM [/mavros/global_position/use_relative_alt] by /roslaunch
[rosmaster.master][INFO] 2026-07-02 15:47:36,074: +PARAM [/mavros/global_position/tf/send] by /roslaunch
[rosmaster.master][INFO] 2026-07-02 15:47:36,074: +PARAM [/mavros/global_position/tf/frame_id] by /roslaunch
[rosmaster.master][INFO] 2026-07-02 15:47:36,074: +PARAM [/mavros/global_position/tf/global_frame_id] by /roslaunch
[rosmaster.master][INFO] 2026-07-02 15:47:36,074: +PARAM [/mavros/global_position/tf/child_frame_id] by /roslaunch
[rosmaster.master][INFO] 2026-07-02 15:47:36,074: +PARAM [/mavros/imu/frame_id] by /roslaunch
[rosmaster.master][INFO] 2026-07-02 15:47:36,074: +PARAM [/mavros/imu/linear_acceleration_stdev] by /roslaunch
[rosmaster.master][INFO] 2026-07-02 15:47:36,074: +PARAM [/mavros/imu/angular_velocity_stdev] by /roslaunch
[rosmaster.master][INFO] 2026-07-02 15:47:36,074: +PARAM [/mavros/imu/orientation_stdev] by /roslaunch
[rosmaster.master][INFO] 2026-07-02 15:47:36,074: +PARAM [/mavros/imu/magnetic_stdev] by /roslaunch
[rosmaster.master][INFO] 2026-07-02 15:47:36,074: +PARAM [/mavros/local_position/frame_id] by /roslaunch
[rosmaster.master][INFO] 2026-07-02 15:47:36,074: +PARAM [/mavros/local_position/tf/send] by /roslaunch
[rosmaster.master][INFO] 2026-07-02 15:47:36,074: +PARAM [/mavros/local_position/tf/frame_id] by /roslaunch
[rosmaster.master][INFO] 2026-07-02 15:47:36,074: +PARAM [/mavros/local_position/tf/child_frame_id] by /roslaunch
[rosmaster.master][INFO] 2026-07-02 15:47:36,074: +PARAM [/mavros/local_position/tf/send_fcu] by /roslaunch
[rosmaster.master][INFO] 2026-07-02 15:47:36,074: +PARAM [/mavros/safety_area/p1/x] by /roslaunch
[rosmaster.master][INFO] 2026-07-02 15:47:36,074: +PARAM [/mavros/safety_area/p1/y] by /roslaunch
[rosmaster.master][INFO] 2026-07-02 15:47:36,074: +PARAM [/mavros/safety_area/p1/z] by /roslaunch
[rosmaster.master][INFO] 2026-07-02 15:47:36,074: +PARAM [/mavros/safety_area/p2/x] by /roslaunch
[rosmaster.master][INFO] 2026-07-02 15:47:36,074: +PARAM [/mavros/safety_area/p2/y] by /roslaunch
[rosmaster.master][INFO] 2026-07-02 15:47:36,074: +PARAM [/mavros/safety_area/p2/z] by /roslaunch
[rosmaster.master][INFO] 2026-07-02 15:47:36,074: +PARAM [/mavros/setpoint_accel/send_force] by /roslaunch
[rosmaster.master][INFO] 2026-07-02 15:47:36,074: +PARAM [/mavros/setpoint_attitude/reverse_thrust] by /roslaunch
[rosmaster.master][INFO] 2026-07-02 15:47:36,074: +PARAM [/mavros/setpoint_attitude/use_quaternion] by /roslaunch
[rosmaster.master][INFO] 2026-07-02 15:47:36,074: +PARAM [/mavros/setpoint_attitude/tf/listen] by /roslaunch
[rosmaster.master][INFO] 2026-07-02 15:47:36,074: +PARAM [/mavros/setpoint_attitude/tf/frame_id] by /roslaunch
[rosmaster.master][INFO] 2026-07-02 15:47:36,074: +PARAM [/mavros/setpoint_attitude/tf/child_frame_id] by /roslaunch
[rosmaster.master][INFO] 2026-07-02 15:47:36,074: +PARAM [/mavros/setpoint_attitude/tf/rate_limit] by /roslaunch
[rosmaster.master][INFO] 2026-07-02 15:47:36,074: +PARAM [/mavros/setpoint_raw/thrust_scaling] by /roslaunch
[rosmaster.master][INFO] 2026-07-02 15:47:36,074: +PARAM [/mavros/setpoint_position/tf/listen] by /roslaunch
[rosmaster.master][INFO] 2026-07-02 15:47:36,074: +PARAM [/mavros/setpoint_position/tf/frame_id] by /roslaunch
[rosmaster.master][INFO] 2026-07-02 15:47:36,074: +PARAM [/mavros/setpoint_position/tf/child_frame_id] by /roslaunch
[rosmaster.master][INFO] 2026-07-02 15:47:36,074: +PARAM [/mavros/setpoint_position/tf/rate_limit] by /roslaunch
[rosmaster.master][INFO] 2026-07-02 15:47:36,074: +PARAM [/mavros/setpoint_position/mav_frame] by /roslaunch
[rosmaster.master][INFO] 2026-07-02 15:47:36,074: +PARAM [/mavros/guided_target/tf/listen] by /roslaunch
[rosmaster.master][INFO] 2026-07-02 15:47:36,074: +PARAM [/mavros/guided_target/tf/frame_id] by /roslaunch
[rosmaster.master][INFO] 2026-07-02 15:47:36,075: +PARAM [/mavros/guided_target/tf/child_frame_id] by /roslaunch
[rosmaster.master][INFO] 2026-07-02 15:47:36,075: +PARAM [/mavros/guided_target/tf/rate_limit] by /roslaunch
[rosmaster.master][INFO] 2026-07-02 15:47:36,075: +PARAM [/mavros/setpoint_velocity/mav_frame] by /roslaunch
[rosmaster.master][INFO] 2026-07-02 15:47:36,075: +PARAM [/mavros/mission/pull_after_gcs] by /roslaunch
[rosmaster.master][INFO] 2026-07-02 15:47:36,075: +PARAM [/mavros/mission/use_mission_item_int] by /roslaunch
[rosmaster.master][INFO] 2026-07-02 15:47:36,075: +PARAM [/mavros/distance_sensor/rangefinder_pub/id] by /roslaunch
[rosmaster.master][INFO] 2026-07-02 15:47:36,075: +PARAM [/mavros/distance_sensor/rangefinder_pub/frame_id] by /roslaunch
[rosmaster.master][INFO] 2026-07-02 15:47:36,075: +PARAM [/mavros/distance_sensor/rangefinder_pub/field_of_view] by /roslaunch
[rosmaster.master][INFO] 2026-07-02 15:47:36,075: +PARAM [/mavros/distance_sensor/rangefinder_pub/send_tf] by /roslaunch
[rosmaster.master][INFO] 2026-07-02 15:47:36,075: +PARAM [/mavros/distance_sensor/rangefinder_pub/sensor_position/x] by /roslaunch
[rosmaster.master][INFO] 2026-07-02 15:47:36,075: +PARAM [/mavros/distance_sensor/rangefinder_pub/sensor_position/y] by /roslaunch
[rosmaster.master][INFO] 2026-07-02 15:47:36,075: +PARAM [/mavros/distance_sensor/rangefinder_pub/sensor_position/z] by /roslaunch
[rosmaster.master][INFO] 2026-07-02 15:47:36,075: +PARAM [/mavros/distance_sensor/rangefinder_sub/subscriber] by /roslaunch
[rosmaster.master][INFO] 2026-07-02 15:47:36,075: +PARAM [/mavros/distance_sensor/rangefinder_sub/id] by /roslaunch
[rosmaster.master][INFO] 2026-07-02 15:47:36,075: +PARAM [/mavros/distance_sensor/rangefinder_sub/orientation] by /roslaunch
[rosmaster.master][INFO] 2026-07-02 15:47:36,075: +PARAM [/mavros/image/frame_id] by /roslaunch
[rosmaster.master][INFO] 2026-07-02 15:47:36,075: +PARAM [/mavros/fake_gps/use_mocap] by /roslaunch
[rosmaster.master][INFO] 2026-07-02 15:47:36,075: +PARAM [/mavros/fake_gps/mocap_transform] by /roslaunch
[rosmaster.master][INFO] 2026-07-02 15:47:36,075: +PARAM [/mavros/fake_gps/mocap_withcovariance] by /roslaunch
[rosmaster.master][INFO] 2026-07-02 15:47:36,075: +PARAM [/mavros/fake_gps/use_vision] by /roslaunch
[rosmaster.master][INFO] 2026-07-02 15:47:36,075: +PARAM [/mavros/fake_gps/use_hil_gps] by /roslaunch
[rosmaster.master][INFO] 2026-07-02 15:47:36,075: +PARAM [/mavros/fake_gps/gps_id] by /roslaunch
[rosmaster.master][INFO] 2026-07-02 15:47:36,075: +PARAM [/mavros/fake_gps/geo_origin/lat] by /roslaunch
[rosmaster.master][INFO] 2026-07-02 15:47:36,075: +PARAM [/mavros/fake_gps/geo_origin/lon] by /roslaunch
[rosmaster.master][INFO] 2026-07-02 15:47:36,075: +PARAM [/mavros/fake_gps/geo_origin/alt] by /roslaunch
[rosmaster.master][INFO] 2026-07-02 15:47:36,075: +PARAM [/mavros/fake_gps/eph] by /roslaunch
[rosmaster.master][INFO] 2026-07-02 15:47:36,075: +PARAM [/mavros/fake_gps/epv] by /roslaunch
[rosmaster.master][INFO] 2026-07-02 15:47:36,075: +PARAM [/mavros/fake_gps/horiz_accuracy] by /roslaunch
[rosmaster.master][INFO] 2026-07-02 15:47:36,075: +PARAM [/mavros/fake_gps/vert_accuracy] by /roslaunch
[rosmaster.master][INFO] 2026-07-02 15:47:36,075: +PARAM [/mavros/fake_gps/speed_accuracy] by /roslaunch
[rosmaster.master][INFO] 2026-07-02 15:47:36,075: +PARAM [/mavros/fake_gps/satellites_visible] by /roslaunch
[rosmaster.master][INFO] 2026-07-02 15:47:36,075: +PARAM [/mavros/fake_gps/fix_type] by /roslaunch
[rosmaster.master][INFO] 2026-07-02 15:47:36,075: +PARAM [/mavros/fake_gps/tf/listen] by /roslaunch
[rosmaster.master][INFO] 2026-07-02 15:47:36,075: +PARAM [/mavros/fake_gps/tf/send] by /roslaunch
[rosmaster.master][INFO] 2026-07-02 15:47:36,076: +PARAM [/mavros/fake_gps/tf/frame_id] by /roslaunch
[rosmaster.master][INFO] 2026-07-02 15:47:36,076: +PARAM [/mavros/fake_gps/tf/child_frame_id] by /roslaunch
[rosmaster.master][INFO] 2026-07-02 15:47:36,076: +PARAM [/mavros/fake_gps/tf/rate_limit] by /roslaunch
[rosmaster.master][INFO] 2026-07-02 15:47:36,076: +PARAM [/mavros/fake_gps/gps_rate] by /roslaunch
[rosmaster.master][INFO] 2026-07-02 15:47:36,076: +PARAM [/mavros/landing_target/listen_lt] by /roslaunch
[rosmaster.master][INFO] 2026-07-02 15:47:36,076: +PARAM [/mavros/landing_target/mav_frame] by /roslaunch
[rosmaster.master][INFO] 2026-07-02 15:47:36,076: +PARAM [/mavros/landing_target/land_target_type] by /roslaunch
[rosmaster.master][INFO] 2026-07-02 15:47:36,076: +PARAM [/mavros/landing_target/image/width] by /roslaunch
[rosmaster.master][INFO] 2026-07-02 15:47:36,076: +PARAM [/mavros/landing_target/image/height] by /roslaunch
[rosmaster.master][INFO] 2026-07-02 15:47:36,076: +PARAM [/mavros/landing_target/camera/fov_x] by /roslaunch
[rosmaster.master][INFO] 2026-07-02 15:47:36,076: +PARAM [/mavros/landing_target/camera/fov_y] by /roslaunch
[rosmaster.master][INFO] 2026-07-02 15:47:36,076: +PARAM [/mavros/landing_target/tf/send] by /roslaunch
[rosmaster.master][INFO] 2026-07-02 15:47:36,076: +PARAM [/mavros/landing_target/tf/listen] by /roslaunch
[rosmaster.master][INFO] 2026-07-02 15:47:36,076: +PARAM [/mavros/landing_target/tf/frame_id] by /roslaunch
[rosmaster.master][INFO] 2026-07-02 15:47:36,076: +PARAM [/mavros/landing_target/tf/child_frame_id] by /roslaunch
[rosmaster.master][INFO] 2026-07-02 15:47:36,076: +PARAM [/mavros/landing_target/tf/rate_limit] by /roslaunch
[rosmaster.master][INFO] 2026-07-02 15:47:36,076: +PARAM [/mavros/landing_target/target_size/x] by /roslaunch
[rosmaster.master][INFO] 2026-07-02 15:47:36,076: +PARAM [/mavros/landing_target/target_size/y] by /roslaunch
[rosmaster.master][INFO] 2026-07-02 15:47:36,076: +PARAM [/mavros/mocap/use_tf] by /roslaunch
[rosmaster.master][INFO] 2026-07-02 15:47:36,076: +PARAM [/mavros/mocap/use_pose] by /roslaunch
[rosmaster.master][INFO] 2026-07-02 15:47:36,077: +PARAM [/mavros/mount/debounce_s] by /roslaunch
[rosmaster.master][INFO] 2026-07-02 15:47:36,077: +PARAM [/mavros/mount/err_threshold_deg] by /roslaunch
[rosmaster.master][INFO] 2026-07-02 15:47:36,077: +PARAM [/mavros/mount/negate_measured_roll] by /roslaunch
[rosmaster.master][INFO] 2026-07-02 15:47:36,077: +PARAM [/mavros/mount/negate_measured_pitch] by /roslaunch
[rosmaster.master][INFO] 2026-07-02 15:47:36,077: +PARAM [/mavros/mount/negate_measured_yaw] by /roslaunch
[rosmaster.master][INFO] 2026-07-02 15:47:36,077: +PARAM [/mavros/odometry/frame_tf/desired_frame] by /roslaunch
[rosmaster.master][INFO] 2026-07-02 15:47:36,077: +PARAM [/mavros/odometry/estimator_type] by /roslaunch
[rosmaster.master][INFO] 2026-07-02 15:47:36,077: +PARAM [/mavros/px4flow/frame_id] by /roslaunch
[rosmaster.master][INFO] 2026-07-02 15:47:36,077: +PARAM [/mavros/px4flow/ranger_fov] by /roslaunch
[rosmaster.master][INFO] 2026-07-02 15:47:36,077: +PARAM [/mavros/px4flow/ranger_min_range] by /roslaunch
[rosmaster.master][INFO] 2026-07-02 15:47:36,077: +PARAM [/mavros/px4flow/ranger_max_range] by /roslaunch
[rosmaster.master][INFO] 2026-07-02 15:47:36,077: +PARAM [/mavros/vision_pose/tf/listen] by /roslaunch
[rosmaster.master][INFO] 2026-07-02 15:47:36,077: +PARAM [/mavros/vision_pose/tf/frame_id] by /roslaunch
[rosmaster.master][INFO] 2026-07-02 15:47:36,077: +PARAM [/mavros/vision_pose/tf/child_frame_id] by /roslaunch
[rosmaster.master][INFO] 2026-07-02 15:47:36,077: +PARAM [/mavros/vision_pose/tf/rate_limit] by /roslaunch
[rosmaster.master][INFO] 2026-07-02 15:47:36,077: +PARAM [/mavros/vision_speed/listen_twist] by /roslaunch
[rosmaster.master][INFO] 2026-07-02 15:47:36,077: +PARAM [/mavros/vision_speed/twist_cov] by /roslaunch
[rosmaster.master][INFO] 2026-07-02 15:47:36,077: +PARAM [/mavros/vibration/frame_id] by /roslaunch
[rosmaster.master][INFO] 2026-07-02 15:47:36,077: +PARAM [/mavros/wheel_odometry/count] by /roslaunch
[rosmaster.master][INFO] 2026-07-02 15:47:36,077: +PARAM [/mavros/wheel_odometry/use_rpm] by /roslaunch
[rosmaster.master][INFO] 2026-07-02 15:47:36,077: +PARAM [/mavros/wheel_odometry/wheel0/x] by /roslaunch
[rosmaster.master][INFO] 2026-07-02 15:47:36,077: +PARAM [/mavros/wheel_odometry/wheel0/y] by /roslaunch
[rosmaster.master][INFO] 2026-07-02 15:47:36,077: +PARAM [/mavros/wheel_odometry/wheel0/radius] by /roslaunch
[rosmaster.master][INFO] 2026-07-02 15:47:36,077: +PARAM [/mavros/wheel_odometry/wheel1/x] by /roslaunch
[rosmaster.master][INFO] 2026-07-02 15:47:36,077: +PARAM [/mavros/wheel_odometry/wheel1/y] by /roslaunch
[rosmaster.master][INFO] 2026-07-02 15:47:36,077: +PARAM [/mavros/wheel_odometry/wheel1/radius] by /roslaunch
[rosmaster.master][INFO] 2026-07-02 15:47:36,077: +PARAM [/mavros/wheel_odometry/send_raw] by /roslaunch
[rosmaster.master][INFO] 2026-07-02 15:47:36,077: +PARAM [/mavros/wheel_odometry/send_twist] by /roslaunch
[rosmaster.master][INFO] 2026-07-02 15:47:36,077: +PARAM [/mavros/wheel_odometry/frame_id] by /roslaunch
[rosmaster.master][INFO] 2026-07-02 15:47:36,077: +PARAM [/mavros/wheel_odometry/child_frame_id] by /roslaunch
[rosmaster.master][INFO] 2026-07-02 15:47:36,077: +PARAM [/mavros/wheel_odometry/vel_error] by /roslaunch
[rosmaster.master][INFO] 2026-07-02 15:47:36,077: +PARAM [/mavros/wheel_odometry/tf/send] by /roslaunch
[rosmaster.master][INFO] 2026-07-02 15:47:36,077: +PARAM [/mavros/wheel_odometry/tf/frame_id] by /roslaunch
[rosmaster.master][INFO] 2026-07-02 15:47:36,077: +PARAM [/mavros/wheel_odometry/tf/child_frame_id] by /roslaunch
[rosmaster.master][INFO] 2026-07-02 15:47:36,078: +PARAM [/mavros/fcu_url] by /roslaunch
[rosmaster.master][INFO] 2026-07-02 15:47:36,078: +PARAM [/mavros/gcs_url] by /roslaunch
[rosmaster.master][INFO] 2026-07-02 15:47:36,078: +PARAM [/mavros/target_system_id] by /roslaunch
[rosmaster.master][INFO] 2026-07-02 15:47:36,078: +PARAM [/mavros/target_component_id] by /roslaunch
[rosmaster.master][INFO] 2026-07-02 15:47:36,078: +PARAM [/mavros/fcu_protocol] by /roslaunch
[rosmaster.master][INFO] 2026-07-02 15:47:36,231: +PUB [/rosout] /mavros http://localhost:46265/
[rosmaster.master][INFO] 2026-07-02 15:47:36,231: +SERVICE [/mavros/get_loggers] /mavros http://localhost:46265/
[rosmaster.master][INFO] 2026-07-02 15:47:36,232: +SERVICE [/mavros/set_logger_level] /mavros http://localhost:46265/
[rosmaster.master][INFO] 2026-07-02 15:47:36,234: +PUB [/diagnostics] /mavros http://localhost:46265/
[rosmaster.master][INFO] 2026-07-02 15:47:36,234: +CACHEDPARAM [/mavros/diagnostic_period] by /mavros
[rosmaster.master][INFO] 2026-07-02 15:47:36,240: publisherUpdate[/rosout] -> http://localhost:37489/ ['http://localhost:46265/']
[rosmaster.master][INFO] 2026-07-02 15:47:36,243: publisherUpdate[/rosout] -> http://localhost:37489/ ['http://localhost:46265/']: sec=0.00, result=[1, '', 0]
[rosmaster.master][INFO] 2026-07-02 15:47:36,252: +SUB [/tf] /mavros http://localhost:46265/
[rosmaster.master][INFO] 2026-07-02 15:47:36,254: +SUB [/tf_static] /mavros http://localhost:46265/
[rosmaster.master][INFO] 2026-07-02 15:47:36,255: +PUB [/tf] /mavros http://localhost:46265/
[rosmaster.master][INFO] 2026-07-02 15:47:36,255: +PUB [/tf_static] /mavros http://localhost:46265/
[rosmaster.master][INFO] 2026-07-02 15:47:36,318: +CACHEDPARAM [/rosout_disable_topics_generation] by /mavros
[rosmaster.master][INFO] 2026-07-02 15:47:36,322: +PUB [/mavlink/from] /mavros http://localhost:46265/
[rosmaster.master][INFO] 2026-07-02 15:47:36,324: +SUB [/mavlink/to] /mavros http://localhost:46265/
[rosmaster.master][INFO] 2026-07-02 15:47:36,341: publisherUpdate[/tf] -> http://localhost:46265/ ['http://localhost:46265/']
[rosmaster.master][INFO] 2026-07-02 15:47:36,342: publisherUpdate[/tf] -> http://localhost:46265/ ['http://localhost:46265/']: sec=0.00, result=[1, '', 0]
[rosmaster.master][INFO] 2026-07-02 15:47:36,342: publisherUpdate[/tf_static] -> http://localhost:46265/ ['http://localhost:46265/']
[rosmaster.master][INFO] 2026-07-02 15:47:36,342: publisherUpdate[/tf_static] -> http://localhost:46265/ ['http://localhost:46265/']: sec=0.00, result=[1, '', 0]
[rosmaster.master][INFO] 2026-07-02 15:47:36,397: +PUB [/mavros/radio_status] /mavros http://localhost:46265/
[rosmaster.master][INFO] 2026-07-02 15:47:36,450: +PUB [/mavros/adsb/vehicle] /mavros http://localhost:46265/
[rosmaster.master][INFO] 2026-07-02 15:47:36,451: +CACHEDPARAM [/rosout/omit_topics] by /rosout
[rosmaster.master][INFO] 2026-07-02 15:47:36,454: +SUB [/mavros/adsb/send] /mavros http://localhost:46265/
[rosmaster.master][INFO] 2026-07-02 15:47:36,455: +PUB [/mavros/cam_imu_sync/cam_imu_stamp] /mavros http://localhost:46265/
[rosmaster.master][INFO] 2026-07-02 15:47:36,456: +PUB [/mavros/camera/image_captured] /mavros http://localhost:46265/
[rosmaster.master][INFO] 2026-07-02 15:47:36,459: +SUB [/mavros/cellular_status/status] /mavros http://localhost:46265/
[rosmaster.master][INFO] 2026-07-02 15:47:36,461: +SERVICE [/mavros/cmd/command] /mavros http://localhost:46265/
[rosmaster.master][INFO] 2026-07-02 15:47:36,462: +SERVICE [/mavros/cmd/command_ack] /mavros http://localhost:46265/
[rosmaster.master][INFO] 2026-07-02 15:47:36,463: +SERVICE [/mavros/cmd/command_int] /mavros http://localhost:46265/
[rosmaster.master][INFO] 2026-07-02 15:47:36,463: +SERVICE [/mavros/cmd/arming] /mavros http://localhost:46265/
[rosmaster.master][INFO] 2026-07-02 15:47:36,464: +SERVICE [/mavros/cmd/set_home] /mavros http://localhost:46265/
[rosmaster.master][INFO] 2026-07-02 15:47:36,464: +SERVICE [/mavros/cmd/takeoff] /mavros http://localhost:46265/
[rosmaster.master][INFO] 2026-07-02 15:47:36,465: +SERVICE [/mavros/cmd/land] /mavros http://localhost:46265/
[rosmaster.master][INFO] 2026-07-02 15:47:36,465: +SERVICE [/mavros/cmd/trigger_control] /mavros http://localhost:46265/
[rosmaster.master][INFO] 2026-07-02 15:47:36,466: +SERVICE [/mavros/cmd/trigger_interval] /mavros http://localhost:46265/
[rosmaster.master][INFO] 2026-07-02 15:47:36,466: +SERVICE [/mavros/cmd/vtol_transition] /mavros http://localhost:46265/
[rosmaster.master][INFO] 2026-07-02 15:47:36,469: +SUB [/mavros/companion_process/status] /mavros http://localhost:46265/
[rosmaster.master][INFO] 2026-07-02 15:47:36,473: +PUB [/mavros/distance_sensor/rangefinder_pub] /mavros http://localhost:46265/
[rosmaster.master][INFO] 2026-07-02 15:47:36,477: +SUB [/mavros/distance_sensor/rangefinder_sub] /mavros http://localhost:46265/
[rosmaster.master][INFO] 2026-07-02 15:47:36,478: +PUB [/mavros/esc_info] /mavros http://localhost:46265/
[rosmaster.master][INFO] 2026-07-02 15:47:36,478: +PUB [/mavros/esc_status] /mavros http://localhost:46265/
[rosmaster.master][INFO] 2026-07-02 15:47:36,479: +PUB [/mavros/esc_telemetry] /mavros http://localhost:46265/
[rosmaster.master][INFO] 2026-07-02 15:47:36,495: +SUB [/mavros/fake_gps/mocap/pose] /mavros http://localhost:46265/
[rosmaster.master][INFO] 2026-07-02 15:47:36,498: +PUB [/mavros/geofence/waypoints] /mavros http://localhost:46265/
[rosmaster.master][INFO] 2026-07-02 15:47:36,498: +SERVICE [/mavros/geofence/pull] /mavros http://localhost:46265/
[rosmaster.master][INFO] 2026-07-02 15:47:36,499: +SERVICE [/mavros/geofence/push] /mavros http://localhost:46265/
[rosmaster.master][INFO] 2026-07-02 15:47:36,499: +SERVICE [/mavros/geofence/clear] /mavros http://localhost:46265/
[rosmaster.master][INFO] 2026-07-02 15:47:36,506: +PUB [/mavros/global_position/raw/fix] /mavros http://localhost:46265/
[rosmaster.master][INFO] 2026-07-02 15:47:36,506: +PUB [/mavros/global_position/raw/gps_vel] /mavros http://localhost:46265/
[rosmaster.master][INFO] 2026-07-02 15:47:36,506: +PUB [/mavros/global_position/raw/satellites] /mavros http://localhost:46265/
[rosmaster.master][INFO] 2026-07-02 15:47:36,507: +PUB [/mavros/global_position/global] /mavros http://localhost:46265/
[rosmaster.master][INFO] 2026-07-02 15:47:36,507: +PUB [/mavros/global_position/local] /mavros http://localhost:46265/
[rosmaster.master][INFO] 2026-07-02 15:47:36,508: +PUB [/mavros/global_position/rel_alt] /mavros http://localhost:46265/
[rosmaster.master][INFO] 2026-07-02 15:47:36,508: +PUB [/mavros/global_position/compass_hdg] /mavros http://localhost:46265/
[rosmaster.master][INFO] 2026-07-02 15:47:36,509: +PUB [/mavros/global_position/gp_origin] /mavros http://localhost:46265/
[rosmaster.master][INFO] 2026-07-02 15:47:36,510: +SUB [/mavros/global_position/set_gp_origin] /mavros http://localhost:46265/
[rosmaster.master][INFO] 2026-07-02 15:47:36,512: +SUB [/mavros/home_position/home] /mavros http://localhost:46265/
[rosmaster.master][INFO] 2026-07-02 15:47:36,513: +PUB [/mavros/global_position/gp_lp_offset] /mavros http://localhost:46265/
[rosmaster.master][INFO] 2026-07-02 15:47:36,515: +SUB [/mavros/gps_input/gps_input] /mavros http://localhost:46265/
[rosmaster.master][INFO] 2026-07-02 15:47:36,517: +SUB [/mavros/gps_rtk/send_rtcm] /mavros http://localhost:46265/
[rosmaster.master][INFO] 2026-07-02 15:47:36,517: +PUB [/mavros/gps_rtk/rtk_baseline] /mavros http://localhost:46265/
[rosmaster.master][INFO] 2026-07-02 15:47:36,518: +PUB [/mavros/gpsstatus/gps1/raw] /mavros http://localhost:46265/
[rosmaster.master][INFO] 2026-07-02 15:47:36,519: +PUB [/mavros/gpsstatus/gps2/raw] /mavros http://localhost:46265/
[rosmaster.master][INFO] 2026-07-02 15:47:36,519: +PUB [/mavros/gpsstatus/gps1/rtk] /mavros http://localhost:46265/
[rosmaster.master][INFO] 2026-07-02 15:47:36,519: +PUB [/mavros/gpsstatus/gps2/rtk] /mavros http://localhost:46265/
[rosmaster.master][INFO] 2026-07-02 15:47:36,522: +PUB [/move_base_simple/goal] /mavros http://localhost:46265/
[rosmaster.master][INFO] 2026-07-02 15:47:36,524: +SUB [/mavros/global_position/gp_origin] /mavros http://localhost:46265/
[rosmaster.master][INFO] 2026-07-02 15:47:36,525: +PUB [/mavros/home_position/home] /mavros http://localhost:46265/
[rosmaster.master][INFO] 2026-07-02 15:47:36,527: +SUB [/mavros/home_position/set] /mavros http://localhost:46265/
[rosmaster.master][INFO] 2026-07-02 15:47:36,528: +SERVICE [/mavros/home_position/req_update] /mavros http://localhost:46265/
[rosmaster.master][INFO] 2026-07-02 15:47:36,532: +PUB [/mavros/imu/data] /mavros http://localhost:46265/
[rosmaster.master][INFO] 2026-07-02 15:47:36,532: +PUB [/mavros/imu/mag] /mavros http://localhost:46265/
[rosmaster.master][INFO] 2026-07-02 15:47:36,533: +PUB [/mavros/imu/temperature_imu] /mavros http://localhost:46265/
[rosmaster.master][INFO] 2026-07-02 15:47:36,533: +PUB [/mavros/imu/temperature_baro] /mavros http://localhost:46265/
[rosmaster.master][INFO] 2026-07-02 15:47:36,533: +PUB [/mavros/imu/static_pressure] /mavros http://localhost:46265/
[rosmaster.master][INFO] 2026-07-02 15:47:36,534: +PUB [/mavros/imu/diff_pressure] /mavros http://localhost:46265/
[rosmaster.master][INFO] 2026-07-02 15:47:36,534: +PUB [/mavros/imu/data_raw] /mavros http://localhost:46265/
[rosmaster.master][INFO] 2026-07-02 15:47:36,543: publisherUpdate[/mavros/home_position/home] -> http://localhost:46265/ ['http://localhost:46265/']
[rosmaster.master][INFO] 2026-07-02 15:47:36,543: +PUB [/mavros/landing_target/pose_in] /mavros http://localhost:46265/
[rosmaster.master][INFO] 2026-07-02 15:47:36,544: publisherUpdate[/mavros/home_position/home] -> http://localhost:46265/ ['http://localhost:46265/']: sec=0.00, result=[1, '', 0]
[rosmaster.master][INFO] 2026-07-02 15:47:36,545: +PUB [/mavros/landing_target/lt_marker] /mavros http://localhost:46265/
[rosmaster.master][INFO] 2026-07-02 15:47:36,547: +SUB [/mavros/landing_target/pose] /mavros http://localhost:46265/
[rosmaster.master][INFO] 2026-07-02 15:47:36,550: +PUB [/mavros/local_position/pose] /mavros http://localhost:46265/
[rosmaster.master][INFO] 2026-07-02 15:47:36,551: +PUB [/mavros/local_position/pose_cov] /mavros http://localhost:46265/
[rosmaster.master][INFO] 2026-07-02 15:47:36,551: +PUB [/mavros/local_position/velocity_local] /mavros http://localhost:46265/
[rosmaster.master][INFO] 2026-07-02 15:47:36,552: +PUB [/mavros/local_position/velocity_body] /mavros http://localhost:46265/
[rosmaster.master][INFO] 2026-07-02 15:47:36,552: +PUB [/mavros/local_position/velocity_body_cov] /mavros http://localhost:46265/
[rosmaster.master][INFO] 2026-07-02 15:47:36,553: +PUB [/mavros/local_position/accel] /mavros http://localhost:46265/
[rosmaster.master][INFO] 2026-07-02 15:47:36,553: +PUB [/mavros/local_position/odom] /mavros http://localhost:46265/
[rosmaster.master][INFO] 2026-07-02 15:47:36,554: +PUB [/mavros/log_transfer/raw/log_entry] /mavros http://localhost:46265/
[rosmaster.master][INFO] 2026-07-02 15:47:36,554: +PUB [/mavros/log_transfer/raw/log_data] /mavros http://localhost:46265/
[rosmaster.master][INFO] 2026-07-02 15:47:36,555: +SERVICE [/mavros/log_transfer/raw/log_request_list] /mavros http://localhost:46265/
[rosmaster.master][INFO] 2026-07-02 15:47:36,555: +SERVICE [/mavros/log_transfer/raw/log_request_data] /mavros http://localhost:46265/
[rosmaster.master][INFO] 2026-07-02 15:47:36,556: +SERVICE [/mavros/log_transfer/raw/log_request_end] /mavros http://localhost:46265/
[rosmaster.master][INFO] 2026-07-02 15:47:36,556: +SERVICE [/mavros/log_transfer/raw/log_request_erase] /mavros http://localhost:46265/
[rosmaster.master][INFO] 2026-07-02 15:47:36,557: +PUB [/mavros/mag_calibration/status] /mavros http://localhost:46265/
[rosmaster.master][INFO] 2026-07-02 15:47:36,557: +PUB [/mavros/mag_calibration/report] /mavros http://localhost:46265/
[rosmaster.master][INFO] 2026-07-02 15:47:36,558: +PUB [/mavros/manual_control/control] /mavros http://localhost:46265/
[rosmaster.master][INFO] 2026-07-02 15:47:36,560: +SUB [/mavros/manual_control/send] /mavros http://localhost:46265/
[rosmaster.master][INFO] 2026-07-02 15:47:36,563: +SUB [/mavros/mocap/pose] /mavros http://localhost:46265/
[rosmaster.master][INFO] 2026-07-02 15:47:36,566: +SUB [/mavros/mount_control/command] /mavros http://localhost:46265/
[rosmaster.master][INFO] 2026-07-02 15:47:36,566: +PUB [/mavros/mount_control/orientation] /mavros http://localhost:46265/
[rosmaster.master][INFO] 2026-07-02 15:47:36,567: +PUB [/mavros/mount_control/status] /mavros http://localhost:46265/
[rosmaster.master][INFO] 2026-07-02 15:47:36,567: +SERVICE [/mavros/mount_control/configure] /mavros http://localhost:46265/
[rosmaster.master][INFO] 2026-07-02 15:47:36,572: +PUB [/mavros/nav_controller_output] /mavros http://localhost:46265/
[rosmaster.master][INFO] 2026-07-02 15:47:36,574: +SUB [/mavros/obstacle/send] /mavros http://localhost:46265/
[rosmaster.master][INFO] 2026-07-02 15:47:36,576: +PUB [/mavros/odometry/in] /mavros http://localhost:46265/
[rosmaster.master][INFO] 2026-07-02 15:47:36,578: +SUB [/mavros/odometry/out] /mavros http://localhost:46265/
[rosmaster.master][INFO] 2026-07-02 15:47:36,580: +SUB [/mavros/onboard_computer/status] /mavros http://localhost:46265/
[rosmaster.master][INFO] 2026-07-02 15:47:36,581: +SERVICE [/mavros/param/pull] /mavros http://localhost:46265/
[rosmaster.master][INFO] 2026-07-02 15:47:36,582: +SERVICE [/mavros/param/push] /mavros http://localhost:46265/
[rosmaster.master][INFO] 2026-07-02 15:47:36,583: +SERVICE [/mavros/param/set] /mavros http://localhost:46265/
[rosmaster.master][INFO] 2026-07-02 15:47:36,583: +SERVICE [/mavros/param/get] /mavros http://localhost:46265/
[rosmaster.master][INFO] 2026-07-02 15:47:36,584: +PUB [/mavros/param/param_value] /mavros http://localhost:46265/
[rosmaster.master][INFO] 2026-07-02 15:47:36,586: +SUB [/mavros/play_tune] /mavros http://localhost:46265/
[rosmaster.master][INFO] 2026-07-02 15:47:36,587: +PUB [/mavros/rallypoint/waypoints] /mavros http://localhost:46265/
[rosmaster.master][INFO] 2026-07-02 15:47:36,588: +SERVICE [/mavros/rallypoint/pull] /mavros http://localhost:46265/
[rosmaster.master][INFO] 2026-07-02 15:47:36,588: +SERVICE [/mavros/rallypoint/push] /mavros http://localhost:46265/
[rosmaster.master][INFO] 2026-07-02 15:47:36,588: +SERVICE [/mavros/rallypoint/clear] /mavros http://localhost:46265/
[rosmaster.master][INFO] 2026-07-02 15:47:36,589: +PUB [/mavros/rangefinder/rangefinder] /mavros http://localhost:46265/
[rosmaster.master][INFO] 2026-07-02 15:47:36,590: +PUB [/mavros/rc/in] /mavros http://localhost:46265/
[rosmaster.master][INFO] 2026-07-02 15:47:36,591: +PUB [/mavros/rc/out] /mavros http://localhost:46265/
[rosmaster.master][INFO] 2026-07-02 15:47:36,592: +SUB [/mavros/rc/override] /mavros http://localhost:46265/
[rosmaster.master][INFO] 2026-07-02 15:47:36,595: +SUB [/mavros/setpoint_accel/accel] /mavros http://localhost:46265/
[rosmaster.master][INFO] 2026-07-02 15:47:36,600: +SUB [/mavros/setpoint_attitude/thrust] /mavros http://localhost:46265/
[rosmaster.master][INFO] 2026-07-02 15:47:36,602: +SUB [/mavros/setpoint_attitude/cmd_vel] /mavros http://localhost:46265/
[rosmaster.master][INFO] 2026-07-02 15:47:36,610: +SUB [/mavros/setpoint_position/local] /mavros http://localhost:46265/
[rosmaster.master][INFO] 2026-07-02 15:47:36,612: +SUB [/mavros/setpoint_position/global] /mavros http://localhost:46265/
[rosmaster.master][INFO] 2026-07-02 15:47:36,614: +SUB [/mavros/setpoint_position/global_to_local] /mavros http://localhost:46265/
[rosmaster.master][INFO] 2026-07-02 15:47:36,616: +SUB [/mavros/global_position/global] /mavros http://localhost:46265/
[rosmaster.master][INFO] 2026-07-02 15:47:36,618: +SUB [/mavros/local_position/pose] /mavros http://localhost:46265/
[rosmaster.master][INFO] 2026-07-02 15:47:36,618: +SERVICE [/mavros/setpoint_position/mav_frame] /mavros http://localhost:46265/
[rosmaster.master][INFO] 2026-07-02 15:47:36,621: +SUB [/mavros/setpoint_raw/local] /mavros http://localhost:46265/
[rosmaster.master][INFO] 2026-07-02 15:47:36,623: +SUB [/mavros/setpoint_raw/global] /mavros http://localhost:46265/
[rosmaster.master][INFO] 2026-07-02 15:47:36,625: +SUB [/mavros/setpoint_raw/attitude] /mavros http://localhost:46265/
[rosmaster.master][INFO] 2026-07-02 15:47:36,625: +PUB [/mavros/setpoint_raw/target_local] /mavros http://localhost:46265/
[rosmaster.master][INFO] 2026-07-02 15:47:36,625: +PUB [/mavros/setpoint_raw/target_global] /mavros http://localhost:46265/
[rosmaster.master][INFO] 2026-07-02 15:47:36,626: +PUB [/mavros/setpoint_raw/target_attitude] /mavros http://localhost:46265/
[rosmaster.master][INFO] 2026-07-02 15:47:36,628: +SUB [/mavros/setpoint_trajectory/local] /mavros http://localhost:46265/
[rosmaster.master][INFO] 2026-07-02 15:47:36,629: +PUB [/mavros/setpoint_trajectory/desired] /mavros http://localhost:46265/
[rosmaster.master][INFO] 2026-07-02 15:47:36,629: +SERVICE [/mavros/setpoint_trajectory/reset] /mavros http://localhost:46265/
[rosmaster.master][INFO] 2026-07-02 15:47:36,630: +SERVICE [/mavros/setpoint_trajectory/mav_frame] /mavros http://localhost:46265/
[rosmaster.master][INFO] 2026-07-02 15:47:36,632: +SUB [/mavros/setpoint_velocity/cmd_vel] /mavros http://localhost:46265/
[rosmaster.master][INFO] 2026-07-02 15:47:36,634: +SUB [/mavros/setpoint_velocity/cmd_vel_unstamped] /mavros http://localhost:46265/
[rosmaster.master][INFO] 2026-07-02 15:47:36,635: +SERVICE [/mavros/setpoint_velocity/mav_frame] /mavros http://localhost:46265/
[rosmaster.master][INFO] 2026-07-02 15:47:36,639: +PUB [/mavros/state] /mavros http://localhost:46265/
[rosmaster.master][INFO] 2026-07-02 15:47:36,639: +PUB [/mavros/extended_state] /mavros http://localhost:46265/
[rosmaster.master][INFO] 2026-07-02 15:47:36,640: +PUB [/mavros/battery] /mavros http://localhost:46265/
[rosmaster.master][INFO] 2026-07-02 15:47:36,640: +PUB [/mavros/estimator_status] /mavros http://localhost:46265/
[rosmaster.master][INFO] 2026-07-02 15:47:36,640: +PUB [/mavros/statustext/recv] /mavros http://localhost:46265/
[rosmaster.master][INFO] 2026-07-02 15:47:36,641: +PUB [/mavros/sys_status] /mavros http://localhost:46265/
[rosmaster.master][INFO] 2026-07-02 15:47:36,642: +SUB [/mavros/statustext/send] /mavros http://localhost:46265/
[rosmaster.master][INFO] 2026-07-02 15:47:36,643: +SERVICE [/mavros/set_stream_rate] /mavros http://localhost:46265/
[rosmaster.master][INFO] 2026-07-02 15:47:36,643: +SERVICE [/mavros/set_mode] /mavros http://localhost:46265/
[rosmaster.master][INFO] 2026-07-02 15:47:36,644: +SERVICE [/mavros/vehicle_info_get] /mavros http://localhost:46265/
[rosmaster.master][INFO] 2026-07-02 15:47:36,644: +SERVICE [/mavros/set_message_interval] /mavros http://localhost:46265/
[rosmaster.master][INFO] 2026-07-02 15:47:36,650: +PUB [/mavros/time_reference] /mavros http://localhost:46265/
[rosmaster.master][INFO] 2026-07-02 15:47:36,651: +PUB [/mavros/timesync_status] /mavros http://localhost:46265/
[rosmaster.master][INFO] 2026-07-02 15:47:36,651: +PUB [/mavros/terrain/report] /mavros http://localhost:46265/
[rosmaster.master][INFO] 2026-07-02 15:47:36,654: +SUB [/mavros/trajectory/generated] /mavros http://localhost:46265/
[rosmaster.master][INFO] 2026-07-02 15:47:36,656: +SUB [/mavros/trajectory/path] /mavros http://localhost:46265/
[rosmaster.master][INFO] 2026-07-02 15:47:36,656: +PUB [/mavros/trajectory/desired] /mavros http://localhost:46265/
[rosmaster.master][INFO] 2026-07-02 15:47:36,658: +SUB [/mavros/tunnel/in] /mavros http://localhost:46265/
[rosmaster.master][INFO] 2026-07-02 15:47:36,659: +PUB [/mavros/tunnel/out] /mavros http://localhost:46265/
[rosmaster.master][INFO] 2026-07-02 15:47:36,660: +PUB [/mavros/vfr_hud] /mavros http://localhost:46265/
[rosmaster.master][INFO] 2026-07-02 15:47:36,664: +SUB [/mavros/vision_pose/pose] /mavros http://localhost:46265/
[rosmaster.master][INFO] 2026-07-02 15:47:36,666: +SUB [/mavros/vision_pose/pose_cov] /mavros http://localhost:46265/
[rosmaster.master][INFO] 2026-07-02 15:47:36,668: +PUB [/mavros/mission/waypoints] /mavros http://localhost:46265/
[rosmaster.master][INFO] 2026-07-02 15:47:36,668: +SERVICE [/mavros/mission/pull] /mavros http://localhost:46265/
[rosmaster.master][INFO] 2026-07-02 15:47:36,669: +SERVICE [/mavros/mission/push] /mavros http://localhost:46265/
[rosmaster.master][INFO] 2026-07-02 15:47:36,669: +SERVICE [/mavros/mission/clear] /mavros http://localhost:46265/
[rosmaster.master][INFO] 2026-07-02 15:47:36,669: +PUB [/mavros/mission/reached] /mavros http://localhost:46265/
[rosmaster.master][INFO] 2026-07-02 15:47:36,670: +SERVICE [/mavros/mission/set_current] /mavros http://localhost:46265/
[rosmaster.master][INFO] 2026-07-02 15:47:36,671: +PUB [/mavros/wind_estimation] /mavros http://localhost:46265/
[rosmaster.master][INFO] 2026-07-02 15:47:37,673: +PUB [/mavlink/gcs_ip] /mavros http://localhost:46265/
[rosmaster.master][INFO] 2026-07-02 15:48:30,781: +PUB [/rosout] /horizontal_flight_logger2 http://localhost:39179/
[rosmaster.master][INFO] 2026-07-02 15:48:30,785: +SERVICE [/horizontal_flight_logger2/get_loggers] /horizontal_flight_logger2 http://localhost:39179/
[rosmaster.master][INFO] 2026-07-02 15:48:30,785: +SERVICE [/horizontal_flight_logger2/set_logger_level] /horizontal_flight_logger2 http://localhost:39179/
[rosmaster.master][INFO] 2026-07-02 15:48:30,786: +PUB [/mavros/setpoint_raw/local] /horizontal_flight_logger2 http://localhost:39179/
[rosmaster.master][INFO] 2026-07-02 15:48:30,787: +SUB [/mavros/local_position/velocity_local] /horizontal_flight_logger2 http://localhost:39179/
[rosmaster.master][INFO] 2026-07-02 15:48:30,788: +SUB [/mavros/battery] /horizontal_flight_logger2 http://localhost:39179/
[rosmaster.master][INFO] 2026-07-02 15:48:30,805: publisherUpdate[/rosout] -> http://localhost:37489/ ['http://localhost:46265/', 'http://localhost:39179/']
[rosmaster.master][INFO] 2026-07-02 15:48:30,806: publisherUpdate[/rosout] -> http://localhost:37489/ ['http://localhost:46265/', 'http://localhost:39179/']: sec=0.00, result=[1, '', 0]
[rosmaster.master][INFO] 2026-07-02 15:48:30,806: publisherUpdate[/mavros/setpoint_raw/local] -> http://localhost:46265/ ['http://localhost:39179/']
[rosmaster.master][INFO] 2026-07-02 15:48:30,806: publisherUpdate[/mavros/setpoint_raw/local] -> http://localhost:46265/ ['http://localhost:39179/']: sec=0.00, result=[1, '', 0]
[rosmaster.master][INFO] 2026-07-02 15:51:46,578: -SUB [/mavros/local_position/velocity_local] /horizontal_flight_logger2 http://localhost:39179/
[rosmaster.master][INFO] 2026-07-02 15:51:46,579: -SUB [/mavros/battery] /horizontal_flight_logger2 http://localhost:39179/
[rosmaster.master][INFO] 2026-07-02 15:51:46,579: -PUB [/rosout] /horizontal_flight_logger2 http://localhost:39179/
[rosmaster.master][INFO] 2026-07-02 15:51:46,579: -PUB [/mavros/setpoint_raw/local] /horizontal_flight_logger2 http://localhost:39179/
[rosmaster.master][INFO] 2026-07-02 15:51:46,579: -SERVICE [/horizontal_flight_logger2/get_loggers] /horizontal_flight_logger2 rosrpc://localhost:34847
[rosmaster.master][INFO] 2026-07-02 15:51:46,579: -SERVICE [/horizontal_flight_logger2/set_logger_level] /horizontal_flight_logger2 rosrpc://localhost:34847
[rosmaster.master][INFO] 2026-07-02 15:51:46,626: publisherUpdate[/rosout] -> http://localhost:37489/ ['http://localhost:46265/']
[rosmaster.master][INFO] 2026-07-02 15:51:46,626: publisherUpdate[/mavros/setpoint_raw/local] -> http://localhost:46265/ []
[rosmaster.master][INFO] 2026-07-02 15:51:46,627: publisherUpdate[/mavros/setpoint_raw/local] -> http://localhost:46265/ []: sec=0.00, result=[1, '', 0]
[rosmaster.master][INFO] 2026-07-02 15:51:46,628: publisherUpdate[/rosout] -> http://localhost:37489/ ['http://localhost:46265/']: sec=0.00, result=[1, '', 0]
[rosmaster.master][INFO] 2026-07-02 15:52:01,606: -PUB [/rosout_agg] /rosout http://localhost:37489/
[rosmaster.master][INFO] 2026-07-02 15:52:01,607: -SUB [/rosout] /rosout http://localhost:37489/
[rosmaster.master][INFO] 2026-07-02 15:52:01,607: -SERVICE [/rosout/get_loggers] /rosout rosrpc://localhost:36829
[rosmaster.master][INFO] 2026-07-02 15:52:01,608: -SERVICE [/rosout/set_logger_level] /rosout rosrpc://localhost:36829
[rosmaster.master][INFO] 2026-07-02 15:52:01,608: -CACHEDPARAM [/rosout/omit_topics] by /rosout
[rosmaster.main][INFO] 2026-07-02 15:52:01,633: keyboard interrupt, will exit
[rosmaster.main][INFO] 2026-07-02 15:52:01,633: stopping master...
[rospy.core][INFO] 2026-07-02 15:52:01,633: signal_shutdown [atexit]
