[rosmaster.main][INFO] 2026-06-30 23:31:59,299: initialization complete, waiting for shutdown
[rosmaster.main][INFO] 2026-06-30 23:31:59,299: Starting ROS Master Node
[xmlrpc][INFO] 2026-06-30 23:31:59,301: XML-RPC server binding to 127.0.0.1:11311
[xmlrpc][INFO] 2026-06-30 23:31:59,301: Started XML-RPC server [http://localhost:11311/]
[xmlrpc][INFO] 2026-06-30 23:31:59,301: xml rpc node: starting XML-RPC server
[rosmaster.master][INFO] 2026-06-30 23:31:59,301: Master initialized: port[11311], uri[http://localhost:11311/]
[rosmaster.master][INFO] 2026-06-30 23:31:59,307: +PARAM [/run_id] by /roslaunch
[rosmaster.master][INFO] 2026-06-30 23:31:59,308: +PARAM [/roslaunch/uris/host_localhost__43995] by /roslaunch
[rosmaster.master][INFO] 2026-06-30 23:31:59,346: +PARAM [/rosversion] by /roslaunch
[rosmaster.master][INFO] 2026-06-30 23:31:59,346: +PARAM [/rosdistro] by /roslaunch
[rosmaster.master][INFO] 2026-06-30 23:31:59,407: +SERVICE [/rosout/get_loggers] /rosout http://localhost:33605/
[rosmaster.master][INFO] 2026-06-30 23:31:59,408: +SERVICE [/rosout/set_logger_level] /rosout http://localhost:33605/
[rosmaster.master][INFO] 2026-06-30 23:31:59,409: +PUB [/rosout_agg] /rosout http://localhost:33605/
[rosmaster.master][INFO] 2026-06-30 23:31:59,412: +SUB [/rosout] /rosout http://localhost:33605/
[rosmaster.master][INFO] 2026-06-30 23:32:04,809: +PARAM [/roslaunch/uris/host_localhost__37077] by /roslaunch
[rosmaster.master][INFO] 2026-06-30 23:32:04,820: +PARAM [/rosversion] by /roslaunch
[rosmaster.master][INFO] 2026-06-30 23:32:04,821: +PARAM [/rosdistro] by /roslaunch
[rosmaster.master][INFO] 2026-06-30 23:32:04,821: +PARAM [/mavros/plugin_blacklist] by /roslaunch
[rosmaster.master][INFO] 2026-06-30 23:32:04,822: +PARAM [/mavros/plugin_whitelist] by /roslaunch
[rosmaster.master][INFO] 2026-06-30 23:32:04,822: +PARAM [/mavros/startup_px4_usb_quirk] by /roslaunch
[rosmaster.master][INFO] 2026-06-30 23:32:04,822: +PARAM [/mavros/conn/heartbeat_rate] by /roslaunch
[rosmaster.master][INFO] 2026-06-30 23:32:04,822: +PARAM [/mavros/conn/heartbeat_mav_type] by /roslaunch
[rosmaster.master][INFO] 2026-06-30 23:32:04,822: +PARAM [/mavros/conn/timeout] by /roslaunch
[rosmaster.master][INFO] 2026-06-30 23:32:04,822: +PARAM [/mavros/conn/timesync_rate] by /roslaunch
[rosmaster.master][INFO] 2026-06-30 23:32:04,822: +PARAM [/mavros/conn/system_time_rate] by /roslaunch
[rosmaster.master][INFO] 2026-06-30 23:32:04,822: +PARAM [/mavros/sys/min_voltage] by /roslaunch
[rosmaster.master][INFO] 2026-06-30 23:32:04,822: +PARAM [/mavros/sys/disable_diag] by /roslaunch
[rosmaster.master][INFO] 2026-06-30 23:32:04,822: +PARAM [/mavros/time/time_ref_source] by /roslaunch
[rosmaster.master][INFO] 2026-06-30 23:32:04,823: +PARAM [/mavros/time/timesync_mode] by /roslaunch
[rosmaster.master][INFO] 2026-06-30 23:32:04,824: +PARAM [/mavros/time/timesync_avg_alpha] by /roslaunch
[rosmaster.master][INFO] 2026-06-30 23:32:04,824: +PARAM [/mavros/tdr_radio/low_rssi] by /roslaunch
[rosmaster.master][INFO] 2026-06-30 23:32:04,824: +PARAM [/mavros/cmd/use_comp_id_system_control] by /roslaunch
[rosmaster.master][INFO] 2026-06-30 23:32:04,824: +PARAM [/mavros/global_position/frame_id] by /roslaunch
[rosmaster.master][INFO] 2026-06-30 23:32:04,824: +PARAM [/mavros/global_position/child_frame_id] by /roslaunch
[rosmaster.master][INFO] 2026-06-30 23:32:04,824: +PARAM [/mavros/global_position/rot_covariance] by /roslaunch
[rosmaster.master][INFO] 2026-06-30 23:32:04,824: +PARAM [/mavros/global_position/gps_uere] by /roslaunch
[rosmaster.master][INFO] 2026-06-30 23:32:04,824: +PARAM [/mavros/global_position/use_relative_alt] by /roslaunch
[rosmaster.master][INFO] 2026-06-30 23:32:04,824: +PARAM [/mavros/global_position/tf/send] by /roslaunch
[rosmaster.master][INFO] 2026-06-30 23:32:04,824: +PARAM [/mavros/global_position/tf/frame_id] by /roslaunch
[rosmaster.master][INFO] 2026-06-30 23:32:04,824: +PARAM [/mavros/global_position/tf/global_frame_id] by /roslaunch
[rosmaster.master][INFO] 2026-06-30 23:32:04,824: +PARAM [/mavros/global_position/tf/child_frame_id] by /roslaunch
[rosmaster.master][INFO] 2026-06-30 23:32:04,824: +PARAM [/mavros/imu/frame_id] by /roslaunch
[rosmaster.master][INFO] 2026-06-30 23:32:04,825: +PARAM [/mavros/imu/linear_acceleration_stdev] by /roslaunch
[rosmaster.master][INFO] 2026-06-30 23:32:04,825: +PARAM [/mavros/imu/angular_velocity_stdev] by /roslaunch
[rosmaster.master][INFO] 2026-06-30 23:32:04,825: +PARAM [/mavros/imu/orientation_stdev] by /roslaunch
[rosmaster.master][INFO] 2026-06-30 23:32:04,825: +PARAM [/mavros/imu/magnetic_stdev] by /roslaunch
[rosmaster.master][INFO] 2026-06-30 23:32:04,825: +PARAM [/mavros/local_position/frame_id] by /roslaunch
[rosmaster.master][INFO] 2026-06-30 23:32:04,825: +PARAM [/mavros/local_position/tf/send] by /roslaunch
[rosmaster.master][INFO] 2026-06-30 23:32:04,825: +PARAM [/mavros/local_position/tf/frame_id] by /roslaunch
[rosmaster.master][INFO] 2026-06-30 23:32:04,825: +PARAM [/mavros/local_position/tf/child_frame_id] by /roslaunch
[rosmaster.master][INFO] 2026-06-30 23:32:04,825: +PARAM [/mavros/local_position/tf/send_fcu] by /roslaunch
[rosmaster.master][INFO] 2026-06-30 23:32:04,825: +PARAM [/mavros/safety_area/p1/x] by /roslaunch
[rosmaster.master][INFO] 2026-06-30 23:32:04,825: +PARAM [/mavros/safety_area/p1/y] by /roslaunch
[rosmaster.master][INFO] 2026-06-30 23:32:04,825: +PARAM [/mavros/safety_area/p1/z] by /roslaunch
[rosmaster.master][INFO] 2026-06-30 23:32:04,825: +PARAM [/mavros/safety_area/p2/x] by /roslaunch
[rosmaster.master][INFO] 2026-06-30 23:32:04,825: +PARAM [/mavros/safety_area/p2/y] by /roslaunch
[rosmaster.master][INFO] 2026-06-30 23:32:04,825: +PARAM [/mavros/safety_area/p2/z] by /roslaunch
[rosmaster.master][INFO] 2026-06-30 23:32:04,825: +PARAM [/mavros/setpoint_accel/send_force] by /roslaunch
[rosmaster.master][INFO] 2026-06-30 23:32:04,825: +PARAM [/mavros/setpoint_attitude/reverse_thrust] by /roslaunch
[rosmaster.master][INFO] 2026-06-30 23:32:04,825: +PARAM [/mavros/setpoint_attitude/use_quaternion] by /roslaunch
[rosmaster.master][INFO] 2026-06-30 23:32:04,825: +PARAM [/mavros/setpoint_attitude/tf/listen] by /roslaunch
[rosmaster.master][INFO] 2026-06-30 23:32:04,825: +PARAM [/mavros/setpoint_attitude/tf/frame_id] by /roslaunch
[rosmaster.master][INFO] 2026-06-30 23:32:04,825: +PARAM [/mavros/setpoint_attitude/tf/child_frame_id] by /roslaunch
[rosmaster.master][INFO] 2026-06-30 23:32:04,826: +PARAM [/mavros/setpoint_attitude/tf/rate_limit] by /roslaunch
[rosmaster.master][INFO] 2026-06-30 23:32:04,826: +PARAM [/mavros/setpoint_raw/thrust_scaling] by /roslaunch
[rosmaster.master][INFO] 2026-06-30 23:32:04,826: +PARAM [/mavros/setpoint_position/tf/listen] by /roslaunch
[rosmaster.master][INFO] 2026-06-30 23:32:04,826: +PARAM [/mavros/setpoint_position/tf/frame_id] by /roslaunch
[rosmaster.master][INFO] 2026-06-30 23:32:04,826: +PARAM [/mavros/setpoint_position/tf/child_frame_id] by /roslaunch
[rosmaster.master][INFO] 2026-06-30 23:32:04,826: +PARAM [/mavros/setpoint_position/tf/rate_limit] by /roslaunch
[rosmaster.master][INFO] 2026-06-30 23:32:04,826: +PARAM [/mavros/setpoint_position/mav_frame] by /roslaunch
[rosmaster.master][INFO] 2026-06-30 23:32:04,826: +PARAM [/mavros/guided_target/tf/listen] by /roslaunch
[rosmaster.master][INFO] 2026-06-30 23:32:04,826: +PARAM [/mavros/guided_target/tf/frame_id] by /roslaunch
[rosmaster.master][INFO] 2026-06-30 23:32:04,826: +PARAM [/mavros/guided_target/tf/child_frame_id] by /roslaunch
[rosmaster.master][INFO] 2026-06-30 23:32:04,826: +PARAM [/mavros/guided_target/tf/rate_limit] by /roslaunch
[rosmaster.master][INFO] 2026-06-30 23:32:04,826: +PARAM [/mavros/setpoint_velocity/mav_frame] by /roslaunch
[rosmaster.master][INFO] 2026-06-30 23:32:04,826: +PARAM [/mavros/mission/pull_after_gcs] by /roslaunch
[rosmaster.master][INFO] 2026-06-30 23:32:04,826: +PARAM [/mavros/mission/use_mission_item_int] by /roslaunch
[rosmaster.master][INFO] 2026-06-30 23:32:04,826: +PARAM [/mavros/distance_sensor/rangefinder_pub/id] by /roslaunch
[rosmaster.master][INFO] 2026-06-30 23:32:04,826: +PARAM [/mavros/distance_sensor/rangefinder_pub/frame_id] by /roslaunch
[rosmaster.master][INFO] 2026-06-30 23:32:04,826: +PARAM [/mavros/distance_sensor/rangefinder_pub/field_of_view] by /roslaunch
[rosmaster.master][INFO] 2026-06-30 23:32:04,826: +PARAM [/mavros/distance_sensor/rangefinder_pub/send_tf] by /roslaunch
[rosmaster.master][INFO] 2026-06-30 23:32:04,826: +PARAM [/mavros/distance_sensor/rangefinder_pub/sensor_position/x] by /roslaunch
[rosmaster.master][INFO] 2026-06-30 23:32:04,826: +PARAM [/mavros/distance_sensor/rangefinder_pub/sensor_position/y] by /roslaunch
[rosmaster.master][INFO] 2026-06-30 23:32:04,826: +PARAM [/mavros/distance_sensor/rangefinder_pub/sensor_position/z] by /roslaunch
[rosmaster.master][INFO] 2026-06-30 23:32:04,827: +PARAM [/mavros/distance_sensor/rangefinder_sub/subscriber] by /roslaunch
[rosmaster.master][INFO] 2026-06-30 23:32:04,827: +PARAM [/mavros/distance_sensor/rangefinder_sub/id] by /roslaunch
[rosmaster.master][INFO] 2026-06-30 23:32:04,827: +PARAM [/mavros/distance_sensor/rangefinder_sub/orientation] by /roslaunch
[rosmaster.master][INFO] 2026-06-30 23:32:04,827: +PARAM [/mavros/image/frame_id] by /roslaunch
[rosmaster.master][INFO] 2026-06-30 23:32:04,827: +PARAM [/mavros/fake_gps/use_mocap] by /roslaunch
[rosmaster.master][INFO] 2026-06-30 23:32:04,827: +PARAM [/mavros/fake_gps/mocap_transform] by /roslaunch
[rosmaster.master][INFO] 2026-06-30 23:32:04,827: +PARAM [/mavros/fake_gps/mocap_withcovariance] by /roslaunch
[rosmaster.master][INFO] 2026-06-30 23:32:04,827: +PARAM [/mavros/fake_gps/use_vision] by /roslaunch
[rosmaster.master][INFO] 2026-06-30 23:32:04,827: +PARAM [/mavros/fake_gps/use_hil_gps] by /roslaunch
[rosmaster.master][INFO] 2026-06-30 23:32:04,827: +PARAM [/mavros/fake_gps/gps_id] by /roslaunch
[rosmaster.master][INFO] 2026-06-30 23:32:04,827: +PARAM [/mavros/fake_gps/geo_origin/lat] by /roslaunch
[rosmaster.master][INFO] 2026-06-30 23:32:04,827: +PARAM [/mavros/fake_gps/geo_origin/lon] by /roslaunch
[rosmaster.master][INFO] 2026-06-30 23:32:04,827: +PARAM [/mavros/fake_gps/geo_origin/alt] by /roslaunch
[rosmaster.master][INFO] 2026-06-30 23:32:04,827: +PARAM [/mavros/fake_gps/eph] by /roslaunch
[rosmaster.master][INFO] 2026-06-30 23:32:04,827: +PARAM [/mavros/fake_gps/epv] by /roslaunch
[rosmaster.master][INFO] 2026-06-30 23:32:04,827: +PARAM [/mavros/fake_gps/horiz_accuracy] by /roslaunch
[rosmaster.master][INFO] 2026-06-30 23:32:04,827: +PARAM [/mavros/fake_gps/vert_accuracy] by /roslaunch
[rosmaster.master][INFO] 2026-06-30 23:32:04,828: +PARAM [/mavros/fake_gps/speed_accuracy] by /roslaunch
[rosmaster.master][INFO] 2026-06-30 23:32:04,828: +PARAM [/mavros/fake_gps/satellites_visible] by /roslaunch
[rosmaster.master][INFO] 2026-06-30 23:32:04,828: +PARAM [/mavros/fake_gps/fix_type] by /roslaunch
[rosmaster.master][INFO] 2026-06-30 23:32:04,828: +PARAM [/mavros/fake_gps/tf/listen] by /roslaunch
[rosmaster.master][INFO] 2026-06-30 23:32:04,828: +PARAM [/mavros/fake_gps/tf/send] by /roslaunch
[rosmaster.master][INFO] 2026-06-30 23:32:04,828: +PARAM [/mavros/fake_gps/tf/frame_id] by /roslaunch
[rosmaster.master][INFO] 2026-06-30 23:32:04,828: +PARAM [/mavros/fake_gps/tf/child_frame_id] by /roslaunch
[rosmaster.master][INFO] 2026-06-30 23:32:04,828: +PARAM [/mavros/fake_gps/tf/rate_limit] by /roslaunch
[rosmaster.master][INFO] 2026-06-30 23:32:04,828: +PARAM [/mavros/fake_gps/gps_rate] by /roslaunch
[rosmaster.master][INFO] 2026-06-30 23:32:04,828: +PARAM [/mavros/landing_target/listen_lt] by /roslaunch
[rosmaster.master][INFO] 2026-06-30 23:32:04,828: +PARAM [/mavros/landing_target/mav_frame] by /roslaunch
[rosmaster.master][INFO] 2026-06-30 23:32:04,828: +PARAM [/mavros/landing_target/land_target_type] by /roslaunch
[rosmaster.master][INFO] 2026-06-30 23:32:04,828: +PARAM [/mavros/landing_target/image/width] by /roslaunch
[rosmaster.master][INFO] 2026-06-30 23:32:04,828: +PARAM [/mavros/landing_target/image/height] by /roslaunch
[rosmaster.master][INFO] 2026-06-30 23:32:04,828: +PARAM [/mavros/landing_target/camera/fov_x] by /roslaunch
[rosmaster.master][INFO] 2026-06-30 23:32:04,828: +PARAM [/mavros/landing_target/camera/fov_y] by /roslaunch
[rosmaster.master][INFO] 2026-06-30 23:32:04,828: +PARAM [/mavros/landing_target/tf/send] by /roslaunch
[rosmaster.master][INFO] 2026-06-30 23:32:04,828: +PARAM [/mavros/landing_target/tf/listen] by /roslaunch
[rosmaster.master][INFO] 2026-06-30 23:32:04,829: +PARAM [/mavros/landing_target/tf/frame_id] by /roslaunch
[rosmaster.master][INFO] 2026-06-30 23:32:04,829: +PARAM [/mavros/landing_target/tf/child_frame_id] by /roslaunch
[rosmaster.master][INFO] 2026-06-30 23:32:04,829: +PARAM [/mavros/landing_target/tf/rate_limit] by /roslaunch
[rosmaster.master][INFO] 2026-06-30 23:32:04,829: +PARAM [/mavros/landing_target/target_size/x] by /roslaunch
[rosmaster.master][INFO] 2026-06-30 23:32:04,829: +PARAM [/mavros/landing_target/target_size/y] by /roslaunch
[rosmaster.master][INFO] 2026-06-30 23:32:04,829: +PARAM [/mavros/mocap/use_tf] by /roslaunch
[rosmaster.master][INFO] 2026-06-30 23:32:04,829: +PARAM [/mavros/mocap/use_pose] by /roslaunch
[rosmaster.master][INFO] 2026-06-30 23:32:04,829: +PARAM [/mavros/mount/debounce_s] by /roslaunch
[rosmaster.master][INFO] 2026-06-30 23:32:04,829: +PARAM [/mavros/mount/err_threshold_deg] by /roslaunch
[rosmaster.master][INFO] 2026-06-30 23:32:04,829: +PARAM [/mavros/mount/negate_measured_roll] by /roslaunch
[rosmaster.master][INFO] 2026-06-30 23:32:04,829: +PARAM [/mavros/mount/negate_measured_pitch] by /roslaunch
[rosmaster.master][INFO] 2026-06-30 23:32:04,829: +PARAM [/mavros/mount/negate_measured_yaw] by /roslaunch
[rosmaster.master][INFO] 2026-06-30 23:32:04,829: +PARAM [/mavros/odometry/frame_tf/desired_frame] by /roslaunch
[rosmaster.master][INFO] 2026-06-30 23:32:04,829: +PARAM [/mavros/odometry/estimator_type] by /roslaunch
[rosmaster.master][INFO] 2026-06-30 23:32:04,829: +PARAM [/mavros/px4flow/frame_id] by /roslaunch
[rosmaster.master][INFO] 2026-06-30 23:32:04,830: +PARAM [/mavros/px4flow/ranger_fov] by /roslaunch
[rosmaster.master][INFO] 2026-06-30 23:32:04,830: +PARAM [/mavros/px4flow/ranger_min_range] by /roslaunch
[rosmaster.master][INFO] 2026-06-30 23:32:04,830: +PARAM [/mavros/px4flow/ranger_max_range] by /roslaunch
[rosmaster.master][INFO] 2026-06-30 23:32:04,830: +PARAM [/mavros/vision_pose/tf/listen] by /roslaunch
[rosmaster.master][INFO] 2026-06-30 23:32:04,830: +PARAM [/mavros/vision_pose/tf/frame_id] by /roslaunch
[rosmaster.master][INFO] 2026-06-30 23:32:04,830: +PARAM [/mavros/vision_pose/tf/child_frame_id] by /roslaunch
[rosmaster.master][INFO] 2026-06-30 23:32:04,830: +PARAM [/mavros/vision_pose/tf/rate_limit] by /roslaunch
[rosmaster.master][INFO] 2026-06-30 23:32:04,830: +PARAM [/mavros/vision_speed/listen_twist] by /roslaunch
[rosmaster.master][INFO] 2026-06-30 23:32:04,830: +PARAM [/mavros/vision_speed/twist_cov] by /roslaunch
[rosmaster.master][INFO] 2026-06-30 23:32:04,830: +PARAM [/mavros/vibration/frame_id] by /roslaunch
[rosmaster.master][INFO] 2026-06-30 23:32:04,830: +PARAM [/mavros/wheel_odometry/count] by /roslaunch
[rosmaster.master][INFO] 2026-06-30 23:32:04,830: +PARAM [/mavros/wheel_odometry/use_rpm] by /roslaunch
[rosmaster.master][INFO] 2026-06-30 23:32:04,830: +PARAM [/mavros/wheel_odometry/wheel0/x] by /roslaunch
[rosmaster.master][INFO] 2026-06-30 23:32:04,830: +PARAM [/mavros/wheel_odometry/wheel0/y] by /roslaunch
[rosmaster.master][INFO] 2026-06-30 23:32:04,830: +PARAM [/mavros/wheel_odometry/wheel0/radius] by /roslaunch
[rosmaster.master][INFO] 2026-06-30 23:32:04,830: +PARAM [/mavros/wheel_odometry/wheel1/x] by /roslaunch
[rosmaster.master][INFO] 2026-06-30 23:32:04,830: +PARAM [/mavros/wheel_odometry/wheel1/y] by /roslaunch
[rosmaster.master][INFO] 2026-06-30 23:32:04,830: +PARAM [/mavros/wheel_odometry/wheel1/radius] by /roslaunch
[rosmaster.master][INFO] 2026-06-30 23:32:04,830: +PARAM [/mavros/wheel_odometry/send_raw] by /roslaunch
[rosmaster.master][INFO] 2026-06-30 23:32:04,831: +PARAM [/mavros/wheel_odometry/send_twist] by /roslaunch
[rosmaster.master][INFO] 2026-06-30 23:32:04,831: +PARAM [/mavros/wheel_odometry/frame_id] by /roslaunch
[rosmaster.master][INFO] 2026-06-30 23:32:04,831: +PARAM [/mavros/wheel_odometry/child_frame_id] by /roslaunch
[rosmaster.master][INFO] 2026-06-30 23:32:04,831: +PARAM [/mavros/wheel_odometry/vel_error] by /roslaunch
[rosmaster.master][INFO] 2026-06-30 23:32:04,831: +PARAM [/mavros/wheel_odometry/tf/send] by /roslaunch
[rosmaster.master][INFO] 2026-06-30 23:32:04,831: +PARAM [/mavros/wheel_odometry/tf/frame_id] by /roslaunch
[rosmaster.master][INFO] 2026-06-30 23:32:04,831: +PARAM [/mavros/wheel_odometry/tf/child_frame_id] by /roslaunch
[rosmaster.master][INFO] 2026-06-30 23:32:04,831: +PARAM [/mavros/fcu_url] by /roslaunch
[rosmaster.master][INFO] 2026-06-30 23:32:04,831: +PARAM [/mavros/gcs_url] by /roslaunch
[rosmaster.master][INFO] 2026-06-30 23:32:04,831: +PARAM [/mavros/target_system_id] by /roslaunch
[rosmaster.master][INFO] 2026-06-30 23:32:04,831: +PARAM [/mavros/target_component_id] by /roslaunch
[rosmaster.master][INFO] 2026-06-30 23:32:04,831: +PARAM [/mavros/fcu_protocol] by /roslaunch
[rosmaster.master][INFO] 2026-06-30 23:32:04,972: +PUB [/rosout] /mavros http://localhost:35363/
[rosmaster.master][INFO] 2026-06-30 23:32:04,972: +SERVICE [/mavros/get_loggers] /mavros http://localhost:35363/
[rosmaster.master][INFO] 2026-06-30 23:32:04,973: +SERVICE [/mavros/set_logger_level] /mavros http://localhost:35363/
[rosmaster.master][INFO] 2026-06-30 23:32:04,974: +PUB [/diagnostics] /mavros http://localhost:35363/
[rosmaster.master][INFO] 2026-06-30 23:32:04,975: +CACHEDPARAM [/mavros/diagnostic_period] by /mavros
[rosmaster.master][INFO] 2026-06-30 23:32:04,993: +SUB [/tf] /mavros http://localhost:35363/
[rosmaster.master][INFO] 2026-06-30 23:32:04,995: +SUB [/tf_static] /mavros http://localhost:35363/
[rosmaster.master][INFO] 2026-06-30 23:32:04,996: +PUB [/tf] /mavros http://localhost:35363/
[rosmaster.master][INFO] 2026-06-30 23:32:04,996: +PUB [/tf_static] /mavros http://localhost:35363/
[rosmaster.master][INFO] 2026-06-30 23:32:05,022: publisherUpdate[/rosout] -> http://localhost:33605/ ['http://localhost:35363/']
[rosmaster.master][INFO] 2026-06-30 23:32:05,022: publisherUpdate[/tf] -> http://localhost:35363/ ['http://localhost:35363/']
[rosmaster.master][INFO] 2026-06-30 23:32:05,025: publisherUpdate[/tf] -> http://localhost:35363/ ['http://localhost:35363/']: sec=0.00, result=[1, '', 0]
[rosmaster.master][INFO] 2026-06-30 23:32:05,026: publisherUpdate[/rosout] -> http://localhost:33605/ ['http://localhost:35363/']: sec=0.00, result=[1, '', 0]
[rosmaster.master][INFO] 2026-06-30 23:32:05,026: publisherUpdate[/tf_static] -> http://localhost:35363/ ['http://localhost:35363/']
[rosmaster.master][INFO] 2026-06-30 23:32:05,026: publisherUpdate[/tf_static] -> http://localhost:35363/ ['http://localhost:35363/']: sec=0.00, result=[1, '', 0]
[rosmaster.master][INFO] 2026-06-30 23:32:05,073: +CACHEDPARAM [/rosout_disable_topics_generation] by /mavros
[rosmaster.master][INFO] 2026-06-30 23:32:05,077: +PUB [/mavlink/from] /mavros http://localhost:35363/
[rosmaster.master][INFO] 2026-06-30 23:32:05,079: +SUB [/mavlink/to] /mavros http://localhost:35363/
[rosmaster.master][INFO] 2026-06-30 23:32:05,176: +PUB [/mavros/radio_status] /mavros http://localhost:35363/
[rosmaster.master][INFO] 2026-06-30 23:32:05,250: +PUB [/mavros/adsb/vehicle] /mavros http://localhost:35363/
[rosmaster.master][INFO] 2026-06-30 23:32:05,251: +CACHEDPARAM [/rosout/omit_topics] by /rosout
[rosmaster.master][INFO] 2026-06-30 23:32:05,255: +SUB [/mavros/adsb/send] /mavros http://localhost:35363/
[rosmaster.master][INFO] 2026-06-30 23:32:05,256: +PUB [/mavros/cam_imu_sync/cam_imu_stamp] /mavros http://localhost:35363/
[rosmaster.master][INFO] 2026-06-30 23:32:05,257: +PUB [/mavros/camera/image_captured] /mavros http://localhost:35363/
[rosmaster.master][INFO] 2026-06-30 23:32:05,259: +SUB [/mavros/cellular_status/status] /mavros http://localhost:35363/
[rosmaster.master][INFO] 2026-06-30 23:32:05,262: +SERVICE [/mavros/cmd/command] /mavros http://localhost:35363/
[rosmaster.master][INFO] 2026-06-30 23:32:05,263: +SERVICE [/mavros/cmd/command_ack] /mavros http://localhost:35363/
[rosmaster.master][INFO] 2026-06-30 23:32:05,263: +SERVICE [/mavros/cmd/command_int] /mavros http://localhost:35363/
[rosmaster.master][INFO] 2026-06-30 23:32:05,264: +SERVICE [/mavros/cmd/arming] /mavros http://localhost:35363/
[rosmaster.master][INFO] 2026-06-30 23:32:05,265: +SERVICE [/mavros/cmd/set_home] /mavros http://localhost:35363/
[rosmaster.master][INFO] 2026-06-30 23:32:05,265: +SERVICE [/mavros/cmd/takeoff] /mavros http://localhost:35363/
[rosmaster.master][INFO] 2026-06-30 23:32:05,266: +SERVICE [/mavros/cmd/land] /mavros http://localhost:35363/
[rosmaster.master][INFO] 2026-06-30 23:32:05,266: +SERVICE [/mavros/cmd/trigger_control] /mavros http://localhost:35363/
[rosmaster.master][INFO] 2026-06-30 23:32:05,267: +SERVICE [/mavros/cmd/trigger_interval] /mavros http://localhost:35363/
[rosmaster.master][INFO] 2026-06-30 23:32:05,268: +SERVICE [/mavros/cmd/vtol_transition] /mavros http://localhost:35363/
[rosmaster.master][INFO] 2026-06-30 23:32:05,271: +SUB [/mavros/companion_process/status] /mavros http://localhost:35363/
[rosmaster.master][INFO] 2026-06-30 23:32:05,275: +PUB [/mavros/distance_sensor/rangefinder_pub] /mavros http://localhost:35363/
[rosmaster.master][INFO] 2026-06-30 23:32:05,279: +SUB [/mavros/distance_sensor/rangefinder_sub] /mavros http://localhost:35363/
[rosmaster.master][INFO] 2026-06-30 23:32:05,280: +PUB [/mavros/esc_info] /mavros http://localhost:35363/
[rosmaster.master][INFO] 2026-06-30 23:32:05,281: +PUB [/mavros/esc_status] /mavros http://localhost:35363/
[rosmaster.master][INFO] 2026-06-30 23:32:05,281: +PUB [/mavros/esc_telemetry] /mavros http://localhost:35363/
[rosmaster.master][INFO] 2026-06-30 23:32:05,298: +SUB [/mavros/fake_gps/mocap/pose] /mavros http://localhost:35363/
[rosmaster.master][INFO] 2026-06-30 23:32:05,301: +PUB [/mavros/geofence/waypoints] /mavros http://localhost:35363/
[rosmaster.master][INFO] 2026-06-30 23:32:05,301: +SERVICE [/mavros/geofence/pull] /mavros http://localhost:35363/
[rosmaster.master][INFO] 2026-06-30 23:32:05,302: +SERVICE [/mavros/geofence/push] /mavros http://localhost:35363/
[rosmaster.master][INFO] 2026-06-30 23:32:05,302: +SERVICE [/mavros/geofence/clear] /mavros http://localhost:35363/
[rosmaster.master][INFO] 2026-06-30 23:32:05,308: +PUB [/mavros/global_position/raw/fix] /mavros http://localhost:35363/
[rosmaster.master][INFO] 2026-06-30 23:32:05,308: +PUB [/mavros/global_position/raw/gps_vel] /mavros http://localhost:35363/
[rosmaster.master][INFO] 2026-06-30 23:32:05,309: +PUB [/mavros/global_position/raw/satellites] /mavros http://localhost:35363/
[rosmaster.master][INFO] 2026-06-30 23:32:05,309: +PUB [/mavros/global_position/global] /mavros http://localhost:35363/
[rosmaster.master][INFO] 2026-06-30 23:32:05,310: +PUB [/mavros/global_position/local] /mavros http://localhost:35363/
[rosmaster.master][INFO] 2026-06-30 23:32:05,310: +PUB [/mavros/global_position/rel_alt] /mavros http://localhost:35363/
[rosmaster.master][INFO] 2026-06-30 23:32:05,310: +PUB [/mavros/global_position/compass_hdg] /mavros http://localhost:35363/
[rosmaster.master][INFO] 2026-06-30 23:32:05,311: +PUB [/mavros/global_position/gp_origin] /mavros http://localhost:35363/
[rosmaster.master][INFO] 2026-06-30 23:32:05,313: +SUB [/mavros/global_position/set_gp_origin] /mavros http://localhost:35363/
[rosmaster.master][INFO] 2026-06-30 23:32:05,315: +SUB [/mavros/home_position/home] /mavros http://localhost:35363/
[rosmaster.master][INFO] 2026-06-30 23:32:05,316: +PUB [/mavros/global_position/gp_lp_offset] /mavros http://localhost:35363/
[rosmaster.master][INFO] 2026-06-30 23:32:05,318: +SUB [/mavros/gps_input/gps_input] /mavros http://localhost:35363/
[rosmaster.master][INFO] 2026-06-30 23:32:05,321: +SUB [/mavros/gps_rtk/send_rtcm] /mavros http://localhost:35363/
[rosmaster.master][INFO] 2026-06-30 23:32:05,321: +PUB [/mavros/gps_rtk/rtk_baseline] /mavros http://localhost:35363/
[rosmaster.master][INFO] 2026-06-30 23:32:05,323: +PUB [/mavros/gpsstatus/gps1/raw] /mavros http://localhost:35363/
[rosmaster.master][INFO] 2026-06-30 23:32:05,323: +PUB [/mavros/gpsstatus/gps2/raw] /mavros http://localhost:35363/
[rosmaster.master][INFO] 2026-06-30 23:32:05,324: +PUB [/mavros/gpsstatus/gps1/rtk] /mavros http://localhost:35363/
[rosmaster.master][INFO] 2026-06-30 23:32:05,324: +PUB [/mavros/gpsstatus/gps2/rtk] /mavros http://localhost:35363/
[rosmaster.master][INFO] 2026-06-30 23:32:05,328: +PUB [/move_base_simple/goal] /mavros http://localhost:35363/
[rosmaster.master][INFO] 2026-06-30 23:32:05,331: +SUB [/mavros/global_position/gp_origin] /mavros http://localhost:35363/
[rosmaster.master][INFO] 2026-06-30 23:32:05,332: +PUB [/mavros/home_position/home] /mavros http://localhost:35363/
[rosmaster.master][INFO] 2026-06-30 23:32:05,335: +SUB [/mavros/home_position/set] /mavros http://localhost:35363/
[rosmaster.master][INFO] 2026-06-30 23:32:05,335: +SERVICE [/mavros/home_position/req_update] /mavros http://localhost:35363/
[rosmaster.master][INFO] 2026-06-30 23:32:05,342: +PUB [/mavros/imu/data] /mavros http://localhost:35363/
[rosmaster.master][INFO] 2026-06-30 23:32:05,342: +PUB [/mavros/imu/mag] /mavros http://localhost:35363/
[rosmaster.master][INFO] 2026-06-30 23:32:05,343: +PUB [/mavros/imu/temperature_imu] /mavros http://localhost:35363/
[rosmaster.master][INFO] 2026-06-30 23:32:05,343: +PUB [/mavros/imu/temperature_baro] /mavros http://localhost:35363/
[rosmaster.master][INFO] 2026-06-30 23:32:05,344: +PUB [/mavros/imu/static_pressure] /mavros http://localhost:35363/
[rosmaster.master][INFO] 2026-06-30 23:32:05,345: +PUB [/mavros/imu/diff_pressure] /mavros http://localhost:35363/
[rosmaster.master][INFO] 2026-06-30 23:32:05,346: +PUB [/mavros/imu/data_raw] /mavros http://localhost:35363/
[rosmaster.master][INFO] 2026-06-30 23:32:05,357: +PUB [/mavros/landing_target/pose_in] /mavros http://localhost:35363/
[rosmaster.master][INFO] 2026-06-30 23:32:05,358: +PUB [/mavros/landing_target/lt_marker] /mavros http://localhost:35363/
[rosmaster.master][INFO] 2026-06-30 23:32:05,360: +SUB [/mavros/landing_target/pose] /mavros http://localhost:35363/
[rosmaster.master][INFO] 2026-06-30 23:32:05,363: +PUB [/mavros/local_position/pose] /mavros http://localhost:35363/
[rosmaster.master][INFO] 2026-06-30 23:32:05,364: +PUB [/mavros/local_position/pose_cov] /mavros http://localhost:35363/
[rosmaster.master][INFO] 2026-06-30 23:32:05,364: +PUB [/mavros/local_position/velocity_local] /mavros http://localhost:35363/
[rosmaster.master][INFO] 2026-06-30 23:32:05,365: +PUB [/mavros/local_position/velocity_body] /mavros http://localhost:35363/
[rosmaster.master][INFO] 2026-06-30 23:32:05,365: +PUB [/mavros/local_position/velocity_body_cov] /mavros http://localhost:35363/
[rosmaster.master][INFO] 2026-06-30 23:32:05,365: +PUB [/mavros/local_position/accel] /mavros http://localhost:35363/
[rosmaster.master][INFO] 2026-06-30 23:32:05,366: +PUB [/mavros/local_position/odom] /mavros http://localhost:35363/
[rosmaster.master][INFO] 2026-06-30 23:32:05,366: +PUB [/mavros/log_transfer/raw/log_entry] /mavros http://localhost:35363/
[rosmaster.master][INFO] 2026-06-30 23:32:05,367: +PUB [/mavros/log_transfer/raw/log_data] /mavros http://localhost:35363/
[rosmaster.master][INFO] 2026-06-30 23:32:05,367: +SERVICE [/mavros/log_transfer/raw/log_request_list] /mavros http://localhost:35363/
[rosmaster.master][INFO] 2026-06-30 23:32:05,368: +SERVICE [/mavros/log_transfer/raw/log_request_data] /mavros http://localhost:35363/
[rosmaster.master][INFO] 2026-06-30 23:32:05,368: +SERVICE [/mavros/log_transfer/raw/log_request_end] /mavros http://localhost:35363/
[rosmaster.master][INFO] 2026-06-30 23:32:05,369: +SERVICE [/mavros/log_transfer/raw/log_request_erase] /mavros http://localhost:35363/
[rosmaster.master][INFO] 2026-06-30 23:32:05,370: +PUB [/mavros/mag_calibration/status] /mavros http://localhost:35363/
[rosmaster.master][INFO] 2026-06-30 23:32:05,370: +PUB [/mavros/mag_calibration/report] /mavros http://localhost:35363/
[rosmaster.master][INFO] 2026-06-30 23:32:05,371: +PUB [/mavros/manual_control/control] /mavros http://localhost:35363/
[rosmaster.master][INFO] 2026-06-30 23:32:05,373: +SUB [/mavros/manual_control/send] /mavros http://localhost:35363/
[rosmaster.master][INFO] 2026-06-30 23:32:05,377: +SUB [/mavros/mocap/pose] /mavros http://localhost:35363/
[rosmaster.master][INFO] 2026-06-30 23:32:05,379: +SUB [/mavros/mount_control/command] /mavros http://localhost:35363/
[rosmaster.master][INFO] 2026-06-30 23:32:05,380: +PUB [/mavros/mount_control/orientation] /mavros http://localhost:35363/
[rosmaster.master][INFO] 2026-06-30 23:32:05,380: +PUB [/mavros/mount_control/status] /mavros http://localhost:35363/
[rosmaster.master][INFO] 2026-06-30 23:32:05,381: +SERVICE [/mavros/mount_control/configure] /mavros http://localhost:35363/
[rosmaster.master][INFO] 2026-06-30 23:32:05,386: +PUB [/mavros/nav_controller_output] /mavros http://localhost:35363/
[rosmaster.master][INFO] 2026-06-30 23:32:05,388: +SUB [/mavros/obstacle/send] /mavros http://localhost:35363/
[rosmaster.master][INFO] 2026-06-30 23:32:05,390: +PUB [/mavros/odometry/in] /mavros http://localhost:35363/
[rosmaster.master][INFO] 2026-06-30 23:32:05,392: +SUB [/mavros/odometry/out] /mavros http://localhost:35363/
[rosmaster.master][INFO] 2026-06-30 23:32:05,395: +SUB [/mavros/onboard_computer/status] /mavros http://localhost:35363/
[rosmaster.master][INFO] 2026-06-30 23:32:05,396: +SERVICE [/mavros/param/pull] /mavros http://localhost:35363/
[rosmaster.master][INFO] 2026-06-30 23:32:05,396: +SERVICE [/mavros/param/push] /mavros http://localhost:35363/
[rosmaster.master][INFO] 2026-06-30 23:32:05,397: +SERVICE [/mavros/param/set] /mavros http://localhost:35363/
[rosmaster.master][INFO] 2026-06-30 23:32:05,398: +SERVICE [/mavros/param/get] /mavros http://localhost:35363/
[rosmaster.master][INFO] 2026-06-30 23:32:05,398: +PUB [/mavros/param/param_value] /mavros http://localhost:35363/
[rosmaster.master][INFO] 2026-06-30 23:32:05,401: +SUB [/mavros/play_tune] /mavros http://localhost:35363/
[rosmaster.master][INFO] 2026-06-30 23:32:05,402: +PUB [/mavros/rallypoint/waypoints] /mavros http://localhost:35363/
[rosmaster.master][INFO] 2026-06-30 23:32:05,403: +SERVICE [/mavros/rallypoint/pull] /mavros http://localhost:35363/
[rosmaster.master][INFO] 2026-06-30 23:32:05,403: +SERVICE [/mavros/rallypoint/push] /mavros http://localhost:35363/
[rosmaster.master][INFO] 2026-06-30 23:32:05,403: +SERVICE [/mavros/rallypoint/clear] /mavros http://localhost:35363/
[rosmaster.master][INFO] 2026-06-30 23:32:05,404: +PUB [/mavros/rangefinder/rangefinder] /mavros http://localhost:35363/
[rosmaster.master][INFO] 2026-06-30 23:32:05,405: +PUB [/mavros/rc/in] /mavros http://localhost:35363/
[rosmaster.master][INFO] 2026-06-30 23:32:05,406: +PUB [/mavros/rc/out] /mavros http://localhost:35363/
[rosmaster.master][INFO] 2026-06-30 23:32:05,408: +SUB [/mavros/rc/override] /mavros http://localhost:35363/
[rosmaster.master][INFO] 2026-06-30 23:32:05,411: +SUB [/mavros/setpoint_accel/accel] /mavros http://localhost:35363/
[rosmaster.master][INFO] 2026-06-30 23:32:05,417: +SUB [/mavros/setpoint_attitude/thrust] /mavros http://localhost:35363/
[rosmaster.master][INFO] 2026-06-30 23:32:05,419: +SUB [/mavros/setpoint_attitude/cmd_vel] /mavros http://localhost:35363/
[rosmaster.master][INFO] 2026-06-30 23:32:05,424: publisherUpdate[/mavros/home_position/home] -> http://localhost:35363/ ['http://localhost:35363/']
[rosmaster.master][INFO] 2026-06-30 23:32:05,426: publisherUpdate[/mavros/home_position/home] -> http://localhost:35363/ ['http://localhost:35363/']: sec=0.00, result=[1, '', 0]
[rosmaster.master][INFO] 2026-06-30 23:32:05,429: +SUB [/mavros/setpoint_position/local] /mavros http://localhost:35363/
[rosmaster.master][INFO] 2026-06-30 23:32:05,431: +SUB [/mavros/setpoint_position/global] /mavros http://localhost:35363/
[rosmaster.master][INFO] 2026-06-30 23:32:05,433: +SUB [/mavros/setpoint_position/global_to_local] /mavros http://localhost:35363/
[rosmaster.master][INFO] 2026-06-30 23:32:05,435: +SUB [/mavros/global_position/global] /mavros http://localhost:35363/
[rosmaster.master][INFO] 2026-06-30 23:32:05,437: +SUB [/mavros/local_position/pose] /mavros http://localhost:35363/
[rosmaster.master][INFO] 2026-06-30 23:32:05,437: +SERVICE [/mavros/setpoint_position/mav_frame] /mavros http://localhost:35363/
[rosmaster.master][INFO] 2026-06-30 23:32:05,440: +SUB [/mavros/setpoint_raw/local] /mavros http://localhost:35363/
[rosmaster.master][INFO] 2026-06-30 23:32:05,442: +SUB [/mavros/setpoint_raw/global] /mavros http://localhost:35363/
[rosmaster.master][INFO] 2026-06-30 23:32:05,444: +SUB [/mavros/setpoint_raw/attitude] /mavros http://localhost:35363/
[rosmaster.master][INFO] 2026-06-30 23:32:05,444: +PUB [/mavros/setpoint_raw/target_local] /mavros http://localhost:35363/
[rosmaster.master][INFO] 2026-06-30 23:32:05,444: +PUB [/mavros/setpoint_raw/target_global] /mavros http://localhost:35363/
[rosmaster.master][INFO] 2026-06-30 23:32:05,445: +PUB [/mavros/setpoint_raw/target_attitude] /mavros http://localhost:35363/
[rosmaster.master][INFO] 2026-06-30 23:32:05,448: +SUB [/mavros/setpoint_trajectory/local] /mavros http://localhost:35363/
[rosmaster.master][INFO] 2026-06-30 23:32:05,448: +PUB [/mavros/setpoint_trajectory/desired] /mavros http://localhost:35363/
[rosmaster.master][INFO] 2026-06-30 23:32:05,449: +SERVICE [/mavros/setpoint_trajectory/reset] /mavros http://localhost:35363/
[rosmaster.master][INFO] 2026-06-30 23:32:05,449: +SERVICE [/mavros/setpoint_trajectory/mav_frame] /mavros http://localhost:35363/
[rosmaster.master][INFO] 2026-06-30 23:32:05,451: +SUB [/mavros/setpoint_velocity/cmd_vel] /mavros http://localhost:35363/
[rosmaster.master][INFO] 2026-06-30 23:32:05,453: +SUB [/mavros/setpoint_velocity/cmd_vel_unstamped] /mavros http://localhost:35363/
[rosmaster.master][INFO] 2026-06-30 23:32:05,454: +SERVICE [/mavros/setpoint_velocity/mav_frame] /mavros http://localhost:35363/
[rosmaster.master][INFO] 2026-06-30 23:32:05,458: +PUB [/mavros/state] /mavros http://localhost:35363/
[rosmaster.master][INFO] 2026-06-30 23:32:05,459: +PUB [/mavros/extended_state] /mavros http://localhost:35363/
[rosmaster.master][INFO] 2026-06-30 23:32:05,459: +PUB [/mavros/battery] /mavros http://localhost:35363/
[rosmaster.master][INFO] 2026-06-30 23:32:05,460: +PUB [/mavros/estimator_status] /mavros http://localhost:35363/
[rosmaster.master][INFO] 2026-06-30 23:32:05,460: +PUB [/mavros/statustext/recv] /mavros http://localhost:35363/
[rosmaster.master][INFO] 2026-06-30 23:32:05,461: +PUB [/mavros/sys_status] /mavros http://localhost:35363/
[rosmaster.master][INFO] 2026-06-30 23:32:05,463: +SUB [/mavros/statustext/send] /mavros http://localhost:35363/
[rosmaster.master][INFO] 2026-06-30 23:32:05,463: +SERVICE [/mavros/set_stream_rate] /mavros http://localhost:35363/
[rosmaster.master][INFO] 2026-06-30 23:32:05,464: +SERVICE [/mavros/set_mode] /mavros http://localhost:35363/
[rosmaster.master][INFO] 2026-06-30 23:32:05,464: +SERVICE [/mavros/vehicle_info_get] /mavros http://localhost:35363/
[rosmaster.master][INFO] 2026-06-30 23:32:05,465: +SERVICE [/mavros/set_message_interval] /mavros http://localhost:35363/
[rosmaster.master][INFO] 2026-06-30 23:32:05,471: +PUB [/mavros/time_reference] /mavros http://localhost:35363/
[rosmaster.master][INFO] 2026-06-30 23:32:05,471: +PUB [/mavros/timesync_status] /mavros http://localhost:35363/
[rosmaster.master][INFO] 2026-06-30 23:32:05,472: +PUB [/mavros/terrain/report] /mavros http://localhost:35363/
[rosmaster.master][INFO] 2026-06-30 23:32:05,474: +SUB [/mavros/trajectory/generated] /mavros http://localhost:35363/
[rosmaster.master][INFO] 2026-06-30 23:32:05,476: +SUB [/mavros/trajectory/path] /mavros http://localhost:35363/
[rosmaster.master][INFO] 2026-06-30 23:32:05,477: +PUB [/mavros/trajectory/desired] /mavros http://localhost:35363/
[rosmaster.master][INFO] 2026-06-30 23:32:05,479: +SUB [/mavros/tunnel/in] /mavros http://localhost:35363/
[rosmaster.master][INFO] 2026-06-30 23:32:05,479: +PUB [/mavros/tunnel/out] /mavros http://localhost:35363/
[rosmaster.master][INFO] 2026-06-30 23:32:05,480: +PUB [/mavros/vfr_hud] /mavros http://localhost:35363/
[rosmaster.master][INFO] 2026-06-30 23:32:05,484: +SUB [/mavros/vision_pose/pose] /mavros http://localhost:35363/
[rosmaster.master][INFO] 2026-06-30 23:32:05,486: +SUB [/mavros/vision_pose/pose_cov] /mavros http://localhost:35363/
[rosmaster.master][INFO] 2026-06-30 23:32:05,489: +PUB [/mavros/mission/waypoints] /mavros http://localhost:35363/
[rosmaster.master][INFO] 2026-06-30 23:32:05,489: +SERVICE [/mavros/mission/pull] /mavros http://localhost:35363/
[rosmaster.master][INFO] 2026-06-30 23:32:05,489: +SERVICE [/mavros/mission/push] /mavros http://localhost:35363/
[rosmaster.master][INFO] 2026-06-30 23:32:05,490: +SERVICE [/mavros/mission/clear] /mavros http://localhost:35363/
[rosmaster.master][INFO] 2026-06-30 23:32:05,490: +PUB [/mavros/mission/reached] /mavros http://localhost:35363/
[rosmaster.master][INFO] 2026-06-30 23:32:05,491: +SERVICE [/mavros/mission/set_current] /mavros http://localhost:35363/
[rosmaster.master][INFO] 2026-06-30 23:32:05,492: +PUB [/mavros/wind_estimation] /mavros http://localhost:35363/
[rosmaster.master][INFO] 2026-06-30 23:32:06,494: +PUB [/mavlink/gcs_ip] /mavros http://localhost:35363/
[rosmaster.master][INFO] 2026-06-30 23:32:38,451: +PUB [/rosout] /horizontal_flight_logger2 http://localhost:33001/
[rosmaster.master][INFO] 2026-06-30 23:32:38,455: +SERVICE [/horizontal_flight_logger2/get_loggers] /horizontal_flight_logger2 http://localhost:33001/
[rosmaster.master][INFO] 2026-06-30 23:32:38,456: +SERVICE [/horizontal_flight_logger2/set_logger_level] /horizontal_flight_logger2 http://localhost:33001/
[rosmaster.master][INFO] 2026-06-30 23:32:38,457: +PUB [/mavros/setpoint_raw/local] /horizontal_flight_logger2 http://localhost:33001/
[rosmaster.master][INFO] 2026-06-30 23:32:38,459: +SUB [/mavros/local_position/velocity_local] /horizontal_flight_logger2 http://localhost:33001/
[rosmaster.master][INFO] 2026-06-30 23:32:38,461: +SUB [/mavros/battery] /horizontal_flight_logger2 http://localhost:33001/
[rosmaster.master][INFO] 2026-06-30 23:32:38,537: publisherUpdate[/rosout] -> http://localhost:33605/ ['http://localhost:35363/', 'http://localhost:33001/']
[rosmaster.master][INFO] 2026-06-30 23:32:38,538: publisherUpdate[/mavros/setpoint_raw/local] -> http://localhost:35363/ ['http://localhost:33001/']
[rosmaster.master][INFO] 2026-06-30 23:32:38,539: publisherUpdate[/rosout] -> http://localhost:33605/ ['http://localhost:35363/', 'http://localhost:33001/']: sec=0.00, result=[1, '', 0]
[rosmaster.master][INFO] 2026-06-30 23:32:38,541: publisherUpdate[/mavros/setpoint_raw/local] -> http://localhost:35363/ ['http://localhost:33001/']: sec=0.00, result=[1, '', 0]
[rosmaster.master][INFO] 2026-06-30 23:35:53,793: -SUB [/mavros/local_position/velocity_local] /horizontal_flight_logger2 http://localhost:33001/
[rosmaster.master][INFO] 2026-06-30 23:35:53,794: -SUB [/mavros/battery] /horizontal_flight_logger2 http://localhost:33001/
[rosmaster.master][INFO] 2026-06-30 23:35:53,794: -PUB [/rosout] /horizontal_flight_logger2 http://localhost:33001/
[rosmaster.master][INFO] 2026-06-30 23:35:53,794: -PUB [/mavros/setpoint_raw/local] /horizontal_flight_logger2 http://localhost:33001/
[rosmaster.master][INFO] 2026-06-30 23:35:53,794: -SERVICE [/horizontal_flight_logger2/get_loggers] /horizontal_flight_logger2 rosrpc://localhost:36621
[rosmaster.master][INFO] 2026-06-30 23:35:53,794: -SERVICE [/horizontal_flight_logger2/set_logger_level] /horizontal_flight_logger2 rosrpc://localhost:36621
[rosmaster.master][INFO] 2026-06-30 23:35:53,849: publisherUpdate[/rosout] -> http://localhost:33605/ ['http://localhost:35363/']
[rosmaster.master][INFO] 2026-06-30 23:35:53,849: publisherUpdate[/mavros/setpoint_raw/local] -> http://localhost:35363/ []
[rosmaster.master][INFO] 2026-06-30 23:35:53,850: publisherUpdate[/mavros/setpoint_raw/local] -> http://localhost:35363/ []: sec=0.00, result=[1, '', 0]
[rosmaster.master][INFO] 2026-06-30 23:35:53,851: publisherUpdate[/rosout] -> http://localhost:33605/ ['http://localhost:35363/']: sec=0.00, result=[1, '', 0]
[rosmaster.master][INFO] 2026-06-30 23:36:05,581: -PUB [/rosout_agg] /rosout http://localhost:33605/
[rosmaster.master][INFO] 2026-06-30 23:36:05,582: -SUB [/rosout] /rosout http://localhost:33605/
[rosmaster.master][INFO] 2026-06-30 23:36:05,582: -SERVICE [/rosout/get_loggers] /rosout rosrpc://localhost:35357
[rosmaster.master][INFO] 2026-06-30 23:36:05,582: -SERVICE [/rosout/set_logger_level] /rosout rosrpc://localhost:35357
[rosmaster.master][INFO] 2026-06-30 23:36:05,583: -CACHEDPARAM [/rosout/omit_topics] by /rosout
[rosmaster.main][INFO] 2026-06-30 23:36:05,611: keyboard interrupt, will exit
[rosmaster.main][INFO] 2026-06-30 23:36:05,611: stopping master...
[rospy.core][INFO] 2026-06-30 23:36:05,611: signal_shutdown [atexit]
