[rosmaster.main][INFO] 2026-06-20 23:25:42,736: initialization complete, waiting for shutdown
[rosmaster.main][INFO] 2026-06-20 23:25:42,737: Starting ROS Master Node
[xmlrpc][INFO] 2026-06-20 23:25:42,738: XML-RPC server binding to 127.0.0.1:11311
[xmlrpc][INFO] 2026-06-20 23:25:42,738: Started XML-RPC server [http://localhost:11311/]
[xmlrpc][INFO] 2026-06-20 23:25:42,738: xml rpc node: starting XML-RPC server
[rosmaster.master][INFO] 2026-06-20 23:25:42,738: Master initialized: port[11311], uri[http://localhost:11311/]
[rosmaster.master][INFO] 2026-06-20 23:25:42,744: +PARAM [/run_id] by /roslaunch
[rosmaster.master][INFO] 2026-06-20 23:25:42,745: +PARAM [/roslaunch/uris/host_localhost__42535] by /roslaunch
[rosmaster.master][INFO] 2026-06-20 23:25:42,775: +PARAM [/rosversion] by /roslaunch
[rosmaster.master][INFO] 2026-06-20 23:25:42,776: +PARAM [/rosdistro] by /roslaunch
[rosmaster.master][INFO] 2026-06-20 23:25:42,780: +SERVICE [/rosout/get_loggers] /rosout http://localhost:42959/
[rosmaster.master][INFO] 2026-06-20 23:25:42,780: +SERVICE [/rosout/set_logger_level] /rosout http://localhost:42959/
[rosmaster.master][INFO] 2026-06-20 23:25:42,781: +PUB [/rosout_agg] /rosout http://localhost:42959/
[rosmaster.master][INFO] 2026-06-20 23:25:42,783: +SUB [/rosout] /rosout http://localhost:42959/
[rosmaster.master][INFO] 2026-06-20 23:25:48,127: +PARAM [/roslaunch/uris/host_localhost__37179] by /roslaunch
[rosmaster.master][INFO] 2026-06-20 23:25:48,133: +PARAM [/rosversion] by /roslaunch
[rosmaster.master][INFO] 2026-06-20 23:25:48,134: +PARAM [/rosdistro] by /roslaunch
[rosmaster.master][INFO] 2026-06-20 23:25:48,134: +PARAM [/mavros/plugin_blacklist] by /roslaunch
[rosmaster.master][INFO] 2026-06-20 23:25:48,134: +PARAM [/mavros/plugin_whitelist] by /roslaunch
[rosmaster.master][INFO] 2026-06-20 23:25:48,134: +PARAM [/mavros/startup_px4_usb_quirk] by /roslaunch
[rosmaster.master][INFO] 2026-06-20 23:25:48,134: +PARAM [/mavros/conn/heartbeat_rate] by /roslaunch
[rosmaster.master][INFO] 2026-06-20 23:25:48,134: +PARAM [/mavros/conn/heartbeat_mav_type] by /roslaunch
[rosmaster.master][INFO] 2026-06-20 23:25:48,134: +PARAM [/mavros/conn/timeout] by /roslaunch
[rosmaster.master][INFO] 2026-06-20 23:25:48,134: +PARAM [/mavros/conn/timesync_rate] by /roslaunch
[rosmaster.master][INFO] 2026-06-20 23:25:48,134: +PARAM [/mavros/conn/system_time_rate] by /roslaunch
[rosmaster.master][INFO] 2026-06-20 23:25:48,134: +PARAM [/mavros/sys/min_voltage] by /roslaunch
[rosmaster.master][INFO] 2026-06-20 23:25:48,134: +PARAM [/mavros/sys/disable_diag] by /roslaunch
[rosmaster.master][INFO] 2026-06-20 23:25:48,134: +PARAM [/mavros/time/time_ref_source] by /roslaunch
[rosmaster.master][INFO] 2026-06-20 23:25:48,134: +PARAM [/mavros/time/timesync_mode] by /roslaunch
[rosmaster.master][INFO] 2026-06-20 23:25:48,135: +PARAM [/mavros/time/timesync_avg_alpha] by /roslaunch
[rosmaster.master][INFO] 2026-06-20 23:25:48,135: +PARAM [/mavros/tdr_radio/low_rssi] by /roslaunch
[rosmaster.master][INFO] 2026-06-20 23:25:48,135: +PARAM [/mavros/cmd/use_comp_id_system_control] by /roslaunch
[rosmaster.master][INFO] 2026-06-20 23:25:48,135: +PARAM [/mavros/global_position/frame_id] by /roslaunch
[rosmaster.master][INFO] 2026-06-20 23:25:48,135: +PARAM [/mavros/global_position/child_frame_id] by /roslaunch
[rosmaster.master][INFO] 2026-06-20 23:25:48,135: +PARAM [/mavros/global_position/rot_covariance] by /roslaunch
[rosmaster.master][INFO] 2026-06-20 23:25:48,135: +PARAM [/mavros/global_position/gps_uere] by /roslaunch
[rosmaster.master][INFO] 2026-06-20 23:25:48,135: +PARAM [/mavros/global_position/use_relative_alt] by /roslaunch
[rosmaster.master][INFO] 2026-06-20 23:25:48,135: +PARAM [/mavros/global_position/tf/send] by /roslaunch
[rosmaster.master][INFO] 2026-06-20 23:25:48,135: +PARAM [/mavros/global_position/tf/frame_id] by /roslaunch
[rosmaster.master][INFO] 2026-06-20 23:25:48,135: +PARAM [/mavros/global_position/tf/global_frame_id] by /roslaunch
[rosmaster.master][INFO] 2026-06-20 23:25:48,135: +PARAM [/mavros/global_position/tf/child_frame_id] by /roslaunch
[rosmaster.master][INFO] 2026-06-20 23:25:48,135: +PARAM [/mavros/imu/frame_id] by /roslaunch
[rosmaster.master][INFO] 2026-06-20 23:25:48,135: +PARAM [/mavros/imu/linear_acceleration_stdev] by /roslaunch
[rosmaster.master][INFO] 2026-06-20 23:25:48,135: +PARAM [/mavros/imu/angular_velocity_stdev] by /roslaunch
[rosmaster.master][INFO] 2026-06-20 23:25:48,135: +PARAM [/mavros/imu/orientation_stdev] by /roslaunch
[rosmaster.master][INFO] 2026-06-20 23:25:48,135: +PARAM [/mavros/imu/magnetic_stdev] by /roslaunch
[rosmaster.master][INFO] 2026-06-20 23:25:48,135: +PARAM [/mavros/local_position/frame_id] by /roslaunch
[rosmaster.master][INFO] 2026-06-20 23:25:48,135: +PARAM [/mavros/local_position/tf/send] by /roslaunch
[rosmaster.master][INFO] 2026-06-20 23:25:48,135: +PARAM [/mavros/local_position/tf/frame_id] by /roslaunch
[rosmaster.master][INFO] 2026-06-20 23:25:48,135: +PARAM [/mavros/local_position/tf/child_frame_id] by /roslaunch
[rosmaster.master][INFO] 2026-06-20 23:25:48,135: +PARAM [/mavros/local_position/tf/send_fcu] by /roslaunch
[rosmaster.master][INFO] 2026-06-20 23:25:48,135: +PARAM [/mavros/safety_area/p1/x] by /roslaunch
[rosmaster.master][INFO] 2026-06-20 23:25:48,135: +PARAM [/mavros/safety_area/p1/y] by /roslaunch
[rosmaster.master][INFO] 2026-06-20 23:25:48,135: +PARAM [/mavros/safety_area/p1/z] by /roslaunch
[rosmaster.master][INFO] 2026-06-20 23:25:48,135: +PARAM [/mavros/safety_area/p2/x] by /roslaunch
[rosmaster.master][INFO] 2026-06-20 23:25:48,136: +PARAM [/mavros/safety_area/p2/y] by /roslaunch
[rosmaster.master][INFO] 2026-06-20 23:25:48,136: +PARAM [/mavros/safety_area/p2/z] by /roslaunch
[rosmaster.master][INFO] 2026-06-20 23:25:48,136: +PARAM [/mavros/setpoint_accel/send_force] by /roslaunch
[rosmaster.master][INFO] 2026-06-20 23:25:48,136: +PARAM [/mavros/setpoint_attitude/reverse_thrust] by /roslaunch
[rosmaster.master][INFO] 2026-06-20 23:25:48,136: +PARAM [/mavros/setpoint_attitude/use_quaternion] by /roslaunch
[rosmaster.master][INFO] 2026-06-20 23:25:48,136: +PARAM [/mavros/setpoint_attitude/tf/listen] by /roslaunch
[rosmaster.master][INFO] 2026-06-20 23:25:48,136: +PARAM [/mavros/setpoint_attitude/tf/frame_id] by /roslaunch
[rosmaster.master][INFO] 2026-06-20 23:25:48,136: +PARAM [/mavros/setpoint_attitude/tf/child_frame_id] by /roslaunch
[rosmaster.master][INFO] 2026-06-20 23:25:48,136: +PARAM [/mavros/setpoint_attitude/tf/rate_limit] by /roslaunch
[rosmaster.master][INFO] 2026-06-20 23:25:48,136: +PARAM [/mavros/setpoint_raw/thrust_scaling] by /roslaunch
[rosmaster.master][INFO] 2026-06-20 23:25:48,136: +PARAM [/mavros/setpoint_position/tf/listen] by /roslaunch
[rosmaster.master][INFO] 2026-06-20 23:25:48,136: +PARAM [/mavros/setpoint_position/tf/frame_id] by /roslaunch
[rosmaster.master][INFO] 2026-06-20 23:25:48,136: +PARAM [/mavros/setpoint_position/tf/child_frame_id] by /roslaunch
[rosmaster.master][INFO] 2026-06-20 23:25:48,136: +PARAM [/mavros/setpoint_position/tf/rate_limit] by /roslaunch
[rosmaster.master][INFO] 2026-06-20 23:25:48,136: +PARAM [/mavros/setpoint_position/mav_frame] by /roslaunch
[rosmaster.master][INFO] 2026-06-20 23:25:48,136: +PARAM [/mavros/guided_target/tf/listen] by /roslaunch
[rosmaster.master][INFO] 2026-06-20 23:25:48,136: +PARAM [/mavros/guided_target/tf/frame_id] by /roslaunch
[rosmaster.master][INFO] 2026-06-20 23:25:48,136: +PARAM [/mavros/guided_target/tf/child_frame_id] by /roslaunch
[rosmaster.master][INFO] 2026-06-20 23:25:48,136: +PARAM [/mavros/guided_target/tf/rate_limit] by /roslaunch
[rosmaster.master][INFO] 2026-06-20 23:25:48,136: +PARAM [/mavros/setpoint_velocity/mav_frame] by /roslaunch
[rosmaster.master][INFO] 2026-06-20 23:25:48,136: +PARAM [/mavros/mission/pull_after_gcs] by /roslaunch
[rosmaster.master][INFO] 2026-06-20 23:25:48,136: +PARAM [/mavros/mission/use_mission_item_int] by /roslaunch
[rosmaster.master][INFO] 2026-06-20 23:25:48,136: +PARAM [/mavros/distance_sensor/rangefinder_pub/id] by /roslaunch
[rosmaster.master][INFO] 2026-06-20 23:25:48,136: +PARAM [/mavros/distance_sensor/rangefinder_pub/frame_id] by /roslaunch
[rosmaster.master][INFO] 2026-06-20 23:25:48,136: +PARAM [/mavros/distance_sensor/rangefinder_pub/field_of_view] by /roslaunch
[rosmaster.master][INFO] 2026-06-20 23:25:48,136: +PARAM [/mavros/distance_sensor/rangefinder_pub/send_tf] by /roslaunch
[rosmaster.master][INFO] 2026-06-20 23:25:48,136: +PARAM [/mavros/distance_sensor/rangefinder_pub/sensor_position/x] by /roslaunch
[rosmaster.master][INFO] 2026-06-20 23:25:48,136: +PARAM [/mavros/distance_sensor/rangefinder_pub/sensor_position/y] by /roslaunch
[rosmaster.master][INFO] 2026-06-20 23:25:48,136: +PARAM [/mavros/distance_sensor/rangefinder_pub/sensor_position/z] by /roslaunch
[rosmaster.master][INFO] 2026-06-20 23:25:48,136: +PARAM [/mavros/distance_sensor/rangefinder_sub/subscriber] by /roslaunch
[rosmaster.master][INFO] 2026-06-20 23:25:48,136: +PARAM [/mavros/distance_sensor/rangefinder_sub/id] by /roslaunch
[rosmaster.master][INFO] 2026-06-20 23:25:48,136: +PARAM [/mavros/distance_sensor/rangefinder_sub/orientation] by /roslaunch
[rosmaster.master][INFO] 2026-06-20 23:25:48,136: +PARAM [/mavros/image/frame_id] by /roslaunch
[rosmaster.master][INFO] 2026-06-20 23:25:48,136: +PARAM [/mavros/fake_gps/use_mocap] by /roslaunch
[rosmaster.master][INFO] 2026-06-20 23:25:48,136: +PARAM [/mavros/fake_gps/mocap_transform] by /roslaunch
[rosmaster.master][INFO] 2026-06-20 23:25:48,137: +PARAM [/mavros/fake_gps/mocap_withcovariance] by /roslaunch
[rosmaster.master][INFO] 2026-06-20 23:25:48,137: +PARAM [/mavros/fake_gps/use_vision] by /roslaunch
[rosmaster.master][INFO] 2026-06-20 23:25:48,137: +PARAM [/mavros/fake_gps/use_hil_gps] by /roslaunch
[rosmaster.master][INFO] 2026-06-20 23:25:48,137: +PARAM [/mavros/fake_gps/gps_id] by /roslaunch
[rosmaster.master][INFO] 2026-06-20 23:25:48,137: +PARAM [/mavros/fake_gps/geo_origin/lat] by /roslaunch
[rosmaster.master][INFO] 2026-06-20 23:25:48,137: +PARAM [/mavros/fake_gps/geo_origin/lon] by /roslaunch
[rosmaster.master][INFO] 2026-06-20 23:25:48,137: +PARAM [/mavros/fake_gps/geo_origin/alt] by /roslaunch
[rosmaster.master][INFO] 2026-06-20 23:25:48,137: +PARAM [/mavros/fake_gps/eph] by /roslaunch
[rosmaster.master][INFO] 2026-06-20 23:25:48,137: +PARAM [/mavros/fake_gps/epv] by /roslaunch
[rosmaster.master][INFO] 2026-06-20 23:25:48,137: +PARAM [/mavros/fake_gps/horiz_accuracy] by /roslaunch
[rosmaster.master][INFO] 2026-06-20 23:25:48,137: +PARAM [/mavros/fake_gps/vert_accuracy] by /roslaunch
[rosmaster.master][INFO] 2026-06-20 23:25:48,137: +PARAM [/mavros/fake_gps/speed_accuracy] by /roslaunch
[rosmaster.master][INFO] 2026-06-20 23:25:48,137: +PARAM [/mavros/fake_gps/satellites_visible] by /roslaunch
[rosmaster.master][INFO] 2026-06-20 23:25:48,137: +PARAM [/mavros/fake_gps/fix_type] by /roslaunch
[rosmaster.master][INFO] 2026-06-20 23:25:48,137: +PARAM [/mavros/fake_gps/tf/listen] by /roslaunch
[rosmaster.master][INFO] 2026-06-20 23:25:48,137: +PARAM [/mavros/fake_gps/tf/send] by /roslaunch
[rosmaster.master][INFO] 2026-06-20 23:25:48,137: +PARAM [/mavros/fake_gps/tf/frame_id] by /roslaunch
[rosmaster.master][INFO] 2026-06-20 23:25:48,137: +PARAM [/mavros/fake_gps/tf/child_frame_id] by /roslaunch
[rosmaster.master][INFO] 2026-06-20 23:25:48,137: +PARAM [/mavros/fake_gps/tf/rate_limit] by /roslaunch
[rosmaster.master][INFO] 2026-06-20 23:25:48,137: +PARAM [/mavros/fake_gps/gps_rate] by /roslaunch
[rosmaster.master][INFO] 2026-06-20 23:25:48,137: +PARAM [/mavros/landing_target/listen_lt] by /roslaunch
[rosmaster.master][INFO] 2026-06-20 23:25:48,137: +PARAM [/mavros/landing_target/mav_frame] by /roslaunch
[rosmaster.master][INFO] 2026-06-20 23:25:48,137: +PARAM [/mavros/landing_target/land_target_type] by /roslaunch
[rosmaster.master][INFO] 2026-06-20 23:25:48,137: +PARAM [/mavros/landing_target/image/width] by /roslaunch
[rosmaster.master][INFO] 2026-06-20 23:25:48,137: +PARAM [/mavros/landing_target/image/height] by /roslaunch
[rosmaster.master][INFO] 2026-06-20 23:25:48,137: +PARAM [/mavros/landing_target/camera/fov_x] by /roslaunch
[rosmaster.master][INFO] 2026-06-20 23:25:48,137: +PARAM [/mavros/landing_target/camera/fov_y] by /roslaunch
[rosmaster.master][INFO] 2026-06-20 23:25:48,137: +PARAM [/mavros/landing_target/tf/send] by /roslaunch
[rosmaster.master][INFO] 2026-06-20 23:25:48,137: +PARAM [/mavros/landing_target/tf/listen] by /roslaunch
[rosmaster.master][INFO] 2026-06-20 23:25:48,137: +PARAM [/mavros/landing_target/tf/frame_id] by /roslaunch
[rosmaster.master][INFO] 2026-06-20 23:25:48,137: +PARAM [/mavros/landing_target/tf/child_frame_id] by /roslaunch
[rosmaster.master][INFO] 2026-06-20 23:25:48,137: +PARAM [/mavros/landing_target/tf/rate_limit] by /roslaunch
[rosmaster.master][INFO] 2026-06-20 23:25:48,137: +PARAM [/mavros/landing_target/target_size/x] by /roslaunch
[rosmaster.master][INFO] 2026-06-20 23:25:48,137: +PARAM [/mavros/landing_target/target_size/y] by /roslaunch
[rosmaster.master][INFO] 2026-06-20 23:25:48,137: +PARAM [/mavros/mocap/use_tf] by /roslaunch
[rosmaster.master][INFO] 2026-06-20 23:25:48,138: +PARAM [/mavros/mocap/use_pose] by /roslaunch
[rosmaster.master][INFO] 2026-06-20 23:25:48,138: +PARAM [/mavros/mount/debounce_s] by /roslaunch
[rosmaster.master][INFO] 2026-06-20 23:25:48,138: +PARAM [/mavros/mount/err_threshold_deg] by /roslaunch
[rosmaster.master][INFO] 2026-06-20 23:25:48,138: +PARAM [/mavros/mount/negate_measured_roll] by /roslaunch
[rosmaster.master][INFO] 2026-06-20 23:25:48,138: +PARAM [/mavros/mount/negate_measured_pitch] by /roslaunch
[rosmaster.master][INFO] 2026-06-20 23:25:48,138: +PARAM [/mavros/mount/negate_measured_yaw] by /roslaunch
[rosmaster.master][INFO] 2026-06-20 23:25:48,138: +PARAM [/mavros/odometry/frame_tf/desired_frame] by /roslaunch
[rosmaster.master][INFO] 2026-06-20 23:25:48,138: +PARAM [/mavros/odometry/estimator_type] by /roslaunch
[rosmaster.master][INFO] 2026-06-20 23:25:48,138: +PARAM [/mavros/px4flow/frame_id] by /roslaunch
[rosmaster.master][INFO] 2026-06-20 23:25:48,138: +PARAM [/mavros/px4flow/ranger_fov] by /roslaunch
[rosmaster.master][INFO] 2026-06-20 23:25:48,138: +PARAM [/mavros/px4flow/ranger_min_range] by /roslaunch
[rosmaster.master][INFO] 2026-06-20 23:25:48,138: +PARAM [/mavros/px4flow/ranger_max_range] by /roslaunch
[rosmaster.master][INFO] 2026-06-20 23:25:48,138: +PARAM [/mavros/vision_pose/tf/listen] by /roslaunch
[rosmaster.master][INFO] 2026-06-20 23:25:48,138: +PARAM [/mavros/vision_pose/tf/frame_id] by /roslaunch
[rosmaster.master][INFO] 2026-06-20 23:25:48,138: +PARAM [/mavros/vision_pose/tf/child_frame_id] by /roslaunch
[rosmaster.master][INFO] 2026-06-20 23:25:48,138: +PARAM [/mavros/vision_pose/tf/rate_limit] by /roslaunch
[rosmaster.master][INFO] 2026-06-20 23:25:48,138: +PARAM [/mavros/vision_speed/listen_twist] by /roslaunch
[rosmaster.master][INFO] 2026-06-20 23:25:48,138: +PARAM [/mavros/vision_speed/twist_cov] by /roslaunch
[rosmaster.master][INFO] 2026-06-20 23:25:48,138: +PARAM [/mavros/vibration/frame_id] by /roslaunch
[rosmaster.master][INFO] 2026-06-20 23:25:48,138: +PARAM [/mavros/wheel_odometry/count] by /roslaunch
[rosmaster.master][INFO] 2026-06-20 23:25:48,138: +PARAM [/mavros/wheel_odometry/use_rpm] by /roslaunch
[rosmaster.master][INFO] 2026-06-20 23:25:48,138: +PARAM [/mavros/wheel_odometry/wheel0/x] by /roslaunch
[rosmaster.master][INFO] 2026-06-20 23:25:48,138: +PARAM [/mavros/wheel_odometry/wheel0/y] by /roslaunch
[rosmaster.master][INFO] 2026-06-20 23:25:48,138: +PARAM [/mavros/wheel_odometry/wheel0/radius] by /roslaunch
[rosmaster.master][INFO] 2026-06-20 23:25:48,138: +PARAM [/mavros/wheel_odometry/wheel1/x] by /roslaunch
[rosmaster.master][INFO] 2026-06-20 23:25:48,138: +PARAM [/mavros/wheel_odometry/wheel1/y] by /roslaunch
[rosmaster.master][INFO] 2026-06-20 23:25:48,138: +PARAM [/mavros/wheel_odometry/wheel1/radius] by /roslaunch
[rosmaster.master][INFO] 2026-06-20 23:25:48,138: +PARAM [/mavros/wheel_odometry/send_raw] by /roslaunch
[rosmaster.master][INFO] 2026-06-20 23:25:48,138: +PARAM [/mavros/wheel_odometry/send_twist] by /roslaunch
[rosmaster.master][INFO] 2026-06-20 23:25:48,138: +PARAM [/mavros/wheel_odometry/frame_id] by /roslaunch
[rosmaster.master][INFO] 2026-06-20 23:25:48,138: +PARAM [/mavros/wheel_odometry/child_frame_id] by /roslaunch
[rosmaster.master][INFO] 2026-06-20 23:25:48,138: +PARAM [/mavros/wheel_odometry/vel_error] by /roslaunch
[rosmaster.master][INFO] 2026-06-20 23:25:48,138: +PARAM [/mavros/wheel_odometry/tf/send] by /roslaunch
[rosmaster.master][INFO] 2026-06-20 23:25:48,138: +PARAM [/mavros/wheel_odometry/tf/frame_id] by /roslaunch
[rosmaster.master][INFO] 2026-06-20 23:25:48,138: +PARAM [/mavros/wheel_odometry/tf/child_frame_id] by /roslaunch
[rosmaster.master][INFO] 2026-06-20 23:25:48,138: +PARAM [/mavros/fcu_url] by /roslaunch
[rosmaster.master][INFO] 2026-06-20 23:25:48,139: +PARAM [/mavros/gcs_url] by /roslaunch
[rosmaster.master][INFO] 2026-06-20 23:25:48,139: +PARAM [/mavros/target_system_id] by /roslaunch
[rosmaster.master][INFO] 2026-06-20 23:25:48,139: +PARAM [/mavros/target_component_id] by /roslaunch
[rosmaster.master][INFO] 2026-06-20 23:25:48,139: +PARAM [/mavros/fcu_protocol] by /roslaunch
[rosmaster.master][INFO] 2026-06-20 23:25:48,193: +PUB [/rosout] /mavros http://localhost:43753/
[rosmaster.master][INFO] 2026-06-20 23:25:48,193: +SERVICE [/mavros/get_loggers] /mavros http://localhost:43753/
[rosmaster.master][INFO] 2026-06-20 23:25:48,194: +SERVICE [/mavros/set_logger_level] /mavros http://localhost:43753/
[rosmaster.master][INFO] 2026-06-20 23:25:48,195: +PUB [/diagnostics] /mavros http://localhost:43753/
[rosmaster.master][INFO] 2026-06-20 23:25:48,195: +CACHEDPARAM [/mavros/diagnostic_period] by /mavros
[rosmaster.master][INFO] 2026-06-20 23:25:48,207: +SUB [/tf] /mavros http://localhost:43753/
[rosmaster.master][INFO] 2026-06-20 23:25:48,209: +SUB [/tf_static] /mavros http://localhost:43753/
[rosmaster.master][INFO] 2026-06-20 23:25:48,210: +PUB [/tf] /mavros http://localhost:43753/
[rosmaster.master][INFO] 2026-06-20 23:25:48,212: +PUB [/tf_static] /mavros http://localhost:43753/
[rosmaster.master][INFO] 2026-06-20 23:25:48,236: +CACHEDPARAM [/rosout_disable_topics_generation] by /mavros
[rosmaster.master][INFO] 2026-06-20 23:25:48,239: +PUB [/mavlink/from] /mavros http://localhost:43753/
[rosmaster.master][INFO] 2026-06-20 23:25:48,241: +SUB [/mavlink/to] /mavros http://localhost:43753/
[rosmaster.master][INFO] 2026-06-20 23:25:48,250: +PUB [/mavros/radio_status] /mavros http://localhost:43753/
[rosmaster.master][INFO] 2026-06-20 23:25:48,253: publisherUpdate[/rosout] -> http://localhost:42959/ ['http://localhost:43753/']
[rosmaster.master][INFO] 2026-06-20 23:25:48,253: publisherUpdate[/tf] -> http://localhost:43753/ ['http://localhost:43753/']
[rosmaster.master][INFO] 2026-06-20 23:25:48,257: publisherUpdate[/tf] -> http://localhost:43753/ ['http://localhost:43753/']: sec=0.00, result=[1, '', 0]
[rosmaster.master][INFO] 2026-06-20 23:25:48,257: publisherUpdate[/tf_static] -> http://localhost:43753/ ['http://localhost:43753/']
[rosmaster.master][INFO] 2026-06-20 23:25:48,257: publisherUpdate[/rosout] -> http://localhost:42959/ ['http://localhost:43753/']: sec=0.00, result=[1, '', 0]
[rosmaster.master][INFO] 2026-06-20 23:25:48,258: +PUB [/mavros/adsb/vehicle] /mavros http://localhost:43753/
[rosmaster.master][INFO] 2026-06-20 23:25:48,259: publisherUpdate[/tf_static] -> http://localhost:43753/ ['http://localhost:43753/']: sec=0.00, result=[1, '', 0]
[rosmaster.master][INFO] 2026-06-20 23:25:48,261: +SUB [/mavros/adsb/send] /mavros http://localhost:43753/
[rosmaster.master][INFO] 2026-06-20 23:25:48,262: +PUB [/mavros/cam_imu_sync/cam_imu_stamp] /mavros http://localhost:43753/
[rosmaster.master][INFO] 2026-06-20 23:25:48,263: +PUB [/mavros/camera/image_captured] /mavros http://localhost:43753/
[rosmaster.master][INFO] 2026-06-20 23:25:48,265: +SUB [/mavros/cellular_status/status] /mavros http://localhost:43753/
[rosmaster.master][INFO] 2026-06-20 23:25:48,267: +SERVICE [/mavros/cmd/command] /mavros http://localhost:43753/
[rosmaster.master][INFO] 2026-06-20 23:25:48,267: +SERVICE [/mavros/cmd/command_ack] /mavros http://localhost:43753/
[rosmaster.master][INFO] 2026-06-20 23:25:48,268: +SERVICE [/mavros/cmd/command_int] /mavros http://localhost:43753/
[rosmaster.master][INFO] 2026-06-20 23:25:48,269: +SERVICE [/mavros/cmd/arming] /mavros http://localhost:43753/
[rosmaster.master][INFO] 2026-06-20 23:25:48,269: +SERVICE [/mavros/cmd/set_home] /mavros http://localhost:43753/
[rosmaster.master][INFO] 2026-06-20 23:25:48,270: +SERVICE [/mavros/cmd/takeoff] /mavros http://localhost:43753/
[rosmaster.master][INFO] 2026-06-20 23:25:48,270: +SERVICE [/mavros/cmd/land] /mavros http://localhost:43753/
[rosmaster.master][INFO] 2026-06-20 23:25:48,271: +SERVICE [/mavros/cmd/trigger_control] /mavros http://localhost:43753/
[rosmaster.master][INFO] 2026-06-20 23:25:48,271: +SERVICE [/mavros/cmd/trigger_interval] /mavros http://localhost:43753/
[rosmaster.master][INFO] 2026-06-20 23:25:48,272: +SERVICE [/mavros/cmd/vtol_transition] /mavros http://localhost:43753/
[rosmaster.master][INFO] 2026-06-20 23:25:48,274: +SUB [/mavros/companion_process/status] /mavros http://localhost:43753/
[rosmaster.master][INFO] 2026-06-20 23:25:48,278: +PUB [/mavros/distance_sensor/rangefinder_pub] /mavros http://localhost:43753/
[rosmaster.master][INFO] 2026-06-20 23:25:48,283: +SUB [/mavros/distance_sensor/rangefinder_sub] /mavros http://localhost:43753/
[rosmaster.master][INFO] 2026-06-20 23:25:48,284: +PUB [/mavros/esc_info] /mavros http://localhost:43753/
[rosmaster.master][INFO] 2026-06-20 23:25:48,284: +PUB [/mavros/esc_status] /mavros http://localhost:43753/
[rosmaster.master][INFO] 2026-06-20 23:25:48,285: +PUB [/mavros/esc_telemetry] /mavros http://localhost:43753/
[rosmaster.master][INFO] 2026-06-20 23:25:48,299: +SUB [/mavros/fake_gps/mocap/pose] /mavros http://localhost:43753/
[rosmaster.master][INFO] 2026-06-20 23:25:48,302: +PUB [/mavros/geofence/waypoints] /mavros http://localhost:43753/
[rosmaster.master][INFO] 2026-06-20 23:25:48,302: +SERVICE [/mavros/geofence/pull] /mavros http://localhost:43753/
[rosmaster.master][INFO] 2026-06-20 23:25:48,303: +SERVICE [/mavros/geofence/push] /mavros http://localhost:43753/
[rosmaster.master][INFO] 2026-06-20 23:25:48,304: +SERVICE [/mavros/geofence/clear] /mavros http://localhost:43753/
[rosmaster.master][INFO] 2026-06-20 23:25:48,311: +PUB [/mavros/global_position/raw/fix] /mavros http://localhost:43753/
[rosmaster.master][INFO] 2026-06-20 23:25:48,312: +PUB [/mavros/global_position/raw/gps_vel] /mavros http://localhost:43753/
[rosmaster.master][INFO] 2026-06-20 23:25:48,312: +PUB [/mavros/global_position/raw/satellites] /mavros http://localhost:43753/
[rosmaster.master][INFO] 2026-06-20 23:25:48,313: +PUB [/mavros/global_position/global] /mavros http://localhost:43753/
[rosmaster.master][INFO] 2026-06-20 23:25:48,313: +PUB [/mavros/global_position/local] /mavros http://localhost:43753/
[rosmaster.master][INFO] 2026-06-20 23:25:48,313: +PUB [/mavros/global_position/rel_alt] /mavros http://localhost:43753/
[rosmaster.master][INFO] 2026-06-20 23:25:48,314: +PUB [/mavros/global_position/compass_hdg] /mavros http://localhost:43753/
[rosmaster.master][INFO] 2026-06-20 23:25:48,314: +PUB [/mavros/global_position/gp_origin] /mavros http://localhost:43753/
[rosmaster.master][INFO] 2026-06-20 23:25:48,316: +SUB [/mavros/global_position/set_gp_origin] /mavros http://localhost:43753/
[rosmaster.master][INFO] 2026-06-20 23:25:48,319: +SUB [/mavros/home_position/home] /mavros http://localhost:43753/
[rosmaster.master][INFO] 2026-06-20 23:25:48,319: +PUB [/mavros/global_position/gp_lp_offset] /mavros http://localhost:43753/
[rosmaster.master][INFO] 2026-06-20 23:25:48,322: +SUB [/mavros/gps_input/gps_input] /mavros http://localhost:43753/
[rosmaster.master][INFO] 2026-06-20 23:25:48,325: +SUB [/mavros/gps_rtk/send_rtcm] /mavros http://localhost:43753/
[rosmaster.master][INFO] 2026-06-20 23:25:48,325: +PUB [/mavros/gps_rtk/rtk_baseline] /mavros http://localhost:43753/
[rosmaster.master][INFO] 2026-06-20 23:25:48,326: +PUB [/mavros/gpsstatus/gps1/raw] /mavros http://localhost:43753/
[rosmaster.master][INFO] 2026-06-20 23:25:48,327: +PUB [/mavros/gpsstatus/gps2/raw] /mavros http://localhost:43753/
[rosmaster.master][INFO] 2026-06-20 23:25:48,327: +PUB [/mavros/gpsstatus/gps1/rtk] /mavros http://localhost:43753/
[rosmaster.master][INFO] 2026-06-20 23:25:48,328: +PUB [/mavros/gpsstatus/gps2/rtk] /mavros http://localhost:43753/
[rosmaster.master][INFO] 2026-06-20 23:25:48,331: +PUB [/move_base_simple/goal] /mavros http://localhost:43753/
[rosmaster.master][INFO] 2026-06-20 23:25:48,332: +SUB [/mavros/global_position/gp_origin] /mavros http://localhost:43753/
[rosmaster.master][INFO] 2026-06-20 23:25:48,333: +PUB [/mavros/home_position/home] /mavros http://localhost:43753/
[rosmaster.master][INFO] 2026-06-20 23:25:48,335: +SUB [/mavros/home_position/set] /mavros http://localhost:43753/
[rosmaster.master][INFO] 2026-06-20 23:25:48,335: +SERVICE [/mavros/home_position/req_update] /mavros http://localhost:43753/
[rosmaster.master][INFO] 2026-06-20 23:25:48,339: +PUB [/mavros/imu/data] /mavros http://localhost:43753/
[rosmaster.master][INFO] 2026-06-20 23:25:48,340: +PUB [/mavros/imu/mag] /mavros http://localhost:43753/
[rosmaster.master][INFO] 2026-06-20 23:25:48,340: +PUB [/mavros/imu/temperature_imu] /mavros http://localhost:43753/
[rosmaster.master][INFO] 2026-06-20 23:25:48,340: +PUB [/mavros/imu/temperature_baro] /mavros http://localhost:43753/
[rosmaster.master][INFO] 2026-06-20 23:25:48,341: +PUB [/mavros/imu/static_pressure] /mavros http://localhost:43753/
[rosmaster.master][INFO] 2026-06-20 23:25:48,341: +PUB [/mavros/imu/diff_pressure] /mavros http://localhost:43753/
[rosmaster.master][INFO] 2026-06-20 23:25:48,342: +PUB [/mavros/imu/data_raw] /mavros http://localhost:43753/
[rosmaster.master][INFO] 2026-06-20 23:25:48,349: +PUB [/mavros/landing_target/pose_in] /mavros http://localhost:43753/
[rosmaster.master][INFO] 2026-06-20 23:25:48,350: +PUB [/mavros/landing_target/lt_marker] /mavros http://localhost:43753/
[rosmaster.master][INFO] 2026-06-20 23:25:48,351: +SUB [/mavros/landing_target/pose] /mavros http://localhost:43753/
[rosmaster.master][INFO] 2026-06-20 23:25:48,353: +PUB [/mavros/local_position/pose] /mavros http://localhost:43753/
[rosmaster.master][INFO] 2026-06-20 23:25:48,354: +PUB [/mavros/local_position/pose_cov] /mavros http://localhost:43753/
[rosmaster.master][INFO] 2026-06-20 23:25:48,354: +PUB [/mavros/local_position/velocity_local] /mavros http://localhost:43753/
[rosmaster.master][INFO] 2026-06-20 23:25:48,354: +PUB [/mavros/local_position/velocity_body] /mavros http://localhost:43753/
[rosmaster.master][INFO] 2026-06-20 23:25:48,355: +PUB [/mavros/local_position/velocity_body_cov] /mavros http://localhost:43753/
[rosmaster.master][INFO] 2026-06-20 23:25:48,355: publisherUpdate[/mavros/home_position/home] -> http://localhost:43753/ ['http://localhost:43753/']
[rosmaster.master][INFO] 2026-06-20 23:25:48,355: +PUB [/mavros/local_position/accel] /mavros http://localhost:43753/
[rosmaster.master][INFO] 2026-06-20 23:25:48,356: +PUB [/mavros/local_position/odom] /mavros http://localhost:43753/
[rosmaster.master][INFO] 2026-06-20 23:25:48,356: publisherUpdate[/mavros/home_position/home] -> http://localhost:43753/ ['http://localhost:43753/']: sec=0.00, result=[1, '', 0]
[rosmaster.master][INFO] 2026-06-20 23:25:48,357: +PUB [/mavros/log_transfer/raw/log_entry] /mavros http://localhost:43753/
[rosmaster.master][INFO] 2026-06-20 23:25:48,357: +PUB [/mavros/log_transfer/raw/log_data] /mavros http://localhost:43753/
[rosmaster.master][INFO] 2026-06-20 23:25:48,358: +SERVICE [/mavros/log_transfer/raw/log_request_list] /mavros http://localhost:43753/
[rosmaster.master][INFO] 2026-06-20 23:25:48,359: +SERVICE [/mavros/log_transfer/raw/log_request_data] /mavros http://localhost:43753/
[rosmaster.master][INFO] 2026-06-20 23:25:48,359: +SERVICE [/mavros/log_transfer/raw/log_request_end] /mavros http://localhost:43753/
[rosmaster.master][INFO] 2026-06-20 23:25:48,359: +SERVICE [/mavros/log_transfer/raw/log_request_erase] /mavros http://localhost:43753/
[rosmaster.master][INFO] 2026-06-20 23:25:48,360: +PUB [/mavros/mag_calibration/status] /mavros http://localhost:43753/
[rosmaster.master][INFO] 2026-06-20 23:25:48,360: +PUB [/mavros/mag_calibration/report] /mavros http://localhost:43753/
[rosmaster.master][INFO] 2026-06-20 23:25:48,361: +PUB [/mavros/manual_control/control] /mavros http://localhost:43753/
[rosmaster.master][INFO] 2026-06-20 23:25:48,363: +SUB [/mavros/manual_control/send] /mavros http://localhost:43753/
[rosmaster.master][INFO] 2026-06-20 23:25:48,366: +SUB [/mavros/mocap/pose] /mavros http://localhost:43753/
[rosmaster.master][INFO] 2026-06-20 23:25:48,368: +SUB [/mavros/mount_control/command] /mavros http://localhost:43753/
[rosmaster.master][INFO] 2026-06-20 23:25:48,369: +PUB [/mavros/mount_control/orientation] /mavros http://localhost:43753/
[rosmaster.master][INFO] 2026-06-20 23:25:48,369: +PUB [/mavros/mount_control/status] /mavros http://localhost:43753/
[rosmaster.master][INFO] 2026-06-20 23:25:48,370: +SERVICE [/mavros/mount_control/configure] /mavros http://localhost:43753/
[rosmaster.master][INFO] 2026-06-20 23:25:48,374: +PUB [/mavros/nav_controller_output] /mavros http://localhost:43753/
[rosmaster.master][INFO] 2026-06-20 23:25:48,376: +SUB [/mavros/obstacle/send] /mavros http://localhost:43753/
[rosmaster.master][INFO] 2026-06-20 23:25:48,378: +PUB [/mavros/odometry/in] /mavros http://localhost:43753/
[rosmaster.master][INFO] 2026-06-20 23:25:48,379: +SUB [/mavros/odometry/out] /mavros http://localhost:43753/
[rosmaster.master][INFO] 2026-06-20 23:25:48,381: +SUB [/mavros/onboard_computer/status] /mavros http://localhost:43753/
[rosmaster.master][INFO] 2026-06-20 23:25:48,382: +SERVICE [/mavros/param/pull] /mavros http://localhost:43753/
[rosmaster.master][INFO] 2026-06-20 23:25:48,382: +SERVICE [/mavros/param/push] /mavros http://localhost:43753/
[rosmaster.master][INFO] 2026-06-20 23:25:48,383: +SERVICE [/mavros/param/set] /mavros http://localhost:43753/
[rosmaster.master][INFO] 2026-06-20 23:25:48,383: +SERVICE [/mavros/param/get] /mavros http://localhost:43753/
[rosmaster.master][INFO] 2026-06-20 23:25:48,383: +PUB [/mavros/param/param_value] /mavros http://localhost:43753/
[rosmaster.master][INFO] 2026-06-20 23:25:48,385: +SUB [/mavros/play_tune] /mavros http://localhost:43753/
[rosmaster.master][INFO] 2026-06-20 23:25:48,386: +PUB [/mavros/rallypoint/waypoints] /mavros http://localhost:43753/
[rosmaster.master][INFO] 2026-06-20 23:25:48,387: +SERVICE [/mavros/rallypoint/pull] /mavros http://localhost:43753/
[rosmaster.master][INFO] 2026-06-20 23:25:48,387: +SERVICE [/mavros/rallypoint/push] /mavros http://localhost:43753/
[rosmaster.master][INFO] 2026-06-20 23:25:48,388: +SERVICE [/mavros/rallypoint/clear] /mavros http://localhost:43753/
[rosmaster.master][INFO] 2026-06-20 23:25:48,389: +PUB [/mavros/rangefinder/rangefinder] /mavros http://localhost:43753/
[rosmaster.master][INFO] 2026-06-20 23:25:48,390: +PUB [/mavros/rc/in] /mavros http://localhost:43753/
[rosmaster.master][INFO] 2026-06-20 23:25:48,390: +PUB [/mavros/rc/out] /mavros http://localhost:43753/
[rosmaster.master][INFO] 2026-06-20 23:25:48,391: +SUB [/mavros/rc/override] /mavros http://localhost:43753/
[rosmaster.master][INFO] 2026-06-20 23:25:48,394: +SUB [/mavros/setpoint_accel/accel] /mavros http://localhost:43753/
[rosmaster.master][INFO] 2026-06-20 23:25:48,398: +SUB [/mavros/setpoint_attitude/thrust] /mavros http://localhost:43753/
[rosmaster.master][INFO] 2026-06-20 23:25:48,400: +SUB [/mavros/setpoint_attitude/cmd_vel] /mavros http://localhost:43753/
[rosmaster.master][INFO] 2026-06-20 23:25:48,406: +SUB [/mavros/setpoint_position/local] /mavros http://localhost:43753/
[rosmaster.master][INFO] 2026-06-20 23:25:48,408: +SUB [/mavros/setpoint_position/global] /mavros http://localhost:43753/
[rosmaster.master][INFO] 2026-06-20 23:25:48,409: +SUB [/mavros/setpoint_position/global_to_local] /mavros http://localhost:43753/
[rosmaster.master][INFO] 2026-06-20 23:25:48,411: +SUB [/mavros/global_position/global] /mavros http://localhost:43753/
[rosmaster.master][INFO] 2026-06-20 23:25:48,414: +SUB [/mavros/local_position/pose] /mavros http://localhost:43753/
[rosmaster.master][INFO] 2026-06-20 23:25:48,415: +SERVICE [/mavros/setpoint_position/mav_frame] /mavros http://localhost:43753/
[rosmaster.master][INFO] 2026-06-20 23:25:48,418: +SUB [/mavros/setpoint_raw/local] /mavros http://localhost:43753/
[rosmaster.master][INFO] 2026-06-20 23:25:48,420: +SUB [/mavros/setpoint_raw/global] /mavros http://localhost:43753/
[rosmaster.master][INFO] 2026-06-20 23:25:48,422: +SUB [/mavros/setpoint_raw/attitude] /mavros http://localhost:43753/
[rosmaster.master][INFO] 2026-06-20 23:25:48,422: +PUB [/mavros/setpoint_raw/target_local] /mavros http://localhost:43753/
[rosmaster.master][INFO] 2026-06-20 23:25:48,423: +PUB [/mavros/setpoint_raw/target_global] /mavros http://localhost:43753/
[rosmaster.master][INFO] 2026-06-20 23:25:48,423: +PUB [/mavros/setpoint_raw/target_attitude] /mavros http://localhost:43753/
[rosmaster.master][INFO] 2026-06-20 23:25:48,426: +SUB [/mavros/setpoint_trajectory/local] /mavros http://localhost:43753/
[rosmaster.master][INFO] 2026-06-20 23:25:48,426: +PUB [/mavros/setpoint_trajectory/desired] /mavros http://localhost:43753/
[rosmaster.master][INFO] 2026-06-20 23:25:48,427: +SERVICE [/mavros/setpoint_trajectory/reset] /mavros http://localhost:43753/
[rosmaster.master][INFO] 2026-06-20 23:25:48,427: +SERVICE [/mavros/setpoint_trajectory/mav_frame] /mavros http://localhost:43753/
[rosmaster.master][INFO] 2026-06-20 23:25:48,429: +SUB [/mavros/setpoint_velocity/cmd_vel] /mavros http://localhost:43753/
[rosmaster.master][INFO] 2026-06-20 23:25:48,431: +SUB [/mavros/setpoint_velocity/cmd_vel_unstamped] /mavros http://localhost:43753/
[rosmaster.master][INFO] 2026-06-20 23:25:48,432: +SERVICE [/mavros/setpoint_velocity/mav_frame] /mavros http://localhost:43753/
[rosmaster.master][INFO] 2026-06-20 23:25:48,436: +PUB [/mavros/state] /mavros http://localhost:43753/
[rosmaster.master][INFO] 2026-06-20 23:25:48,436: +PUB [/mavros/extended_state] /mavros http://localhost:43753/
[rosmaster.master][INFO] 2026-06-20 23:25:48,436: +PUB [/mavros/battery] /mavros http://localhost:43753/
[rosmaster.master][INFO] 2026-06-20 23:25:48,437: +PUB [/mavros/estimator_status] /mavros http://localhost:43753/
[rosmaster.master][INFO] 2026-06-20 23:25:48,437: +PUB [/mavros/statustext/recv] /mavros http://localhost:43753/
[rosmaster.master][INFO] 2026-06-20 23:25:48,438: +PUB [/mavros/sys_status] /mavros http://localhost:43753/
[rosmaster.master][INFO] 2026-06-20 23:25:48,440: +SUB [/mavros/statustext/send] /mavros http://localhost:43753/
[rosmaster.master][INFO] 2026-06-20 23:25:48,440: +SERVICE [/mavros/set_stream_rate] /mavros http://localhost:43753/
[rosmaster.master][INFO] 2026-06-20 23:25:48,441: +SERVICE [/mavros/set_mode] /mavros http://localhost:43753/
[rosmaster.master][INFO] 2026-06-20 23:25:48,441: +SERVICE [/mavros/vehicle_info_get] /mavros http://localhost:43753/
[rosmaster.master][INFO] 2026-06-20 23:25:48,442: +SERVICE [/mavros/set_message_interval] /mavros http://localhost:43753/
[rosmaster.master][INFO] 2026-06-20 23:25:48,447: +PUB [/mavros/time_reference] /mavros http://localhost:43753/
[rosmaster.master][INFO] 2026-06-20 23:25:48,447: +PUB [/mavros/timesync_status] /mavros http://localhost:43753/
[rosmaster.master][INFO] 2026-06-20 23:25:48,448: +PUB [/mavros/terrain/report] /mavros http://localhost:43753/
[rosmaster.master][INFO] 2026-06-20 23:25:48,450: +SUB [/mavros/trajectory/generated] /mavros http://localhost:43753/
[rosmaster.master][INFO] 2026-06-20 23:25:48,452: +SUB [/mavros/trajectory/path] /mavros http://localhost:43753/
[rosmaster.master][INFO] 2026-06-20 23:25:48,453: +PUB [/mavros/trajectory/desired] /mavros http://localhost:43753/
[rosmaster.master][INFO] 2026-06-20 23:25:48,455: +SUB [/mavros/tunnel/in] /mavros http://localhost:43753/
[rosmaster.master][INFO] 2026-06-20 23:25:48,455: +PUB [/mavros/tunnel/out] /mavros http://localhost:43753/
[rosmaster.master][INFO] 2026-06-20 23:25:48,456: +PUB [/mavros/vfr_hud] /mavros http://localhost:43753/
[rosmaster.master][INFO] 2026-06-20 23:25:48,460: +SUB [/mavros/vision_pose/pose] /mavros http://localhost:43753/
[rosmaster.master][INFO] 2026-06-20 23:25:48,462: +SUB [/mavros/vision_pose/pose_cov] /mavros http://localhost:43753/
[rosmaster.master][INFO] 2026-06-20 23:25:48,462: +CACHEDPARAM [/rosout/omit_topics] by /rosout
[rosmaster.master][INFO] 2026-06-20 23:25:48,464: +PUB [/mavros/mission/waypoints] /mavros http://localhost:43753/
[rosmaster.master][INFO] 2026-06-20 23:25:48,464: +SERVICE [/mavros/mission/pull] /mavros http://localhost:43753/
[rosmaster.master][INFO] 2026-06-20 23:25:48,465: +SERVICE [/mavros/mission/push] /mavros http://localhost:43753/
[rosmaster.master][INFO] 2026-06-20 23:25:48,465: +SERVICE [/mavros/mission/clear] /mavros http://localhost:43753/
[rosmaster.master][INFO] 2026-06-20 23:25:48,466: +PUB [/mavros/mission/reached] /mavros http://localhost:43753/
[rosmaster.master][INFO] 2026-06-20 23:25:48,466: +SERVICE [/mavros/mission/set_current] /mavros http://localhost:43753/
[rosmaster.master][INFO] 2026-06-20 23:25:48,467: +PUB [/mavros/wind_estimation] /mavros http://localhost:43753/
[rosmaster.master][INFO] 2026-06-20 23:25:49,469: +PUB [/mavlink/gcs_ip] /mavros http://localhost:43753/
[rosmaster.master][INFO] 2026-06-20 23:25:58,102: +PUB [/rosout] /vertical_ascent_logger http://localhost:33953/
[rosmaster.master][INFO] 2026-06-20 23:25:58,104: +SERVICE [/vertical_ascent_logger/get_loggers] /vertical_ascent_logger http://localhost:33953/
[rosmaster.master][INFO] 2026-06-20 23:25:58,105: +SERVICE [/vertical_ascent_logger/set_logger_level] /vertical_ascent_logger http://localhost:33953/
[rosmaster.master][INFO] 2026-06-20 23:25:58,106: +PUB [/mavros/setpoint_raw/local] /vertical_ascent_logger http://localhost:33953/
[rosmaster.master][INFO] 2026-06-20 23:25:58,107: +SUB [/mavros/local_position/velocity_body] /vertical_ascent_logger http://localhost:33953/
[rosmaster.master][INFO] 2026-06-20 23:25:58,108: +SUB [/mavros/battery] /vertical_ascent_logger http://localhost:33953/
[rosmaster.master][INFO] 2026-06-20 23:25:58,177: publisherUpdate[/rosout] -> http://localhost:42959/ ['http://localhost:43753/', 'http://localhost:33953/']
[rosmaster.master][INFO] 2026-06-20 23:25:58,178: publisherUpdate[/mavros/setpoint_raw/local] -> http://localhost:43753/ ['http://localhost:33953/']
[rosmaster.master][INFO] 2026-06-20 23:25:58,179: publisherUpdate[/mavros/setpoint_raw/local] -> http://localhost:43753/ ['http://localhost:33953/']: sec=0.00, result=[1, '', 0]
[rosmaster.master][INFO] 2026-06-20 23:25:58,180: publisherUpdate[/rosout] -> http://localhost:42959/ ['http://localhost:43753/', 'http://localhost:33953/']: sec=0.00, result=[1, '', 0]
[rosmaster.master][INFO] 2026-06-20 23:28:50,537: -SUB [/mavros/local_position/velocity_body] /vertical_ascent_logger http://localhost:33953/
[rosmaster.master][INFO] 2026-06-20 23:28:50,537: -SUB [/mavros/battery] /vertical_ascent_logger http://localhost:33953/
[rosmaster.master][INFO] 2026-06-20 23:28:50,537: -PUB [/rosout] /vertical_ascent_logger http://localhost:33953/
[rosmaster.master][INFO] 2026-06-20 23:28:50,537: -PUB [/mavros/setpoint_raw/local] /vertical_ascent_logger http://localhost:33953/
[rosmaster.master][INFO] 2026-06-20 23:28:50,537: -SERVICE [/vertical_ascent_logger/get_loggers] /vertical_ascent_logger rosrpc://localhost:42419
[rosmaster.master][INFO] 2026-06-20 23:28:50,537: -SERVICE [/vertical_ascent_logger/set_logger_level] /vertical_ascent_logger rosrpc://localhost:42419
[rosmaster.master][INFO] 2026-06-20 23:28:50,562: publisherUpdate[/rosout] -> http://localhost:42959/ ['http://localhost:43753/']
[rosmaster.master][INFO] 2026-06-20 23:28:50,564: publisherUpdate[/rosout] -> http://localhost:42959/ ['http://localhost:43753/']: sec=0.00, result=[1, '', 0]
[rosmaster.master][INFO] 2026-06-20 23:28:50,564: publisherUpdate[/mavros/setpoint_raw/local] -> http://localhost:43753/ []
[rosmaster.master][INFO] 2026-06-20 23:28:50,565: publisherUpdate[/mavros/setpoint_raw/local] -> http://localhost:43753/ []: sec=0.00, result=[1, '', 0]
[rosmaster.master][INFO] 2026-06-20 23:29:06,838: -PUB [/rosout_agg] /rosout http://localhost:42959/
[rosmaster.master][INFO] 2026-06-20 23:29:06,838: -SUB [/rosout] /rosout http://localhost:42959/
[rosmaster.master][INFO] 2026-06-20 23:29:06,839: -SERVICE [/rosout/get_loggers] /rosout rosrpc://localhost:40405
[rosmaster.master][INFO] 2026-06-20 23:29:06,839: -SERVICE [/rosout/set_logger_level] /rosout rosrpc://localhost:40405
[rosmaster.master][INFO] 2026-06-20 23:29:06,839: -CACHEDPARAM [/rosout/omit_topics] by /rosout
[rosmaster.main][INFO] 2026-06-20 23:29:06,923: keyboard interrupt, will exit
[rosmaster.main][INFO] 2026-06-20 23:29:06,923: stopping master...
[rospy.core][INFO] 2026-06-20 23:29:06,923: signal_shutdown [atexit]
