[rosmaster.main][INFO] 2026-06-06 22:17:51,326: initialization complete, waiting for shutdown
[rosmaster.main][INFO] 2026-06-06 22:17:51,327: Starting ROS Master Node
[xmlrpc][INFO] 2026-06-06 22:17:51,328: XML-RPC server binding to 127.0.0.1:11311
[xmlrpc][INFO] 2026-06-06 22:17:51,328: Started XML-RPC server [http://localhost:11311/]
[xmlrpc][INFO] 2026-06-06 22:17:51,328: xml rpc node: starting XML-RPC server
[rosmaster.master][INFO] 2026-06-06 22:17:51,328: Master initialized: port[11311], uri[http://localhost:11311/]
[rosmaster.master][INFO] 2026-06-06 22:17:51,336: +PARAM [/run_id] by /roslaunch
[rosmaster.master][INFO] 2026-06-06 22:17:51,337: +PARAM [/roslaunch/uris/host_localhost__45719] by /roslaunch
[rosmaster.master][INFO] 2026-06-06 22:17:51,375: +PARAM [/rosversion] by /roslaunch
[rosmaster.master][INFO] 2026-06-06 22:17:51,375: +PARAM [/rosdistro] by /roslaunch
[rosmaster.master][INFO] 2026-06-06 22:17:51,453: +SERVICE [/rosout/get_loggers] /rosout http://localhost:33263/
[rosmaster.master][INFO] 2026-06-06 22:17:51,454: +SERVICE [/rosout/set_logger_level] /rosout http://localhost:33263/
[rosmaster.master][INFO] 2026-06-06 22:17:51,455: +PUB [/rosout_agg] /rosout http://localhost:33263/
[rosmaster.master][INFO] 2026-06-06 22:17:51,458: +SUB [/rosout] /rosout http://localhost:33263/
[rosmaster.master][INFO] 2026-06-06 22:18:19,318: +PARAM [/roslaunch/uris/host_localhost__36869] by /roslaunch
[rosmaster.master][INFO] 2026-06-06 22:18:19,324: +PARAM [/rosversion] by /roslaunch
[rosmaster.master][INFO] 2026-06-06 22:18:19,324: +PARAM [/rosdistro] by /roslaunch
[rosmaster.master][INFO] 2026-06-06 22:18:19,324: +PARAM [/mavros/plugin_blacklist] by /roslaunch
[rosmaster.master][INFO] 2026-06-06 22:18:19,324: +PARAM [/mavros/plugin_whitelist] by /roslaunch
[rosmaster.master][INFO] 2026-06-06 22:18:19,324: +PARAM [/mavros/startup_px4_usb_quirk] by /roslaunch
[rosmaster.master][INFO] 2026-06-06 22:18:19,324: +PARAM [/mavros/conn/heartbeat_rate] by /roslaunch
[rosmaster.master][INFO] 2026-06-06 22:18:19,324: +PARAM [/mavros/conn/heartbeat_mav_type] by /roslaunch
[rosmaster.master][INFO] 2026-06-06 22:18:19,324: +PARAM [/mavros/conn/timeout] by /roslaunch
[rosmaster.master][INFO] 2026-06-06 22:18:19,324: +PARAM [/mavros/conn/timesync_rate] by /roslaunch
[rosmaster.master][INFO] 2026-06-06 22:18:19,324: +PARAM [/mavros/conn/system_time_rate] by /roslaunch
[rosmaster.master][INFO] 2026-06-06 22:18:19,324: +PARAM [/mavros/sys/min_voltage] by /roslaunch
[rosmaster.master][INFO] 2026-06-06 22:18:19,324: +PARAM [/mavros/sys/disable_diag] by /roslaunch
[rosmaster.master][INFO] 2026-06-06 22:18:19,324: +PARAM [/mavros/time/time_ref_source] by /roslaunch
[rosmaster.master][INFO] 2026-06-06 22:18:19,324: +PARAM [/mavros/time/timesync_mode] by /roslaunch
[rosmaster.master][INFO] 2026-06-06 22:18:19,325: +PARAM [/mavros/time/timesync_avg_alpha] by /roslaunch
[rosmaster.master][INFO] 2026-06-06 22:18:19,325: +PARAM [/mavros/tdr_radio/low_rssi] by /roslaunch
[rosmaster.master][INFO] 2026-06-06 22:18:19,325: +PARAM [/mavros/cmd/use_comp_id_system_control] by /roslaunch
[rosmaster.master][INFO] 2026-06-06 22:18:19,325: +PARAM [/mavros/global_position/frame_id] by /roslaunch
[rosmaster.master][INFO] 2026-06-06 22:18:19,325: +PARAM [/mavros/global_position/child_frame_id] by /roslaunch
[rosmaster.master][INFO] 2026-06-06 22:18:19,326: +PARAM [/mavros/global_position/rot_covariance] by /roslaunch
[rosmaster.master][INFO] 2026-06-06 22:18:19,326: +PARAM [/mavros/global_position/gps_uere] by /roslaunch
[rosmaster.master][INFO] 2026-06-06 22:18:19,326: +PARAM [/mavros/global_position/use_relative_alt] by /roslaunch
[rosmaster.master][INFO] 2026-06-06 22:18:19,326: +PARAM [/mavros/global_position/tf/send] by /roslaunch
[rosmaster.master][INFO] 2026-06-06 22:18:19,326: +PARAM [/mavros/global_position/tf/frame_id] by /roslaunch
[rosmaster.master][INFO] 2026-06-06 22:18:19,326: +PARAM [/mavros/global_position/tf/global_frame_id] by /roslaunch
[rosmaster.master][INFO] 2026-06-06 22:18:19,326: +PARAM [/mavros/global_position/tf/child_frame_id] by /roslaunch
[rosmaster.master][INFO] 2026-06-06 22:18:19,326: +PARAM [/mavros/imu/frame_id] by /roslaunch
[rosmaster.master][INFO] 2026-06-06 22:18:19,326: +PARAM [/mavros/imu/linear_acceleration_stdev] by /roslaunch
[rosmaster.master][INFO] 2026-06-06 22:18:19,326: +PARAM [/mavros/imu/angular_velocity_stdev] by /roslaunch
[rosmaster.master][INFO] 2026-06-06 22:18:19,326: +PARAM [/mavros/imu/orientation_stdev] by /roslaunch
[rosmaster.master][INFO] 2026-06-06 22:18:19,326: +PARAM [/mavros/imu/magnetic_stdev] by /roslaunch
[rosmaster.master][INFO] 2026-06-06 22:18:19,326: +PARAM [/mavros/local_position/frame_id] by /roslaunch
[rosmaster.master][INFO] 2026-06-06 22:18:19,326: +PARAM [/mavros/local_position/tf/send] by /roslaunch
[rosmaster.master][INFO] 2026-06-06 22:18:19,326: +PARAM [/mavros/local_position/tf/frame_id] by /roslaunch
[rosmaster.master][INFO] 2026-06-06 22:18:19,326: +PARAM [/mavros/local_position/tf/child_frame_id] by /roslaunch
[rosmaster.master][INFO] 2026-06-06 22:18:19,326: +PARAM [/mavros/local_position/tf/send_fcu] by /roslaunch
[rosmaster.master][INFO] 2026-06-06 22:18:19,326: +PARAM [/mavros/safety_area/p1/x] by /roslaunch
[rosmaster.master][INFO] 2026-06-06 22:18:19,326: +PARAM [/mavros/safety_area/p1/y] by /roslaunch
[rosmaster.master][INFO] 2026-06-06 22:18:19,326: +PARAM [/mavros/safety_area/p1/z] by /roslaunch
[rosmaster.master][INFO] 2026-06-06 22:18:19,326: +PARAM [/mavros/safety_area/p2/x] by /roslaunch
[rosmaster.master][INFO] 2026-06-06 22:18:19,326: +PARAM [/mavros/safety_area/p2/y] by /roslaunch
[rosmaster.master][INFO] 2026-06-06 22:18:19,326: +PARAM [/mavros/safety_area/p2/z] by /roslaunch
[rosmaster.master][INFO] 2026-06-06 22:18:19,326: +PARAM [/mavros/setpoint_accel/send_force] by /roslaunch
[rosmaster.master][INFO] 2026-06-06 22:18:19,326: +PARAM [/mavros/setpoint_attitude/reverse_thrust] by /roslaunch
[rosmaster.master][INFO] 2026-06-06 22:18:19,326: +PARAM [/mavros/setpoint_attitude/use_quaternion] by /roslaunch
[rosmaster.master][INFO] 2026-06-06 22:18:19,326: +PARAM [/mavros/setpoint_attitude/tf/listen] by /roslaunch
[rosmaster.master][INFO] 2026-06-06 22:18:19,326: +PARAM [/mavros/setpoint_attitude/tf/frame_id] by /roslaunch
[rosmaster.master][INFO] 2026-06-06 22:18:19,326: +PARAM [/mavros/setpoint_attitude/tf/child_frame_id] by /roslaunch
[rosmaster.master][INFO] 2026-06-06 22:18:19,326: +PARAM [/mavros/setpoint_attitude/tf/rate_limit] by /roslaunch
[rosmaster.master][INFO] 2026-06-06 22:18:19,326: +PARAM [/mavros/setpoint_raw/thrust_scaling] by /roslaunch
[rosmaster.master][INFO] 2026-06-06 22:18:19,326: +PARAM [/mavros/setpoint_position/tf/listen] by /roslaunch
[rosmaster.master][INFO] 2026-06-06 22:18:19,326: +PARAM [/mavros/setpoint_position/tf/frame_id] by /roslaunch
[rosmaster.master][INFO] 2026-06-06 22:18:19,326: +PARAM [/mavros/setpoint_position/tf/child_frame_id] by /roslaunch
[rosmaster.master][INFO] 2026-06-06 22:18:19,327: +PARAM [/mavros/setpoint_position/tf/rate_limit] by /roslaunch
[rosmaster.master][INFO] 2026-06-06 22:18:19,327: +PARAM [/mavros/setpoint_position/mav_frame] by /roslaunch
[rosmaster.master][INFO] 2026-06-06 22:18:19,327: +PARAM [/mavros/guided_target/tf/listen] by /roslaunch
[rosmaster.master][INFO] 2026-06-06 22:18:19,327: +PARAM [/mavros/guided_target/tf/frame_id] by /roslaunch
[rosmaster.master][INFO] 2026-06-06 22:18:19,327: +PARAM [/mavros/guided_target/tf/child_frame_id] by /roslaunch
[rosmaster.master][INFO] 2026-06-06 22:18:19,327: +PARAM [/mavros/guided_target/tf/rate_limit] by /roslaunch
[rosmaster.master][INFO] 2026-06-06 22:18:19,327: +PARAM [/mavros/setpoint_velocity/mav_frame] by /roslaunch
[rosmaster.master][INFO] 2026-06-06 22:18:19,327: +PARAM [/mavros/mission/pull_after_gcs] by /roslaunch
[rosmaster.master][INFO] 2026-06-06 22:18:19,327: +PARAM [/mavros/mission/use_mission_item_int] by /roslaunch
[rosmaster.master][INFO] 2026-06-06 22:18:19,327: +PARAM [/mavros/distance_sensor/rangefinder_pub/id] by /roslaunch
[rosmaster.master][INFO] 2026-06-06 22:18:19,327: +PARAM [/mavros/distance_sensor/rangefinder_pub/frame_id] by /roslaunch
[rosmaster.master][INFO] 2026-06-06 22:18:19,327: +PARAM [/mavros/distance_sensor/rangefinder_pub/field_of_view] by /roslaunch
[rosmaster.master][INFO] 2026-06-06 22:18:19,327: +PARAM [/mavros/distance_sensor/rangefinder_pub/send_tf] by /roslaunch
[rosmaster.master][INFO] 2026-06-06 22:18:19,327: +PARAM [/mavros/distance_sensor/rangefinder_pub/sensor_position/x] by /roslaunch
[rosmaster.master][INFO] 2026-06-06 22:18:19,327: +PARAM [/mavros/distance_sensor/rangefinder_pub/sensor_position/y] by /roslaunch
[rosmaster.master][INFO] 2026-06-06 22:18:19,327: +PARAM [/mavros/distance_sensor/rangefinder_pub/sensor_position/z] by /roslaunch
[rosmaster.master][INFO] 2026-06-06 22:18:19,327: +PARAM [/mavros/distance_sensor/rangefinder_sub/subscriber] by /roslaunch
[rosmaster.master][INFO] 2026-06-06 22:18:19,327: +PARAM [/mavros/distance_sensor/rangefinder_sub/id] by /roslaunch
[rosmaster.master][INFO] 2026-06-06 22:18:19,327: +PARAM [/mavros/distance_sensor/rangefinder_sub/orientation] by /roslaunch
[rosmaster.master][INFO] 2026-06-06 22:18:19,327: +PARAM [/mavros/image/frame_id] by /roslaunch
[rosmaster.master][INFO] 2026-06-06 22:18:19,327: +PARAM [/mavros/fake_gps/use_mocap] by /roslaunch
[rosmaster.master][INFO] 2026-06-06 22:18:19,327: +PARAM [/mavros/fake_gps/mocap_transform] by /roslaunch
[rosmaster.master][INFO] 2026-06-06 22:18:19,327: +PARAM [/mavros/fake_gps/mocap_withcovariance] by /roslaunch
[rosmaster.master][INFO] 2026-06-06 22:18:19,327: +PARAM [/mavros/fake_gps/use_vision] by /roslaunch
[rosmaster.master][INFO] 2026-06-06 22:18:19,327: +PARAM [/mavros/fake_gps/use_hil_gps] by /roslaunch
[rosmaster.master][INFO] 2026-06-06 22:18:19,327: +PARAM [/mavros/fake_gps/gps_id] by /roslaunch
[rosmaster.master][INFO] 2026-06-06 22:18:19,327: +PARAM [/mavros/fake_gps/geo_origin/lat] by /roslaunch
[rosmaster.master][INFO] 2026-06-06 22:18:19,327: +PARAM [/mavros/fake_gps/geo_origin/lon] by /roslaunch
[rosmaster.master][INFO] 2026-06-06 22:18:19,327: +PARAM [/mavros/fake_gps/geo_origin/alt] by /roslaunch
[rosmaster.master][INFO] 2026-06-06 22:18:19,327: +PARAM [/mavros/fake_gps/eph] by /roslaunch
[rosmaster.master][INFO] 2026-06-06 22:18:19,327: +PARAM [/mavros/fake_gps/epv] by /roslaunch
[rosmaster.master][INFO] 2026-06-06 22:18:19,328: +PARAM [/mavros/fake_gps/horiz_accuracy] by /roslaunch
[rosmaster.master][INFO] 2026-06-06 22:18:19,328: +PARAM [/mavros/fake_gps/vert_accuracy] by /roslaunch
[rosmaster.master][INFO] 2026-06-06 22:18:19,328: +PARAM [/mavros/fake_gps/speed_accuracy] by /roslaunch
[rosmaster.master][INFO] 2026-06-06 22:18:19,328: +PARAM [/mavros/fake_gps/satellites_visible] by /roslaunch
[rosmaster.master][INFO] 2026-06-06 22:18:19,328: +PARAM [/mavros/fake_gps/fix_type] by /roslaunch
[rosmaster.master][INFO] 2026-06-06 22:18:19,328: +PARAM [/mavros/fake_gps/tf/listen] by /roslaunch
[rosmaster.master][INFO] 2026-06-06 22:18:19,328: +PARAM [/mavros/fake_gps/tf/send] by /roslaunch
[rosmaster.master][INFO] 2026-06-06 22:18:19,328: +PARAM [/mavros/fake_gps/tf/frame_id] by /roslaunch
[rosmaster.master][INFO] 2026-06-06 22:18:19,328: +PARAM [/mavros/fake_gps/tf/child_frame_id] by /roslaunch
[rosmaster.master][INFO] 2026-06-06 22:18:19,328: +PARAM [/mavros/fake_gps/tf/rate_limit] by /roslaunch
[rosmaster.master][INFO] 2026-06-06 22:18:19,328: +PARAM [/mavros/fake_gps/gps_rate] by /roslaunch
[rosmaster.master][INFO] 2026-06-06 22:18:19,328: +PARAM [/mavros/landing_target/listen_lt] by /roslaunch
[rosmaster.master][INFO] 2026-06-06 22:18:19,328: +PARAM [/mavros/landing_target/mav_frame] by /roslaunch
[rosmaster.master][INFO] 2026-06-06 22:18:19,328: +PARAM [/mavros/landing_target/land_target_type] by /roslaunch
[rosmaster.master][INFO] 2026-06-06 22:18:19,328: +PARAM [/mavros/landing_target/image/width] by /roslaunch
[rosmaster.master][INFO] 2026-06-06 22:18:19,328: +PARAM [/mavros/landing_target/image/height] by /roslaunch
[rosmaster.master][INFO] 2026-06-06 22:18:19,328: +PARAM [/mavros/landing_target/camera/fov_x] by /roslaunch
[rosmaster.master][INFO] 2026-06-06 22:18:19,328: +PARAM [/mavros/landing_target/camera/fov_y] by /roslaunch
[rosmaster.master][INFO] 2026-06-06 22:18:19,328: +PARAM [/mavros/landing_target/tf/send] by /roslaunch
[rosmaster.master][INFO] 2026-06-06 22:18:19,328: +PARAM [/mavros/landing_target/tf/listen] by /roslaunch
[rosmaster.master][INFO] 2026-06-06 22:18:19,328: +PARAM [/mavros/landing_target/tf/frame_id] by /roslaunch
[rosmaster.master][INFO] 2026-06-06 22:18:19,328: +PARAM [/mavros/landing_target/tf/child_frame_id] by /roslaunch
[rosmaster.master][INFO] 2026-06-06 22:18:19,328: +PARAM [/mavros/landing_target/tf/rate_limit] by /roslaunch
[rosmaster.master][INFO] 2026-06-06 22:18:19,328: +PARAM [/mavros/landing_target/target_size/x] by /roslaunch
[rosmaster.master][INFO] 2026-06-06 22:18:19,328: +PARAM [/mavros/landing_target/target_size/y] by /roslaunch
[rosmaster.master][INFO] 2026-06-06 22:18:19,328: +PARAM [/mavros/mocap/use_tf] by /roslaunch
[rosmaster.master][INFO] 2026-06-06 22:18:19,328: +PARAM [/mavros/mocap/use_pose] by /roslaunch
[rosmaster.master][INFO] 2026-06-06 22:18:19,328: +PARAM [/mavros/mount/debounce_s] by /roslaunch
[rosmaster.master][INFO] 2026-06-06 22:18:19,328: +PARAM [/mavros/mount/err_threshold_deg] by /roslaunch
[rosmaster.master][INFO] 2026-06-06 22:18:19,329: +PARAM [/mavros/mount/negate_measured_roll] by /roslaunch
[rosmaster.master][INFO] 2026-06-06 22:18:19,329: +PARAM [/mavros/mount/negate_measured_pitch] by /roslaunch
[rosmaster.master][INFO] 2026-06-06 22:18:19,329: +PARAM [/mavros/mount/negate_measured_yaw] by /roslaunch
[rosmaster.master][INFO] 2026-06-06 22:18:19,329: +PARAM [/mavros/odometry/frame_tf/desired_frame] by /roslaunch
[rosmaster.master][INFO] 2026-06-06 22:18:19,329: +PARAM [/mavros/odometry/estimator_type] by /roslaunch
[rosmaster.master][INFO] 2026-06-06 22:18:19,329: +PARAM [/mavros/px4flow/frame_id] by /roslaunch
[rosmaster.master][INFO] 2026-06-06 22:18:19,329: +PARAM [/mavros/px4flow/ranger_fov] by /roslaunch
[rosmaster.master][INFO] 2026-06-06 22:18:19,329: +PARAM [/mavros/px4flow/ranger_min_range] by /roslaunch
[rosmaster.master][INFO] 2026-06-06 22:18:19,329: +PARAM [/mavros/px4flow/ranger_max_range] by /roslaunch
[rosmaster.master][INFO] 2026-06-06 22:18:19,329: +PARAM [/mavros/vision_pose/tf/listen] by /roslaunch
[rosmaster.master][INFO] 2026-06-06 22:18:19,329: +PARAM [/mavros/vision_pose/tf/frame_id] by /roslaunch
[rosmaster.master][INFO] 2026-06-06 22:18:19,329: +PARAM [/mavros/vision_pose/tf/child_frame_id] by /roslaunch
[rosmaster.master][INFO] 2026-06-06 22:18:19,329: +PARAM [/mavros/vision_pose/tf/rate_limit] by /roslaunch
[rosmaster.master][INFO] 2026-06-06 22:18:19,330: +PARAM [/mavros/vision_speed/listen_twist] by /roslaunch
[rosmaster.master][INFO] 2026-06-06 22:18:19,330: +PARAM [/mavros/vision_speed/twist_cov] by /roslaunch
[rosmaster.master][INFO] 2026-06-06 22:18:19,330: +PARAM [/mavros/vibration/frame_id] by /roslaunch
[rosmaster.master][INFO] 2026-06-06 22:18:19,330: +PARAM [/mavros/wheel_odometry/count] by /roslaunch
[rosmaster.master][INFO] 2026-06-06 22:18:19,330: +PARAM [/mavros/wheel_odometry/use_rpm] by /roslaunch
[rosmaster.master][INFO] 2026-06-06 22:18:19,330: +PARAM [/mavros/wheel_odometry/wheel0/x] by /roslaunch
[rosmaster.master][INFO] 2026-06-06 22:18:19,330: +PARAM [/mavros/wheel_odometry/wheel0/y] by /roslaunch
[rosmaster.master][INFO] 2026-06-06 22:18:19,330: +PARAM [/mavros/wheel_odometry/wheel0/radius] by /roslaunch
[rosmaster.master][INFO] 2026-06-06 22:18:19,330: +PARAM [/mavros/wheel_odometry/wheel1/x] by /roslaunch
[rosmaster.master][INFO] 2026-06-06 22:18:19,330: +PARAM [/mavros/wheel_odometry/wheel1/y] by /roslaunch
[rosmaster.master][INFO] 2026-06-06 22:18:19,330: +PARAM [/mavros/wheel_odometry/wheel1/radius] by /roslaunch
[rosmaster.master][INFO] 2026-06-06 22:18:19,330: +PARAM [/mavros/wheel_odometry/send_raw] by /roslaunch
[rosmaster.master][INFO] 2026-06-06 22:18:19,330: +PARAM [/mavros/wheel_odometry/send_twist] by /roslaunch
[rosmaster.master][INFO] 2026-06-06 22:18:19,330: +PARAM [/mavros/wheel_odometry/frame_id] by /roslaunch
[rosmaster.master][INFO] 2026-06-06 22:18:19,330: +PARAM [/mavros/wheel_odometry/child_frame_id] by /roslaunch
[rosmaster.master][INFO] 2026-06-06 22:18:19,330: +PARAM [/mavros/wheel_odometry/vel_error] by /roslaunch
[rosmaster.master][INFO] 2026-06-06 22:18:19,330: +PARAM [/mavros/wheel_odometry/tf/send] by /roslaunch
[rosmaster.master][INFO] 2026-06-06 22:18:19,330: +PARAM [/mavros/wheel_odometry/tf/frame_id] by /roslaunch
[rosmaster.master][INFO] 2026-06-06 22:18:19,330: +PARAM [/mavros/wheel_odometry/tf/child_frame_id] by /roslaunch
[rosmaster.master][INFO] 2026-06-06 22:18:19,330: +PARAM [/mavros/fcu_url] by /roslaunch
[rosmaster.master][INFO] 2026-06-06 22:18:19,330: +PARAM [/mavros/gcs_url] by /roslaunch
[rosmaster.master][INFO] 2026-06-06 22:18:19,330: +PARAM [/mavros/target_system_id] by /roslaunch
[rosmaster.master][INFO] 2026-06-06 22:18:19,330: +PARAM [/mavros/target_component_id] by /roslaunch
[rosmaster.master][INFO] 2026-06-06 22:18:19,330: +PARAM [/mavros/fcu_protocol] by /roslaunch
[rosmaster.master][INFO] 2026-06-06 22:18:19,450: +PUB [/rosout] /mavros http://localhost:35893/
[rosmaster.master][INFO] 2026-06-06 22:18:19,450: +SERVICE [/mavros/get_loggers] /mavros http://localhost:35893/
[rosmaster.master][INFO] 2026-06-06 22:18:19,451: +SERVICE [/mavros/set_logger_level] /mavros http://localhost:35893/
[rosmaster.master][INFO] 2026-06-06 22:18:19,452: +PUB [/diagnostics] /mavros http://localhost:35893/
[rosmaster.master][INFO] 2026-06-06 22:18:19,452: +CACHEDPARAM [/mavros/diagnostic_period] by /mavros
[rosmaster.master][INFO] 2026-06-06 22:18:19,465: +SUB [/tf] /mavros http://localhost:35893/
[rosmaster.master][INFO] 2026-06-06 22:18:19,467: +SUB [/tf_static] /mavros http://localhost:35893/
[rosmaster.master][INFO] 2026-06-06 22:18:19,467: +PUB [/tf] /mavros http://localhost:35893/
[rosmaster.master][INFO] 2026-06-06 22:18:19,468: +PUB [/tf_static] /mavros http://localhost:35893/
[rosmaster.master][INFO] 2026-06-06 22:18:19,521: publisherUpdate[/rosout] -> http://localhost:33263/ ['http://localhost:35893/']
[rosmaster.master][INFO] 2026-06-06 22:18:19,522: publisherUpdate[/tf] -> http://localhost:35893/ ['http://localhost:35893/']
[rosmaster.master][INFO] 2026-06-06 22:18:19,526: publisherUpdate[/tf] -> http://localhost:35893/ ['http://localhost:35893/']: sec=0.00, result=[1, '', 0]
[rosmaster.master][INFO] 2026-06-06 22:18:19,526: publisherUpdate[/tf_static] -> http://localhost:35893/ ['http://localhost:35893/']
[rosmaster.master][INFO] 2026-06-06 22:18:19,527: publisherUpdate[/tf_static] -> http://localhost:35893/ ['http://localhost:35893/']: sec=0.00, result=[1, '', 0]
[rosmaster.master][INFO] 2026-06-06 22:18:19,528: publisherUpdate[/rosout] -> http://localhost:33263/ ['http://localhost:35893/']: sec=0.01, result=[1, '', 0]
[rosmaster.master][INFO] 2026-06-06 22:18:19,549: +CACHEDPARAM [/rosout_disable_topics_generation] by /mavros
[rosmaster.master][INFO] 2026-06-06 22:18:19,554: +PUB [/mavlink/from] /mavros http://localhost:35893/
[rosmaster.master][INFO] 2026-06-06 22:18:19,557: +SUB [/mavlink/to] /mavros http://localhost:35893/
[rosmaster.master][INFO] 2026-06-06 22:18:19,662: +PUB [/mavros/radio_status] /mavros http://localhost:35893/
[rosmaster.master][INFO] 2026-06-06 22:18:19,731: +PUB [/mavros/adsb/vehicle] /mavros http://localhost:35893/
[rosmaster.master][INFO] 2026-06-06 22:18:19,731: +CACHEDPARAM [/rosout/omit_topics] by /rosout
[rosmaster.master][INFO] 2026-06-06 22:18:19,734: +SUB [/mavros/adsb/send] /mavros http://localhost:35893/
[rosmaster.master][INFO] 2026-06-06 22:18:19,735: +PUB [/mavros/cam_imu_sync/cam_imu_stamp] /mavros http://localhost:35893/
[rosmaster.master][INFO] 2026-06-06 22:18:19,736: +PUB [/mavros/camera/image_captured] /mavros http://localhost:35893/
[rosmaster.master][INFO] 2026-06-06 22:18:19,739: +SUB [/mavros/cellular_status/status] /mavros http://localhost:35893/
[rosmaster.master][INFO] 2026-06-06 22:18:19,741: +SERVICE [/mavros/cmd/command] /mavros http://localhost:35893/
[rosmaster.master][INFO] 2026-06-06 22:18:19,742: +SERVICE [/mavros/cmd/command_ack] /mavros http://localhost:35893/
[rosmaster.master][INFO] 2026-06-06 22:18:19,742: +SERVICE [/mavros/cmd/command_int] /mavros http://localhost:35893/
[rosmaster.master][INFO] 2026-06-06 22:18:19,743: +SERVICE [/mavros/cmd/arming] /mavros http://localhost:35893/
[rosmaster.master][INFO] 2026-06-06 22:18:19,744: +SERVICE [/mavros/cmd/set_home] /mavros http://localhost:35893/
[rosmaster.master][INFO] 2026-06-06 22:18:19,745: +SERVICE [/mavros/cmd/takeoff] /mavros http://localhost:35893/
[rosmaster.master][INFO] 2026-06-06 22:18:19,745: +SERVICE [/mavros/cmd/land] /mavros http://localhost:35893/
[rosmaster.master][INFO] 2026-06-06 22:18:19,745: +SERVICE [/mavros/cmd/trigger_control] /mavros http://localhost:35893/
[rosmaster.master][INFO] 2026-06-06 22:18:19,746: +SERVICE [/mavros/cmd/trigger_interval] /mavros http://localhost:35893/
[rosmaster.master][INFO] 2026-06-06 22:18:19,746: +SERVICE [/mavros/cmd/vtol_transition] /mavros http://localhost:35893/
[rosmaster.master][INFO] 2026-06-06 22:18:19,748: +SUB [/mavros/companion_process/status] /mavros http://localhost:35893/
[rosmaster.master][INFO] 2026-06-06 22:18:19,752: +PUB [/mavros/distance_sensor/rangefinder_pub] /mavros http://localhost:35893/
[rosmaster.master][INFO] 2026-06-06 22:18:19,756: +SUB [/mavros/distance_sensor/rangefinder_sub] /mavros http://localhost:35893/
[rosmaster.master][INFO] 2026-06-06 22:18:19,757: +PUB [/mavros/esc_info] /mavros http://localhost:35893/
[rosmaster.master][INFO] 2026-06-06 22:18:19,757: +PUB [/mavros/esc_status] /mavros http://localhost:35893/
[rosmaster.master][INFO] 2026-06-06 22:18:19,758: +PUB [/mavros/esc_telemetry] /mavros http://localhost:35893/
[rosmaster.master][INFO] 2026-06-06 22:18:19,776: +SUB [/mavros/fake_gps/mocap/pose] /mavros http://localhost:35893/
[rosmaster.master][INFO] 2026-06-06 22:18:19,779: +PUB [/mavros/geofence/waypoints] /mavros http://localhost:35893/
[rosmaster.master][INFO] 2026-06-06 22:18:19,780: +SERVICE [/mavros/geofence/pull] /mavros http://localhost:35893/
[rosmaster.master][INFO] 2026-06-06 22:18:19,780: +SERVICE [/mavros/geofence/push] /mavros http://localhost:35893/
[rosmaster.master][INFO] 2026-06-06 22:18:19,781: +SERVICE [/mavros/geofence/clear] /mavros http://localhost:35893/
[rosmaster.master][INFO] 2026-06-06 22:18:19,787: +PUB [/mavros/global_position/raw/fix] /mavros http://localhost:35893/
[rosmaster.master][INFO] 2026-06-06 22:18:19,787: +PUB [/mavros/global_position/raw/gps_vel] /mavros http://localhost:35893/
[rosmaster.master][INFO] 2026-06-06 22:18:19,788: +PUB [/mavros/global_position/raw/satellites] /mavros http://localhost:35893/
[rosmaster.master][INFO] 2026-06-06 22:18:19,788: +PUB [/mavros/global_position/global] /mavros http://localhost:35893/
[rosmaster.master][INFO] 2026-06-06 22:18:19,789: +PUB [/mavros/global_position/local] /mavros http://localhost:35893/
[rosmaster.master][INFO] 2026-06-06 22:18:19,789: +PUB [/mavros/global_position/rel_alt] /mavros http://localhost:35893/
[rosmaster.master][INFO] 2026-06-06 22:18:19,789: +PUB [/mavros/global_position/compass_hdg] /mavros http://localhost:35893/
[rosmaster.master][INFO] 2026-06-06 22:18:19,790: +PUB [/mavros/global_position/gp_origin] /mavros http://localhost:35893/
[rosmaster.master][INFO] 2026-06-06 22:18:19,791: +SUB [/mavros/global_position/set_gp_origin] /mavros http://localhost:35893/
[rosmaster.master][INFO] 2026-06-06 22:18:19,793: +SUB [/mavros/home_position/home] /mavros http://localhost:35893/
[rosmaster.master][INFO] 2026-06-06 22:18:19,794: +PUB [/mavros/global_position/gp_lp_offset] /mavros http://localhost:35893/
[rosmaster.master][INFO] 2026-06-06 22:18:19,796: +SUB [/mavros/gps_input/gps_input] /mavros http://localhost:35893/
[rosmaster.master][INFO] 2026-06-06 22:18:19,798: +SUB [/mavros/gps_rtk/send_rtcm] /mavros http://localhost:35893/
[rosmaster.master][INFO] 2026-06-06 22:18:19,799: +PUB [/mavros/gps_rtk/rtk_baseline] /mavros http://localhost:35893/
[rosmaster.master][INFO] 2026-06-06 22:18:19,800: +PUB [/mavros/gpsstatus/gps1/raw] /mavros http://localhost:35893/
[rosmaster.master][INFO] 2026-06-06 22:18:19,800: +PUB [/mavros/gpsstatus/gps2/raw] /mavros http://localhost:35893/
[rosmaster.master][INFO] 2026-06-06 22:18:19,800: +PUB [/mavros/gpsstatus/gps1/rtk] /mavros http://localhost:35893/
[rosmaster.master][INFO] 2026-06-06 22:18:19,801: +PUB [/mavros/gpsstatus/gps2/rtk] /mavros http://localhost:35893/
[rosmaster.master][INFO] 2026-06-06 22:18:19,804: +PUB [/move_base_simple/goal] /mavros http://localhost:35893/
[rosmaster.master][INFO] 2026-06-06 22:18:19,807: +SUB [/mavros/global_position/gp_origin] /mavros http://localhost:35893/
[rosmaster.master][INFO] 2026-06-06 22:18:19,808: +PUB [/mavros/home_position/home] /mavros http://localhost:35893/
[rosmaster.master][INFO] 2026-06-06 22:18:19,810: +SUB [/mavros/home_position/set] /mavros http://localhost:35893/
[rosmaster.master][INFO] 2026-06-06 22:18:19,810: +SERVICE [/mavros/home_position/req_update] /mavros http://localhost:35893/
[rosmaster.master][INFO] 2026-06-06 22:18:19,815: +PUB [/mavros/imu/data] /mavros http://localhost:35893/
[rosmaster.master][INFO] 2026-06-06 22:18:19,815: +PUB [/mavros/imu/mag] /mavros http://localhost:35893/
[rosmaster.master][INFO] 2026-06-06 22:18:19,816: +PUB [/mavros/imu/temperature_imu] /mavros http://localhost:35893/
[rosmaster.master][INFO] 2026-06-06 22:18:19,816: +PUB [/mavros/imu/temperature_baro] /mavros http://localhost:35893/
[rosmaster.master][INFO] 2026-06-06 22:18:19,816: +PUB [/mavros/imu/static_pressure] /mavros http://localhost:35893/
[rosmaster.master][INFO] 2026-06-06 22:18:19,817: +PUB [/mavros/imu/diff_pressure] /mavros http://localhost:35893/
[rosmaster.master][INFO] 2026-06-06 22:18:19,817: +PUB [/mavros/imu/data_raw] /mavros http://localhost:35893/
[rosmaster.master][INFO] 2026-06-06 22:18:19,824: publisherUpdate[/mavros/home_position/home] -> http://localhost:35893/ ['http://localhost:35893/']
[rosmaster.master][INFO] 2026-06-06 22:18:19,825: publisherUpdate[/mavros/home_position/home] -> http://localhost:35893/ ['http://localhost:35893/']: sec=0.00, result=[1, '', 0]
[rosmaster.master][INFO] 2026-06-06 22:18:19,828: +PUB [/mavros/landing_target/pose_in] /mavros http://localhost:35893/
[rosmaster.master][INFO] 2026-06-06 22:18:19,828: +PUB [/mavros/landing_target/lt_marker] /mavros http://localhost:35893/
[rosmaster.master][INFO] 2026-06-06 22:18:19,830: +SUB [/mavros/landing_target/pose] /mavros http://localhost:35893/
[rosmaster.master][INFO] 2026-06-06 22:18:19,833: +PUB [/mavros/local_position/pose] /mavros http://localhost:35893/
[rosmaster.master][INFO] 2026-06-06 22:18:19,833: +PUB [/mavros/local_position/pose_cov] /mavros http://localhost:35893/
[rosmaster.master][INFO] 2026-06-06 22:18:19,834: +PUB [/mavros/local_position/velocity_local] /mavros http://localhost:35893/
[rosmaster.master][INFO] 2026-06-06 22:18:19,834: +PUB [/mavros/local_position/velocity_body] /mavros http://localhost:35893/
[rosmaster.master][INFO] 2026-06-06 22:18:19,834: +PUB [/mavros/local_position/velocity_body_cov] /mavros http://localhost:35893/
[rosmaster.master][INFO] 2026-06-06 22:18:19,835: +PUB [/mavros/local_position/accel] /mavros http://localhost:35893/
[rosmaster.master][INFO] 2026-06-06 22:18:19,835: +PUB [/mavros/local_position/odom] /mavros http://localhost:35893/
[rosmaster.master][INFO] 2026-06-06 22:18:19,836: +PUB [/mavros/log_transfer/raw/log_entry] /mavros http://localhost:35893/
[rosmaster.master][INFO] 2026-06-06 22:18:19,837: +PUB [/mavros/log_transfer/raw/log_data] /mavros http://localhost:35893/
[rosmaster.master][INFO] 2026-06-06 22:18:19,837: +SERVICE [/mavros/log_transfer/raw/log_request_list] /mavros http://localhost:35893/
[rosmaster.master][INFO] 2026-06-06 22:18:19,838: +SERVICE [/mavros/log_transfer/raw/log_request_data] /mavros http://localhost:35893/
[rosmaster.master][INFO] 2026-06-06 22:18:19,838: +SERVICE [/mavros/log_transfer/raw/log_request_end] /mavros http://localhost:35893/
[rosmaster.master][INFO] 2026-06-06 22:18:19,838: +SERVICE [/mavros/log_transfer/raw/log_request_erase] /mavros http://localhost:35893/
[rosmaster.master][INFO] 2026-06-06 22:18:19,839: +PUB [/mavros/mag_calibration/status] /mavros http://localhost:35893/
[rosmaster.master][INFO] 2026-06-06 22:18:19,840: +PUB [/mavros/mag_calibration/report] /mavros http://localhost:35893/
[rosmaster.master][INFO] 2026-06-06 22:18:19,840: +PUB [/mavros/manual_control/control] /mavros http://localhost:35893/
[rosmaster.master][INFO] 2026-06-06 22:18:19,842: +SUB [/mavros/manual_control/send] /mavros http://localhost:35893/
[rosmaster.master][INFO] 2026-06-06 22:18:19,845: +SUB [/mavros/mocap/pose] /mavros http://localhost:35893/
[rosmaster.master][INFO] 2026-06-06 22:18:19,848: +SUB [/mavros/mount_control/command] /mavros http://localhost:35893/
[rosmaster.master][INFO] 2026-06-06 22:18:19,848: +PUB [/mavros/mount_control/orientation] /mavros http://localhost:35893/
[rosmaster.master][INFO] 2026-06-06 22:18:19,849: +PUB [/mavros/mount_control/status] /mavros http://localhost:35893/
[rosmaster.master][INFO] 2026-06-06 22:18:19,849: +SERVICE [/mavros/mount_control/configure] /mavros http://localhost:35893/
[rosmaster.master][INFO] 2026-06-06 22:18:19,854: +PUB [/mavros/nav_controller_output] /mavros http://localhost:35893/
[rosmaster.master][INFO] 2026-06-06 22:18:19,857: +SUB [/mavros/obstacle/send] /mavros http://localhost:35893/
[rosmaster.master][INFO] 2026-06-06 22:18:19,858: +PUB [/mavros/odometry/in] /mavros http://localhost:35893/
[rosmaster.master][INFO] 2026-06-06 22:18:19,860: +SUB [/mavros/odometry/out] /mavros http://localhost:35893/
[rosmaster.master][INFO] 2026-06-06 22:18:19,862: +SUB [/mavros/onboard_computer/status] /mavros http://localhost:35893/
[rosmaster.master][INFO] 2026-06-06 22:18:19,863: +SERVICE [/mavros/param/pull] /mavros http://localhost:35893/
[rosmaster.master][INFO] 2026-06-06 22:18:19,864: +SERVICE [/mavros/param/push] /mavros http://localhost:35893/
[rosmaster.master][INFO] 2026-06-06 22:18:19,864: +SERVICE [/mavros/param/set] /mavros http://localhost:35893/
[rosmaster.master][INFO] 2026-06-06 22:18:19,865: +SERVICE [/mavros/param/get] /mavros http://localhost:35893/
[rosmaster.master][INFO] 2026-06-06 22:18:19,865: +PUB [/mavros/param/param_value] /mavros http://localhost:35893/
[rosmaster.master][INFO] 2026-06-06 22:18:19,867: +SUB [/mavros/play_tune] /mavros http://localhost:35893/
[rosmaster.master][INFO] 2026-06-06 22:18:19,869: +PUB [/mavros/rallypoint/waypoints] /mavros http://localhost:35893/
[rosmaster.master][INFO] 2026-06-06 22:18:19,869: +SERVICE [/mavros/rallypoint/pull] /mavros http://localhost:35893/
[rosmaster.master][INFO] 2026-06-06 22:18:19,870: +SERVICE [/mavros/rallypoint/push] /mavros http://localhost:35893/
[rosmaster.master][INFO] 2026-06-06 22:18:19,870: +SERVICE [/mavros/rallypoint/clear] /mavros http://localhost:35893/
[rosmaster.master][INFO] 2026-06-06 22:18:19,871: +PUB [/mavros/rangefinder/rangefinder] /mavros http://localhost:35893/
[rosmaster.master][INFO] 2026-06-06 22:18:19,872: +PUB [/mavros/rc/in] /mavros http://localhost:35893/
[rosmaster.master][INFO] 2026-06-06 22:18:19,872: +PUB [/mavros/rc/out] /mavros http://localhost:35893/
[rosmaster.master][INFO] 2026-06-06 22:18:19,874: +SUB [/mavros/rc/override] /mavros http://localhost:35893/
[rosmaster.master][INFO] 2026-06-06 22:18:19,877: +SUB [/mavros/setpoint_accel/accel] /mavros http://localhost:35893/
[rosmaster.master][INFO] 2026-06-06 22:18:19,883: +SUB [/mavros/setpoint_attitude/thrust] /mavros http://localhost:35893/
[rosmaster.master][INFO] 2026-06-06 22:18:19,885: +SUB [/mavros/setpoint_attitude/cmd_vel] /mavros http://localhost:35893/
[rosmaster.master][INFO] 2026-06-06 22:18:19,898: +SUB [/mavros/setpoint_position/local] /mavros http://localhost:35893/
[rosmaster.master][INFO] 2026-06-06 22:18:19,900: +SUB [/mavros/setpoint_position/global] /mavros http://localhost:35893/
[rosmaster.master][INFO] 2026-06-06 22:18:19,902: +SUB [/mavros/setpoint_position/global_to_local] /mavros http://localhost:35893/
[rosmaster.master][INFO] 2026-06-06 22:18:19,904: +SUB [/mavros/global_position/global] /mavros http://localhost:35893/
[rosmaster.master][INFO] 2026-06-06 22:18:19,905: +SUB [/mavros/local_position/pose] /mavros http://localhost:35893/
[rosmaster.master][INFO] 2026-06-06 22:18:19,906: +SERVICE [/mavros/setpoint_position/mav_frame] /mavros http://localhost:35893/
[rosmaster.master][INFO] 2026-06-06 22:18:19,908: +SUB [/mavros/setpoint_raw/local] /mavros http://localhost:35893/
[rosmaster.master][INFO] 2026-06-06 22:18:19,910: +SUB [/mavros/setpoint_raw/global] /mavros http://localhost:35893/
[rosmaster.master][INFO] 2026-06-06 22:18:19,912: +SUB [/mavros/setpoint_raw/attitude] /mavros http://localhost:35893/
[rosmaster.master][INFO] 2026-06-06 22:18:19,913: +PUB [/mavros/setpoint_raw/target_local] /mavros http://localhost:35893/
[rosmaster.master][INFO] 2026-06-06 22:18:19,913: +PUB [/mavros/setpoint_raw/target_global] /mavros http://localhost:35893/
[rosmaster.master][INFO] 2026-06-06 22:18:19,914: +PUB [/mavros/setpoint_raw/target_attitude] /mavros http://localhost:35893/
[rosmaster.master][INFO] 2026-06-06 22:18:19,916: +SUB [/mavros/setpoint_trajectory/local] /mavros http://localhost:35893/
[rosmaster.master][INFO] 2026-06-06 22:18:19,916: +PUB [/mavros/setpoint_trajectory/desired] /mavros http://localhost:35893/
[rosmaster.master][INFO] 2026-06-06 22:18:19,917: +SERVICE [/mavros/setpoint_trajectory/reset] /mavros http://localhost:35893/
[rosmaster.master][INFO] 2026-06-06 22:18:19,917: +SERVICE [/mavros/setpoint_trajectory/mav_frame] /mavros http://localhost:35893/
[rosmaster.master][INFO] 2026-06-06 22:18:19,920: +SUB [/mavros/setpoint_velocity/cmd_vel] /mavros http://localhost:35893/
[rosmaster.master][INFO] 2026-06-06 22:18:19,922: +SUB [/mavros/setpoint_velocity/cmd_vel_unstamped] /mavros http://localhost:35893/
[rosmaster.master][INFO] 2026-06-06 22:18:19,922: +SERVICE [/mavros/setpoint_velocity/mav_frame] /mavros http://localhost:35893/
[rosmaster.master][INFO] 2026-06-06 22:18:19,927: +PUB [/mavros/state] /mavros http://localhost:35893/
[rosmaster.master][INFO] 2026-06-06 22:18:19,927: +PUB [/mavros/extended_state] /mavros http://localhost:35893/
[rosmaster.master][INFO] 2026-06-06 22:18:19,928: +PUB [/mavros/battery] /mavros http://localhost:35893/
[rosmaster.master][INFO] 2026-06-06 22:18:19,928: +PUB [/mavros/estimator_status] /mavros http://localhost:35893/
[rosmaster.master][INFO] 2026-06-06 22:18:19,929: +PUB [/mavros/statustext/recv] /mavros http://localhost:35893/
[rosmaster.master][INFO] 2026-06-06 22:18:19,929: +PUB [/mavros/sys_status] /mavros http://localhost:35893/
[rosmaster.master][INFO] 2026-06-06 22:18:19,932: +SUB [/mavros/statustext/send] /mavros http://localhost:35893/
[rosmaster.master][INFO] 2026-06-06 22:18:19,932: +SERVICE [/mavros/set_stream_rate] /mavros http://localhost:35893/
[rosmaster.master][INFO] 2026-06-06 22:18:19,933: +SERVICE [/mavros/set_mode] /mavros http://localhost:35893/
[rosmaster.master][INFO] 2026-06-06 22:18:19,933: +SERVICE [/mavros/vehicle_info_get] /mavros http://localhost:35893/
[rosmaster.master][INFO] 2026-06-06 22:18:19,934: +SERVICE [/mavros/set_message_interval] /mavros http://localhost:35893/
[rosmaster.master][INFO] 2026-06-06 22:18:19,939: +PUB [/mavros/time_reference] /mavros http://localhost:35893/
[rosmaster.master][INFO] 2026-06-06 22:18:19,940: +PUB [/mavros/timesync_status] /mavros http://localhost:35893/
[rosmaster.master][INFO] 2026-06-06 22:18:19,941: +PUB [/mavros/terrain/report] /mavros http://localhost:35893/
[rosmaster.master][INFO] 2026-06-06 22:18:19,943: +SUB [/mavros/trajectory/generated] /mavros http://localhost:35893/
[rosmaster.master][INFO] 2026-06-06 22:18:19,945: +SUB [/mavros/trajectory/path] /mavros http://localhost:35893/
[rosmaster.master][INFO] 2026-06-06 22:18:19,946: +PUB [/mavros/trajectory/desired] /mavros http://localhost:35893/
[rosmaster.master][INFO] 2026-06-06 22:18:19,948: +SUB [/mavros/tunnel/in] /mavros http://localhost:35893/
[rosmaster.master][INFO] 2026-06-06 22:18:19,948: +PUB [/mavros/tunnel/out] /mavros http://localhost:35893/
[rosmaster.master][INFO] 2026-06-06 22:18:19,949: +PUB [/mavros/vfr_hud] /mavros http://localhost:35893/
[rosmaster.master][INFO] 2026-06-06 22:18:19,954: +SUB [/mavros/vision_pose/pose] /mavros http://localhost:35893/
[rosmaster.master][INFO] 2026-06-06 22:18:19,956: +SUB [/mavros/vision_pose/pose_cov] /mavros http://localhost:35893/
[rosmaster.master][INFO] 2026-06-06 22:18:19,958: +PUB [/mavros/mission/waypoints] /mavros http://localhost:35893/
[rosmaster.master][INFO] 2026-06-06 22:18:19,959: +SERVICE [/mavros/mission/pull] /mavros http://localhost:35893/
[rosmaster.master][INFO] 2026-06-06 22:18:19,959: +SERVICE [/mavros/mission/push] /mavros http://localhost:35893/
[rosmaster.master][INFO] 2026-06-06 22:18:19,960: +SERVICE [/mavros/mission/clear] /mavros http://localhost:35893/
[rosmaster.master][INFO] 2026-06-06 22:18:19,960: +PUB [/mavros/mission/reached] /mavros http://localhost:35893/
[rosmaster.master][INFO] 2026-06-06 22:18:19,961: +SERVICE [/mavros/mission/set_current] /mavros http://localhost:35893/
[rosmaster.master][INFO] 2026-06-06 22:18:19,962: +PUB [/mavros/wind_estimation] /mavros http://localhost:35893/
[rosmaster.master][INFO] 2026-06-06 22:18:20,964: +PUB [/mavlink/gcs_ip] /mavros http://localhost:35893/
[rosmaster.master][INFO] 2026-06-06 22:20:27,688: +PUB [/rosout] /horizontal_flight_logger http://localhost:45737/
[rosmaster.master][INFO] 2026-06-06 22:20:27,691: +SERVICE [/horizontal_flight_logger/get_loggers] /horizontal_flight_logger http://localhost:45737/
[rosmaster.master][INFO] 2026-06-06 22:20:27,692: +SERVICE [/horizontal_flight_logger/set_logger_level] /horizontal_flight_logger http://localhost:45737/
[rosmaster.master][INFO] 2026-06-06 22:20:27,693: +PUB [/mavros/setpoint_raw/local] /horizontal_flight_logger http://localhost:45737/
[rosmaster.master][INFO] 2026-06-06 22:20:27,695: +SUB [/mavros/local_position/velocity_local] /horizontal_flight_logger http://localhost:45737/
[rosmaster.master][INFO] 2026-06-06 22:20:27,696: +SUB [/mavros/battery] /horizontal_flight_logger http://localhost:45737/
[rosmaster.master][INFO] 2026-06-06 22:20:27,720: publisherUpdate[/rosout] -> http://localhost:33263/ ['http://localhost:35893/', 'http://localhost:45737/']
[rosmaster.master][INFO] 2026-06-06 22:20:27,721: publisherUpdate[/mavros/setpoint_raw/local] -> http://localhost:35893/ ['http://localhost:45737/']
[rosmaster.master][INFO] 2026-06-06 22:20:27,722: publisherUpdate[/rosout] -> http://localhost:33263/ ['http://localhost:35893/', 'http://localhost:45737/']: sec=0.00, result=[1, '', 0]
[rosmaster.master][INFO] 2026-06-06 22:20:27,723: publisherUpdate[/mavros/setpoint_raw/local] -> http://localhost:35893/ ['http://localhost:45737/']: sec=0.00, result=[1, '', 0]
[rosmaster.master][INFO] 2026-06-06 22:23:18,835: -SUB [/mavros/local_position/velocity_local] /horizontal_flight_logger http://localhost:45737/
[rosmaster.master][INFO] 2026-06-06 22:23:18,836: -SUB [/mavros/battery] /horizontal_flight_logger http://localhost:45737/
[rosmaster.master][INFO] 2026-06-06 22:23:18,836: -PUB [/rosout] /horizontal_flight_logger http://localhost:45737/
[rosmaster.master][INFO] 2026-06-06 22:23:18,836: -PUB [/mavros/setpoint_raw/local] /horizontal_flight_logger http://localhost:45737/
[rosmaster.master][INFO] 2026-06-06 22:23:18,836: -SERVICE [/horizontal_flight_logger/get_loggers] /horizontal_flight_logger rosrpc://localhost:42425
[rosmaster.master][INFO] 2026-06-06 22:23:18,836: -SERVICE [/horizontal_flight_logger/set_logger_level] /horizontal_flight_logger rosrpc://localhost:42425
[rosmaster.master][INFO] 2026-06-06 22:23:18,862: publisherUpdate[/rosout] -> http://localhost:33263/ ['http://localhost:35893/']
[rosmaster.master][INFO] 2026-06-06 22:23:18,862: publisherUpdate[/mavros/setpoint_raw/local] -> http://localhost:35893/ []
[rosmaster.master][INFO] 2026-06-06 22:23:18,864: publisherUpdate[/rosout] -> http://localhost:33263/ ['http://localhost:35893/']: sec=0.00, result=[1, '', 0]
[rosmaster.master][INFO] 2026-06-06 22:23:18,865: publisherUpdate[/mavros/setpoint_raw/local] -> http://localhost:35893/ []: sec=0.00, result=[1, '', 0]
[rosmaster.master][INFO] 2026-06-06 22:25:13,226: -PUB [/rosout_agg] /rosout http://localhost:33263/
[rosmaster.master][INFO] 2026-06-06 22:25:13,227: -SUB [/rosout] /rosout http://localhost:33263/
[rosmaster.master][INFO] 2026-06-06 22:25:13,227: -SERVICE [/rosout/get_loggers] /rosout rosrpc://localhost:45007
[rosmaster.master][INFO] 2026-06-06 22:25:13,228: -SERVICE [/rosout/set_logger_level] /rosout rosrpc://localhost:45007
[rosmaster.master][INFO] 2026-06-06 22:25:13,228: -CACHEDPARAM [/rosout/omit_topics] by /rosout
[rosmaster.main][INFO] 2026-06-06 22:25:13,324: keyboard interrupt, will exit
[rosmaster.main][INFO] 2026-06-06 22:25:13,324: stopping master...
[rospy.core][INFO] 2026-06-06 22:25:13,325: signal_shutdown [atexit]
