[rosmaster.main][INFO] 2026-06-02 00:26:07,577: initialization complete, waiting for shutdown
[rosmaster.main][INFO] 2026-06-02 00:26:07,577: Starting ROS Master Node
[xmlrpc][INFO] 2026-06-02 00:26:07,578: XML-RPC server binding to 127.0.0.1:11311
[xmlrpc][INFO] 2026-06-02 00:26:07,578: Started XML-RPC server [http://localhost:11311/]
[xmlrpc][INFO] 2026-06-02 00:26:07,579: xml rpc node: starting XML-RPC server
[rosmaster.master][INFO] 2026-06-02 00:26:07,579: Master initialized: port[11311], uri[http://localhost:11311/]
[rosmaster.master][INFO] 2026-06-02 00:26:07,686: +PARAM [/run_id] by /roslaunch
[rosmaster.master][INFO] 2026-06-02 00:26:07,687: +PARAM [/roslaunch/uris/host_localhost__41269] by /roslaunch
[rosmaster.master][INFO] 2026-06-02 00:26:07,732: +PARAM [/rosversion] by /roslaunch
[rosmaster.master][INFO] 2026-06-02 00:26:07,732: +PARAM [/rosdistro] by /roslaunch
[rosmaster.master][INFO] 2026-06-02 00:26:07,791: +SERVICE [/rosout/get_loggers] /rosout http://localhost:36977/
[rosmaster.master][INFO] 2026-06-02 00:26:07,792: +SERVICE [/rosout/set_logger_level] /rosout http://localhost:36977/
[rosmaster.master][INFO] 2026-06-02 00:26:07,796: +PUB [/rosout_agg] /rosout http://localhost:36977/
[rosmaster.master][INFO] 2026-06-02 00:26:07,800: +SUB [/rosout] /rosout http://localhost:36977/
[rosmaster.master][INFO] 2026-06-02 00:26:25,867: +PARAM [/roslaunch/uris/host_localhost__41359] by /roslaunch
[rosmaster.master][INFO] 2026-06-02 00:26:25,879: +PARAM [/rosversion] by /roslaunch
[rosmaster.master][INFO] 2026-06-02 00:26:25,879: +PARAM [/rosdistro] by /roslaunch
[rosmaster.master][INFO] 2026-06-02 00:26:25,879: +PARAM [/mavros/plugin_blacklist] by /roslaunch
[rosmaster.master][INFO] 2026-06-02 00:26:25,879: +PARAM [/mavros/plugin_whitelist] by /roslaunch
[rosmaster.master][INFO] 2026-06-02 00:26:25,880: +PARAM [/mavros/startup_px4_usb_quirk] by /roslaunch
[rosmaster.master][INFO] 2026-06-02 00:26:25,880: +PARAM [/mavros/conn/heartbeat_rate] by /roslaunch
[rosmaster.master][INFO] 2026-06-02 00:26:25,880: +PARAM [/mavros/conn/heartbeat_mav_type] by /roslaunch
[rosmaster.master][INFO] 2026-06-02 00:26:25,880: +PARAM [/mavros/conn/timeout] by /roslaunch
[rosmaster.master][INFO] 2026-06-02 00:26:25,880: +PARAM [/mavros/conn/timesync_rate] by /roslaunch
[rosmaster.master][INFO] 2026-06-02 00:26:25,880: +PARAM [/mavros/conn/system_time_rate] by /roslaunch
[rosmaster.master][INFO] 2026-06-02 00:26:25,880: +PARAM [/mavros/sys/min_voltage] by /roslaunch
[rosmaster.master][INFO] 2026-06-02 00:26:25,880: +PARAM [/mavros/sys/disable_diag] by /roslaunch
[rosmaster.master][INFO] 2026-06-02 00:26:25,880: +PARAM [/mavros/time/time_ref_source] by /roslaunch
[rosmaster.master][INFO] 2026-06-02 00:26:25,880: +PARAM [/mavros/time/timesync_mode] by /roslaunch
[rosmaster.master][INFO] 2026-06-02 00:26:25,881: +PARAM [/mavros/time/timesync_avg_alpha] by /roslaunch
[rosmaster.master][INFO] 2026-06-02 00:26:25,881: +PARAM [/mavros/tdr_radio/low_rssi] by /roslaunch
[rosmaster.master][INFO] 2026-06-02 00:26:25,881: +PARAM [/mavros/cmd/use_comp_id_system_control] by /roslaunch
[rosmaster.master][INFO] 2026-06-02 00:26:25,881: +PARAM [/mavros/global_position/frame_id] by /roslaunch
[rosmaster.master][INFO] 2026-06-02 00:26:25,881: +PARAM [/mavros/global_position/child_frame_id] by /roslaunch
[rosmaster.master][INFO] 2026-06-02 00:26:25,881: +PARAM [/mavros/global_position/rot_covariance] by /roslaunch
[rosmaster.master][INFO] 2026-06-02 00:26:25,881: +PARAM [/mavros/global_position/gps_uere] by /roslaunch
[rosmaster.master][INFO] 2026-06-02 00:26:25,881: +PARAM [/mavros/global_position/use_relative_alt] by /roslaunch
[rosmaster.master][INFO] 2026-06-02 00:26:25,881: +PARAM [/mavros/global_position/tf/send] by /roslaunch
[rosmaster.master][INFO] 2026-06-02 00:26:25,881: +PARAM [/mavros/global_position/tf/frame_id] by /roslaunch
[rosmaster.master][INFO] 2026-06-02 00:26:25,881: +PARAM [/mavros/global_position/tf/global_frame_id] by /roslaunch
[rosmaster.master][INFO] 2026-06-02 00:26:25,882: +PARAM [/mavros/global_position/tf/child_frame_id] by /roslaunch
[rosmaster.master][INFO] 2026-06-02 00:26:25,882: +PARAM [/mavros/imu/frame_id] by /roslaunch
[rosmaster.master][INFO] 2026-06-02 00:26:25,882: +PARAM [/mavros/imu/linear_acceleration_stdev] by /roslaunch
[rosmaster.master][INFO] 2026-06-02 00:26:25,882: +PARAM [/mavros/imu/angular_velocity_stdev] by /roslaunch
[rosmaster.master][INFO] 2026-06-02 00:26:25,882: +PARAM [/mavros/imu/orientation_stdev] by /roslaunch
[rosmaster.master][INFO] 2026-06-02 00:26:25,882: +PARAM [/mavros/imu/magnetic_stdev] by /roslaunch
[rosmaster.master][INFO] 2026-06-02 00:26:25,882: +PARAM [/mavros/local_position/frame_id] by /roslaunch
[rosmaster.master][INFO] 2026-06-02 00:26:25,882: +PARAM [/mavros/local_position/tf/send] by /roslaunch
[rosmaster.master][INFO] 2026-06-02 00:26:25,882: +PARAM [/mavros/local_position/tf/frame_id] by /roslaunch
[rosmaster.master][INFO] 2026-06-02 00:26:25,882: +PARAM [/mavros/local_position/tf/child_frame_id] by /roslaunch
[rosmaster.master][INFO] 2026-06-02 00:26:25,882: +PARAM [/mavros/local_position/tf/send_fcu] by /roslaunch
[rosmaster.master][INFO] 2026-06-02 00:26:25,882: +PARAM [/mavros/safety_area/p1/x] by /roslaunch
[rosmaster.master][INFO] 2026-06-02 00:26:25,882: +PARAM [/mavros/safety_area/p1/y] by /roslaunch
[rosmaster.master][INFO] 2026-06-02 00:26:25,882: +PARAM [/mavros/safety_area/p1/z] by /roslaunch
[rosmaster.master][INFO] 2026-06-02 00:26:25,882: +PARAM [/mavros/safety_area/p2/x] by /roslaunch
[rosmaster.master][INFO] 2026-06-02 00:26:25,882: +PARAM [/mavros/safety_area/p2/y] by /roslaunch
[rosmaster.master][INFO] 2026-06-02 00:26:25,882: +PARAM [/mavros/safety_area/p2/z] by /roslaunch
[rosmaster.master][INFO] 2026-06-02 00:26:25,882: +PARAM [/mavros/setpoint_accel/send_force] by /roslaunch
[rosmaster.master][INFO] 2026-06-02 00:26:25,882: +PARAM [/mavros/setpoint_attitude/reverse_thrust] by /roslaunch
[rosmaster.master][INFO] 2026-06-02 00:26:25,882: +PARAM [/mavros/setpoint_attitude/use_quaternion] by /roslaunch
[rosmaster.master][INFO] 2026-06-02 00:26:25,882: +PARAM [/mavros/setpoint_attitude/tf/listen] by /roslaunch
[rosmaster.master][INFO] 2026-06-02 00:26:25,882: +PARAM [/mavros/setpoint_attitude/tf/frame_id] by /roslaunch
[rosmaster.master][INFO] 2026-06-02 00:26:25,882: +PARAM [/mavros/setpoint_attitude/tf/child_frame_id] by /roslaunch
[rosmaster.master][INFO] 2026-06-02 00:26:25,882: +PARAM [/mavros/setpoint_attitude/tf/rate_limit] by /roslaunch
[rosmaster.master][INFO] 2026-06-02 00:26:25,882: +PARAM [/mavros/setpoint_raw/thrust_scaling] by /roslaunch
[rosmaster.master][INFO] 2026-06-02 00:26:25,882: +PARAM [/mavros/setpoint_position/tf/listen] by /roslaunch
[rosmaster.master][INFO] 2026-06-02 00:26:25,883: +PARAM [/mavros/setpoint_position/tf/frame_id] by /roslaunch
[rosmaster.master][INFO] 2026-06-02 00:26:25,883: +PARAM [/mavros/setpoint_position/tf/child_frame_id] by /roslaunch
[rosmaster.master][INFO] 2026-06-02 00:26:25,883: +PARAM [/mavros/setpoint_position/tf/rate_limit] by /roslaunch
[rosmaster.master][INFO] 2026-06-02 00:26:25,883: +PARAM [/mavros/setpoint_position/mav_frame] by /roslaunch
[rosmaster.master][INFO] 2026-06-02 00:26:25,883: +PARAM [/mavros/guided_target/tf/listen] by /roslaunch
[rosmaster.master][INFO] 2026-06-02 00:26:25,883: +PARAM [/mavros/guided_target/tf/frame_id] by /roslaunch
[rosmaster.master][INFO] 2026-06-02 00:26:25,883: +PARAM [/mavros/guided_target/tf/child_frame_id] by /roslaunch
[rosmaster.master][INFO] 2026-06-02 00:26:25,883: +PARAM [/mavros/guided_target/tf/rate_limit] by /roslaunch
[rosmaster.master][INFO] 2026-06-02 00:26:25,883: +PARAM [/mavros/setpoint_velocity/mav_frame] by /roslaunch
[rosmaster.master][INFO] 2026-06-02 00:26:25,883: +PARAM [/mavros/mission/pull_after_gcs] by /roslaunch
[rosmaster.master][INFO] 2026-06-02 00:26:25,883: +PARAM [/mavros/mission/use_mission_item_int] by /roslaunch
[rosmaster.master][INFO] 2026-06-02 00:26:25,883: +PARAM [/mavros/distance_sensor/rangefinder_pub/id] by /roslaunch
[rosmaster.master][INFO] 2026-06-02 00:26:25,883: +PARAM [/mavros/distance_sensor/rangefinder_pub/frame_id] by /roslaunch
[rosmaster.master][INFO] 2026-06-02 00:26:25,883: +PARAM [/mavros/distance_sensor/rangefinder_pub/field_of_view] by /roslaunch
[rosmaster.master][INFO] 2026-06-02 00:26:25,883: +PARAM [/mavros/distance_sensor/rangefinder_pub/send_tf] by /roslaunch
[rosmaster.master][INFO] 2026-06-02 00:26:25,883: +PARAM [/mavros/distance_sensor/rangefinder_pub/sensor_position/x] by /roslaunch
[rosmaster.master][INFO] 2026-06-02 00:26:25,883: +PARAM [/mavros/distance_sensor/rangefinder_pub/sensor_position/y] by /roslaunch
[rosmaster.master][INFO] 2026-06-02 00:26:25,883: +PARAM [/mavros/distance_sensor/rangefinder_pub/sensor_position/z] by /roslaunch
[rosmaster.master][INFO] 2026-06-02 00:26:25,883: +PARAM [/mavros/distance_sensor/rangefinder_sub/subscriber] by /roslaunch
[rosmaster.master][INFO] 2026-06-02 00:26:25,883: +PARAM [/mavros/distance_sensor/rangefinder_sub/id] by /roslaunch
[rosmaster.master][INFO] 2026-06-02 00:26:25,883: +PARAM [/mavros/distance_sensor/rangefinder_sub/orientation] by /roslaunch
[rosmaster.master][INFO] 2026-06-02 00:26:25,884: +PARAM [/mavros/image/frame_id] by /roslaunch
[rosmaster.master][INFO] 2026-06-02 00:26:25,884: +PARAM [/mavros/fake_gps/use_mocap] by /roslaunch
[rosmaster.master][INFO] 2026-06-02 00:26:25,884: +PARAM [/mavros/fake_gps/mocap_transform] by /roslaunch
[rosmaster.master][INFO] 2026-06-02 00:26:25,884: +PARAM [/mavros/fake_gps/mocap_withcovariance] by /roslaunch
[rosmaster.master][INFO] 2026-06-02 00:26:25,884: +PARAM [/mavros/fake_gps/use_vision] by /roslaunch
[rosmaster.master][INFO] 2026-06-02 00:26:25,884: +PARAM [/mavros/fake_gps/use_hil_gps] by /roslaunch
[rosmaster.master][INFO] 2026-06-02 00:26:25,885: +PARAM [/mavros/fake_gps/gps_id] by /roslaunch
[rosmaster.master][INFO] 2026-06-02 00:26:25,885: +PARAM [/mavros/fake_gps/geo_origin/lat] by /roslaunch
[rosmaster.master][INFO] 2026-06-02 00:26:25,885: +PARAM [/mavros/fake_gps/geo_origin/lon] by /roslaunch
[rosmaster.master][INFO] 2026-06-02 00:26:25,885: +PARAM [/mavros/fake_gps/geo_origin/alt] by /roslaunch
[rosmaster.master][INFO] 2026-06-02 00:26:25,885: +PARAM [/mavros/fake_gps/eph] by /roslaunch
[rosmaster.master][INFO] 2026-06-02 00:26:25,885: +PARAM [/mavros/fake_gps/epv] by /roslaunch
[rosmaster.master][INFO] 2026-06-02 00:26:25,885: +PARAM [/mavros/fake_gps/horiz_accuracy] by /roslaunch
[rosmaster.master][INFO] 2026-06-02 00:26:25,885: +PARAM [/mavros/fake_gps/vert_accuracy] by /roslaunch
[rosmaster.master][INFO] 2026-06-02 00:26:25,885: +PARAM [/mavros/fake_gps/speed_accuracy] by /roslaunch
[rosmaster.master][INFO] 2026-06-02 00:26:25,885: +PARAM [/mavros/fake_gps/satellites_visible] by /roslaunch
[rosmaster.master][INFO] 2026-06-02 00:26:25,885: +PARAM [/mavros/fake_gps/fix_type] by /roslaunch
[rosmaster.master][INFO] 2026-06-02 00:26:25,885: +PARAM [/mavros/fake_gps/tf/listen] by /roslaunch
[rosmaster.master][INFO] 2026-06-02 00:26:25,885: +PARAM [/mavros/fake_gps/tf/send] by /roslaunch
[rosmaster.master][INFO] 2026-06-02 00:26:25,885: +PARAM [/mavros/fake_gps/tf/frame_id] by /roslaunch
[rosmaster.master][INFO] 2026-06-02 00:26:25,885: +PARAM [/mavros/fake_gps/tf/child_frame_id] by /roslaunch
[rosmaster.master][INFO] 2026-06-02 00:26:25,885: +PARAM [/mavros/fake_gps/tf/rate_limit] by /roslaunch
[rosmaster.master][INFO] 2026-06-02 00:26:25,885: +PARAM [/mavros/fake_gps/gps_rate] by /roslaunch
[rosmaster.master][INFO] 2026-06-02 00:26:25,886: +PARAM [/mavros/landing_target/listen_lt] by /roslaunch
[rosmaster.master][INFO] 2026-06-02 00:26:25,886: +PARAM [/mavros/landing_target/mav_frame] by /roslaunch
[rosmaster.master][INFO] 2026-06-02 00:26:25,886: +PARAM [/mavros/landing_target/land_target_type] by /roslaunch
[rosmaster.master][INFO] 2026-06-02 00:26:25,886: +PARAM [/mavros/landing_target/image/width] by /roslaunch
[rosmaster.master][INFO] 2026-06-02 00:26:25,886: +PARAM [/mavros/landing_target/image/height] by /roslaunch
[rosmaster.master][INFO] 2026-06-02 00:26:25,886: +PARAM [/mavros/landing_target/camera/fov_x] by /roslaunch
[rosmaster.master][INFO] 2026-06-02 00:26:25,887: +PARAM [/mavros/landing_target/camera/fov_y] by /roslaunch
[rosmaster.master][INFO] 2026-06-02 00:26:25,887: +PARAM [/mavros/landing_target/tf/send] by /roslaunch
[rosmaster.master][INFO] 2026-06-02 00:26:25,887: +PARAM [/mavros/landing_target/tf/listen] by /roslaunch
[rosmaster.master][INFO] 2026-06-02 00:26:25,887: +PARAM [/mavros/landing_target/tf/frame_id] by /roslaunch
[rosmaster.master][INFO] 2026-06-02 00:26:25,887: +PARAM [/mavros/landing_target/tf/child_frame_id] by /roslaunch
[rosmaster.master][INFO] 2026-06-02 00:26:25,887: +PARAM [/mavros/landing_target/tf/rate_limit] by /roslaunch
[rosmaster.master][INFO] 2026-06-02 00:26:25,887: +PARAM [/mavros/landing_target/target_size/x] by /roslaunch
[rosmaster.master][INFO] 2026-06-02 00:26:25,887: +PARAM [/mavros/landing_target/target_size/y] by /roslaunch
[rosmaster.master][INFO] 2026-06-02 00:26:25,887: +PARAM [/mavros/mocap/use_tf] by /roslaunch
[rosmaster.master][INFO] 2026-06-02 00:26:25,887: +PARAM [/mavros/mocap/use_pose] by /roslaunch
[rosmaster.master][INFO] 2026-06-02 00:26:25,887: +PARAM [/mavros/mount/debounce_s] by /roslaunch
[rosmaster.master][INFO] 2026-06-02 00:26:25,887: +PARAM [/mavros/mount/err_threshold_deg] by /roslaunch
[rosmaster.master][INFO] 2026-06-02 00:26:25,887: +PARAM [/mavros/mount/negate_measured_roll] by /roslaunch
[rosmaster.master][INFO] 2026-06-02 00:26:25,887: +PARAM [/mavros/mount/negate_measured_pitch] by /roslaunch
[rosmaster.master][INFO] 2026-06-02 00:26:25,887: +PARAM [/mavros/mount/negate_measured_yaw] by /roslaunch
[rosmaster.master][INFO] 2026-06-02 00:26:25,887: +PARAM [/mavros/odometry/frame_tf/desired_frame] by /roslaunch
[rosmaster.master][INFO] 2026-06-02 00:26:25,887: +PARAM [/mavros/odometry/estimator_type] by /roslaunch
[rosmaster.master][INFO] 2026-06-02 00:26:25,887: +PARAM [/mavros/px4flow/frame_id] by /roslaunch
[rosmaster.master][INFO] 2026-06-02 00:26:25,888: +PARAM [/mavros/px4flow/ranger_fov] by /roslaunch
[rosmaster.master][INFO] 2026-06-02 00:26:25,888: +PARAM [/mavros/px4flow/ranger_min_range] by /roslaunch
[rosmaster.master][INFO] 2026-06-02 00:26:25,888: +PARAM [/mavros/px4flow/ranger_max_range] by /roslaunch
[rosmaster.master][INFO] 2026-06-02 00:26:25,888: +PARAM [/mavros/vision_pose/tf/listen] by /roslaunch
[rosmaster.master][INFO] 2026-06-02 00:26:25,888: +PARAM [/mavros/vision_pose/tf/frame_id] by /roslaunch
[rosmaster.master][INFO] 2026-06-02 00:26:25,888: +PARAM [/mavros/vision_pose/tf/child_frame_id] by /roslaunch
[rosmaster.master][INFO] 2026-06-02 00:26:25,888: +PARAM [/mavros/vision_pose/tf/rate_limit] by /roslaunch
[rosmaster.master][INFO] 2026-06-02 00:26:25,888: +PARAM [/mavros/vision_speed/listen_twist] by /roslaunch
[rosmaster.master][INFO] 2026-06-02 00:26:25,888: +PARAM [/mavros/vision_speed/twist_cov] by /roslaunch
[rosmaster.master][INFO] 2026-06-02 00:26:25,888: +PARAM [/mavros/vibration/frame_id] by /roslaunch
[rosmaster.master][INFO] 2026-06-02 00:26:25,888: +PARAM [/mavros/wheel_odometry/count] by /roslaunch
[rosmaster.master][INFO] 2026-06-02 00:26:25,888: +PARAM [/mavros/wheel_odometry/use_rpm] by /roslaunch
[rosmaster.master][INFO] 2026-06-02 00:26:25,888: +PARAM [/mavros/wheel_odometry/wheel0/x] by /roslaunch
[rosmaster.master][INFO] 2026-06-02 00:26:25,888: +PARAM [/mavros/wheel_odometry/wheel0/y] by /roslaunch
[rosmaster.master][INFO] 2026-06-02 00:26:25,888: +PARAM [/mavros/wheel_odometry/wheel0/radius] by /roslaunch
[rosmaster.master][INFO] 2026-06-02 00:26:25,888: +PARAM [/mavros/wheel_odometry/wheel1/x] by /roslaunch
[rosmaster.master][INFO] 2026-06-02 00:26:25,888: +PARAM [/mavros/wheel_odometry/wheel1/y] by /roslaunch
[rosmaster.master][INFO] 2026-06-02 00:26:25,888: +PARAM [/mavros/wheel_odometry/wheel1/radius] by /roslaunch
[rosmaster.master][INFO] 2026-06-02 00:26:25,888: +PARAM [/mavros/wheel_odometry/send_raw] by /roslaunch
[rosmaster.master][INFO] 2026-06-02 00:26:25,888: +PARAM [/mavros/wheel_odometry/send_twist] by /roslaunch
[rosmaster.master][INFO] 2026-06-02 00:26:25,888: +PARAM [/mavros/wheel_odometry/frame_id] by /roslaunch
[rosmaster.master][INFO] 2026-06-02 00:26:25,888: +PARAM [/mavros/wheel_odometry/child_frame_id] by /roslaunch
[rosmaster.master][INFO] 2026-06-02 00:26:25,888: +PARAM [/mavros/wheel_odometry/vel_error] by /roslaunch
[rosmaster.master][INFO] 2026-06-02 00:26:25,888: +PARAM [/mavros/wheel_odometry/tf/send] by /roslaunch
[rosmaster.master][INFO] 2026-06-02 00:26:25,888: +PARAM [/mavros/wheel_odometry/tf/frame_id] by /roslaunch
[rosmaster.master][INFO] 2026-06-02 00:26:25,888: +PARAM [/mavros/wheel_odometry/tf/child_frame_id] by /roslaunch
[rosmaster.master][INFO] 2026-06-02 00:26:25,888: +PARAM [/mavros/fcu_url] by /roslaunch
[rosmaster.master][INFO] 2026-06-02 00:26:25,888: +PARAM [/mavros/gcs_url] by /roslaunch
[rosmaster.master][INFO] 2026-06-02 00:26:25,888: +PARAM [/mavros/target_system_id] by /roslaunch
[rosmaster.master][INFO] 2026-06-02 00:26:25,888: +PARAM [/mavros/target_component_id] by /roslaunch
[rosmaster.master][INFO] 2026-06-02 00:26:25,889: +PARAM [/mavros/fcu_protocol] by /roslaunch
[rosmaster.master][INFO] 2026-06-02 00:26:26,019: +PUB [/rosout] /mavros http://localhost:40157/
[rosmaster.master][INFO] 2026-06-02 00:26:26,020: +SERVICE [/mavros/get_loggers] /mavros http://localhost:40157/
[rosmaster.master][INFO] 2026-06-02 00:26:26,021: +SERVICE [/mavros/set_logger_level] /mavros http://localhost:40157/
[rosmaster.master][INFO] 2026-06-02 00:26:26,022: +PUB [/diagnostics] /mavros http://localhost:40157/
[rosmaster.master][INFO] 2026-06-02 00:26:26,023: +CACHEDPARAM [/mavros/diagnostic_period] by /mavros
[rosmaster.master][INFO] 2026-06-02 00:26:26,038: publisherUpdate[/rosout] -> http://localhost:36977/ ['http://localhost:40157/']
[rosmaster.master][INFO] 2026-06-02 00:26:26,039: +SUB [/tf] /mavros http://localhost:40157/
[rosmaster.master][INFO] 2026-06-02 00:26:26,042: publisherUpdate[/rosout] -> http://localhost:36977/ ['http://localhost:40157/']: sec=0.00, result=[1, '', 0]
[rosmaster.master][INFO] 2026-06-02 00:26:26,042: +SUB [/tf_static] /mavros http://localhost:40157/
[rosmaster.master][INFO] 2026-06-02 00:26:26,043: +PUB [/tf] /mavros http://localhost:40157/
[rosmaster.master][INFO] 2026-06-02 00:26:26,044: +PUB [/tf_static] /mavros http://localhost:40157/
[rosmaster.master][INFO] 2026-06-02 00:26:26,138: publisherUpdate[/tf] -> http://localhost:40157/ ['http://localhost:40157/']
[rosmaster.master][INFO] 2026-06-02 00:26:26,140: publisherUpdate[/tf] -> http://localhost:40157/ ['http://localhost:40157/']: sec=0.00, result=[1, '', 0]
[rosmaster.master][INFO] 2026-06-02 00:26:26,140: publisherUpdate[/tf_static] -> http://localhost:40157/ ['http://localhost:40157/']
[rosmaster.master][INFO] 2026-06-02 00:26:26,141: publisherUpdate[/tf_static] -> http://localhost:40157/ ['http://localhost:40157/']: sec=0.00, result=[1, '', 0]
[rosmaster.master][INFO] 2026-06-02 00:26:26,152: +CACHEDPARAM [/rosout_disable_topics_generation] by /mavros
[rosmaster.master][INFO] 2026-06-02 00:26:26,157: +PUB [/mavlink/from] /mavros http://localhost:40157/
[rosmaster.master][INFO] 2026-06-02 00:26:26,159: +SUB [/mavlink/to] /mavros http://localhost:40157/
[rosmaster.master][INFO] 2026-06-02 00:26:26,270: +CACHEDPARAM [/rosout/omit_topics] by /rosout
[rosmaster.master][INFO] 2026-06-02 00:26:26,271: +PUB [/mavros/radio_status] /mavros http://localhost:40157/
[rosmaster.master][INFO] 2026-06-02 00:26:26,360: +PUB [/mavros/adsb/vehicle] /mavros http://localhost:40157/
[rosmaster.master][INFO] 2026-06-02 00:26:26,364: +SUB [/mavros/adsb/send] /mavros http://localhost:40157/
[rosmaster.master][INFO] 2026-06-02 00:26:26,365: +PUB [/mavros/cam_imu_sync/cam_imu_stamp] /mavros http://localhost:40157/
[rosmaster.master][INFO] 2026-06-02 00:26:26,366: +PUB [/mavros/camera/image_captured] /mavros http://localhost:40157/
[rosmaster.master][INFO] 2026-06-02 00:26:26,369: +SUB [/mavros/cellular_status/status] /mavros http://localhost:40157/
[rosmaster.master][INFO] 2026-06-02 00:26:26,372: +SERVICE [/mavros/cmd/command] /mavros http://localhost:40157/
[rosmaster.master][INFO] 2026-06-02 00:26:26,373: +SERVICE [/mavros/cmd/command_ack] /mavros http://localhost:40157/
[rosmaster.master][INFO] 2026-06-02 00:26:26,374: +SERVICE [/mavros/cmd/command_int] /mavros http://localhost:40157/
[rosmaster.master][INFO] 2026-06-02 00:26:26,375: +SERVICE [/mavros/cmd/arming] /mavros http://localhost:40157/
[rosmaster.master][INFO] 2026-06-02 00:26:26,375: +SERVICE [/mavros/cmd/set_home] /mavros http://localhost:40157/
[rosmaster.master][INFO] 2026-06-02 00:26:26,376: +SERVICE [/mavros/cmd/takeoff] /mavros http://localhost:40157/
[rosmaster.master][INFO] 2026-06-02 00:26:26,377: +SERVICE [/mavros/cmd/land] /mavros http://localhost:40157/
[rosmaster.master][INFO] 2026-06-02 00:26:26,377: +SERVICE [/mavros/cmd/trigger_control] /mavros http://localhost:40157/
[rosmaster.master][INFO] 2026-06-02 00:26:26,378: +SERVICE [/mavros/cmd/trigger_interval] /mavros http://localhost:40157/
[rosmaster.master][INFO] 2026-06-02 00:26:26,378: +SERVICE [/mavros/cmd/vtol_transition] /mavros http://localhost:40157/
[rosmaster.master][INFO] 2026-06-02 00:26:26,380: +SUB [/mavros/companion_process/status] /mavros http://localhost:40157/
[rosmaster.master][INFO] 2026-06-02 00:26:26,384: +PUB [/mavros/distance_sensor/rangefinder_pub] /mavros http://localhost:40157/
[rosmaster.master][INFO] 2026-06-02 00:26:26,389: +SUB [/mavros/distance_sensor/rangefinder_sub] /mavros http://localhost:40157/
[rosmaster.master][INFO] 2026-06-02 00:26:26,390: +PUB [/mavros/esc_info] /mavros http://localhost:40157/
[rosmaster.master][INFO] 2026-06-02 00:26:26,391: +PUB [/mavros/esc_status] /mavros http://localhost:40157/
[rosmaster.master][INFO] 2026-06-02 00:26:26,392: +PUB [/mavros/esc_telemetry] /mavros http://localhost:40157/
[rosmaster.master][INFO] 2026-06-02 00:26:26,409: +SUB [/mavros/fake_gps/mocap/pose] /mavros http://localhost:40157/
[rosmaster.master][INFO] 2026-06-02 00:26:26,412: +PUB [/mavros/geofence/waypoints] /mavros http://localhost:40157/
[rosmaster.master][INFO] 2026-06-02 00:26:26,413: +SERVICE [/mavros/geofence/pull] /mavros http://localhost:40157/
[rosmaster.master][INFO] 2026-06-02 00:26:26,413: +SERVICE [/mavros/geofence/push] /mavros http://localhost:40157/
[rosmaster.master][INFO] 2026-06-02 00:26:26,414: +SERVICE [/mavros/geofence/clear] /mavros http://localhost:40157/
[rosmaster.master][INFO] 2026-06-02 00:26:26,420: +PUB [/mavros/global_position/raw/fix] /mavros http://localhost:40157/
[rosmaster.master][INFO] 2026-06-02 00:26:26,420: +PUB [/mavros/global_position/raw/gps_vel] /mavros http://localhost:40157/
[rosmaster.master][INFO] 2026-06-02 00:26:26,421: +PUB [/mavros/global_position/raw/satellites] /mavros http://localhost:40157/
[rosmaster.master][INFO] 2026-06-02 00:26:26,421: +PUB [/mavros/global_position/global] /mavros http://localhost:40157/
[rosmaster.master][INFO] 2026-06-02 00:26:26,422: +PUB [/mavros/global_position/local] /mavros http://localhost:40157/
[rosmaster.master][INFO] 2026-06-02 00:26:26,422: +PUB [/mavros/global_position/rel_alt] /mavros http://localhost:40157/
[rosmaster.master][INFO] 2026-06-02 00:26:26,422: +PUB [/mavros/global_position/compass_hdg] /mavros http://localhost:40157/
[rosmaster.master][INFO] 2026-06-02 00:26:26,423: +PUB [/mavros/global_position/gp_origin] /mavros http://localhost:40157/
[rosmaster.master][INFO] 2026-06-02 00:26:26,425: +SUB [/mavros/global_position/set_gp_origin] /mavros http://localhost:40157/
[rosmaster.master][INFO] 2026-06-02 00:26:26,427: +SUB [/mavros/home_position/home] /mavros http://localhost:40157/
[rosmaster.master][INFO] 2026-06-02 00:26:26,427: +PUB [/mavros/global_position/gp_lp_offset] /mavros http://localhost:40157/
[rosmaster.master][INFO] 2026-06-02 00:26:26,430: +SUB [/mavros/gps_input/gps_input] /mavros http://localhost:40157/
[rosmaster.master][INFO] 2026-06-02 00:26:26,433: +SUB [/mavros/gps_rtk/send_rtcm] /mavros http://localhost:40157/
[rosmaster.master][INFO] 2026-06-02 00:26:26,433: +PUB [/mavros/gps_rtk/rtk_baseline] /mavros http://localhost:40157/
[rosmaster.master][INFO] 2026-06-02 00:26:26,435: +PUB [/mavros/gpsstatus/gps1/raw] /mavros http://localhost:40157/
[rosmaster.master][INFO] 2026-06-02 00:26:26,435: +PUB [/mavros/gpsstatus/gps2/raw] /mavros http://localhost:40157/
[rosmaster.master][INFO] 2026-06-02 00:26:26,436: +PUB [/mavros/gpsstatus/gps1/rtk] /mavros http://localhost:40157/
[rosmaster.master][INFO] 2026-06-02 00:26:26,436: +PUB [/mavros/gpsstatus/gps2/rtk] /mavros http://localhost:40157/
[rosmaster.master][INFO] 2026-06-02 00:26:26,440: +PUB [/move_base_simple/goal] /mavros http://localhost:40157/
[rosmaster.master][INFO] 2026-06-02 00:26:26,442: +SUB [/mavros/global_position/gp_origin] /mavros http://localhost:40157/
[rosmaster.master][INFO] 2026-06-02 00:26:26,443: +PUB [/mavros/home_position/home] /mavros http://localhost:40157/
[rosmaster.master][INFO] 2026-06-02 00:26:26,443: publisherUpdate[/mavros/home_position/home] -> http://localhost:40157/ ['http://localhost:40157/']
[rosmaster.master][INFO] 2026-06-02 00:26:26,445: +SUB [/mavros/home_position/set] /mavros http://localhost:40157/
[rosmaster.master][INFO] 2026-06-02 00:26:26,446: publisherUpdate[/mavros/home_position/home] -> http://localhost:40157/ ['http://localhost:40157/']: sec=0.00, result=[1, '', 0]
[rosmaster.master][INFO] 2026-06-02 00:26:26,446: +SERVICE [/mavros/home_position/req_update] /mavros http://localhost:40157/
[rosmaster.master][INFO] 2026-06-02 00:26:26,450: +PUB [/mavros/imu/data] /mavros http://localhost:40157/
[rosmaster.master][INFO] 2026-06-02 00:26:26,450: +PUB [/mavros/imu/mag] /mavros http://localhost:40157/
[rosmaster.master][INFO] 2026-06-02 00:26:26,451: +PUB [/mavros/imu/temperature_imu] /mavros http://localhost:40157/
[rosmaster.master][INFO] 2026-06-02 00:26:26,451: +PUB [/mavros/imu/temperature_baro] /mavros http://localhost:40157/
[rosmaster.master][INFO] 2026-06-02 00:26:26,452: +PUB [/mavros/imu/static_pressure] /mavros http://localhost:40157/
[rosmaster.master][INFO] 2026-06-02 00:26:26,452: +PUB [/mavros/imu/diff_pressure] /mavros http://localhost:40157/
[rosmaster.master][INFO] 2026-06-02 00:26:26,453: +PUB [/mavros/imu/data_raw] /mavros http://localhost:40157/
[rosmaster.master][INFO] 2026-06-02 00:26:26,462: +PUB [/mavros/landing_target/pose_in] /mavros http://localhost:40157/
[rosmaster.master][INFO] 2026-06-02 00:26:26,463: +PUB [/mavros/landing_target/lt_marker] /mavros http://localhost:40157/
[rosmaster.master][INFO] 2026-06-02 00:26:26,465: +SUB [/mavros/landing_target/pose] /mavros http://localhost:40157/
[rosmaster.master][INFO] 2026-06-02 00:26:26,468: +PUB [/mavros/local_position/pose] /mavros http://localhost:40157/
[rosmaster.master][INFO] 2026-06-02 00:26:26,469: +PUB [/mavros/local_position/pose_cov] /mavros http://localhost:40157/
[rosmaster.master][INFO] 2026-06-02 00:26:26,469: +PUB [/mavros/local_position/velocity_local] /mavros http://localhost:40157/
[rosmaster.master][INFO] 2026-06-02 00:26:26,470: +PUB [/mavros/local_position/velocity_body] /mavros http://localhost:40157/
[rosmaster.master][INFO] 2026-06-02 00:26:26,470: +PUB [/mavros/local_position/velocity_body_cov] /mavros http://localhost:40157/
[rosmaster.master][INFO] 2026-06-02 00:26:26,470: +PUB [/mavros/local_position/accel] /mavros http://localhost:40157/
[rosmaster.master][INFO] 2026-06-02 00:26:26,471: +PUB [/mavros/local_position/odom] /mavros http://localhost:40157/
[rosmaster.master][INFO] 2026-06-02 00:26:26,472: +PUB [/mavros/log_transfer/raw/log_entry] /mavros http://localhost:40157/
[rosmaster.master][INFO] 2026-06-02 00:26:26,472: +PUB [/mavros/log_transfer/raw/log_data] /mavros http://localhost:40157/
[rosmaster.master][INFO] 2026-06-02 00:26:26,473: +SERVICE [/mavros/log_transfer/raw/log_request_list] /mavros http://localhost:40157/
[rosmaster.master][INFO] 2026-06-02 00:26:26,473: +SERVICE [/mavros/log_transfer/raw/log_request_data] /mavros http://localhost:40157/
[rosmaster.master][INFO] 2026-06-02 00:26:26,474: +SERVICE [/mavros/log_transfer/raw/log_request_end] /mavros http://localhost:40157/
[rosmaster.master][INFO] 2026-06-02 00:26:26,474: +SERVICE [/mavros/log_transfer/raw/log_request_erase] /mavros http://localhost:40157/
[rosmaster.master][INFO] 2026-06-02 00:26:26,475: +PUB [/mavros/mag_calibration/status] /mavros http://localhost:40157/
[rosmaster.master][INFO] 2026-06-02 00:26:26,476: +PUB [/mavros/mag_calibration/report] /mavros http://localhost:40157/
[rosmaster.master][INFO] 2026-06-02 00:26:26,476: +PUB [/mavros/manual_control/control] /mavros http://localhost:40157/
[rosmaster.master][INFO] 2026-06-02 00:26:26,478: +SUB [/mavros/manual_control/send] /mavros http://localhost:40157/
[rosmaster.master][INFO] 2026-06-02 00:26:26,481: +SUB [/mavros/mocap/pose] /mavros http://localhost:40157/
[rosmaster.master][INFO] 2026-06-02 00:26:26,483: +SUB [/mavros/mount_control/command] /mavros http://localhost:40157/
[rosmaster.master][INFO] 2026-06-02 00:26:26,484: +PUB [/mavros/mount_control/orientation] /mavros http://localhost:40157/
[rosmaster.master][INFO] 2026-06-02 00:26:26,484: +PUB [/mavros/mount_control/status] /mavros http://localhost:40157/
[rosmaster.master][INFO] 2026-06-02 00:26:26,485: +SERVICE [/mavros/mount_control/configure] /mavros http://localhost:40157/
[rosmaster.master][INFO] 2026-06-02 00:26:26,489: +PUB [/mavros/nav_controller_output] /mavros http://localhost:40157/
[rosmaster.master][INFO] 2026-06-02 00:26:26,492: +SUB [/mavros/obstacle/send] /mavros http://localhost:40157/
[rosmaster.master][INFO] 2026-06-02 00:26:26,494: +PUB [/mavros/odometry/in] /mavros http://localhost:40157/
[rosmaster.master][INFO] 2026-06-02 00:26:26,496: +SUB [/mavros/odometry/out] /mavros http://localhost:40157/
[rosmaster.master][INFO] 2026-06-02 00:26:26,498: +SUB [/mavros/onboard_computer/status] /mavros http://localhost:40157/
[rosmaster.master][INFO] 2026-06-02 00:26:26,499: +SERVICE [/mavros/param/pull] /mavros http://localhost:40157/
[rosmaster.master][INFO] 2026-06-02 00:26:26,500: +SERVICE [/mavros/param/push] /mavros http://localhost:40157/
[rosmaster.master][INFO] 2026-06-02 00:26:26,500: +SERVICE [/mavros/param/set] /mavros http://localhost:40157/
[rosmaster.master][INFO] 2026-06-02 00:26:26,501: +SERVICE [/mavros/param/get] /mavros http://localhost:40157/
[rosmaster.master][INFO] 2026-06-02 00:26:26,501: +PUB [/mavros/param/param_value] /mavros http://localhost:40157/
[rosmaster.master][INFO] 2026-06-02 00:26:26,503: +SUB [/mavros/play_tune] /mavros http://localhost:40157/
[rosmaster.master][INFO] 2026-06-02 00:26:26,505: +PUB [/mavros/rallypoint/waypoints] /mavros http://localhost:40157/
[rosmaster.master][INFO] 2026-06-02 00:26:26,505: +SERVICE [/mavros/rallypoint/pull] /mavros http://localhost:40157/
[rosmaster.master][INFO] 2026-06-02 00:26:26,506: +SERVICE [/mavros/rallypoint/push] /mavros http://localhost:40157/
[rosmaster.master][INFO] 2026-06-02 00:26:26,506: +SERVICE [/mavros/rallypoint/clear] /mavros http://localhost:40157/
[rosmaster.master][INFO] 2026-06-02 00:26:26,507: +PUB [/mavros/rangefinder/rangefinder] /mavros http://localhost:40157/
[rosmaster.master][INFO] 2026-06-02 00:26:26,508: +PUB [/mavros/rc/in] /mavros http://localhost:40157/
[rosmaster.master][INFO] 2026-06-02 00:26:26,509: +PUB [/mavros/rc/out] /mavros http://localhost:40157/
[rosmaster.master][INFO] 2026-06-02 00:26:26,511: +SUB [/mavros/rc/override] /mavros http://localhost:40157/
[rosmaster.master][INFO] 2026-06-02 00:26:26,514: +SUB [/mavros/setpoint_accel/accel] /mavros http://localhost:40157/
[rosmaster.master][INFO] 2026-06-02 00:26:26,520: +SUB [/mavros/setpoint_attitude/thrust] /mavros http://localhost:40157/
[rosmaster.master][INFO] 2026-06-02 00:26:26,522: +SUB [/mavros/setpoint_attitude/cmd_vel] /mavros http://localhost:40157/
[rosmaster.master][INFO] 2026-06-02 00:26:26,533: +SUB [/mavros/setpoint_position/local] /mavros http://localhost:40157/
[rosmaster.master][INFO] 2026-06-02 00:26:26,535: +SUB [/mavros/setpoint_position/global] /mavros http://localhost:40157/
[rosmaster.master][INFO] 2026-06-02 00:26:26,537: +SUB [/mavros/setpoint_position/global_to_local] /mavros http://localhost:40157/
[rosmaster.master][INFO] 2026-06-02 00:26:26,539: +SUB [/mavros/global_position/global] /mavros http://localhost:40157/
[rosmaster.master][INFO] 2026-06-02 00:26:26,541: +SUB [/mavros/local_position/pose] /mavros http://localhost:40157/
[rosmaster.master][INFO] 2026-06-02 00:26:26,542: +SERVICE [/mavros/setpoint_position/mav_frame] /mavros http://localhost:40157/
[rosmaster.master][INFO] 2026-06-02 00:26:26,545: +SUB [/mavros/setpoint_raw/local] /mavros http://localhost:40157/
[rosmaster.master][INFO] 2026-06-02 00:26:26,547: +SUB [/mavros/setpoint_raw/global] /mavros http://localhost:40157/
[rosmaster.master][INFO] 2026-06-02 00:26:26,549: +SUB [/mavros/setpoint_raw/attitude] /mavros http://localhost:40157/
[rosmaster.master][INFO] 2026-06-02 00:26:26,550: +PUB [/mavros/setpoint_raw/target_local] /mavros http://localhost:40157/
[rosmaster.master][INFO] 2026-06-02 00:26:26,550: +PUB [/mavros/setpoint_raw/target_global] /mavros http://localhost:40157/
[rosmaster.master][INFO] 2026-06-02 00:26:26,551: +PUB [/mavros/setpoint_raw/target_attitude] /mavros http://localhost:40157/
[rosmaster.master][INFO] 2026-06-02 00:26:26,554: +SUB [/mavros/setpoint_trajectory/local] /mavros http://localhost:40157/
[rosmaster.master][INFO] 2026-06-02 00:26:26,554: +PUB [/mavros/setpoint_trajectory/desired] /mavros http://localhost:40157/
[rosmaster.master][INFO] 2026-06-02 00:26:26,555: +SERVICE [/mavros/setpoint_trajectory/reset] /mavros http://localhost:40157/
[rosmaster.master][INFO] 2026-06-02 00:26:26,555: +SERVICE [/mavros/setpoint_trajectory/mav_frame] /mavros http://localhost:40157/
[rosmaster.master][INFO] 2026-06-02 00:26:26,558: +SUB [/mavros/setpoint_velocity/cmd_vel] /mavros http://localhost:40157/
[rosmaster.master][INFO] 2026-06-02 00:26:26,560: +SUB [/mavros/setpoint_velocity/cmd_vel_unstamped] /mavros http://localhost:40157/
[rosmaster.master][INFO] 2026-06-02 00:26:26,561: +SERVICE [/mavros/setpoint_velocity/mav_frame] /mavros http://localhost:40157/
[rosmaster.master][INFO] 2026-06-02 00:26:26,566: +PUB [/mavros/state] /mavros http://localhost:40157/
[rosmaster.master][INFO] 2026-06-02 00:26:26,566: +PUB [/mavros/extended_state] /mavros http://localhost:40157/
[rosmaster.master][INFO] 2026-06-02 00:26:26,567: +PUB [/mavros/battery] /mavros http://localhost:40157/
[rosmaster.master][INFO] 2026-06-02 00:26:26,567: +PUB [/mavros/estimator_status] /mavros http://localhost:40157/
[rosmaster.master][INFO] 2026-06-02 00:26:26,568: +PUB [/mavros/statustext/recv] /mavros http://localhost:40157/
[rosmaster.master][INFO] 2026-06-02 00:26:26,568: +PUB [/mavros/sys_status] /mavros http://localhost:40157/
[rosmaster.master][INFO] 2026-06-02 00:26:26,570: +SUB [/mavros/statustext/send] /mavros http://localhost:40157/
[rosmaster.master][INFO] 2026-06-02 00:26:26,571: +SERVICE [/mavros/set_stream_rate] /mavros http://localhost:40157/
[rosmaster.master][INFO] 2026-06-02 00:26:26,571: +SERVICE [/mavros/set_mode] /mavros http://localhost:40157/
[rosmaster.master][INFO] 2026-06-02 00:26:26,572: +SERVICE [/mavros/vehicle_info_get] /mavros http://localhost:40157/
[rosmaster.master][INFO] 2026-06-02 00:26:26,572: +SERVICE [/mavros/set_message_interval] /mavros http://localhost:40157/
[rosmaster.master][INFO] 2026-06-02 00:26:26,578: +PUB [/mavros/time_reference] /mavros http://localhost:40157/
[rosmaster.master][INFO] 2026-06-02 00:26:26,579: +PUB [/mavros/timesync_status] /mavros http://localhost:40157/
[rosmaster.master][INFO] 2026-06-02 00:26:26,579: +PUB [/mavros/terrain/report] /mavros http://localhost:40157/
[rosmaster.master][INFO] 2026-06-02 00:26:26,582: +SUB [/mavros/trajectory/generated] /mavros http://localhost:40157/
[rosmaster.master][INFO] 2026-06-02 00:26:26,584: +SUB [/mavros/trajectory/path] /mavros http://localhost:40157/
[rosmaster.master][INFO] 2026-06-02 00:26:26,585: +PUB [/mavros/trajectory/desired] /mavros http://localhost:40157/
[rosmaster.master][INFO] 2026-06-02 00:26:26,587: +SUB [/mavros/tunnel/in] /mavros http://localhost:40157/
[rosmaster.master][INFO] 2026-06-02 00:26:26,588: +PUB [/mavros/tunnel/out] /mavros http://localhost:40157/
[rosmaster.master][INFO] 2026-06-02 00:26:26,588: +PUB [/mavros/vfr_hud] /mavros http://localhost:40157/
[rosmaster.master][INFO] 2026-06-02 00:26:26,593: +SUB [/mavros/vision_pose/pose] /mavros http://localhost:40157/
[rosmaster.master][INFO] 2026-06-02 00:26:26,595: +SUB [/mavros/vision_pose/pose_cov] /mavros http://localhost:40157/
[rosmaster.master][INFO] 2026-06-02 00:26:26,597: +PUB [/mavros/mission/waypoints] /mavros http://localhost:40157/
[rosmaster.master][INFO] 2026-06-02 00:26:26,597: +SERVICE [/mavros/mission/pull] /mavros http://localhost:40157/
[rosmaster.master][INFO] 2026-06-02 00:26:26,598: +SERVICE [/mavros/mission/push] /mavros http://localhost:40157/
[rosmaster.master][INFO] 2026-06-02 00:26:26,598: +SERVICE [/mavros/mission/clear] /mavros http://localhost:40157/
[rosmaster.master][INFO] 2026-06-02 00:26:26,599: +PUB [/mavros/mission/reached] /mavros http://localhost:40157/
[rosmaster.master][INFO] 2026-06-02 00:26:26,599: +SERVICE [/mavros/mission/set_current] /mavros http://localhost:40157/
[rosmaster.master][INFO] 2026-06-02 00:26:26,600: +PUB [/mavros/wind_estimation] /mavros http://localhost:40157/
[rosmaster.master][INFO] 2026-06-02 00:26:27,603: +PUB [/mavlink/gcs_ip] /mavros http://localhost:40157/
[rosmaster.master][INFO] 2026-06-02 00:26:58,812: +PUB [/rosout] /horizontal_flight_logger http://localhost:42371/
[rosmaster.master][INFO] 2026-06-02 00:26:58,816: +SERVICE [/horizontal_flight_logger/get_loggers] /horizontal_flight_logger http://localhost:42371/
[rosmaster.master][INFO] 2026-06-02 00:26:58,817: +SERVICE [/horizontal_flight_logger/set_logger_level] /horizontal_flight_logger http://localhost:42371/
[rosmaster.master][INFO] 2026-06-02 00:26:58,818: +PUB [/mavros/setpoint_raw/local] /horizontal_flight_logger http://localhost:42371/
[rosmaster.master][INFO] 2026-06-02 00:26:58,820: +SUB [/mavros/local_position/velocity_local] /horizontal_flight_logger http://localhost:42371/
[rosmaster.master][INFO] 2026-06-02 00:26:58,822: +SUB [/mavros/battery] /horizontal_flight_logger http://localhost:42371/
[rosmaster.master][INFO] 2026-06-02 00:26:58,842: publisherUpdate[/rosout] -> http://localhost:36977/ ['http://localhost:40157/', 'http://localhost:42371/']
[rosmaster.master][INFO] 2026-06-02 00:26:58,843: publisherUpdate[/mavros/setpoint_raw/local] -> http://localhost:40157/ ['http://localhost:42371/']
[rosmaster.master][INFO] 2026-06-02 00:26:58,844: publisherUpdate[/rosout] -> http://localhost:36977/ ['http://localhost:40157/', 'http://localhost:42371/']: sec=0.00, result=[1, '', 0]
[rosmaster.master][INFO] 2026-06-02 00:26:58,844: publisherUpdate[/mavros/setpoint_raw/local] -> http://localhost:40157/ ['http://localhost:42371/']: sec=0.00, result=[1, '', 0]
[rosmaster.master][INFO] 2026-06-02 00:42:20,730: -PUB [/rosout] /mavros http://localhost:40157/
[rosmaster.master][INFO] 2026-06-02 00:42:20,732: -PUB [/diagnostics] /mavros http://localhost:40157/
[rosmaster.master][INFO] 2026-06-02 00:42:20,732: publisherUpdate[/rosout] -> http://localhost:36977/ ['http://localhost:42371/']
[rosmaster.master][INFO] 2026-06-02 00:42:20,733: -PUB [/tf] /mavros http://localhost:40157/
[rosmaster.master][INFO] 2026-06-02 00:42:20,733: publisherUpdate[/tf] -> http://localhost:40157/ []
[rosmaster.master][INFO] 2026-06-02 00:42:20,733: publisherUpdate[/rosout] -> http://localhost:36977/ ['http://localhost:42371/']: sec=0.00, result=[0, 'Unknown Error', 0]
[rosmaster.master][INFO] 2026-06-02 00:42:20,734: -PUB [/tf_static] /mavros http://localhost:40157/
[rosmaster.master][INFO] 2026-06-02 00:42:20,735: -PUB [/mavlink/from] /mavros http://localhost:40157/
[rosmaster.master][INFO] 2026-06-02 00:42:20,735: -PUB [/mavros/radio_status] /mavros http://localhost:40157/
[rosmaster.master][INFO] 2026-06-02 00:42:20,736: -PUB [/mavros/adsb/vehicle] /mavros http://localhost:40157/
[rosmaster.master][INFO] 2026-06-02 00:42:20,736: -PUB [/mavros/cam_imu_sync/cam_imu_stamp] /mavros http://localhost:40157/
[rosmaster.master][INFO] 2026-06-02 00:42:20,736: -PUB [/mavros/camera/image_captured] /mavros http://localhost:40157/
[rosmaster.master][INFO] 2026-06-02 00:42:20,737: -PUB [/mavros/distance_sensor/rangefinder_pub] /mavros http://localhost:40157/
[rosmaster.master][INFO] 2026-06-02 00:42:20,737: -PUB [/mavros/esc_info] /mavros http://localhost:40157/
[rosmaster.master][INFO] 2026-06-02 00:42:20,737: -PUB [/mavros/esc_status] /mavros http://localhost:40157/
[rosmaster.master][INFO] 2026-06-02 00:42:20,738: -PUB [/mavros/esc_telemetry] /mavros http://localhost:40157/
[rosmaster.master][INFO] 2026-06-02 00:42:20,738: -PUB [/mavros/geofence/waypoints] /mavros http://localhost:40157/
[rosmaster.master][INFO] 2026-06-02 00:42:20,739: -PUB [/mavros/global_position/raw/fix] /mavros http://localhost:40157/
[rosmaster.master][INFO] 2026-06-02 00:42:20,739: publisherUpdate[/tf] -> http://localhost:40157/ []: sec=0.01, exception=<Fault -1: 'publisherUpdate: unknown method name'>
[rosmaster.master][INFO] 2026-06-02 00:42:20,740: -PUB [/mavros/global_position/raw/gps_vel] /mavros http://localhost:40157/
[rosmaster.master][INFO] 2026-06-02 00:42:20,741: -PUB [/mavros/global_position/raw/satellites] /mavros http://localhost:40157/
[rosmaster.master][INFO] 2026-06-02 00:42:20,741: -PUB [/mavros/global_position/global] /mavros http://localhost:40157/
[rosmaster.master][INFO] 2026-06-02 00:42:20,742: -PUB [/mavros/global_position/local] /mavros http://localhost:40157/
[rosmaster.master][INFO] 2026-06-02 00:42:20,742: -PUB [/mavros/global_position/rel_alt] /mavros http://localhost:40157/
[rosmaster.master][INFO] 2026-06-02 00:42:20,743: -PUB [/mavros/global_position/compass_hdg] /mavros http://localhost:40157/
[rosmaster.master][INFO] 2026-06-02 00:42:20,743: -PUB [/mavros/global_position/gp_origin] /mavros http://localhost:40157/
[rosmaster.master][INFO] 2026-06-02 00:42:20,744: -PUB [/mavros/global_position/gp_lp_offset] /mavros http://localhost:40157/
[rosmaster.master][INFO] 2026-06-02 00:42:20,744: -PUB [/mavros/gps_rtk/rtk_baseline] /mavros http://localhost:40157/
[rosmaster.master][INFO] 2026-06-02 00:42:20,744: -PUB [/mavros/gpsstatus/gps1/raw] /mavros http://localhost:40157/
[rosmaster.master][INFO] 2026-06-02 00:42:20,745: -PUB [/mavros/gpsstatus/gps2/raw] /mavros http://localhost:40157/
[rosmaster.master][INFO] 2026-06-02 00:42:20,745: -PUB [/mavros/gpsstatus/gps1/rtk] /mavros http://localhost:40157/
[rosmaster.master][INFO] 2026-06-02 00:42:20,745: -PUB [/mavros/gpsstatus/gps2/rtk] /mavros http://localhost:40157/
[rosmaster.master][INFO] 2026-06-02 00:42:20,746: -PUB [/move_base_simple/goal] /mavros http://localhost:40157/
[rosmaster.master][INFO] 2026-06-02 00:42:20,746: -PUB [/mavros/home_position/home] /mavros http://localhost:40157/
[rosmaster.master][INFO] 2026-06-02 00:42:20,747: -PUB [/mavros/imu/data] /mavros http://localhost:40157/
[rosmaster.master][INFO] 2026-06-02 00:42:20,747: -PUB [/mavros/imu/mag] /mavros http://localhost:40157/
[rosmaster.threadpool][ERROR] 2026-06-02 00:42:20,748: Traceback (most recent call last):
  File "/opt/ros/noetic/lib/python3/dist-packages/rosmaster/threadpool.py", line 218, in run
    result = cmd(*args)
  File "/opt/ros/noetic/lib/python3/dist-packages/rosmaster/master_api.py", line 210, in publisher_update_task
    ret = xmlrpcapi(api).publisherUpdate('/master', topic, pub_uris)
  File "/usr/lib/python3.8/xmlrpc/client.py", line 1109, in __call__
    return self.__send(self.__name, args)
  File "/usr/lib/python3.8/xmlrpc/client.py", line 1450, in __request
    response = self.__transport.request(
  File "/usr/lib/python3.8/xmlrpc/client.py", line 1153, in request
    return self.single_request(host, handler, request_body, verbose)
  File "/usr/lib/python3.8/xmlrpc/client.py", line 1169, in single_request
    return self.parse_response(resp)
  File "/usr/lib/python3.8/xmlrpc/client.py", line 1341, in parse_response
    return u.close()
  File "/usr/lib/python3.8/xmlrpc/client.py", line 655, in close
    raise Fault(**self._stack[0])
xmlrpc.client.Fault: <Fault -1: 'publisherUpdate: unknown method name'>

[rosmaster.master][INFO] 2026-06-02 00:42:20,748: publisherUpdate[/tf_static] -> http://localhost:40157/ []
[rosmaster.master][INFO] 2026-06-02 00:42:20,748: -PUB [/mavros/imu/temperature_imu] /mavros http://localhost:40157/
[rosmaster.master][INFO] 2026-06-02 00:42:20,749: publisherUpdate[/tf_static] -> http://localhost:40157/ []: sec=0.00, exception=<Fault -1: 'publisherUpdate: unknown method name'>
[rosmaster.master][INFO] 2026-06-02 00:42:20,749: -PUB [/mavros/imu/temperature_baro] /mavros http://localhost:40157/
[rosmaster.threadpool][ERROR] 2026-06-02 00:42:20,750: Traceback (most recent call last):
  File "/opt/ros/noetic/lib/python3/dist-packages/rosmaster/threadpool.py", line 218, in run
    result = cmd(*args)
  File "/opt/ros/noetic/lib/python3/dist-packages/rosmaster/master_api.py", line 210, in publisher_update_task
    ret = xmlrpcapi(api).publisherUpdate('/master', topic, pub_uris)
  File "/usr/lib/python3.8/xmlrpc/client.py", line 1109, in __call__
    return self.__send(self.__name, args)
  File "/usr/lib/python3.8/xmlrpc/client.py", line 1450, in __request
    response = self.__transport.request(
  File "/usr/lib/python3.8/xmlrpc/client.py", line 1153, in request
    return self.single_request(host, handler, request_body, verbose)
  File "/usr/lib/python3.8/xmlrpc/client.py", line 1169, in single_request
    return self.parse_response(resp)
  File "/usr/lib/python3.8/xmlrpc/client.py", line 1341, in parse_response
    return u.close()
  File "/usr/lib/python3.8/xmlrpc/client.py", line 655, in close
    raise Fault(**self._stack[0])
xmlrpc.client.Fault: <Fault -1: 'publisherUpdate: unknown method name'>

[rosmaster.master][INFO] 2026-06-02 00:42:20,750: publisherUpdate[/mavros/global_position/global] -> http://localhost:40157/ []
[rosmaster.master][INFO] 2026-06-02 00:42:20,750: -PUB [/mavros/imu/static_pressure] /mavros http://localhost:40157/
[rosmaster.master][INFO] 2026-06-02 00:42:20,751: -PUB [/mavros/imu/diff_pressure] /mavros http://localhost:40157/
[rosmaster.master][INFO] 2026-06-02 00:42:20,751: publisherUpdate[/mavros/global_position/global] -> http://localhost:40157/ []: sec=0.00, exception=<Fault -1: 'publisherUpdate: unknown method name'>
[rosmaster.master][INFO] 2026-06-02 00:42:20,752: -PUB [/mavros/imu/data_raw] /mavros http://localhost:40157/
[rosmaster.threadpool][ERROR] 2026-06-02 00:42:20,752: Traceback (most recent call last):
  File "/opt/ros/noetic/lib/python3/dist-packages/rosmaster/threadpool.py", line 218, in run
    result = cmd(*args)
  File "/opt/ros/noetic/lib/python3/dist-packages/rosmaster/master_api.py", line 210, in publisher_update_task
    ret = xmlrpcapi(api).publisherUpdate('/master', topic, pub_uris)
  File "/usr/lib/python3.8/xmlrpc/client.py", line 1109, in __call__
    return self.__send(self.__name, args)
  File "/usr/lib/python3.8/xmlrpc/client.py", line 1450, in __request
    response = self.__transport.request(
  File "/usr/lib/python3.8/xmlrpc/client.py", line 1153, in request
    return self.single_request(host, handler, request_body, verbose)
  File "/usr/lib/python3.8/xmlrpc/client.py", line 1169, in single_request
    return self.parse_response(resp)
  File "/usr/lib/python3.8/xmlrpc/client.py", line 1341, in parse_response
    return u.close()
  File "/usr/lib/python3.8/xmlrpc/client.py", line 655, in close
    raise Fault(**self._stack[0])
xmlrpc.client.Fault: <Fault -1: 'publisherUpdate: unknown method name'>

[rosmaster.master][INFO] 2026-06-02 00:42:20,752: publisherUpdate[/mavros/global_position/gp_origin] -> http://localhost:40157/ []
[rosmaster.master][INFO] 2026-06-02 00:42:20,752: -PUB [/mavros/landing_target/pose_in] /mavros http://localhost:40157/
[rosmaster.master][INFO] 2026-06-02 00:42:20,753: -PUB [/mavros/landing_target/lt_marker] /mavros http://localhost:40157/
[rosmaster.master][INFO] 2026-06-02 00:42:20,753: publisherUpdate[/mavros/global_position/gp_origin] -> http://localhost:40157/ []: sec=0.00, exception=<Fault -1: 'publisherUpdate: unknown method name'>
[rosmaster.master][INFO] 2026-06-02 00:42:20,754: -PUB [/mavros/local_position/pose] /mavros http://localhost:40157/
[rosmaster.threadpool][ERROR] 2026-06-02 00:42:20,754: Traceback (most recent call last):
  File "/opt/ros/noetic/lib/python3/dist-packages/rosmaster/threadpool.py", line 218, in run
    result = cmd(*args)
  File "/opt/ros/noetic/lib/python3/dist-packages/rosmaster/master_api.py", line 210, in publisher_update_task
    ret = xmlrpcapi(api).publisherUpdate('/master', topic, pub_uris)
  File "/usr/lib/python3.8/xmlrpc/client.py", line 1109, in __call__
    return self.__send(self.__name, args)
  File "/usr/lib/python3.8/xmlrpc/client.py", line 1450, in __request
    response = self.__transport.request(
  File "/usr/lib/python3.8/xmlrpc/client.py", line 1153, in request
    return self.single_request(host, handler, request_body, verbose)
  File "/usr/lib/python3.8/xmlrpc/client.py", line 1169, in single_request
    return self.parse_response(resp)
  File "/usr/lib/python3.8/xmlrpc/client.py", line 1341, in parse_response
    return u.close()
  File "/usr/lib/python3.8/xmlrpc/client.py", line 655, in close
    raise Fault(**self._stack[0])
xmlrpc.client.Fault: <Fault -1: 'publisherUpdate: unknown method name'>

[rosmaster.master][INFO] 2026-06-02 00:42:20,754: -PUB [/mavros/local_position/pose_cov] /mavros http://localhost:40157/
[rosmaster.master][INFO] 2026-06-02 00:42:20,754: publisherUpdate[/mavros/home_position/home] -> http://localhost:40157/ []
[rosmaster.master][INFO] 2026-06-02 00:42:20,755: -PUB [/mavros/local_position/velocity_local] /mavros http://localhost:40157/
[rosmaster.master][INFO] 2026-06-02 00:42:20,755: -PUB [/mavros/local_position/velocity_body] /mavros http://localhost:40157/
[rosmaster.master][INFO] 2026-06-02 00:42:20,756: -PUB [/mavros/local_position/velocity_body_cov] /mavros http://localhost:40157/
[rosmaster.master][INFO] 2026-06-02 00:42:20,756: -PUB [/mavros/local_position/accel] /mavros http://localhost:40157/
[rosmaster.master][INFO] 2026-06-02 00:42:20,756: publisherUpdate[/mavros/home_position/home] -> http://localhost:40157/ []: sec=0.00, exception=<Fault -1: 'publisherUpdate: unknown method name'>
[rosmaster.master][INFO] 2026-06-02 00:42:20,757: -PUB [/mavros/local_position/odom] /mavros http://localhost:40157/
[rosmaster.threadpool][ERROR] 2026-06-02 00:42:20,757: Traceback (most recent call last):
  File "/opt/ros/noetic/lib/python3/dist-packages/rosmaster/threadpool.py", line 218, in run
    result = cmd(*args)
  File "/opt/ros/noetic/lib/python3/dist-packages/rosmaster/master_api.py", line 210, in publisher_update_task
    ret = xmlrpcapi(api).publisherUpdate('/master', topic, pub_uris)
  File "/usr/lib/python3.8/xmlrpc/client.py", line 1109, in __call__
    return self.__send(self.__name, args)
  File "/usr/lib/python3.8/xmlrpc/client.py", line 1450, in __request
    response = self.__transport.request(
  File "/usr/lib/python3.8/xmlrpc/client.py", line 1153, in request
    return self.single_request(host, handler, request_body, verbose)
  File "/usr/lib/python3.8/xmlrpc/client.py", line 1169, in single_request
    return self.parse_response(resp)
  File "/usr/lib/python3.8/xmlrpc/client.py", line 1341, in parse_response
    return u.close()
  File "/usr/lib/python3.8/xmlrpc/client.py", line 655, in close
    raise Fault(**self._stack[0])
xmlrpc.client.Fault: <Fault -1: 'publisherUpdate: unknown method name'>

[rosmaster.master][INFO] 2026-06-02 00:42:20,757: publisherUpdate[/mavros/local_position/pose] -> http://localhost:40157/ []
[rosmaster.master][INFO] 2026-06-02 00:42:20,758: -PUB [/mavros/log_transfer/raw/log_entry] /mavros http://localhost:40157/
[rosmaster.master][INFO] 2026-06-02 00:42:20,758: publisherUpdate[/mavros/local_position/pose] -> http://localhost:40157/ []: sec=0.00, exception=<Fault -1: 'publisherUpdate: unknown method name'>
[rosmaster.threadpool][ERROR] 2026-06-02 00:42:20,758: Traceback (most recent call last):
  File "/opt/ros/noetic/lib/python3/dist-packages/rosmaster/threadpool.py", line 218, in run
    result = cmd(*args)
  File "/opt/ros/noetic/lib/python3/dist-packages/rosmaster/master_api.py", line 210, in publisher_update_task
    ret = xmlrpcapi(api).publisherUpdate('/master', topic, pub_uris)
  File "/usr/lib/python3.8/xmlrpc/client.py", line 1109, in __call__
    return self.__send(self.__name, args)
  File "/usr/lib/python3.8/xmlrpc/client.py", line 1450, in __request
    response = self.__transport.request(
  File "/usr/lib/python3.8/xmlrpc/client.py", line 1153, in request
    return self.single_request(host, handler, request_body, verbose)
  File "/usr/lib/python3.8/xmlrpc/client.py", line 1169, in single_request
    return self.parse_response(resp)
  File "/usr/lib/python3.8/xmlrpc/client.py", line 1341, in parse_response
    return u.close()
  File "/usr/lib/python3.8/xmlrpc/client.py", line 655, in close
    raise Fault(**self._stack[0])
xmlrpc.client.Fault: <Fault -1: 'publisherUpdate: unknown method name'>

[rosmaster.master][INFO] 2026-06-02 00:42:20,758: publisherUpdate[/mavros/local_position/velocity_local] -> http://localhost:42371/ []
[rosmaster.master][INFO] 2026-06-02 00:42:20,759: -PUB [/mavros/log_transfer/raw/log_data] /mavros http://localhost:40157/
[rosmaster.master][INFO] 2026-06-02 00:42:20,759: publisherUpdate[/mavros/local_position/velocity_local] -> http://localhost:42371/ []: sec=0.00, exception=[Errno 111] Connection refused
[rosmaster.master][INFO] 2026-06-02 00:42:20,760: -PUB [/mavros/mag_calibration/status] /mavros http://localhost:40157/
[rosmaster.master][INFO] 2026-06-02 00:42:20,760: -PUB [/mavros/mag_calibration/report] /mavros http://localhost:40157/
[rosmaster.master][INFO] 2026-06-02 00:42:20,761: -PUB [/mavros/manual_control/control] /mavros http://localhost:40157/
[rosmaster.master][INFO] 2026-06-02 00:42:20,761: -PUB [/mavros/mount_control/orientation] /mavros http://localhost:40157/
[rosmaster.master][INFO] 2026-06-02 00:42:20,762: -PUB [/mavros/mount_control/status] /mavros http://localhost:40157/
[rosmaster.master][INFO] 2026-06-02 00:42:20,762: -PUB [/mavros/nav_controller_output] /mavros http://localhost:40157/
[rosmaster.master][INFO] 2026-06-02 00:42:20,763: -PUB [/mavros/odometry/in] /mavros http://localhost:40157/
[rosmaster.master][INFO] 2026-06-02 00:42:20,764: -PUB [/mavros/param/param_value] /mavros http://localhost:40157/
[rosmaster.master][INFO] 2026-06-02 00:42:20,764: -PUB [/mavros/rallypoint/waypoints] /mavros http://localhost:40157/
[rosmaster.master][INFO] 2026-06-02 00:42:20,764: -PUB [/mavros/rangefinder/rangefinder] /mavros http://localhost:40157/
[rosmaster.threadpool][ERROR] 2026-06-02 00:42:20,765: Traceback (most recent call last):
  File "/opt/ros/noetic/lib/python3/dist-packages/rosmaster/threadpool.py", line 218, in run
    result = cmd(*args)
  File "/opt/ros/noetic/lib/python3/dist-packages/rosmaster/master_api.py", line 210, in publisher_update_task
    ret = xmlrpcapi(api).publisherUpdate('/master', topic, pub_uris)
  File "/usr/lib/python3.8/xmlrpc/client.py", line 1109, in __call__
    return self.__send(self.__name, args)
  File "/usr/lib/python3.8/xmlrpc/client.py", line 1450, in __request
    response = self.__transport.request(
  File "/usr/lib/python3.8/xmlrpc/client.py", line 1153, in request
    return self.single_request(host, handler, request_body, verbose)
  File "/usr/lib/python3.8/xmlrpc/client.py", line 1165, in single_request
    http_conn = self.send_request(host, handler, request_body, verbose)
  File "/usr/lib/python3.8/xmlrpc/client.py", line 1278, in send_request
    self.send_content(connection, request_body)
  File "/usr/lib/python3.8/xmlrpc/client.py", line 1308, in send_content
    connection.endheaders(request_body)
  File "/usr/lib/python3.8/http/client.py", line 1251, in endheaders
    self._send_output(message_body, encode_chunked=encode_chunked)
  File "/usr/lib/python3.8/http/client.py", line 1011, in _send_output
    self.send(msg)
  File "/usr/lib/python3.8/http/client.py", line 951, in send
    self.connect()
  File "/usr/lib/python3.8/http/client.py", line 922, in connect
    self.sock = self._create_connection(
  File "/usr/lib/python3.8/socket.py", line 808, in create_connection
    raise err
  File "/usr/lib/python3.8/socket.py", line 796, in create_connection
    sock.connect(sa)
ConnectionRefusedError: [Errno 111] Connection refused

[rosmaster.master][INFO] 2026-06-02 00:42:20,765: -PUB [/mavros/rc/in] /mavros http://localhost:40157/
[rosmaster.master][INFO] 2026-06-02 00:42:20,766: -PUB [/mavros/rc/out] /mavros http://localhost:40157/
[rosmaster.master][INFO] 2026-06-02 00:42:20,766: -PUB [/mavros/setpoint_raw/target_local] /mavros http://localhost:40157/
[rosmaster.master][INFO] 2026-06-02 00:42:20,766: -PUB [/mavros/setpoint_raw/target_global] /mavros http://localhost:40157/
[rosmaster.master][INFO] 2026-06-02 00:42:20,767: -PUB [/mavros/setpoint_raw/target_attitude] /mavros http://localhost:40157/
[rosmaster.master][INFO] 2026-06-02 00:42:20,767: -PUB [/mavros/setpoint_trajectory/desired] /mavros http://localhost:40157/
[rosmaster.master][INFO] 2026-06-02 00:42:20,768: -PUB [/mavros/state] /mavros http://localhost:40157/
[rosmaster.master][INFO] 2026-06-02 00:42:20,768: -PUB [/mavros/extended_state] /mavros http://localhost:40157/
[rosmaster.master][INFO] 2026-06-02 00:42:20,768: -PUB [/mavros/battery] /mavros http://localhost:40157/
[rosmaster.master][INFO] 2026-06-02 00:42:20,769: -PUB [/mavros/estimator_status] /mavros http://localhost:40157/
[rosmaster.master][INFO] 2026-06-02 00:42:20,769: -PUB [/mavros/statustext/recv] /mavros http://localhost:40157/
[rosmaster.master][INFO] 2026-06-02 00:42:20,770: -PUB [/mavros/sys_status] /mavros http://localhost:40157/
[rosmaster.master][INFO] 2026-06-02 00:42:20,770: -PUB [/mavros/time_reference] /mavros http://localhost:40157/
[rosmaster.master][INFO] 2026-06-02 00:42:20,770: publisherUpdate[/mavros/battery] -> http://localhost:42371/ []
[rosmaster.master][INFO] 2026-06-02 00:42:20,771: -PUB [/mavros/timesync_status] /mavros http://localhost:40157/
[rosmaster.master][INFO] 2026-06-02 00:42:20,771: -PUB [/mavros/terrain/report] /mavros http://localhost:40157/
[rosmaster.master][INFO] 2026-06-02 00:42:20,771: publisherUpdate[/mavros/battery] -> http://localhost:42371/ []: sec=0.00, exception=[Errno 111] Connection refused
[rosmaster.master][INFO] 2026-06-02 00:42:20,772: -PUB [/mavros/trajectory/desired] /mavros http://localhost:40157/
[rosmaster.threadpool][ERROR] 2026-06-02 00:42:20,772: Traceback (most recent call last):
  File "/opt/ros/noetic/lib/python3/dist-packages/rosmaster/threadpool.py", line 218, in run
    result = cmd(*args)
  File "/opt/ros/noetic/lib/python3/dist-packages/rosmaster/master_api.py", line 210, in publisher_update_task
    ret = xmlrpcapi(api).publisherUpdate('/master', topic, pub_uris)
  File "/usr/lib/python3.8/xmlrpc/client.py", line 1109, in __call__
    return self.__send(self.__name, args)
  File "/usr/lib/python3.8/xmlrpc/client.py", line 1450, in __request
    response = self.__transport.request(
  File "/usr/lib/python3.8/xmlrpc/client.py", line 1153, in request
    return self.single_request(host, handler, request_body, verbose)
  File "/usr/lib/python3.8/xmlrpc/client.py", line 1165, in single_request
    http_conn = self.send_request(host, handler, request_body, verbose)
  File "/usr/lib/python3.8/xmlrpc/client.py", line 1278, in send_request
    self.send_content(connection, request_body)
  File "/usr/lib/python3.8/xmlrpc/client.py", line 1308, in send_content
    connection.endheaders(request_body)
  File "/usr/lib/python3.8/http/client.py", line 1251, in endheaders
    self._send_output(message_body, encode_chunked=encode_chunked)
  File "/usr/lib/python3.8/http/client.py", line 1011, in _send_output
    self.send(msg)
  File "/usr/lib/python3.8/http/client.py", line 951, in send
    self.connect()
  File "/usr/lib/python3.8/http/client.py", line 922, in connect
    self.sock = self._create_connection(
  File "/usr/lib/python3.8/socket.py", line 808, in create_connection
    raise err
  File "/usr/lib/python3.8/socket.py", line 796, in create_connection
    sock.connect(sa)
ConnectionRefusedError: [Errno 111] Connection refused

[rosmaster.master][INFO] 2026-06-02 00:42:20,772: -PUB [/mavros/tunnel/out] /mavros http://localhost:40157/
[rosmaster.master][INFO] 2026-06-02 00:42:20,773: -PUB [/mavros/vfr_hud] /mavros http://localhost:40157/
[rosmaster.master][INFO] 2026-06-02 00:42:20,773: -PUB [/mavros/mission/waypoints] /mavros http://localhost:40157/
[rosmaster.master][INFO] 2026-06-02 00:42:20,774: -PUB [/mavros/mission/reached] /mavros http://localhost:40157/
[rosmaster.master][INFO] 2026-06-02 00:42:20,774: -PUB [/mavros/wind_estimation] /mavros http://localhost:40157/
[rosmaster.master][INFO] 2026-06-02 00:42:20,774: -PUB [/mavlink/gcs_ip] /mavros http://localhost:40157/
[rosmaster.master][INFO] 2026-06-02 00:42:20,775: -SUB [/tf] /mavros http://localhost:40157/
[rosmaster.master][INFO] 2026-06-02 00:42:20,775: -SUB [/tf_static] /mavros http://localhost:40157/
[rosmaster.master][INFO] 2026-06-02 00:42:20,776: -SUB [/mavlink/to] /mavros http://localhost:40157/
[rosmaster.master][INFO] 2026-06-02 00:42:20,776: -SUB [/mavros/adsb/send] /mavros http://localhost:40157/
[rosmaster.master][INFO] 2026-06-02 00:42:20,776: -SUB [/mavros/cellular_status/status] /mavros http://localhost:40157/
[rosmaster.master][INFO] 2026-06-02 00:42:20,777: -SUB [/mavros/companion_process/status] /mavros http://localhost:40157/
[rosmaster.master][INFO] 2026-06-02 00:42:20,777: -SUB [/mavros/distance_sensor/rangefinder_sub] /mavros http://localhost:40157/
[rosmaster.master][INFO] 2026-06-02 00:42:20,777: -SUB [/mavros/fake_gps/mocap/pose] /mavros http://localhost:40157/
[rosmaster.master][INFO] 2026-06-02 00:42:20,778: -SUB [/mavros/global_position/set_gp_origin] /mavros http://localhost:40157/
[rosmaster.master][INFO] 2026-06-02 00:42:20,778: -SUB [/mavros/home_position/home] /mavros http://localhost:40157/
[rosmaster.master][INFO] 2026-06-02 00:42:20,778: -SUB [/mavros/gps_input/gps_input] /mavros http://localhost:40157/
[rosmaster.master][INFO] 2026-06-02 00:42:20,779: -SUB [/mavros/gps_rtk/send_rtcm] /mavros http://localhost:40157/
[rosmaster.master][INFO] 2026-06-02 00:42:20,779: -SUB [/mavros/global_position/gp_origin] /mavros http://localhost:40157/
[rosmaster.master][INFO] 2026-06-02 00:42:20,779: -SUB [/mavros/home_position/set] /mavros http://localhost:40157/
[rosmaster.master][INFO] 2026-06-02 00:42:20,780: -SUB [/mavros/landing_target/pose] /mavros http://localhost:40157/
[rosmaster.master][INFO] 2026-06-02 00:42:20,780: -SUB [/mavros/manual_control/send] /mavros http://localhost:40157/
[rosmaster.master][INFO] 2026-06-02 00:42:20,780: -SUB [/mavros/mocap/pose] /mavros http://localhost:40157/
[rosmaster.master][INFO] 2026-06-02 00:42:20,781: -SUB [/mavros/mount_control/command] /mavros http://localhost:40157/
[rosmaster.master][INFO] 2026-06-02 00:42:20,781: -SUB [/mavros/obstacle/send] /mavros http://localhost:40157/
[rosmaster.master][INFO] 2026-06-02 00:42:20,781: -SUB [/mavros/odometry/out] /mavros http://localhost:40157/
[rosmaster.master][INFO] 2026-06-02 00:42:20,781: -SUB [/mavros/onboard_computer/status] /mavros http://localhost:40157/
[rosmaster.master][INFO] 2026-06-02 00:42:20,782: -SUB [/mavros/play_tune] /mavros http://localhost:40157/
[rosmaster.master][INFO] 2026-06-02 00:42:20,782: -SUB [/mavros/rc/override] /mavros http://localhost:40157/
[rosmaster.master][INFO] 2026-06-02 00:42:20,783: -SUB [/mavros/setpoint_accel/accel] /mavros http://localhost:40157/
[rosmaster.master][INFO] 2026-06-02 00:42:20,783: -SUB [/mavros/setpoint_attitude/thrust] /mavros http://localhost:40157/
[rosmaster.master][INFO] 2026-06-02 00:42:20,783: -SUB [/mavros/setpoint_attitude/cmd_vel] /mavros http://localhost:40157/
[rosmaster.master][INFO] 2026-06-02 00:42:20,784: -SUB [/mavros/setpoint_position/local] /mavros http://localhost:40157/
[rosmaster.master][INFO] 2026-06-02 00:42:20,784: -SUB [/mavros/setpoint_position/global] /mavros http://localhost:40157/
[rosmaster.master][INFO] 2026-06-02 00:42:20,785: -SUB [/mavros/setpoint_position/global_to_local] /mavros http://localhost:40157/
[rosmaster.master][INFO] 2026-06-02 00:42:20,785: -SUB [/mavros/global_position/global] /mavros http://localhost:40157/
[rosmaster.master][INFO] 2026-06-02 00:42:20,785: -SUB [/mavros/local_position/pose] /mavros http://localhost:40157/
[rosmaster.master][INFO] 2026-06-02 00:42:20,786: -SUB [/mavros/setpoint_raw/local] /mavros http://localhost:40157/
[rosmaster.master][INFO] 2026-06-02 00:42:20,786: -SUB [/mavros/setpoint_raw/global] /mavros http://localhost:40157/
[rosmaster.master][INFO] 2026-06-02 00:42:20,786: -SUB [/mavros/setpoint_raw/attitude] /mavros http://localhost:40157/
[rosmaster.master][INFO] 2026-06-02 00:42:20,787: -SUB [/mavros/setpoint_trajectory/local] /mavros http://localhost:40157/
[rosmaster.master][INFO] 2026-06-02 00:42:20,787: -SUB [/mavros/setpoint_velocity/cmd_vel] /mavros http://localhost:40157/
[rosmaster.master][INFO] 2026-06-02 00:42:20,788: -SUB [/mavros/setpoint_velocity/cmd_vel_unstamped] /mavros http://localhost:40157/
[rosmaster.master][INFO] 2026-06-02 00:42:20,788: -SUB [/mavros/statustext/send] /mavros http://localhost:40157/
[rosmaster.master][INFO] 2026-06-02 00:42:20,788: -SUB [/mavros/trajectory/generated] /mavros http://localhost:40157/
[rosmaster.master][INFO] 2026-06-02 00:42:20,789: -SUB [/mavros/trajectory/path] /mavros http://localhost:40157/
[rosmaster.master][INFO] 2026-06-02 00:42:20,789: -SUB [/mavros/tunnel/in] /mavros http://localhost:40157/
[rosmaster.master][INFO] 2026-06-02 00:42:20,790: -SUB [/mavros/vision_pose/pose] /mavros http://localhost:40157/
[rosmaster.master][INFO] 2026-06-02 00:42:20,790: -SUB [/mavros/vision_pose/pose_cov] /mavros http://localhost:40157/
[rosmaster.master][INFO] 2026-06-02 00:42:20,791: -SERVICE [/mavros/get_loggers] /mavros rosrpc://localhost:36181
[rosmaster.master][INFO] 2026-06-02 00:42:20,791: -SERVICE [/mavros/set_logger_level] /mavros rosrpc://localhost:36181
[rosmaster.master][INFO] 2026-06-02 00:42:20,791: -SERVICE [/mavros/cmd/command] /mavros rosrpc://localhost:36181
[rosmaster.master][INFO] 2026-06-02 00:42:20,792: -SERVICE [/mavros/cmd/command_ack] /mavros rosrpc://localhost:36181
[rosmaster.master][INFO] 2026-06-02 00:42:20,792: -SERVICE [/mavros/cmd/command_int] /mavros rosrpc://localhost:36181
[rosmaster.master][INFO] 2026-06-02 00:42:20,792: -SERVICE [/mavros/cmd/arming] /mavros rosrpc://localhost:36181
[rosmaster.master][INFO] 2026-06-02 00:42:20,793: -SERVICE [/mavros/cmd/set_home] /mavros rosrpc://localhost:36181
[rosmaster.master][INFO] 2026-06-02 00:42:20,793: -SERVICE [/mavros/cmd/takeoff] /mavros rosrpc://localhost:36181
[rosmaster.master][INFO] 2026-06-02 00:42:20,794: -SERVICE [/mavros/cmd/land] /mavros rosrpc://localhost:36181
[rosmaster.master][INFO] 2026-06-02 00:42:20,794: -SERVICE [/mavros/cmd/trigger_control] /mavros rosrpc://localhost:36181
[rosmaster.master][INFO] 2026-06-02 00:42:20,794: -SERVICE [/mavros/cmd/trigger_interval] /mavros rosrpc://localhost:36181
[rosmaster.master][INFO] 2026-06-02 00:42:20,795: -SERVICE [/mavros/cmd/vtol_transition] /mavros rosrpc://localhost:36181
[rosmaster.master][INFO] 2026-06-02 00:42:20,795: -SERVICE [/mavros/geofence/pull] /mavros rosrpc://localhost:36181
[rosmaster.master][INFO] 2026-06-02 00:42:20,795: -SERVICE [/mavros/geofence/push] /mavros rosrpc://localhost:36181
[rosmaster.master][INFO] 2026-06-02 00:42:20,796: -SERVICE [/mavros/geofence/clear] /mavros rosrpc://localhost:36181
[rosmaster.master][INFO] 2026-06-02 00:42:20,796: -SERVICE [/mavros/home_position/req_update] /mavros rosrpc://localhost:36181
[rosmaster.master][INFO] 2026-06-02 00:42:20,796: -SERVICE [/mavros/log_transfer/raw/log_request_list] /mavros rosrpc://localhost:36181
[rosmaster.master][INFO] 2026-06-02 00:42:20,797: -SERVICE [/mavros/log_transfer/raw/log_request_data] /mavros rosrpc://localhost:36181
[rosmaster.master][INFO] 2026-06-02 00:42:20,797: -SERVICE [/mavros/log_transfer/raw/log_request_end] /mavros rosrpc://localhost:36181
[rosmaster.master][INFO] 2026-06-02 00:42:20,798: -SERVICE [/mavros/log_transfer/raw/log_request_erase] /mavros rosrpc://localhost:36181
[rosmaster.master][INFO] 2026-06-02 00:42:20,798: -SERVICE [/mavros/mount_control/configure] /mavros rosrpc://localhost:36181
[rosmaster.master][INFO] 2026-06-02 00:42:20,799: -SERVICE [/mavros/param/pull] /mavros rosrpc://localhost:36181
[rosmaster.master][INFO] 2026-06-02 00:42:20,799: -SERVICE [/mavros/param/push] /mavros rosrpc://localhost:36181
[rosmaster.master][INFO] 2026-06-02 00:42:20,799: -SERVICE [/mavros/param/set] /mavros rosrpc://localhost:36181
[rosmaster.master][INFO] 2026-06-02 00:42:20,799: -SERVICE [/mavros/param/get] /mavros rosrpc://localhost:36181
[rosmaster.master][INFO] 2026-06-02 00:42:20,800: -SERVICE [/mavros/rallypoint/pull] /mavros rosrpc://localhost:36181
[rosmaster.master][INFO] 2026-06-02 00:42:20,800: -SERVICE [/mavros/rallypoint/push] /mavros rosrpc://localhost:36181
[rosmaster.master][INFO] 2026-06-02 00:42:20,800: -SERVICE [/mavros/rallypoint/clear] /mavros rosrpc://localhost:36181
[rosmaster.master][INFO] 2026-06-02 00:42:20,801: -SERVICE [/mavros/setpoint_position/mav_frame] /mavros rosrpc://localhost:36181
[rosmaster.master][INFO] 2026-06-02 00:42:20,801: -SERVICE [/mavros/setpoint_trajectory/reset] /mavros rosrpc://localhost:36181
[rosmaster.master][INFO] 2026-06-02 00:42:20,801: -SERVICE [/mavros/setpoint_trajectory/mav_frame] /mavros rosrpc://localhost:36181
[rosmaster.master][INFO] 2026-06-02 00:42:20,802: -SERVICE [/mavros/setpoint_velocity/mav_frame] /mavros rosrpc://localhost:36181
[rosmaster.master][INFO] 2026-06-02 00:42:20,802: -SERVICE [/mavros/set_stream_rate] /mavros rosrpc://localhost:36181
[rosmaster.master][INFO] 2026-06-02 00:42:20,802: -SERVICE [/mavros/set_mode] /mavros rosrpc://localhost:36181
[rosmaster.master][INFO] 2026-06-02 00:42:20,803: -SERVICE [/mavros/vehicle_info_get] /mavros rosrpc://localhost:36181
[rosmaster.master][INFO] 2026-06-02 00:42:20,804: -SERVICE [/mavros/set_message_interval] /mavros rosrpc://localhost:36181
[rosmaster.master][INFO] 2026-06-02 00:42:20,804: -SERVICE [/mavros/mission/pull] /mavros rosrpc://localhost:36181
[rosmaster.master][INFO] 2026-06-02 00:42:20,804: -SERVICE [/mavros/mission/push] /mavros rosrpc://localhost:36181
[rosmaster.master][INFO] 2026-06-02 00:42:20,805: -SERVICE [/mavros/mission/clear] /mavros rosrpc://localhost:36181
[rosmaster.master][INFO] 2026-06-02 00:42:20,805: -SERVICE [/mavros/mission/set_current] /mavros rosrpc://localhost:36181
[rosmaster.master][INFO] 2026-06-02 00:42:20,808: -CACHEDPARAM [/mavros/diagnostic_period] by /mavros
[rosmaster.master][INFO] 2026-06-02 00:42:20,809: -CACHEDPARAM [/rosout_disable_topics_generation] by /mavros
[rosmaster.master][INFO] 2026-06-02 00:42:20,834: -PUB [/rosout_agg] /rosout http://localhost:36977/
[rosmaster.master][INFO] 2026-06-02 00:42:20,834: -SUB [/rosout] /rosout http://localhost:36977/
[rosmaster.master][INFO] 2026-06-02 00:42:20,835: -SERVICE [/rosout/get_loggers] /rosout rosrpc://localhost:59045
[rosmaster.master][INFO] 2026-06-02 00:42:20,835: -SERVICE [/rosout/set_logger_level] /rosout rosrpc://localhost:59045
[rosmaster.master][INFO] 2026-06-02 00:42:20,836: -CACHEDPARAM [/rosout/omit_topics] by /rosout
[rosmaster.main][INFO] 2026-06-02 00:42:20,920: keyboard interrupt, will exit
[rosmaster.main][INFO] 2026-06-02 00:42:20,920: stopping master...
[rospy.core][INFO] 2026-06-02 00:42:20,920: signal_shutdown [atexit]
